000 (248730.015.000) 2023-12-07 17:43:32 Job submitted from host: <128.104.100.148:9618?addrs=128.104.100.148-9618+[2607-f388-107c-501-216-3eff-feb2-bc11]-9618&alias=learn.chtc.wisc.edu&noUDP&sock=schedd_1351356_64bc>
...
040 (248730.015.000) 2023-12-07 17:44:13 Started transferring input files
	Transferring to host: <128.105.69.211:9618?addrs=128.105.69.211-9618+[2607-f388-2200-100-eaeb-d3ff-fe40-8bc]-9618&alias=e2594.chtc.wisc.edu&noUDP&sock=slot1_175_3691551_61fd_67813>
...
040 (248730.015.000) 2023-12-07 17:44:27 Finished transferring input files
...
001 (248730.015.000) 2023-12-07 17:44:28 Job executing on host: <128.105.69.211:9618?addrs=128.105.69.211-9618+[2607-f388-2200-100-eaeb-d3ff-fe40-8bc]-9618&alias=e2594.chtc.wisc.edu&noUDP&sock=startd_22474_df88>
	SlotName: slot1_175@e2594.chtc.wisc.edu
	CondorScratchDir = "/var/lib/condor/execute/slot1/dir_255351"
	Cpus = 2
	Disk = 1458998
	IoHeavy = 0
	Memory = 512
...
006 (248730.015.000) 2023-12-07 17:44:37 Image size of job updated: 453708
	444  -  MemoryUsage of job (MB)
	453708  -  ResidentSetSize of job (KB)
...
006 (248730.015.000) 2023-12-07 17:49:38 Image size of job updated: 458560
	448  -  MemoryUsage of job (MB)
	458388  -  ResidentSetSize of job (KB)
...
006 (248730.015.000) 2023-12-07 17:54:38 Image size of job updated: 458904
	448  -  MemoryUsage of job (MB)
	458632  -  ResidentSetSize of job (KB)
...
006 (248730.015.000) 2023-12-07 18:04:39 Image size of job updated: 458904
	448  -  MemoryUsage of job (MB)
	458636  -  ResidentSetSize of job (KB)
...
006 (248730.015.000) 2023-12-07 18:09:40 Image size of job updated: 459156
	448  -  MemoryUsage of job (MB)
	458640  -  ResidentSetSize of job (KB)
...
006 (248730.015.000) 2023-12-07 18:14:30 Image size of job updated: 459672
	448  -  MemoryUsage of job (MB)
	458640  -  ResidentSetSize of job (KB)
...
040 (248730.015.000) 2023-12-07 18:14:30 Started transferring output files
...
040 (248730.015.000) 2023-12-07 18:14:30 Finished transferring output files
...
005 (248730.015.000) 2023-12-07 18:14:30 Job terminated.
	(1) Normal termination (return value 0)
		Usr 0 00:29:35, Sys 0 00:00:05  -  Run Remote Usage
		Usr 0 00:00:00, Sys 0 00:00:00  -  Run Local Usage
		Usr 0 00:29:35, Sys 0 00:00:05  -  Total Remote Usage
		Usr 0 00:00:00, Sys 0 00:00:00  -  Total Local Usage
	89839  -  Run Bytes Sent By Job
	124098656  -  Run Bytes Received By Job
	89839  -  Total Bytes Sent By Job
	124098656  -  Total Bytes Received By Job
	Partitionable Resources :     Usage  Request Allocated 
	   Cpus                 :      0.99        2         2 
	   Disk (KB)            : 506531      512000   1458998 
	   IoHeavy              :                            0 
	   Memory (MB)          :    448         500       512 

	Job terminated of its own accord at 2023-12-08T00:14:30Z with exit-code 0.
...
