000 (248730.005.000) 2023-12-07 17:43:32 Job submitted from host: <128.104.100.148:9618?addrs=128.104.100.148-9618+[2607-f388-107c-501-216-3eff-feb2-bc11]-9618&alias=learn.chtc.wisc.edu&noUDP&sock=schedd_1351356_64bc>
...
040 (248730.005.000) 2023-12-07 17:44:19 Entered queue to transfer input files
	Transferring to host: <128.105.69.92:9618?addrs=128.105.69.92-9618+[2607-f388-2200-100-1270-fdff-fe56-689c]-9618&alias=e4003.chtc.wisc.edu&noUDP&sock=slot1_38_3863398_23e9_81047>
...
040 (248730.005.000) 2023-12-07 17:44:23 Started transferring input files
	Seconds spent in queue: 4
...
040 (248730.005.000) 2023-12-07 17:44:36 Finished transferring input files
...
001 (248730.005.000) 2023-12-07 17:44:37 Job executing on host: <128.105.69.92:9618?addrs=128.105.69.92-9618+[2607-f388-2200-100-1270-fdff-fe56-689c]-9618&alias=e4003.chtc.wisc.edu&noUDP&sock=startd_949623_f860>
	SlotName: slot1_38@e4003.chtc.wisc.edu
	CondorScratchDir = "/var/lib/condor/execute/slot1/dir_2764473"
	Cpus = 2
	Disk = 1268229
	IoHeavy = 0
	Memory = 512
...
006 (248730.005.000) 2023-12-07 17:44:45 Image size of job updated: 456120
	446  -  MemoryUsage of job (MB)
	455888  -  ResidentSetSize of job (KB)
...
006 (248730.005.000) 2023-12-07 17:49:45 Image size of job updated: 459216
	449  -  MemoryUsage of job (MB)
	458960  -  ResidentSetSize of job (KB)
...
006 (248730.005.000) 2023-12-07 17:54:45 Image size of job updated: 459216
	449  -  MemoryUsage of job (MB)
	459080  -  ResidentSetSize of job (KB)
...
006 (248730.005.000) 2023-12-07 17:55:48 Image size of job updated: 459848
	449  -  MemoryUsage of job (MB)
	459080  -  ResidentSetSize of job (KB)
...
040 (248730.005.000) 2023-12-07 17:55:49 Started transferring output files
	Seconds spent in queue: 690
...
040 (248730.005.000) 2023-12-07 17:55:49 Finished transferring output files
...
005 (248730.005.000) 2023-12-07 17:55:49 Job terminated.
	(1) Normal termination (return value 1)
		Usr 0 00:11:00, Sys 0 00:00:02  -  Run Remote Usage
		Usr 0 00:00:00, Sys 0 00:00:00  -  Run Local Usage
		Usr 0 00:11:00, Sys 0 00:00:02  -  Total Remote Usage
		Usr 0 00:00:00, Sys 0 00:00:00  -  Total Local Usage
	25600  -  Run Bytes Sent By Job
	124379064  -  Run Bytes Received By Job
	25600  -  Total Bytes Sent By Job
	124379064  -  Total Bytes Received By Job
	Partitionable Resources :     Usage  Request Allocated 
	   Cpus                 :      0.99        2         2 
	   Disk (KB)            : 506571      512000   1268229 
	   IoHeavy              :                            0 
	   Memory (MB)          :    449         500       512 

	Job terminated of its own accord at 2023-12-07T23:55:48Z with exit-code 1.
...
