000 (248730.037.000) 2023-12-07 17:43:33 Job submitted from host: <128.104.100.148:9618?addrs=128.104.100.148-9618+[2607-f388-107c-501-216-3eff-feb2-bc11]-9618&alias=learn.chtc.wisc.edu&noUDP&sock=schedd_1351356_64bc>
...
040 (248730.037.000) 2023-12-07 18:02:19 Started transferring input files
	Transferring to host: <128.105.69.126:9618?addrs=128.105.69.126-9618+[2607-f388-2200-100-1270-fdff-fe56-ca5c]-9618&alias=e4075.chtc.wisc.edu&noUDP&sock=slot1_34_916398_0aca_100898>
...
040 (248730.037.000) 2023-12-07 18:02:45 Finished transferring input files
...
001 (248730.037.000) 2023-12-07 18:02:46 Job executing on host: <128.105.69.126:9618?addrs=128.105.69.126-9618+[2607-f388-2200-100-1270-fdff-fe56-ca5c]-9618&alias=e4075.chtc.wisc.edu&noUDP&sock=startd_2819266_8ed8>
	SlotName: slot1_34@e4075.chtc.wisc.edu
	CondorScratchDir = "/var/lib/condor/execute/slot1/dir_2616162"
	Cpus = 2
	Disk = 1208198
	IoHeavy = 0
	Memory = 512
...
006 (248730.037.000) 2023-12-07 18:02:54 Image size of job updated: 452636
	442  -  MemoryUsage of job (MB)
	452524  -  ResidentSetSize of job (KB)
...
006 (248730.037.000) 2023-12-07 18:07:54 Image size of job updated: 454244
	444  -  MemoryUsage of job (MB)
	454240  -  ResidentSetSize of job (KB)
...
006 (248730.037.000) 2023-12-07 18:12:56 Image size of job updated: 454488
	444  -  MemoryUsage of job (MB)
	454484  -  ResidentSetSize of job (KB)
...
006 (248730.037.000) 2023-12-07 18:19:49 Image size of job updated: 455708
	444  -  MemoryUsage of job (MB)
	454484  -  ResidentSetSize of job (KB)
...
040 (248730.037.000) 2023-12-07 18:19:49 Started transferring output files
...
040 (248730.037.000) 2023-12-07 18:19:49 Finished transferring output files
...
005 (248730.037.000) 2023-12-07 18:19:49 Job terminated.
	(1) Normal termination (return value 0)
		Usr 0 00:16:54, Sys 0 00:00:01  -  Run Remote Usage
		Usr 0 00:00:00, Sys 0 00:00:00  -  Run Local Usage
		Usr 0 00:16:54, Sys 0 00:00:01  -  Total Remote Usage
		Usr 0 00:00:00, Sys 0 00:00:00  -  Total Local Usage
	89913  -  Run Bytes Sent By Job
	122933880  -  Run Bytes Received By Job
	89913  -  Total Bytes Sent By Job
	122933880  -  Total Bytes Received By Job
	Partitionable Resources :     Usage  Request Allocated 
	   Cpus                 :      0.99        2         2 
	   Disk (KB)            : 503976      512000   1208198 
	   IoHeavy              :                            0 
	   Memory (MB)          :    444         500       512 

	Job terminated of its own accord at 2023-12-08T00:19:49Z with exit-code 0.
...
