000 (248730.001.000) 2023-12-07 17:43:32 Job submitted from host: <128.104.100.148:9618?addrs=128.104.100.148-9618+[2607-f388-107c-501-216-3eff-feb2-bc11]-9618&alias=learn.chtc.wisc.edu&noUDP&sock=schedd_1351356_64bc>
...
040 (248730.001.000) 2023-12-07 17:44:04 Started transferring input files
	Transferring to host: <128.105.69.222:9618?addrs=128.105.69.222-9618+[2607-f388-2200-100-eaeb-d3ff-fe40-1d3c]-9618&alias=e2605.chtc.wisc.edu&noUDP&sock=slot1_166_2404889_9b5b_87656>
...
040 (248730.001.000) 2023-12-07 17:44:11 Finished transferring input files
...
001 (248730.001.000) 2023-12-07 17:44:13 Job executing on host: <128.105.69.222:9618?addrs=128.105.69.222-9618+[2607-f388-2200-100-eaeb-d3ff-fe40-1d3c]-9618&alias=e2605.chtc.wisc.edu&noUDP&sock=startd_12664_0775>
	SlotName: slot1_166@e2605.chtc.wisc.edu
	CondorScratchDir = "/var/lib/condor/execute/slot1/dir_3995924"
	Cpus = 2
	Disk = 1458998
	IoHeavy = 0
	Memory = 512
...
006 (248730.001.000) 2023-12-07 17:44:21 Image size of job updated: 345156
	338  -  MemoryUsage of job (MB)
	345152  -  ResidentSetSize of job (KB)
...
006 (248730.001.000) 2023-12-07 17:49:21 Image size of job updated: 349932
	342  -  MemoryUsage of job (MB)
	349928  -  ResidentSetSize of job (KB)
...
006 (248730.001.000) 2023-12-07 17:59:22 Image size of job updated: 350276
	342  -  MemoryUsage of job (MB)
	349928  -  ResidentSetSize of job (KB)
...
006 (248730.001.000) 2023-12-07 18:04:23 Image size of job updated: 350284
	342  -  MemoryUsage of job (MB)
	350028  -  ResidentSetSize of job (KB)
...
006 (248730.001.000) 2023-12-07 18:06:22 Image size of job updated: 350392
	342  -  MemoryUsage of job (MB)
	350028  -  ResidentSetSize of job (KB)
...
040 (248730.001.000) 2023-12-07 18:06:22 Started transferring output files
...
040 (248730.001.000) 2023-12-07 18:06:22 Finished transferring output files
...
005 (248730.001.000) 2023-12-07 18:06:23 Job terminated.
	(1) Normal termination (return value 0)
		Usr 0 00:21:53, Sys 0 00:00:04  -  Run Remote Usage
		Usr 0 00:00:00, Sys 0 00:00:00  -  Run Local Usage
		Usr 0 00:21:53, Sys 0 00:00:04  -  Total Remote Usage
		Usr 0 00:00:00, Sys 0 00:00:00  -  Total Local Usage
	89814  -  Run Bytes Sent By Job
	122942736  -  Run Bytes Received By Job
	89814  -  Total Bytes Sent By Job
	122942736  -  Total Bytes Received By Job
	Partitionable Resources :     Usage  Request Allocated 
	   Cpus                 :      0.99        2         2 
	   Disk (KB)            : 505410      512000   1458998 
	   IoHeavy              :                            0 
	   Memory (MB)          :    342         500       512 

	Job terminated of its own accord at 2023-12-08T00:06:22Z with exit-code 0.
...
