000 (248730.023.000) 2023-12-07 17:43:33 Job submitted from host: <128.104.100.148:9618?addrs=128.104.100.148-9618+[2607-f388-107c-501-216-3eff-feb2-bc11]-9618&alias=learn.chtc.wisc.edu&noUDP&sock=schedd_1351356_64bc>
...
040 (248730.023.000) 2023-12-07 17:46:12 Started transferring input files
	Transferring to host: <128.105.69.110:9618?addrs=128.105.69.110-9618+[2607-f388-2200-100-1270-fdff-fe56-cf24]-9618&alias=e4059.chtc.wisc.edu&noUDP&sock=slot1_50_3388272_e430_103101>
...
040 (248730.023.000) 2023-12-07 17:46:28 Finished transferring input files
...
001 (248730.023.000) 2023-12-07 17:46:29 Job executing on host: <128.105.69.110:9618?addrs=128.105.69.110-9618+[2607-f388-2200-100-1270-fdff-fe56-cf24]-9618&alias=e4059.chtc.wisc.edu&noUDP&sock=startd_309026_b5f6>
	SlotName: slot1_50@e4059.chtc.wisc.edu
	CondorScratchDir = "/var/lib/condor/execute/slot1/dir_3707118"
	Cpus = 2
	Disk = 1208198
	IoHeavy = 0
	Memory = 512
...
006 (248730.023.000) 2023-12-07 17:46:39 Image size of job updated: 452912
	443  -  MemoryUsage of job (MB)
	452912  -  ResidentSetSize of job (KB)
...
006 (248730.023.000) 2023-12-07 17:51:39 Image size of job updated: 457996
	448  -  MemoryUsage of job (MB)
	457948  -  ResidentSetSize of job (KB)
...
006 (248730.023.000) 2023-12-07 17:56:39 Image size of job updated: 458464
	448  -  MemoryUsage of job (MB)
	458140  -  ResidentSetSize of job (KB)
...
006 (248730.023.000) 2023-12-07 18:01:40 Image size of job updated: 458464
	448  -  MemoryUsage of job (MB)
	458148  -  ResidentSetSize of job (KB)
...
006 (248730.023.000) 2023-12-07 18:11:41 Image size of job updated: 458464
	448  -  MemoryUsage of job (MB)
	458408  -  ResidentSetSize of job (KB)
...
006 (248730.023.000) 2023-12-07 18:16:41 Image size of job updated: 458732
	448  -  MemoryUsage of job (MB)
	458480  -  ResidentSetSize of job (KB)
...
006 (248730.023.000) 2023-12-07 18:18:38 Image size of job updated: 459492
	448  -  MemoryUsage of job (MB)
	458480  -  ResidentSetSize of job (KB)
...
040 (248730.023.000) 2023-12-07 18:18:39 Started transferring output files
...
040 (248730.023.000) 2023-12-07 18:18:39 Finished transferring output files
...
005 (248730.023.000) 2023-12-07 18:18:39 Job terminated.
	(1) Normal termination (return value 0)
		Usr 0 00:31:40, Sys 0 00:00:06  -  Run Remote Usage
		Usr 0 00:00:00, Sys 0 00:00:00  -  Run Local Usage
		Usr 0 00:31:40, Sys 0 00:00:06  -  Total Remote Usage
		Usr 0 00:00:00, Sys 0 00:00:00  -  Total Local Usage
	89808  -  Run Bytes Sent By Job
	123940080  -  Run Bytes Received By Job
	89808  -  Total Bytes Sent By Job
	123940080  -  Total Bytes Received By Job
	Partitionable Resources :     Usage  Request Allocated 
	   Cpus                 :      0.99        2         2 
	   Disk (KB)            : 506360      512000   1208198 
	   IoHeavy              :                            0 
	   Memory (MB)          :    448         500       512 

	Job terminated of its own accord at 2023-12-08T00:18:38Z with exit-code 0.
...
