000 (248730.036.000) 2023-12-07 17:43:33 Job submitted from host: <128.104.100.148:9618?addrs=128.104.100.148-9618+[2607-f388-107c-501-216-3eff-feb2-bc11]-9618&alias=learn.chtc.wisc.edu&noUDP&sock=schedd_1351356_64bc>
...
040 (248730.036.000) 2023-12-07 18:01:07 Started transferring input files
	Transferring to host: <128.105.69.220:9618?addrs=128.105.69.220-9618+[2607-f388-2200-100-eaeb-d3ff-fe40-1a2c]-9618&alias=e2603.chtc.wisc.edu&noUDP&sock=slot1_68_2363895_a018_66657>
...
040 (248730.036.000) 2023-12-07 18:01:23 Finished transferring input files
...
001 (248730.036.000) 2023-12-07 18:01:24 Job executing on host: <128.105.69.220:9618?addrs=128.105.69.220-9618+[2607-f388-2200-100-eaeb-d3ff-fe40-1a2c]-9618&alias=e2603.chtc.wisc.edu&noUDP&sock=startd_22584_52f2>
	SlotName: slot1_68@e2603.chtc.wisc.edu
	CondorScratchDir = "/var/lib/condor/execute/slot1/dir_3445613"
	Cpus = 2
	Disk = 1458998
	IoHeavy = 0
	Memory = 512
...
006 (248730.036.000) 2023-12-07 18:01:32 Image size of job updated: 346568
	339  -  MemoryUsage of job (MB)
	346564  -  ResidentSetSize of job (KB)
...
006 (248730.036.000) 2023-12-07 18:06:32 Image size of job updated: 350100
	342  -  MemoryUsage of job (MB)
	350092  -  ResidentSetSize of job (KB)
...
006 (248730.036.000) 2023-12-07 18:11:33 Image size of job updated: 350100
	342  -  MemoryUsage of job (MB)
	350096  -  ResidentSetSize of job (KB)
...
006 (248730.036.000) 2023-12-07 18:16:34 Image size of job updated: 350612
	342  -  MemoryUsage of job (MB)
	350116  -  ResidentSetSize of job (KB)
...
006 (248730.036.000) 2023-12-07 18:18:10 Image size of job updated: 350852
	342  -  MemoryUsage of job (MB)
	350116  -  ResidentSetSize of job (KB)
...
040 (248730.036.000) 2023-12-07 18:18:12 Started transferring output files
...
040 (248730.036.000) 2023-12-07 18:18:12 Finished transferring output files
...
005 (248730.036.000) 2023-12-07 18:18:12 Job terminated.
	(1) Normal termination (return value 0)
		Usr 0 00:16:30, Sys 0 00:00:01  -  Run Remote Usage
		Usr 0 00:00:00, Sys 0 00:00:00  -  Run Local Usage
		Usr 0 00:16:30, Sys 0 00:00:01  -  Total Remote Usage
		Usr 0 00:00:00, Sys 0 00:00:00  -  Total Local Usage
	89799  -  Run Bytes Sent By Job
	122555256  -  Run Bytes Received By Job
	89799  -  Total Bytes Sent By Job
	122555256  -  Total Bytes Received By Job
	Partitionable Resources :     Usage  Request Allocated 
	   Cpus                 :      0.99        2         2 
	   Disk (KB)            : 505001      512000   1458998 
	   IoHeavy              :                            0 
	   Memory (MB)          :    342         500       512 

	Job terminated of its own accord at 2023-12-08T00:18:10Z with exit-code 0.
...
