000 (248730.021.000) 2023-12-07 17:43:32 Job submitted from host: <128.104.100.148:9618?addrs=128.104.100.148-9618+[2607-f388-107c-501-216-3eff-feb2-bc11]-9618&alias=learn.chtc.wisc.edu&noUDP&sock=schedd_1351356_64bc>
...
040 (248730.021.000) 2023-12-07 17:45:12 Started transferring input files
	Transferring to host: <128.105.69.223:9618?addrs=128.105.69.223-9618+[2607-f388-2200-100-eaeb-d3ff-fe3f-fef4]-9618&alias=e2606.chtc.wisc.edu&noUDP&sock=slot1_81_3487198_3527_66051>
...
040 (248730.021.000) 2023-12-07 17:45:21 Finished transferring input files
...
001 (248730.021.000) 2023-12-07 17:45:22 Job executing on host: <128.105.69.223:9618?addrs=128.105.69.223-9618+[2607-f388-2200-100-eaeb-d3ff-fe3f-fef4]-9618&alias=e2606.chtc.wisc.edu&noUDP&sock=startd_16289_7a44>
	SlotName: slot1_81@e2606.chtc.wisc.edu
	CondorScratchDir = "/var/lib/condor/execute/slot1/dir_1721463"
	Cpus = 2
	Disk = 1458998
	IoHeavy = 0
	Memory = 512
...
006 (248730.021.000) 2023-12-07 17:45:31 Image size of job updated: 346412
	339  -  MemoryUsage of job (MB)
	346408  -  ResidentSetSize of job (KB)
...
006 (248730.021.000) 2023-12-07 17:50:31 Image size of job updated: 350216
	342  -  MemoryUsage of job (MB)
	349716  -  ResidentSetSize of job (KB)
...
006 (248730.021.000) 2023-12-07 17:55:31 Image size of job updated: 350236
	342  -  MemoryUsage of job (MB)
	349716  -  ResidentSetSize of job (KB)
...
006 (248730.021.000) 2023-12-07 18:00:32 Image size of job updated: 350432
	342  -  MemoryUsage of job (MB)
	350180  -  ResidentSetSize of job (KB)
...
006 (248730.021.000) 2023-12-07 18:05:30 Image size of job updated: 350948
	342  -  MemoryUsage of job (MB)
	350180  -  ResidentSetSize of job (KB)
...
040 (248730.021.000) 2023-12-07 18:05:31 Started transferring output files
...
040 (248730.021.000) 2023-12-07 18:05:31 Finished transferring output files
...
005 (248730.021.000) 2023-12-07 18:05:31 Job terminated.
	(1) Normal termination (return value 0)
		Usr 0 00:19:38, Sys 0 00:00:03  -  Run Remote Usage
		Usr 0 00:00:00, Sys 0 00:00:00  -  Run Local Usage
		Usr 0 00:19:38, Sys 0 00:00:03  -  Total Remote Usage
		Usr 0 00:00:00, Sys 0 00:00:00  -  Total Local Usage
	89748  -  Run Bytes Sent By Job
	124627088  -  Run Bytes Received By Job
	89748  -  Total Bytes Sent By Job
	124627088  -  Total Bytes Received By Job
	Partitionable Resources :     Usage  Request Allocated 
	   Cpus                 :      0.98        2         2 
	   Disk (KB)            : 507030      512000   1458998 
	   IoHeavy              :                            0 
	   Memory (MB)          :    342         500       512 

	Job terminated of its own accord at 2023-12-08T00:05:30Z with exit-code 0.
...
