000 (248730.046.000) 2023-12-07 17:43:33 Job submitted from host: <128.104.100.148:9618?addrs=128.104.100.148-9618+[2607-f388-107c-501-216-3eff-feb2-bc11]-9618&alias=learn.chtc.wisc.edu&noUDP&sock=schedd_1351356_64bc>
...
040 (248730.046.000) 2023-12-07 18:09:40 Started transferring input files
	Transferring to host: <128.105.69.234:9618?addrs=128.105.69.234-9618+[2607-f388-2200-100-eaeb-d3ff-fe40-1efc]-9618&alias=e2617.chtc.wisc.edu&noUDP&sock=slot1_20_3858384_52dd_65951>
...
040 (248730.046.000) 2023-12-07 18:09:59 Finished transferring input files
...
001 (248730.046.000) 2023-12-07 18:10:00 Job executing on host: <128.105.69.234:9618?addrs=128.105.69.234-9618+[2607-f388-2200-100-eaeb-d3ff-fe40-1efc]-9618&alias=e2617.chtc.wisc.edu&noUDP&sock=startd_12572_ecbe>
	SlotName: slot1_20@e2617.chtc.wisc.edu
	CondorScratchDir = "/var/lib/condor/execute/slot1/dir_666461"
	Cpus = 2
	Disk = 1458998
	IoHeavy = 0
	Memory = 512
...
006 (248730.046.000) 2023-12-07 18:10:08 Image size of job updated: 454760
	444  -  MemoryUsage of job (MB)
	454504  -  ResidentSetSize of job (KB)
...
006 (248730.046.000) 2023-12-07 18:15:08 Image size of job updated: 456296
	446  -  MemoryUsage of job (MB)
	456236  -  ResidentSetSize of job (KB)
...
006 (248730.046.000) 2023-12-07 18:19:24 Image size of job updated: 457108
	446  -  MemoryUsage of job (MB)
	456236  -  ResidentSetSize of job (KB)
...
040 (248730.046.000) 2023-12-07 18:19:25 Started transferring output files
...
040 (248730.046.000) 2023-12-07 18:19:25 Finished transferring output files
...
005 (248730.046.000) 2023-12-07 18:19:25 Job terminated.
	(1) Normal termination (return value 0)
		Usr 0 00:09:18, Sys 0 00:00:00  -  Run Remote Usage
		Usr 0 00:00:00, Sys 0 00:00:00  -  Run Local Usage
		Usr 0 00:09:18, Sys 0 00:00:00  -  Total Remote Usage
		Usr 0 00:00:00, Sys 0 00:00:00  -  Total Local Usage
	89779  -  Run Bytes Sent By Job
	124157648  -  Run Bytes Received By Job
	89779  -  Total Bytes Sent By Job
	124157648  -  Total Bytes Received By Job
	Partitionable Resources :     Usage  Request Allocated 
	   Cpus                 :      0.99        2         2 
	   Disk (KB)            : 506592      512000   1458998 
	   IoHeavy              :                            0 
	   Memory (MB)          :    446         500       512 

	Job terminated of its own accord at 2023-12-08T00:19:24Z with exit-code 0.
...
