000 (248730.041.000) 2023-12-07 17:43:33 Job submitted from host: <128.104.100.148:9618?addrs=128.104.100.148-9618+[2607-f388-107c-501-216-3eff-feb2-bc11]-9618&alias=learn.chtc.wisc.edu&noUDP&sock=schedd_1351356_64bc>
...
040 (248730.041.000) 2023-12-07 18:05:33 Started transferring input files
	Transferring to host: <128.105.69.223:9618?addrs=128.105.69.223-9618+[2607-f388-2200-100-eaeb-d3ff-fe3f-fef4]-9618&alias=e2606.chtc.wisc.edu&noUDP&sock=slot1_81_3487198_3527_66117>
...
040 (248730.041.000) 2023-12-07 18:05:56 Finished transferring input files
...
001 (248730.041.000) 2023-12-07 18:05:57 Job executing on host: <128.105.69.223:9618?addrs=128.105.69.223-9618+[2607-f388-2200-100-eaeb-d3ff-fe3f-fef4]-9618&alias=e2606.chtc.wisc.edu&noUDP&sock=startd_16289_7a44>
	SlotName: slot1_81@e2606.chtc.wisc.edu
	CondorScratchDir = "/var/lib/condor/execute/slot1/dir_2073862"
	Cpus = 2
	Disk = 1458998
	IoHeavy = 0
	Memory = 512
...
006 (248730.041.000) 2023-12-07 18:06:05 Image size of job updated: 453312
	443  -  MemoryUsage of job (MB)
	452988  -  ResidentSetSize of job (KB)
...
006 (248730.041.000) 2023-12-07 18:11:05 Image size of job updated: 457176
	447  -  MemoryUsage of job (MB)
	456916  -  ResidentSetSize of job (KB)
...
006 (248730.041.000) 2023-12-07 18:16:06 Image size of job updated: 457176
	447  -  MemoryUsage of job (MB)
	457116  -  ResidentSetSize of job (KB)
...
006 (248730.041.000) 2023-12-07 18:21:06 Image size of job updated: 457516
	447  -  MemoryUsage of job (MB)
	457268  -  ResidentSetSize of job (KB)
...
006 (248730.041.000) 2023-12-07 18:24:41 Image size of job updated: 457884
	447  -  MemoryUsage of job (MB)
	457268  -  ResidentSetSize of job (KB)
...
040 (248730.041.000) 2023-12-07 18:24:41 Started transferring output files
...
040 (248730.041.000) 2023-12-07 18:24:41 Finished transferring output files
...
005 (248730.041.000) 2023-12-07 18:24:41 Job terminated.
	(1) Normal termination (return value 0)
		Usr 0 00:18:19, Sys 0 00:00:03  -  Run Remote Usage
		Usr 0 00:00:00, Sys 0 00:00:00  -  Run Local Usage
		Usr 0 00:18:19, Sys 0 00:00:03  -  Total Remote Usage
		Usr 0 00:00:00, Sys 0 00:00:00  -  Total Local Usage
	89794  -  Run Bytes Sent By Job
	124847288  -  Run Bytes Received By Job
	89794  -  Total Bytes Sent By Job
	124847288  -  Total Bytes Received By Job
	Partitionable Resources :     Usage  Request Allocated 
	   Cpus                 :      0.98        2         2 
	   Disk (KB)            : 507262      512000   1458998 
	   IoHeavy              :                            0 
	   Memory (MB)          :    447         500       512 

	Job terminated of its own accord at 2023-12-08T00:24:41Z with exit-code 0.
...
