000 (248730.027.000) 2023-12-07 17:43:33 Job submitted from host: <128.104.100.148:9618?addrs=128.104.100.148-9618+[2607-f388-107c-501-216-3eff-feb2-bc11]-9618&alias=learn.chtc.wisc.edu&noUDP&sock=schedd_1351356_64bc>
...
040 (248730.027.000) 2023-12-07 17:55:54 Started transferring input files
	Transferring to host: <128.105.69.92:9618?addrs=128.105.69.92-9618+[2607-f388-2200-100-1270-fdff-fe56-689c]-9618&alias=e4003.chtc.wisc.edu&noUDP&sock=slot1_38_3863398_23e9_81077>
...
040 (248730.027.000) 2023-12-07 17:56:11 Finished transferring input files
...
001 (248730.027.000) 2023-12-07 17:56:12 Job executing on host: <128.105.69.92:9618?addrs=128.105.69.92-9618+[2607-f388-2200-100-1270-fdff-fe56-689c]-9618&alias=e4003.chtc.wisc.edu&noUDP&sock=startd_949623_f860>
	SlotName: slot1_38@e4003.chtc.wisc.edu
	CondorScratchDir = "/var/lib/condor/execute/slot1/dir_2820972"
	Cpus = 2
	Disk = 1268229
	IoHeavy = 0
	Memory = 512
...
006 (248730.027.000) 2023-12-07 17:56:21 Image size of job updated: 457104
	447  -  MemoryUsage of job (MB)
	457104  -  ResidentSetSize of job (KB)
...
006 (248730.027.000) 2023-12-07 18:01:21 Image size of job updated: 459400
	447  -  MemoryUsage of job (MB)
	457104  -  ResidentSetSize of job (KB)
...
006 (248730.027.000) 2023-12-07 18:06:22 Image size of job updated: 459400
	448  -  MemoryUsage of job (MB)
	458448  -  ResidentSetSize of job (KB)
...
040 (248730.027.000) 2023-12-07 18:10:19 Started transferring output files
...
040 (248730.027.000) 2023-12-07 18:10:20 Finished transferring output files
...
005 (248730.027.000) 2023-12-07 18:10:21 Job terminated.
	(1) Normal termination (return value 0)
		Usr 0 00:13:54, Sys 0 00:00:02  -  Run Remote Usage
		Usr 0 00:00:00, Sys 0 00:00:00  -  Run Local Usage
		Usr 0 00:13:54, Sys 0 00:00:02  -  Total Remote Usage
		Usr 0 00:00:00, Sys 0 00:00:00  -  Total Local Usage
	89837  -  Run Bytes Sent By Job
	123250400  -  Run Bytes Received By Job
	89837  -  Total Bytes Sent By Job
	123250400  -  Total Bytes Received By Job
	Partitionable Resources :     Usage  Request Allocated 
	   Cpus                 :      0.99        2         2 
	   Disk (KB)            : 505672      512000   1268229 
	   IoHeavy              :                            0 
	   Memory (MB)          :    448         500       512 

	Job terminated of its own accord at 2023-12-08T00:10:19Z with exit-code 0.
...
