000 (248730.000.000) 2023-12-07 17:43:32 Job submitted from host: <128.104.100.148:9618?addrs=128.104.100.148-9618+[2607-f388-107c-501-216-3eff-feb2-bc11]-9618&alias=learn.chtc.wisc.edu&noUDP&sock=schedd_1351356_64bc>
...
040 (248730.000.000) 2023-12-07 17:44:04 Started transferring input files
	Transferring to host: <128.105.69.153:9618?addrs=128.105.69.153-9618+[2607-f388-2200-100-1270-fdff-fe56-45dc]-9618&alias=e4086.chtc.wisc.edu&noUDP&sock=slot1_152_3233490_f85a_67535>
...
040 (248730.000.000) 2023-12-07 17:44:12 Finished transferring input files
...
001 (248730.000.000) 2023-12-07 17:44:13 Job executing on host: <128.105.69.153:9618?addrs=128.105.69.153-9618+[2607-f388-2200-100-1270-fdff-fe56-45dc]-9618&alias=e4086.chtc.wisc.edu&noUDP&sock=startd_3548198_47af>
	SlotName: slot1_152@e4086.chtc.wisc.edu
	CondorScratchDir = "/var/lib/condor/execute/slot1/dir_1403371"
	Cpus = 2
	Disk = 1208198
	IoHeavy = 0
	Memory = 512
...
006 (248730.000.000) 2023-12-07 17:44:22 Image size of job updated: 403824
	395  -  MemoryUsage of job (MB)
	403820  -  ResidentSetSize of job (KB)
...
006 (248730.000.000) 2023-12-07 17:49:23 Image size of job updated: 456420
	445  -  MemoryUsage of job (MB)
	455084  -  ResidentSetSize of job (KB)
...
006 (248730.000.000) 2023-12-07 17:59:23 Image size of job updated: 456420
	445  -  MemoryUsage of job (MB)
	455532  -  ResidentSetSize of job (KB)
...
006 (248730.000.000) 2023-12-07 18:09:24 Image size of job updated: 456420
	446  -  MemoryUsage of job (MB)
	455788  -  ResidentSetSize of job (KB)
...
006 (248730.000.000) 2023-12-07 18:12:06 Image size of job updated: 457056
	446  -  MemoryUsage of job (MB)
	455788  -  ResidentSetSize of job (KB)
...
040 (248730.000.000) 2023-12-07 18:12:06 Started transferring output files
...
040 (248730.000.000) 2023-12-07 18:12:06 Finished transferring output files
...
005 (248730.000.000) 2023-12-07 18:12:06 Job terminated.
	(1) Normal termination (return value 0)
		Usr 0 00:27:28, Sys 0 00:00:06  -  Run Remote Usage
		Usr 0 00:00:00, Sys 0 00:00:00  -  Run Local Usage
		Usr 0 00:27:28, Sys 0 00:00:06  -  Total Remote Usage
		Usr 0 00:00:00, Sys 0 00:00:00  -  Total Local Usage
	89917  -  Run Bytes Sent By Job
	123841256  -  Run Bytes Received By Job
	89917  -  Total Bytes Sent By Job
	123841256  -  Total Bytes Received By Job
	Partitionable Resources :     Usage  Request Allocated 
	   Cpus                 :      0.99        2         2 
	   Disk (KB)            : 506285      512000   1208198 
	   IoHeavy              :                            0 
	   Memory (MB)          :    446         500       512 

	Job terminated of its own accord at 2023-12-08T00:12:06Z with exit-code 0.
...
