000 (248730.029.000) 2023-12-07 17:43:33 Job submitted from host: <128.104.100.148:9618?addrs=128.104.100.148-9618+[2607-f388-107c-501-216-3eff-feb2-bc11]-9618&alias=learn.chtc.wisc.edu&noUDP&sock=schedd_1351356_64bc>
...
040 (248730.029.000) 2023-12-07 17:58:34 Started transferring input files
	Transferring to host: <128.105.69.149:9618?addrs=128.105.69.149-9618+[2607-f388-2200-100-1270-fdff-fe56-63bc]-9618&alias=e4026.chtc.wisc.edu&noUDP&sock=slot1_106_1825221_0fc7_66847>
...
040 (248730.029.000) 2023-12-07 17:58:55 Finished transferring input files
...
001 (248730.029.000) 2023-12-07 17:58:56 Job executing on host: <128.105.69.149:9618?addrs=128.105.69.149-9618+[2607-f388-2200-100-1270-fdff-fe56-63bc]-9618&alias=e4026.chtc.wisc.edu&noUDP&sock=startd_840502_0a5f>
	SlotName: slot1_106@e4026.chtc.wisc.edu
	CondorScratchDir = "/var/lib/condor/execute/slot1/dir_2375625"
	Cpus = 2
	Disk = 1208198
	IoHeavy = 0
	Memory = 512
...
006 (248730.029.000) 2023-12-07 17:59:04 Image size of job updated: 451944
	442  -  MemoryUsage of job (MB)
	451932  -  ResidentSetSize of job (KB)
...
006 (248730.029.000) 2023-12-07 18:04:04 Image size of job updated: 456156
	446  -  MemoryUsage of job (MB)
	456152  -  ResidentSetSize of job (KB)
...
006 (248730.029.000) 2023-12-07 18:09:06 Image size of job updated: 456408
	446  -  MemoryUsage of job (MB)
	456204  -  ResidentSetSize of job (KB)
...
006 (248730.029.000) 2023-12-07 18:13:51 Image size of job updated: 456960
	446  -  MemoryUsage of job (MB)
	456204  -  ResidentSetSize of job (KB)
...
040 (248730.029.000) 2023-12-07 18:13:52 Started transferring output files
...
040 (248730.029.000) 2023-12-07 18:13:52 Finished transferring output files
...
005 (248730.029.000) 2023-12-07 18:13:53 Job terminated.
	(1) Normal termination (return value 1)
		Usr 0 00:14:45, Sys 0 00:00:03  -  Run Remote Usage
		Usr 0 00:00:00, Sys 0 00:00:00  -  Run Local Usage
		Usr 0 00:14:45, Sys 0 00:00:03  -  Total Remote Usage
		Usr 0 00:00:00, Sys 0 00:00:00  -  Total Local Usage
	28192  -  Run Bytes Sent By Job
	123858320  -  Run Bytes Received By Job
	28192  -  Total Bytes Sent By Job
	123858320  -  Total Bytes Received By Job
	Partitionable Resources :     Usage  Request Allocated 
	   Cpus                 :      0.99        2         2 
	   Disk (KB)            : 506076      512000   1208198 
	   IoHeavy              :                            0 
	   Memory (MB)          :    446         500       512 

	Job terminated of its own accord at 2023-12-08T00:13:51Z with exit-code 1.
...
