000 (248730.022.000) 2023-12-07 17:43:32 Job submitted from host: <128.104.100.148:9618?addrs=128.104.100.148-9618+[2607-f388-107c-501-216-3eff-feb2-bc11]-9618&alias=learn.chtc.wisc.edu&noUDP&sock=schedd_1351356_64bc>
...
040 (248730.022.000) 2023-12-07 17:45:16 Started transferring input files
	Transferring to host: <128.105.69.228:9618?addrs=128.105.69.228-9618+[2607-f388-2200-100-eaeb-d3ff-fe40-1124]-9618&alias=e2611.chtc.wisc.edu&noUDP&sock=slot1_107_2032896_e2e4_71043>
...
040 (248730.022.000) 2023-12-07 17:45:22 Finished transferring input files
...
001 (248730.022.000) 2023-12-07 17:45:23 Job executing on host: <128.105.69.228:9618?addrs=128.105.69.228-9618+[2607-f388-2200-100-eaeb-d3ff-fe40-1124]-9618&alias=e2611.chtc.wisc.edu&noUDP&sock=startd_16197_5f8e>
	SlotName: slot1_107@e2611.chtc.wisc.edu
	CondorScratchDir = "/var/lib/condor/execute/slot1/dir_3827829"
	Cpus = 2
	Disk = 1458998
	IoHeavy = 0
	Memory = 512
...
006 (248730.022.000) 2023-12-07 17:45:33 Image size of job updated: 347068
	339  -  MemoryUsage of job (MB)
	346812  -  ResidentSetSize of job (KB)
...
006 (248730.022.000) 2023-12-07 17:50:33 Image size of job updated: 350396
	342  -  MemoryUsage of job (MB)
	349888  -  ResidentSetSize of job (KB)
...
006 (248730.022.000) 2023-12-07 17:55:33 Image size of job updated: 350396
	342  -  MemoryUsage of job (MB)
	350088  -  ResidentSetSize of job (KB)
...
006 (248730.022.000) 2023-12-07 18:00:34 Image size of job updated: 350396
	342  -  MemoryUsage of job (MB)
	350100  -  ResidentSetSize of job (KB)
...
006 (248730.022.000) 2023-12-07 18:00:57 Image size of job updated: 350856
	342  -  MemoryUsage of job (MB)
	350100  -  ResidentSetSize of job (KB)
...
040 (248730.022.000) 2023-12-07 18:00:58 Started transferring output files
...
040 (248730.022.000) 2023-12-07 18:00:58 Finished transferring output files
...
005 (248730.022.000) 2023-12-07 18:00:59 Job terminated.
	(1) Normal termination (return value 0)
		Usr 0 00:15:21, Sys 0 00:00:02  -  Run Remote Usage
		Usr 0 00:00:00, Sys 0 00:00:00  -  Run Local Usage
		Usr 0 00:15:21, Sys 0 00:00:02  -  Total Remote Usage
		Usr 0 00:00:00, Sys 0 00:00:00  -  Total Local Usage
	89828  -  Run Bytes Sent By Job
	123671064  -  Run Bytes Received By Job
	89828  -  Total Bytes Sent By Job
	123671064  -  Total Bytes Received By Job
	Partitionable Resources :     Usage  Request Allocated 
	   Cpus                 :      0.99        2         2 
	   Disk (KB)            : 506083      512000   1458998 
	   IoHeavy              :                            0 
	   Memory (MB)          :    342         500       512 

	Job terminated of its own accord at 2023-12-08T00:00:57Z with exit-code 0.
...
