000 (248730.018.000) 2023-12-07 17:43:32 Job submitted from host: <128.104.100.148:9618?addrs=128.104.100.148-9618+[2607-f388-107c-501-216-3eff-feb2-bc11]-9618&alias=learn.chtc.wisc.edu&noUDP&sock=schedd_1351356_64bc>
...
040 (248730.018.000) 2023-12-07 17:44:13 Started transferring input files
	Transferring to host: <128.105.69.125:9618?addrs=128.105.69.125-9618+[2607-f388-2200-100-1270-fdff-fe56-79f4]-9618&alias=e4074.chtc.wisc.edu&noUDP&sock=slot1_109_1844704_98ff_74138>
...
040 (248730.018.000) 2023-12-07 17:44:28 Finished transferring input files
...
001 (248730.018.000) 2023-12-07 17:44:29 Job executing on host: <128.105.69.125:9618?addrs=128.105.69.125-9618+[2607-f388-2200-100-1270-fdff-fe56-79f4]-9618&alias=e4074.chtc.wisc.edu&noUDP&sock=startd_1888533_2291>
	SlotName: slot1_109@e4074.chtc.wisc.edu
	CondorScratchDir = "/var/lib/condor/execute/slot1/dir_1570883"
	Cpus = 2
	Disk = 1208198
	IoHeavy = 0
	Memory = 512
...
006 (248730.018.000) 2023-12-07 17:44:37 Image size of job updated: 454064
	444  -  MemoryUsage of job (MB)
	453844  -  ResidentSetSize of job (KB)
...
006 (248730.018.000) 2023-12-07 17:49:37 Image size of job updated: 456756
	447  -  MemoryUsage of job (MB)
	456752  -  ResidentSetSize of job (KB)
...
040 (248730.018.000) 2023-12-07 18:02:22 Started transferring output files
...
040 (248730.018.000) 2023-12-07 18:02:23 Finished transferring output files
...
005 (248730.018.000) 2023-12-07 18:02:23 Job terminated.
	(1) Normal termination (return value 0)
		Usr 0 00:17:40, Sys 0 00:00:06  -  Run Remote Usage
		Usr 0 00:00:00, Sys 0 00:00:00  -  Run Local Usage
		Usr 0 00:17:40, Sys 0 00:00:06  -  Total Remote Usage
		Usr 0 00:00:00, Sys 0 00:00:00  -  Total Local Usage
	89828  -  Run Bytes Sent By Job
	123645752  -  Run Bytes Received By Job
	89828  -  Total Bytes Sent By Job
	123645752  -  Total Bytes Received By Job
	Partitionable Resources :     Usage  Request Allocated 
	   Cpus                 :      0.99        2         2 
	   Disk (KB)            : 506097      512000   1208198 
	   IoHeavy              :                            0 
	   Memory (MB)          :    447         500       512 

	Job terminated of its own accord at 2023-12-08T00:02:22Z with exit-code 0.
...
