000 (248730.008.000) 2023-12-07 17:43:32 Job submitted from host: <128.104.100.148:9618?addrs=128.104.100.148-9618+[2607-f388-107c-501-216-3eff-feb2-bc11]-9618&alias=learn.chtc.wisc.edu&noUDP&sock=schedd_1351356_64bc>
...
040 (248730.008.000) 2023-12-07 17:44:12 Started transferring input files
	Transferring to host: <128.105.69.228:9618?addrs=128.105.69.228-9618+[2607-f388-2200-100-eaeb-d3ff-fe40-1124]-9618&alias=e2611.chtc.wisc.edu&noUDP&sock=slot1_107_2032896_e2e4_71034>
...
040 (248730.008.000) 2023-12-07 17:44:27 Finished transferring input files
...
001 (248730.008.000) 2023-12-07 17:44:28 Job executing on host: <128.105.69.228:9618?addrs=128.105.69.228-9618+[2607-f388-2200-100-eaeb-d3ff-fe40-1124]-9618&alias=e2611.chtc.wisc.edu&noUDP&sock=startd_16197_5f8e>
	SlotName: slot1_107@e2611.chtc.wisc.edu
	CondorScratchDir = "/var/lib/condor/execute/slot1/dir_3808223"
	Cpus = 2
	Disk = 1458998
	IoHeavy = 0
	Memory = 512
...
006 (248730.008.000) 2023-12-07 17:44:37 Image size of job updated: 452792
	443  -  MemoryUsage of job (MB)
	452788  -  ResidentSetSize of job (KB)
...
006 (248730.008.000) 2023-12-07 17:45:14 Image size of job updated: 456092
	443  -  MemoryUsage of job (MB)
	452788  -  ResidentSetSize of job (KB)
...
040 (248730.008.000) 2023-12-07 17:45:14 Started transferring output files
...
040 (248730.008.000) 2023-12-07 17:45:14 Finished transferring output files
...
005 (248730.008.000) 2023-12-07 17:45:15 Job terminated.
	(1) Normal termination (return value 1)
		Usr 0 00:00:44, Sys 0 00:00:00  -  Run Remote Usage
		Usr 0 00:00:00, Sys 0 00:00:00  -  Run Local Usage
		Usr 0 00:00:44, Sys 0 00:00:00  -  Total Remote Usage
		Usr 0 00:00:00, Sys 0 00:00:00  -  Total Local Usage
	1840  -  Run Bytes Sent By Job
	124543880  -  Run Bytes Received By Job
	1840  -  Total Bytes Sent By Job
	124543880  -  Total Bytes Received By Job
	Partitionable Resources :     Usage  Request Allocated 
	   Cpus                 :      0.96        2         2 
	   Disk (KB)            : 506705      512000   1458998 
	   IoHeavy              :                            0 
	   Memory (MB)          :    443         500       512 

	Job terminated of its own accord at 2023-12-07T23:45:14Z with exit-code 1.
...
