000 (248730.047.000) 2023-12-07 17:43:33 Job submitted from host: <128.104.100.148:9618?addrs=128.104.100.148-9618+[2607-f388-107c-501-216-3eff-feb2-bc11]-9618&alias=learn.chtc.wisc.edu&noUDP&sock=schedd_1351356_64bc>
...
040 (248730.047.000) 2023-12-07 18:10:25 Started transferring input files
	Transferring to host: <128.105.69.92:9618?addrs=128.105.69.92-9618+[2607-f388-2200-100-1270-fdff-fe56-689c]-9618&alias=e4003.chtc.wisc.edu&noUDP&sock=slot1_38_3863398_23e9_81100>
...
040 (248730.047.000) 2023-12-07 18:10:53 Finished transferring input files
...
001 (248730.047.000) 2023-12-07 18:10:54 Job executing on host: <128.105.69.92:9618?addrs=128.105.69.92-9618+[2607-f388-2200-100-1270-fdff-fe56-689c]-9618&alias=e4003.chtc.wisc.edu&noUDP&sock=startd_949623_f860>
	SlotName: slot1_38@e4003.chtc.wisc.edu
	CondorScratchDir = "/var/lib/condor/execute/slot1/dir_2890067"
	Cpus = 2
	Disk = 1268229
	IoHeavy = 0
	Memory = 512
...
006 (248730.047.000) 2023-12-07 18:11:03 Image size of job updated: 456800
	447  -  MemoryUsage of job (MB)
	456724  -  ResidentSetSize of job (KB)
...
006 (248730.047.000) 2023-12-07 18:11:37 Image size of job updated: 458396
	447  -  MemoryUsage of job (MB)
	456724  -  ResidentSetSize of job (KB)
...
040 (248730.047.000) 2023-12-07 18:11:38 Started transferring output files
...
040 (248730.047.000) 2023-12-07 18:11:38 Finished transferring output files
...
005 (248730.047.000) 2023-12-07 18:11:38 Job terminated.
	(1) Normal termination (return value 1)
		Usr 0 00:00:40, Sys 0 00:00:01  -  Run Remote Usage
		Usr 0 00:00:00, Sys 0 00:00:00  -  Run Local Usage
		Usr 0 00:00:40, Sys 0 00:00:01  -  Total Remote Usage
		Usr 0 00:00:00, Sys 0 00:00:00  -  Total Local Usage
	1840  -  Run Bytes Sent By Job
	123130264  -  Run Bytes Received By Job
	1840  -  Total Bytes Sent By Job
	123130264  -  Total Bytes Received By Job
	Partitionable Resources :    Usage  Request Allocated 
	   Cpus                 :                 2         2 
	   Disk (KB)            :   505322   512000   1268229 
	   IoHeavy              :                           0 
	   Memory (MB)          :      447      500       512 

	Job terminated of its own accord at 2023-12-08T00:11:37Z with exit-code 1.
...
