000 (248730.014.000) 2023-12-07 17:43:32 Job submitted from host: <128.104.100.148:9618?addrs=128.104.100.148-9618+[2607-f388-107c-501-216-3eff-feb2-bc11]-9618&alias=learn.chtc.wisc.edu&noUDP&sock=schedd_1351356_64bc>
...
040 (248730.014.000) 2023-12-07 17:44:12 Started transferring input files
	Transferring to host: <128.105.69.149:9618?addrs=128.105.69.149-9618+[2607-f388-2200-100-1270-fdff-fe56-63bc]-9618&alias=e4026.chtc.wisc.edu&noUDP&sock=slot1_106_1825221_0fc7_66784>
...
040 (248730.014.000) 2023-12-07 17:44:24 Finished transferring input files
...
001 (248730.014.000) 2023-12-07 17:44:26 Job executing on host: <128.105.69.149:9618?addrs=128.105.69.149-9618+[2607-f388-2200-100-1270-fdff-fe56-63bc]-9618&alias=e4026.chtc.wisc.edu&noUDP&sock=startd_840502_0a5f>
	SlotName: slot1_106@e4026.chtc.wisc.edu
	CondorScratchDir = "/var/lib/condor/execute/slot1/dir_2266899"
	Cpus = 2
	Disk = 1208198
	IoHeavy = 0
	Memory = 512
...
006 (248730.014.000) 2023-12-07 17:44:34 Image size of job updated: 452896
	443  -  MemoryUsage of job (MB)
	452896  -  ResidentSetSize of job (KB)
...
006 (248730.014.000) 2023-12-07 17:49:34 Image size of job updated: 456356
	446  -  MemoryUsage of job (MB)
	456100  -  ResidentSetSize of job (KB)
...
006 (248730.014.000) 2023-12-07 17:54:35 Image size of job updated: 456724
	446  -  MemoryUsage of job (MB)
	456468  -  ResidentSetSize of job (KB)
...
006 (248730.014.000) 2023-12-07 17:58:32 Image size of job updated: 457852
	446  -  MemoryUsage of job (MB)
	456468  -  ResidentSetSize of job (KB)
...
040 (248730.014.000) 2023-12-07 17:58:32 Started transferring output files
...
040 (248730.014.000) 2023-12-07 17:58:32 Finished transferring output files
...
005 (248730.014.000) 2023-12-07 17:58:32 Job terminated.
	(1) Normal termination (return value 1)
		Usr 0 00:13:56, Sys 0 00:00:02  -  Run Remote Usage
		Usr 0 00:00:00, Sys 0 00:00:00  -  Run Local Usage
		Usr 0 00:13:56, Sys 0 00:00:02  -  Total Remote Usage
		Usr 0 00:00:00, Sys 0 00:00:00  -  Total Local Usage
	28516  -  Run Bytes Sent By Job
	124646544  -  Run Bytes Received By Job
	28516  -  Total Bytes Sent By Job
	124646544  -  Total Bytes Received By Job
	Partitionable Resources :     Usage  Request Allocated 
	   Cpus                 :      0.99        2         2 
	   Disk (KB)            : 506846      512000   1208198 
	   IoHeavy              :                            0 
	   Memory (MB)          :    446         500       512 

	Job terminated of its own accord at 2023-12-07T23:58:32Z with exit-code 1.
...
