000 (248730.033.000) 2023-12-07 17:43:33 Job submitted from host: <128.104.100.148:9618?addrs=128.104.100.148-9618+[2607-f388-107c-501-216-3eff-feb2-bc11]-9618&alias=learn.chtc.wisc.edu&noUDP&sock=schedd_1351356_64bc>
...
040 (248730.033.000) 2023-12-07 18:00:29 Started transferring input files
	Transferring to host: <128.105.69.158:9618?addrs=128.105.69.158-9618+[2607-f388-2200-100-1270-fdff-fe56-4684]-9618&alias=e4091.chtc.wisc.edu&noUDP&sock=slot1_102_2871233_246f_103979>
...
040 (248730.033.000) 2023-12-07 18:00:50 Finished transferring input files
...
001 (248730.033.000) 2023-12-07 18:00:51 Job executing on host: <128.105.69.158:9618?addrs=128.105.69.158-9618+[2607-f388-2200-100-1270-fdff-fe56-4684]-9618&alias=e4091.chtc.wisc.edu&noUDP&sock=startd_3602617_3009>
	SlotName: slot1_102@e4091.chtc.wisc.edu
	CondorScratchDir = "/var/lib/condor/execute/slot1/dir_1159863"
	Cpus = 2
	Disk = 1208198
	IoHeavy = 0
	Memory = 512
...
006 (248730.033.000) 2023-12-07 18:00:59 Image size of job updated: 452392
	442  -  MemoryUsage of job (MB)
	452392  -  ResidentSetSize of job (KB)
...
006 (248730.033.000) 2023-12-07 18:05:59 Image size of job updated: 455900
	446  -  MemoryUsage of job (MB)
	455900  -  ResidentSetSize of job (KB)
...
006 (248730.033.000) 2023-12-07 18:11:00 Image size of job updated: 456464
	446  -  MemoryUsage of job (MB)
	456464  -  ResidentSetSize of job (KB)
...
006 (248730.033.000) 2023-12-07 18:12:57 Image size of job updated: 457228
	446  -  MemoryUsage of job (MB)
	456464  -  ResidentSetSize of job (KB)
...
040 (248730.033.000) 2023-12-07 18:12:59 Started transferring output files
...
040 (248730.033.000) 2023-12-07 18:12:59 Finished transferring output files
...
005 (248730.033.000) 2023-12-07 18:12:59 Job terminated.
	(1) Normal termination (return value 1)
		Usr 0 00:11:57, Sys 0 00:00:01  -  Run Remote Usage
		Usr 0 00:00:00, Sys 0 00:00:00  -  Run Local Usage
		Usr 0 00:11:57, Sys 0 00:00:01  -  Total Remote Usage
		Usr 0 00:00:00, Sys 0 00:00:00  -  Total Local Usage
	23224  -  Run Bytes Sent By Job
	123046704  -  Run Bytes Received By Job
	23224  -  Total Bytes Sent By Job
	123046704  -  Total Bytes Received By Job
	Partitionable Resources :     Usage  Request Allocated 
	   Cpus                 :      0.99        2         2 
	   Disk (KB)            : 504986      512000   1208198 
	   IoHeavy              :                            0 
	   Memory (MB)          :    446         500       512 

	Job terminated of its own accord at 2023-12-08T00:12:57Z with exit-code 1.
...
