000 (248730.007.000) 2023-12-07 17:43:32 Job submitted from host: <128.104.100.148:9618?addrs=128.104.100.148-9618+[2607-f388-107c-501-216-3eff-feb2-bc11]-9618&alias=learn.chtc.wisc.edu&noUDP&sock=schedd_1351356_64bc>
...
040 (248730.007.000) 2023-12-07 17:44:13 Started transferring input files
	Transferring to host: <128.105.69.191:9618?addrs=128.105.69.191-9618+[2607-f388-2200-100-1270-fdff-fe56-3d4c]-9618&alias=e4044.chtc.wisc.edu&noUDP&sock=slot1_147_633667_79c1_94277>
...
040 (248730.007.000) 2023-12-07 17:44:27 Finished transferring input files
...
001 (248730.007.000) 2023-12-07 17:44:28 Job executing on host: <128.105.69.191:9618?addrs=128.105.69.191-9618+[2607-f388-2200-100-1270-fdff-fe56-3d4c]-9618&alias=e4044.chtc.wisc.edu&noUDP&sock=startd_3126169_7d28>
	SlotName: slot1_147@e4044.chtc.wisc.edu
	CondorScratchDir = "/var/lib/condor/execute/slot1/dir_1599120"
	Cpus = 2
	Disk = 1208198
	IoHeavy = 0
	Memory = 512
...
006 (248730.007.000) 2023-12-07 17:44:37 Image size of job updated: 296452
	290  -  MemoryUsage of job (MB)
	296424  -  ResidentSetSize of job (KB)
...
006 (248730.007.000) 2023-12-07 17:47:34 Image size of job updated: 349372
	290  -  MemoryUsage of job (MB)
	296424  -  ResidentSetSize of job (KB)
...
040 (248730.007.000) 2023-12-07 17:47:34 Started transferring output files
...
040 (248730.007.000) 2023-12-07 17:47:34 Finished transferring output files
...
005 (248730.007.000) 2023-12-07 17:47:34 Job terminated.
	(1) Normal termination (return value 1)
		Usr 0 00:02:59, Sys 0 00:00:02  -  Run Remote Usage
		Usr 0 00:00:00, Sys 0 00:00:00  -  Run Local Usage
		Usr 0 00:02:59, Sys 0 00:00:02  -  Total Remote Usage
		Usr 0 00:00:00, Sys 0 00:00:00  -  Total Local Usage
	1840  -  Run Bytes Sent By Job
	124990840  -  Run Bytes Received By Job
	1840  -  Total Bytes Sent By Job
	124990840  -  Total Bytes Received By Job
	Partitionable Resources :     Usage  Request Allocated 
	   Cpus                 :      0.99        2         2 
	   Disk (KB)            : 507021      512000   1208198 
	   IoHeavy              :                            0 
	   Memory (MB)          :    290         500       512 

	Job terminated of its own accord at 2023-12-07T23:47:34Z with exit-code 1.
...
