000 (248730.019.000) 2023-12-07 17:43:32 Job submitted from host: <128.104.100.148:9618?addrs=128.104.100.148-9618+[2607-f388-107c-501-216-3eff-feb2-bc11]-9618&alias=learn.chtc.wisc.edu&noUDP&sock=schedd_1351356_64bc>
...
040 (248730.019.000) 2023-12-07 17:44:19 Entered queue to transfer input files
	Transferring to host: <128.105.69.126:9618?addrs=128.105.69.126-9618+[2607-f388-2200-100-1270-fdff-fe56-ca5c]-9618&alias=e4075.chtc.wisc.edu&noUDP&sock=slot1_34_916398_0aca_100861>
...
040 (248730.019.000) 2023-12-07 17:44:22 Started transferring input files
	Seconds spent in queue: 3
...
040 (248730.019.000) 2023-12-07 17:44:43 Finished transferring input files
...
001 (248730.019.000) 2023-12-07 17:44:44 Job executing on host: <128.105.69.126:9618?addrs=128.105.69.126-9618+[2607-f388-2200-100-1270-fdff-fe56-ca5c]-9618&alias=e4075.chtc.wisc.edu&noUDP&sock=startd_2819266_8ed8>
	SlotName: slot1_34@e4075.chtc.wisc.edu
	CondorScratchDir = "/var/lib/condor/execute/slot1/dir_2595093"
	Cpus = 2
	Disk = 1208198
	IoHeavy = 0
	Memory = 512
...
006 (248730.019.000) 2023-12-07 17:44:52 Image size of job updated: 454020
	444  -  MemoryUsage of job (MB)
	453964  -  ResidentSetSize of job (KB)
...
006 (248730.019.000) 2023-12-07 17:49:52 Image size of job updated: 456644
	446  -  MemoryUsage of job (MB)
	456644  -  ResidentSetSize of job (KB)
...
006 (248730.019.000) 2023-12-07 17:54:53 Image size of job updated: 456648
	446  -  MemoryUsage of job (MB)
	456644  -  ResidentSetSize of job (KB)
...
006 (248730.019.000) 2023-12-07 18:02:17 Image size of job updated: 457616
	446  -  MemoryUsage of job (MB)
	456644  -  ResidentSetSize of job (KB)
...
040 (248730.019.000) 2023-12-07 18:02:18 Started transferring output files
	Seconds spent in queue: 1079
...
040 (248730.019.000) 2023-12-07 18:02:18 Finished transferring output files
...
005 (248730.019.000) 2023-12-07 18:02:18 Job terminated.
	(1) Normal termination (return value 0)
		Usr 0 00:17:24, Sys 0 00:00:02  -  Run Remote Usage
		Usr 0 00:00:00, Sys 0 00:00:00  -  Run Local Usage
		Usr 0 00:17:24, Sys 0 00:00:02  -  Total Remote Usage
		Usr 0 00:00:00, Sys 0 00:00:00  -  Total Local Usage
	89876  -  Run Bytes Sent By Job
	124110264  -  Run Bytes Received By Job
	89876  -  Total Bytes Sent By Job
	124110264  -  Total Bytes Received By Job
	Partitionable Resources :     Usage  Request Allocated 
	   Cpus                 :      0.99        2         2 
	   Disk (KB)            : 506551      512000   1208198 
	   IoHeavy              :                            0 
	   Memory (MB)          :    446         500       512 

	Job terminated of its own accord at 2023-12-08T00:02:17Z with exit-code 0.
...
