000 (248730.016.000) 2023-12-07 17:43:32 Job submitted from host: <128.104.100.148:9618?addrs=128.104.100.148-9618+[2607-f388-107c-501-216-3eff-feb2-bc11]-9618&alias=learn.chtc.wisc.edu&noUDP&sock=schedd_1351356_64bc>
...
040 (248730.016.000) 2023-12-07 17:44:14 Started transferring input files
	Transferring to host: <128.105.69.124:9618?addrs=128.105.69.124-9618+[2607-f388-2200-100-1270-fdff-fe56-7b5c]-9618&alias=e4073.chtc.wisc.edu&noUDP&sock=slot1_152_1263814_0afa_68484>
...
040 (248730.016.000) 2023-12-07 17:44:30 Finished transferring input files
...
001 (248730.016.000) 2023-12-07 17:44:31 Job executing on host: <128.105.69.124:9618?addrs=128.105.69.124-9618+[2607-f388-2200-100-1270-fdff-fe56-7b5c]-9618&alias=e4073.chtc.wisc.edu&noUDP&sock=startd_221604_7d80>
	SlotName: slot1_152@e4073.chtc.wisc.edu
	CondorScratchDir = "/var/lib/condor/execute/slot1/dir_379677"
	Cpus = 2
	Disk = 1208198
	IoHeavy = 0
	Memory = 512
...
006 (248730.016.000) 2023-12-07 17:44:40 Image size of job updated: 451624
	442  -  MemoryUsage of job (MB)
	451624  -  ResidentSetSize of job (KB)
...
006 (248730.016.000) 2023-12-07 17:49:41 Image size of job updated: 455956
	446  -  MemoryUsage of job (MB)
	455896  -  ResidentSetSize of job (KB)
...
006 (248730.016.000) 2023-12-07 17:54:41 Image size of job updated: 456304
	446  -  MemoryUsage of job (MB)
	455896  -  ResidentSetSize of job (KB)
...
006 (248730.016.000) 2023-12-07 17:59:42 Image size of job updated: 456308
	446  -  MemoryUsage of job (MB)
	456056  -  ResidentSetSize of job (KB)
...
006 (248730.016.000) 2023-12-07 18:00:37 Image size of job updated: 456820
	446  -  MemoryUsage of job (MB)
	456056  -  ResidentSetSize of job (KB)
...
040 (248730.016.000) 2023-12-07 18:00:38 Started transferring output files
...
040 (248730.016.000) 2023-12-07 18:00:38 Finished transferring output files
...
005 (248730.016.000) 2023-12-07 18:00:39 Job terminated.
	(1) Normal termination (return value 1)
		Usr 0 00:15:54, Sys 0 00:00:03  -  Run Remote Usage
		Usr 0 00:00:00, Sys 0 00:00:00  -  Run Local Usage
		Usr 0 00:15:54, Sys 0 00:00:03  -  Total Remote Usage
		Usr 0 00:00:00, Sys 0 00:00:00  -  Total Local Usage
	26932  -  Run Bytes Sent By Job
	123626096  -  Run Bytes Received By Job
	26932  -  Total Bytes Sent By Job
	123626096  -  Total Bytes Received By Job
	Partitionable Resources :     Usage  Request Allocated 
	   Cpus                 :      0.99        2         2 
	   Disk (KB)            : 505704      512000   1208198 
	   IoHeavy              :                            0 
	   Memory (MB)          :    446         500       512 

	Job terminated of its own accord at 2023-12-08T00:00:37Z with exit-code 1.
...
