000 (248730.006.000) 2023-12-07 17:43:32 Job submitted from host: <128.104.100.148:9618?addrs=128.104.100.148-9618+[2607-f388-107c-501-216-3eff-feb2-bc11]-9618&alias=learn.chtc.wisc.edu&noUDP&sock=schedd_1351356_64bc>
...
040 (248730.006.000) 2023-12-07 17:44:13 Started transferring input files
	Transferring to host: <128.105.69.127:9618?addrs=128.105.69.127-9618+[2607-f388-2200-100-1270-fdff-fe56-6744]-9618&alias=e4076.chtc.wisc.edu&noUDP&sock=slot1_181_2007602_f9a0_91990>
...
040 (248730.006.000) 2023-12-07 17:44:28 Finished transferring input files
...
001 (248730.006.000) 2023-12-07 17:44:29 Job executing on host: <128.105.69.127:9618?addrs=128.105.69.127-9618+[2607-f388-2200-100-1270-fdff-fe56-6744]-9618&alias=e4076.chtc.wisc.edu&noUDP&sock=startd_518024_f480>
	SlotName: slot1_181@e4076.chtc.wisc.edu
	CondorScratchDir = "/var/lib/condor/execute/slot1/dir_1355226"
	Cpus = 2
	Disk = 1208198
	IoHeavy = 0
	Memory = 512
...
006 (248730.006.000) 2023-12-07 17:44:38 Image size of job updated: 446908
	437  -  MemoryUsage of job (MB)
	446908  -  ResidentSetSize of job (KB)
...
006 (248730.006.000) 2023-12-07 17:49:39 Image size of job updated: 456228
	446  -  MemoryUsage of job (MB)
	456044  -  ResidentSetSize of job (KB)
...
006 (248730.006.000) 2023-12-07 17:54:39 Image size of job updated: 456832
	447  -  MemoryUsage of job (MB)
	456832  -  ResidentSetSize of job (KB)
...
006 (248730.006.000) 2023-12-07 18:10:35 Image size of job updated: 457316
	447  -  MemoryUsage of job (MB)
	456832  -  ResidentSetSize of job (KB)
...
040 (248730.006.000) 2023-12-07 18:10:36 Started transferring output files
...
040 (248730.006.000) 2023-12-07 18:10:36 Finished transferring output files
...
005 (248730.006.000) 2023-12-07 18:10:36 Job terminated.
	(1) Normal termination (return value 0)
		Usr 0 00:25:45, Sys 0 00:00:04  -  Run Remote Usage
		Usr 0 00:00:00, Sys 0 00:00:00  -  Run Local Usage
		Usr 0 00:25:45, Sys 0 00:00:04  -  Total Remote Usage
		Usr 0 00:00:00, Sys 0 00:00:00  -  Total Local Usage
	89816  -  Run Bytes Sent By Job
	123389824  -  Run Bytes Received By Job
	89816  -  Total Bytes Sent By Job
	123389824  -  Total Bytes Received By Job
	Partitionable Resources :     Usage  Request Allocated 
	   Cpus                 :      0.99        2         2 
	   Disk (KB)            : 505844      512000   1208198 
	   IoHeavy              :                            0 
	   Memory (MB)          :    447         500       512 

	Job terminated of its own accord at 2023-12-08T00:10:35Z with exit-code 0.
...
