000 (248730.042.000) 2023-12-07 17:43:33 Job submitted from host: <128.104.100.148:9618?addrs=128.104.100.148-9618+[2607-f388-107c-501-216-3eff-feb2-bc11]-9618&alias=learn.chtc.wisc.edu&noUDP&sock=schedd_1351356_64bc>
...
040 (248730.042.000) 2023-12-07 18:06:15 Started transferring input files
	Transferring to host: <128.105.69.234:9618?addrs=128.105.69.234-9618+[2607-f388-2200-100-eaeb-d3ff-fe40-1efc]-9618&alias=e2617.chtc.wisc.edu&noUDP&sock=slot1_20_3858384_52dd_65944>
...
040 (248730.042.000) 2023-12-07 18:06:37 Finished transferring input files
...
001 (248730.042.000) 2023-12-07 18:06:39 Job executing on host: <128.105.69.234:9618?addrs=128.105.69.234-9618+[2607-f388-2200-100-eaeb-d3ff-fe40-1efc]-9618&alias=e2617.chtc.wisc.edu&noUDP&sock=startd_12572_ecbe>
	SlotName: slot1_20@e2617.chtc.wisc.edu
	CondorScratchDir = "/var/lib/condor/execute/slot1/dir_650855"
	Cpus = 2
	Disk = 1458998
	IoHeavy = 0
	Memory = 512
...
006 (248730.042.000) 2023-12-07 18:06:47 Image size of job updated: 455760
	444  -  MemoryUsage of job (MB)
	454416  -  ResidentSetSize of job (KB)
...
006 (248730.042.000) 2023-12-07 18:07:02 Image size of job updated: 455996
	444  -  MemoryUsage of job (MB)
	454416  -  ResidentSetSize of job (KB)
...
040 (248730.042.000) 2023-12-07 18:07:03 Started transferring output files
...
040 (248730.042.000) 2023-12-07 18:07:03 Finished transferring output files
...
005 (248730.042.000) 2023-12-07 18:07:03 Job terminated.
	(1) Normal termination (return value 1)
		Usr 0 00:00:22, Sys 0 00:00:00  -  Run Remote Usage
		Usr 0 00:00:00, Sys 0 00:00:00  -  Run Local Usage
		Usr 0 00:00:22, Sys 0 00:00:00  -  Total Remote Usage
		Usr 0 00:00:00, Sys 0 00:00:00  -  Total Local Usage
	1840  -  Run Bytes Sent By Job
	122951160  -  Run Bytes Received By Job
	1840  -  Total Bytes Sent By Job
	122951160  -  Total Bytes Received By Job
	Partitionable Resources :    Usage  Request Allocated 
	   Cpus                 :                 2         2 
	   Disk (KB)            :   505225   512000   1458998 
	   IoHeavy              :                           0 
	   Memory (MB)          :      444      500       512 

	Job terminated of its own accord at 2023-12-08T00:07:02Z with exit-code 1.
...
