000 (248730.004.000) 2023-12-07 17:43:32 Job submitted from host: <128.104.100.148:9618?addrs=128.104.100.148-9618+[2607-f388-107c-501-216-3eff-feb2-bc11]-9618&alias=learn.chtc.wisc.edu&noUDP&sock=schedd_1351356_64bc>
...
040 (248730.004.000) 2023-12-07 17:44:13 Started transferring input files
	Transferring to host: <128.105.69.113:9618?addrs=128.105.69.113-9618+[2607-f388-2200-100-1270-fdff-fe56-6dbc]-9618&alias=e4062.chtc.wisc.edu&noUDP&sock=slot1_217_2519531_4451_69783>
...
040 (248730.004.000) 2023-12-07 17:44:30 Finished transferring input files
...
001 (248730.004.000) 2023-12-07 17:44:31 Job executing on host: <128.105.69.113:9618?addrs=128.105.69.113-9618+[2607-f388-2200-100-1270-fdff-fe56-6dbc]-9618&alias=e4062.chtc.wisc.edu&noUDP&sock=startd_3626108_0f4b>
	SlotName: slot1_217@e4062.chtc.wisc.edu
	CondorScratchDir = "/var/lib/condor/execute/slot1/dir_896610"
	Cpus = 2
	Disk = 1208198
	IoHeavy = 0
	Memory = 512
...
006 (248730.004.000) 2023-12-07 17:44:40 Image size of job updated: 297932
	291  -  MemoryUsage of job (MB)
	297928  -  ResidentSetSize of job (KB)
...
006 (248730.004.000) 2023-12-07 17:49:41 Image size of job updated: 348904
	341  -  MemoryUsage of job (MB)
	348668  -  ResidentSetSize of job (KB)
...
006 (248730.004.000) 2023-12-07 17:54:41 Image size of job updated: 349692
	341  -  MemoryUsage of job (MB)
	348668  -  ResidentSetSize of job (KB)
...
006 (248730.004.000) 2023-12-07 18:54:47 Image size of job updated: 349692
	341  -  MemoryUsage of job (MB)
	348768  -  ResidentSetSize of job (KB)
...
040 (248730.004.000) 2023-12-07 19:06:41 Started transferring output files
...
040 (248730.004.000) 2023-12-07 19:06:41 Finished transferring output files
...
005 (248730.004.000) 2023-12-07 19:06:41 Job terminated.
	(1) Normal termination (return value 1)
		Usr 0 01:20:54, Sys 0 00:00:13  -  Run Remote Usage
		Usr 0 00:00:00, Sys 0 00:00:00  -  Run Local Usage
		Usr 0 01:20:54, Sys 0 00:00:13  -  Total Remote Usage
		Usr 0 00:00:00, Sys 0 00:00:00  -  Total Local Usage
	36328  -  Run Bytes Sent By Job
	123518800  -  Run Bytes Received By Job
	36328  -  Total Bytes Sent By Job
	123518800  -  Total Bytes Received By Job
	Partitionable Resources :     Usage  Request Allocated 
	   Cpus                 :      0.99        2         2 
	   Disk (KB)            : 505786      512000   1208198 
	   IoHeavy              :                            0 
	   Memory (MB)          :    341         500       512 

	Job terminated of its own accord at 2023-12-08T01:06:39Z with exit-code 1.
...
