000 (248730.030.000) 2023-12-07 17:43:33 Job submitted from host: <128.104.100.148:9618?addrs=128.104.100.148-9618+[2607-f388-107c-501-216-3eff-feb2-bc11]-9618&alias=learn.chtc.wisc.edu&noUDP&sock=schedd_1351356_64bc>
...
040 (248730.030.000) 2023-12-07 17:58:54 Started transferring input files
	Transferring to host: <128.105.69.185:9618?addrs=128.105.69.185-9618+[2607-f388-2200-100-1270-fdff-fe56-c0d4]-9618&alias=e4037.chtc.wisc.edu&noUDP&sock=slot1_176_2221891_f60a_69953>
...
040 (248730.030.000) 2023-12-07 17:59:08 Finished transferring input files
...
001 (248730.030.000) 2023-12-07 17:59:09 Job executing on host: <128.105.69.185:9618?addrs=128.105.69.185-9618+[2607-f388-2200-100-1270-fdff-fe56-c0d4]-9618&alias=e4037.chtc.wisc.edu&noUDP&sock=startd_1889895_5a8f>
	SlotName: slot1_176@e4037.chtc.wisc.edu
	CondorScratchDir = "/var/lib/condor/execute/slot1/dir_1958021"
	Cpus = 2
	Disk = 1208198
	IoHeavy = 0
	Memory = 512
...
006 (248730.030.000) 2023-12-07 17:59:18 Image size of job updated: 345628
	338  -  MemoryUsage of job (MB)
	345624  -  ResidentSetSize of job (KB)
...
006 (248730.030.000) 2023-12-07 18:04:18 Image size of job updated: 349076
	341  -  MemoryUsage of job (MB)
	349076  -  ResidentSetSize of job (KB)
...
006 (248730.030.000) 2023-12-07 18:09:18 Image size of job updated: 349812
	342  -  MemoryUsage of job (MB)
	349304  -  ResidentSetSize of job (KB)
...
006 (248730.030.000) 2023-12-07 18:14:20 Image size of job updated: 350076
	342  -  MemoryUsage of job (MB)
	349304  -  ResidentSetSize of job (KB)
...
006 (248730.030.000) 2023-12-07 18:19:19 Image size of job updated: 350096
	342  -  MemoryUsage of job (MB)
	349304  -  ResidentSetSize of job (KB)
...
006 (248730.030.000) 2023-12-07 18:24:19 Image size of job updated: 350096
	342  -  MemoryUsage of job (MB)
	349932  -  ResidentSetSize of job (KB)
...
006 (248730.030.000) 2023-12-07 18:29:19 Image size of job updated: 350192
	342  -  MemoryUsage of job (MB)
	349940  -  ResidentSetSize of job (KB)
...
006 (248730.030.000) 2023-12-07 18:34:20 Image size of job updated: 350200
	342  -  MemoryUsage of job (MB)
	349940  -  ResidentSetSize of job (KB)
...
006 (248730.030.000) 2023-12-07 18:35:49 Image size of job updated: 350704
	342  -  MemoryUsage of job (MB)
	349940  -  ResidentSetSize of job (KB)
...
040 (248730.030.000) 2023-12-07 18:35:50 Started transferring output files
...
040 (248730.030.000) 2023-12-07 18:35:50 Finished transferring output files
...
005 (248730.030.000) 2023-12-07 18:35:50 Job terminated.
	(1) Normal termination (return value 0)
		Usr 0 00:36:03, Sys 0 00:00:08  -  Run Remote Usage
		Usr 0 00:00:00, Sys 0 00:00:00  -  Run Local Usage
		Usr 0 00:36:03, Sys 0 00:00:08  -  Total Remote Usage
		Usr 0 00:00:00, Sys 0 00:00:00  -  Total Local Usage
	89840  -  Run Bytes Sent By Job
	123012048  -  Run Bytes Received By Job
	89840  -  Total Bytes Sent By Job
	123012048  -  Total Bytes Received By Job
	Partitionable Resources :     Usage  Request Allocated 
	   Cpus                 :      0.99        2         2 
	   Disk (KB)            : 505470      512000   1208198 
	   IoHeavy              :                            0 
	   Memory (MB)          :    342         500       512 

	Job terminated of its own accord at 2023-12-08T00:35:49Z with exit-code 0.
...
