000 (248730.026.000) 2023-12-07 17:43:33 Job submitted from host: <128.104.100.148:9618?addrs=128.104.100.148-9618+[2607-f388-107c-501-216-3eff-feb2-bc11]-9618&alias=learn.chtc.wisc.edu&noUDP&sock=schedd_1351356_64bc>
...
040 (248730.026.000) 2023-12-07 17:51:34 Started transferring input files
	Transferring to host: <128.105.69.150:9618?addrs=128.105.69.150-9618+[2607-f388-2200-100-1270-fdff-fe56-732c]-9618&alias=e4027.chtc.wisc.edu&noUDP&sock=slot1_141_3686151_9821_102074>
...
040 (248730.026.000) 2023-12-07 17:51:41 Finished transferring input files
...
001 (248730.026.000) 2023-12-07 17:51:42 Job executing on host: <128.105.69.150:9618?addrs=128.105.69.150-9618+[2607-f388-2200-100-1270-fdff-fe56-732c]-9618&alias=e4027.chtc.wisc.edu&noUDP&sock=startd_743832_7610>
	SlotName: slot1_141@e4027.chtc.wisc.edu
	CondorScratchDir = "/var/lib/condor/execute/slot1/dir_1408464"
	Cpus = 2
	Disk = 1208198
	IoHeavy = 0
	Memory = 512
...
006 (248730.026.000) 2023-12-07 17:51:51 Image size of job updated: 340912
	333  -  MemoryUsage of job (MB)
	340672  -  ResidentSetSize of job (KB)
...
006 (248730.026.000) 2023-12-07 17:56:53 Image size of job updated: 350028
	338  -  MemoryUsage of job (MB)
	345796  -  ResidentSetSize of job (KB)
...
006 (248730.026.000) 2023-12-07 18:01:53 Image size of job updated: 350028
	342  -  MemoryUsage of job (MB)
	349864  -  ResidentSetSize of job (KB)
...
006 (248730.026.000) 2023-12-07 18:06:53 Image size of job updated: 350128
	342  -  MemoryUsage of job (MB)
	350124  -  ResidentSetSize of job (KB)
...
006 (248730.026.000) 2023-12-07 18:09:37 Image size of job updated: 350376
	342  -  MemoryUsage of job (MB)
	350124  -  ResidentSetSize of job (KB)
...
040 (248730.026.000) 2023-12-07 18:09:37 Started transferring output files
...
040 (248730.026.000) 2023-12-07 18:09:37 Finished transferring output files
...
005 (248730.026.000) 2023-12-07 18:09:37 Job terminated.
	(1) Normal termination (return value 1)
		Usr 0 00:17:40, Sys 0 00:00:04  -  Run Remote Usage
		Usr 0 00:00:00, Sys 0 00:00:00  -  Run Local Usage
		Usr 0 00:17:40, Sys 0 00:00:04  -  Total Remote Usage
		Usr 0 00:00:00, Sys 0 00:00:00  -  Total Local Usage
	25348  -  Run Bytes Sent By Job
	123205552  -  Run Bytes Received By Job
	25348  -  Total Bytes Sent By Job
	123205552  -  Total Bytes Received By Job
	Partitionable Resources :     Usage  Request Allocated 
	   Cpus                 :      0.99        2         2 
	   Disk (KB)            : 505424      512000   1208198 
	   IoHeavy              :                            0 
	   Memory (MB)          :    342         500       512 

	Job terminated of its own accord at 2023-12-08T00:09:37Z with exit-code 1.
...
