000 (248730.031.000) 2023-12-07 17:43:33 Job submitted from host: <128.104.100.148:9618?addrs=128.104.100.148-9618+[2607-f388-107c-501-216-3eff-feb2-bc11]-9618&alias=learn.chtc.wisc.edu&noUDP&sock=schedd_1351356_64bc>
...
040 (248730.031.000) 2023-12-07 17:59:13 Started transferring input files
	Transferring to host: <128.105.69.206:9618?addrs=128.105.69.206-9618+[2607-f388-2200-100-eaeb-d3ff-fe40-2844]-9618&alias=e2589.chtc.wisc.edu&noUDP&sock=slot1_68_2308996_5040_101795>
...
040 (248730.031.000) 2023-12-07 17:59:27 Finished transferring input files
...
001 (248730.031.000) 2023-12-07 17:59:28 Job executing on host: <128.105.69.206:9618?addrs=128.105.69.206-9618+[2607-f388-2200-100-eaeb-d3ff-fe40-2844]-9618&alias=e2589.chtc.wisc.edu&noUDP&sock=startd_12548_7678>
	SlotName: slot1_68@e2589.chtc.wisc.edu
	CondorScratchDir = "/var/lib/condor/execute/slot1/dir_2507228"
	Cpus = 2
	Disk = 1458998
	IoHeavy = 0
	Memory = 512
...
006 (248730.031.000) 2023-12-07 17:59:36 Image size of job updated: 454612
	440  -  MemoryUsage of job (MB)
	449548  -  ResidentSetSize of job (KB)
...
006 (248730.031.000) 2023-12-07 18:04:36 Image size of job updated: 456324
	446  -  MemoryUsage of job (MB)
	455896  -  ResidentSetSize of job (KB)
...
006 (248730.031.000) 2023-12-07 18:09:37 Image size of job updated: 456324
	446  -  MemoryUsage of job (MB)
	456152  -  ResidentSetSize of job (KB)
...
006 (248730.031.000) 2023-12-07 18:12:13 Image size of job updated: 456872
	446  -  MemoryUsage of job (MB)
	456152  -  ResidentSetSize of job (KB)
...
040 (248730.031.000) 2023-12-07 18:12:14 Started transferring output files
...
040 (248730.031.000) 2023-12-07 18:12:14 Finished transferring output files
...
005 (248730.031.000) 2023-12-07 18:12:15 Job terminated.
	(1) Normal termination (return value 1)
		Usr 0 00:12:39, Sys 0 00:00:01  -  Run Remote Usage
		Usr 0 00:00:00, Sys 0 00:00:00  -  Run Local Usage
		Usr 0 00:12:39, Sys 0 00:00:01  -  Total Remote Usage
		Usr 0 00:00:00, Sys 0 00:00:00  -  Total Local Usage
	31072  -  Run Bytes Sent By Job
	123653824  -  Run Bytes Received By Job
	31072  -  Total Bytes Sent By Job
	123653824  -  Total Bytes Received By Job
	Partitionable Resources :     Usage  Request Allocated 
	   Cpus                 :      1.00        2         2 
	   Disk (KB)            : 505888      512000   1458998 
	   IoHeavy              :                            0 
	   Memory (MB)          :    446         500       512 

	Job terminated of its own accord at 2023-12-08T00:12:13Z with exit-code 1.
...
