000 (248730.049.000) 2023-12-07 17:43:33 Job submitted from host: <128.104.100.148:9618?addrs=128.104.100.148-9618+[2607-f388-107c-501-216-3eff-feb2-bc11]-9618&alias=learn.chtc.wisc.edu&noUDP&sock=schedd_1351356_64bc>
...
040 (248730.049.000) 2023-12-07 18:11:42 Started transferring input files
	Transferring to host: <128.105.69.92:9618?addrs=128.105.69.92-9618+[2607-f388-2200-100-1270-fdff-fe56-689c]-9618&alias=e4003.chtc.wisc.edu&noUDP&sock=slot1_38_3863398_23e9_81106>
...
040 (248730.049.000) 2023-12-07 18:12:11 Finished transferring input files
...
001 (248730.049.000) 2023-12-07 18:12:12 Job executing on host: <128.105.69.92:9618?addrs=128.105.69.92-9618+[2607-f388-2200-100-1270-fdff-fe56-689c]-9618&alias=e4003.chtc.wisc.edu&noUDP&sock=startd_949623_f860>
	SlotName: slot1_38@e4003.chtc.wisc.edu
	CondorScratchDir = "/var/lib/condor/execute/slot1/dir_2895730"
	Cpus = 2
	Disk = 1268229
	IoHeavy = 0
	Memory = 512
...
006 (248730.049.000) 2023-12-07 18:12:20 Image size of job updated: 455612
	445  -  MemoryUsage of job (MB)
	455608  -  ResidentSetSize of job (KB)
...
006 (248730.049.000) 2023-12-07 18:17:20 Image size of job updated: 458964
	449  -  MemoryUsage of job (MB)
	458964  -  ResidentSetSize of job (KB)
...
006 (248730.049.000) 2023-12-07 18:18:53 Image size of job updated: 459824
	449  -  MemoryUsage of job (MB)
	458964  -  ResidentSetSize of job (KB)
...
040 (248730.049.000) 2023-12-07 18:18:55 Started transferring output files
...
040 (248730.049.000) 2023-12-07 18:18:55 Finished transferring output files
...
005 (248730.049.000) 2023-12-07 18:18:56 Job terminated.
	(1) Normal termination (return value 1)
		Usr 0 00:06:35, Sys 0 00:00:01  -  Run Remote Usage
		Usr 0 00:00:00, Sys 0 00:00:00  -  Run Local Usage
		Usr 0 00:06:35, Sys 0 00:00:01  -  Total Remote Usage
		Usr 0 00:00:00, Sys 0 00:00:00  -  Total Local Usage
	19084  -  Run Bytes Sent By Job
	123992152  -  Run Bytes Received By Job
	19084  -  Total Bytes Sent By Job
	123992152  -  Total Bytes Received By Job
	Partitionable Resources :     Usage  Request Allocated 
	   Cpus                 :      0.99        2         2 
	   Disk (KB)            : 506187      512000   1268229 
	   IoHeavy              :                            0 
	   Memory (MB)          :    449         500       512 

	Job terminated of its own accord at 2023-12-08T00:18:53Z with exit-code 1.
...
