000 (248730.009.000) 2023-12-07 17:43:32 Job submitted from host: <128.104.100.148:9618?addrs=128.104.100.148-9618+[2607-f388-107c-501-216-3eff-feb2-bc11]-9618&alias=learn.chtc.wisc.edu&noUDP&sock=schedd_1351356_64bc>
...
040 (248730.009.000) 2023-12-07 17:44:13 Started transferring input files
	Transferring to host: <128.105.69.110:9618?addrs=128.105.69.110-9618+[2607-f388-2200-100-1270-fdff-fe56-cf24]-9618&alias=e4059.chtc.wisc.edu&noUDP&sock=slot1_50_3388272_e430_103096>
...
040 (248730.009.000) 2023-12-07 17:44:28 Finished transferring input files
...
001 (248730.009.000) 2023-12-07 17:44:29 Job executing on host: <128.105.69.110:9618?addrs=128.105.69.110-9618+[2607-f388-2200-100-1270-fdff-fe56-cf24]-9618&alias=e4059.chtc.wisc.edu&noUDP&sock=startd_309026_b5f6>
	SlotName: slot1_50@e4059.chtc.wisc.edu
	CondorScratchDir = "/var/lib/condor/execute/slot1/dir_3697432"
	Cpus = 2
	Disk = 1208198
	IoHeavy = 0
	Memory = 512
...
006 (248730.009.000) 2023-12-07 17:44:38 Image size of job updated: 454120
	444  -  MemoryUsage of job (MB)
	454100  -  ResidentSetSize of job (KB)
...
006 (248730.009.000) 2023-12-07 17:46:06 Image size of job updated: 457676
	444  -  MemoryUsage of job (MB)
	454100  -  ResidentSetSize of job (KB)
...
040 (248730.009.000) 2023-12-07 17:46:08 Started transferring output files
...
040 (248730.009.000) 2023-12-07 17:46:09 Finished transferring output files
...
005 (248730.009.000) 2023-12-07 17:46:10 Job terminated.
	(1) Normal termination (return value 1)
		Usr 0 00:01:34, Sys 0 00:00:03  -  Run Remote Usage
		Usr 0 00:00:00, Sys 0 00:00:00  -  Run Local Usage
		Usr 0 00:01:34, Sys 0 00:00:03  -  Total Remote Usage
		Usr 0 00:00:00, Sys 0 00:00:00  -  Total Local Usage
	1840  -  Run Bytes Sent By Job
	123725880  -  Run Bytes Received By Job
	1840  -  Total Bytes Sent By Job
	123725880  -  Total Bytes Received By Job
	Partitionable Resources :    Usage  Request Allocated 
	   Cpus                 :        0        2         2 
	   Disk (KB)            :   505771   512000   1208198 
	   IoHeavy              :                           0 
	   Memory (MB)          :      444      500       512 

	Job terminated of its own accord at 2023-12-07T23:46:06Z with exit-code 1.
...
