000 (248730.017.000) 2023-12-07 17:43:32 Job submitted from host: <128.104.100.148:9618?addrs=128.104.100.148-9618+[2607-f388-107c-501-216-3eff-feb2-bc11]-9618&alias=learn.chtc.wisc.edu&noUDP&sock=schedd_1351356_64bc>
...
040 (248730.017.000) 2023-12-07 17:44:13 Started transferring input files
	Transferring to host: <128.105.69.171:9618?addrs=128.105.69.171-9618+[2607-f388-2200-100-1270-fdff-fe56-76ac]-9618&alias=e2554.chtc.wisc.edu&noUDP&sock=slot1_48_3536490_e17b_86816>
...
040 (248730.017.000) 2023-12-07 17:44:29 Finished transferring input files
...
001 (248730.017.000) 2023-12-07 17:44:30 Job executing on host: <128.105.69.171:9618?addrs=128.105.69.171-9618+[2607-f388-2200-100-1270-fdff-fe56-76ac]-9618&alias=e2554.chtc.wisc.edu&noUDP&sock=startd_12718_1192>
	SlotName: slot1_48@e2554.chtc.wisc.edu
	CondorScratchDir = "/var/lib/condor/execute/slot1/dir_102377"
	Cpus = 2
	Disk = 1208198
	IoHeavy = 0
	Memory = 512
...
006 (248730.017.000) 2023-12-07 17:44:39 Image size of job updated: 451760
	442  -  MemoryUsage of job (MB)
	451756  -  ResidentSetSize of job (KB)
...
006 (248730.017.000) 2023-12-07 17:49:41 Image size of job updated: 456044
	445  -  MemoryUsage of job (MB)
	455244  -  ResidentSetSize of job (KB)
...
006 (248730.017.000) 2023-12-07 17:54:41 Image size of job updated: 456548
	446  -  MemoryUsage of job (MB)
	455696  -  ResidentSetSize of job (KB)
...
006 (248730.017.000) 2023-12-07 17:59:41 Image size of job updated: 456820
	446  -  MemoryUsage of job (MB)
	456432  -  ResidentSetSize of job (KB)
...
006 (248730.017.000) 2023-12-07 18:03:21 Image size of job updated: 457448
	446  -  MemoryUsage of job (MB)
	456432  -  ResidentSetSize of job (KB)
...
040 (248730.017.000) 2023-12-07 18:03:22 Started transferring output files
...
040 (248730.017.000) 2023-12-07 18:03:22 Finished transferring output files
...
005 (248730.017.000) 2023-12-07 18:03:23 Job terminated.
	(1) Normal termination (return value 0)
		Usr 0 00:18:40, Sys 0 00:00:02  -  Run Remote Usage
		Usr 0 00:00:00, Sys 0 00:00:00  -  Run Local Usage
		Usr 0 00:18:40, Sys 0 00:00:02  -  Total Remote Usage
		Usr 0 00:00:00, Sys 0 00:00:00  -  Total Local Usage
	89854  -  Run Bytes Sent By Job
	123883696  -  Run Bytes Received By Job
	89854  -  Total Bytes Sent By Job
	123883696  -  Total Bytes Received By Job
	Partitionable Resources :     Usage  Request Allocated 
	   Cpus                 :      0.99        2         2 
	   Disk (KB)            : 506330      512000   1208198 
	   IoHeavy              :                            0 
	   Memory (MB)          :    446         500       512 

	Job terminated of its own accord at 2023-12-08T00:03:21Z with exit-code 0.
...
