000 (248730.034.000) 2023-12-07 17:43:33 Job submitted from host: <128.104.100.148:9618?addrs=128.104.100.148-9618+[2607-f388-107c-501-216-3eff-feb2-bc11]-9618&alias=learn.chtc.wisc.edu&noUDP&sock=schedd_1351356_64bc>
...
040 (248730.034.000) 2023-12-07 18:00:40 Started transferring input files
	Transferring to host: <128.105.69.124:9618?addrs=128.105.69.124-9618+[2607-f388-2200-100-1270-fdff-fe56-7b5c]-9618&alias=e4073.chtc.wisc.edu&noUDP&sock=slot1_152_1263814_0afa_68539>
...
040 (248730.034.000) 2023-12-07 18:01:03 Finished transferring input files
...
001 (248730.034.000) 2023-12-07 18:01:04 Job executing on host: <128.105.69.124:9618?addrs=128.105.69.124-9618+[2607-f388-2200-100-1270-fdff-fe56-7b5c]-9618&alias=e4073.chtc.wisc.edu&noUDP&sock=startd_221604_7d80>
	SlotName: slot1_152@e4073.chtc.wisc.edu
	CondorScratchDir = "/var/lib/condor/execute/slot1/dir_452002"
	Cpus = 2
	Disk = 1208198
	IoHeavy = 0
	Memory = 512
...
006 (248730.034.000) 2023-12-07 18:01:13 Image size of job updated: 449608
	440  -  MemoryUsage of job (MB)
	449604  -  ResidentSetSize of job (KB)
...
006 (248730.034.000) 2023-12-07 18:06:14 Image size of job updated: 456064
	445  -  MemoryUsage of job (MB)
	455268  -  ResidentSetSize of job (KB)
...
006 (248730.034.000) 2023-12-07 18:11:14 Image size of job updated: 456520
	445  -  MemoryUsage of job (MB)
	455604  -  ResidentSetSize of job (KB)
...
006 (248730.034.000) 2023-12-07 18:16:15 Image size of job updated: 456520
	446  -  MemoryUsage of job (MB)
	456036  -  ResidentSetSize of job (KB)
...
006 (248730.034.000) 2023-12-07 18:26:16 Image size of job updated: 456668
	446  -  MemoryUsage of job (MB)
	456504  -  ResidentSetSize of job (KB)
...
040 (248730.034.000) 2023-12-07 18:27:13 Started transferring output files
...
040 (248730.034.000) 2023-12-07 18:27:13 Finished transferring output files
...
005 (248730.034.000) 2023-12-07 18:27:13 Job terminated.
	(1) Normal termination (return value 0)
		Usr 0 00:25:46, Sys 0 00:00:05  -  Run Remote Usage
		Usr 0 00:00:00, Sys 0 00:00:00  -  Run Local Usage
		Usr 0 00:25:46, Sys 0 00:00:05  -  Total Remote Usage
		Usr 0 00:00:00, Sys 0 00:00:00  -  Total Local Usage
	89817  -  Run Bytes Sent By Job
	123641440  -  Run Bytes Received By Job
	89817  -  Total Bytes Sent By Job
	123641440  -  Total Bytes Received By Job
	Partitionable Resources :     Usage  Request Allocated 
	   Cpus                 :      0.99        2         2 
	   Disk (KB)            : 506065      512000   1208198 
	   IoHeavy              :                            0 
	   Memory (MB)          :    446         500       512 

	Job terminated of its own accord at 2023-12-08T00:27:12Z with exit-code 0.
...
