000 (248730.045.000) 2023-12-07 17:43:33 Job submitted from host: <128.104.100.148:9618?addrs=128.104.100.148-9618+[2607-f388-107c-501-216-3eff-feb2-bc11]-9618&alias=learn.chtc.wisc.edu&noUDP&sock=schedd_1351356_64bc>
...
040 (248730.045.000) 2023-12-07 18:09:40 Started transferring input files
	Transferring to host: <128.105.69.150:9618?addrs=128.105.69.150-9618+[2607-f388-2200-100-1270-fdff-fe56-732c]-9618&alias=e4027.chtc.wisc.edu&noUDP&sock=slot1_141_3686151_9821_102144>
...
040 (248730.045.000) 2023-12-07 18:10:12 Finished transferring input files
...
001 (248730.045.000) 2023-12-07 18:10:13 Job executing on host: <128.105.69.150:9618?addrs=128.105.69.150-9618+[2607-f388-2200-100-1270-fdff-fe56-732c]-9618&alias=e4027.chtc.wisc.edu&noUDP&sock=startd_743832_7610>
	SlotName: slot1_141@e4027.chtc.wisc.edu
	CondorScratchDir = "/var/lib/condor/execute/slot1/dir_1514425"
	Cpus = 2
	Disk = 1208198
	IoHeavy = 0
	Memory = 512
...
006 (248730.045.000) 2023-12-07 18:10:21 Image size of job updated: 403952
	395  -  MemoryUsage of job (MB)
	403772  -  ResidentSetSize of job (KB)
...
006 (248730.045.000) 2023-12-07 18:15:21 Image size of job updated: 456576
	446  -  MemoryUsage of job (MB)
	456504  -  ResidentSetSize of job (KB)
...
006 (248730.045.000) 2023-12-07 18:20:22 Image size of job updated: 456764
	446  -  MemoryUsage of job (MB)
	456508  -  ResidentSetSize of job (KB)
...
006 (248730.045.000) 2023-12-07 18:25:22 Image size of job updated: 457184
	447  -  MemoryUsage of job (MB)
	457180  -  ResidentSetSize of job (KB)
...
040 (248730.045.000) 2023-12-07 18:35:00 Started transferring output files
...
040 (248730.045.000) 2023-12-07 18:35:00 Finished transferring output files
...
005 (248730.045.000) 2023-12-07 18:35:01 Job terminated.
	(1) Normal termination (return value 0)
		Usr 0 00:24:24, Sys 0 00:00:05  -  Run Remote Usage
		Usr 0 00:00:00, Sys 0 00:00:00  -  Run Local Usage
		Usr 0 00:24:24, Sys 0 00:00:05  -  Total Remote Usage
		Usr 0 00:00:00, Sys 0 00:00:00  -  Total Local Usage
	89828  -  Run Bytes Sent By Job
	123298480  -  Run Bytes Received By Job
	89828  -  Total Bytes Sent By Job
	123298480  -  Total Bytes Received By Job
	Partitionable Resources :     Usage  Request Allocated 
	   Cpus                 :      0.99        2         2 
	   Disk (KB)            : 505755      512000   1208198 
	   IoHeavy              :                            0 
	   Memory (MB)          :    447         500       512 

	Job terminated of its own accord at 2023-12-08T00:34:57Z with exit-code 0.
...
