000 (248730.013.000) 2023-12-07 17:43:32 Job submitted from host: <128.104.100.148:9618?addrs=128.104.100.148-9618+[2607-f388-107c-501-216-3eff-feb2-bc11]-9618&alias=learn.chtc.wisc.edu&noUDP&sock=schedd_1351356_64bc>
...
040 (248730.013.000) 2023-12-07 17:44:13 Started transferring input files
	Transferring to host: <128.105.69.143:9618?addrs=128.105.69.143-9618+[2607-f388-2200-100-1270-fdff-fe56-7694]-9618&alias=e4020.chtc.wisc.edu&noUDP&sock=slot1_71_890049_c9bb_69976>
...
040 (248730.013.000) 2023-12-07 17:44:27 Finished transferring input files
...
001 (248730.013.000) 2023-12-07 17:44:28 Job executing on host: <128.105.69.143:9618?addrs=128.105.69.143-9618+[2607-f388-2200-100-1270-fdff-fe56-7694]-9618&alias=e4020.chtc.wisc.edu&noUDP&sock=startd_2750464_1bd3>
	SlotName: slot1_71@e4020.chtc.wisc.edu
	CondorScratchDir = "/var/lib/condor/execute/slot1/dir_3651780"
	Cpus = 2
	Disk = 1208198
	IoHeavy = 0
	Memory = 512
...
006 (248730.013.000) 2023-12-07 17:44:36 Image size of job updated: 453364
	443  -  MemoryUsage of job (MB)
	453132  -  ResidentSetSize of job (KB)
...
006 (248730.013.000) 2023-12-07 17:49:36 Image size of job updated: 456216
	446  -  MemoryUsage of job (MB)
	456128  -  ResidentSetSize of job (KB)
...
006 (248730.013.000) 2023-12-07 17:54:37 Image size of job updated: 456672
	446  -  MemoryUsage of job (MB)
	456600  -  ResidentSetSize of job (KB)
...
006 (248730.013.000) 2023-12-07 18:00:21 Image size of job updated: 457664
	446  -  MemoryUsage of job (MB)
	456600  -  ResidentSetSize of job (KB)
...
040 (248730.013.000) 2023-12-07 18:00:22 Started transferring output files
...
040 (248730.013.000) 2023-12-07 18:00:22 Finished transferring output files
...
005 (248730.013.000) 2023-12-07 18:00:23 Job terminated.
	(1) Normal termination (return value 0)
		Usr 0 00:15:39, Sys 0 00:00:02  -  Run Remote Usage
		Usr 0 00:00:00, Sys 0 00:00:00  -  Run Local Usage
		Usr 0 00:15:39, Sys 0 00:00:02  -  Total Remote Usage
		Usr 0 00:00:00, Sys 0 00:00:00  -  Total Local Usage
	89848  -  Run Bytes Sent By Job
	123775776  -  Run Bytes Received By Job
	89848  -  Total Bytes Sent By Job
	123775776  -  Total Bytes Received By Job
	Partitionable Resources :     Usage  Request Allocated 
	   Cpus                 :      0.99        2         2 
	   Disk (KB)            : 506221      512000   1208198 
	   IoHeavy              :                            0 
	   Memory (MB)          :    446         500       512 

	Job terminated of its own accord at 2023-12-08T00:00:21Z with exit-code 0.
...
