000 (248730.020.000) 2023-12-07 17:43:32 Job submitted from host: <128.104.100.148:9618?addrs=128.104.100.148-9618+[2607-f388-107c-501-216-3eff-feb2-bc11]-9618&alias=learn.chtc.wisc.edu&noUDP&sock=schedd_1351356_64bc>
...
040 (248730.020.000) 2023-12-07 17:44:17 Started transferring input files
	Transferring to host: <128.105.69.206:9618?addrs=128.105.69.206-9618+[2607-f388-2200-100-eaeb-d3ff-fe40-2844]-9618&alias=e2589.chtc.wisc.edu&noUDP&sock=slot1_68_2308996_5040_101765>
...
040 (248730.020.000) 2023-12-07 17:44:29 Finished transferring input files
...
001 (248730.020.000) 2023-12-07 17:44:30 Job executing on host: <128.105.69.206:9618?addrs=128.105.69.206-9618+[2607-f388-2200-100-eaeb-d3ff-fe40-2844]-9618&alias=e2589.chtc.wisc.edu&noUDP&sock=startd_12548_7678>
	SlotName: slot1_68@e2589.chtc.wisc.edu
	CondorScratchDir = "/var/lib/condor/execute/slot1/dir_2491736"
	Cpus = 2
	Disk = 1458998
	IoHeavy = 0
	Memory = 512
...
006 (248730.020.000) 2023-12-07 17:44:39 Image size of job updated: 454644
	444  -  MemoryUsage of job (MB)
	453944  -  ResidentSetSize of job (KB)
...
006 (248730.020.000) 2023-12-07 17:49:40 Image size of job updated: 456980
	445  -  MemoryUsage of job (MB)
	455292  -  ResidentSetSize of job (KB)
...
040 (248730.020.000) 2023-12-07 17:59:12 Started transferring output files
...
040 (248730.020.000) 2023-12-07 17:59:12 Finished transferring output files
...
005 (248730.020.000) 2023-12-07 17:59:13 Job terminated.
	(1) Normal termination (return value 0)
		Usr 0 00:14:34, Sys 0 00:00:02  -  Run Remote Usage
		Usr 0 00:00:00, Sys 0 00:00:00  -  Run Local Usage
		Usr 0 00:14:34, Sys 0 00:00:02  -  Total Remote Usage
		Usr 0 00:00:00, Sys 0 00:00:00  -  Total Local Usage
	89718  -  Run Bytes Sent By Job
	123751072  -  Run Bytes Received By Job
	89718  -  Total Bytes Sent By Job
	123751072  -  Total Bytes Received By Job
	Partitionable Resources :     Usage  Request Allocated 
	   Cpus                 :      1.00        2         2 
	   Disk (KB)            : 506174      512000   1458998 
	   IoHeavy              :                            0 
	   Memory (MB)          :    445         500       512 

	Job terminated of its own accord at 2023-12-07T23:59:12Z with exit-code 0.
...
