Unpacking R413.tar.gz ...
Unpacking packages_FITSio.tar.gz ...
Unpacking current *.tgz file
[1] "Initializing Console ..."
[1] "Inputing command line prompts ..."
[1] "Loading package FITSio."
[1] "Reading cB58_Lyman_break.fit ..."
[1] "Starting main process ..."
On File: spec-3673-55178-0001.fits 
On File: spec-3673-55178-0002.fits 
On File: spec-3673-55178-0003.fits 
On File: spec-3673-55178-0004.fits 
On File: spec-3673-55178-0005.fits 
On File: spec-3673-55178-0006.fits 
On File: spec-3673-55178-0007.fits 
On File: spec-3673-55178-0008.fits 
On File: spec-3673-55178-0009.fits 
On File: spec-3673-55178-0010.fits 
On File: spec-3673-55178-0011.fits 
On File: spec-3673-55178-0012.fits 
On File: spec-3673-55178-0013.fits 
On File: spec-3673-55178-0014.fits 
On File: spec-3673-55178-0015.fits 
On File: spec-3673-55178-0016.fits 
On File: spec-3673-55178-0017.fits 
On File: spec-3673-55178-0018.fits 
On File: spec-3673-55178-0019.fits 
On File: spec-3673-55178-0020.fits 
On File: spec-3673-55178-0021.fits 
On File: spec-3673-55178-0022.fits 
On File: spec-3673-55178-0023.fits 
On File: spec-3673-55178-0024.fits 
On File: spec-3673-55178-0025.fits 
On File: spec-3673-55178-0026.fits 
On File: spec-3673-55178-0027.fits 
On File: spec-3673-55178-0028.fits 
On File: spec-3673-55178-0029.fits 
On File: spec-3673-55178-0030.fits 
On File: spec-3673-55178-0031.fits 
On File: spec-3673-55178-0032.fits 
On File: spec-3673-55178-0033.fits 
On File: spec-3673-55178-0034.fits 
On File: spec-3673-55178-0035.fits 
On File: spec-3673-55178-0036.fits 
On File: spec-3673-55178-0037.fits 
On File: spec-3673-55178-0038.fits 
On File: spec-3673-55178-0039.fits 
On File: spec-3673-55178-0040.fits 
On File: spec-3673-55178-0041.fits 
On File: spec-3673-55178-0042.fits 
On File: spec-3673-55178-0043.fits 
On File: spec-3673-55178-0044.fits 
On File: spec-3673-55178-0045.fits 
On File: spec-3673-55178-0046.fits 
On File: spec-3673-55178-0047.fits 
On File: spec-3673-55178-0048.fits 
On File: spec-3673-55178-0049.fits 
On File: spec-3673-55178-0050.fits 
On File: spec-3673-55178-0051.fits 
On File: spec-3673-55178-0052.fits 
On File: spec-3673-55178-0053.fits 
On File: spec-3673-55178-0054.fits 
On File: spec-3673-55178-0055.fits 
On File: spec-3673-55178-0056.fits 
On File: spec-3673-55178-0057.fits 
On File: spec-3673-55178-0058.fits 
On File: spec-3673-55178-0059.fits 
On File: spec-3673-55178-0060.fits 
On File: spec-3673-55178-0061.fits 
On File: spec-3673-55178-0062.fits 
On File: spec-3673-55178-0063.fits 
On File: spec-3673-55178-0064.fits 
On File: spec-3673-55178-0065.fits 
On File: spec-3673-55178-0066.fits 
On File: spec-3673-55178-0067.fits 
On File: spec-3673-55178-0068.fits 
On File: spec-3673-55178-0069.fits 
On File: spec-3673-55178-0070.fits 
On File: spec-3673-55178-0071.fits 
On File: spec-3673-55178-0072.fits 
On File: spec-3673-55178-0073.fits 
On File: spec-3673-55178-0074.fits 
On File: spec-3673-55178-0075.fits 
On File: spec-3673-55178-0076.fits 
On File: spec-3673-55178-0077.fits 
On File: spec-3673-55178-0078.fits 
On File: spec-3673-55178-0079.fits 
On File: spec-3673-55178-0080.fits 
On File: spec-3673-55178-0081.fits 
On File: spec-3673-55178-0082.fits 
On File: spec-3673-55178-0083.fits 
On File: spec-3673-55178-0084.fits 
On File: spec-3673-55178-0085.fits 
On File: spec-3673-55178-0086.fits 
On File: spec-3673-55178-0087.fits 
On File: spec-3673-55178-0088.fits 
On File: spec-3673-55178-0089.fits 
On File: spec-3673-55178-0090.fits 
On File: spec-3673-55178-0091.fits 
On File: spec-3673-55178-0092.fits 
On File: spec-3673-55178-0093.fits 
On File: spec-3673-55178-0094.fits 
On File: spec-3673-55178-0095.fits 
On File: spec-3673-55178-0096.fits 
On File: spec-3673-55178-0097.fits 
On File: spec-3673-55178-0098.fits 
On File: spec-3673-55178-0099.fits 
On File: spec-3673-55178-0100.fits 
On File: spec-3673-55178-0101.fits 
On File: spec-3673-55178-0102.fits 
On File: spec-3673-55178-0103.fits 
On File: spec-3673-55178-0104.fits 
On File: spec-3673-55178-0105.fits 
On File: spec-3673-55178-0106.fits 
On File: spec-3673-55178-0107.fits 
On File: spec-3673-55178-0108.fits 
On File: spec-3673-55178-0109.fits 
On File: spec-3673-55178-0110.fits 
On File: spec-3673-55178-0111.fits 
On File: spec-3673-55178-0112.fits 
On File: spec-3673-55178-0113.fits 
On File: spec-3673-55178-0114.fits 
On File: spec-3673-55178-0115.fits 
On File: spec-3673-55178-0116.fits 
On File: spec-3673-55178-0117.fits 
On File: spec-3673-55178-0118.fits 
On File: spec-3673-55178-0119.fits 
On File: spec-3673-55178-0120.fits 
On File: spec-3673-55178-0121.fits 
On File: spec-3673-55178-0122.fits 
On File: spec-3673-55178-0123.fits 
On File: spec-3673-55178-0124.fits 
On File: spec-3673-55178-0125.fits 
On File: spec-3673-55178-0126.fits 
On File: spec-3673-55178-0127.fits 
On File: spec-3673-55178-0128.fits 
On File: spec-3673-55178-0129.fits 
On File: spec-3673-55178-0130.fits 
On File: spec-3673-55178-0131.fits 
On File: spec-3673-55178-0132.fits 
On File: spec-3673-55178-0133.fits 
On File: spec-3673-55178-0134.fits 
On File: spec-3673-55178-0135.fits 
On File: spec-3673-55178-0136.fits 
On File: spec-3673-55178-0137.fits 
On File: spec-3673-55178-0138.fits 
On File: spec-3673-55178-0139.fits 
On File: spec-3673-55178-0140.fits 
On File: spec-3673-55178-0141.fits 
On File: spec-3673-55178-0142.fits 
On File: spec-3673-55178-0143.fits 
On File: spec-3673-55178-0144.fits 
On File: spec-3673-55178-0145.fits 
On File: spec-3673-55178-0146.fits 
On File: spec-3673-55178-0147.fits 
On File: spec-3673-55178-0148.fits 
On File: spec-3673-55178-0149.fits 
On File: spec-3673-55178-0150.fits 
On File: spec-3673-55178-0151.fits 
On File: spec-3673-55178-0152.fits 
On File: spec-3673-55178-0153.fits 
On File: spec-3673-55178-0154.fits 
On File: spec-3673-55178-0155.fits 
On File: spec-3673-55178-0156.fits 
On File: spec-3673-55178-0157.fits 
On File: spec-3673-55178-0158.fits 
On File: spec-3673-55178-0159.fits 
On File: spec-3673-55178-0160.fits 
On File: spec-3673-55178-0161.fits 
On File: spec-3673-55178-0162.fits 
On File: spec-3673-55178-0163.fits 
On File: spec-3673-55178-0164.fits 
On File: spec-3673-55178-0165.fits 
On File: spec-3673-55178-0166.fits 
On File: spec-3673-55178-0167.fits 
On File: spec-3673-55178-0168.fits 
On File: spec-3673-55178-0169.fits 
On File: spec-3673-55178-0170.fits 
On File: spec-3673-55178-0171.fits 
On File: spec-3673-55178-0172.fits 
On File: spec-3673-55178-0173.fits 
On File: spec-3673-55178-0174.fits 
On File: spec-3673-55178-0175.fits 
On File: spec-3673-55178-0176.fits 
On File: spec-3673-55178-0177.fits 
On File: spec-3673-55178-0178.fits 
On File: spec-3673-55178-0179.fits 
On File: spec-3673-55178-0180.fits 
On File: spec-3673-55178-0181.fits 
On File: spec-3673-55178-0182.fits 
On File: spec-3673-55178-0183.fits 
On File: spec-3673-55178-0184.fits 
On File: spec-3673-55178-0185.fits 
On File: spec-3673-55178-0186.fits 
On File: spec-3673-55178-0187.fits 
On File: spec-3673-55178-0188.fits 
On File: spec-3673-55178-0189.fits 
On File: spec-3673-55178-0190.fits 
On File: spec-3673-55178-0191.fits 
On File: spec-3673-55178-0192.fits 
On File: spec-3673-55178-0193.fits 
On File: spec-3673-55178-0194.fits 
On File: spec-3673-55178-0195.fits 
On File: spec-3673-55178-0196.fits 
On File: spec-3673-55178-0197.fits 
On File: spec-3673-55178-0198.fits 
On File: spec-3673-55178-0199.fits 
On File: spec-3673-55178-0200.fits 
On File: spec-3673-55178-0201.fits 
On File: spec-3673-55178-0202.fits 
On File: spec-3673-55178-0203.fits 
On File: spec-3673-55178-0204.fits 
On File: spec-3673-55178-0205.fits 
On File: spec-3673-55178-0206.fits 
On File: spec-3673-55178-0207.fits 
On File: spec-3673-55178-0208.fits 
On File: spec-3673-55178-0209.fits 
On File: spec-3673-55178-0210.fits 
On File: spec-3673-55178-0211.fits 
On File: spec-3673-55178-0212.fits 
On File: spec-3673-55178-0213.fits 
On File: spec-3673-55178-0214.fits 
On File: spec-3673-55178-0215.fits 
On File: spec-3673-55178-0216.fits 
On File: spec-3673-55178-0217.fits 
On File: spec-3673-55178-0218.fits 
On File: spec-3673-55178-0219.fits 
On File: spec-3673-55178-0220.fits 
On File: spec-3673-55178-0221.fits 
On File: spec-3673-55178-0222.fits 
On File: spec-3673-55178-0223.fits 
On File: spec-3673-55178-0224.fits 
On File: spec-3673-55178-0225.fits 
On File: spec-3673-55178-0226.fits 
On File: spec-3673-55178-0227.fits 
On File: spec-3673-55178-0228.fits 
On File: spec-3673-55178-0229.fits 
On File: spec-3673-55178-0230.fits 
On File: spec-3673-55178-0231.fits 
On File: spec-3673-55178-0232.fits 
On File: spec-3673-55178-0233.fits 
On File: spec-3673-55178-0234.fits 
On File: spec-3673-55178-0235.fits 
On File: spec-3673-55178-0236.fits 
On File: spec-3673-55178-0237.fits 
On File: spec-3673-55178-0238.fits 
On File: spec-3673-55178-0239.fits 
On File: spec-3673-55178-0240.fits 
On File: spec-3673-55178-0241.fits 
On File: spec-3673-55178-0242.fits 
On File: spec-3673-55178-0243.fits 
On File: spec-3673-55178-0244.fits 
On File: spec-3673-55178-0245.fits 
On File: spec-3673-55178-0246.fits 
On File: spec-3673-55178-0247.fits 
On File: spec-3673-55178-0248.fits 
On File: spec-3673-55178-0249.fits 
On File: spec-3673-55178-0250.fits 
On File: spec-3673-55178-0251.fits 
On File: spec-3673-55178-0252.fits 
On File: spec-3673-55178-0253.fits 
On File: spec-3673-55178-0254.fits 
On File: spec-3673-55178-0255.fits 
On File: spec-3673-55178-0256.fits 
On File: spec-3673-55178-0257.fits 
On File: spec-3673-55178-0258.fits 
On File: spec-3673-55178-0259.fits 
On File: spec-3673-55178-0260.fits 
On File: spec-3673-55178-0261.fits 
On File: spec-3673-55178-0262.fits 
On File: spec-3673-55178-0263.fits 
On File: spec-3673-55178-0264.fits 
On File: spec-3673-55178-0265.fits 
On File: spec-3673-55178-0266.fits 
On File: spec-3673-55178-0267.fits 
On File: spec-3673-55178-0268.fits 
On File: spec-3673-55178-0269.fits 
On File: spec-3673-55178-0270.fits 
On File: spec-3673-55178-0271.fits 
On File: spec-3673-55178-0272.fits 
On File: spec-3673-55178-0273.fits 
On File: spec-3673-55178-0274.fits 
On File: spec-3673-55178-0275.fits 
On File: spec-3673-55178-0276.fits 
On File: spec-3673-55178-0277.fits 
On File: spec-3673-55178-0278.fits 
On File: spec-3673-55178-0279.fits 
On File: spec-3673-55178-0280.fits 
On File: spec-3673-55178-0281.fits 
On File: spec-3673-55178-0282.fits 
On File: spec-3673-55178-0283.fits 
On File: spec-3673-55178-0284.fits 
On File: spec-3673-55178-0285.fits 
On File: spec-3673-55178-0286.fits 
On File: spec-3673-55178-0287.fits 
On File: spec-3673-55178-0288.fits 
On File: spec-3673-55178-0289.fits 
On File: spec-3673-55178-0290.fits 
On File: spec-3673-55178-0291.fits 
On File: spec-3673-55178-0292.fits 
On File: spec-3673-55178-0293.fits 
On File: spec-3673-55178-0294.fits 
On File: spec-3673-55178-0295.fits 
On File: spec-3673-55178-0296.fits 
On File: spec-3673-55178-0297.fits 
On File: spec-3673-55178-0298.fits 
On File: spec-3673-55178-0299.fits 
On File: spec-3673-55178-0300.fits 
On File: spec-3673-55178-0301.fits 
On File: spec-3673-55178-0302.fits 
On File: spec-3673-55178-0303.fits 
On File: spec-3673-55178-0304.fits 
On File: spec-3673-55178-0305.fits 
On File: spec-3673-55178-0306.fits 
On File: spec-3673-55178-0307.fits 
On File: spec-3673-55178-0308.fits 
On File: spec-3673-55178-0309.fits 
On File: spec-3673-55178-0310.fits 
On File: spec-3673-55178-0311.fits 
On File: spec-3673-55178-0312.fits 
On File: spec-3673-55178-0313.fits 
On File: spec-3673-55178-0314.fits 
On File: spec-3673-55178-0315.fits 
On File: spec-3673-55178-0316.fits 
On File: spec-3673-55178-0317.fits 
On File: spec-3673-55178-0318.fits 
On File: spec-3673-55178-0319.fits 
On File: spec-3673-55178-0320.fits 
On File: spec-3673-55178-0321.fits 
On File: spec-3673-55178-0322.fits 
On File: spec-3673-55178-0323.fits 
On File: spec-3673-55178-0324.fits 
On File: spec-3673-55178-0325.fits 
On File: spec-3673-55178-0326.fits 
On File: spec-3673-55178-0327.fits 
On File: spec-3673-55178-0328.fits 
On File: spec-3673-55178-0329.fits 
On File: spec-3673-55178-0330.fits 
On File: spec-3673-55178-0331.fits 
On File: spec-3673-55178-0332.fits 
On File: spec-3673-55178-0333.fits 
On File: spec-3673-55178-0334.fits 
On File: spec-3673-55178-0335.fits 
On File: spec-3673-55178-0336.fits 
On File: spec-3673-55178-0337.fits 
On File: spec-3673-55178-0338.fits 
On File: spec-3673-55178-0339.fits 
On File: spec-3673-55178-0340.fits 
On File: spec-3673-55178-0341.fits 
On File: spec-3673-55178-0342.fits 
On File: spec-3673-55178-0343.fits 
On File: spec-3673-55178-0344.fits 
On File: spec-3673-55178-0345.fits 
On File: spec-3673-55178-0346.fits 
On File: spec-3673-55178-0347.fits 
On File: spec-3673-55178-0348.fits 
On File: spec-3673-55178-0349.fits 
On File: spec-3673-55178-0350.fits 
On File: spec-3673-55178-0351.fits 
On File: spec-3673-55178-0352.fits 
On File: spec-3673-55178-0353.fits 
On File: spec-3673-55178-0354.fits 
On File: spec-3673-55178-0355.fits 
On File: spec-3673-55178-0356.fits 
On File: spec-3673-55178-0357.fits 
On File: spec-3673-55178-0358.fits 
On File: spec-3673-55178-0359.fits 
On File: spec-3673-55178-0360.fits 
On File: spec-3673-55178-0361.fits 
On File: spec-3673-55178-0362.fits 
On File: spec-3673-55178-0363.fits 
On File: spec-3673-55178-0364.fits 
On File: spec-3673-55178-0365.fits 
On File: spec-3673-55178-0366.fits 
On File: spec-3673-55178-0367.fits 
On File: spec-3673-55178-0368.fits 
On File: spec-3673-55178-0369.fits 
On File: spec-3673-55178-0370.fits 
On File: spec-3673-55178-0371.fits 
On File: spec-3673-55178-0372.fits 
On File: spec-3673-55178-0373.fits 
On File: spec-3673-55178-0374.fits 
On File: spec-3673-55178-0375.fits 
On File: spec-3673-55178-0376.fits 
On File: spec-3673-55178-0377.fits 
On File: spec-3673-55178-0378.fits 
On File: spec-3673-55178-0379.fits 
On File: spec-3673-55178-0380.fits 
On File: spec-3673-55178-0381.fits 
On File: spec-3673-55178-0382.fits 
On File: spec-3673-55178-0383.fits 
On File: spec-3673-55178-0384.fits 
On File: spec-3673-55178-0385.fits 
On File: spec-3673-55178-0386.fits 
On File: spec-3673-55178-0387.fits 
On File: spec-3673-55178-0388.fits 
On File: spec-3673-55178-0389.fits 
On File: spec-3673-55178-0390.fits 
On File: spec-3673-55178-0391.fits 
On File: spec-3673-55178-0392.fits 
On File: spec-3673-55178-0393.fits 
On File: spec-3673-55178-0394.fits 
On File: spec-3673-55178-0395.fits 
On File: spec-3673-55178-0396.fits 
On File: spec-3673-55178-0397.fits 
On File: spec-3673-55178-0398.fits 
On File: spec-3673-55178-0399.fits 
On File: spec-3673-55178-0400.fits 
On File: spec-3673-55178-0401.fits 
On File: spec-3673-55178-0402.fits 
On File: spec-3673-55178-0403.fits 
On File: spec-3673-55178-0404.fits 
On File: spec-3673-55178-0405.fits 
On File: spec-3673-55178-0406.fits 
On File: spec-3673-55178-0407.fits 
On File: spec-3673-55178-0408.fits 
On File: spec-3673-55178-0409.fits 
On File: spec-3673-55178-0410.fits 
On File: spec-3673-55178-0411.fits 
On File: spec-3673-55178-0412.fits 
On File: spec-3673-55178-0413.fits 
On File: spec-3673-55178-0414.fits 
On File: spec-3673-55178-0415.fits 
On File: spec-3673-55178-0416.fits 
On File: spec-3673-55178-0417.fits 
On File: spec-3673-55178-0418.fits 
On File: spec-3673-55178-0419.fits 
On File: spec-3673-55178-0420.fits 
On File: spec-3673-55178-0421.fits 
On File: spec-3673-55178-0422.fits 
On File: spec-3673-55178-0423.fits 
On File: spec-3673-55178-0424.fits 
On File: spec-3673-55178-0425.fits 
On File: spec-3673-55178-0426.fits 
On File: spec-3673-55178-0427.fits 
On File: spec-3673-55178-0428.fits 
On File: spec-3673-55178-0429.fits 
On File: spec-3673-55178-0430.fits 
On File: spec-3673-55178-0431.fits 
On File: spec-3673-55178-0432.fits 
On File: spec-3673-55178-0433.fits 
On File: spec-3673-55178-0434.fits 
On File: spec-3673-55178-0435.fits 
On File: spec-3673-55178-0436.fits 
On File: spec-3673-55178-0437.fits 
On File: spec-3673-55178-0438.fits 
On File: spec-3673-55178-0439.fits 
On File: spec-3673-55178-0440.fits 
On File: spec-3673-55178-0441.fits 
On File: spec-3673-55178-0442.fits 
On File: spec-3673-55178-0443.fits 
On File: spec-3673-55178-0444.fits 
On File: spec-3673-55178-0445.fits 
On File: spec-3673-55178-0446.fits 
On File: spec-3673-55178-0447.fits 
On File: spec-3673-55178-0448.fits 
On File: spec-3673-55178-0449.fits 
On File: spec-3673-55178-0450.fits 
On File: spec-3673-55178-0451.fits 
On File: spec-3673-55178-0452.fits 
On File: spec-3673-55178-0453.fits 
On File: spec-3673-55178-0454.fits 
On File: spec-3673-55178-0455.fits 
On File: spec-3673-55178-0456.fits 
On File: spec-3673-55178-0457.fits 
On File: spec-3673-55178-0458.fits 
On File: spec-3673-55178-0459.fits 
On File: spec-3673-55178-0460.fits 
On File: spec-3673-55178-0461.fits 
On File: spec-3673-55178-0462.fits 
On File: spec-3673-55178-0463.fits 
On File: spec-3673-55178-0464.fits 
On File: spec-3673-55178-0465.fits 
On File: spec-3673-55178-0466.fits 
On File: spec-3673-55178-0467.fits 
On File: spec-3673-55178-0468.fits 
On File: spec-3673-55178-0469.fits 
On File: spec-3673-55178-0470.fits 
On File: spec-3673-55178-0471.fits 
On File: spec-3673-55178-0472.fits 
On File: spec-3673-55178-0473.fits 
On File: spec-3673-55178-0474.fits 
On File: spec-3673-55178-0475.fits 
On File: spec-3673-55178-0476.fits 
On File: spec-3673-55178-0477.fits 
On File: spec-3673-55178-0478.fits 
On File: spec-3673-55178-0479.fits 
On File: spec-3673-55178-0480.fits 
On File: spec-3673-55178-0481.fits 
On File: spec-3673-55178-0482.fits 
On File: spec-3673-55178-0483.fits 
On File: spec-3673-55178-0484.fits 
On File: spec-3673-55178-0485.fits 
On File: spec-3673-55178-0486.fits 
On File: spec-3673-55178-0487.fits 
On File: spec-3673-55178-0488.fits 
On File: spec-3673-55178-0489.fits 
On File: spec-3673-55178-0490.fits 
On File: spec-3673-55178-0491.fits 
On File: spec-3673-55178-0492.fits 
On File: spec-3673-55178-0493.fits 
On File: spec-3673-55178-0494.fits 
On File: spec-3673-55178-0495.fits 
On File: spec-3673-55178-0496.fits 
On File: spec-3673-55178-0497.fits 
On File: spec-3673-55178-0498.fits 
On File: spec-3673-55178-0499.fits 
On File: spec-3673-55178-0500.fits 
On File: spec-3673-55178-0501.fits 
On File: spec-3673-55178-0502.fits 
On File: spec-3673-55178-0503.fits 
On File: spec-3673-55178-0504.fits 
On File: spec-3673-55178-0505.fits 
On File: spec-3673-55178-0506.fits 
On File: spec-3673-55178-0507.fits 
On File: spec-3673-55178-0508.fits 
On File: spec-3673-55178-0509.fits 
On File: spec-3673-55178-0510.fits 
On File: spec-3673-55178-0511.fits 
On File: spec-3673-55178-0512.fits 
On File: spec-3673-55178-0513.fits 
On File: spec-3673-55178-0514.fits 
On File: spec-3673-55178-0515.fits 
On File: spec-3673-55178-0516.fits 
On File: spec-3673-55178-0517.fits 
On File: spec-3673-55178-0518.fits 
On File: spec-3673-55178-0519.fits 
On File: spec-3673-55178-0520.fits 
On File: spec-3673-55178-0521.fits 
On File: spec-3673-55178-0522.fits 
On File: spec-3673-55178-0523.fits 
On File: spec-3673-55178-0524.fits 
On File: spec-3673-55178-0525.fits 
On File: spec-3673-55178-0526.fits 
On File: spec-3673-55178-0527.fits 
On File: spec-3673-55178-0528.fits 
On File: spec-3673-55178-0529.fits 
On File: spec-3673-55178-0530.fits 
On File: spec-3673-55178-0531.fits 
On File: spec-3673-55178-0532.fits 
On File: spec-3673-55178-0533.fits 
On File: spec-3673-55178-0534.fits 
On File: spec-3673-55178-0535.fits 
On File: spec-3673-55178-0536.fits 
On File: spec-3673-55178-0537.fits 
On File: spec-3673-55178-0538.fits 
On File: spec-3673-55178-0539.fits 
On File: spec-3673-55178-0540.fits 
On File: spec-3673-55178-0541.fits 
On File: spec-3673-55178-0542.fits 
On File: spec-3673-55178-0543.fits 
On File: spec-3673-55178-0544.fits 
On File: spec-3673-55178-0545.fits 
On File: spec-3673-55178-0546.fits 
On File: spec-3673-55178-0547.fits 
On File: spec-3673-55178-0548.fits 
On File: spec-3673-55178-0549.fits 
On File: spec-3673-55178-0550.fits 
On File: spec-3673-55178-0551.fits 
On File: spec-3673-55178-0552.fits 
On File: spec-3673-55178-0553.fits 
On File: spec-3673-55178-0554.fits 
On File: spec-3673-55178-0555.fits 
On File: spec-3673-55178-0556.fits 
On File: spec-3673-55178-0557.fits 
On File: spec-3673-55178-0558.fits 
On File: spec-3673-55178-0559.fits 
On File: spec-3673-55178-0560.fits 
On File: spec-3673-55178-0561.fits 
On File: spec-3673-55178-0562.fits 
On File: spec-3673-55178-0563.fits 
On File: spec-3673-55178-0564.fits 
On File: spec-3673-55178-0565.fits 
On File: spec-3673-55178-0566.fits 
On File: spec-3673-55178-0567.fits 
On File: spec-3673-55178-0568.fits 
On File: spec-3673-55178-0569.fits 
On File: spec-3673-55178-0570.fits 
On File: spec-3673-55178-0571.fits 
On File: spec-3673-55178-0572.fits 
On File: spec-3673-55178-0573.fits 
On File: spec-3673-55178-0574.fits 
On File: spec-3673-55178-0575.fits 
On File: spec-3673-55178-0576.fits 
On File: spec-3673-55178-0577.fits 
On File: spec-3673-55178-0578.fits 
On File: spec-3673-55178-0579.fits 
On File: spec-3673-55178-0580.fits 
On File: spec-3673-55178-0581.fits 
On File: spec-3673-55178-0582.fits 
On File: spec-3673-55178-0583.fits 
On File: spec-3673-55178-0584.fits 
On File: spec-3673-55178-0585.fits 
On File: spec-3673-55178-0586.fits 
On File: spec-3673-55178-0587.fits 
On File: spec-3673-55178-0588.fits 
On File: spec-3673-55178-0589.fits 
On File: spec-3673-55178-0590.fits 
On File: spec-3673-55178-0591.fits 
On File: spec-3673-55178-0592.fits 
On File: spec-3673-55178-0593.fits 
On File: spec-3673-55178-0594.fits 
On File: spec-3673-55178-0595.fits 
On File: spec-3673-55178-0596.fits 
On File: spec-3673-55178-0597.fits 
On File: spec-3673-55178-0598.fits 
On File: spec-3673-55178-0599.fits 
On File: spec-3673-55178-0600.fits 
On File: spec-3673-55178-0601.fits 
On File: spec-3673-55178-0602.fits 
On File: spec-3673-55178-0603.fits 
On File: spec-3673-55178-0604.fits 
On File: spec-3673-55178-0605.fits 
On File: spec-3673-55178-0606.fits 
On File: spec-3673-55178-0607.fits 
On File: spec-3673-55178-0608.fits 
On File: spec-3673-55178-0609.fits 
On File: spec-3673-55178-0610.fits 
On File: spec-3673-55178-0611.fits 
On File: spec-3673-55178-0612.fits 
On File: spec-3673-55178-0613.fits 
On File: spec-3673-55178-0614.fits 
On File: spec-3673-55178-0615.fits 
On File: spec-3673-55178-0616.fits 
On File: spec-3673-55178-0617.fits 
On File: spec-3673-55178-0618.fits 
On File: spec-3673-55178-0619.fits 
On File: spec-3673-55178-0620.fits 
On File: spec-3673-55178-0621.fits 
On File: spec-3673-55178-0622.fits 
On File: spec-3673-55178-0623.fits 
On File: spec-3673-55178-0624.fits 
On File: spec-3673-55178-0625.fits 
On File: spec-3673-55178-0626.fits 
On File: spec-3673-55178-0627.fits 
On File: spec-3673-55178-0628.fits 
On File: spec-3673-55178-0629.fits 
On File: spec-3673-55178-0630.fits 
On File: spec-3673-55178-0631.fits 
On File: spec-3673-55178-0632.fits 
On File: spec-3673-55178-0633.fits 
On File: spec-3673-55178-0634.fits 
On File: spec-3673-55178-0635.fits 
On File: spec-3673-55178-0636.fits 
On File: spec-3673-55178-0637.fits 
On File: spec-3673-55178-0638.fits 
On File: spec-3673-55178-0639.fits 
On File: spec-3673-55178-0640.fits 
On File: spec-3673-55178-0641.fits 
On File: spec-3673-55178-0642.fits 
On File: spec-3673-55178-0643.fits 
On File: spec-3673-55178-0644.fits 
On File: spec-3673-55178-0645.fits 
On File: spec-3673-55178-0646.fits 
On File: spec-3673-55178-0647.fits 
On File: spec-3673-55178-0648.fits 
On File: spec-3673-55178-0649.fits 
On File: spec-3673-55178-0650.fits 
On File: spec-3673-55178-0651.fits 
On File: spec-3673-55178-0652.fits 
On File: spec-3673-55178-0653.fits 
On File: spec-3673-55178-0654.fits 
On File: spec-3673-55178-0655.fits 
On File: spec-3673-55178-0656.fits 
On File: spec-3673-55178-0657.fits 
On File: spec-3673-55178-0658.fits 
On File: spec-3673-55178-0659.fits 
On File: spec-3673-55178-0660.fits 
On File: spec-3673-55178-0661.fits 
On File: spec-3673-55178-0662.fits 
On File: spec-3673-55178-0663.fits 
On File: spec-3673-55178-0664.fits 
On File: spec-3673-55178-0665.fits 
On File: spec-3673-55178-0666.fits 
On File: spec-3673-55178-0667.fits 
On File: spec-3673-55178-0668.fits 
On File: spec-3673-55178-0669.fits 
On File: spec-3673-55178-0670.fits 
On File: spec-3673-55178-0671.fits 
On File: spec-3673-55178-0672.fits 
On File: spec-3673-55178-0673.fits 
On File: spec-3673-55178-0674.fits 
On File: spec-3673-55178-0675.fits 
On File: spec-3673-55178-0676.fits 
On File: spec-3673-55178-0677.fits 
On File: spec-3673-55178-0678.fits 
On File: spec-3673-55178-0679.fits 
On File: spec-3673-55178-0680.fits 
On File: spec-3673-55178-0681.fits 
On File: spec-3673-55178-0682.fits 
On File: spec-3673-55178-0683.fits 
On File: spec-3673-55178-0684.fits 
On File: spec-3673-55178-0685.fits 
On File: spec-3673-55178-0686.fits 
On File: spec-3673-55178-0687.fits 
On File: spec-3673-55178-0688.fits 
On File: spec-3673-55178-0689.fits 
On File: spec-3673-55178-0690.fits 
On File: spec-3673-55178-0691.fits 
