Unpacking R413.tar.gz ...
Unpacking packages_FITSio.tar.gz ...
Unpacking current *.tgz file
[1] "Initializing Console ..."
[1] "Inputing command line prompts ..."
[1] "Loading package FITSio."
[1] "Reading cB58_Lyman_break.fit ..."
[1] "Starting main process ..."
On File: spec-3586-55181-0001.fits 
On File: spec-3586-55181-0002.fits 
On File: spec-3586-55181-0003.fits 
On File: spec-3586-55181-0004.fits 
On File: spec-3586-55181-0005.fits 
On File: spec-3586-55181-0006.fits 
On File: spec-3586-55181-0007.fits 
On File: spec-3586-55181-0008.fits 
On File: spec-3586-55181-0009.fits 
On File: spec-3586-55181-0010.fits 
On File: spec-3586-55181-0011.fits 
On File: spec-3586-55181-0012.fits 
On File: spec-3586-55181-0013.fits 
On File: spec-3586-55181-0014.fits 
On File: spec-3586-55181-0015.fits 
On File: spec-3586-55181-0016.fits 
On File: spec-3586-55181-0017.fits 
On File: spec-3586-55181-0018.fits 
On File: spec-3586-55181-0019.fits 
On File: spec-3586-55181-0020.fits 
On File: spec-3586-55181-0021.fits 
On File: spec-3586-55181-0022.fits 
On File: spec-3586-55181-0023.fits 
On File: spec-3586-55181-0024.fits 
On File: spec-3586-55181-0025.fits 
On File: spec-3586-55181-0026.fits 
On File: spec-3586-55181-0027.fits 
On File: spec-3586-55181-0028.fits 
On File: spec-3586-55181-0029.fits 
On File: spec-3586-55181-0030.fits 
On File: spec-3586-55181-0031.fits 
On File: spec-3586-55181-0032.fits 
On File: spec-3586-55181-0033.fits 
On File: spec-3586-55181-0034.fits 
On File: spec-3586-55181-0035.fits 
On File: spec-3586-55181-0036.fits 
On File: spec-3586-55181-0037.fits 
On File: spec-3586-55181-0038.fits 
On File: spec-3586-55181-0039.fits 
On File: spec-3586-55181-0040.fits 
On File: spec-3586-55181-0041.fits 
On File: spec-3586-55181-0042.fits 
On File: spec-3586-55181-0043.fits 
On File: spec-3586-55181-0044.fits 
On File: spec-3586-55181-0045.fits 
On File: spec-3586-55181-0046.fits 
On File: spec-3586-55181-0047.fits 
On File: spec-3586-55181-0048.fits 
On File: spec-3586-55181-0049.fits 
On File: spec-3586-55181-0050.fits 
On File: spec-3586-55181-0051.fits 
On File: spec-3586-55181-0052.fits 
On File: spec-3586-55181-0053.fits 
On File: spec-3586-55181-0054.fits 
On File: spec-3586-55181-0055.fits 
On File: spec-3586-55181-0056.fits 
On File: spec-3586-55181-0057.fits 
On File: spec-3586-55181-0058.fits 
On File: spec-3586-55181-0059.fits 
On File: spec-3586-55181-0060.fits 
On File: spec-3586-55181-0061.fits 
On File: spec-3586-55181-0062.fits 
On File: spec-3586-55181-0063.fits 
On File: spec-3586-55181-0064.fits 
On File: spec-3586-55181-0065.fits 
On File: spec-3586-55181-0066.fits 
On File: spec-3586-55181-0067.fits 
On File: spec-3586-55181-0068.fits 
On File: spec-3586-55181-0069.fits 
On File: spec-3586-55181-0070.fits 
On File: spec-3586-55181-0071.fits 
On File: spec-3586-55181-0072.fits 
On File: spec-3586-55181-0073.fits 
On File: spec-3586-55181-0074.fits 
On File: spec-3586-55181-0075.fits 
On File: spec-3586-55181-0076.fits 
On File: spec-3586-55181-0077.fits 
On File: spec-3586-55181-0078.fits 
On File: spec-3586-55181-0079.fits 
On File: spec-3586-55181-0080.fits 
On File: spec-3586-55181-0081.fits 
On File: spec-3586-55181-0082.fits 
On File: spec-3586-55181-0083.fits 
On File: spec-3586-55181-0084.fits 
On File: spec-3586-55181-0085.fits 
On File: spec-3586-55181-0086.fits 
On File: spec-3586-55181-0087.fits 
On File: spec-3586-55181-0088.fits 
On File: spec-3586-55181-0089.fits 
On File: spec-3586-55181-0090.fits 
On File: spec-3586-55181-0091.fits 
On File: spec-3586-55181-0092.fits 
On File: spec-3586-55181-0093.fits 
On File: spec-3586-55181-0094.fits 
On File: spec-3586-55181-0095.fits 
On File: spec-3586-55181-0096.fits 
On File: spec-3586-55181-0097.fits 
On File: spec-3586-55181-0098.fits 
On File: spec-3586-55181-0099.fits 
On File: spec-3586-55181-0100.fits 
On File: spec-3586-55181-0101.fits 
On File: spec-3586-55181-0102.fits 
On File: spec-3586-55181-0103.fits 
On File: spec-3586-55181-0104.fits 
On File: spec-3586-55181-0105.fits 
On File: spec-3586-55181-0106.fits 
On File: spec-3586-55181-0107.fits 
On File: spec-3586-55181-0108.fits 
On File: spec-3586-55181-0109.fits 
On File: spec-3586-55181-0110.fits 
On File: spec-3586-55181-0111.fits 
On File: spec-3586-55181-0112.fits 
On File: spec-3586-55181-0113.fits 
On File: spec-3586-55181-0114.fits 
On File: spec-3586-55181-0115.fits 
On File: spec-3586-55181-0116.fits 
On File: spec-3586-55181-0117.fits 
On File: spec-3586-55181-0118.fits 
On File: spec-3586-55181-0119.fits 
On File: spec-3586-55181-0120.fits 
On File: spec-3586-55181-0121.fits 
On File: spec-3586-55181-0122.fits 
On File: spec-3586-55181-0123.fits 
On File: spec-3586-55181-0124.fits 
On File: spec-3586-55181-0125.fits 
On File: spec-3586-55181-0126.fits 
On File: spec-3586-55181-0127.fits 
On File: spec-3586-55181-0128.fits 
On File: spec-3586-55181-0129.fits 
On File: spec-3586-55181-0130.fits 
On File: spec-3586-55181-0131.fits 
On File: spec-3586-55181-0132.fits 
On File: spec-3586-55181-0133.fits 
On File: spec-3586-55181-0134.fits 
On File: spec-3586-55181-0135.fits 
On File: spec-3586-55181-0136.fits 
On File: spec-3586-55181-0137.fits 
On File: spec-3586-55181-0138.fits 
On File: spec-3586-55181-0139.fits 
On File: spec-3586-55181-0140.fits 
On File: spec-3586-55181-0141.fits 
On File: spec-3586-55181-0142.fits 
On File: spec-3586-55181-0143.fits 
On File: spec-3586-55181-0144.fits 
On File: spec-3586-55181-0145.fits 
On File: spec-3586-55181-0146.fits 
On File: spec-3586-55181-0147.fits 
On File: spec-3586-55181-0148.fits 
On File: spec-3586-55181-0149.fits 
On File: spec-3586-55181-0150.fits 
On File: spec-3586-55181-0151.fits 
On File: spec-3586-55181-0152.fits 
On File: spec-3586-55181-0153.fits 
On File: spec-3586-55181-0154.fits 
On File: spec-3586-55181-0155.fits 
On File: spec-3586-55181-0156.fits 
On File: spec-3586-55181-0157.fits 
On File: spec-3586-55181-0158.fits 
On File: spec-3586-55181-0159.fits 
On File: spec-3586-55181-0160.fits 
On File: spec-3586-55181-0161.fits 
On File: spec-3586-55181-0162.fits 
On File: spec-3586-55181-0163.fits 
On File: spec-3586-55181-0164.fits 
On File: spec-3586-55181-0165.fits 
On File: spec-3586-55181-0166.fits 
On File: spec-3586-55181-0167.fits 
On File: spec-3586-55181-0168.fits 
On File: spec-3586-55181-0169.fits 
On File: spec-3586-55181-0170.fits 
On File: spec-3586-55181-0171.fits 
On File: spec-3586-55181-0172.fits 
On File: spec-3586-55181-0173.fits 
On File: spec-3586-55181-0174.fits 
On File: spec-3586-55181-0175.fits 
On File: spec-3586-55181-0176.fits 
On File: spec-3586-55181-0177.fits 
On File: spec-3586-55181-0178.fits 
On File: spec-3586-55181-0179.fits 
On File: spec-3586-55181-0180.fits 
On File: spec-3586-55181-0181.fits 
On File: spec-3586-55181-0182.fits 
On File: spec-3586-55181-0183.fits 
On File: spec-3586-55181-0184.fits 
On File: spec-3586-55181-0185.fits 
On File: spec-3586-55181-0186.fits 
On File: spec-3586-55181-0187.fits 
On File: spec-3586-55181-0188.fits 
On File: spec-3586-55181-0189.fits 
On File: spec-3586-55181-0190.fits 
On File: spec-3586-55181-0191.fits 
On File: spec-3586-55181-0192.fits 
On File: spec-3586-55181-0193.fits 
On File: spec-3586-55181-0194.fits 
On File: spec-3586-55181-0195.fits 
On File: spec-3586-55181-0196.fits 
On File: spec-3586-55181-0197.fits 
On File: spec-3586-55181-0198.fits 
On File: spec-3586-55181-0199.fits 
On File: spec-3586-55181-0200.fits 
On File: spec-3586-55181-0201.fits 
On File: spec-3586-55181-0202.fits 
On File: spec-3586-55181-0203.fits 
On File: spec-3586-55181-0204.fits 
On File: spec-3586-55181-0205.fits 
On File: spec-3586-55181-0206.fits 
On File: spec-3586-55181-0207.fits 
On File: spec-3586-55181-0208.fits 
On File: spec-3586-55181-0209.fits 
On File: spec-3586-55181-0210.fits 
On File: spec-3586-55181-0211.fits 
On File: spec-3586-55181-0212.fits 
On File: spec-3586-55181-0213.fits 
On File: spec-3586-55181-0214.fits 
On File: spec-3586-55181-0215.fits 
On File: spec-3586-55181-0216.fits 
On File: spec-3586-55181-0217.fits 
On File: spec-3586-55181-0218.fits 
On File: spec-3586-55181-0219.fits 
On File: spec-3586-55181-0220.fits 
On File: spec-3586-55181-0221.fits 
On File: spec-3586-55181-0222.fits 
On File: spec-3586-55181-0223.fits 
On File: spec-3586-55181-0224.fits 
On File: spec-3586-55181-0225.fits 
On File: spec-3586-55181-0226.fits 
On File: spec-3586-55181-0227.fits 
On File: spec-3586-55181-0228.fits 
On File: spec-3586-55181-0229.fits 
On File: spec-3586-55181-0230.fits 
On File: spec-3586-55181-0231.fits 
On File: spec-3586-55181-0232.fits 
On File: spec-3586-55181-0233.fits 
On File: spec-3586-55181-0234.fits 
On File: spec-3586-55181-0235.fits 
On File: spec-3586-55181-0236.fits 
On File: spec-3586-55181-0237.fits 
On File: spec-3586-55181-0238.fits 
On File: spec-3586-55181-0239.fits 
On File: spec-3586-55181-0240.fits 
On File: spec-3586-55181-0241.fits 
On File: spec-3586-55181-0242.fits 
On File: spec-3586-55181-0243.fits 
On File: spec-3586-55181-0244.fits 
On File: spec-3586-55181-0245.fits 
On File: spec-3586-55181-0246.fits 
On File: spec-3586-55181-0247.fits 
On File: spec-3586-55181-0248.fits 
On File: spec-3586-55181-0249.fits 
On File: spec-3586-55181-0250.fits 
On File: spec-3586-55181-0251.fits 
On File: spec-3586-55181-0252.fits 
On File: spec-3586-55181-0253.fits 
On File: spec-3586-55181-0254.fits 
On File: spec-3586-55181-0255.fits 
On File: spec-3586-55181-0256.fits 
On File: spec-3586-55181-0257.fits 
On File: spec-3586-55181-0258.fits 
On File: spec-3586-55181-0259.fits 
On File: spec-3586-55181-0260.fits 
On File: spec-3586-55181-0261.fits 
On File: spec-3586-55181-0262.fits 
On File: spec-3586-55181-0263.fits 
On File: spec-3586-55181-0264.fits 
On File: spec-3586-55181-0265.fits 
On File: spec-3586-55181-0266.fits 
On File: spec-3586-55181-0267.fits 
On File: spec-3586-55181-0268.fits 
On File: spec-3586-55181-0269.fits 
On File: spec-3586-55181-0270.fits 
On File: spec-3586-55181-0271.fits 
On File: spec-3586-55181-0272.fits 
On File: spec-3586-55181-0273.fits 
On File: spec-3586-55181-0274.fits 
On File: spec-3586-55181-0275.fits 
On File: spec-3586-55181-0276.fits 
On File: spec-3586-55181-0277.fits 
On File: spec-3586-55181-0278.fits 
On File: spec-3586-55181-0279.fits 
On File: spec-3586-55181-0280.fits 
On File: spec-3586-55181-0281.fits 
On File: spec-3586-55181-0282.fits 
On File: spec-3586-55181-0283.fits 
On File: spec-3586-55181-0284.fits 
On File: spec-3586-55181-0285.fits 
On File: spec-3586-55181-0286.fits 
On File: spec-3586-55181-0287.fits 
On File: spec-3586-55181-0288.fits 
On File: spec-3586-55181-0289.fits 
On File: spec-3586-55181-0290.fits 
On File: spec-3586-55181-0291.fits 
On File: spec-3586-55181-0292.fits 
On File: spec-3586-55181-0293.fits 
On File: spec-3586-55181-0294.fits 
On File: spec-3586-55181-0295.fits 
On File: spec-3586-55181-0296.fits 
On File: spec-3586-55181-0297.fits 
On File: spec-3586-55181-0298.fits 
On File: spec-3586-55181-0299.fits 
On File: spec-3586-55181-0300.fits 
On File: spec-3586-55181-0301.fits 
On File: spec-3586-55181-0302.fits 
On File: spec-3586-55181-0303.fits 
On File: spec-3586-55181-0304.fits 
On File: spec-3586-55181-0305.fits 
On File: spec-3586-55181-0306.fits 
On File: spec-3586-55181-0307.fits 
On File: spec-3586-55181-0308.fits 
On File: spec-3586-55181-0309.fits 
On File: spec-3586-55181-0310.fits 
On File: spec-3586-55181-0311.fits 
On File: spec-3586-55181-0312.fits 
On File: spec-3586-55181-0313.fits 
On File: spec-3586-55181-0314.fits 
On File: spec-3586-55181-0315.fits 
On File: spec-3586-55181-0316.fits 
On File: spec-3586-55181-0317.fits 
On File: spec-3586-55181-0318.fits 
On File: spec-3586-55181-0319.fits 
On File: spec-3586-55181-0320.fits 
On File: spec-3586-55181-0321.fits 
On File: spec-3586-55181-0322.fits 
On File: spec-3586-55181-0323.fits 
On File: spec-3586-55181-0324.fits 
On File: spec-3586-55181-0325.fits 
On File: spec-3586-55181-0326.fits 
On File: spec-3586-55181-0327.fits 
On File: spec-3586-55181-0328.fits 
On File: spec-3586-55181-0329.fits 
On File: spec-3586-55181-0330.fits 
On File: spec-3586-55181-0331.fits 
On File: spec-3586-55181-0332.fits 
On File: spec-3586-55181-0333.fits 
On File: spec-3586-55181-0334.fits 
On File: spec-3586-55181-0335.fits 
On File: spec-3586-55181-0336.fits 
On File: spec-3586-55181-0337.fits 
On File: spec-3586-55181-0338.fits 
On File: spec-3586-55181-0339.fits 
On File: spec-3586-55181-0340.fits 
On File: spec-3586-55181-0341.fits 
On File: spec-3586-55181-0342.fits 
On File: spec-3586-55181-0343.fits 
On File: spec-3586-55181-0344.fits 
On File: spec-3586-55181-0345.fits 
On File: spec-3586-55181-0346.fits 
On File: spec-3586-55181-0347.fits 
On File: spec-3586-55181-0348.fits 
On File: spec-3586-55181-0349.fits 
On File: spec-3586-55181-0350.fits 
On File: spec-3586-55181-0351.fits 
On File: spec-3586-55181-0352.fits 
On File: spec-3586-55181-0353.fits 
On File: spec-3586-55181-0354.fits 
On File: spec-3586-55181-0355.fits 
On File: spec-3586-55181-0356.fits 
On File: spec-3586-55181-0357.fits 
On File: spec-3586-55181-0358.fits 
On File: spec-3586-55181-0359.fits 
On File: spec-3586-55181-0360.fits 
On File: spec-3586-55181-0361.fits 
On File: spec-3586-55181-0362.fits 
On File: spec-3586-55181-0363.fits 
On File: spec-3586-55181-0364.fits 
On File: spec-3586-55181-0365.fits 
On File: spec-3586-55181-0366.fits 
On File: spec-3586-55181-0367.fits 
On File: spec-3586-55181-0368.fits 
On File: spec-3586-55181-0369.fits 
On File: spec-3586-55181-0370.fits 
On File: spec-3586-55181-0371.fits 
On File: spec-3586-55181-0372.fits 
On File: spec-3586-55181-0373.fits 
On File: spec-3586-55181-0374.fits 
On File: spec-3586-55181-0375.fits 
On File: spec-3586-55181-0376.fits 
On File: spec-3586-55181-0377.fits 
On File: spec-3586-55181-0378.fits 
On File: spec-3586-55181-0379.fits 
On File: spec-3586-55181-0380.fits 
On File: spec-3586-55181-0381.fits 
On File: spec-3586-55181-0382.fits 
On File: spec-3586-55181-0383.fits 
On File: spec-3586-55181-0384.fits 
On File: spec-3586-55181-0385.fits 
On File: spec-3586-55181-0386.fits 
On File: spec-3586-55181-0387.fits 
On File: spec-3586-55181-0388.fits 
On File: spec-3586-55181-0389.fits 
On File: spec-3586-55181-0390.fits 
On File: spec-3586-55181-0391.fits 
On File: spec-3586-55181-0392.fits 
On File: spec-3586-55181-0393.fits 
On File: spec-3586-55181-0394.fits 
On File: spec-3586-55181-0395.fits 
On File: spec-3586-55181-0396.fits 
On File: spec-3586-55181-0397.fits 
On File: spec-3586-55181-0398.fits 
On File: spec-3586-55181-0399.fits 
On File: spec-3586-55181-0400.fits 
On File: spec-3586-55181-0401.fits 
On File: spec-3586-55181-0402.fits 
On File: spec-3586-55181-0403.fits 
On File: spec-3586-55181-0404.fits 
On File: spec-3586-55181-0405.fits 
On File: spec-3586-55181-0406.fits 
On File: spec-3586-55181-0407.fits 
On File: spec-3586-55181-0408.fits 
On File: spec-3586-55181-0409.fits 
On File: spec-3586-55181-0410.fits 
On File: spec-3586-55181-0411.fits 
On File: spec-3586-55181-0412.fits 
On File: spec-3586-55181-0413.fits 
On File: spec-3586-55181-0414.fits 
On File: spec-3586-55181-0415.fits 
On File: spec-3586-55181-0416.fits 
On File: spec-3586-55181-0417.fits 
On File: spec-3586-55181-0418.fits 
On File: spec-3586-55181-0419.fits 
On File: spec-3586-55181-0420.fits 
On File: spec-3586-55181-0421.fits 
On File: spec-3586-55181-0422.fits 
On File: spec-3586-55181-0423.fits 
On File: spec-3586-55181-0424.fits 
On File: spec-3586-55181-0425.fits 
On File: spec-3586-55181-0426.fits 
On File: spec-3586-55181-0427.fits 
On File: spec-3586-55181-0428.fits 
On File: spec-3586-55181-0429.fits 
On File: spec-3586-55181-0430.fits 
On File: spec-3586-55181-0431.fits 
On File: spec-3586-55181-0432.fits 
On File: spec-3586-55181-0433.fits 
On File: spec-3586-55181-0434.fits 
On File: spec-3586-55181-0435.fits 
On File: spec-3586-55181-0436.fits 
On File: spec-3586-55181-0437.fits 
On File: spec-3586-55181-0438.fits 
On File: spec-3586-55181-0439.fits 
On File: spec-3586-55181-0440.fits 
On File: spec-3586-55181-0441.fits 
On File: spec-3586-55181-0442.fits 
On File: spec-3586-55181-0443.fits 
On File: spec-3586-55181-0444.fits 
On File: spec-3586-55181-0445.fits 
On File: spec-3586-55181-0446.fits 
On File: spec-3586-55181-0447.fits 
On File: spec-3586-55181-0448.fits 
On File: spec-3586-55181-0449.fits 
On File: spec-3586-55181-0450.fits 
On File: spec-3586-55181-0451.fits 
On File: spec-3586-55181-0452.fits 
On File: spec-3586-55181-0453.fits 
On File: spec-3586-55181-0454.fits 
On File: spec-3586-55181-0455.fits 
On File: spec-3586-55181-0456.fits 
On File: spec-3586-55181-0457.fits 
On File: spec-3586-55181-0458.fits 
On File: spec-3586-55181-0459.fits 
On File: spec-3586-55181-0460.fits 
On File: spec-3586-55181-0461.fits 
On File: spec-3586-55181-0462.fits 
On File: spec-3586-55181-0463.fits 
On File: spec-3586-55181-0464.fits 
On File: spec-3586-55181-0465.fits 
On File: spec-3586-55181-0466.fits 
On File: spec-3586-55181-0467.fits 
On File: spec-3586-55181-0468.fits 
On File: spec-3586-55181-0469.fits 
On File: spec-3586-55181-0470.fits 
On File: spec-3586-55181-0471.fits 
On File: spec-3586-55181-0472.fits 
On File: spec-3586-55181-0473.fits 
On File: spec-3586-55181-0474.fits 
On File: spec-3586-55181-0475.fits 
On File: spec-3586-55181-0476.fits 
On File: spec-3586-55181-0477.fits 
On File: spec-3586-55181-0478.fits 
On File: spec-3586-55181-0479.fits 
On File: spec-3586-55181-0480.fits 
On File: spec-3586-55181-0481.fits 
On File: spec-3586-55181-0482.fits 
On File: spec-3586-55181-0483.fits 
On File: spec-3586-55181-0484.fits 
On File: spec-3586-55181-0485.fits 
On File: spec-3586-55181-0486.fits 
On File: spec-3586-55181-0487.fits 
On File: spec-3586-55181-0488.fits 
On File: spec-3586-55181-0489.fits 
On File: spec-3586-55181-0490.fits 
On File: spec-3586-55181-0491.fits 
On File: spec-3586-55181-0492.fits 
On File: spec-3586-55181-0493.fits 
On File: spec-3586-55181-0494.fits 
On File: spec-3586-55181-0495.fits 
On File: spec-3586-55181-0496.fits 
On File: spec-3586-55181-0497.fits 
On File: spec-3586-55181-0498.fits 
On File: spec-3586-55181-0499.fits 
On File: spec-3586-55181-0500.fits 
On File: spec-3586-55181-0501.fits 
On File: spec-3586-55181-0502.fits 
On File: spec-3586-55181-0503.fits 
On File: spec-3586-55181-0504.fits 
On File: spec-3586-55181-0505.fits 
On File: spec-3586-55181-0506.fits 
On File: spec-3586-55181-0507.fits 
On File: spec-3586-55181-0508.fits 
On File: spec-3586-55181-0509.fits 
On File: spec-3586-55181-0510.fits 
On File: spec-3586-55181-0511.fits 
On File: spec-3586-55181-0512.fits 
On File: spec-3586-55181-0513.fits 
On File: spec-3586-55181-0514.fits 
On File: spec-3586-55181-0515.fits 
On File: spec-3586-55181-0516.fits 
On File: spec-3586-55181-0517.fits 
On File: spec-3586-55181-0518.fits 
On File: spec-3586-55181-0519.fits 
On File: spec-3586-55181-0520.fits 
On File: spec-3586-55181-0521.fits 
On File: spec-3586-55181-0522.fits 
On File: spec-3586-55181-0523.fits 
On File: spec-3586-55181-0524.fits 
On File: spec-3586-55181-0525.fits 
On File: spec-3586-55181-0526.fits 
On File: spec-3586-55181-0527.fits 
On File: spec-3586-55181-0528.fits 
On File: spec-3586-55181-0529.fits 
On File: spec-3586-55181-0530.fits 
On File: spec-3586-55181-0531.fits 
On File: spec-3586-55181-0532.fits 
On File: spec-3586-55181-0533.fits 
On File: spec-3586-55181-0534.fits 
On File: spec-3586-55181-0535.fits 
On File: spec-3586-55181-0536.fits 
On File: spec-3586-55181-0537.fits 
On File: spec-3586-55181-0538.fits 
On File: spec-3586-55181-0539.fits 
On File: spec-3586-55181-0540.fits 
On File: spec-3586-55181-0541.fits 
On File: spec-3586-55181-0542.fits 
On File: spec-3586-55181-0543.fits 
On File: spec-3586-55181-0544.fits 
On File: spec-3586-55181-0545.fits 
On File: spec-3586-55181-0546.fits 
On File: spec-3586-55181-0547.fits 
On File: spec-3586-55181-0548.fits 
On File: spec-3586-55181-0549.fits 
On File: spec-3586-55181-0550.fits 
On File: spec-3586-55181-0551.fits 
On File: spec-3586-55181-0552.fits 
On File: spec-3586-55181-0553.fits 
On File: spec-3586-55181-0554.fits 
On File: spec-3586-55181-0555.fits 
On File: spec-3586-55181-0556.fits 
On File: spec-3586-55181-0557.fits 
On File: spec-3586-55181-0558.fits 
On File: spec-3586-55181-0559.fits 
On File: spec-3586-55181-0560.fits 
On File: spec-3586-55181-0561.fits 
On File: spec-3586-55181-0562.fits 
On File: spec-3586-55181-0563.fits 
On File: spec-3586-55181-0564.fits 
On File: spec-3586-55181-0565.fits 
On File: spec-3586-55181-0566.fits 
On File: spec-3586-55181-0567.fits 
On File: spec-3586-55181-0568.fits 
On File: spec-3586-55181-0569.fits 
On File: spec-3586-55181-0570.fits 
On File: spec-3586-55181-0571.fits 
On File: spec-3586-55181-0572.fits 
On File: spec-3586-55181-0573.fits 
On File: spec-3586-55181-0574.fits 
On File: spec-3586-55181-0575.fits 
On File: spec-3586-55181-0576.fits 
On File: spec-3586-55181-0577.fits 
On File: spec-3586-55181-0578.fits 
On File: spec-3586-55181-0579.fits 
On File: spec-3586-55181-0580.fits 
On File: spec-3586-55181-0581.fits 
On File: spec-3586-55181-0582.fits 
On File: spec-3586-55181-0583.fits 
On File: spec-3586-55181-0584.fits 
On File: spec-3586-55181-0585.fits 
On File: spec-3586-55181-0586.fits 
On File: spec-3586-55181-0587.fits 
On File: spec-3586-55181-0588.fits 
On File: spec-3586-55181-0589.fits 
On File: spec-3586-55181-0590.fits 
On File: spec-3586-55181-0591.fits 
On File: spec-3586-55181-0592.fits 
On File: spec-3586-55181-0593.fits 
On File: spec-3586-55181-0594.fits 
On File: spec-3586-55181-0595.fits 
On File: spec-3586-55181-0596.fits 
On File: spec-3586-55181-0597.fits 
On File: spec-3586-55181-0598.fits 
On File: spec-3586-55181-0599.fits 
On File: spec-3586-55181-0600.fits 
On File: spec-3586-55181-0601.fits 
On File: spec-3586-55181-0602.fits 
On File: spec-3586-55181-0603.fits 
On File: spec-3586-55181-0604.fits 
On File: spec-3586-55181-0605.fits 
On File: spec-3586-55181-0606.fits 
On File: spec-3586-55181-0607.fits 
On File: spec-3586-55181-0608.fits 
On File: spec-3586-55181-0609.fits 
On File: spec-3586-55181-0610.fits 
On File: spec-3586-55181-0611.fits 
On File: spec-3586-55181-0612.fits 
On File: spec-3586-55181-0613.fits 
On File: spec-3586-55181-0614.fits 
On File: spec-3586-55181-0615.fits 
On File: spec-3586-55181-0616.fits 
On File: spec-3586-55181-0617.fits 
On File: spec-3586-55181-0618.fits 
On File: spec-3586-55181-0619.fits 
On File: spec-3586-55181-0620.fits 
On File: spec-3586-55181-0621.fits 
On File: spec-3586-55181-0622.fits 
On File: spec-3586-55181-0623.fits 
On File: spec-3586-55181-0624.fits 
On File: spec-3586-55181-0625.fits 
On File: spec-3586-55181-0626.fits 
On File: spec-3586-55181-0627.fits 
On File: spec-3586-55181-0628.fits 
On File: spec-3586-55181-0629.fits 
On File: spec-3586-55181-0630.fits 
On File: spec-3586-55181-0631.fits 
On File: spec-3586-55181-0632.fits 
On File: spec-3586-55181-0633.fits 
On File: spec-3586-55181-0634.fits 
On File: spec-3586-55181-0635.fits 
On File: spec-3586-55181-0636.fits 
On File: spec-3586-55181-0637.fits 
On File: spec-3586-55181-0638.fits 
On File: spec-3586-55181-0639.fits 
On File: spec-3586-55181-0640.fits 
On File: spec-3586-55181-0641.fits 
On File: spec-3586-55181-0642.fits 
On File: spec-3586-55181-0643.fits 
On File: spec-3586-55181-0644.fits 
On File: spec-3586-55181-0645.fits 
On File: spec-3586-55181-0646.fits 
On File: spec-3586-55181-0647.fits 
On File: spec-3586-55181-0648.fits 
On File: spec-3586-55181-0649.fits 
On File: spec-3586-55181-0650.fits 
On File: spec-3586-55181-0651.fits 
On File: spec-3586-55181-0652.fits 
On File: spec-3586-55181-0653.fits 
On File: spec-3586-55181-0654.fits 
On File: spec-3586-55181-0655.fits 
On File: spec-3586-55181-0656.fits 
On File: spec-3586-55181-0657.fits 
On File: spec-3586-55181-0658.fits 
On File: spec-3586-55181-0659.fits 
On File: spec-3586-55181-0660.fits 
On File: spec-3586-55181-0661.fits 
On File: spec-3586-55181-0662.fits 
On File: spec-3586-55181-0663.fits 
On File: spec-3586-55181-0664.fits 
On File: spec-3586-55181-0665.fits 
On File: spec-3586-55181-0666.fits 
On File: spec-3586-55181-0667.fits 
On File: spec-3586-55181-0668.fits 
On File: spec-3586-55181-0669.fits 
On File: spec-3586-55181-0670.fits 
On File: spec-3586-55181-0671.fits 
On File: spec-3586-55181-0672.fits 
On File: spec-3586-55181-0673.fits 
On File: spec-3586-55181-0674.fits 
On File: spec-3586-55181-0675.fits 
On File: spec-3586-55181-0676.fits 
On File: spec-3586-55181-0677.fits 
On File: spec-3586-55181-0678.fits 
On File: spec-3586-55181-0679.fits 
On File: spec-3586-55181-0680.fits 
On File: spec-3586-55181-0681.fits 
On File: spec-3586-55181-0682.fits 
On File: spec-3586-55181-0683.fits 
On File: spec-3586-55181-0684.fits 
On File: spec-3586-55181-0685.fits 
On File: spec-3586-55181-0686.fits 
On File: spec-3586-55181-0687.fits 
On File: spec-3586-55181-0688.fits 
On File: spec-3586-55181-0689.fits 
On File: spec-3586-55181-0690.fits 
On File: spec-3586-55181-0691.fits 
On File: spec-3586-55181-0692.fits 
On File: spec-3586-55181-0693.fits 
On File: spec-3586-55181-0694.fits 
On File: spec-3586-55181-0695.fits 
On File: spec-3586-55181-0696.fits 
On File: spec-3586-55181-0697.fits 
On File: spec-3586-55181-0698.fits 
On File: spec-3586-55181-0699.fits 
On File: spec-3586-55181-0700.fits 
On File: spec-3586-55181-0701.fits 
On File: spec-3586-55181-0702.fits 
On File: spec-3586-55181-0703.fits 
On File: spec-3586-55181-0704.fits 
On File: spec-3586-55181-0705.fits 
On File: spec-3586-55181-0706.fits 
On File: spec-3586-55181-0707.fits 
On File: spec-3586-55181-0708.fits 
On File: spec-3586-55181-0709.fits 
On File: spec-3586-55181-0710.fits 
On File: spec-3586-55181-0711.fits 
On File: spec-3586-55181-0712.fits 
On File: spec-3586-55181-0713.fits 
On File: spec-3586-55181-0714.fits 
On File: spec-3586-55181-0715.fits 
On File: spec-3586-55181-0716.fits 
On File: spec-3586-55181-0717.fits 
On File: spec-3586-55181-0718.fits 
On File: spec-3586-55181-0719.fits 
On File: spec-3586-55181-0720.fits 
On File: spec-3586-55181-0721.fits 
On File: spec-3586-55181-0722.fits 
On File: spec-3586-55181-0723.fits 
On File: spec-3586-55181-0724.fits 
On File: spec-3586-55181-0725.fits 
On File: spec-3586-55181-0726.fits 
On File: spec-3586-55181-0727.fits 
On File: spec-3586-55181-0728.fits 
On File: spec-3586-55181-0729.fits 
On File: spec-3586-55181-0730.fits 
On File: spec-3586-55181-0731.fits 
On File: spec-3586-55181-0732.fits 
On File: spec-3586-55181-0733.fits 
On File: spec-3586-55181-0734.fits 
On File: spec-3586-55181-0735.fits 
On File: spec-3586-55181-0736.fits 
On File: spec-3586-55181-0737.fits 
On File: spec-3586-55181-0738.fits 
On File: spec-3586-55181-0739.fits 
On File: spec-3586-55181-0740.fits 
On File: spec-3586-55181-0741.fits 
On File: spec-3586-55181-0742.fits 
On File: spec-3586-55181-0743.fits 
On File: spec-3586-55181-0744.fits 
On File: spec-3586-55181-0745.fits 
On File: spec-3586-55181-0746.fits 
On File: spec-3586-55181-0747.fits 
On File: spec-3586-55181-0748.fits 
On File: spec-3586-55181-0749.fits 
On File: spec-3586-55181-0750.fits 
On File: spec-3586-55181-0751.fits 
On File: spec-3586-55181-0752.fits 
On File: spec-3586-55181-0753.fits 
On File: spec-3586-55181-0754.fits 
On File: spec-3586-55181-0755.fits 
On File: spec-3586-55181-0756.fits 
On File: spec-3586-55181-0757.fits 
On File: spec-3586-55181-0758.fits 
On File: spec-3586-55181-0759.fits 
On File: spec-3586-55181-0760.fits 
On File: spec-3586-55181-0761.fits 
On File: spec-3586-55181-0762.fits 
On File: spec-3586-55181-0763.fits 
On File: spec-3586-55181-0764.fits 
On File: spec-3586-55181-0765.fits 
On File: spec-3586-55181-0766.fits 
On File: spec-3586-55181-0767.fits 
On File: spec-3586-55181-0768.fits 
On File: spec-3586-55181-0769.fits 
On File: spec-3586-55181-0770.fits 
On File: spec-3586-55181-0771.fits 
On File: spec-3586-55181-0772.fits 
On File: spec-3586-55181-0773.fits 
On File: spec-3586-55181-0774.fits 
On File: spec-3586-55181-0775.fits 
On File: spec-3586-55181-0776.fits 
On File: spec-3586-55181-0777.fits 
On File: spec-3586-55181-0778.fits 
On File: spec-3586-55181-0779.fits 
On File: spec-3586-55181-0780.fits 
On File: spec-3586-55181-0781.fits 
On File: spec-3586-55181-0782.fits 
On File: spec-3586-55181-0783.fits 
On File: spec-3586-55181-0784.fits 
On File: spec-3586-55181-0785.fits 
On File: spec-3586-55181-0786.fits 
On File: spec-3586-55181-0787.fits 
On File: spec-3586-55181-0788.fits 
On File: spec-3586-55181-0789.fits 
On File: spec-3586-55181-0790.fits 
On File: spec-3586-55181-0791.fits 
On File: spec-3586-55181-0792.fits 
On File: spec-3586-55181-0793.fits 
On File: spec-3586-55181-0794.fits 
On File: spec-3586-55181-0795.fits 
On File: spec-3586-55181-0796.fits 
On File: spec-3586-55181-0797.fits 
On File: spec-3586-55181-0798.fits 
On File: spec-3586-55181-0799.fits 
On File: spec-3586-55181-0800.fits 
On File: spec-3586-55181-0801.fits 
On File: spec-3586-55181-0802.fits 
On File: spec-3586-55181-0803.fits 
On File: spec-3586-55181-0804.fits 
On File: spec-3586-55181-0805.fits 
On File: spec-3586-55181-0806.fits 
On File: spec-3586-55181-0807.fits 
On File: spec-3586-55181-0808.fits 
On File: spec-3586-55181-0809.fits 
On File: spec-3586-55181-0810.fits 
On File: spec-3586-55181-0811.fits 
On File: spec-3586-55181-0812.fits 
On File: spec-3586-55181-0813.fits 
On File: spec-3586-55181-0814.fits 
On File: spec-3586-55181-0815.fits 
On File: spec-3586-55181-0816.fits 
On File: spec-3586-55181-0817.fits 
On File: spec-3586-55181-0818.fits 
On File: spec-3586-55181-0819.fits 
On File: spec-3586-55181-0820.fits 
On File: spec-3586-55181-0821.fits 
On File: spec-3586-55181-0822.fits 
On File: spec-3586-55181-0823.fits 
On File: spec-3586-55181-0824.fits 
On File: spec-3586-55181-0825.fits 
On File: spec-3586-55181-0826.fits 
On File: spec-3586-55181-0827.fits 
On File: spec-3586-55181-0828.fits 
On File: spec-3586-55181-0829.fits 
On File: spec-3586-55181-0830.fits 
On File: spec-3586-55181-0831.fits 
On File: spec-3586-55181-0832.fits 
On File: spec-3586-55181-0833.fits 
On File: spec-3586-55181-0834.fits 
On File: spec-3586-55181-0835.fits 
On File: spec-3586-55181-0836.fits 
On File: spec-3586-55181-0837.fits 
On File: spec-3586-55181-0838.fits 
On File: spec-3586-55181-0839.fits 
On File: spec-3586-55181-0840.fits 
On File: spec-3586-55181-0841.fits 
On File: spec-3586-55181-0842.fits 
On File: spec-3586-55181-0843.fits 
On File: spec-3586-55181-0844.fits 
On File: spec-3586-55181-0845.fits 
On File: spec-3586-55181-0846.fits 
On File: spec-3586-55181-0847.fits 
On File: spec-3586-55181-0848.fits 
On File: spec-3586-55181-0849.fits 
On File: spec-3586-55181-0850.fits 
On File: spec-3586-55181-0851.fits 
On File: spec-3586-55181-0852.fits 
On File: spec-3586-55181-0853.fits 
On File: spec-3586-55181-0854.fits 
On File: spec-3586-55181-0855.fits 
On File: spec-3586-55181-0856.fits 
On File: spec-3586-55181-0857.fits 
On File: spec-3586-55181-0858.fits 
On File: spec-3586-55181-0859.fits 
On File: spec-3586-55181-0860.fits 
On File: spec-3586-55181-0861.fits 
On File: spec-3586-55181-0862.fits 
On File: spec-3586-55181-0863.fits 
On File: spec-3586-55181-0864.fits 
On File: spec-3586-55181-0865.fits 
On File: spec-3586-55181-0866.fits 
On File: spec-3586-55181-0867.fits 
On File: spec-3586-55181-0868.fits 
On File: spec-3586-55181-0869.fits 
On File: spec-3586-55181-0870.fits 
On File: spec-3586-55181-0871.fits 
On File: spec-3586-55181-0872.fits 
On File: spec-3586-55181-0873.fits 
On File: spec-3586-55181-0874.fits 
On File: spec-3586-55181-0875.fits 
On File: spec-3586-55181-0876.fits 
On File: spec-3586-55181-0877.fits 
On File: spec-3586-55181-0878.fits 
On File: spec-3586-55181-0879.fits 
On File: spec-3586-55181-0880.fits 
On File: spec-3586-55181-0881.fits 
On File: spec-3586-55181-0882.fits 
On File: spec-3586-55181-0883.fits 
On File: spec-3586-55181-0884.fits 
On File: spec-3586-55181-0885.fits 
On File: spec-3586-55181-0886.fits 
On File: spec-3586-55181-0887.fits 
On File: spec-3586-55181-0888.fits 
On File: spec-3586-55181-0889.fits 
On File: spec-3586-55181-0890.fits 
On File: spec-3586-55181-0891.fits 
On File: spec-3586-55181-0892.fits 
On File: spec-3586-55181-0893.fits 
On File: spec-3586-55181-0894.fits 
On File: spec-3586-55181-0895.fits 
On File: spec-3586-55181-0896.fits 
On File: spec-3586-55181-0897.fits 
On File: spec-3586-55181-0898.fits 
On File: spec-3586-55181-0899.fits 
On File: spec-3586-55181-0900.fits 
On File: spec-3586-55181-0901.fits 
On File: spec-3586-55181-0902.fits 
On File: spec-3586-55181-0903.fits 
On File: spec-3586-55181-0904.fits 
On File: spec-3586-55181-0905.fits 
On File: spec-3586-55181-0906.fits 
On File: spec-3586-55181-0907.fits 
On File: spec-3586-55181-0908.fits 
On File: spec-3586-55181-0909.fits 
On File: spec-3586-55181-0910.fits 
On File: spec-3586-55181-0911.fits 
On File: spec-3586-55181-0912.fits 
On File: spec-3586-55181-0913.fits 
On File: spec-3586-55181-0914.fits 
On File: spec-3586-55181-0915.fits 
On File: spec-3586-55181-0916.fits 
On File: spec-3586-55181-0917.fits 
On File: spec-3586-55181-0918.fits 
On File: spec-3586-55181-0919.fits 
On File: spec-3586-55181-0920.fits 
On File: spec-3586-55181-0921.fits 
On File: spec-3586-55181-0922.fits 
On File: spec-3586-55181-0923.fits 
On File: spec-3586-55181-0924.fits 
On File: spec-3586-55181-0925.fits 
On File: spec-3586-55181-0926.fits 
On File: spec-3586-55181-0927.fits 
On File: spec-3586-55181-0928.fits 
On File: spec-3586-55181-0929.fits 
On File: spec-3586-55181-0930.fits 
On File: spec-3586-55181-0931.fits 
On File: spec-3586-55181-0932.fits 
On File: spec-3586-55181-0933.fits 
On File: spec-3586-55181-0934.fits 
On File: spec-3586-55181-0935.fits 
On File: spec-3586-55181-0936.fits 
On File: spec-3586-55181-0937.fits 
On File: spec-3586-55181-0938.fits 
On File: spec-3586-55181-0939.fits 
On File: spec-3586-55181-0940.fits 
On File: spec-3586-55181-0941.fits 
On File: spec-3586-55181-0942.fits 
On File: spec-3586-55181-0943.fits 
On File: spec-3586-55181-0944.fits 
On File: spec-3586-55181-0945.fits 
On File: spec-3586-55181-0946.fits 
On File: spec-3586-55181-0947.fits 
On File: spec-3586-55181-0948.fits 
On File: spec-3586-55181-0949.fits 
On File: spec-3586-55181-0950.fits 
On File: spec-3586-55181-0951.fits 
On File: spec-3586-55181-0952.fits 
On File: spec-3586-55181-0953.fits 
On File: spec-3586-55181-0954.fits 
On File: spec-3586-55181-0955.fits 
On File: spec-3586-55181-0956.fits 
On File: spec-3586-55181-0957.fits 
On File: spec-3586-55181-0958.fits 
On File: spec-3586-55181-0959.fits 
On File: spec-3586-55181-0960.fits 
On File: spec-3586-55181-0961.fits 
On File: spec-3586-55181-0962.fits 
On File: spec-3586-55181-0963.fits 
On File: spec-3586-55181-0964.fits 
On File: spec-3586-55181-0965.fits 
On File: spec-3586-55181-0966.fits 
On File: spec-3586-55181-0967.fits 
On File: spec-3586-55181-0968.fits 
On File: spec-3586-55181-0969.fits 
On File: spec-3586-55181-0970.fits 
On File: spec-3586-55181-0971.fits 
On File: spec-3586-55181-0972.fits 
On File: spec-3586-55181-0973.fits 
On File: spec-3586-55181-0974.fits 
On File: spec-3586-55181-0975.fits 
On File: spec-3586-55181-0976.fits 
On File: spec-3586-55181-0977.fits 
On File: spec-3586-55181-0978.fits 
On File: spec-3586-55181-0979.fits 
On File: spec-3586-55181-0980.fits 
On File: spec-3586-55181-0981.fits 
On File: spec-3586-55181-0982.fits 
On File: spec-3586-55181-0983.fits 
On File: spec-3586-55181-0984.fits 
On File: spec-3586-55181-0985.fits 
On File: spec-3586-55181-0986.fits 
On File: spec-3586-55181-0987.fits 
On File: spec-3586-55181-0988.fits 
On File: spec-3586-55181-0989.fits 
On File: spec-3586-55181-0990.fits 
On File: spec-3586-55181-0991.fits 
On File: spec-3586-55181-0992.fits 
On File: spec-3586-55181-0993.fits 
On File: spec-3586-55181-0994.fits 
On File: spec-3586-55181-0995.fits 
On File: spec-3586-55181-0996.fits 
On File: spec-3586-55181-0997.fits 
On File: spec-3586-55181-0998.fits 
On File: spec-3586-55181-0999.fits 
On File: spec-3586-55181-1000.fits 
[1] "Job Complete!"
