Unpacking R413.tar.gz ...
Unpacking packages_FITSio.tar.gz ...
Unpacking current *.tgz file
[1] "Initializing Console ..."
[1] "Inputing command line prompts ..."
[1] "Loading package FITSio."
[1] "Reading cB58_Lyman_break.fit ..."
[1] "Starting main process ..."
On File: spec-3694-55209-0001.fits 
On File: spec-3694-55209-0002.fits 
On File: spec-3694-55209-0003.fits 
On File: spec-3694-55209-0004.fits 
On File: spec-3694-55209-0005.fits 
On File: spec-3694-55209-0006.fits 
On File: spec-3694-55209-0007.fits 
On File: spec-3694-55209-0008.fits 
On File: spec-3694-55209-0009.fits 
On File: spec-3694-55209-0010.fits 
On File: spec-3694-55209-0011.fits 
On File: spec-3694-55209-0012.fits 
On File: spec-3694-55209-0013.fits 
On File: spec-3694-55209-0014.fits 
On File: spec-3694-55209-0015.fits 
On File: spec-3694-55209-0016.fits 
On File: spec-3694-55209-0017.fits 
On File: spec-3694-55209-0018.fits 
On File: spec-3694-55209-0019.fits 
On File: spec-3694-55209-0020.fits 
On File: spec-3694-55209-0021.fits 
On File: spec-3694-55209-0022.fits 
On File: spec-3694-55209-0023.fits 
On File: spec-3694-55209-0024.fits 
On File: spec-3694-55209-0025.fits 
On File: spec-3694-55209-0026.fits 
On File: spec-3694-55209-0027.fits 
On File: spec-3694-55209-0028.fits 
On File: spec-3694-55209-0029.fits 
On File: spec-3694-55209-0030.fits 
On File: spec-3694-55209-0031.fits 
On File: spec-3694-55209-0032.fits 
On File: spec-3694-55209-0033.fits 
On File: spec-3694-55209-0034.fits 
On File: spec-3694-55209-0035.fits 
On File: spec-3694-55209-0036.fits 
On File: spec-3694-55209-0037.fits 
On File: spec-3694-55209-0038.fits 
On File: spec-3694-55209-0039.fits 
On File: spec-3694-55209-0040.fits 
On File: spec-3694-55209-0041.fits 
On File: spec-3694-55209-0042.fits 
On File: spec-3694-55209-0043.fits 
On File: spec-3694-55209-0044.fits 
On File: spec-3694-55209-0045.fits 
On File: spec-3694-55209-0046.fits 
On File: spec-3694-55209-0047.fits 
On File: spec-3694-55209-0048.fits 
On File: spec-3694-55209-0049.fits 
On File: spec-3694-55209-0050.fits 
On File: spec-3694-55209-0051.fits 
On File: spec-3694-55209-0052.fits 
On File: spec-3694-55209-0053.fits 
On File: spec-3694-55209-0054.fits 
On File: spec-3694-55209-0055.fits 
On File: spec-3694-55209-0056.fits 
On File: spec-3694-55209-0057.fits 
On File: spec-3694-55209-0058.fits 
On File: spec-3694-55209-0059.fits 
On File: spec-3694-55209-0060.fits 
On File: spec-3694-55209-0061.fits 
On File: spec-3694-55209-0062.fits 
On File: spec-3694-55209-0063.fits 
On File: spec-3694-55209-0064.fits 
On File: spec-3694-55209-0065.fits 
On File: spec-3694-55209-0066.fits 
On File: spec-3694-55209-0067.fits 
On File: spec-3694-55209-0068.fits 
On File: spec-3694-55209-0069.fits 
On File: spec-3694-55209-0070.fits 
On File: spec-3694-55209-0071.fits 
On File: spec-3694-55209-0072.fits 
On File: spec-3694-55209-0073.fits 
On File: spec-3694-55209-0074.fits 
On File: spec-3694-55209-0075.fits 
On File: spec-3694-55209-0076.fits 
On File: spec-3694-55209-0077.fits 
On File: spec-3694-55209-0078.fits 
On File: spec-3694-55209-0079.fits 
On File: spec-3694-55209-0080.fits 
On File: spec-3694-55209-0081.fits 
On File: spec-3694-55209-0082.fits 
On File: spec-3694-55209-0083.fits 
On File: spec-3694-55209-0084.fits 
On File: spec-3694-55209-0085.fits 
On File: spec-3694-55209-0086.fits 
On File: spec-3694-55209-0087.fits 
On File: spec-3694-55209-0088.fits 
On File: spec-3694-55209-0089.fits 
On File: spec-3694-55209-0090.fits 
On File: spec-3694-55209-0091.fits 
On File: spec-3694-55209-0092.fits 
On File: spec-3694-55209-0093.fits 
On File: spec-3694-55209-0094.fits 
On File: spec-3694-55209-0095.fits 
On File: spec-3694-55209-0096.fits 
On File: spec-3694-55209-0097.fits 
On File: spec-3694-55209-0098.fits 
On File: spec-3694-55209-0099.fits 
On File: spec-3694-55209-0100.fits 
On File: spec-3694-55209-0101.fits 
On File: spec-3694-55209-0102.fits 
On File: spec-3694-55209-0103.fits 
On File: spec-3694-55209-0104.fits 
On File: spec-3694-55209-0105.fits 
On File: spec-3694-55209-0106.fits 
On File: spec-3694-55209-0107.fits 
On File: spec-3694-55209-0108.fits 
On File: spec-3694-55209-0109.fits 
On File: spec-3694-55209-0110.fits 
On File: spec-3694-55209-0111.fits 
On File: spec-3694-55209-0112.fits 
On File: spec-3694-55209-0113.fits 
On File: spec-3694-55209-0114.fits 
On File: spec-3694-55209-0115.fits 
On File: spec-3694-55209-0116.fits 
On File: spec-3694-55209-0117.fits 
On File: spec-3694-55209-0118.fits 
On File: spec-3694-55209-0119.fits 
On File: spec-3694-55209-0120.fits 
On File: spec-3694-55209-0121.fits 
On File: spec-3694-55209-0122.fits 
On File: spec-3694-55209-0123.fits 
On File: spec-3694-55209-0124.fits 
On File: spec-3694-55209-0125.fits 
On File: spec-3694-55209-0126.fits 
On File: spec-3694-55209-0127.fits 
On File: spec-3694-55209-0128.fits 
On File: spec-3694-55209-0129.fits 
On File: spec-3694-55209-0130.fits 
On File: spec-3694-55209-0131.fits 
On File: spec-3694-55209-0132.fits 
On File: spec-3694-55209-0133.fits 
On File: spec-3694-55209-0134.fits 
On File: spec-3694-55209-0135.fits 
On File: spec-3694-55209-0136.fits 
On File: spec-3694-55209-0137.fits 
On File: spec-3694-55209-0138.fits 
On File: spec-3694-55209-0139.fits 
On File: spec-3694-55209-0140.fits 
On File: spec-3694-55209-0141.fits 
On File: spec-3694-55209-0142.fits 
On File: spec-3694-55209-0143.fits 
On File: spec-3694-55209-0144.fits 
On File: spec-3694-55209-0145.fits 
On File: spec-3694-55209-0146.fits 
On File: spec-3694-55209-0147.fits 
On File: spec-3694-55209-0148.fits 
On File: spec-3694-55209-0149.fits 
On File: spec-3694-55209-0150.fits 
On File: spec-3694-55209-0151.fits 
On File: spec-3694-55209-0152.fits 
On File: spec-3694-55209-0153.fits 
On File: spec-3694-55209-0154.fits 
On File: spec-3694-55209-0155.fits 
On File: spec-3694-55209-0156.fits 
On File: spec-3694-55209-0157.fits 
On File: spec-3694-55209-0158.fits 
On File: spec-3694-55209-0159.fits 
On File: spec-3694-55209-0160.fits 
On File: spec-3694-55209-0161.fits 
On File: spec-3694-55209-0162.fits 
On File: spec-3694-55209-0163.fits 
On File: spec-3694-55209-0164.fits 
On File: spec-3694-55209-0165.fits 
On File: spec-3694-55209-0166.fits 
On File: spec-3694-55209-0167.fits 
On File: spec-3694-55209-0168.fits 
On File: spec-3694-55209-0169.fits 
On File: spec-3694-55209-0170.fits 
On File: spec-3694-55209-0171.fits 
On File: spec-3694-55209-0172.fits 
On File: spec-3694-55209-0173.fits 
On File: spec-3694-55209-0174.fits 
On File: spec-3694-55209-0175.fits 
On File: spec-3694-55209-0176.fits 
On File: spec-3694-55209-0177.fits 
On File: spec-3694-55209-0178.fits 
On File: spec-3694-55209-0179.fits 
On File: spec-3694-55209-0180.fits 
On File: spec-3694-55209-0181.fits 
On File: spec-3694-55209-0182.fits 
On File: spec-3694-55209-0183.fits 
On File: spec-3694-55209-0184.fits 
On File: spec-3694-55209-0185.fits 
On File: spec-3694-55209-0186.fits 
On File: spec-3694-55209-0187.fits 
On File: spec-3694-55209-0188.fits 
On File: spec-3694-55209-0189.fits 
On File: spec-3694-55209-0190.fits 
On File: spec-3694-55209-0191.fits 
On File: spec-3694-55209-0192.fits 
On File: spec-3694-55209-0193.fits 
On File: spec-3694-55209-0194.fits 
On File: spec-3694-55209-0195.fits 
On File: spec-3694-55209-0196.fits 
On File: spec-3694-55209-0197.fits 
On File: spec-3694-55209-0198.fits 
On File: spec-3694-55209-0199.fits 
On File: spec-3694-55209-0200.fits 
On File: spec-3694-55209-0201.fits 
On File: spec-3694-55209-0202.fits 
On File: spec-3694-55209-0203.fits 
On File: spec-3694-55209-0204.fits 
On File: spec-3694-55209-0205.fits 
On File: spec-3694-55209-0206.fits 
On File: spec-3694-55209-0207.fits 
On File: spec-3694-55209-0208.fits 
On File: spec-3694-55209-0209.fits 
On File: spec-3694-55209-0210.fits 
On File: spec-3694-55209-0211.fits 
On File: spec-3694-55209-0212.fits 
On File: spec-3694-55209-0213.fits 
On File: spec-3694-55209-0214.fits 
On File: spec-3694-55209-0215.fits 
On File: spec-3694-55209-0216.fits 
On File: spec-3694-55209-0217.fits 
On File: spec-3694-55209-0218.fits 
On File: spec-3694-55209-0219.fits 
On File: spec-3694-55209-0220.fits 
On File: spec-3694-55209-0221.fits 
On File: spec-3694-55209-0222.fits 
On File: spec-3694-55209-0223.fits 
On File: spec-3694-55209-0224.fits 
On File: spec-3694-55209-0225.fits 
On File: spec-3694-55209-0226.fits 
On File: spec-3694-55209-0227.fits 
On File: spec-3694-55209-0228.fits 
On File: spec-3694-55209-0229.fits 
On File: spec-3694-55209-0230.fits 
On File: spec-3694-55209-0231.fits 
On File: spec-3694-55209-0232.fits 
On File: spec-3694-55209-0233.fits 
On File: spec-3694-55209-0234.fits 
On File: spec-3694-55209-0235.fits 
On File: spec-3694-55209-0236.fits 
On File: spec-3694-55209-0237.fits 
On File: spec-3694-55209-0238.fits 
On File: spec-3694-55209-0239.fits 
On File: spec-3694-55209-0240.fits 
On File: spec-3694-55209-0241.fits 
On File: spec-3694-55209-0242.fits 
On File: spec-3694-55209-0243.fits 
On File: spec-3694-55209-0244.fits 
On File: spec-3694-55209-0245.fits 
On File: spec-3694-55209-0246.fits 
On File: spec-3694-55209-0247.fits 
On File: spec-3694-55209-0248.fits 
On File: spec-3694-55209-0249.fits 
On File: spec-3694-55209-0250.fits 
On File: spec-3694-55209-0251.fits 
On File: spec-3694-55209-0252.fits 
On File: spec-3694-55209-0253.fits 
On File: spec-3694-55209-0254.fits 
On File: spec-3694-55209-0255.fits 
On File: spec-3694-55209-0256.fits 
On File: spec-3694-55209-0257.fits 
On File: spec-3694-55209-0258.fits 
On File: spec-3694-55209-0259.fits 
On File: spec-3694-55209-0260.fits 
On File: spec-3694-55209-0261.fits 
On File: spec-3694-55209-0262.fits 
On File: spec-3694-55209-0263.fits 
On File: spec-3694-55209-0264.fits 
On File: spec-3694-55209-0265.fits 
On File: spec-3694-55209-0266.fits 
On File: spec-3694-55209-0267.fits 
On File: spec-3694-55209-0268.fits 
On File: spec-3694-55209-0269.fits 
On File: spec-3694-55209-0270.fits 
On File: spec-3694-55209-0271.fits 
On File: spec-3694-55209-0272.fits 
On File: spec-3694-55209-0273.fits 
On File: spec-3694-55209-0274.fits 
On File: spec-3694-55209-0275.fits 
On File: spec-3694-55209-0276.fits 
On File: spec-3694-55209-0277.fits 
On File: spec-3694-55209-0278.fits 
On File: spec-3694-55209-0279.fits 
On File: spec-3694-55209-0280.fits 
On File: spec-3694-55209-0281.fits 
On File: spec-3694-55209-0282.fits 
On File: spec-3694-55209-0283.fits 
On File: spec-3694-55209-0284.fits 
On File: spec-3694-55209-0285.fits 
On File: spec-3694-55209-0286.fits 
On File: spec-3694-55209-0287.fits 
On File: spec-3694-55209-0288.fits 
On File: spec-3694-55209-0289.fits 
On File: spec-3694-55209-0290.fits 
On File: spec-3694-55209-0291.fits 
On File: spec-3694-55209-0292.fits 
On File: spec-3694-55209-0293.fits 
On File: spec-3694-55209-0294.fits 
On File: spec-3694-55209-0295.fits 
On File: spec-3694-55209-0296.fits 
On File: spec-3694-55209-0297.fits 
On File: spec-3694-55209-0298.fits 
On File: spec-3694-55209-0299.fits 
On File: spec-3694-55209-0300.fits 
On File: spec-3694-55209-0301.fits 
On File: spec-3694-55209-0302.fits 
On File: spec-3694-55209-0303.fits 
On File: spec-3694-55209-0304.fits 
On File: spec-3694-55209-0305.fits 
On File: spec-3694-55209-0306.fits 
On File: spec-3694-55209-0307.fits 
On File: spec-3694-55209-0308.fits 
On File: spec-3694-55209-0309.fits 
On File: spec-3694-55209-0310.fits 
On File: spec-3694-55209-0311.fits 
On File: spec-3694-55209-0312.fits 
On File: spec-3694-55209-0313.fits 
On File: spec-3694-55209-0314.fits 
On File: spec-3694-55209-0315.fits 
On File: spec-3694-55209-0316.fits 
On File: spec-3694-55209-0317.fits 
On File: spec-3694-55209-0318.fits 
On File: spec-3694-55209-0319.fits 
On File: spec-3694-55209-0320.fits 
On File: spec-3694-55209-0321.fits 
On File: spec-3694-55209-0322.fits 
On File: spec-3694-55209-0323.fits 
On File: spec-3694-55209-0324.fits 
On File: spec-3694-55209-0325.fits 
On File: spec-3694-55209-0326.fits 
On File: spec-3694-55209-0327.fits 
On File: spec-3694-55209-0328.fits 
On File: spec-3694-55209-0329.fits 
On File: spec-3694-55209-0330.fits 
On File: spec-3694-55209-0331.fits 
On File: spec-3694-55209-0332.fits 
On File: spec-3694-55209-0333.fits 
On File: spec-3694-55209-0334.fits 
On File: spec-3694-55209-0335.fits 
On File: spec-3694-55209-0336.fits 
On File: spec-3694-55209-0337.fits 
On File: spec-3694-55209-0338.fits 
On File: spec-3694-55209-0339.fits 
On File: spec-3694-55209-0340.fits 
On File: spec-3694-55209-0341.fits 
On File: spec-3694-55209-0342.fits 
On File: spec-3694-55209-0343.fits 
On File: spec-3694-55209-0344.fits 
On File: spec-3694-55209-0345.fits 
On File: spec-3694-55209-0346.fits 
On File: spec-3694-55209-0347.fits 
On File: spec-3694-55209-0348.fits 
On File: spec-3694-55209-0349.fits 
On File: spec-3694-55209-0350.fits 
On File: spec-3694-55209-0351.fits 
On File: spec-3694-55209-0352.fits 
On File: spec-3694-55209-0353.fits 
On File: spec-3694-55209-0354.fits 
On File: spec-3694-55209-0355.fits 
On File: spec-3694-55209-0356.fits 
On File: spec-3694-55209-0357.fits 
On File: spec-3694-55209-0358.fits 
On File: spec-3694-55209-0359.fits 
On File: spec-3694-55209-0360.fits 
On File: spec-3694-55209-0361.fits 
On File: spec-3694-55209-0362.fits 
On File: spec-3694-55209-0363.fits 
On File: spec-3694-55209-0364.fits 
On File: spec-3694-55209-0365.fits 
On File: spec-3694-55209-0366.fits 
On File: spec-3694-55209-0367.fits 
On File: spec-3694-55209-0368.fits 
On File: spec-3694-55209-0369.fits 
On File: spec-3694-55209-0370.fits 
On File: spec-3694-55209-0371.fits 
On File: spec-3694-55209-0372.fits 
On File: spec-3694-55209-0373.fits 
On File: spec-3694-55209-0374.fits 
On File: spec-3694-55209-0375.fits 
On File: spec-3694-55209-0376.fits 
On File: spec-3694-55209-0377.fits 
On File: spec-3694-55209-0378.fits 
On File: spec-3694-55209-0379.fits 
On File: spec-3694-55209-0380.fits 
On File: spec-3694-55209-0381.fits 
On File: spec-3694-55209-0382.fits 
On File: spec-3694-55209-0383.fits 
On File: spec-3694-55209-0384.fits 
On File: spec-3694-55209-0385.fits 
On File: spec-3694-55209-0386.fits 
On File: spec-3694-55209-0387.fits 
On File: spec-3694-55209-0388.fits 
On File: spec-3694-55209-0389.fits 
On File: spec-3694-55209-0390.fits 
On File: spec-3694-55209-0391.fits 
On File: spec-3694-55209-0392.fits 
On File: spec-3694-55209-0393.fits 
On File: spec-3694-55209-0394.fits 
On File: spec-3694-55209-0395.fits 
On File: spec-3694-55209-0396.fits 
On File: spec-3694-55209-0397.fits 
On File: spec-3694-55209-0398.fits 
On File: spec-3694-55209-0399.fits 
On File: spec-3694-55209-0400.fits 
On File: spec-3694-55209-0401.fits 
On File: spec-3694-55209-0402.fits 
On File: spec-3694-55209-0403.fits 
On File: spec-3694-55209-0404.fits 
On File: spec-3694-55209-0405.fits 
On File: spec-3694-55209-0406.fits 
On File: spec-3694-55209-0407.fits 
On File: spec-3694-55209-0408.fits 
On File: spec-3694-55209-0409.fits 
On File: spec-3694-55209-0410.fits 
On File: spec-3694-55209-0411.fits 
On File: spec-3694-55209-0412.fits 
On File: spec-3694-55209-0413.fits 
On File: spec-3694-55209-0414.fits 
On File: spec-3694-55209-0415.fits 
On File: spec-3694-55209-0416.fits 
On File: spec-3694-55209-0417.fits 
On File: spec-3694-55209-0418.fits 
On File: spec-3694-55209-0419.fits 
On File: spec-3694-55209-0420.fits 
On File: spec-3694-55209-0421.fits 
On File: spec-3694-55209-0422.fits 
On File: spec-3694-55209-0423.fits 
On File: spec-3694-55209-0424.fits 
On File: spec-3694-55209-0425.fits 
On File: spec-3694-55209-0426.fits 
On File: spec-3694-55209-0427.fits 
On File: spec-3694-55209-0428.fits 
On File: spec-3694-55209-0429.fits 
On File: spec-3694-55209-0430.fits 
On File: spec-3694-55209-0431.fits 
On File: spec-3694-55209-0432.fits 
On File: spec-3694-55209-0433.fits 
On File: spec-3694-55209-0434.fits 
On File: spec-3694-55209-0435.fits 
On File: spec-3694-55209-0436.fits 
On File: spec-3694-55209-0437.fits 
On File: spec-3694-55209-0438.fits 
On File: spec-3694-55209-0439.fits 
On File: spec-3694-55209-0440.fits 
On File: spec-3694-55209-0441.fits 
On File: spec-3694-55209-0442.fits 
On File: spec-3694-55209-0443.fits 
On File: spec-3694-55209-0444.fits 
On File: spec-3694-55209-0445.fits 
On File: spec-3694-55209-0446.fits 
On File: spec-3694-55209-0447.fits 
On File: spec-3694-55209-0448.fits 
On File: spec-3694-55209-0449.fits 
On File: spec-3694-55209-0450.fits 
On File: spec-3694-55209-0451.fits 
On File: spec-3694-55209-0452.fits 
On File: spec-3694-55209-0453.fits 
On File: spec-3694-55209-0454.fits 
On File: spec-3694-55209-0455.fits 
On File: spec-3694-55209-0456.fits 
On File: spec-3694-55209-0457.fits 
On File: spec-3694-55209-0458.fits 
On File: spec-3694-55209-0459.fits 
On File: spec-3694-55209-0460.fits 
On File: spec-3694-55209-0461.fits 
On File: spec-3694-55209-0462.fits 
On File: spec-3694-55209-0463.fits 
On File: spec-3694-55209-0464.fits 
On File: spec-3694-55209-0465.fits 
On File: spec-3694-55209-0466.fits 
On File: spec-3694-55209-0467.fits 
On File: spec-3694-55209-0468.fits 
On File: spec-3694-55209-0469.fits 
On File: spec-3694-55209-0470.fits 
On File: spec-3694-55209-0471.fits 
On File: spec-3694-55209-0472.fits 
On File: spec-3694-55209-0473.fits 
On File: spec-3694-55209-0474.fits 
On File: spec-3694-55209-0475.fits 
On File: spec-3694-55209-0476.fits 
On File: spec-3694-55209-0477.fits 
On File: spec-3694-55209-0478.fits 
On File: spec-3694-55209-0479.fits 
On File: spec-3694-55209-0480.fits 
On File: spec-3694-55209-0481.fits 
On File: spec-3694-55209-0482.fits 
On File: spec-3694-55209-0483.fits 
On File: spec-3694-55209-0484.fits 
On File: spec-3694-55209-0485.fits 
On File: spec-3694-55209-0486.fits 
On File: spec-3694-55209-0487.fits 
On File: spec-3694-55209-0488.fits 
On File: spec-3694-55209-0489.fits 
On File: spec-3694-55209-0490.fits 
On File: spec-3694-55209-0491.fits 
On File: spec-3694-55209-0492.fits 
On File: spec-3694-55209-0493.fits 
On File: spec-3694-55209-0494.fits 
On File: spec-3694-55209-0495.fits 
On File: spec-3694-55209-0496.fits 
On File: spec-3694-55209-0497.fits 
On File: spec-3694-55209-0498.fits 
On File: spec-3694-55209-0499.fits 
On File: spec-3694-55209-0500.fits 
On File: spec-3694-55209-0501.fits 
On File: spec-3694-55209-0502.fits 
On File: spec-3694-55209-0503.fits 
On File: spec-3694-55209-0504.fits 
On File: spec-3694-55209-0505.fits 
On File: spec-3694-55209-0506.fits 
On File: spec-3694-55209-0507.fits 
On File: spec-3694-55209-0508.fits 
On File: spec-3694-55209-0509.fits 
On File: spec-3694-55209-0510.fits 
On File: spec-3694-55209-0511.fits 
On File: spec-3694-55209-0512.fits 
On File: spec-3694-55209-0513.fits 
On File: spec-3694-55209-0514.fits 
On File: spec-3694-55209-0515.fits 
On File: spec-3694-55209-0516.fits 
On File: spec-3694-55209-0517.fits 
On File: spec-3694-55209-0518.fits 
On File: spec-3694-55209-0519.fits 
On File: spec-3694-55209-0520.fits 
On File: spec-3694-55209-0521.fits 
On File: spec-3694-55209-0522.fits 
On File: spec-3694-55209-0523.fits 
On File: spec-3694-55209-0524.fits 
On File: spec-3694-55209-0525.fits 
On File: spec-3694-55209-0526.fits 
On File: spec-3694-55209-0527.fits 
On File: spec-3694-55209-0528.fits 
On File: spec-3694-55209-0529.fits 
On File: spec-3694-55209-0530.fits 
On File: spec-3694-55209-0531.fits 
On File: spec-3694-55209-0532.fits 
On File: spec-3694-55209-0533.fits 
On File: spec-3694-55209-0534.fits 
On File: spec-3694-55209-0535.fits 
On File: spec-3694-55209-0536.fits 
On File: spec-3694-55209-0537.fits 
On File: spec-3694-55209-0538.fits 
On File: spec-3694-55209-0539.fits 
On File: spec-3694-55209-0540.fits 
On File: spec-3694-55209-0541.fits 
On File: spec-3694-55209-0542.fits 
On File: spec-3694-55209-0543.fits 
On File: spec-3694-55209-0544.fits 
On File: spec-3694-55209-0545.fits 
On File: spec-3694-55209-0546.fits 
On File: spec-3694-55209-0547.fits 
On File: spec-3694-55209-0548.fits 
On File: spec-3694-55209-0549.fits 
On File: spec-3694-55209-0550.fits 
On File: spec-3694-55209-0551.fits 
On File: spec-3694-55209-0552.fits 
On File: spec-3694-55209-0553.fits 
On File: spec-3694-55209-0554.fits 
On File: spec-3694-55209-0555.fits 
On File: spec-3694-55209-0556.fits 
On File: spec-3694-55209-0557.fits 
On File: spec-3694-55209-0558.fits 
On File: spec-3694-55209-0559.fits 
On File: spec-3694-55209-0560.fits 
On File: spec-3694-55209-0561.fits 
On File: spec-3694-55209-0562.fits 
On File: spec-3694-55209-0563.fits 
On File: spec-3694-55209-0564.fits 
On File: spec-3694-55209-0565.fits 
On File: spec-3694-55209-0566.fits 
On File: spec-3694-55209-0567.fits 
On File: spec-3694-55209-0568.fits 
On File: spec-3694-55209-0569.fits 
On File: spec-3694-55209-0570.fits 
On File: spec-3694-55209-0571.fits 
On File: spec-3694-55209-0572.fits 
On File: spec-3694-55209-0573.fits 
On File: spec-3694-55209-0574.fits 
On File: spec-3694-55209-0575.fits 
On File: spec-3694-55209-0576.fits 
On File: spec-3694-55209-0577.fits 
On File: spec-3694-55209-0578.fits 
On File: spec-3694-55209-0579.fits 
On File: spec-3694-55209-0580.fits 
On File: spec-3694-55209-0581.fits 
On File: spec-3694-55209-0582.fits 
On File: spec-3694-55209-0583.fits 
On File: spec-3694-55209-0584.fits 
On File: spec-3694-55209-0585.fits 
On File: spec-3694-55209-0586.fits 
On File: spec-3694-55209-0587.fits 
On File: spec-3694-55209-0588.fits 
On File: spec-3694-55209-0589.fits 
On File: spec-3694-55209-0590.fits 
On File: spec-3694-55209-0591.fits 
On File: spec-3694-55209-0592.fits 
On File: spec-3694-55209-0593.fits 
On File: spec-3694-55209-0594.fits 
On File: spec-3694-55209-0595.fits 
On File: spec-3694-55209-0596.fits 
On File: spec-3694-55209-0597.fits 
On File: spec-3694-55209-0598.fits 
On File: spec-3694-55209-0599.fits 
On File: spec-3694-55209-0600.fits 
On File: spec-3694-55209-0601.fits 
On File: spec-3694-55209-0602.fits 
On File: spec-3694-55209-0603.fits 
On File: spec-3694-55209-0604.fits 
On File: spec-3694-55209-0605.fits 
On File: spec-3694-55209-0606.fits 
On File: spec-3694-55209-0607.fits 
On File: spec-3694-55209-0608.fits 
On File: spec-3694-55209-0609.fits 
On File: spec-3694-55209-0610.fits 
On File: spec-3694-55209-0611.fits 
On File: spec-3694-55209-0612.fits 
On File: spec-3694-55209-0613.fits 
On File: spec-3694-55209-0614.fits 
On File: spec-3694-55209-0615.fits 
On File: spec-3694-55209-0616.fits 
On File: spec-3694-55209-0617.fits 
On File: spec-3694-55209-0618.fits 
On File: spec-3694-55209-0619.fits 
On File: spec-3694-55209-0620.fits 
On File: spec-3694-55209-0621.fits 
On File: spec-3694-55209-0622.fits 
On File: spec-3694-55209-0623.fits 
On File: spec-3694-55209-0624.fits 
On File: spec-3694-55209-0625.fits 
On File: spec-3694-55209-0626.fits 
On File: spec-3694-55209-0627.fits 
On File: spec-3694-55209-0628.fits 
On File: spec-3694-55209-0629.fits 
On File: spec-3694-55209-0630.fits 
On File: spec-3694-55209-0631.fits 
On File: spec-3694-55209-0632.fits 
On File: spec-3694-55209-0633.fits 
On File: spec-3694-55209-0634.fits 
On File: spec-3694-55209-0635.fits 
On File: spec-3694-55209-0636.fits 
On File: spec-3694-55209-0637.fits 
On File: spec-3694-55209-0638.fits 
On File: spec-3694-55209-0639.fits 
On File: spec-3694-55209-0640.fits 
On File: spec-3694-55209-0641.fits 
On File: spec-3694-55209-0642.fits 
On File: spec-3694-55209-0643.fits 
On File: spec-3694-55209-0644.fits 
On File: spec-3694-55209-0645.fits 
On File: spec-3694-55209-0646.fits 
On File: spec-3694-55209-0647.fits 
On File: spec-3694-55209-0648.fits 
On File: spec-3694-55209-0649.fits 
On File: spec-3694-55209-0650.fits 
On File: spec-3694-55209-0651.fits 
On File: spec-3694-55209-0652.fits 
On File: spec-3694-55209-0653.fits 
On File: spec-3694-55209-0654.fits 
On File: spec-3694-55209-0655.fits 
On File: spec-3694-55209-0656.fits 
On File: spec-3694-55209-0657.fits 
On File: spec-3694-55209-0658.fits 
On File: spec-3694-55209-0659.fits 
On File: spec-3694-55209-0660.fits 
On File: spec-3694-55209-0661.fits 
On File: spec-3694-55209-0662.fits 
On File: spec-3694-55209-0663.fits 
On File: spec-3694-55209-0664.fits 
On File: spec-3694-55209-0665.fits 
On File: spec-3694-55209-0666.fits 
On File: spec-3694-55209-0667.fits 
On File: spec-3694-55209-0668.fits 
On File: spec-3694-55209-0669.fits 
On File: spec-3694-55209-0670.fits 
On File: spec-3694-55209-0671.fits 
On File: spec-3694-55209-0672.fits 
On File: spec-3694-55209-0673.fits 
On File: spec-3694-55209-0674.fits 
On File: spec-3694-55209-0675.fits 
On File: spec-3694-55209-0676.fits 
On File: spec-3694-55209-0677.fits 
On File: spec-3694-55209-0678.fits 
On File: spec-3694-55209-0679.fits 
On File: spec-3694-55209-0680.fits 
On File: spec-3694-55209-0681.fits 
On File: spec-3694-55209-0682.fits 
On File: spec-3694-55209-0683.fits 
On File: spec-3694-55209-0684.fits 
On File: spec-3694-55209-0685.fits 
On File: spec-3694-55209-0686.fits 
On File: spec-3694-55209-0687.fits 
On File: spec-3694-55209-0688.fits 
On File: spec-3694-55209-0689.fits 
On File: spec-3694-55209-0690.fits 
On File: spec-3694-55209-0691.fits 
On File: spec-3694-55209-0692.fits 
On File: spec-3694-55209-0693.fits 
On File: spec-3694-55209-0694.fits 
On File: spec-3694-55209-0695.fits 
On File: spec-3694-55209-0696.fits 
On File: spec-3694-55209-0697.fits 
On File: spec-3694-55209-0698.fits 
On File: spec-3694-55209-0699.fits 
On File: spec-3694-55209-0700.fits 
On File: spec-3694-55209-0701.fits 
On File: spec-3694-55209-0702.fits 
On File: spec-3694-55209-0703.fits 
On File: spec-3694-55209-0704.fits 
On File: spec-3694-55209-0705.fits 
On File: spec-3694-55209-0706.fits 
On File: spec-3694-55209-0707.fits 
On File: spec-3694-55209-0708.fits 
On File: spec-3694-55209-0709.fits 
On File: spec-3694-55209-0710.fits 
On File: spec-3694-55209-0711.fits 
On File: spec-3694-55209-0712.fits 
On File: spec-3694-55209-0713.fits 
On File: spec-3694-55209-0714.fits 
On File: spec-3694-55209-0715.fits 
On File: spec-3694-55209-0716.fits 
On File: spec-3694-55209-0717.fits 
On File: spec-3694-55209-0718.fits 
On File: spec-3694-55209-0719.fits 
On File: spec-3694-55209-0720.fits 
On File: spec-3694-55209-0721.fits 
On File: spec-3694-55209-0722.fits 
On File: spec-3694-55209-0723.fits 
On File: spec-3694-55209-0724.fits 
On File: spec-3694-55209-0725.fits 
On File: spec-3694-55209-0726.fits 
On File: spec-3694-55209-0727.fits 
On File: spec-3694-55209-0728.fits 
On File: spec-3694-55209-0729.fits 
On File: spec-3694-55209-0730.fits 
On File: spec-3694-55209-0731.fits 
On File: spec-3694-55209-0732.fits 
On File: spec-3694-55209-0733.fits 
On File: spec-3694-55209-0734.fits 
On File: spec-3694-55209-0735.fits 
On File: spec-3694-55209-0736.fits 
On File: spec-3694-55209-0737.fits 
On File: spec-3694-55209-0738.fits 
On File: spec-3694-55209-0739.fits 
On File: spec-3694-55209-0740.fits 
On File: spec-3694-55209-0741.fits 
On File: spec-3694-55209-0742.fits 
On File: spec-3694-55209-0743.fits 
On File: spec-3694-55209-0744.fits 
On File: spec-3694-55209-0745.fits 
On File: spec-3694-55209-0746.fits 
On File: spec-3694-55209-0747.fits 
On File: spec-3694-55209-0748.fits 
On File: spec-3694-55209-0749.fits 
On File: spec-3694-55209-0750.fits 
On File: spec-3694-55209-0751.fits 
On File: spec-3694-55209-0752.fits 
On File: spec-3694-55209-0753.fits 
On File: spec-3694-55209-0754.fits 
On File: spec-3694-55209-0755.fits 
On File: spec-3694-55209-0756.fits 
On File: spec-3694-55209-0757.fits 
On File: spec-3694-55209-0758.fits 
On File: spec-3694-55209-0759.fits 
On File: spec-3694-55209-0760.fits 
On File: spec-3694-55209-0761.fits 
On File: spec-3694-55209-0762.fits 
On File: spec-3694-55209-0763.fits 
On File: spec-3694-55209-0764.fits 
On File: spec-3694-55209-0765.fits 
On File: spec-3694-55209-0766.fits 
On File: spec-3694-55209-0767.fits 
On File: spec-3694-55209-0768.fits 
On File: spec-3694-55209-0769.fits 
On File: spec-3694-55209-0770.fits 
On File: spec-3694-55209-0771.fits 
On File: spec-3694-55209-0772.fits 
On File: spec-3694-55209-0773.fits 
On File: spec-3694-55209-0774.fits 
On File: spec-3694-55209-0775.fits 
On File: spec-3694-55209-0776.fits 
On File: spec-3694-55209-0777.fits 
On File: spec-3694-55209-0778.fits 
On File: spec-3694-55209-0779.fits 
On File: spec-3694-55209-0780.fits 
On File: spec-3694-55209-0781.fits 
On File: spec-3694-55209-0782.fits 
On File: spec-3694-55209-0783.fits 
On File: spec-3694-55209-0784.fits 
On File: spec-3694-55209-0785.fits 
On File: spec-3694-55209-0786.fits 
On File: spec-3694-55209-0787.fits 
On File: spec-3694-55209-0788.fits 
On File: spec-3694-55209-0789.fits 
On File: spec-3694-55209-0790.fits 
On File: spec-3694-55209-0791.fits 
On File: spec-3694-55209-0792.fits 
On File: spec-3694-55209-0793.fits 
On File: spec-3694-55209-0794.fits 
On File: spec-3694-55209-0795.fits 
On File: spec-3694-55209-0796.fits 
On File: spec-3694-55209-0797.fits 
On File: spec-3694-55209-0798.fits 
On File: spec-3694-55209-0799.fits 
On File: spec-3694-55209-0800.fits 
On File: spec-3694-55209-0801.fits 
On File: spec-3694-55209-0802.fits 
On File: spec-3694-55209-0803.fits 
On File: spec-3694-55209-0804.fits 
On File: spec-3694-55209-0805.fits 
On File: spec-3694-55209-0806.fits 
On File: spec-3694-55209-0807.fits 
On File: spec-3694-55209-0808.fits 
On File: spec-3694-55209-0809.fits 
On File: spec-3694-55209-0810.fits 
On File: spec-3694-55209-0811.fits 
On File: spec-3694-55209-0812.fits 
On File: spec-3694-55209-0813.fits 
On File: spec-3694-55209-0814.fits 
On File: spec-3694-55209-0815.fits 
On File: spec-3694-55209-0816.fits 
On File: spec-3694-55209-0817.fits 
On File: spec-3694-55209-0818.fits 
On File: spec-3694-55209-0819.fits 
On File: spec-3694-55209-0820.fits 
On File: spec-3694-55209-0821.fits 
On File: spec-3694-55209-0822.fits 
On File: spec-3694-55209-0823.fits 
On File: spec-3694-55209-0824.fits 
On File: spec-3694-55209-0825.fits 
On File: spec-3694-55209-0826.fits 
On File: spec-3694-55209-0827.fits 
On File: spec-3694-55209-0828.fits 
On File: spec-3694-55209-0829.fits 
On File: spec-3694-55209-0830.fits 
On File: spec-3694-55209-0831.fits 
On File: spec-3694-55209-0832.fits 
On File: spec-3694-55209-0833.fits 
On File: spec-3694-55209-0834.fits 
On File: spec-3694-55209-0835.fits 
On File: spec-3694-55209-0836.fits 
On File: spec-3694-55209-0837.fits 
On File: spec-3694-55209-0838.fits 
On File: spec-3694-55209-0839.fits 
On File: spec-3694-55209-0840.fits 
On File: spec-3694-55209-0841.fits 
On File: spec-3694-55209-0842.fits 
On File: spec-3694-55209-0843.fits 
On File: spec-3694-55209-0844.fits 
On File: spec-3694-55209-0845.fits 
On File: spec-3694-55209-0846.fits 
On File: spec-3694-55209-0847.fits 
On File: spec-3694-55209-0848.fits 
On File: spec-3694-55209-0849.fits 
On File: spec-3694-55209-0850.fits 
On File: spec-3694-55209-0851.fits 
On File: spec-3694-55209-0852.fits 
On File: spec-3694-55209-0853.fits 
On File: spec-3694-55209-0854.fits 
On File: spec-3694-55209-0855.fits 
On File: spec-3694-55209-0856.fits 
On File: spec-3694-55209-0857.fits 
On File: spec-3694-55209-0858.fits 
On File: spec-3694-55209-0859.fits 
On File: spec-3694-55209-0860.fits 
On File: spec-3694-55209-0861.fits 
On File: spec-3694-55209-0862.fits 
On File: spec-3694-55209-0863.fits 
On File: spec-3694-55209-0864.fits 
On File: spec-3694-55209-0865.fits 
On File: spec-3694-55209-0866.fits 
On File: spec-3694-55209-0867.fits 
On File: spec-3694-55209-0868.fits 
On File: spec-3694-55209-0869.fits 
On File: spec-3694-55209-0870.fits 
On File: spec-3694-55209-0871.fits 
On File: spec-3694-55209-0872.fits 
On File: spec-3694-55209-0873.fits 
On File: spec-3694-55209-0874.fits 
On File: spec-3694-55209-0875.fits 
On File: spec-3694-55209-0876.fits 
On File: spec-3694-55209-0877.fits 
On File: spec-3694-55209-0878.fits 
On File: spec-3694-55209-0879.fits 
On File: spec-3694-55209-0880.fits 
On File: spec-3694-55209-0881.fits 
On File: spec-3694-55209-0882.fits 
On File: spec-3694-55209-0883.fits 
On File: spec-3694-55209-0884.fits 
On File: spec-3694-55209-0885.fits 
On File: spec-3694-55209-0886.fits 
On File: spec-3694-55209-0887.fits 
On File: spec-3694-55209-0888.fits 
On File: spec-3694-55209-0889.fits 
On File: spec-3694-55209-0890.fits 
On File: spec-3694-55209-0891.fits 
On File: spec-3694-55209-0892.fits 
On File: spec-3694-55209-0893.fits 
On File: spec-3694-55209-0894.fits 
On File: spec-3694-55209-0895.fits 
On File: spec-3694-55209-0896.fits 
On File: spec-3694-55209-0897.fits 
On File: spec-3694-55209-0898.fits 
On File: spec-3694-55209-0899.fits 
On File: spec-3694-55209-0900.fits 
On File: spec-3694-55209-0901.fits 
On File: spec-3694-55209-0902.fits 
On File: spec-3694-55209-0903.fits 
On File: spec-3694-55209-0904.fits 
On File: spec-3694-55209-0905.fits 
On File: spec-3694-55209-0906.fits 
On File: spec-3694-55209-0907.fits 
On File: spec-3694-55209-0908.fits 
On File: spec-3694-55209-0909.fits 
On File: spec-3694-55209-0910.fits 
On File: spec-3694-55209-0911.fits 
On File: spec-3694-55209-0912.fits 
On File: spec-3694-55209-0913.fits 
On File: spec-3694-55209-0914.fits 
On File: spec-3694-55209-0915.fits 
On File: spec-3694-55209-0916.fits 
On File: spec-3694-55209-0917.fits 
On File: spec-3694-55209-0918.fits 
On File: spec-3694-55209-0919.fits 
On File: spec-3694-55209-0920.fits 
On File: spec-3694-55209-0921.fits 
On File: spec-3694-55209-0922.fits 
On File: spec-3694-55209-0923.fits 
On File: spec-3694-55209-0924.fits 
On File: spec-3694-55209-0925.fits 
On File: spec-3694-55209-0926.fits 
On File: spec-3694-55209-0927.fits 
On File: spec-3694-55209-0928.fits 
On File: spec-3694-55209-0929.fits 
On File: spec-3694-55209-0930.fits 
On File: spec-3694-55209-0931.fits 
On File: spec-3694-55209-0932.fits 
On File: spec-3694-55209-0933.fits 
On File: spec-3694-55209-0934.fits 
On File: spec-3694-55209-0935.fits 
On File: spec-3694-55209-0936.fits 
On File: spec-3694-55209-0937.fits 
On File: spec-3694-55209-0938.fits 
On File: spec-3694-55209-0939.fits 
On File: spec-3694-55209-0940.fits 
On File: spec-3694-55209-0941.fits 
On File: spec-3694-55209-0942.fits 
On File: spec-3694-55209-0943.fits 
On File: spec-3694-55209-0944.fits 
On File: spec-3694-55209-0945.fits 
On File: spec-3694-55209-0946.fits 
On File: spec-3694-55209-0947.fits 
On File: spec-3694-55209-0948.fits 
On File: spec-3694-55209-0949.fits 
On File: spec-3694-55209-0950.fits 
On File: spec-3694-55209-0951.fits 
On File: spec-3694-55209-0952.fits 
On File: spec-3694-55209-0953.fits 
On File: spec-3694-55209-0954.fits 
On File: spec-3694-55209-0955.fits 
On File: spec-3694-55209-0956.fits 
On File: spec-3694-55209-0957.fits 
On File: spec-3694-55209-0958.fits 
On File: spec-3694-55209-0959.fits 
On File: spec-3694-55209-0960.fits 
On File: spec-3694-55209-0961.fits 
On File: spec-3694-55209-0962.fits 
On File: spec-3694-55209-0963.fits 
On File: spec-3694-55209-0964.fits 
On File: spec-3694-55209-0965.fits 
On File: spec-3694-55209-0966.fits 
On File: spec-3694-55209-0967.fits 
On File: spec-3694-55209-0968.fits 
On File: spec-3694-55209-0969.fits 
On File: spec-3694-55209-0970.fits 
On File: spec-3694-55209-0971.fits 
On File: spec-3694-55209-0972.fits 
On File: spec-3694-55209-0973.fits 
On File: spec-3694-55209-0974.fits 
On File: spec-3694-55209-0975.fits 
On File: spec-3694-55209-0976.fits 
On File: spec-3694-55209-0977.fits 
On File: spec-3694-55209-0978.fits 
On File: spec-3694-55209-0979.fits 
On File: spec-3694-55209-0980.fits 
On File: spec-3694-55209-0981.fits 
On File: spec-3694-55209-0982.fits 
On File: spec-3694-55209-0983.fits 
On File: spec-3694-55209-0984.fits 
On File: spec-3694-55209-0985.fits 
On File: spec-3694-55209-0986.fits 
On File: spec-3694-55209-0987.fits 
On File: spec-3694-55209-0988.fits 
On File: spec-3694-55209-0989.fits 
On File: spec-3694-55209-0990.fits 
On File: spec-3694-55209-0991.fits 
On File: spec-3694-55209-0992.fits 
On File: spec-3694-55209-0993.fits 
On File: spec-3694-55209-0994.fits 
On File: spec-3694-55209-0995.fits 
On File: spec-3694-55209-0996.fits 
On File: spec-3694-55209-0997.fits 
On File: spec-3694-55209-0998.fits 
On File: spec-3694-55209-0999.fits 
On File: spec-3694-55209-1000.fits 
[1] "Job Complete!"
