Unpacking R413.tar.gz ...
Unpacking packages_FITSio.tar.gz ...
Unpacking current *.tgz file
[1] "Initializing Console ..."
[1] "Inputing command line prompts ..."
[1] "Loading package FITSio."
[1] "Reading cB58_Lyman_break.fit ..."
[1] "Starting main process ..."
On File: spec-3681-55243-0001.fits 
On File: spec-3681-55243-0002.fits 
On File: spec-3681-55243-0003.fits 
On File: spec-3681-55243-0004.fits 
On File: spec-3681-55243-0005.fits 
On File: spec-3681-55243-0006.fits 
On File: spec-3681-55243-0007.fits 
On File: spec-3681-55243-0008.fits 
On File: spec-3681-55243-0009.fits 
On File: spec-3681-55243-0010.fits 
On File: spec-3681-55243-0011.fits 
On File: spec-3681-55243-0012.fits 
On File: spec-3681-55243-0013.fits 
On File: spec-3681-55243-0014.fits 
On File: spec-3681-55243-0015.fits 
On File: spec-3681-55243-0016.fits 
On File: spec-3681-55243-0017.fits 
On File: spec-3681-55243-0018.fits 
On File: spec-3681-55243-0019.fits 
On File: spec-3681-55243-0020.fits 
On File: spec-3681-55243-0021.fits 
On File: spec-3681-55243-0022.fits 
On File: spec-3681-55243-0023.fits 
On File: spec-3681-55243-0024.fits 
On File: spec-3681-55243-0025.fits 
On File: spec-3681-55243-0026.fits 
On File: spec-3681-55243-0027.fits 
On File: spec-3681-55243-0028.fits 
On File: spec-3681-55243-0029.fits 
On File: spec-3681-55243-0030.fits 
On File: spec-3681-55243-0031.fits 
On File: spec-3681-55243-0032.fits 
On File: spec-3681-55243-0033.fits 
On File: spec-3681-55243-0034.fits 
On File: spec-3681-55243-0035.fits 
On File: spec-3681-55243-0036.fits 
On File: spec-3681-55243-0037.fits 
On File: spec-3681-55243-0038.fits 
On File: spec-3681-55243-0039.fits 
On File: spec-3681-55243-0040.fits 
On File: spec-3681-55243-0041.fits 
On File: spec-3681-55243-0042.fits 
On File: spec-3681-55243-0043.fits 
On File: spec-3681-55243-0044.fits 
On File: spec-3681-55243-0045.fits 
On File: spec-3681-55243-0046.fits 
On File: spec-3681-55243-0047.fits 
On File: spec-3681-55243-0048.fits 
On File: spec-3681-55243-0049.fits 
On File: spec-3681-55243-0050.fits 
On File: spec-3681-55243-0051.fits 
On File: spec-3681-55243-0052.fits 
On File: spec-3681-55243-0053.fits 
On File: spec-3681-55243-0054.fits 
On File: spec-3681-55243-0055.fits 
On File: spec-3681-55243-0056.fits 
On File: spec-3681-55243-0057.fits 
On File: spec-3681-55243-0058.fits 
On File: spec-3681-55243-0059.fits 
On File: spec-3681-55243-0060.fits 
On File: spec-3681-55243-0061.fits 
On File: spec-3681-55243-0062.fits 
On File: spec-3681-55243-0063.fits 
On File: spec-3681-55243-0064.fits 
On File: spec-3681-55243-0065.fits 
On File: spec-3681-55243-0066.fits 
On File: spec-3681-55243-0067.fits 
On File: spec-3681-55243-0068.fits 
On File: spec-3681-55243-0069.fits 
On File: spec-3681-55243-0070.fits 
On File: spec-3681-55243-0071.fits 
On File: spec-3681-55243-0072.fits 
On File: spec-3681-55243-0073.fits 
On File: spec-3681-55243-0074.fits 
On File: spec-3681-55243-0075.fits 
On File: spec-3681-55243-0076.fits 
On File: spec-3681-55243-0077.fits 
On File: spec-3681-55243-0078.fits 
On File: spec-3681-55243-0079.fits 
On File: spec-3681-55243-0080.fits 
On File: spec-3681-55243-0081.fits 
On File: spec-3681-55243-0082.fits 
On File: spec-3681-55243-0083.fits 
On File: spec-3681-55243-0084.fits 
On File: spec-3681-55243-0085.fits 
On File: spec-3681-55243-0086.fits 
On File: spec-3681-55243-0087.fits 
On File: spec-3681-55243-0088.fits 
On File: spec-3681-55243-0089.fits 
On File: spec-3681-55243-0090.fits 
On File: spec-3681-55243-0091.fits 
On File: spec-3681-55243-0092.fits 
On File: spec-3681-55243-0093.fits 
On File: spec-3681-55243-0094.fits 
On File: spec-3681-55243-0095.fits 
On File: spec-3681-55243-0096.fits 
On File: spec-3681-55243-0097.fits 
On File: spec-3681-55243-0098.fits 
On File: spec-3681-55243-0099.fits 
On File: spec-3681-55243-0100.fits 
On File: spec-3681-55243-0101.fits 
On File: spec-3681-55243-0102.fits 
On File: spec-3681-55243-0103.fits 
On File: spec-3681-55243-0104.fits 
On File: spec-3681-55243-0105.fits 
On File: spec-3681-55243-0106.fits 
On File: spec-3681-55243-0107.fits 
On File: spec-3681-55243-0108.fits 
On File: spec-3681-55243-0109.fits 
On File: spec-3681-55243-0110.fits 
On File: spec-3681-55243-0111.fits 
On File: spec-3681-55243-0112.fits 
On File: spec-3681-55243-0113.fits 
On File: spec-3681-55243-0114.fits 
On File: spec-3681-55243-0115.fits 
On File: spec-3681-55243-0116.fits 
On File: spec-3681-55243-0117.fits 
On File: spec-3681-55243-0118.fits 
On File: spec-3681-55243-0119.fits 
On File: spec-3681-55243-0120.fits 
On File: spec-3681-55243-0121.fits 
On File: spec-3681-55243-0122.fits 
On File: spec-3681-55243-0123.fits 
On File: spec-3681-55243-0124.fits 
On File: spec-3681-55243-0125.fits 
On File: spec-3681-55243-0126.fits 
On File: spec-3681-55243-0127.fits 
On File: spec-3681-55243-0128.fits 
On File: spec-3681-55243-0129.fits 
On File: spec-3681-55243-0130.fits 
On File: spec-3681-55243-0131.fits 
On File: spec-3681-55243-0132.fits 
On File: spec-3681-55243-0133.fits 
On File: spec-3681-55243-0134.fits 
On File: spec-3681-55243-0135.fits 
On File: spec-3681-55243-0136.fits 
On File: spec-3681-55243-0137.fits 
On File: spec-3681-55243-0138.fits 
On File: spec-3681-55243-0139.fits 
On File: spec-3681-55243-0140.fits 
On File: spec-3681-55243-0141.fits 
On File: spec-3681-55243-0142.fits 
On File: spec-3681-55243-0143.fits 
On File: spec-3681-55243-0144.fits 
On File: spec-3681-55243-0145.fits 
On File: spec-3681-55243-0146.fits 
On File: spec-3681-55243-0147.fits 
On File: spec-3681-55243-0148.fits 
On File: spec-3681-55243-0149.fits 
On File: spec-3681-55243-0150.fits 
On File: spec-3681-55243-0151.fits 
On File: spec-3681-55243-0152.fits 
On File: spec-3681-55243-0153.fits 
On File: spec-3681-55243-0154.fits 
On File: spec-3681-55243-0155.fits 
On File: spec-3681-55243-0156.fits 
On File: spec-3681-55243-0157.fits 
On File: spec-3681-55243-0158.fits 
On File: spec-3681-55243-0159.fits 
On File: spec-3681-55243-0160.fits 
On File: spec-3681-55243-0161.fits 
On File: spec-3681-55243-0162.fits 
On File: spec-3681-55243-0163.fits 
On File: spec-3681-55243-0164.fits 
On File: spec-3681-55243-0165.fits 
On File: spec-3681-55243-0166.fits 
On File: spec-3681-55243-0167.fits 
On File: spec-3681-55243-0168.fits 
On File: spec-3681-55243-0169.fits 
On File: spec-3681-55243-0170.fits 
On File: spec-3681-55243-0171.fits 
On File: spec-3681-55243-0172.fits 
On File: spec-3681-55243-0173.fits 
On File: spec-3681-55243-0174.fits 
On File: spec-3681-55243-0175.fits 
On File: spec-3681-55243-0176.fits 
On File: spec-3681-55243-0177.fits 
On File: spec-3681-55243-0178.fits 
On File: spec-3681-55243-0179.fits 
On File: spec-3681-55243-0180.fits 
On File: spec-3681-55243-0181.fits 
On File: spec-3681-55243-0182.fits 
On File: spec-3681-55243-0183.fits 
On File: spec-3681-55243-0184.fits 
On File: spec-3681-55243-0185.fits 
On File: spec-3681-55243-0186.fits 
On File: spec-3681-55243-0187.fits 
On File: spec-3681-55243-0188.fits 
On File: spec-3681-55243-0189.fits 
On File: spec-3681-55243-0190.fits 
On File: spec-3681-55243-0191.fits 
On File: spec-3681-55243-0192.fits 
On File: spec-3681-55243-0193.fits 
On File: spec-3681-55243-0194.fits 
On File: spec-3681-55243-0195.fits 
On File: spec-3681-55243-0196.fits 
On File: spec-3681-55243-0197.fits 
On File: spec-3681-55243-0198.fits 
On File: spec-3681-55243-0199.fits 
On File: spec-3681-55243-0200.fits 
On File: spec-3681-55243-0201.fits 
On File: spec-3681-55243-0202.fits 
On File: spec-3681-55243-0203.fits 
On File: spec-3681-55243-0204.fits 
On File: spec-3681-55243-0205.fits 
On File: spec-3681-55243-0206.fits 
On File: spec-3681-55243-0207.fits 
On File: spec-3681-55243-0208.fits 
On File: spec-3681-55243-0209.fits 
On File: spec-3681-55243-0210.fits 
On File: spec-3681-55243-0211.fits 
On File: spec-3681-55243-0212.fits 
On File: spec-3681-55243-0213.fits 
On File: spec-3681-55243-0214.fits 
On File: spec-3681-55243-0215.fits 
On File: spec-3681-55243-0216.fits 
On File: spec-3681-55243-0217.fits 
On File: spec-3681-55243-0218.fits 
On File: spec-3681-55243-0219.fits 
On File: spec-3681-55243-0220.fits 
On File: spec-3681-55243-0221.fits 
On File: spec-3681-55243-0222.fits 
On File: spec-3681-55243-0223.fits 
On File: spec-3681-55243-0224.fits 
On File: spec-3681-55243-0225.fits 
On File: spec-3681-55243-0226.fits 
On File: spec-3681-55243-0227.fits 
On File: spec-3681-55243-0228.fits 
On File: spec-3681-55243-0229.fits 
On File: spec-3681-55243-0230.fits 
On File: spec-3681-55243-0231.fits 
On File: spec-3681-55243-0232.fits 
On File: spec-3681-55243-0233.fits 
On File: spec-3681-55243-0234.fits 
On File: spec-3681-55243-0235.fits 
On File: spec-3681-55243-0236.fits 
On File: spec-3681-55243-0237.fits 
On File: spec-3681-55243-0238.fits 
On File: spec-3681-55243-0239.fits 
On File: spec-3681-55243-0240.fits 
On File: spec-3681-55243-0241.fits 
On File: spec-3681-55243-0242.fits 
On File: spec-3681-55243-0243.fits 
On File: spec-3681-55243-0244.fits 
On File: spec-3681-55243-0245.fits 
On File: spec-3681-55243-0246.fits 
On File: spec-3681-55243-0247.fits 
On File: spec-3681-55243-0248.fits 
On File: spec-3681-55243-0249.fits 
On File: spec-3681-55243-0250.fits 
On File: spec-3681-55243-0251.fits 
On File: spec-3681-55243-0252.fits 
On File: spec-3681-55243-0253.fits 
On File: spec-3681-55243-0254.fits 
On File: spec-3681-55243-0255.fits 
On File: spec-3681-55243-0256.fits 
On File: spec-3681-55243-0257.fits 
On File: spec-3681-55243-0258.fits 
On File: spec-3681-55243-0259.fits 
On File: spec-3681-55243-0260.fits 
On File: spec-3681-55243-0261.fits 
On File: spec-3681-55243-0262.fits 
On File: spec-3681-55243-0263.fits 
On File: spec-3681-55243-0264.fits 
On File: spec-3681-55243-0265.fits 
On File: spec-3681-55243-0266.fits 
On File: spec-3681-55243-0267.fits 
On File: spec-3681-55243-0268.fits 
On File: spec-3681-55243-0269.fits 
On File: spec-3681-55243-0270.fits 
On File: spec-3681-55243-0271.fits 
On File: spec-3681-55243-0272.fits 
On File: spec-3681-55243-0273.fits 
On File: spec-3681-55243-0274.fits 
On File: spec-3681-55243-0275.fits 
On File: spec-3681-55243-0276.fits 
On File: spec-3681-55243-0277.fits 
On File: spec-3681-55243-0278.fits 
On File: spec-3681-55243-0279.fits 
On File: spec-3681-55243-0280.fits 
On File: spec-3681-55243-0281.fits 
On File: spec-3681-55243-0282.fits 
On File: spec-3681-55243-0283.fits 
On File: spec-3681-55243-0284.fits 
On File: spec-3681-55243-0285.fits 
On File: spec-3681-55243-0286.fits 
On File: spec-3681-55243-0287.fits 
On File: spec-3681-55243-0288.fits 
On File: spec-3681-55243-0289.fits 
On File: spec-3681-55243-0290.fits 
On File: spec-3681-55243-0291.fits 
On File: spec-3681-55243-0292.fits 
On File: spec-3681-55243-0293.fits 
On File: spec-3681-55243-0294.fits 
On File: spec-3681-55243-0295.fits 
On File: spec-3681-55243-0296.fits 
On File: spec-3681-55243-0297.fits 
On File: spec-3681-55243-0298.fits 
On File: spec-3681-55243-0299.fits 
On File: spec-3681-55243-0300.fits 
On File: spec-3681-55243-0301.fits 
On File: spec-3681-55243-0302.fits 
On File: spec-3681-55243-0303.fits 
On File: spec-3681-55243-0304.fits 
On File: spec-3681-55243-0305.fits 
On File: spec-3681-55243-0306.fits 
On File: spec-3681-55243-0307.fits 
On File: spec-3681-55243-0308.fits 
On File: spec-3681-55243-0309.fits 
On File: spec-3681-55243-0310.fits 
On File: spec-3681-55243-0311.fits 
On File: spec-3681-55243-0312.fits 
On File: spec-3681-55243-0313.fits 
On File: spec-3681-55243-0314.fits 
On File: spec-3681-55243-0315.fits 
On File: spec-3681-55243-0316.fits 
On File: spec-3681-55243-0317.fits 
On File: spec-3681-55243-0318.fits 
On File: spec-3681-55243-0319.fits 
On File: spec-3681-55243-0320.fits 
On File: spec-3681-55243-0321.fits 
On File: spec-3681-55243-0322.fits 
On File: spec-3681-55243-0323.fits 
On File: spec-3681-55243-0324.fits 
On File: spec-3681-55243-0325.fits 
On File: spec-3681-55243-0326.fits 
On File: spec-3681-55243-0327.fits 
On File: spec-3681-55243-0328.fits 
On File: spec-3681-55243-0329.fits 
On File: spec-3681-55243-0330.fits 
On File: spec-3681-55243-0331.fits 
On File: spec-3681-55243-0332.fits 
On File: spec-3681-55243-0333.fits 
On File: spec-3681-55243-0334.fits 
On File: spec-3681-55243-0335.fits 
On File: spec-3681-55243-0336.fits 
On File: spec-3681-55243-0337.fits 
On File: spec-3681-55243-0338.fits 
On File: spec-3681-55243-0339.fits 
On File: spec-3681-55243-0340.fits 
On File: spec-3681-55243-0341.fits 
On File: spec-3681-55243-0342.fits 
On File: spec-3681-55243-0343.fits 
On File: spec-3681-55243-0344.fits 
On File: spec-3681-55243-0345.fits 
On File: spec-3681-55243-0346.fits 
On File: spec-3681-55243-0347.fits 
On File: spec-3681-55243-0348.fits 
On File: spec-3681-55243-0349.fits 
On File: spec-3681-55243-0350.fits 
On File: spec-3681-55243-0351.fits 
On File: spec-3681-55243-0352.fits 
On File: spec-3681-55243-0353.fits 
On File: spec-3681-55243-0354.fits 
On File: spec-3681-55243-0355.fits 
On File: spec-3681-55243-0356.fits 
On File: spec-3681-55243-0357.fits 
On File: spec-3681-55243-0358.fits 
On File: spec-3681-55243-0359.fits 
On File: spec-3681-55243-0360.fits 
On File: spec-3681-55243-0361.fits 
On File: spec-3681-55243-0362.fits 
On File: spec-3681-55243-0363.fits 
On File: spec-3681-55243-0364.fits 
On File: spec-3681-55243-0365.fits 
On File: spec-3681-55243-0366.fits 
On File: spec-3681-55243-0367.fits 
On File: spec-3681-55243-0368.fits 
On File: spec-3681-55243-0369.fits 
On File: spec-3681-55243-0370.fits 
On File: spec-3681-55243-0371.fits 
On File: spec-3681-55243-0372.fits 
On File: spec-3681-55243-0373.fits 
On File: spec-3681-55243-0374.fits 
On File: spec-3681-55243-0375.fits 
On File: spec-3681-55243-0376.fits 
On File: spec-3681-55243-0377.fits 
On File: spec-3681-55243-0378.fits 
On File: spec-3681-55243-0379.fits 
On File: spec-3681-55243-0380.fits 
On File: spec-3681-55243-0381.fits 
On File: spec-3681-55243-0382.fits 
On File: spec-3681-55243-0383.fits 
On File: spec-3681-55243-0384.fits 
On File: spec-3681-55243-0385.fits 
On File: spec-3681-55243-0386.fits 
On File: spec-3681-55243-0387.fits 
On File: spec-3681-55243-0388.fits 
On File: spec-3681-55243-0389.fits 
On File: spec-3681-55243-0390.fits 
On File: spec-3681-55243-0391.fits 
On File: spec-3681-55243-0392.fits 
On File: spec-3681-55243-0393.fits 
On File: spec-3681-55243-0394.fits 
On File: spec-3681-55243-0395.fits 
On File: spec-3681-55243-0396.fits 
On File: spec-3681-55243-0397.fits 
On File: spec-3681-55243-0398.fits 
On File: spec-3681-55243-0399.fits 
On File: spec-3681-55243-0400.fits 
On File: spec-3681-55243-0401.fits 
On File: spec-3681-55243-0402.fits 
On File: spec-3681-55243-0403.fits 
On File: spec-3681-55243-0404.fits 
On File: spec-3681-55243-0405.fits 
On File: spec-3681-55243-0406.fits 
On File: spec-3681-55243-0407.fits 
On File: spec-3681-55243-0408.fits 
On File: spec-3681-55243-0409.fits 
On File: spec-3681-55243-0410.fits 
On File: spec-3681-55243-0411.fits 
On File: spec-3681-55243-0412.fits 
On File: spec-3681-55243-0413.fits 
On File: spec-3681-55243-0414.fits 
On File: spec-3681-55243-0415.fits 
On File: spec-3681-55243-0416.fits 
On File: spec-3681-55243-0417.fits 
On File: spec-3681-55243-0418.fits 
On File: spec-3681-55243-0419.fits 
On File: spec-3681-55243-0420.fits 
On File: spec-3681-55243-0421.fits 
On File: spec-3681-55243-0422.fits 
On File: spec-3681-55243-0423.fits 
On File: spec-3681-55243-0424.fits 
On File: spec-3681-55243-0425.fits 
On File: spec-3681-55243-0426.fits 
On File: spec-3681-55243-0427.fits 
On File: spec-3681-55243-0428.fits 
On File: spec-3681-55243-0429.fits 
On File: spec-3681-55243-0430.fits 
On File: spec-3681-55243-0431.fits 
On File: spec-3681-55243-0432.fits 
On File: spec-3681-55243-0433.fits 
On File: spec-3681-55243-0434.fits 
On File: spec-3681-55243-0435.fits 
On File: spec-3681-55243-0436.fits 
On File: spec-3681-55243-0437.fits 
On File: spec-3681-55243-0438.fits 
On File: spec-3681-55243-0439.fits 
On File: spec-3681-55243-0440.fits 
On File: spec-3681-55243-0441.fits 
On File: spec-3681-55243-0442.fits 
On File: spec-3681-55243-0443.fits 
On File: spec-3681-55243-0444.fits 
On File: spec-3681-55243-0445.fits 
On File: spec-3681-55243-0446.fits 
On File: spec-3681-55243-0447.fits 
On File: spec-3681-55243-0448.fits 
On File: spec-3681-55243-0449.fits 
On File: spec-3681-55243-0450.fits 
On File: spec-3681-55243-0451.fits 
On File: spec-3681-55243-0452.fits 
On File: spec-3681-55243-0453.fits 
On File: spec-3681-55243-0454.fits 
On File: spec-3681-55243-0455.fits 
On File: spec-3681-55243-0456.fits 
On File: spec-3681-55243-0457.fits 
On File: spec-3681-55243-0458.fits 
On File: spec-3681-55243-0459.fits 
On File: spec-3681-55243-0460.fits 
On File: spec-3681-55243-0461.fits 
On File: spec-3681-55243-0462.fits 
On File: spec-3681-55243-0463.fits 
On File: spec-3681-55243-0464.fits 
On File: spec-3681-55243-0465.fits 
On File: spec-3681-55243-0466.fits 
On File: spec-3681-55243-0467.fits 
On File: spec-3681-55243-0468.fits 
On File: spec-3681-55243-0469.fits 
On File: spec-3681-55243-0470.fits 
On File: spec-3681-55243-0471.fits 
On File: spec-3681-55243-0472.fits 
On File: spec-3681-55243-0473.fits 
On File: spec-3681-55243-0474.fits 
On File: spec-3681-55243-0475.fits 
On File: spec-3681-55243-0476.fits 
On File: spec-3681-55243-0477.fits 
On File: spec-3681-55243-0478.fits 
On File: spec-3681-55243-0479.fits 
On File: spec-3681-55243-0480.fits 
On File: spec-3681-55243-0481.fits 
On File: spec-3681-55243-0482.fits 
On File: spec-3681-55243-0483.fits 
On File: spec-3681-55243-0484.fits 
On File: spec-3681-55243-0485.fits 
On File: spec-3681-55243-0486.fits 
On File: spec-3681-55243-0487.fits 
On File: spec-3681-55243-0488.fits 
On File: spec-3681-55243-0489.fits 
On File: spec-3681-55243-0490.fits 
On File: spec-3681-55243-0491.fits 
On File: spec-3681-55243-0492.fits 
On File: spec-3681-55243-0493.fits 
On File: spec-3681-55243-0494.fits 
On File: spec-3681-55243-0495.fits 
On File: spec-3681-55243-0496.fits 
On File: spec-3681-55243-0497.fits 
On File: spec-3681-55243-0498.fits 
On File: spec-3681-55243-0499.fits 
On File: spec-3681-55243-0500.fits 
On File: spec-3681-55243-0501.fits 
On File: spec-3681-55243-0502.fits 
On File: spec-3681-55243-0503.fits 
On File: spec-3681-55243-0504.fits 
On File: spec-3681-55243-0505.fits 
On File: spec-3681-55243-0506.fits 
On File: spec-3681-55243-0507.fits 
On File: spec-3681-55243-0508.fits 
On File: spec-3681-55243-0509.fits 
On File: spec-3681-55243-0510.fits 
On File: spec-3681-55243-0511.fits 
On File: spec-3681-55243-0512.fits 
On File: spec-3681-55243-0513.fits 
On File: spec-3681-55243-0514.fits 
On File: spec-3681-55243-0515.fits 
On File: spec-3681-55243-0516.fits 
On File: spec-3681-55243-0517.fits 
On File: spec-3681-55243-0518.fits 
On File: spec-3681-55243-0519.fits 
On File: spec-3681-55243-0520.fits 
On File: spec-3681-55243-0521.fits 
On File: spec-3681-55243-0522.fits 
On File: spec-3681-55243-0523.fits 
On File: spec-3681-55243-0524.fits 
On File: spec-3681-55243-0525.fits 
On File: spec-3681-55243-0526.fits 
On File: spec-3681-55243-0527.fits 
On File: spec-3681-55243-0528.fits 
On File: spec-3681-55243-0529.fits 
On File: spec-3681-55243-0530.fits 
On File: spec-3681-55243-0531.fits 
On File: spec-3681-55243-0532.fits 
On File: spec-3681-55243-0533.fits 
On File: spec-3681-55243-0534.fits 
On File: spec-3681-55243-0535.fits 
On File: spec-3681-55243-0536.fits 
On File: spec-3681-55243-0537.fits 
On File: spec-3681-55243-0538.fits 
On File: spec-3681-55243-0539.fits 
On File: spec-3681-55243-0540.fits 
On File: spec-3681-55243-0541.fits 
On File: spec-3681-55243-0542.fits 
On File: spec-3681-55243-0543.fits 
On File: spec-3681-55243-0544.fits 
On File: spec-3681-55243-0545.fits 
On File: spec-3681-55243-0546.fits 
On File: spec-3681-55243-0547.fits 
On File: spec-3681-55243-0548.fits 
On File: spec-3681-55243-0549.fits 
On File: spec-3681-55243-0550.fits 
On File: spec-3681-55243-0551.fits 
On File: spec-3681-55243-0552.fits 
On File: spec-3681-55243-0553.fits 
On File: spec-3681-55243-0554.fits 
On File: spec-3681-55243-0555.fits 
On File: spec-3681-55243-0556.fits 
On File: spec-3681-55243-0557.fits 
On File: spec-3681-55243-0558.fits 
On File: spec-3681-55243-0559.fits 
On File: spec-3681-55243-0560.fits 
On File: spec-3681-55243-0561.fits 
On File: spec-3681-55243-0562.fits 
On File: spec-3681-55243-0563.fits 
On File: spec-3681-55243-0564.fits 
On File: spec-3681-55243-0565.fits 
On File: spec-3681-55243-0566.fits 
On File: spec-3681-55243-0567.fits 
On File: spec-3681-55243-0568.fits 
On File: spec-3681-55243-0569.fits 
On File: spec-3681-55243-0570.fits 
On File: spec-3681-55243-0571.fits 
On File: spec-3681-55243-0572.fits 
On File: spec-3681-55243-0573.fits 
On File: spec-3681-55243-0574.fits 
On File: spec-3681-55243-0575.fits 
On File: spec-3681-55243-0576.fits 
On File: spec-3681-55243-0577.fits 
On File: spec-3681-55243-0578.fits 
On File: spec-3681-55243-0579.fits 
On File: spec-3681-55243-0580.fits 
On File: spec-3681-55243-0581.fits 
On File: spec-3681-55243-0582.fits 
On File: spec-3681-55243-0583.fits 
On File: spec-3681-55243-0584.fits 
On File: spec-3681-55243-0585.fits 
On File: spec-3681-55243-0586.fits 
On File: spec-3681-55243-0587.fits 
On File: spec-3681-55243-0588.fits 
On File: spec-3681-55243-0589.fits 
On File: spec-3681-55243-0590.fits 
On File: spec-3681-55243-0591.fits 
On File: spec-3681-55243-0592.fits 
On File: spec-3681-55243-0593.fits 
On File: spec-3681-55243-0594.fits 
On File: spec-3681-55243-0595.fits 
On File: spec-3681-55243-0596.fits 
On File: spec-3681-55243-0597.fits 
On File: spec-3681-55243-0598.fits 
On File: spec-3681-55243-0599.fits 
On File: spec-3681-55243-0600.fits 
On File: spec-3681-55243-0601.fits 
On File: spec-3681-55243-0602.fits 
On File: spec-3681-55243-0603.fits 
On File: spec-3681-55243-0604.fits 
On File: spec-3681-55243-0605.fits 
On File: spec-3681-55243-0606.fits 
On File: spec-3681-55243-0607.fits 
On File: spec-3681-55243-0608.fits 
On File: spec-3681-55243-0609.fits 
On File: spec-3681-55243-0610.fits 
On File: spec-3681-55243-0611.fits 
On File: spec-3681-55243-0612.fits 
On File: spec-3681-55243-0613.fits 
On File: spec-3681-55243-0614.fits 
On File: spec-3681-55243-0615.fits 
On File: spec-3681-55243-0616.fits 
On File: spec-3681-55243-0617.fits 
On File: spec-3681-55243-0618.fits 
On File: spec-3681-55243-0619.fits 
On File: spec-3681-55243-0620.fits 
On File: spec-3681-55243-0621.fits 
On File: spec-3681-55243-0622.fits 
On File: spec-3681-55243-0623.fits 
On File: spec-3681-55243-0624.fits 
On File: spec-3681-55243-0625.fits 
On File: spec-3681-55243-0626.fits 
On File: spec-3681-55243-0627.fits 
On File: spec-3681-55243-0628.fits 
On File: spec-3681-55243-0629.fits 
On File: spec-3681-55243-0630.fits 
On File: spec-3681-55243-0631.fits 
On File: spec-3681-55243-0632.fits 
On File: spec-3681-55243-0633.fits 
On File: spec-3681-55243-0634.fits 
On File: spec-3681-55243-0635.fits 
On File: spec-3681-55243-0636.fits 
On File: spec-3681-55243-0637.fits 
On File: spec-3681-55243-0638.fits 
On File: spec-3681-55243-0639.fits 
On File: spec-3681-55243-0640.fits 
On File: spec-3681-55243-0641.fits 
On File: spec-3681-55243-0642.fits 
On File: spec-3681-55243-0643.fits 
On File: spec-3681-55243-0644.fits 
On File: spec-3681-55243-0645.fits 
On File: spec-3681-55243-0646.fits 
On File: spec-3681-55243-0647.fits 
On File: spec-3681-55243-0648.fits 
On File: spec-3681-55243-0649.fits 
On File: spec-3681-55243-0650.fits 
On File: spec-3681-55243-0651.fits 
On File: spec-3681-55243-0652.fits 
On File: spec-3681-55243-0653.fits 
On File: spec-3681-55243-0654.fits 
On File: spec-3681-55243-0655.fits 
On File: spec-3681-55243-0656.fits 
On File: spec-3681-55243-0657.fits 
On File: spec-3681-55243-0658.fits 
On File: spec-3681-55243-0659.fits 
On File: spec-3681-55243-0660.fits 
On File: spec-3681-55243-0661.fits 
On File: spec-3681-55243-0662.fits 
On File: spec-3681-55243-0663.fits 
On File: spec-3681-55243-0664.fits 
On File: spec-3681-55243-0665.fits 
On File: spec-3681-55243-0666.fits 
On File: spec-3681-55243-0667.fits 
On File: spec-3681-55243-0668.fits 
On File: spec-3681-55243-0669.fits 
On File: spec-3681-55243-0670.fits 
On File: spec-3681-55243-0671.fits 
On File: spec-3681-55243-0672.fits 
On File: spec-3681-55243-0673.fits 
On File: spec-3681-55243-0674.fits 
On File: spec-3681-55243-0675.fits 
On File: spec-3681-55243-0676.fits 
On File: spec-3681-55243-0677.fits 
On File: spec-3681-55243-0678.fits 
On File: spec-3681-55243-0679.fits 
On File: spec-3681-55243-0680.fits 
On File: spec-3681-55243-0681.fits 
On File: spec-3681-55243-0682.fits 
On File: spec-3681-55243-0683.fits 
On File: spec-3681-55243-0684.fits 
On File: spec-3681-55243-0685.fits 
On File: spec-3681-55243-0686.fits 
On File: spec-3681-55243-0687.fits 
On File: spec-3681-55243-0688.fits 
On File: spec-3681-55243-0689.fits 
On File: spec-3681-55243-0690.fits 
On File: spec-3681-55243-0691.fits 
On File: spec-3681-55243-0692.fits 
On File: spec-3681-55243-0693.fits 
On File: spec-3681-55243-0694.fits 
On File: spec-3681-55243-0695.fits 
On File: spec-3681-55243-0696.fits 
On File: spec-3681-55243-0697.fits 
On File: spec-3681-55243-0698.fits 
On File: spec-3681-55243-0699.fits 
On File: spec-3681-55243-0700.fits 
On File: spec-3681-55243-0701.fits 
On File: spec-3681-55243-0702.fits 
On File: spec-3681-55243-0703.fits 
On File: spec-3681-55243-0704.fits 
On File: spec-3681-55243-0705.fits 
On File: spec-3681-55243-0706.fits 
On File: spec-3681-55243-0707.fits 
On File: spec-3681-55243-0708.fits 
On File: spec-3681-55243-0709.fits 
On File: spec-3681-55243-0710.fits 
On File: spec-3681-55243-0711.fits 
On File: spec-3681-55243-0712.fits 
On File: spec-3681-55243-0713.fits 
On File: spec-3681-55243-0714.fits 
On File: spec-3681-55243-0715.fits 
On File: spec-3681-55243-0716.fits 
On File: spec-3681-55243-0717.fits 
On File: spec-3681-55243-0718.fits 
On File: spec-3681-55243-0719.fits 
On File: spec-3681-55243-0720.fits 
On File: spec-3681-55243-0721.fits 
On File: spec-3681-55243-0722.fits 
On File: spec-3681-55243-0723.fits 
On File: spec-3681-55243-0724.fits 
On File: spec-3681-55243-0725.fits 
On File: spec-3681-55243-0726.fits 
On File: spec-3681-55243-0727.fits 
On File: spec-3681-55243-0728.fits 
On File: spec-3681-55243-0729.fits 
On File: spec-3681-55243-0730.fits 
On File: spec-3681-55243-0731.fits 
On File: spec-3681-55243-0732.fits 
On File: spec-3681-55243-0733.fits 
On File: spec-3681-55243-0734.fits 
On File: spec-3681-55243-0735.fits 
On File: spec-3681-55243-0736.fits 
On File: spec-3681-55243-0737.fits 
On File: spec-3681-55243-0738.fits 
On File: spec-3681-55243-0739.fits 
On File: spec-3681-55243-0740.fits 
On File: spec-3681-55243-0741.fits 
On File: spec-3681-55243-0742.fits 
On File: spec-3681-55243-0743.fits 
On File: spec-3681-55243-0744.fits 
On File: spec-3681-55243-0745.fits 
On File: spec-3681-55243-0746.fits 
On File: spec-3681-55243-0747.fits 
On File: spec-3681-55243-0748.fits 
On File: spec-3681-55243-0749.fits 
On File: spec-3681-55243-0750.fits 
On File: spec-3681-55243-0751.fits 
On File: spec-3681-55243-0752.fits 
On File: spec-3681-55243-0753.fits 
On File: spec-3681-55243-0754.fits 
On File: spec-3681-55243-0755.fits 
On File: spec-3681-55243-0756.fits 
On File: spec-3681-55243-0757.fits 
On File: spec-3681-55243-0758.fits 
On File: spec-3681-55243-0759.fits 
On File: spec-3681-55243-0760.fits 
On File: spec-3681-55243-0761.fits 
On File: spec-3681-55243-0762.fits 
On File: spec-3681-55243-0763.fits 
On File: spec-3681-55243-0764.fits 
On File: spec-3681-55243-0765.fits 
On File: spec-3681-55243-0766.fits 
On File: spec-3681-55243-0767.fits 
On File: spec-3681-55243-0768.fits 
On File: spec-3681-55243-0769.fits 
On File: spec-3681-55243-0770.fits 
On File: spec-3681-55243-0771.fits 
On File: spec-3681-55243-0772.fits 
On File: spec-3681-55243-0773.fits 
On File: spec-3681-55243-0774.fits 
On File: spec-3681-55243-0775.fits 
On File: spec-3681-55243-0776.fits 
On File: spec-3681-55243-0777.fits 
On File: spec-3681-55243-0778.fits 
On File: spec-3681-55243-0779.fits 
On File: spec-3681-55243-0780.fits 
On File: spec-3681-55243-0781.fits 
On File: spec-3681-55243-0782.fits 
On File: spec-3681-55243-0783.fits 
On File: spec-3681-55243-0784.fits 
On File: spec-3681-55243-0785.fits 
On File: spec-3681-55243-0786.fits 
On File: spec-3681-55243-0787.fits 
On File: spec-3681-55243-0788.fits 
On File: spec-3681-55243-0789.fits 
On File: spec-3681-55243-0790.fits 
On File: spec-3681-55243-0791.fits 
On File: spec-3681-55243-0792.fits 
On File: spec-3681-55243-0793.fits 
On File: spec-3681-55243-0794.fits 
On File: spec-3681-55243-0795.fits 
On File: spec-3681-55243-0796.fits 
On File: spec-3681-55243-0797.fits 
On File: spec-3681-55243-0798.fits 
On File: spec-3681-55243-0799.fits 
On File: spec-3681-55243-0800.fits 
On File: spec-3681-55243-0801.fits 
On File: spec-3681-55243-0802.fits 
On File: spec-3681-55243-0803.fits 
On File: spec-3681-55243-0804.fits 
On File: spec-3681-55243-0805.fits 
On File: spec-3681-55243-0806.fits 
On File: spec-3681-55243-0807.fits 
On File: spec-3681-55243-0808.fits 
On File: spec-3681-55243-0809.fits 
On File: spec-3681-55243-0810.fits 
On File: spec-3681-55243-0811.fits 
On File: spec-3681-55243-0812.fits 
On File: spec-3681-55243-0813.fits 
On File: spec-3681-55243-0814.fits 
On File: spec-3681-55243-0815.fits 
On File: spec-3681-55243-0816.fits 
On File: spec-3681-55243-0817.fits 
On File: spec-3681-55243-0818.fits 
On File: spec-3681-55243-0819.fits 
On File: spec-3681-55243-0820.fits 
On File: spec-3681-55243-0821.fits 
On File: spec-3681-55243-0822.fits 
On File: spec-3681-55243-0823.fits 
On File: spec-3681-55243-0824.fits 
On File: spec-3681-55243-0825.fits 
On File: spec-3681-55243-0826.fits 
On File: spec-3681-55243-0827.fits 
On File: spec-3681-55243-0828.fits 
On File: spec-3681-55243-0829.fits 
On File: spec-3681-55243-0830.fits 
On File: spec-3681-55243-0831.fits 
On File: spec-3681-55243-0832.fits 
On File: spec-3681-55243-0833.fits 
On File: spec-3681-55243-0834.fits 
On File: spec-3681-55243-0835.fits 
On File: spec-3681-55243-0836.fits 
On File: spec-3681-55243-0837.fits 
On File: spec-3681-55243-0838.fits 
On File: spec-3681-55243-0839.fits 
On File: spec-3681-55243-0840.fits 
On File: spec-3681-55243-0841.fits 
On File: spec-3681-55243-0842.fits 
On File: spec-3681-55243-0843.fits 
On File: spec-3681-55243-0844.fits 
On File: spec-3681-55243-0845.fits 
On File: spec-3681-55243-0846.fits 
On File: spec-3681-55243-0847.fits 
On File: spec-3681-55243-0848.fits 
On File: spec-3681-55243-0849.fits 
On File: spec-3681-55243-0850.fits 
On File: spec-3681-55243-0851.fits 
On File: spec-3681-55243-0852.fits 
On File: spec-3681-55243-0853.fits 
On File: spec-3681-55243-0854.fits 
On File: spec-3681-55243-0855.fits 
On File: spec-3681-55243-0856.fits 
On File: spec-3681-55243-0857.fits 
On File: spec-3681-55243-0858.fits 
On File: spec-3681-55243-0859.fits 
On File: spec-3681-55243-0860.fits 
On File: spec-3681-55243-0861.fits 
On File: spec-3681-55243-0862.fits 
On File: spec-3681-55243-0863.fits 
On File: spec-3681-55243-0864.fits 
On File: spec-3681-55243-0865.fits 
On File: spec-3681-55243-0866.fits 
On File: spec-3681-55243-0867.fits 
On File: spec-3681-55243-0868.fits 
On File: spec-3681-55243-0869.fits 
On File: spec-3681-55243-0870.fits 
On File: spec-3681-55243-0871.fits 
On File: spec-3681-55243-0872.fits 
On File: spec-3681-55243-0873.fits 
On File: spec-3681-55243-0874.fits 
On File: spec-3681-55243-0875.fits 
On File: spec-3681-55243-0876.fits 
On File: spec-3681-55243-0877.fits 
On File: spec-3681-55243-0878.fits 
On File: spec-3681-55243-0879.fits 
On File: spec-3681-55243-0880.fits 
On File: spec-3681-55243-0881.fits 
On File: spec-3681-55243-0882.fits 
On File: spec-3681-55243-0883.fits 
On File: spec-3681-55243-0884.fits 
On File: spec-3681-55243-0885.fits 
On File: spec-3681-55243-0886.fits 
On File: spec-3681-55243-0887.fits 
On File: spec-3681-55243-0888.fits 
On File: spec-3681-55243-0889.fits 
On File: spec-3681-55243-0890.fits 
On File: spec-3681-55243-0891.fits 
On File: spec-3681-55243-0892.fits 
On File: spec-3681-55243-0893.fits 
On File: spec-3681-55243-0894.fits 
On File: spec-3681-55243-0895.fits 
On File: spec-3681-55243-0896.fits 
On File: spec-3681-55243-0897.fits 
On File: spec-3681-55243-0898.fits 
On File: spec-3681-55243-0899.fits 
On File: spec-3681-55243-0900.fits 
On File: spec-3681-55243-0901.fits 
On File: spec-3681-55243-0902.fits 
On File: spec-3681-55243-0903.fits 
On File: spec-3681-55243-0904.fits 
On File: spec-3681-55243-0905.fits 
On File: spec-3681-55243-0906.fits 
On File: spec-3681-55243-0907.fits 
On File: spec-3681-55243-0908.fits 
On File: spec-3681-55243-0909.fits 
On File: spec-3681-55243-0910.fits 
On File: spec-3681-55243-0911.fits 
On File: spec-3681-55243-0912.fits 
On File: spec-3681-55243-0913.fits 
On File: spec-3681-55243-0914.fits 
On File: spec-3681-55243-0915.fits 
On File: spec-3681-55243-0916.fits 
On File: spec-3681-55243-0917.fits 
On File: spec-3681-55243-0918.fits 
On File: spec-3681-55243-0919.fits 
On File: spec-3681-55243-0920.fits 
On File: spec-3681-55243-0921.fits 
On File: spec-3681-55243-0922.fits 
On File: spec-3681-55243-0923.fits 
On File: spec-3681-55243-0924.fits 
On File: spec-3681-55243-0925.fits 
On File: spec-3681-55243-0926.fits 
On File: spec-3681-55243-0927.fits 
On File: spec-3681-55243-0928.fits 
On File: spec-3681-55243-0929.fits 
On File: spec-3681-55243-0930.fits 
On File: spec-3681-55243-0931.fits 
On File: spec-3681-55243-0932.fits 
On File: spec-3681-55243-0933.fits 
On File: spec-3681-55243-0934.fits 
On File: spec-3681-55243-0935.fits 
On File: spec-3681-55243-0936.fits 
On File: spec-3681-55243-0937.fits 
On File: spec-3681-55243-0938.fits 
On File: spec-3681-55243-0939.fits 
On File: spec-3681-55243-0940.fits 
On File: spec-3681-55243-0941.fits 
On File: spec-3681-55243-0942.fits 
On File: spec-3681-55243-0943.fits 
On File: spec-3681-55243-0944.fits 
On File: spec-3681-55243-0945.fits 
On File: spec-3681-55243-0946.fits 
On File: spec-3681-55243-0947.fits 
On File: spec-3681-55243-0948.fits 
On File: spec-3681-55243-0949.fits 
On File: spec-3681-55243-0950.fits 
On File: spec-3681-55243-0951.fits 
On File: spec-3681-55243-0952.fits 
On File: spec-3681-55243-0953.fits 
On File: spec-3681-55243-0954.fits 
On File: spec-3681-55243-0955.fits 
On File: spec-3681-55243-0956.fits 
On File: spec-3681-55243-0957.fits 
On File: spec-3681-55243-0958.fits 
On File: spec-3681-55243-0959.fits 
On File: spec-3681-55243-0960.fits 
On File: spec-3681-55243-0961.fits 
On File: spec-3681-55243-0962.fits 
On File: spec-3681-55243-0963.fits 
On File: spec-3681-55243-0964.fits 
On File: spec-3681-55243-0965.fits 
On File: spec-3681-55243-0966.fits 
On File: spec-3681-55243-0967.fits 
On File: spec-3681-55243-0968.fits 
On File: spec-3681-55243-0969.fits 
On File: spec-3681-55243-0970.fits 
On File: spec-3681-55243-0971.fits 
On File: spec-3681-55243-0972.fits 
On File: spec-3681-55243-0973.fits 
On File: spec-3681-55243-0974.fits 
On File: spec-3681-55243-0975.fits 
On File: spec-3681-55243-0976.fits 
On File: spec-3681-55243-0977.fits 
On File: spec-3681-55243-0978.fits 
On File: spec-3681-55243-0979.fits 
On File: spec-3681-55243-0980.fits 
On File: spec-3681-55243-0981.fits 
On File: spec-3681-55243-0982.fits 
On File: spec-3681-55243-0983.fits 
On File: spec-3681-55243-0984.fits 
On File: spec-3681-55243-0985.fits 
On File: spec-3681-55243-0986.fits 
On File: spec-3681-55243-0987.fits 
On File: spec-3681-55243-0988.fits 
On File: spec-3681-55243-0989.fits 
On File: spec-3681-55243-0990.fits 
On File: spec-3681-55243-0991.fits 
On File: spec-3681-55243-0992.fits 
On File: spec-3681-55243-0993.fits 
On File: spec-3681-55243-0994.fits 
On File: spec-3681-55243-0995.fits 
On File: spec-3681-55243-0996.fits 
On File: spec-3681-55243-0997.fits 
On File: spec-3681-55243-0998.fits 
On File: spec-3681-55243-0999.fits 
On File: spec-3681-55243-1000.fits 
[1] "Job Complete!"
