Unpacking R413.tar.gz ...
Unpacking packages_FITSio.tar.gz ...
Unpacking current *.tgz file
[1] "Initializing Console ..."
[1] "Inputing command line prompts ..."
[1] "Loading package FITSio."
[1] "Reading cB58_Lyman_break.fit ..."
[1] "Starting main process ..."
On File: spec-3672-55484-0001.fits 
On File: spec-3672-55484-0002.fits 
On File: spec-3672-55484-0003.fits 
On File: spec-3672-55484-0004.fits 
On File: spec-3672-55484-0005.fits 
On File: spec-3672-55484-0006.fits 
On File: spec-3672-55484-0007.fits 
On File: spec-3672-55484-0008.fits 
On File: spec-3672-55484-0009.fits 
On File: spec-3672-55484-0010.fits 
On File: spec-3672-55484-0011.fits 
On File: spec-3672-55484-0012.fits 
On File: spec-3672-55484-0013.fits 
On File: spec-3672-55484-0014.fits 
On File: spec-3672-55484-0015.fits 
On File: spec-3672-55484-0016.fits 
On File: spec-3672-55484-0017.fits 
On File: spec-3672-55484-0018.fits 
On File: spec-3672-55484-0019.fits 
On File: spec-3672-55484-0020.fits 
On File: spec-3672-55484-0021.fits 
On File: spec-3672-55484-0022.fits 
On File: spec-3672-55484-0023.fits 
On File: spec-3672-55484-0024.fits 
On File: spec-3672-55484-0025.fits 
On File: spec-3672-55484-0026.fits 
On File: spec-3672-55484-0027.fits 
On File: spec-3672-55484-0028.fits 
On File: spec-3672-55484-0029.fits 
On File: spec-3672-55484-0030.fits 
On File: spec-3672-55484-0031.fits 
On File: spec-3672-55484-0032.fits 
On File: spec-3672-55484-0033.fits 
On File: spec-3672-55484-0034.fits 
On File: spec-3672-55484-0035.fits 
On File: spec-3672-55484-0036.fits 
On File: spec-3672-55484-0037.fits 
On File: spec-3672-55484-0038.fits 
