Unpacking R413.tar.gz ...
Unpacking packages_FITSio.tar.gz ...
Unpacking current *.tgz file
[1] "Initializing Console ..."
[1] "Inputing command line prompts ..."
[1] "Loading package FITSio."
[1] "Reading cB58_Lyman_break.fit ..."
[1] "Starting main process ..."
On File: spec-3639-55205-0001.fits 
On File: spec-3639-55205-0002.fits 
On File: spec-3639-55205-0003.fits 
On File: spec-3639-55205-0004.fits 
On File: spec-3639-55205-0005.fits 
On File: spec-3639-55205-0006.fits 
On File: spec-3639-55205-0007.fits 
On File: spec-3639-55205-0008.fits 
On File: spec-3639-55205-0009.fits 
On File: spec-3639-55205-0010.fits 
On File: spec-3639-55205-0011.fits 
On File: spec-3639-55205-0012.fits 
On File: spec-3639-55205-0013.fits 
On File: spec-3639-55205-0014.fits 
On File: spec-3639-55205-0015.fits 
On File: spec-3639-55205-0016.fits 
On File: spec-3639-55205-0017.fits 
On File: spec-3639-55205-0018.fits 
On File: spec-3639-55205-0019.fits 
On File: spec-3639-55205-0020.fits 
On File: spec-3639-55205-0021.fits 
On File: spec-3639-55205-0022.fits 
On File: spec-3639-55205-0023.fits 
On File: spec-3639-55205-0024.fits 
On File: spec-3639-55205-0025.fits 
On File: spec-3639-55205-0026.fits 
On File: spec-3639-55205-0027.fits 
On File: spec-3639-55205-0028.fits 
On File: spec-3639-55205-0029.fits 
On File: spec-3639-55205-0030.fits 
On File: spec-3639-55205-0031.fits 
On File: spec-3639-55205-0032.fits 
On File: spec-3639-55205-0033.fits 
On File: spec-3639-55205-0034.fits 
On File: spec-3639-55205-0035.fits 
On File: spec-3639-55205-0036.fits 
On File: spec-3639-55205-0037.fits 
On File: spec-3639-55205-0038.fits 
