Unpacking R413.tar.gz ...
Unpacking packages_FITSio.tar.gz ...
Unpacking current *.tgz file
[1] "Initializing Console ..."
[1] "Inputing command line prompts ..."
[1] "Loading package FITSio."
[1] "Reading cB58_Lyman_break.fit ..."
[1] "Starting main process ..."
On File: spec-3671-55483-0001.fits 
On File: spec-3671-55483-0002.fits 
On File: spec-3671-55483-0003.fits 
On File: spec-3671-55483-0004.fits 
On File: spec-3671-55483-0005.fits 
On File: spec-3671-55483-0006.fits 
On File: spec-3671-55483-0007.fits 
On File: spec-3671-55483-0008.fits 
On File: spec-3671-55483-0009.fits 
On File: spec-3671-55483-0010.fits 
On File: spec-3671-55483-0011.fits 
On File: spec-3671-55483-0012.fits 
On File: spec-3671-55483-0013.fits 
On File: spec-3671-55483-0014.fits 
On File: spec-3671-55483-0015.fits 
On File: spec-3671-55483-0016.fits 
On File: spec-3671-55483-0017.fits 
On File: spec-3671-55483-0018.fits 
On File: spec-3671-55483-0019.fits 
On File: spec-3671-55483-0020.fits 
On File: spec-3671-55483-0021.fits 
On File: spec-3671-55483-0022.fits 
On File: spec-3671-55483-0023.fits 
On File: spec-3671-55483-0024.fits 
On File: spec-3671-55483-0025.fits 
On File: spec-3671-55483-0026.fits 
On File: spec-3671-55483-0027.fits 
On File: spec-3671-55483-0028.fits 
On File: spec-3671-55483-0029.fits 
On File: spec-3671-55483-0030.fits 
On File: spec-3671-55483-0031.fits 
On File: spec-3671-55483-0032.fits 
On File: spec-3671-55483-0033.fits 
On File: spec-3671-55483-0034.fits 
On File: spec-3671-55483-0035.fits 
On File: spec-3671-55483-0036.fits 
On File: spec-3671-55483-0037.fits 
On File: spec-3671-55483-0038.fits 
On File: spec-3671-55483-0039.fits 
On File: spec-3671-55483-0040.fits 
On File: spec-3671-55483-0041.fits 
On File: spec-3671-55483-0042.fits 
On File: spec-3671-55483-0043.fits 
On File: spec-3671-55483-0044.fits 
On File: spec-3671-55483-0045.fits 
On File: spec-3671-55483-0046.fits 
On File: spec-3671-55483-0047.fits 
On File: spec-3671-55483-0048.fits 
On File: spec-3671-55483-0049.fits 
On File: spec-3671-55483-0050.fits 
On File: spec-3671-55483-0051.fits 
On File: spec-3671-55483-0052.fits 
On File: spec-3671-55483-0053.fits 
On File: spec-3671-55483-0054.fits 
On File: spec-3671-55483-0055.fits 
On File: spec-3671-55483-0056.fits 
On File: spec-3671-55483-0057.fits 
On File: spec-3671-55483-0058.fits 
On File: spec-3671-55483-0059.fits 
On File: spec-3671-55483-0060.fits 
On File: spec-3671-55483-0061.fits 
On File: spec-3671-55483-0062.fits 
On File: spec-3671-55483-0063.fits 
On File: spec-3671-55483-0064.fits 
On File: spec-3671-55483-0065.fits 
On File: spec-3671-55483-0066.fits 
On File: spec-3671-55483-0067.fits 
On File: spec-3671-55483-0068.fits 
On File: spec-3671-55483-0069.fits 
On File: spec-3671-55483-0070.fits 
On File: spec-3671-55483-0071.fits 
On File: spec-3671-55483-0072.fits 
On File: spec-3671-55483-0073.fits 
On File: spec-3671-55483-0074.fits 
On File: spec-3671-55483-0075.fits 
On File: spec-3671-55483-0076.fits 
On File: spec-3671-55483-0077.fits 
On File: spec-3671-55483-0078.fits 
On File: spec-3671-55483-0079.fits 
On File: spec-3671-55483-0080.fits 
On File: spec-3671-55483-0081.fits 
On File: spec-3671-55483-0082.fits 
On File: spec-3671-55483-0083.fits 
On File: spec-3671-55483-0084.fits 
On File: spec-3671-55483-0085.fits 
On File: spec-3671-55483-0086.fits 
On File: spec-3671-55483-0087.fits 
On File: spec-3671-55483-0088.fits 
On File: spec-3671-55483-0089.fits 
On File: spec-3671-55483-0090.fits 
On File: spec-3671-55483-0091.fits 
On File: spec-3671-55483-0092.fits 
On File: spec-3671-55483-0093.fits 
On File: spec-3671-55483-0094.fits 
On File: spec-3671-55483-0095.fits 
On File: spec-3671-55483-0096.fits 
On File: spec-3671-55483-0097.fits 
On File: spec-3671-55483-0098.fits 
On File: spec-3671-55483-0099.fits 
On File: spec-3671-55483-0100.fits 
On File: spec-3671-55483-0101.fits 
On File: spec-3671-55483-0102.fits 
On File: spec-3671-55483-0103.fits 
On File: spec-3671-55483-0104.fits 
On File: spec-3671-55483-0105.fits 
On File: spec-3671-55483-0106.fits 
On File: spec-3671-55483-0107.fits 
On File: spec-3671-55483-0108.fits 
On File: spec-3671-55483-0109.fits 
On File: spec-3671-55483-0110.fits 
On File: spec-3671-55483-0111.fits 
On File: spec-3671-55483-0112.fits 
On File: spec-3671-55483-0113.fits 
On File: spec-3671-55483-0114.fits 
On File: spec-3671-55483-0115.fits 
On File: spec-3671-55483-0116.fits 
On File: spec-3671-55483-0117.fits 
On File: spec-3671-55483-0118.fits 
On File: spec-3671-55483-0119.fits 
On File: spec-3671-55483-0120.fits 
On File: spec-3671-55483-0121.fits 
On File: spec-3671-55483-0122.fits 
On File: spec-3671-55483-0123.fits 
On File: spec-3671-55483-0124.fits 
On File: spec-3671-55483-0125.fits 
On File: spec-3671-55483-0126.fits 
On File: spec-3671-55483-0127.fits 
On File: spec-3671-55483-0128.fits 
On File: spec-3671-55483-0129.fits 
On File: spec-3671-55483-0130.fits 
On File: spec-3671-55483-0131.fits 
On File: spec-3671-55483-0132.fits 
On File: spec-3671-55483-0133.fits 
On File: spec-3671-55483-0134.fits 
On File: spec-3671-55483-0135.fits 
On File: spec-3671-55483-0136.fits 
On File: spec-3671-55483-0137.fits 
On File: spec-3671-55483-0138.fits 
On File: spec-3671-55483-0139.fits 
On File: spec-3671-55483-0140.fits 
On File: spec-3671-55483-0141.fits 
On File: spec-3671-55483-0142.fits 
On File: spec-3671-55483-0143.fits 
On File: spec-3671-55483-0144.fits 
On File: spec-3671-55483-0145.fits 
On File: spec-3671-55483-0146.fits 
On File: spec-3671-55483-0147.fits 
On File: spec-3671-55483-0148.fits 
On File: spec-3671-55483-0149.fits 
On File: spec-3671-55483-0150.fits 
On File: spec-3671-55483-0151.fits 
On File: spec-3671-55483-0152.fits 
On File: spec-3671-55483-0153.fits 
On File: spec-3671-55483-0154.fits 
On File: spec-3671-55483-0155.fits 
On File: spec-3671-55483-0156.fits 
On File: spec-3671-55483-0157.fits 
On File: spec-3671-55483-0158.fits 
On File: spec-3671-55483-0159.fits 
On File: spec-3671-55483-0160.fits 
On File: spec-3671-55483-0161.fits 
On File: spec-3671-55483-0162.fits 
On File: spec-3671-55483-0163.fits 
On File: spec-3671-55483-0164.fits 
On File: spec-3671-55483-0165.fits 
On File: spec-3671-55483-0166.fits 
On File: spec-3671-55483-0167.fits 
On File: spec-3671-55483-0168.fits 
On File: spec-3671-55483-0169.fits 
On File: spec-3671-55483-0170.fits 
On File: spec-3671-55483-0171.fits 
On File: spec-3671-55483-0172.fits 
On File: spec-3671-55483-0173.fits 
On File: spec-3671-55483-0174.fits 
On File: spec-3671-55483-0175.fits 
On File: spec-3671-55483-0176.fits 
On File: spec-3671-55483-0177.fits 
On File: spec-3671-55483-0178.fits 
On File: spec-3671-55483-0179.fits 
On File: spec-3671-55483-0180.fits 
On File: spec-3671-55483-0181.fits 
On File: spec-3671-55483-0182.fits 
On File: spec-3671-55483-0183.fits 
On File: spec-3671-55483-0184.fits 
On File: spec-3671-55483-0185.fits 
On File: spec-3671-55483-0186.fits 
On File: spec-3671-55483-0187.fits 
On File: spec-3671-55483-0188.fits 
On File: spec-3671-55483-0189.fits 
On File: spec-3671-55483-0190.fits 
On File: spec-3671-55483-0191.fits 
On File: spec-3671-55483-0192.fits 
On File: spec-3671-55483-0193.fits 
On File: spec-3671-55483-0194.fits 
On File: spec-3671-55483-0195.fits 
On File: spec-3671-55483-0196.fits 
On File: spec-3671-55483-0197.fits 
On File: spec-3671-55483-0198.fits 
On File: spec-3671-55483-0199.fits 
On File: spec-3671-55483-0200.fits 
On File: spec-3671-55483-0201.fits 
On File: spec-3671-55483-0202.fits 
On File: spec-3671-55483-0203.fits 
On File: spec-3671-55483-0204.fits 
On File: spec-3671-55483-0205.fits 
On File: spec-3671-55483-0206.fits 
On File: spec-3671-55483-0207.fits 
On File: spec-3671-55483-0208.fits 
On File: spec-3671-55483-0209.fits 
On File: spec-3671-55483-0210.fits 
On File: spec-3671-55483-0211.fits 
On File: spec-3671-55483-0212.fits 
On File: spec-3671-55483-0213.fits 
On File: spec-3671-55483-0214.fits 
On File: spec-3671-55483-0215.fits 
On File: spec-3671-55483-0216.fits 
On File: spec-3671-55483-0217.fits 
On File: spec-3671-55483-0218.fits 
On File: spec-3671-55483-0219.fits 
On File: spec-3671-55483-0220.fits 
On File: spec-3671-55483-0221.fits 
On File: spec-3671-55483-0222.fits 
On File: spec-3671-55483-0223.fits 
On File: spec-3671-55483-0224.fits 
On File: spec-3671-55483-0225.fits 
On File: spec-3671-55483-0226.fits 
On File: spec-3671-55483-0227.fits 
On File: spec-3671-55483-0228.fits 
On File: spec-3671-55483-0229.fits 
On File: spec-3671-55483-0230.fits 
On File: spec-3671-55483-0231.fits 
On File: spec-3671-55483-0232.fits 
On File: spec-3671-55483-0233.fits 
On File: spec-3671-55483-0234.fits 
On File: spec-3671-55483-0235.fits 
On File: spec-3671-55483-0236.fits 
On File: spec-3671-55483-0237.fits 
On File: spec-3671-55483-0238.fits 
On File: spec-3671-55483-0239.fits 
On File: spec-3671-55483-0240.fits 
On File: spec-3671-55483-0241.fits 
On File: spec-3671-55483-0242.fits 
On File: spec-3671-55483-0243.fits 
On File: spec-3671-55483-0244.fits 
On File: spec-3671-55483-0245.fits 
On File: spec-3671-55483-0246.fits 
On File: spec-3671-55483-0247.fits 
On File: spec-3671-55483-0248.fits 
On File: spec-3671-55483-0249.fits 
On File: spec-3671-55483-0250.fits 
On File: spec-3671-55483-0251.fits 
On File: spec-3671-55483-0252.fits 
On File: spec-3671-55483-0253.fits 
On File: spec-3671-55483-0254.fits 
On File: spec-3671-55483-0255.fits 
On File: spec-3671-55483-0256.fits 
On File: spec-3671-55483-0257.fits 
On File: spec-3671-55483-0258.fits 
On File: spec-3671-55483-0259.fits 
On File: spec-3671-55483-0260.fits 
On File: spec-3671-55483-0261.fits 
On File: spec-3671-55483-0262.fits 
On File: spec-3671-55483-0263.fits 
On File: spec-3671-55483-0264.fits 
On File: spec-3671-55483-0265.fits 
On File: spec-3671-55483-0266.fits 
On File: spec-3671-55483-0267.fits 
On File: spec-3671-55483-0268.fits 
On File: spec-3671-55483-0269.fits 
On File: spec-3671-55483-0270.fits 
On File: spec-3671-55483-0271.fits 
On File: spec-3671-55483-0272.fits 
On File: spec-3671-55483-0273.fits 
On File: spec-3671-55483-0274.fits 
On File: spec-3671-55483-0275.fits 
On File: spec-3671-55483-0276.fits 
On File: spec-3671-55483-0277.fits 
On File: spec-3671-55483-0278.fits 
On File: spec-3671-55483-0279.fits 
On File: spec-3671-55483-0280.fits 
On File: spec-3671-55483-0281.fits 
On File: spec-3671-55483-0282.fits 
On File: spec-3671-55483-0283.fits 
On File: spec-3671-55483-0284.fits 
On File: spec-3671-55483-0285.fits 
On File: spec-3671-55483-0286.fits 
On File: spec-3671-55483-0287.fits 
On File: spec-3671-55483-0288.fits 
On File: spec-3671-55483-0289.fits 
On File: spec-3671-55483-0290.fits 
On File: spec-3671-55483-0291.fits 
On File: spec-3671-55483-0292.fits 
On File: spec-3671-55483-0293.fits 
On File: spec-3671-55483-0294.fits 
On File: spec-3671-55483-0295.fits 
On File: spec-3671-55483-0296.fits 
On File: spec-3671-55483-0297.fits 
On File: spec-3671-55483-0298.fits 
On File: spec-3671-55483-0299.fits 
On File: spec-3671-55483-0300.fits 
On File: spec-3671-55483-0301.fits 
On File: spec-3671-55483-0302.fits 
On File: spec-3671-55483-0303.fits 
On File: spec-3671-55483-0304.fits 
On File: spec-3671-55483-0305.fits 
On File: spec-3671-55483-0306.fits 
On File: spec-3671-55483-0307.fits 
On File: spec-3671-55483-0308.fits 
On File: spec-3671-55483-0309.fits 
On File: spec-3671-55483-0310.fits 
On File: spec-3671-55483-0311.fits 
On File: spec-3671-55483-0312.fits 
On File: spec-3671-55483-0313.fits 
On File: spec-3671-55483-0314.fits 
On File: spec-3671-55483-0315.fits 
On File: spec-3671-55483-0316.fits 
On File: spec-3671-55483-0317.fits 
On File: spec-3671-55483-0318.fits 
On File: spec-3671-55483-0319.fits 
On File: spec-3671-55483-0320.fits 
On File: spec-3671-55483-0321.fits 
On File: spec-3671-55483-0322.fits 
On File: spec-3671-55483-0323.fits 
On File: spec-3671-55483-0324.fits 
On File: spec-3671-55483-0325.fits 
On File: spec-3671-55483-0326.fits 
On File: spec-3671-55483-0327.fits 
On File: spec-3671-55483-0328.fits 
On File: spec-3671-55483-0329.fits 
On File: spec-3671-55483-0330.fits 
On File: spec-3671-55483-0331.fits 
On File: spec-3671-55483-0332.fits 
On File: spec-3671-55483-0333.fits 
On File: spec-3671-55483-0334.fits 
On File: spec-3671-55483-0335.fits 
On File: spec-3671-55483-0336.fits 
On File: spec-3671-55483-0337.fits 
On File: spec-3671-55483-0338.fits 
On File: spec-3671-55483-0339.fits 
On File: spec-3671-55483-0340.fits 
On File: spec-3671-55483-0341.fits 
On File: spec-3671-55483-0342.fits 
On File: spec-3671-55483-0343.fits 
On File: spec-3671-55483-0344.fits 
On File: spec-3671-55483-0345.fits 
On File: spec-3671-55483-0346.fits 
On File: spec-3671-55483-0347.fits 
On File: spec-3671-55483-0348.fits 
On File: spec-3671-55483-0349.fits 
On File: spec-3671-55483-0350.fits 
On File: spec-3671-55483-0351.fits 
On File: spec-3671-55483-0352.fits 
On File: spec-3671-55483-0353.fits 
On File: spec-3671-55483-0354.fits 
On File: spec-3671-55483-0355.fits 
On File: spec-3671-55483-0356.fits 
On File: spec-3671-55483-0357.fits 
On File: spec-3671-55483-0358.fits 
On File: spec-3671-55483-0359.fits 
On File: spec-3671-55483-0360.fits 
On File: spec-3671-55483-0361.fits 
On File: spec-3671-55483-0362.fits 
On File: spec-3671-55483-0363.fits 
On File: spec-3671-55483-0364.fits 
On File: spec-3671-55483-0365.fits 
On File: spec-3671-55483-0366.fits 
On File: spec-3671-55483-0367.fits 
On File: spec-3671-55483-0368.fits 
On File: spec-3671-55483-0369.fits 
On File: spec-3671-55483-0370.fits 
On File: spec-3671-55483-0371.fits 
On File: spec-3671-55483-0372.fits 
On File: spec-3671-55483-0373.fits 
On File: spec-3671-55483-0374.fits 
On File: spec-3671-55483-0375.fits 
On File: spec-3671-55483-0376.fits 
On File: spec-3671-55483-0377.fits 
On File: spec-3671-55483-0378.fits 
On File: spec-3671-55483-0379.fits 
On File: spec-3671-55483-0380.fits 
On File: spec-3671-55483-0381.fits 
On File: spec-3671-55483-0382.fits 
On File: spec-3671-55483-0383.fits 
On File: spec-3671-55483-0384.fits 
On File: spec-3671-55483-0385.fits 
On File: spec-3671-55483-0386.fits 
On File: spec-3671-55483-0387.fits 
On File: spec-3671-55483-0388.fits 
On File: spec-3671-55483-0389.fits 
On File: spec-3671-55483-0390.fits 
On File: spec-3671-55483-0391.fits 
On File: spec-3671-55483-0392.fits 
On File: spec-3671-55483-0393.fits 
On File: spec-3671-55483-0394.fits 
On File: spec-3671-55483-0395.fits 
On File: spec-3671-55483-0396.fits 
On File: spec-3671-55483-0397.fits 
On File: spec-3671-55483-0398.fits 
On File: spec-3671-55483-0399.fits 
On File: spec-3671-55483-0400.fits 
On File: spec-3671-55483-0401.fits 
On File: spec-3671-55483-0402.fits 
On File: spec-3671-55483-0403.fits 
On File: spec-3671-55483-0404.fits 
On File: spec-3671-55483-0405.fits 
On File: spec-3671-55483-0406.fits 
On File: spec-3671-55483-0407.fits 
On File: spec-3671-55483-0408.fits 
On File: spec-3671-55483-0409.fits 
On File: spec-3671-55483-0410.fits 
On File: spec-3671-55483-0411.fits 
On File: spec-3671-55483-0412.fits 
On File: spec-3671-55483-0413.fits 
On File: spec-3671-55483-0414.fits 
On File: spec-3671-55483-0415.fits 
On File: spec-3671-55483-0416.fits 
On File: spec-3671-55483-0417.fits 
On File: spec-3671-55483-0418.fits 
On File: spec-3671-55483-0419.fits 
On File: spec-3671-55483-0420.fits 
On File: spec-3671-55483-0421.fits 
On File: spec-3671-55483-0422.fits 
On File: spec-3671-55483-0423.fits 
On File: spec-3671-55483-0424.fits 
On File: spec-3671-55483-0425.fits 
On File: spec-3671-55483-0426.fits 
On File: spec-3671-55483-0427.fits 
On File: spec-3671-55483-0428.fits 
On File: spec-3671-55483-0429.fits 
On File: spec-3671-55483-0430.fits 
On File: spec-3671-55483-0431.fits 
On File: spec-3671-55483-0432.fits 
On File: spec-3671-55483-0433.fits 
On File: spec-3671-55483-0434.fits 
On File: spec-3671-55483-0435.fits 
On File: spec-3671-55483-0436.fits 
On File: spec-3671-55483-0437.fits 
On File: spec-3671-55483-0438.fits 
On File: spec-3671-55483-0439.fits 
On File: spec-3671-55483-0440.fits 
On File: spec-3671-55483-0441.fits 
On File: spec-3671-55483-0442.fits 
On File: spec-3671-55483-0443.fits 
On File: spec-3671-55483-0444.fits 
On File: spec-3671-55483-0445.fits 
On File: spec-3671-55483-0446.fits 
On File: spec-3671-55483-0447.fits 
On File: spec-3671-55483-0448.fits 
On File: spec-3671-55483-0449.fits 
On File: spec-3671-55483-0450.fits 
On File: spec-3671-55483-0451.fits 
On File: spec-3671-55483-0452.fits 
On File: spec-3671-55483-0453.fits 
On File: spec-3671-55483-0454.fits 
On File: spec-3671-55483-0455.fits 
On File: spec-3671-55483-0456.fits 
On File: spec-3671-55483-0457.fits 
On File: spec-3671-55483-0458.fits 
On File: spec-3671-55483-0459.fits 
On File: spec-3671-55483-0460.fits 
On File: spec-3671-55483-0461.fits 
On File: spec-3671-55483-0462.fits 
On File: spec-3671-55483-0463.fits 
On File: spec-3671-55483-0464.fits 
On File: spec-3671-55483-0465.fits 
On File: spec-3671-55483-0466.fits 
On File: spec-3671-55483-0467.fits 
On File: spec-3671-55483-0468.fits 
On File: spec-3671-55483-0469.fits 
On File: spec-3671-55483-0470.fits 
On File: spec-3671-55483-0471.fits 
On File: spec-3671-55483-0472.fits 
On File: spec-3671-55483-0473.fits 
On File: spec-3671-55483-0474.fits 
On File: spec-3671-55483-0475.fits 
On File: spec-3671-55483-0476.fits 
On File: spec-3671-55483-0477.fits 
On File: spec-3671-55483-0478.fits 
On File: spec-3671-55483-0479.fits 
On File: spec-3671-55483-0480.fits 
On File: spec-3671-55483-0481.fits 
On File: spec-3671-55483-0482.fits 
On File: spec-3671-55483-0483.fits 
On File: spec-3671-55483-0484.fits 
On File: spec-3671-55483-0485.fits 
On File: spec-3671-55483-0486.fits 
On File: spec-3671-55483-0487.fits 
On File: spec-3671-55483-0488.fits 
On File: spec-3671-55483-0489.fits 
On File: spec-3671-55483-0490.fits 
On File: spec-3671-55483-0491.fits 
On File: spec-3671-55483-0492.fits 
On File: spec-3671-55483-0493.fits 
On File: spec-3671-55483-0494.fits 
On File: spec-3671-55483-0495.fits 
On File: spec-3671-55483-0496.fits 
On File: spec-3671-55483-0497.fits 
On File: spec-3671-55483-0498.fits 
On File: spec-3671-55483-0499.fits 
On File: spec-3671-55483-0500.fits 
On File: spec-3671-55483-0501.fits 
On File: spec-3671-55483-0502.fits 
On File: spec-3671-55483-0503.fits 
On File: spec-3671-55483-0504.fits 
On File: spec-3671-55483-0505.fits 
On File: spec-3671-55483-0506.fits 
On File: spec-3671-55483-0507.fits 
On File: spec-3671-55483-0508.fits 
On File: spec-3671-55483-0509.fits 
On File: spec-3671-55483-0510.fits 
On File: spec-3671-55483-0511.fits 
On File: spec-3671-55483-0512.fits 
On File: spec-3671-55483-0513.fits 
On File: spec-3671-55483-0514.fits 
On File: spec-3671-55483-0515.fits 
On File: spec-3671-55483-0516.fits 
On File: spec-3671-55483-0517.fits 
On File: spec-3671-55483-0518.fits 
On File: spec-3671-55483-0519.fits 
On File: spec-3671-55483-0520.fits 
On File: spec-3671-55483-0521.fits 
On File: spec-3671-55483-0522.fits 
On File: spec-3671-55483-0523.fits 
On File: spec-3671-55483-0524.fits 
On File: spec-3671-55483-0525.fits 
On File: spec-3671-55483-0526.fits 
On File: spec-3671-55483-0527.fits 
On File: spec-3671-55483-0528.fits 
On File: spec-3671-55483-0529.fits 
On File: spec-3671-55483-0530.fits 
On File: spec-3671-55483-0531.fits 
On File: spec-3671-55483-0532.fits 
On File: spec-3671-55483-0533.fits 
On File: spec-3671-55483-0534.fits 
On File: spec-3671-55483-0535.fits 
On File: spec-3671-55483-0536.fits 
On File: spec-3671-55483-0537.fits 
On File: spec-3671-55483-0538.fits 
On File: spec-3671-55483-0539.fits 
On File: spec-3671-55483-0540.fits 
On File: spec-3671-55483-0541.fits 
On File: spec-3671-55483-0542.fits 
On File: spec-3671-55483-0543.fits 
On File: spec-3671-55483-0544.fits 
On File: spec-3671-55483-0545.fits 
On File: spec-3671-55483-0546.fits 
On File: spec-3671-55483-0547.fits 
On File: spec-3671-55483-0548.fits 
On File: spec-3671-55483-0549.fits 
On File: spec-3671-55483-0550.fits 
On File: spec-3671-55483-0551.fits 
On File: spec-3671-55483-0552.fits 
On File: spec-3671-55483-0553.fits 
On File: spec-3671-55483-0554.fits 
On File: spec-3671-55483-0555.fits 
On File: spec-3671-55483-0556.fits 
On File: spec-3671-55483-0557.fits 
On File: spec-3671-55483-0558.fits 
On File: spec-3671-55483-0559.fits 
On File: spec-3671-55483-0560.fits 
On File: spec-3671-55483-0561.fits 
On File: spec-3671-55483-0562.fits 
On File: spec-3671-55483-0563.fits 
On File: spec-3671-55483-0564.fits 
On File: spec-3671-55483-0565.fits 
On File: spec-3671-55483-0566.fits 
On File: spec-3671-55483-0567.fits 
On File: spec-3671-55483-0568.fits 
On File: spec-3671-55483-0569.fits 
On File: spec-3671-55483-0570.fits 
On File: spec-3671-55483-0571.fits 
On File: spec-3671-55483-0572.fits 
On File: spec-3671-55483-0573.fits 
On File: spec-3671-55483-0574.fits 
On File: spec-3671-55483-0575.fits 
On File: spec-3671-55483-0576.fits 
On File: spec-3671-55483-0577.fits 
On File: spec-3671-55483-0578.fits 
On File: spec-3671-55483-0579.fits 
On File: spec-3671-55483-0580.fits 
On File: spec-3671-55483-0581.fits 
On File: spec-3671-55483-0582.fits 
On File: spec-3671-55483-0583.fits 
On File: spec-3671-55483-0584.fits 
On File: spec-3671-55483-0585.fits 
On File: spec-3671-55483-0586.fits 
On File: spec-3671-55483-0587.fits 
On File: spec-3671-55483-0588.fits 
On File: spec-3671-55483-0589.fits 
On File: spec-3671-55483-0590.fits 
On File: spec-3671-55483-0591.fits 
On File: spec-3671-55483-0592.fits 
On File: spec-3671-55483-0593.fits 
On File: spec-3671-55483-0594.fits 
On File: spec-3671-55483-0595.fits 
On File: spec-3671-55483-0596.fits 
On File: spec-3671-55483-0597.fits 
On File: spec-3671-55483-0598.fits 
On File: spec-3671-55483-0599.fits 
On File: spec-3671-55483-0600.fits 
On File: spec-3671-55483-0601.fits 
On File: spec-3671-55483-0602.fits 
On File: spec-3671-55483-0603.fits 
On File: spec-3671-55483-0604.fits 
On File: spec-3671-55483-0605.fits 
On File: spec-3671-55483-0606.fits 
On File: spec-3671-55483-0607.fits 
On File: spec-3671-55483-0608.fits 
On File: spec-3671-55483-0609.fits 
On File: spec-3671-55483-0610.fits 
On File: spec-3671-55483-0611.fits 
On File: spec-3671-55483-0612.fits 
On File: spec-3671-55483-0613.fits 
On File: spec-3671-55483-0614.fits 
On File: spec-3671-55483-0615.fits 
On File: spec-3671-55483-0616.fits 
On File: spec-3671-55483-0617.fits 
On File: spec-3671-55483-0618.fits 
On File: spec-3671-55483-0619.fits 
On File: spec-3671-55483-0620.fits 
On File: spec-3671-55483-0621.fits 
On File: spec-3671-55483-0622.fits 
On File: spec-3671-55483-0623.fits 
On File: spec-3671-55483-0624.fits 
On File: spec-3671-55483-0625.fits 
On File: spec-3671-55483-0626.fits 
On File: spec-3671-55483-0627.fits 
On File: spec-3671-55483-0628.fits 
On File: spec-3671-55483-0629.fits 
On File: spec-3671-55483-0630.fits 
On File: spec-3671-55483-0631.fits 
On File: spec-3671-55483-0632.fits 
On File: spec-3671-55483-0633.fits 
On File: spec-3671-55483-0634.fits 
On File: spec-3671-55483-0635.fits 
On File: spec-3671-55483-0636.fits 
On File: spec-3671-55483-0637.fits 
On File: spec-3671-55483-0638.fits 
On File: spec-3671-55483-0639.fits 
On File: spec-3671-55483-0640.fits 
On File: spec-3671-55483-0641.fits 
On File: spec-3671-55483-0642.fits 
On File: spec-3671-55483-0643.fits 
On File: spec-3671-55483-0644.fits 
On File: spec-3671-55483-0645.fits 
On File: spec-3671-55483-0646.fits 
On File: spec-3671-55483-0647.fits 
On File: spec-3671-55483-0648.fits 
On File: spec-3671-55483-0649.fits 
On File: spec-3671-55483-0650.fits 
On File: spec-3671-55483-0651.fits 
On File: spec-3671-55483-0652.fits 
On File: spec-3671-55483-0653.fits 
On File: spec-3671-55483-0654.fits 
On File: spec-3671-55483-0655.fits 
On File: spec-3671-55483-0656.fits 
On File: spec-3671-55483-0657.fits 
On File: spec-3671-55483-0658.fits 
On File: spec-3671-55483-0659.fits 
On File: spec-3671-55483-0660.fits 
On File: spec-3671-55483-0661.fits 
On File: spec-3671-55483-0662.fits 
On File: spec-3671-55483-0663.fits 
On File: spec-3671-55483-0664.fits 
On File: spec-3671-55483-0665.fits 
On File: spec-3671-55483-0666.fits 
On File: spec-3671-55483-0667.fits 
On File: spec-3671-55483-0668.fits 
On File: spec-3671-55483-0669.fits 
On File: spec-3671-55483-0670.fits 
On File: spec-3671-55483-0671.fits 
On File: spec-3671-55483-0672.fits 
On File: spec-3671-55483-0673.fits 
On File: spec-3671-55483-0674.fits 
On File: spec-3671-55483-0675.fits 
On File: spec-3671-55483-0676.fits 
On File: spec-3671-55483-0677.fits 
On File: spec-3671-55483-0678.fits 
On File: spec-3671-55483-0679.fits 
On File: spec-3671-55483-0680.fits 
On File: spec-3671-55483-0681.fits 
On File: spec-3671-55483-0682.fits 
On File: spec-3671-55483-0683.fits 
On File: spec-3671-55483-0684.fits 
On File: spec-3671-55483-0685.fits 
On File: spec-3671-55483-0686.fits 
On File: spec-3671-55483-0687.fits 
On File: spec-3671-55483-0688.fits 
On File: spec-3671-55483-0689.fits 
On File: spec-3671-55483-0690.fits 
On File: spec-3671-55483-0691.fits 
On File: spec-3671-55483-0692.fits 
On File: spec-3671-55483-0693.fits 
On File: spec-3671-55483-0694.fits 
On File: spec-3671-55483-0695.fits 
On File: spec-3671-55483-0696.fits 
On File: spec-3671-55483-0697.fits 
On File: spec-3671-55483-0698.fits 
On File: spec-3671-55483-0699.fits 
On File: spec-3671-55483-0700.fits 
On File: spec-3671-55483-0701.fits 
On File: spec-3671-55483-0702.fits 
On File: spec-3671-55483-0703.fits 
On File: spec-3671-55483-0704.fits 
On File: spec-3671-55483-0705.fits 
On File: spec-3671-55483-0706.fits 
On File: spec-3671-55483-0707.fits 
On File: spec-3671-55483-0708.fits 
On File: spec-3671-55483-0709.fits 
On File: spec-3671-55483-0710.fits 
On File: spec-3671-55483-0711.fits 
On File: spec-3671-55483-0712.fits 
On File: spec-3671-55483-0713.fits 
On File: spec-3671-55483-0714.fits 
On File: spec-3671-55483-0715.fits 
On File: spec-3671-55483-0716.fits 
On File: spec-3671-55483-0717.fits 
On File: spec-3671-55483-0718.fits 
On File: spec-3671-55483-0719.fits 
On File: spec-3671-55483-0720.fits 
On File: spec-3671-55483-0721.fits 
On File: spec-3671-55483-0722.fits 
On File: spec-3671-55483-0723.fits 
On File: spec-3671-55483-0724.fits 
On File: spec-3671-55483-0725.fits 
On File: spec-3671-55483-0726.fits 
On File: spec-3671-55483-0727.fits 
On File: spec-3671-55483-0728.fits 
On File: spec-3671-55483-0729.fits 
On File: spec-3671-55483-0730.fits 
On File: spec-3671-55483-0731.fits 
On File: spec-3671-55483-0732.fits 
On File: spec-3671-55483-0733.fits 
On File: spec-3671-55483-0734.fits 
On File: spec-3671-55483-0735.fits 
On File: spec-3671-55483-0736.fits 
On File: spec-3671-55483-0737.fits 
On File: spec-3671-55483-0738.fits 
On File: spec-3671-55483-0739.fits 
On File: spec-3671-55483-0740.fits 
On File: spec-3671-55483-0741.fits 
On File: spec-3671-55483-0742.fits 
On File: spec-3671-55483-0743.fits 
On File: spec-3671-55483-0744.fits 
On File: spec-3671-55483-0745.fits 
On File: spec-3671-55483-0746.fits 
On File: spec-3671-55483-0747.fits 
On File: spec-3671-55483-0748.fits 
On File: spec-3671-55483-0749.fits 
On File: spec-3671-55483-0750.fits 
On File: spec-3671-55483-0751.fits 
On File: spec-3671-55483-0752.fits 
On File: spec-3671-55483-0753.fits 
On File: spec-3671-55483-0754.fits 
On File: spec-3671-55483-0755.fits 
On File: spec-3671-55483-0756.fits 
On File: spec-3671-55483-0757.fits 
On File: spec-3671-55483-0758.fits 
On File: spec-3671-55483-0759.fits 
On File: spec-3671-55483-0760.fits 
On File: spec-3671-55483-0761.fits 
On File: spec-3671-55483-0762.fits 
On File: spec-3671-55483-0763.fits 
On File: spec-3671-55483-0764.fits 
On File: spec-3671-55483-0765.fits 
On File: spec-3671-55483-0766.fits 
On File: spec-3671-55483-0767.fits 
On File: spec-3671-55483-0768.fits 
On File: spec-3671-55483-0769.fits 
On File: spec-3671-55483-0770.fits 
On File: spec-3671-55483-0771.fits 
On File: spec-3671-55483-0772.fits 
On File: spec-3671-55483-0773.fits 
On File: spec-3671-55483-0774.fits 
On File: spec-3671-55483-0775.fits 
On File: spec-3671-55483-0776.fits 
On File: spec-3671-55483-0777.fits 
On File: spec-3671-55483-0778.fits 
On File: spec-3671-55483-0779.fits 
On File: spec-3671-55483-0780.fits 
On File: spec-3671-55483-0781.fits 
On File: spec-3671-55483-0782.fits 
On File: spec-3671-55483-0783.fits 
On File: spec-3671-55483-0784.fits 
On File: spec-3671-55483-0785.fits 
On File: spec-3671-55483-0786.fits 
On File: spec-3671-55483-0787.fits 
On File: spec-3671-55483-0788.fits 
On File: spec-3671-55483-0789.fits 
On File: spec-3671-55483-0790.fits 
On File: spec-3671-55483-0791.fits 
On File: spec-3671-55483-0792.fits 
On File: spec-3671-55483-0793.fits 
On File: spec-3671-55483-0794.fits 
On File: spec-3671-55483-0795.fits 
On File: spec-3671-55483-0796.fits 
On File: spec-3671-55483-0797.fits 
On File: spec-3671-55483-0798.fits 
On File: spec-3671-55483-0799.fits 
On File: spec-3671-55483-0800.fits 
On File: spec-3671-55483-0801.fits 
On File: spec-3671-55483-0802.fits 
On File: spec-3671-55483-0803.fits 
On File: spec-3671-55483-0804.fits 
On File: spec-3671-55483-0805.fits 
On File: spec-3671-55483-0806.fits 
On File: spec-3671-55483-0807.fits 
On File: spec-3671-55483-0808.fits 
On File: spec-3671-55483-0809.fits 
On File: spec-3671-55483-0810.fits 
On File: spec-3671-55483-0811.fits 
On File: spec-3671-55483-0812.fits 
On File: spec-3671-55483-0813.fits 
On File: spec-3671-55483-0814.fits 
On File: spec-3671-55483-0815.fits 
On File: spec-3671-55483-0816.fits 
On File: spec-3671-55483-0817.fits 
On File: spec-3671-55483-0818.fits 
On File: spec-3671-55483-0819.fits 
On File: spec-3671-55483-0820.fits 
On File: spec-3671-55483-0821.fits 
On File: spec-3671-55483-0822.fits 
On File: spec-3671-55483-0823.fits 
On File: spec-3671-55483-0824.fits 
On File: spec-3671-55483-0825.fits 
On File: spec-3671-55483-0826.fits 
On File: spec-3671-55483-0827.fits 
On File: spec-3671-55483-0828.fits 
On File: spec-3671-55483-0829.fits 
On File: spec-3671-55483-0830.fits 
On File: spec-3671-55483-0831.fits 
On File: spec-3671-55483-0832.fits 
On File: spec-3671-55483-0833.fits 
On File: spec-3671-55483-0834.fits 
On File: spec-3671-55483-0835.fits 
On File: spec-3671-55483-0836.fits 
On File: spec-3671-55483-0837.fits 
On File: spec-3671-55483-0838.fits 
On File: spec-3671-55483-0839.fits 
On File: spec-3671-55483-0840.fits 
On File: spec-3671-55483-0841.fits 
On File: spec-3671-55483-0842.fits 
On File: spec-3671-55483-0843.fits 
On File: spec-3671-55483-0844.fits 
On File: spec-3671-55483-0845.fits 
On File: spec-3671-55483-0846.fits 
On File: spec-3671-55483-0847.fits 
On File: spec-3671-55483-0848.fits 
On File: spec-3671-55483-0849.fits 
On File: spec-3671-55483-0850.fits 
On File: spec-3671-55483-0851.fits 
On File: spec-3671-55483-0852.fits 
On File: spec-3671-55483-0853.fits 
On File: spec-3671-55483-0854.fits 
On File: spec-3671-55483-0855.fits 
On File: spec-3671-55483-0856.fits 
On File: spec-3671-55483-0857.fits 
On File: spec-3671-55483-0858.fits 
On File: spec-3671-55483-0859.fits 
On File: spec-3671-55483-0860.fits 
On File: spec-3671-55483-0861.fits 
On File: spec-3671-55483-0862.fits 
On File: spec-3671-55483-0863.fits 
On File: spec-3671-55483-0864.fits 
On File: spec-3671-55483-0865.fits 
On File: spec-3671-55483-0866.fits 
On File: spec-3671-55483-0867.fits 
On File: spec-3671-55483-0868.fits 
On File: spec-3671-55483-0869.fits 
On File: spec-3671-55483-0870.fits 
On File: spec-3671-55483-0871.fits 
On File: spec-3671-55483-0872.fits 
On File: spec-3671-55483-0873.fits 
On File: spec-3671-55483-0874.fits 
On File: spec-3671-55483-0875.fits 
On File: spec-3671-55483-0876.fits 
On File: spec-3671-55483-0877.fits 
On File: spec-3671-55483-0878.fits 
On File: spec-3671-55483-0879.fits 
On File: spec-3671-55483-0880.fits 
On File: spec-3671-55483-0881.fits 
On File: spec-3671-55483-0882.fits 
On File: spec-3671-55483-0883.fits 
On File: spec-3671-55483-0884.fits 
On File: spec-3671-55483-0885.fits 
On File: spec-3671-55483-0886.fits 
On File: spec-3671-55483-0887.fits 
On File: spec-3671-55483-0888.fits 
On File: spec-3671-55483-0889.fits 
On File: spec-3671-55483-0890.fits 
On File: spec-3671-55483-0891.fits 
On File: spec-3671-55483-0892.fits 
On File: spec-3671-55483-0893.fits 
On File: spec-3671-55483-0894.fits 
On File: spec-3671-55483-0895.fits 
On File: spec-3671-55483-0896.fits 
On File: spec-3671-55483-0897.fits 
On File: spec-3671-55483-0898.fits 
On File: spec-3671-55483-0899.fits 
On File: spec-3671-55483-0900.fits 
On File: spec-3671-55483-0901.fits 
On File: spec-3671-55483-0902.fits 
On File: spec-3671-55483-0903.fits 
On File: spec-3671-55483-0904.fits 
On File: spec-3671-55483-0905.fits 
On File: spec-3671-55483-0906.fits 
On File: spec-3671-55483-0907.fits 
On File: spec-3671-55483-0908.fits 
On File: spec-3671-55483-0909.fits 
On File: spec-3671-55483-0910.fits 
On File: spec-3671-55483-0911.fits 
On File: spec-3671-55483-0912.fits 
On File: spec-3671-55483-0913.fits 
On File: spec-3671-55483-0914.fits 
On File: spec-3671-55483-0915.fits 
On File: spec-3671-55483-0916.fits 
On File: spec-3671-55483-0917.fits 
On File: spec-3671-55483-0918.fits 
On File: spec-3671-55483-0919.fits 
On File: spec-3671-55483-0920.fits 
On File: spec-3671-55483-0921.fits 
On File: spec-3671-55483-0922.fits 
On File: spec-3671-55483-0923.fits 
On File: spec-3671-55483-0924.fits 
On File: spec-3671-55483-0925.fits 
On File: spec-3671-55483-0926.fits 
On File: spec-3671-55483-0927.fits 
On File: spec-3671-55483-0928.fits 
On File: spec-3671-55483-0929.fits 
On File: spec-3671-55483-0930.fits 
On File: spec-3671-55483-0931.fits 
On File: spec-3671-55483-0932.fits 
On File: spec-3671-55483-0933.fits 
On File: spec-3671-55483-0934.fits 
On File: spec-3671-55483-0935.fits 
On File: spec-3671-55483-0936.fits 
On File: spec-3671-55483-0937.fits 
On File: spec-3671-55483-0938.fits 
On File: spec-3671-55483-0939.fits 
On File: spec-3671-55483-0940.fits 
On File: spec-3671-55483-0941.fits 
On File: spec-3671-55483-0942.fits 
On File: spec-3671-55483-0943.fits 
On File: spec-3671-55483-0944.fits 
On File: spec-3671-55483-0945.fits 
On File: spec-3671-55483-0946.fits 
On File: spec-3671-55483-0947.fits 
On File: spec-3671-55483-0948.fits 
On File: spec-3671-55483-0949.fits 
On File: spec-3671-55483-0950.fits 
On File: spec-3671-55483-0951.fits 
On File: spec-3671-55483-0952.fits 
On File: spec-3671-55483-0953.fits 
On File: spec-3671-55483-0954.fits 
On File: spec-3671-55483-0955.fits 
On File: spec-3671-55483-0956.fits 
On File: spec-3671-55483-0957.fits 
On File: spec-3671-55483-0958.fits 
On File: spec-3671-55483-0959.fits 
On File: spec-3671-55483-0960.fits 
On File: spec-3671-55483-0961.fits 
On File: spec-3671-55483-0962.fits 
On File: spec-3671-55483-0963.fits 
On File: spec-3671-55483-0964.fits 
On File: spec-3671-55483-0965.fits 
On File: spec-3671-55483-0966.fits 
On File: spec-3671-55483-0967.fits 
On File: spec-3671-55483-0968.fits 
On File: spec-3671-55483-0969.fits 
On File: spec-3671-55483-0970.fits 
On File: spec-3671-55483-0971.fits 
On File: spec-3671-55483-0972.fits 
On File: spec-3671-55483-0973.fits 
On File: spec-3671-55483-0974.fits 
On File: spec-3671-55483-0975.fits 
On File: spec-3671-55483-0976.fits 
On File: spec-3671-55483-0977.fits 
On File: spec-3671-55483-0978.fits 
On File: spec-3671-55483-0979.fits 
On File: spec-3671-55483-0980.fits 
On File: spec-3671-55483-0981.fits 
On File: spec-3671-55483-0982.fits 
On File: spec-3671-55483-0983.fits 
On File: spec-3671-55483-0984.fits 
On File: spec-3671-55483-0985.fits 
On File: spec-3671-55483-0986.fits 
On File: spec-3671-55483-0987.fits 
On File: spec-3671-55483-0988.fits 
On File: spec-3671-55483-0989.fits 
On File: spec-3671-55483-0990.fits 
On File: spec-3671-55483-0991.fits 
On File: spec-3671-55483-0992.fits 
On File: spec-3671-55483-0993.fits 
On File: spec-3671-55483-0994.fits 
On File: spec-3671-55483-0995.fits 
On File: spec-3671-55483-0996.fits 
On File: spec-3671-55483-0997.fits 
On File: spec-3671-55483-0998.fits 
On File: spec-3671-55483-0999.fits 
On File: spec-3671-55483-1000.fits 
[1] "Job Complete!"
