Unpacking R413.tar.gz ...
Unpacking packages_FITSio.tar.gz ...
Unpacking current *.tgz file
[1] "Initializing Console ..."
[1] "Inputing command line prompts ..."
[1] "Loading package FITSio."
[1] "Reading cB58_Lyman_break.fit ..."
[1] "Starting main process ..."
On File: spec-3664-55245-0001.fits 
On File: spec-3664-55245-0002.fits 
On File: spec-3664-55245-0003.fits 
On File: spec-3664-55245-0004.fits 
On File: spec-3664-55245-0005.fits 
On File: spec-3664-55245-0006.fits 
On File: spec-3664-55245-0007.fits 
On File: spec-3664-55245-0008.fits 
On File: spec-3664-55245-0009.fits 
On File: spec-3664-55245-0010.fits 
On File: spec-3664-55245-0011.fits 
On File: spec-3664-55245-0012.fits 
On File: spec-3664-55245-0013.fits 
On File: spec-3664-55245-0014.fits 
On File: spec-3664-55245-0015.fits 
On File: spec-3664-55245-0016.fits 
On File: spec-3664-55245-0017.fits 
On File: spec-3664-55245-0018.fits 
On File: spec-3664-55245-0019.fits 
On File: spec-3664-55245-0020.fits 
On File: spec-3664-55245-0021.fits 
On File: spec-3664-55245-0022.fits 
On File: spec-3664-55245-0023.fits 
On File: spec-3664-55245-0024.fits 
On File: spec-3664-55245-0025.fits 
On File: spec-3664-55245-0026.fits 
On File: spec-3664-55245-0027.fits 
On File: spec-3664-55245-0028.fits 
On File: spec-3664-55245-0029.fits 
On File: spec-3664-55245-0030.fits 
On File: spec-3664-55245-0031.fits 
On File: spec-3664-55245-0032.fits 
On File: spec-3664-55245-0033.fits 
On File: spec-3664-55245-0034.fits 
On File: spec-3664-55245-0035.fits 
On File: spec-3664-55245-0036.fits 
On File: spec-3664-55245-0037.fits 
On File: spec-3664-55245-0038.fits 
On File: spec-3664-55245-0039.fits 
On File: spec-3664-55245-0040.fits 
On File: spec-3664-55245-0041.fits 
On File: spec-3664-55245-0042.fits 
On File: spec-3664-55245-0043.fits 
On File: spec-3664-55245-0044.fits 
On File: spec-3664-55245-0045.fits 
On File: spec-3664-55245-0046.fits 
On File: spec-3664-55245-0047.fits 
On File: spec-3664-55245-0048.fits 
On File: spec-3664-55245-0049.fits 
On File: spec-3664-55245-0050.fits 
On File: spec-3664-55245-0051.fits 
On File: spec-3664-55245-0052.fits 
On File: spec-3664-55245-0053.fits 
On File: spec-3664-55245-0054.fits 
On File: spec-3664-55245-0055.fits 
On File: spec-3664-55245-0056.fits 
On File: spec-3664-55245-0057.fits 
On File: spec-3664-55245-0058.fits 
On File: spec-3664-55245-0059.fits 
On File: spec-3664-55245-0060.fits 
On File: spec-3664-55245-0061.fits 
On File: spec-3664-55245-0062.fits 
On File: spec-3664-55245-0063.fits 
On File: spec-3664-55245-0064.fits 
On File: spec-3664-55245-0065.fits 
On File: spec-3664-55245-0066.fits 
On File: spec-3664-55245-0067.fits 
On File: spec-3664-55245-0068.fits 
On File: spec-3664-55245-0069.fits 
On File: spec-3664-55245-0070.fits 
On File: spec-3664-55245-0071.fits 
On File: spec-3664-55245-0072.fits 
On File: spec-3664-55245-0073.fits 
On File: spec-3664-55245-0074.fits 
On File: spec-3664-55245-0075.fits 
On File: spec-3664-55245-0076.fits 
On File: spec-3664-55245-0077.fits 
On File: spec-3664-55245-0078.fits 
On File: spec-3664-55245-0079.fits 
On File: spec-3664-55245-0080.fits 
On File: spec-3664-55245-0081.fits 
On File: spec-3664-55245-0082.fits 
On File: spec-3664-55245-0083.fits 
On File: spec-3664-55245-0084.fits 
On File: spec-3664-55245-0085.fits 
On File: spec-3664-55245-0086.fits 
On File: spec-3664-55245-0087.fits 
On File: spec-3664-55245-0088.fits 
On File: spec-3664-55245-0089.fits 
On File: spec-3664-55245-0090.fits 
On File: spec-3664-55245-0091.fits 
On File: spec-3664-55245-0092.fits 
On File: spec-3664-55245-0093.fits 
On File: spec-3664-55245-0094.fits 
On File: spec-3664-55245-0095.fits 
On File: spec-3664-55245-0096.fits 
On File: spec-3664-55245-0097.fits 
On File: spec-3664-55245-0098.fits 
On File: spec-3664-55245-0099.fits 
On File: spec-3664-55245-0100.fits 
On File: spec-3664-55245-0101.fits 
On File: spec-3664-55245-0102.fits 
On File: spec-3664-55245-0103.fits 
On File: spec-3664-55245-0104.fits 
On File: spec-3664-55245-0105.fits 
On File: spec-3664-55245-0106.fits 
On File: spec-3664-55245-0107.fits 
On File: spec-3664-55245-0108.fits 
On File: spec-3664-55245-0109.fits 
On File: spec-3664-55245-0110.fits 
On File: spec-3664-55245-0111.fits 
On File: spec-3664-55245-0112.fits 
On File: spec-3664-55245-0113.fits 
On File: spec-3664-55245-0114.fits 
On File: spec-3664-55245-0115.fits 
On File: spec-3664-55245-0116.fits 
On File: spec-3664-55245-0117.fits 
On File: spec-3664-55245-0118.fits 
On File: spec-3664-55245-0119.fits 
On File: spec-3664-55245-0120.fits 
On File: spec-3664-55245-0121.fits 
On File: spec-3664-55245-0122.fits 
On File: spec-3664-55245-0123.fits 
On File: spec-3664-55245-0124.fits 
On File: spec-3664-55245-0125.fits 
On File: spec-3664-55245-0126.fits 
On File: spec-3664-55245-0127.fits 
On File: spec-3664-55245-0128.fits 
On File: spec-3664-55245-0129.fits 
On File: spec-3664-55245-0130.fits 
On File: spec-3664-55245-0131.fits 
On File: spec-3664-55245-0132.fits 
On File: spec-3664-55245-0133.fits 
On File: spec-3664-55245-0134.fits 
On File: spec-3664-55245-0135.fits 
On File: spec-3664-55245-0136.fits 
On File: spec-3664-55245-0137.fits 
On File: spec-3664-55245-0138.fits 
On File: spec-3664-55245-0139.fits 
On File: spec-3664-55245-0140.fits 
On File: spec-3664-55245-0141.fits 
On File: spec-3664-55245-0142.fits 
On File: spec-3664-55245-0143.fits 
On File: spec-3664-55245-0144.fits 
On File: spec-3664-55245-0145.fits 
On File: spec-3664-55245-0146.fits 
On File: spec-3664-55245-0147.fits 
On File: spec-3664-55245-0148.fits 
On File: spec-3664-55245-0149.fits 
On File: spec-3664-55245-0150.fits 
On File: spec-3664-55245-0151.fits 
On File: spec-3664-55245-0152.fits 
On File: spec-3664-55245-0153.fits 
On File: spec-3664-55245-0154.fits 
On File: spec-3664-55245-0155.fits 
On File: spec-3664-55245-0156.fits 
On File: spec-3664-55245-0157.fits 
On File: spec-3664-55245-0158.fits 
On File: spec-3664-55245-0159.fits 
On File: spec-3664-55245-0160.fits 
On File: spec-3664-55245-0161.fits 
On File: spec-3664-55245-0162.fits 
On File: spec-3664-55245-0163.fits 
On File: spec-3664-55245-0164.fits 
On File: spec-3664-55245-0165.fits 
On File: spec-3664-55245-0166.fits 
On File: spec-3664-55245-0167.fits 
On File: spec-3664-55245-0168.fits 
On File: spec-3664-55245-0169.fits 
On File: spec-3664-55245-0170.fits 
On File: spec-3664-55245-0171.fits 
On File: spec-3664-55245-0172.fits 
On File: spec-3664-55245-0173.fits 
On File: spec-3664-55245-0174.fits 
On File: spec-3664-55245-0175.fits 
On File: spec-3664-55245-0176.fits 
On File: spec-3664-55245-0177.fits 
On File: spec-3664-55245-0178.fits 
On File: spec-3664-55245-0179.fits 
On File: spec-3664-55245-0180.fits 
On File: spec-3664-55245-0181.fits 
On File: spec-3664-55245-0182.fits 
On File: spec-3664-55245-0183.fits 
On File: spec-3664-55245-0184.fits 
On File: spec-3664-55245-0185.fits 
On File: spec-3664-55245-0186.fits 
On File: spec-3664-55245-0187.fits 
On File: spec-3664-55245-0188.fits 
On File: spec-3664-55245-0189.fits 
On File: spec-3664-55245-0190.fits 
On File: spec-3664-55245-0191.fits 
On File: spec-3664-55245-0192.fits 
On File: spec-3664-55245-0193.fits 
On File: spec-3664-55245-0194.fits 
On File: spec-3664-55245-0195.fits 
On File: spec-3664-55245-0196.fits 
On File: spec-3664-55245-0197.fits 
On File: spec-3664-55245-0198.fits 
On File: spec-3664-55245-0199.fits 
On File: spec-3664-55245-0200.fits 
On File: spec-3664-55245-0201.fits 
On File: spec-3664-55245-0202.fits 
On File: spec-3664-55245-0203.fits 
On File: spec-3664-55245-0204.fits 
On File: spec-3664-55245-0205.fits 
On File: spec-3664-55245-0206.fits 
On File: spec-3664-55245-0207.fits 
On File: spec-3664-55245-0208.fits 
On File: spec-3664-55245-0209.fits 
On File: spec-3664-55245-0210.fits 
On File: spec-3664-55245-0211.fits 
On File: spec-3664-55245-0212.fits 
On File: spec-3664-55245-0213.fits 
On File: spec-3664-55245-0214.fits 
On File: spec-3664-55245-0215.fits 
On File: spec-3664-55245-0216.fits 
On File: spec-3664-55245-0217.fits 
On File: spec-3664-55245-0218.fits 
On File: spec-3664-55245-0219.fits 
On File: spec-3664-55245-0220.fits 
On File: spec-3664-55245-0221.fits 
On File: spec-3664-55245-0222.fits 
On File: spec-3664-55245-0223.fits 
On File: spec-3664-55245-0224.fits 
On File: spec-3664-55245-0225.fits 
On File: spec-3664-55245-0226.fits 
On File: spec-3664-55245-0227.fits 
On File: spec-3664-55245-0228.fits 
On File: spec-3664-55245-0229.fits 
On File: spec-3664-55245-0230.fits 
On File: spec-3664-55245-0231.fits 
On File: spec-3664-55245-0232.fits 
On File: spec-3664-55245-0233.fits 
On File: spec-3664-55245-0234.fits 
On File: spec-3664-55245-0235.fits 
On File: spec-3664-55245-0236.fits 
On File: spec-3664-55245-0237.fits 
On File: spec-3664-55245-0238.fits 
On File: spec-3664-55245-0239.fits 
On File: spec-3664-55245-0240.fits 
On File: spec-3664-55245-0241.fits 
On File: spec-3664-55245-0242.fits 
On File: spec-3664-55245-0243.fits 
On File: spec-3664-55245-0244.fits 
On File: spec-3664-55245-0245.fits 
On File: spec-3664-55245-0246.fits 
On File: spec-3664-55245-0247.fits 
On File: spec-3664-55245-0248.fits 
On File: spec-3664-55245-0249.fits 
On File: spec-3664-55245-0250.fits 
On File: spec-3664-55245-0251.fits 
On File: spec-3664-55245-0252.fits 
On File: spec-3664-55245-0253.fits 
On File: spec-3664-55245-0254.fits 
On File: spec-3664-55245-0255.fits 
On File: spec-3664-55245-0256.fits 
On File: spec-3664-55245-0257.fits 
On File: spec-3664-55245-0258.fits 
On File: spec-3664-55245-0259.fits 
On File: spec-3664-55245-0260.fits 
On File: spec-3664-55245-0261.fits 
On File: spec-3664-55245-0262.fits 
On File: spec-3664-55245-0263.fits 
On File: spec-3664-55245-0264.fits 
On File: spec-3664-55245-0265.fits 
On File: spec-3664-55245-0266.fits 
On File: spec-3664-55245-0267.fits 
On File: spec-3664-55245-0268.fits 
On File: spec-3664-55245-0269.fits 
On File: spec-3664-55245-0270.fits 
On File: spec-3664-55245-0271.fits 
On File: spec-3664-55245-0272.fits 
On File: spec-3664-55245-0273.fits 
On File: spec-3664-55245-0274.fits 
On File: spec-3664-55245-0275.fits 
On File: spec-3664-55245-0276.fits 
On File: spec-3664-55245-0277.fits 
On File: spec-3664-55245-0278.fits 
On File: spec-3664-55245-0279.fits 
On File: spec-3664-55245-0280.fits 
On File: spec-3664-55245-0281.fits 
On File: spec-3664-55245-0282.fits 
On File: spec-3664-55245-0283.fits 
On File: spec-3664-55245-0284.fits 
On File: spec-3664-55245-0285.fits 
On File: spec-3664-55245-0286.fits 
On File: spec-3664-55245-0287.fits 
On File: spec-3664-55245-0288.fits 
On File: spec-3664-55245-0289.fits 
On File: spec-3664-55245-0290.fits 
On File: spec-3664-55245-0291.fits 
On File: spec-3664-55245-0292.fits 
On File: spec-3664-55245-0293.fits 
On File: spec-3664-55245-0294.fits 
On File: spec-3664-55245-0295.fits 
On File: spec-3664-55245-0296.fits 
On File: spec-3664-55245-0297.fits 
On File: spec-3664-55245-0298.fits 
On File: spec-3664-55245-0299.fits 
On File: spec-3664-55245-0300.fits 
On File: spec-3664-55245-0301.fits 
On File: spec-3664-55245-0302.fits 
On File: spec-3664-55245-0303.fits 
On File: spec-3664-55245-0304.fits 
On File: spec-3664-55245-0305.fits 
On File: spec-3664-55245-0306.fits 
On File: spec-3664-55245-0307.fits 
On File: spec-3664-55245-0308.fits 
On File: spec-3664-55245-0309.fits 
On File: spec-3664-55245-0310.fits 
On File: spec-3664-55245-0311.fits 
On File: spec-3664-55245-0312.fits 
On File: spec-3664-55245-0313.fits 
On File: spec-3664-55245-0314.fits 
On File: spec-3664-55245-0315.fits 
On File: spec-3664-55245-0316.fits 
On File: spec-3664-55245-0317.fits 
On File: spec-3664-55245-0318.fits 
On File: spec-3664-55245-0319.fits 
On File: spec-3664-55245-0320.fits 
On File: spec-3664-55245-0321.fits 
On File: spec-3664-55245-0322.fits 
On File: spec-3664-55245-0323.fits 
On File: spec-3664-55245-0324.fits 
On File: spec-3664-55245-0325.fits 
On File: spec-3664-55245-0326.fits 
On File: spec-3664-55245-0327.fits 
On File: spec-3664-55245-0328.fits 
On File: spec-3664-55245-0329.fits 
On File: spec-3664-55245-0330.fits 
On File: spec-3664-55245-0331.fits 
On File: spec-3664-55245-0332.fits 
On File: spec-3664-55245-0333.fits 
On File: spec-3664-55245-0334.fits 
On File: spec-3664-55245-0335.fits 
On File: spec-3664-55245-0336.fits 
On File: spec-3664-55245-0337.fits 
On File: spec-3664-55245-0338.fits 
On File: spec-3664-55245-0339.fits 
On File: spec-3664-55245-0340.fits 
On File: spec-3664-55245-0341.fits 
On File: spec-3664-55245-0342.fits 
On File: spec-3664-55245-0343.fits 
On File: spec-3664-55245-0344.fits 
On File: spec-3664-55245-0345.fits 
On File: spec-3664-55245-0346.fits 
On File: spec-3664-55245-0347.fits 
On File: spec-3664-55245-0348.fits 
On File: spec-3664-55245-0349.fits 
On File: spec-3664-55245-0350.fits 
On File: spec-3664-55245-0351.fits 
On File: spec-3664-55245-0352.fits 
On File: spec-3664-55245-0353.fits 
On File: spec-3664-55245-0354.fits 
On File: spec-3664-55245-0355.fits 
On File: spec-3664-55245-0356.fits 
On File: spec-3664-55245-0357.fits 
On File: spec-3664-55245-0358.fits 
On File: spec-3664-55245-0359.fits 
On File: spec-3664-55245-0360.fits 
On File: spec-3664-55245-0361.fits 
On File: spec-3664-55245-0362.fits 
On File: spec-3664-55245-0363.fits 
On File: spec-3664-55245-0364.fits 
On File: spec-3664-55245-0365.fits 
On File: spec-3664-55245-0366.fits 
On File: spec-3664-55245-0367.fits 
On File: spec-3664-55245-0368.fits 
On File: spec-3664-55245-0369.fits 
On File: spec-3664-55245-0370.fits 
On File: spec-3664-55245-0371.fits 
On File: spec-3664-55245-0372.fits 
On File: spec-3664-55245-0373.fits 
On File: spec-3664-55245-0374.fits 
On File: spec-3664-55245-0375.fits 
On File: spec-3664-55245-0376.fits 
On File: spec-3664-55245-0377.fits 
On File: spec-3664-55245-0378.fits 
On File: spec-3664-55245-0379.fits 
On File: spec-3664-55245-0380.fits 
On File: spec-3664-55245-0381.fits 
On File: spec-3664-55245-0382.fits 
On File: spec-3664-55245-0383.fits 
On File: spec-3664-55245-0384.fits 
On File: spec-3664-55245-0385.fits 
On File: spec-3664-55245-0386.fits 
On File: spec-3664-55245-0387.fits 
On File: spec-3664-55245-0388.fits 
On File: spec-3664-55245-0389.fits 
On File: spec-3664-55245-0390.fits 
On File: spec-3664-55245-0391.fits 
On File: spec-3664-55245-0392.fits 
On File: spec-3664-55245-0393.fits 
On File: spec-3664-55245-0394.fits 
On File: spec-3664-55245-0395.fits 
On File: spec-3664-55245-0396.fits 
On File: spec-3664-55245-0397.fits 
On File: spec-3664-55245-0398.fits 
On File: spec-3664-55245-0399.fits 
On File: spec-3664-55245-0400.fits 
On File: spec-3664-55245-0401.fits 
On File: spec-3664-55245-0402.fits 
On File: spec-3664-55245-0403.fits 
On File: spec-3664-55245-0404.fits 
On File: spec-3664-55245-0405.fits 
On File: spec-3664-55245-0406.fits 
On File: spec-3664-55245-0407.fits 
On File: spec-3664-55245-0408.fits 
On File: spec-3664-55245-0409.fits 
On File: spec-3664-55245-0410.fits 
On File: spec-3664-55245-0411.fits 
On File: spec-3664-55245-0412.fits 
On File: spec-3664-55245-0413.fits 
On File: spec-3664-55245-0414.fits 
On File: spec-3664-55245-0415.fits 
On File: spec-3664-55245-0416.fits 
On File: spec-3664-55245-0417.fits 
On File: spec-3664-55245-0418.fits 
On File: spec-3664-55245-0419.fits 
On File: spec-3664-55245-0420.fits 
On File: spec-3664-55245-0421.fits 
On File: spec-3664-55245-0422.fits 
On File: spec-3664-55245-0423.fits 
On File: spec-3664-55245-0424.fits 
On File: spec-3664-55245-0425.fits 
On File: spec-3664-55245-0426.fits 
On File: spec-3664-55245-0427.fits 
On File: spec-3664-55245-0428.fits 
On File: spec-3664-55245-0429.fits 
On File: spec-3664-55245-0430.fits 
On File: spec-3664-55245-0431.fits 
On File: spec-3664-55245-0432.fits 
On File: spec-3664-55245-0433.fits 
On File: spec-3664-55245-0434.fits 
On File: spec-3664-55245-0435.fits 
On File: spec-3664-55245-0436.fits 
On File: spec-3664-55245-0437.fits 
On File: spec-3664-55245-0438.fits 
On File: spec-3664-55245-0439.fits 
On File: spec-3664-55245-0440.fits 
On File: spec-3664-55245-0441.fits 
On File: spec-3664-55245-0442.fits 
On File: spec-3664-55245-0443.fits 
On File: spec-3664-55245-0444.fits 
On File: spec-3664-55245-0445.fits 
On File: spec-3664-55245-0446.fits 
On File: spec-3664-55245-0447.fits 
On File: spec-3664-55245-0448.fits 
On File: spec-3664-55245-0449.fits 
On File: spec-3664-55245-0450.fits 
On File: spec-3664-55245-0451.fits 
On File: spec-3664-55245-0452.fits 
On File: spec-3664-55245-0453.fits 
On File: spec-3664-55245-0454.fits 
On File: spec-3664-55245-0455.fits 
On File: spec-3664-55245-0456.fits 
On File: spec-3664-55245-0457.fits 
On File: spec-3664-55245-0458.fits 
On File: spec-3664-55245-0459.fits 
On File: spec-3664-55245-0460.fits 
On File: spec-3664-55245-0461.fits 
On File: spec-3664-55245-0462.fits 
On File: spec-3664-55245-0463.fits 
On File: spec-3664-55245-0464.fits 
On File: spec-3664-55245-0465.fits 
On File: spec-3664-55245-0466.fits 
On File: spec-3664-55245-0467.fits 
On File: spec-3664-55245-0468.fits 
On File: spec-3664-55245-0469.fits 
On File: spec-3664-55245-0470.fits 
On File: spec-3664-55245-0471.fits 
On File: spec-3664-55245-0472.fits 
On File: spec-3664-55245-0473.fits 
On File: spec-3664-55245-0474.fits 
On File: spec-3664-55245-0475.fits 
On File: spec-3664-55245-0476.fits 
On File: spec-3664-55245-0477.fits 
On File: spec-3664-55245-0478.fits 
On File: spec-3664-55245-0479.fits 
On File: spec-3664-55245-0480.fits 
On File: spec-3664-55245-0481.fits 
On File: spec-3664-55245-0482.fits 
On File: spec-3664-55245-0483.fits 
On File: spec-3664-55245-0484.fits 
On File: spec-3664-55245-0485.fits 
On File: spec-3664-55245-0486.fits 
On File: spec-3664-55245-0487.fits 
On File: spec-3664-55245-0488.fits 
On File: spec-3664-55245-0489.fits 
On File: spec-3664-55245-0490.fits 
On File: spec-3664-55245-0491.fits 
On File: spec-3664-55245-0492.fits 
On File: spec-3664-55245-0493.fits 
On File: spec-3664-55245-0494.fits 
On File: spec-3664-55245-0495.fits 
On File: spec-3664-55245-0496.fits 
On File: spec-3664-55245-0497.fits 
On File: spec-3664-55245-0498.fits 
On File: spec-3664-55245-0499.fits 
On File: spec-3664-55245-0500.fits 
On File: spec-3664-55245-0501.fits 
On File: spec-3664-55245-0502.fits 
On File: spec-3664-55245-0503.fits 
On File: spec-3664-55245-0504.fits 
On File: spec-3664-55245-0505.fits 
On File: spec-3664-55245-0506.fits 
On File: spec-3664-55245-0507.fits 
On File: spec-3664-55245-0508.fits 
On File: spec-3664-55245-0509.fits 
On File: spec-3664-55245-0510.fits 
On File: spec-3664-55245-0511.fits 
On File: spec-3664-55245-0512.fits 
On File: spec-3664-55245-0513.fits 
On File: spec-3664-55245-0514.fits 
On File: spec-3664-55245-0515.fits 
On File: spec-3664-55245-0516.fits 
On File: spec-3664-55245-0517.fits 
On File: spec-3664-55245-0518.fits 
On File: spec-3664-55245-0519.fits 
On File: spec-3664-55245-0520.fits 
On File: spec-3664-55245-0521.fits 
On File: spec-3664-55245-0522.fits 
On File: spec-3664-55245-0523.fits 
On File: spec-3664-55245-0524.fits 
On File: spec-3664-55245-0525.fits 
On File: spec-3664-55245-0526.fits 
On File: spec-3664-55245-0527.fits 
On File: spec-3664-55245-0528.fits 
On File: spec-3664-55245-0529.fits 
On File: spec-3664-55245-0530.fits 
On File: spec-3664-55245-0531.fits 
On File: spec-3664-55245-0532.fits 
On File: spec-3664-55245-0533.fits 
On File: spec-3664-55245-0534.fits 
On File: spec-3664-55245-0535.fits 
On File: spec-3664-55245-0536.fits 
On File: spec-3664-55245-0537.fits 
On File: spec-3664-55245-0538.fits 
On File: spec-3664-55245-0539.fits 
On File: spec-3664-55245-0540.fits 
On File: spec-3664-55245-0541.fits 
On File: spec-3664-55245-0542.fits 
On File: spec-3664-55245-0543.fits 
On File: spec-3664-55245-0544.fits 
On File: spec-3664-55245-0545.fits 
On File: spec-3664-55245-0546.fits 
On File: spec-3664-55245-0547.fits 
On File: spec-3664-55245-0548.fits 
On File: spec-3664-55245-0549.fits 
On File: spec-3664-55245-0550.fits 
On File: spec-3664-55245-0551.fits 
On File: spec-3664-55245-0552.fits 
On File: spec-3664-55245-0553.fits 
On File: spec-3664-55245-0554.fits 
On File: spec-3664-55245-0555.fits 
On File: spec-3664-55245-0556.fits 
On File: spec-3664-55245-0557.fits 
On File: spec-3664-55245-0558.fits 
On File: spec-3664-55245-0559.fits 
On File: spec-3664-55245-0560.fits 
On File: spec-3664-55245-0561.fits 
On File: spec-3664-55245-0562.fits 
On File: spec-3664-55245-0563.fits 
On File: spec-3664-55245-0564.fits 
On File: spec-3664-55245-0565.fits 
On File: spec-3664-55245-0566.fits 
On File: spec-3664-55245-0567.fits 
On File: spec-3664-55245-0568.fits 
On File: spec-3664-55245-0569.fits 
On File: spec-3664-55245-0570.fits 
On File: spec-3664-55245-0571.fits 
On File: spec-3664-55245-0572.fits 
On File: spec-3664-55245-0573.fits 
On File: spec-3664-55245-0574.fits 
On File: spec-3664-55245-0575.fits 
On File: spec-3664-55245-0576.fits 
On File: spec-3664-55245-0577.fits 
On File: spec-3664-55245-0578.fits 
On File: spec-3664-55245-0579.fits 
On File: spec-3664-55245-0580.fits 
On File: spec-3664-55245-0581.fits 
On File: spec-3664-55245-0582.fits 
On File: spec-3664-55245-0583.fits 
On File: spec-3664-55245-0584.fits 
On File: spec-3664-55245-0585.fits 
On File: spec-3664-55245-0586.fits 
On File: spec-3664-55245-0587.fits 
On File: spec-3664-55245-0588.fits 
On File: spec-3664-55245-0589.fits 
On File: spec-3664-55245-0590.fits 
On File: spec-3664-55245-0591.fits 
On File: spec-3664-55245-0592.fits 
On File: spec-3664-55245-0593.fits 
On File: spec-3664-55245-0594.fits 
On File: spec-3664-55245-0595.fits 
On File: spec-3664-55245-0596.fits 
On File: spec-3664-55245-0597.fits 
On File: spec-3664-55245-0598.fits 
On File: spec-3664-55245-0599.fits 
On File: spec-3664-55245-0600.fits 
On File: spec-3664-55245-0601.fits 
On File: spec-3664-55245-0602.fits 
On File: spec-3664-55245-0603.fits 
On File: spec-3664-55245-0604.fits 
On File: spec-3664-55245-0605.fits 
On File: spec-3664-55245-0606.fits 
On File: spec-3664-55245-0607.fits 
On File: spec-3664-55245-0608.fits 
On File: spec-3664-55245-0609.fits 
On File: spec-3664-55245-0610.fits 
On File: spec-3664-55245-0611.fits 
On File: spec-3664-55245-0612.fits 
On File: spec-3664-55245-0613.fits 
On File: spec-3664-55245-0614.fits 
On File: spec-3664-55245-0615.fits 
On File: spec-3664-55245-0616.fits 
On File: spec-3664-55245-0617.fits 
On File: spec-3664-55245-0618.fits 
On File: spec-3664-55245-0619.fits 
On File: spec-3664-55245-0620.fits 
On File: spec-3664-55245-0621.fits 
On File: spec-3664-55245-0622.fits 
On File: spec-3664-55245-0623.fits 
On File: spec-3664-55245-0624.fits 
On File: spec-3664-55245-0625.fits 
On File: spec-3664-55245-0626.fits 
On File: spec-3664-55245-0627.fits 
On File: spec-3664-55245-0628.fits 
On File: spec-3664-55245-0629.fits 
On File: spec-3664-55245-0630.fits 
On File: spec-3664-55245-0631.fits 
On File: spec-3664-55245-0632.fits 
On File: spec-3664-55245-0633.fits 
On File: spec-3664-55245-0634.fits 
On File: spec-3664-55245-0635.fits 
On File: spec-3664-55245-0636.fits 
On File: spec-3664-55245-0637.fits 
On File: spec-3664-55245-0638.fits 
On File: spec-3664-55245-0639.fits 
On File: spec-3664-55245-0640.fits 
On File: spec-3664-55245-0641.fits 
On File: spec-3664-55245-0642.fits 
On File: spec-3664-55245-0643.fits 
On File: spec-3664-55245-0644.fits 
On File: spec-3664-55245-0645.fits 
On File: spec-3664-55245-0646.fits 
On File: spec-3664-55245-0647.fits 
On File: spec-3664-55245-0648.fits 
On File: spec-3664-55245-0649.fits 
On File: spec-3664-55245-0650.fits 
On File: spec-3664-55245-0651.fits 
On File: spec-3664-55245-0652.fits 
On File: spec-3664-55245-0653.fits 
On File: spec-3664-55245-0654.fits 
On File: spec-3664-55245-0655.fits 
On File: spec-3664-55245-0656.fits 
On File: spec-3664-55245-0657.fits 
On File: spec-3664-55245-0658.fits 
On File: spec-3664-55245-0659.fits 
On File: spec-3664-55245-0660.fits 
On File: spec-3664-55245-0661.fits 
On File: spec-3664-55245-0662.fits 
On File: spec-3664-55245-0663.fits 
On File: spec-3664-55245-0664.fits 
On File: spec-3664-55245-0665.fits 
On File: spec-3664-55245-0666.fits 
On File: spec-3664-55245-0667.fits 
On File: spec-3664-55245-0668.fits 
On File: spec-3664-55245-0669.fits 
On File: spec-3664-55245-0670.fits 
On File: spec-3664-55245-0671.fits 
On File: spec-3664-55245-0672.fits 
On File: spec-3664-55245-0673.fits 
On File: spec-3664-55245-0674.fits 
On File: spec-3664-55245-0675.fits 
On File: spec-3664-55245-0676.fits 
On File: spec-3664-55245-0677.fits 
On File: spec-3664-55245-0678.fits 
On File: spec-3664-55245-0679.fits 
On File: spec-3664-55245-0680.fits 
On File: spec-3664-55245-0681.fits 
On File: spec-3664-55245-0682.fits 
On File: spec-3664-55245-0683.fits 
On File: spec-3664-55245-0684.fits 
On File: spec-3664-55245-0685.fits 
On File: spec-3664-55245-0686.fits 
On File: spec-3664-55245-0687.fits 
On File: spec-3664-55245-0688.fits 
On File: spec-3664-55245-0689.fits 
On File: spec-3664-55245-0690.fits 
On File: spec-3664-55245-0691.fits 
On File: spec-3664-55245-0692.fits 
On File: spec-3664-55245-0693.fits 
On File: spec-3664-55245-0694.fits 
On File: spec-3664-55245-0695.fits 
On File: spec-3664-55245-0696.fits 
On File: spec-3664-55245-0697.fits 
On File: spec-3664-55245-0698.fits 
On File: spec-3664-55245-0699.fits 
On File: spec-3664-55245-0700.fits 
On File: spec-3664-55245-0701.fits 
On File: spec-3664-55245-0702.fits 
On File: spec-3664-55245-0703.fits 
On File: spec-3664-55245-0704.fits 
On File: spec-3664-55245-0705.fits 
On File: spec-3664-55245-0706.fits 
On File: spec-3664-55245-0707.fits 
On File: spec-3664-55245-0708.fits 
On File: spec-3664-55245-0709.fits 
On File: spec-3664-55245-0710.fits 
On File: spec-3664-55245-0711.fits 
On File: spec-3664-55245-0712.fits 
On File: spec-3664-55245-0713.fits 
On File: spec-3664-55245-0714.fits 
On File: spec-3664-55245-0715.fits 
On File: spec-3664-55245-0716.fits 
On File: spec-3664-55245-0717.fits 
On File: spec-3664-55245-0718.fits 
On File: spec-3664-55245-0719.fits 
On File: spec-3664-55245-0720.fits 
On File: spec-3664-55245-0721.fits 
On File: spec-3664-55245-0722.fits 
On File: spec-3664-55245-0723.fits 
On File: spec-3664-55245-0724.fits 
On File: spec-3664-55245-0725.fits 
On File: spec-3664-55245-0726.fits 
On File: spec-3664-55245-0727.fits 
On File: spec-3664-55245-0728.fits 
On File: spec-3664-55245-0729.fits 
On File: spec-3664-55245-0730.fits 
On File: spec-3664-55245-0731.fits 
On File: spec-3664-55245-0732.fits 
On File: spec-3664-55245-0733.fits 
On File: spec-3664-55245-0734.fits 
On File: spec-3664-55245-0735.fits 
On File: spec-3664-55245-0736.fits 
On File: spec-3664-55245-0737.fits 
On File: spec-3664-55245-0738.fits 
On File: spec-3664-55245-0739.fits 
On File: spec-3664-55245-0740.fits 
On File: spec-3664-55245-0741.fits 
On File: spec-3664-55245-0742.fits 
On File: spec-3664-55245-0743.fits 
On File: spec-3664-55245-0744.fits 
On File: spec-3664-55245-0745.fits 
On File: spec-3664-55245-0746.fits 
On File: spec-3664-55245-0747.fits 
On File: spec-3664-55245-0748.fits 
On File: spec-3664-55245-0749.fits 
On File: spec-3664-55245-0750.fits 
On File: spec-3664-55245-0751.fits 
On File: spec-3664-55245-0752.fits 
On File: spec-3664-55245-0753.fits 
On File: spec-3664-55245-0754.fits 
On File: spec-3664-55245-0755.fits 
On File: spec-3664-55245-0756.fits 
On File: spec-3664-55245-0757.fits 
On File: spec-3664-55245-0758.fits 
On File: spec-3664-55245-0759.fits 
On File: spec-3664-55245-0760.fits 
On File: spec-3664-55245-0761.fits 
On File: spec-3664-55245-0762.fits 
On File: spec-3664-55245-0763.fits 
On File: spec-3664-55245-0764.fits 
On File: spec-3664-55245-0765.fits 
On File: spec-3664-55245-0766.fits 
On File: spec-3664-55245-0767.fits 
On File: spec-3664-55245-0768.fits 
On File: spec-3664-55245-0769.fits 
On File: spec-3664-55245-0770.fits 
On File: spec-3664-55245-0771.fits 
On File: spec-3664-55245-0772.fits 
On File: spec-3664-55245-0773.fits 
On File: spec-3664-55245-0774.fits 
On File: spec-3664-55245-0775.fits 
On File: spec-3664-55245-0776.fits 
On File: spec-3664-55245-0777.fits 
On File: spec-3664-55245-0778.fits 
On File: spec-3664-55245-0779.fits 
On File: spec-3664-55245-0780.fits 
On File: spec-3664-55245-0781.fits 
On File: spec-3664-55245-0782.fits 
On File: spec-3664-55245-0783.fits 
On File: spec-3664-55245-0784.fits 
On File: spec-3664-55245-0785.fits 
On File: spec-3664-55245-0786.fits 
On File: spec-3664-55245-0787.fits 
On File: spec-3664-55245-0788.fits 
On File: spec-3664-55245-0789.fits 
On File: spec-3664-55245-0790.fits 
On File: spec-3664-55245-0791.fits 
On File: spec-3664-55245-0792.fits 
On File: spec-3664-55245-0793.fits 
On File: spec-3664-55245-0794.fits 
On File: spec-3664-55245-0795.fits 
On File: spec-3664-55245-0796.fits 
On File: spec-3664-55245-0797.fits 
On File: spec-3664-55245-0798.fits 
On File: spec-3664-55245-0799.fits 
On File: spec-3664-55245-0800.fits 
On File: spec-3664-55245-0801.fits 
On File: spec-3664-55245-0802.fits 
On File: spec-3664-55245-0803.fits 
On File: spec-3664-55245-0804.fits 
On File: spec-3664-55245-0805.fits 
On File: spec-3664-55245-0806.fits 
On File: spec-3664-55245-0807.fits 
On File: spec-3664-55245-0808.fits 
On File: spec-3664-55245-0809.fits 
On File: spec-3664-55245-0810.fits 
On File: spec-3664-55245-0811.fits 
On File: spec-3664-55245-0812.fits 
On File: spec-3664-55245-0813.fits 
On File: spec-3664-55245-0814.fits 
On File: spec-3664-55245-0815.fits 
On File: spec-3664-55245-0816.fits 
On File: spec-3664-55245-0817.fits 
On File: spec-3664-55245-0818.fits 
On File: spec-3664-55245-0819.fits 
On File: spec-3664-55245-0820.fits 
On File: spec-3664-55245-0821.fits 
On File: spec-3664-55245-0822.fits 
On File: spec-3664-55245-0823.fits 
On File: spec-3664-55245-0824.fits 
On File: spec-3664-55245-0825.fits 
On File: spec-3664-55245-0826.fits 
On File: spec-3664-55245-0827.fits 
On File: spec-3664-55245-0828.fits 
On File: spec-3664-55245-0829.fits 
On File: spec-3664-55245-0830.fits 
On File: spec-3664-55245-0831.fits 
On File: spec-3664-55245-0832.fits 
On File: spec-3664-55245-0833.fits 
On File: spec-3664-55245-0834.fits 
On File: spec-3664-55245-0835.fits 
On File: spec-3664-55245-0836.fits 
On File: spec-3664-55245-0837.fits 
On File: spec-3664-55245-0838.fits 
On File: spec-3664-55245-0839.fits 
On File: spec-3664-55245-0840.fits 
On File: spec-3664-55245-0841.fits 
On File: spec-3664-55245-0842.fits 
On File: spec-3664-55245-0843.fits 
On File: spec-3664-55245-0844.fits 
On File: spec-3664-55245-0845.fits 
On File: spec-3664-55245-0846.fits 
On File: spec-3664-55245-0847.fits 
On File: spec-3664-55245-0848.fits 
On File: spec-3664-55245-0849.fits 
On File: spec-3664-55245-0850.fits 
On File: spec-3664-55245-0851.fits 
On File: spec-3664-55245-0852.fits 
On File: spec-3664-55245-0853.fits 
On File: spec-3664-55245-0854.fits 
On File: spec-3664-55245-0855.fits 
On File: spec-3664-55245-0856.fits 
On File: spec-3664-55245-0857.fits 
On File: spec-3664-55245-0858.fits 
On File: spec-3664-55245-0859.fits 
On File: spec-3664-55245-0860.fits 
On File: spec-3664-55245-0861.fits 
On File: spec-3664-55245-0862.fits 
On File: spec-3664-55245-0863.fits 
On File: spec-3664-55245-0864.fits 
On File: spec-3664-55245-0865.fits 
On File: spec-3664-55245-0866.fits 
On File: spec-3664-55245-0867.fits 
On File: spec-3664-55245-0868.fits 
On File: spec-3664-55245-0869.fits 
On File: spec-3664-55245-0870.fits 
On File: spec-3664-55245-0871.fits 
On File: spec-3664-55245-0872.fits 
On File: spec-3664-55245-0873.fits 
On File: spec-3664-55245-0874.fits 
On File: spec-3664-55245-0875.fits 
On File: spec-3664-55245-0876.fits 
On File: spec-3664-55245-0877.fits 
On File: spec-3664-55245-0878.fits 
On File: spec-3664-55245-0879.fits 
On File: spec-3664-55245-0880.fits 
On File: spec-3664-55245-0881.fits 
On File: spec-3664-55245-0882.fits 
On File: spec-3664-55245-0883.fits 
On File: spec-3664-55245-0884.fits 
On File: spec-3664-55245-0885.fits 
On File: spec-3664-55245-0886.fits 
On File: spec-3664-55245-0887.fits 
On File: spec-3664-55245-0888.fits 
On File: spec-3664-55245-0889.fits 
On File: spec-3664-55245-0890.fits 
On File: spec-3664-55245-0891.fits 
On File: spec-3664-55245-0892.fits 
On File: spec-3664-55245-0893.fits 
On File: spec-3664-55245-0894.fits 
On File: spec-3664-55245-0895.fits 
On File: spec-3664-55245-0896.fits 
On File: spec-3664-55245-0897.fits 
On File: spec-3664-55245-0898.fits 
On File: spec-3664-55245-0899.fits 
On File: spec-3664-55245-0900.fits 
On File: spec-3664-55245-0901.fits 
On File: spec-3664-55245-0902.fits 
On File: spec-3664-55245-0903.fits 
On File: spec-3664-55245-0904.fits 
On File: spec-3664-55245-0905.fits 
On File: spec-3664-55245-0906.fits 
On File: spec-3664-55245-0907.fits 
On File: spec-3664-55245-0908.fits 
On File: spec-3664-55245-0909.fits 
On File: spec-3664-55245-0910.fits 
On File: spec-3664-55245-0911.fits 
On File: spec-3664-55245-0912.fits 
On File: spec-3664-55245-0913.fits 
On File: spec-3664-55245-0914.fits 
On File: spec-3664-55245-0915.fits 
On File: spec-3664-55245-0916.fits 
On File: spec-3664-55245-0917.fits 
On File: spec-3664-55245-0918.fits 
On File: spec-3664-55245-0919.fits 
On File: spec-3664-55245-0920.fits 
On File: spec-3664-55245-0921.fits 
On File: spec-3664-55245-0922.fits 
On File: spec-3664-55245-0923.fits 
On File: spec-3664-55245-0924.fits 
On File: spec-3664-55245-0925.fits 
On File: spec-3664-55245-0926.fits 
On File: spec-3664-55245-0927.fits 
On File: spec-3664-55245-0928.fits 
On File: spec-3664-55245-0929.fits 
On File: spec-3664-55245-0930.fits 
On File: spec-3664-55245-0931.fits 
On File: spec-3664-55245-0932.fits 
On File: spec-3664-55245-0933.fits 
On File: spec-3664-55245-0934.fits 
On File: spec-3664-55245-0935.fits 
On File: spec-3664-55245-0936.fits 
On File: spec-3664-55245-0937.fits 
On File: spec-3664-55245-0938.fits 
On File: spec-3664-55245-0939.fits 
On File: spec-3664-55245-0940.fits 
On File: spec-3664-55245-0941.fits 
On File: spec-3664-55245-0942.fits 
On File: spec-3664-55245-0943.fits 
On File: spec-3664-55245-0944.fits 
On File: spec-3664-55245-0945.fits 
On File: spec-3664-55245-0946.fits 
On File: spec-3664-55245-0947.fits 
On File: spec-3664-55245-0948.fits 
On File: spec-3664-55245-0949.fits 
On File: spec-3664-55245-0950.fits 
On File: spec-3664-55245-0951.fits 
On File: spec-3664-55245-0952.fits 
On File: spec-3664-55245-0953.fits 
On File: spec-3664-55245-0954.fits 
On File: spec-3664-55245-0955.fits 
On File: spec-3664-55245-0956.fits 
On File: spec-3664-55245-0957.fits 
On File: spec-3664-55245-0958.fits 
On File: spec-3664-55245-0959.fits 
On File: spec-3664-55245-0960.fits 
On File: spec-3664-55245-0961.fits 
On File: spec-3664-55245-0962.fits 
On File: spec-3664-55245-0963.fits 
On File: spec-3664-55245-0964.fits 
On File: spec-3664-55245-0965.fits 
On File: spec-3664-55245-0966.fits 
On File: spec-3664-55245-0967.fits 
On File: spec-3664-55245-0968.fits 
On File: spec-3664-55245-0969.fits 
On File: spec-3664-55245-0970.fits 
On File: spec-3664-55245-0971.fits 
On File: spec-3664-55245-0972.fits 
On File: spec-3664-55245-0973.fits 
On File: spec-3664-55245-0974.fits 
On File: spec-3664-55245-0975.fits 
On File: spec-3664-55245-0976.fits 
On File: spec-3664-55245-0977.fits 
On File: spec-3664-55245-0978.fits 
On File: spec-3664-55245-0979.fits 
On File: spec-3664-55245-0980.fits 
On File: spec-3664-55245-0981.fits 
On File: spec-3664-55245-0982.fits 
On File: spec-3664-55245-0983.fits 
On File: spec-3664-55245-0984.fits 
On File: spec-3664-55245-0985.fits 
On File: spec-3664-55245-0986.fits 
On File: spec-3664-55245-0987.fits 
On File: spec-3664-55245-0988.fits 
On File: spec-3664-55245-0989.fits 
On File: spec-3664-55245-0990.fits 
On File: spec-3664-55245-0991.fits 
On File: spec-3664-55245-0992.fits 
On File: spec-3664-55245-0993.fits 
On File: spec-3664-55245-0994.fits 
On File: spec-3664-55245-0995.fits 
On File: spec-3664-55245-0996.fits 
On File: spec-3664-55245-0997.fits 
On File: spec-3664-55245-0998.fits 
On File: spec-3664-55245-0999.fits 
On File: spec-3664-55245-1000.fits 
[1] "Job Complete!"
