Unpacking R413.tar.gz ...
Unpacking packages_FITSio.tar.gz ...
Unpacking current *.tgz file
[1] "Initializing Console ..."
[1] "Inputing command line prompts ..."
[1] "Loading package FITSio."
[1] "Reading cB58_Lyman_break.fit ..."
[1] "Starting main process ..."
On File: spec-3665-55247-0001.fits 
On File: spec-3665-55247-0002.fits 
On File: spec-3665-55247-0003.fits 
On File: spec-3665-55247-0004.fits 
On File: spec-3665-55247-0005.fits 
On File: spec-3665-55247-0006.fits 
On File: spec-3665-55247-0007.fits 
On File: spec-3665-55247-0008.fits 
On File: spec-3665-55247-0009.fits 
On File: spec-3665-55247-0010.fits 
On File: spec-3665-55247-0011.fits 
On File: spec-3665-55247-0012.fits 
On File: spec-3665-55247-0013.fits 
On File: spec-3665-55247-0014.fits 
On File: spec-3665-55247-0015.fits 
On File: spec-3665-55247-0016.fits 
On File: spec-3665-55247-0017.fits 
On File: spec-3665-55247-0018.fits 
On File: spec-3665-55247-0019.fits 
On File: spec-3665-55247-0020.fits 
On File: spec-3665-55247-0021.fits 
On File: spec-3665-55247-0022.fits 
On File: spec-3665-55247-0023.fits 
On File: spec-3665-55247-0024.fits 
On File: spec-3665-55247-0025.fits 
On File: spec-3665-55247-0026.fits 
On File: spec-3665-55247-0027.fits 
On File: spec-3665-55247-0028.fits 
On File: spec-3665-55247-0029.fits 
On File: spec-3665-55247-0030.fits 
On File: spec-3665-55247-0031.fits 
On File: spec-3665-55247-0032.fits 
On File: spec-3665-55247-0033.fits 
On File: spec-3665-55247-0034.fits 
On File: spec-3665-55247-0035.fits 
On File: spec-3665-55247-0036.fits 
On File: spec-3665-55247-0037.fits 
On File: spec-3665-55247-0038.fits 
On File: spec-3665-55247-0039.fits 
On File: spec-3665-55247-0040.fits 
On File: spec-3665-55247-0041.fits 
On File: spec-3665-55247-0042.fits 
On File: spec-3665-55247-0043.fits 
On File: spec-3665-55247-0044.fits 
On File: spec-3665-55247-0045.fits 
On File: spec-3665-55247-0046.fits 
On File: spec-3665-55247-0047.fits 
On File: spec-3665-55247-0048.fits 
On File: spec-3665-55247-0049.fits 
On File: spec-3665-55247-0050.fits 
On File: spec-3665-55247-0051.fits 
On File: spec-3665-55247-0052.fits 
On File: spec-3665-55247-0053.fits 
On File: spec-3665-55247-0054.fits 
On File: spec-3665-55247-0055.fits 
On File: spec-3665-55247-0056.fits 
On File: spec-3665-55247-0057.fits 
On File: spec-3665-55247-0058.fits 
On File: spec-3665-55247-0059.fits 
On File: spec-3665-55247-0060.fits 
On File: spec-3665-55247-0061.fits 
On File: spec-3665-55247-0062.fits 
On File: spec-3665-55247-0063.fits 
On File: spec-3665-55247-0064.fits 
On File: spec-3665-55247-0065.fits 
On File: spec-3665-55247-0066.fits 
On File: spec-3665-55247-0067.fits 
On File: spec-3665-55247-0068.fits 
On File: spec-3665-55247-0069.fits 
On File: spec-3665-55247-0070.fits 
On File: spec-3665-55247-0071.fits 
On File: spec-3665-55247-0072.fits 
On File: spec-3665-55247-0073.fits 
On File: spec-3665-55247-0074.fits 
On File: spec-3665-55247-0075.fits 
On File: spec-3665-55247-0076.fits 
On File: spec-3665-55247-0077.fits 
On File: spec-3665-55247-0078.fits 
On File: spec-3665-55247-0079.fits 
On File: spec-3665-55247-0080.fits 
On File: spec-3665-55247-0081.fits 
On File: spec-3665-55247-0082.fits 
On File: spec-3665-55247-0083.fits 
On File: spec-3665-55247-0084.fits 
On File: spec-3665-55247-0085.fits 
On File: spec-3665-55247-0086.fits 
On File: spec-3665-55247-0087.fits 
On File: spec-3665-55247-0088.fits 
On File: spec-3665-55247-0089.fits 
On File: spec-3665-55247-0090.fits 
On File: spec-3665-55247-0091.fits 
On File: spec-3665-55247-0092.fits 
On File: spec-3665-55247-0093.fits 
On File: spec-3665-55247-0094.fits 
On File: spec-3665-55247-0095.fits 
On File: spec-3665-55247-0096.fits 
On File: spec-3665-55247-0097.fits 
On File: spec-3665-55247-0098.fits 
On File: spec-3665-55247-0099.fits 
On File: spec-3665-55247-0100.fits 
On File: spec-3665-55247-0101.fits 
On File: spec-3665-55247-0102.fits 
On File: spec-3665-55247-0103.fits 
On File: spec-3665-55247-0104.fits 
On File: spec-3665-55247-0105.fits 
On File: spec-3665-55247-0106.fits 
On File: spec-3665-55247-0107.fits 
On File: spec-3665-55247-0108.fits 
On File: spec-3665-55247-0109.fits 
On File: spec-3665-55247-0110.fits 
On File: spec-3665-55247-0111.fits 
On File: spec-3665-55247-0112.fits 
On File: spec-3665-55247-0113.fits 
On File: spec-3665-55247-0114.fits 
On File: spec-3665-55247-0115.fits 
On File: spec-3665-55247-0116.fits 
On File: spec-3665-55247-0117.fits 
On File: spec-3665-55247-0118.fits 
On File: spec-3665-55247-0119.fits 
On File: spec-3665-55247-0120.fits 
On File: spec-3665-55247-0121.fits 
On File: spec-3665-55247-0122.fits 
On File: spec-3665-55247-0123.fits 
On File: spec-3665-55247-0124.fits 
On File: spec-3665-55247-0125.fits 
On File: spec-3665-55247-0126.fits 
On File: spec-3665-55247-0127.fits 
On File: spec-3665-55247-0128.fits 
On File: spec-3665-55247-0129.fits 
On File: spec-3665-55247-0130.fits 
On File: spec-3665-55247-0131.fits 
On File: spec-3665-55247-0132.fits 
On File: spec-3665-55247-0133.fits 
On File: spec-3665-55247-0134.fits 
On File: spec-3665-55247-0135.fits 
On File: spec-3665-55247-0136.fits 
On File: spec-3665-55247-0137.fits 
On File: spec-3665-55247-0138.fits 
On File: spec-3665-55247-0139.fits 
On File: spec-3665-55247-0140.fits 
On File: spec-3665-55247-0141.fits 
On File: spec-3665-55247-0142.fits 
On File: spec-3665-55247-0143.fits 
On File: spec-3665-55247-0144.fits 
On File: spec-3665-55247-0145.fits 
On File: spec-3665-55247-0146.fits 
On File: spec-3665-55247-0147.fits 
On File: spec-3665-55247-0148.fits 
On File: spec-3665-55247-0149.fits 
On File: spec-3665-55247-0150.fits 
On File: spec-3665-55247-0151.fits 
On File: spec-3665-55247-0152.fits 
On File: spec-3665-55247-0153.fits 
On File: spec-3665-55247-0154.fits 
On File: spec-3665-55247-0155.fits 
On File: spec-3665-55247-0156.fits 
On File: spec-3665-55247-0157.fits 
On File: spec-3665-55247-0158.fits 
On File: spec-3665-55247-0159.fits 
On File: spec-3665-55247-0160.fits 
On File: spec-3665-55247-0161.fits 
On File: spec-3665-55247-0162.fits 
On File: spec-3665-55247-0163.fits 
On File: spec-3665-55247-0164.fits 
On File: spec-3665-55247-0165.fits 
On File: spec-3665-55247-0166.fits 
On File: spec-3665-55247-0167.fits 
On File: spec-3665-55247-0168.fits 
On File: spec-3665-55247-0169.fits 
On File: spec-3665-55247-0170.fits 
On File: spec-3665-55247-0171.fits 
On File: spec-3665-55247-0172.fits 
On File: spec-3665-55247-0173.fits 
On File: spec-3665-55247-0174.fits 
On File: spec-3665-55247-0175.fits 
On File: spec-3665-55247-0176.fits 
On File: spec-3665-55247-0177.fits 
On File: spec-3665-55247-0178.fits 
On File: spec-3665-55247-0179.fits 
On File: spec-3665-55247-0180.fits 
On File: spec-3665-55247-0181.fits 
On File: spec-3665-55247-0182.fits 
On File: spec-3665-55247-0183.fits 
On File: spec-3665-55247-0184.fits 
On File: spec-3665-55247-0185.fits 
On File: spec-3665-55247-0186.fits 
On File: spec-3665-55247-0187.fits 
On File: spec-3665-55247-0188.fits 
On File: spec-3665-55247-0189.fits 
On File: spec-3665-55247-0190.fits 
On File: spec-3665-55247-0191.fits 
On File: spec-3665-55247-0192.fits 
On File: spec-3665-55247-0193.fits 
On File: spec-3665-55247-0194.fits 
On File: spec-3665-55247-0195.fits 
On File: spec-3665-55247-0196.fits 
On File: spec-3665-55247-0197.fits 
On File: spec-3665-55247-0198.fits 
On File: spec-3665-55247-0199.fits 
On File: spec-3665-55247-0200.fits 
On File: spec-3665-55247-0201.fits 
On File: spec-3665-55247-0202.fits 
On File: spec-3665-55247-0203.fits 
On File: spec-3665-55247-0204.fits 
On File: spec-3665-55247-0205.fits 
On File: spec-3665-55247-0206.fits 
On File: spec-3665-55247-0207.fits 
On File: spec-3665-55247-0208.fits 
On File: spec-3665-55247-0209.fits 
On File: spec-3665-55247-0210.fits 
On File: spec-3665-55247-0211.fits 
On File: spec-3665-55247-0212.fits 
On File: spec-3665-55247-0213.fits 
On File: spec-3665-55247-0214.fits 
On File: spec-3665-55247-0215.fits 
On File: spec-3665-55247-0216.fits 
On File: spec-3665-55247-0217.fits 
On File: spec-3665-55247-0218.fits 
On File: spec-3665-55247-0219.fits 
On File: spec-3665-55247-0220.fits 
On File: spec-3665-55247-0221.fits 
On File: spec-3665-55247-0222.fits 
On File: spec-3665-55247-0223.fits 
On File: spec-3665-55247-0224.fits 
On File: spec-3665-55247-0225.fits 
On File: spec-3665-55247-0226.fits 
On File: spec-3665-55247-0227.fits 
On File: spec-3665-55247-0228.fits 
On File: spec-3665-55247-0229.fits 
On File: spec-3665-55247-0230.fits 
On File: spec-3665-55247-0231.fits 
On File: spec-3665-55247-0232.fits 
On File: spec-3665-55247-0233.fits 
On File: spec-3665-55247-0234.fits 
On File: spec-3665-55247-0235.fits 
On File: spec-3665-55247-0236.fits 
On File: spec-3665-55247-0237.fits 
On File: spec-3665-55247-0238.fits 
On File: spec-3665-55247-0239.fits 
On File: spec-3665-55247-0240.fits 
On File: spec-3665-55247-0241.fits 
On File: spec-3665-55247-0242.fits 
On File: spec-3665-55247-0243.fits 
On File: spec-3665-55247-0244.fits 
On File: spec-3665-55247-0245.fits 
On File: spec-3665-55247-0246.fits 
On File: spec-3665-55247-0247.fits 
On File: spec-3665-55247-0248.fits 
On File: spec-3665-55247-0249.fits 
On File: spec-3665-55247-0250.fits 
On File: spec-3665-55247-0251.fits 
On File: spec-3665-55247-0252.fits 
On File: spec-3665-55247-0253.fits 
On File: spec-3665-55247-0254.fits 
On File: spec-3665-55247-0255.fits 
On File: spec-3665-55247-0256.fits 
On File: spec-3665-55247-0257.fits 
On File: spec-3665-55247-0258.fits 
On File: spec-3665-55247-0259.fits 
On File: spec-3665-55247-0260.fits 
On File: spec-3665-55247-0261.fits 
On File: spec-3665-55247-0262.fits 
On File: spec-3665-55247-0263.fits 
On File: spec-3665-55247-0264.fits 
On File: spec-3665-55247-0265.fits 
On File: spec-3665-55247-0266.fits 
On File: spec-3665-55247-0267.fits 
On File: spec-3665-55247-0268.fits 
On File: spec-3665-55247-0269.fits 
On File: spec-3665-55247-0270.fits 
On File: spec-3665-55247-0271.fits 
On File: spec-3665-55247-0272.fits 
On File: spec-3665-55247-0273.fits 
On File: spec-3665-55247-0274.fits 
On File: spec-3665-55247-0275.fits 
On File: spec-3665-55247-0276.fits 
On File: spec-3665-55247-0277.fits 
On File: spec-3665-55247-0278.fits 
On File: spec-3665-55247-0279.fits 
On File: spec-3665-55247-0280.fits 
On File: spec-3665-55247-0281.fits 
On File: spec-3665-55247-0282.fits 
On File: spec-3665-55247-0283.fits 
On File: spec-3665-55247-0284.fits 
On File: spec-3665-55247-0285.fits 
On File: spec-3665-55247-0286.fits 
On File: spec-3665-55247-0287.fits 
On File: spec-3665-55247-0288.fits 
On File: spec-3665-55247-0289.fits 
On File: spec-3665-55247-0290.fits 
On File: spec-3665-55247-0291.fits 
On File: spec-3665-55247-0292.fits 
On File: spec-3665-55247-0293.fits 
On File: spec-3665-55247-0294.fits 
On File: spec-3665-55247-0295.fits 
On File: spec-3665-55247-0296.fits 
On File: spec-3665-55247-0297.fits 
On File: spec-3665-55247-0298.fits 
On File: spec-3665-55247-0299.fits 
On File: spec-3665-55247-0300.fits 
On File: spec-3665-55247-0301.fits 
On File: spec-3665-55247-0302.fits 
On File: spec-3665-55247-0303.fits 
On File: spec-3665-55247-0304.fits 
On File: spec-3665-55247-0305.fits 
On File: spec-3665-55247-0306.fits 
On File: spec-3665-55247-0307.fits 
On File: spec-3665-55247-0308.fits 
On File: spec-3665-55247-0309.fits 
On File: spec-3665-55247-0310.fits 
On File: spec-3665-55247-0311.fits 
On File: spec-3665-55247-0312.fits 
On File: spec-3665-55247-0313.fits 
On File: spec-3665-55247-0314.fits 
On File: spec-3665-55247-0315.fits 
On File: spec-3665-55247-0316.fits 
On File: spec-3665-55247-0317.fits 
On File: spec-3665-55247-0318.fits 
On File: spec-3665-55247-0319.fits 
On File: spec-3665-55247-0320.fits 
On File: spec-3665-55247-0321.fits 
On File: spec-3665-55247-0322.fits 
On File: spec-3665-55247-0323.fits 
On File: spec-3665-55247-0324.fits 
On File: spec-3665-55247-0325.fits 
On File: spec-3665-55247-0326.fits 
On File: spec-3665-55247-0327.fits 
On File: spec-3665-55247-0328.fits 
On File: spec-3665-55247-0329.fits 
On File: spec-3665-55247-0330.fits 
On File: spec-3665-55247-0331.fits 
On File: spec-3665-55247-0332.fits 
On File: spec-3665-55247-0333.fits 
On File: spec-3665-55247-0334.fits 
On File: spec-3665-55247-0335.fits 
On File: spec-3665-55247-0336.fits 
On File: spec-3665-55247-0337.fits 
On File: spec-3665-55247-0338.fits 
On File: spec-3665-55247-0339.fits 
On File: spec-3665-55247-0340.fits 
On File: spec-3665-55247-0341.fits 
On File: spec-3665-55247-0342.fits 
On File: spec-3665-55247-0343.fits 
On File: spec-3665-55247-0344.fits 
On File: spec-3665-55247-0345.fits 
On File: spec-3665-55247-0346.fits 
On File: spec-3665-55247-0347.fits 
On File: spec-3665-55247-0348.fits 
On File: spec-3665-55247-0349.fits 
On File: spec-3665-55247-0350.fits 
On File: spec-3665-55247-0351.fits 
On File: spec-3665-55247-0352.fits 
On File: spec-3665-55247-0353.fits 
On File: spec-3665-55247-0354.fits 
On File: spec-3665-55247-0355.fits 
On File: spec-3665-55247-0356.fits 
On File: spec-3665-55247-0357.fits 
On File: spec-3665-55247-0358.fits 
On File: spec-3665-55247-0359.fits 
On File: spec-3665-55247-0360.fits 
On File: spec-3665-55247-0361.fits 
On File: spec-3665-55247-0362.fits 
On File: spec-3665-55247-0363.fits 
On File: spec-3665-55247-0364.fits 
On File: spec-3665-55247-0365.fits 
On File: spec-3665-55247-0366.fits 
On File: spec-3665-55247-0367.fits 
On File: spec-3665-55247-0368.fits 
On File: spec-3665-55247-0369.fits 
On File: spec-3665-55247-0370.fits 
On File: spec-3665-55247-0371.fits 
On File: spec-3665-55247-0372.fits 
On File: spec-3665-55247-0373.fits 
On File: spec-3665-55247-0374.fits 
On File: spec-3665-55247-0375.fits 
On File: spec-3665-55247-0376.fits 
On File: spec-3665-55247-0377.fits 
On File: spec-3665-55247-0378.fits 
On File: spec-3665-55247-0379.fits 
On File: spec-3665-55247-0380.fits 
On File: spec-3665-55247-0381.fits 
On File: spec-3665-55247-0382.fits 
On File: spec-3665-55247-0383.fits 
On File: spec-3665-55247-0384.fits 
On File: spec-3665-55247-0385.fits 
On File: spec-3665-55247-0386.fits 
On File: spec-3665-55247-0387.fits 
On File: spec-3665-55247-0388.fits 
On File: spec-3665-55247-0389.fits 
On File: spec-3665-55247-0390.fits 
On File: spec-3665-55247-0391.fits 
On File: spec-3665-55247-0392.fits 
On File: spec-3665-55247-0393.fits 
On File: spec-3665-55247-0394.fits 
On File: spec-3665-55247-0395.fits 
On File: spec-3665-55247-0396.fits 
On File: spec-3665-55247-0397.fits 
On File: spec-3665-55247-0398.fits 
On File: spec-3665-55247-0399.fits 
On File: spec-3665-55247-0400.fits 
On File: spec-3665-55247-0401.fits 
On File: spec-3665-55247-0402.fits 
On File: spec-3665-55247-0403.fits 
On File: spec-3665-55247-0404.fits 
On File: spec-3665-55247-0405.fits 
On File: spec-3665-55247-0406.fits 
On File: spec-3665-55247-0407.fits 
On File: spec-3665-55247-0408.fits 
On File: spec-3665-55247-0409.fits 
On File: spec-3665-55247-0410.fits 
On File: spec-3665-55247-0411.fits 
On File: spec-3665-55247-0412.fits 
On File: spec-3665-55247-0413.fits 
On File: spec-3665-55247-0414.fits 
On File: spec-3665-55247-0415.fits 
On File: spec-3665-55247-0416.fits 
On File: spec-3665-55247-0417.fits 
On File: spec-3665-55247-0418.fits 
On File: spec-3665-55247-0419.fits 
On File: spec-3665-55247-0420.fits 
On File: spec-3665-55247-0421.fits 
On File: spec-3665-55247-0422.fits 
On File: spec-3665-55247-0423.fits 
On File: spec-3665-55247-0424.fits 
On File: spec-3665-55247-0425.fits 
On File: spec-3665-55247-0426.fits 
On File: spec-3665-55247-0427.fits 
On File: spec-3665-55247-0428.fits 
On File: spec-3665-55247-0429.fits 
On File: spec-3665-55247-0430.fits 
On File: spec-3665-55247-0431.fits 
On File: spec-3665-55247-0432.fits 
On File: spec-3665-55247-0433.fits 
On File: spec-3665-55247-0434.fits 
On File: spec-3665-55247-0435.fits 
On File: spec-3665-55247-0436.fits 
On File: spec-3665-55247-0437.fits 
On File: spec-3665-55247-0438.fits 
On File: spec-3665-55247-0439.fits 
On File: spec-3665-55247-0440.fits 
On File: spec-3665-55247-0441.fits 
On File: spec-3665-55247-0442.fits 
On File: spec-3665-55247-0443.fits 
On File: spec-3665-55247-0444.fits 
On File: spec-3665-55247-0445.fits 
On File: spec-3665-55247-0446.fits 
On File: spec-3665-55247-0447.fits 
On File: spec-3665-55247-0448.fits 
On File: spec-3665-55247-0449.fits 
On File: spec-3665-55247-0450.fits 
On File: spec-3665-55247-0451.fits 
On File: spec-3665-55247-0452.fits 
On File: spec-3665-55247-0453.fits 
On File: spec-3665-55247-0454.fits 
On File: spec-3665-55247-0455.fits 
On File: spec-3665-55247-0456.fits 
On File: spec-3665-55247-0457.fits 
On File: spec-3665-55247-0458.fits 
On File: spec-3665-55247-0459.fits 
On File: spec-3665-55247-0460.fits 
On File: spec-3665-55247-0461.fits 
On File: spec-3665-55247-0462.fits 
On File: spec-3665-55247-0463.fits 
On File: spec-3665-55247-0464.fits 
On File: spec-3665-55247-0465.fits 
On File: spec-3665-55247-0466.fits 
On File: spec-3665-55247-0467.fits 
On File: spec-3665-55247-0468.fits 
On File: spec-3665-55247-0469.fits 
On File: spec-3665-55247-0470.fits 
On File: spec-3665-55247-0471.fits 
On File: spec-3665-55247-0472.fits 
On File: spec-3665-55247-0473.fits 
On File: spec-3665-55247-0474.fits 
On File: spec-3665-55247-0475.fits 
On File: spec-3665-55247-0476.fits 
On File: spec-3665-55247-0477.fits 
On File: spec-3665-55247-0478.fits 
On File: spec-3665-55247-0479.fits 
On File: spec-3665-55247-0480.fits 
On File: spec-3665-55247-0481.fits 
On File: spec-3665-55247-0482.fits 
On File: spec-3665-55247-0483.fits 
On File: spec-3665-55247-0484.fits 
On File: spec-3665-55247-0485.fits 
On File: spec-3665-55247-0486.fits 
On File: spec-3665-55247-0487.fits 
On File: spec-3665-55247-0488.fits 
On File: spec-3665-55247-0489.fits 
On File: spec-3665-55247-0490.fits 
On File: spec-3665-55247-0491.fits 
On File: spec-3665-55247-0492.fits 
On File: spec-3665-55247-0493.fits 
On File: spec-3665-55247-0494.fits 
On File: spec-3665-55247-0495.fits 
On File: spec-3665-55247-0496.fits 
On File: spec-3665-55247-0497.fits 
On File: spec-3665-55247-0498.fits 
On File: spec-3665-55247-0499.fits 
On File: spec-3665-55247-0500.fits 
On File: spec-3665-55247-0501.fits 
On File: spec-3665-55247-0502.fits 
On File: spec-3665-55247-0503.fits 
On File: spec-3665-55247-0504.fits 
On File: spec-3665-55247-0505.fits 
On File: spec-3665-55247-0506.fits 
On File: spec-3665-55247-0507.fits 
On File: spec-3665-55247-0508.fits 
On File: spec-3665-55247-0509.fits 
On File: spec-3665-55247-0510.fits 
On File: spec-3665-55247-0511.fits 
On File: spec-3665-55247-0512.fits 
On File: spec-3665-55247-0513.fits 
On File: spec-3665-55247-0514.fits 
On File: spec-3665-55247-0515.fits 
On File: spec-3665-55247-0516.fits 
On File: spec-3665-55247-0517.fits 
On File: spec-3665-55247-0518.fits 
On File: spec-3665-55247-0519.fits 
On File: spec-3665-55247-0520.fits 
On File: spec-3665-55247-0521.fits 
On File: spec-3665-55247-0522.fits 
On File: spec-3665-55247-0523.fits 
On File: spec-3665-55247-0524.fits 
On File: spec-3665-55247-0525.fits 
On File: spec-3665-55247-0526.fits 
On File: spec-3665-55247-0527.fits 
On File: spec-3665-55247-0528.fits 
On File: spec-3665-55247-0529.fits 
On File: spec-3665-55247-0530.fits 
On File: spec-3665-55247-0531.fits 
On File: spec-3665-55247-0532.fits 
On File: spec-3665-55247-0533.fits 
On File: spec-3665-55247-0534.fits 
On File: spec-3665-55247-0535.fits 
On File: spec-3665-55247-0536.fits 
On File: spec-3665-55247-0537.fits 
On File: spec-3665-55247-0538.fits 
On File: spec-3665-55247-0539.fits 
On File: spec-3665-55247-0540.fits 
On File: spec-3665-55247-0541.fits 
On File: spec-3665-55247-0542.fits 
On File: spec-3665-55247-0543.fits 
On File: spec-3665-55247-0544.fits 
On File: spec-3665-55247-0545.fits 
On File: spec-3665-55247-0546.fits 
On File: spec-3665-55247-0547.fits 
On File: spec-3665-55247-0548.fits 
On File: spec-3665-55247-0549.fits 
On File: spec-3665-55247-0550.fits 
On File: spec-3665-55247-0551.fits 
On File: spec-3665-55247-0552.fits 
On File: spec-3665-55247-0553.fits 
On File: spec-3665-55247-0554.fits 
On File: spec-3665-55247-0555.fits 
On File: spec-3665-55247-0556.fits 
On File: spec-3665-55247-0557.fits 
On File: spec-3665-55247-0558.fits 
On File: spec-3665-55247-0559.fits 
On File: spec-3665-55247-0560.fits 
On File: spec-3665-55247-0561.fits 
On File: spec-3665-55247-0562.fits 
On File: spec-3665-55247-0563.fits 
On File: spec-3665-55247-0564.fits 
On File: spec-3665-55247-0565.fits 
On File: spec-3665-55247-0566.fits 
On File: spec-3665-55247-0567.fits 
On File: spec-3665-55247-0568.fits 
On File: spec-3665-55247-0569.fits 
On File: spec-3665-55247-0570.fits 
On File: spec-3665-55247-0571.fits 
On File: spec-3665-55247-0572.fits 
On File: spec-3665-55247-0573.fits 
On File: spec-3665-55247-0574.fits 
On File: spec-3665-55247-0575.fits 
On File: spec-3665-55247-0576.fits 
On File: spec-3665-55247-0577.fits 
On File: spec-3665-55247-0578.fits 
On File: spec-3665-55247-0579.fits 
On File: spec-3665-55247-0580.fits 
On File: spec-3665-55247-0581.fits 
On File: spec-3665-55247-0582.fits 
On File: spec-3665-55247-0583.fits 
On File: spec-3665-55247-0584.fits 
On File: spec-3665-55247-0585.fits 
On File: spec-3665-55247-0586.fits 
On File: spec-3665-55247-0587.fits 
On File: spec-3665-55247-0588.fits 
On File: spec-3665-55247-0589.fits 
On File: spec-3665-55247-0590.fits 
On File: spec-3665-55247-0591.fits 
On File: spec-3665-55247-0592.fits 
On File: spec-3665-55247-0593.fits 
On File: spec-3665-55247-0594.fits 
On File: spec-3665-55247-0595.fits 
On File: spec-3665-55247-0596.fits 
On File: spec-3665-55247-0597.fits 
On File: spec-3665-55247-0598.fits 
On File: spec-3665-55247-0599.fits 
On File: spec-3665-55247-0600.fits 
On File: spec-3665-55247-0601.fits 
On File: spec-3665-55247-0602.fits 
On File: spec-3665-55247-0603.fits 
On File: spec-3665-55247-0604.fits 
On File: spec-3665-55247-0605.fits 
On File: spec-3665-55247-0606.fits 
On File: spec-3665-55247-0607.fits 
On File: spec-3665-55247-0608.fits 
On File: spec-3665-55247-0609.fits 
On File: spec-3665-55247-0610.fits 
On File: spec-3665-55247-0611.fits 
On File: spec-3665-55247-0612.fits 
On File: spec-3665-55247-0613.fits 
On File: spec-3665-55247-0614.fits 
On File: spec-3665-55247-0615.fits 
On File: spec-3665-55247-0616.fits 
On File: spec-3665-55247-0617.fits 
On File: spec-3665-55247-0618.fits 
On File: spec-3665-55247-0619.fits 
On File: spec-3665-55247-0620.fits 
On File: spec-3665-55247-0621.fits 
On File: spec-3665-55247-0622.fits 
On File: spec-3665-55247-0623.fits 
On File: spec-3665-55247-0624.fits 
On File: spec-3665-55247-0625.fits 
On File: spec-3665-55247-0626.fits 
On File: spec-3665-55247-0627.fits 
On File: spec-3665-55247-0628.fits 
On File: spec-3665-55247-0629.fits 
On File: spec-3665-55247-0630.fits 
On File: spec-3665-55247-0631.fits 
On File: spec-3665-55247-0632.fits 
On File: spec-3665-55247-0633.fits 
On File: spec-3665-55247-0634.fits 
On File: spec-3665-55247-0635.fits 
On File: spec-3665-55247-0636.fits 
On File: spec-3665-55247-0637.fits 
On File: spec-3665-55247-0638.fits 
On File: spec-3665-55247-0639.fits 
On File: spec-3665-55247-0640.fits 
On File: spec-3665-55247-0641.fits 
On File: spec-3665-55247-0642.fits 
On File: spec-3665-55247-0643.fits 
On File: spec-3665-55247-0644.fits 
On File: spec-3665-55247-0645.fits 
On File: spec-3665-55247-0646.fits 
On File: spec-3665-55247-0647.fits 
On File: spec-3665-55247-0648.fits 
On File: spec-3665-55247-0649.fits 
On File: spec-3665-55247-0650.fits 
On File: spec-3665-55247-0651.fits 
On File: spec-3665-55247-0652.fits 
On File: spec-3665-55247-0653.fits 
On File: spec-3665-55247-0654.fits 
On File: spec-3665-55247-0655.fits 
On File: spec-3665-55247-0656.fits 
On File: spec-3665-55247-0657.fits 
On File: spec-3665-55247-0658.fits 
On File: spec-3665-55247-0659.fits 
On File: spec-3665-55247-0660.fits 
On File: spec-3665-55247-0661.fits 
On File: spec-3665-55247-0662.fits 
On File: spec-3665-55247-0663.fits 
On File: spec-3665-55247-0664.fits 
On File: spec-3665-55247-0665.fits 
On File: spec-3665-55247-0666.fits 
On File: spec-3665-55247-0667.fits 
On File: spec-3665-55247-0668.fits 
On File: spec-3665-55247-0669.fits 
On File: spec-3665-55247-0670.fits 
On File: spec-3665-55247-0671.fits 
On File: spec-3665-55247-0672.fits 
On File: spec-3665-55247-0673.fits 
On File: spec-3665-55247-0674.fits 
On File: spec-3665-55247-0675.fits 
On File: spec-3665-55247-0676.fits 
On File: spec-3665-55247-0677.fits 
On File: spec-3665-55247-0678.fits 
On File: spec-3665-55247-0679.fits 
On File: spec-3665-55247-0680.fits 
On File: spec-3665-55247-0681.fits 
On File: spec-3665-55247-0682.fits 
On File: spec-3665-55247-0683.fits 
On File: spec-3665-55247-0684.fits 
On File: spec-3665-55247-0685.fits 
On File: spec-3665-55247-0686.fits 
On File: spec-3665-55247-0687.fits 
On File: spec-3665-55247-0688.fits 
On File: spec-3665-55247-0689.fits 
On File: spec-3665-55247-0690.fits 
On File: spec-3665-55247-0691.fits 
On File: spec-3665-55247-0692.fits 
On File: spec-3665-55247-0693.fits 
On File: spec-3665-55247-0694.fits 
On File: spec-3665-55247-0695.fits 
On File: spec-3665-55247-0696.fits 
On File: spec-3665-55247-0697.fits 
On File: spec-3665-55247-0698.fits 
On File: spec-3665-55247-0699.fits 
On File: spec-3665-55247-0700.fits 
On File: spec-3665-55247-0701.fits 
On File: spec-3665-55247-0702.fits 
On File: spec-3665-55247-0703.fits 
On File: spec-3665-55247-0704.fits 
On File: spec-3665-55247-0705.fits 
On File: spec-3665-55247-0706.fits 
On File: spec-3665-55247-0707.fits 
On File: spec-3665-55247-0708.fits 
On File: spec-3665-55247-0709.fits 
On File: spec-3665-55247-0710.fits 
On File: spec-3665-55247-0711.fits 
On File: spec-3665-55247-0712.fits 
On File: spec-3665-55247-0713.fits 
On File: spec-3665-55247-0714.fits 
On File: spec-3665-55247-0715.fits 
On File: spec-3665-55247-0716.fits 
On File: spec-3665-55247-0717.fits 
On File: spec-3665-55247-0718.fits 
On File: spec-3665-55247-0719.fits 
On File: spec-3665-55247-0720.fits 
On File: spec-3665-55247-0721.fits 
On File: spec-3665-55247-0722.fits 
On File: spec-3665-55247-0723.fits 
On File: spec-3665-55247-0724.fits 
On File: spec-3665-55247-0725.fits 
On File: spec-3665-55247-0726.fits 
On File: spec-3665-55247-0727.fits 
On File: spec-3665-55247-0728.fits 
On File: spec-3665-55247-0729.fits 
On File: spec-3665-55247-0730.fits 
On File: spec-3665-55247-0731.fits 
On File: spec-3665-55247-0732.fits 
On File: spec-3665-55247-0733.fits 
On File: spec-3665-55247-0734.fits 
On File: spec-3665-55247-0735.fits 
On File: spec-3665-55247-0736.fits 
On File: spec-3665-55247-0737.fits 
On File: spec-3665-55247-0738.fits 
On File: spec-3665-55247-0739.fits 
On File: spec-3665-55247-0740.fits 
On File: spec-3665-55247-0741.fits 
On File: spec-3665-55247-0742.fits 
On File: spec-3665-55247-0743.fits 
On File: spec-3665-55247-0744.fits 
On File: spec-3665-55247-0745.fits 
On File: spec-3665-55247-0746.fits 
On File: spec-3665-55247-0747.fits 
On File: spec-3665-55247-0748.fits 
On File: spec-3665-55247-0749.fits 
On File: spec-3665-55247-0750.fits 
On File: spec-3665-55247-0751.fits 
On File: spec-3665-55247-0752.fits 
On File: spec-3665-55247-0753.fits 
On File: spec-3665-55247-0754.fits 
On File: spec-3665-55247-0755.fits 
On File: spec-3665-55247-0756.fits 
On File: spec-3665-55247-0757.fits 
On File: spec-3665-55247-0758.fits 
On File: spec-3665-55247-0759.fits 
On File: spec-3665-55247-0760.fits 
On File: spec-3665-55247-0761.fits 
On File: spec-3665-55247-0762.fits 
On File: spec-3665-55247-0763.fits 
On File: spec-3665-55247-0764.fits 
On File: spec-3665-55247-0765.fits 
On File: spec-3665-55247-0766.fits 
On File: spec-3665-55247-0767.fits 
On File: spec-3665-55247-0768.fits 
On File: spec-3665-55247-0769.fits 
On File: spec-3665-55247-0770.fits 
On File: spec-3665-55247-0771.fits 
On File: spec-3665-55247-0772.fits 
On File: spec-3665-55247-0773.fits 
On File: spec-3665-55247-0774.fits 
On File: spec-3665-55247-0775.fits 
On File: spec-3665-55247-0776.fits 
On File: spec-3665-55247-0777.fits 
On File: spec-3665-55247-0778.fits 
On File: spec-3665-55247-0779.fits 
On File: spec-3665-55247-0780.fits 
On File: spec-3665-55247-0781.fits 
On File: spec-3665-55247-0782.fits 
On File: spec-3665-55247-0783.fits 
On File: spec-3665-55247-0784.fits 
On File: spec-3665-55247-0785.fits 
On File: spec-3665-55247-0786.fits 
On File: spec-3665-55247-0787.fits 
On File: spec-3665-55247-0788.fits 
On File: spec-3665-55247-0789.fits 
On File: spec-3665-55247-0790.fits 
On File: spec-3665-55247-0791.fits 
On File: spec-3665-55247-0792.fits 
On File: spec-3665-55247-0793.fits 
On File: spec-3665-55247-0794.fits 
On File: spec-3665-55247-0795.fits 
On File: spec-3665-55247-0796.fits 
On File: spec-3665-55247-0797.fits 
On File: spec-3665-55247-0798.fits 
On File: spec-3665-55247-0799.fits 
On File: spec-3665-55247-0800.fits 
On File: spec-3665-55247-0801.fits 
On File: spec-3665-55247-0802.fits 
On File: spec-3665-55247-0803.fits 
On File: spec-3665-55247-0804.fits 
On File: spec-3665-55247-0805.fits 
On File: spec-3665-55247-0806.fits 
On File: spec-3665-55247-0807.fits 
On File: spec-3665-55247-0808.fits 
On File: spec-3665-55247-0809.fits 
On File: spec-3665-55247-0810.fits 
On File: spec-3665-55247-0811.fits 
On File: spec-3665-55247-0812.fits 
On File: spec-3665-55247-0813.fits 
On File: spec-3665-55247-0814.fits 
On File: spec-3665-55247-0815.fits 
On File: spec-3665-55247-0816.fits 
On File: spec-3665-55247-0817.fits 
On File: spec-3665-55247-0818.fits 
On File: spec-3665-55247-0819.fits 
On File: spec-3665-55247-0820.fits 
On File: spec-3665-55247-0821.fits 
On File: spec-3665-55247-0822.fits 
On File: spec-3665-55247-0823.fits 
On File: spec-3665-55247-0824.fits 
On File: spec-3665-55247-0825.fits 
On File: spec-3665-55247-0826.fits 
On File: spec-3665-55247-0827.fits 
On File: spec-3665-55247-0828.fits 
On File: spec-3665-55247-0829.fits 
On File: spec-3665-55247-0830.fits 
On File: spec-3665-55247-0831.fits 
On File: spec-3665-55247-0832.fits 
On File: spec-3665-55247-0833.fits 
On File: spec-3665-55247-0834.fits 
On File: spec-3665-55247-0835.fits 
On File: spec-3665-55247-0836.fits 
On File: spec-3665-55247-0837.fits 
On File: spec-3665-55247-0838.fits 
On File: spec-3665-55247-0839.fits 
On File: spec-3665-55247-0840.fits 
On File: spec-3665-55247-0841.fits 
On File: spec-3665-55247-0842.fits 
On File: spec-3665-55247-0843.fits 
On File: spec-3665-55247-0844.fits 
On File: spec-3665-55247-0845.fits 
On File: spec-3665-55247-0846.fits 
On File: spec-3665-55247-0847.fits 
On File: spec-3665-55247-0848.fits 
On File: spec-3665-55247-0849.fits 
On File: spec-3665-55247-0850.fits 
On File: spec-3665-55247-0851.fits 
On File: spec-3665-55247-0852.fits 
On File: spec-3665-55247-0853.fits 
On File: spec-3665-55247-0854.fits 
On File: spec-3665-55247-0855.fits 
On File: spec-3665-55247-0856.fits 
On File: spec-3665-55247-0857.fits 
On File: spec-3665-55247-0858.fits 
On File: spec-3665-55247-0859.fits 
On File: spec-3665-55247-0860.fits 
On File: spec-3665-55247-0861.fits 
On File: spec-3665-55247-0862.fits 
On File: spec-3665-55247-0863.fits 
On File: spec-3665-55247-0864.fits 
On File: spec-3665-55247-0865.fits 
On File: spec-3665-55247-0866.fits 
On File: spec-3665-55247-0867.fits 
On File: spec-3665-55247-0868.fits 
On File: spec-3665-55247-0869.fits 
On File: spec-3665-55247-0870.fits 
On File: spec-3665-55247-0871.fits 
On File: spec-3665-55247-0872.fits 
On File: spec-3665-55247-0873.fits 
On File: spec-3665-55247-0874.fits 
On File: spec-3665-55247-0875.fits 
On File: spec-3665-55247-0876.fits 
On File: spec-3665-55247-0877.fits 
On File: spec-3665-55247-0878.fits 
On File: spec-3665-55247-0879.fits 
On File: spec-3665-55247-0880.fits 
On File: spec-3665-55247-0881.fits 
On File: spec-3665-55247-0882.fits 
On File: spec-3665-55247-0883.fits 
On File: spec-3665-55247-0884.fits 
On File: spec-3665-55247-0885.fits 
On File: spec-3665-55247-0886.fits 
On File: spec-3665-55247-0887.fits 
On File: spec-3665-55247-0888.fits 
On File: spec-3665-55247-0889.fits 
On File: spec-3665-55247-0890.fits 
On File: spec-3665-55247-0891.fits 
On File: spec-3665-55247-0892.fits 
On File: spec-3665-55247-0893.fits 
On File: spec-3665-55247-0894.fits 
On File: spec-3665-55247-0895.fits 
On File: spec-3665-55247-0896.fits 
On File: spec-3665-55247-0897.fits 
On File: spec-3665-55247-0898.fits 
On File: spec-3665-55247-0899.fits 
On File: spec-3665-55247-0900.fits 
On File: spec-3665-55247-0901.fits 
On File: spec-3665-55247-0902.fits 
On File: spec-3665-55247-0903.fits 
On File: spec-3665-55247-0904.fits 
On File: spec-3665-55247-0905.fits 
On File: spec-3665-55247-0906.fits 
On File: spec-3665-55247-0907.fits 
On File: spec-3665-55247-0908.fits 
On File: spec-3665-55247-0909.fits 
On File: spec-3665-55247-0910.fits 
On File: spec-3665-55247-0911.fits 
On File: spec-3665-55247-0912.fits 
On File: spec-3665-55247-0913.fits 
On File: spec-3665-55247-0914.fits 
On File: spec-3665-55247-0915.fits 
On File: spec-3665-55247-0916.fits 
On File: spec-3665-55247-0917.fits 
On File: spec-3665-55247-0918.fits 
On File: spec-3665-55247-0919.fits 
On File: spec-3665-55247-0920.fits 
On File: spec-3665-55247-0921.fits 
On File: spec-3665-55247-0922.fits 
On File: spec-3665-55247-0923.fits 
On File: spec-3665-55247-0924.fits 
On File: spec-3665-55247-0925.fits 
On File: spec-3665-55247-0926.fits 
On File: spec-3665-55247-0927.fits 
On File: spec-3665-55247-0928.fits 
On File: spec-3665-55247-0929.fits 
On File: spec-3665-55247-0930.fits 
On File: spec-3665-55247-0931.fits 
On File: spec-3665-55247-0932.fits 
On File: spec-3665-55247-0933.fits 
On File: spec-3665-55247-0934.fits 
On File: spec-3665-55247-0935.fits 
On File: spec-3665-55247-0936.fits 
On File: spec-3665-55247-0937.fits 
On File: spec-3665-55247-0938.fits 
On File: spec-3665-55247-0939.fits 
On File: spec-3665-55247-0940.fits 
On File: spec-3665-55247-0941.fits 
On File: spec-3665-55247-0942.fits 
On File: spec-3665-55247-0943.fits 
On File: spec-3665-55247-0944.fits 
On File: spec-3665-55247-0945.fits 
On File: spec-3665-55247-0946.fits 
On File: spec-3665-55247-0947.fits 
On File: spec-3665-55247-0948.fits 
On File: spec-3665-55247-0949.fits 
On File: spec-3665-55247-0950.fits 
On File: spec-3665-55247-0951.fits 
On File: spec-3665-55247-0952.fits 
On File: spec-3665-55247-0953.fits 
On File: spec-3665-55247-0954.fits 
On File: spec-3665-55247-0955.fits 
On File: spec-3665-55247-0956.fits 
On File: spec-3665-55247-0957.fits 
On File: spec-3665-55247-0958.fits 
On File: spec-3665-55247-0959.fits 
On File: spec-3665-55247-0960.fits 
On File: spec-3665-55247-0961.fits 
On File: spec-3665-55247-0962.fits 
On File: spec-3665-55247-0963.fits 
On File: spec-3665-55247-0964.fits 
On File: spec-3665-55247-0965.fits 
On File: spec-3665-55247-0966.fits 
On File: spec-3665-55247-0967.fits 
On File: spec-3665-55247-0968.fits 
On File: spec-3665-55247-0969.fits 
On File: spec-3665-55247-0970.fits 
On File: spec-3665-55247-0971.fits 
On File: spec-3665-55247-0972.fits 
On File: spec-3665-55247-0973.fits 
On File: spec-3665-55247-0974.fits 
On File: spec-3665-55247-0975.fits 
On File: spec-3665-55247-0976.fits 
On File: spec-3665-55247-0977.fits 
On File: spec-3665-55247-0978.fits 
On File: spec-3665-55247-0979.fits 
On File: spec-3665-55247-0980.fits 
On File: spec-3665-55247-0981.fits 
On File: spec-3665-55247-0982.fits 
On File: spec-3665-55247-0983.fits 
On File: spec-3665-55247-0984.fits 
On File: spec-3665-55247-0985.fits 
On File: spec-3665-55247-0986.fits 
On File: spec-3665-55247-0987.fits 
On File: spec-3665-55247-0988.fits 
On File: spec-3665-55247-0989.fits 
On File: spec-3665-55247-0990.fits 
On File: spec-3665-55247-0991.fits 
On File: spec-3665-55247-0992.fits 
On File: spec-3665-55247-0993.fits 
On File: spec-3665-55247-0994.fits 
On File: spec-3665-55247-0995.fits 
On File: spec-3665-55247-0996.fits 
On File: spec-3665-55247-0997.fits 
On File: spec-3665-55247-0998.fits 
On File: spec-3665-55247-0999.fits 
On File: spec-3665-55247-1000.fits 
[1] "Job Complete!"
