Unpacking R413.tar.gz ...
Unpacking packages_FITSio.tar.gz ...
Unpacking current *.tgz file
[1] "Initializing Console ..."
[1] "Inputing command line prompts ..."
[1] "Loading package FITSio."
[1] "Reading cB58_Lyman_break.fit ..."
[1] "Starting main process ..."
On File: spec-3668-55478-0001.fits 
On File: spec-3668-55478-0002.fits 
On File: spec-3668-55478-0003.fits 
On File: spec-3668-55478-0004.fits 
On File: spec-3668-55478-0005.fits 
On File: spec-3668-55478-0006.fits 
On File: spec-3668-55478-0007.fits 
On File: spec-3668-55478-0008.fits 
On File: spec-3668-55478-0009.fits 
On File: spec-3668-55478-0010.fits 
On File: spec-3668-55478-0011.fits 
On File: spec-3668-55478-0012.fits 
On File: spec-3668-55478-0013.fits 
On File: spec-3668-55478-0014.fits 
On File: spec-3668-55478-0015.fits 
On File: spec-3668-55478-0016.fits 
On File: spec-3668-55478-0017.fits 
On File: spec-3668-55478-0018.fits 
On File: spec-3668-55478-0019.fits 
On File: spec-3668-55478-0020.fits 
On File: spec-3668-55478-0021.fits 
On File: spec-3668-55478-0022.fits 
On File: spec-3668-55478-0023.fits 
On File: spec-3668-55478-0024.fits 
On File: spec-3668-55478-0025.fits 
On File: spec-3668-55478-0026.fits 
On File: spec-3668-55478-0027.fits 
On File: spec-3668-55478-0028.fits 
On File: spec-3668-55478-0029.fits 
On File: spec-3668-55478-0030.fits 
On File: spec-3668-55478-0031.fits 
On File: spec-3668-55478-0032.fits 
On File: spec-3668-55478-0033.fits 
On File: spec-3668-55478-0034.fits 
On File: spec-3668-55478-0035.fits 
On File: spec-3668-55478-0036.fits 
On File: spec-3668-55478-0037.fits 
On File: spec-3668-55478-0038.fits 
On File: spec-3668-55478-0039.fits 
On File: spec-3668-55478-0040.fits 
On File: spec-3668-55478-0041.fits 
On File: spec-3668-55478-0042.fits 
On File: spec-3668-55478-0043.fits 
On File: spec-3668-55478-0044.fits 
On File: spec-3668-55478-0045.fits 
On File: spec-3668-55478-0046.fits 
On File: spec-3668-55478-0047.fits 
On File: spec-3668-55478-0048.fits 
On File: spec-3668-55478-0049.fits 
On File: spec-3668-55478-0050.fits 
On File: spec-3668-55478-0051.fits 
On File: spec-3668-55478-0052.fits 
On File: spec-3668-55478-0053.fits 
On File: spec-3668-55478-0054.fits 
On File: spec-3668-55478-0055.fits 
On File: spec-3668-55478-0056.fits 
On File: spec-3668-55478-0057.fits 
On File: spec-3668-55478-0058.fits 
On File: spec-3668-55478-0059.fits 
On File: spec-3668-55478-0060.fits 
On File: spec-3668-55478-0061.fits 
On File: spec-3668-55478-0062.fits 
On File: spec-3668-55478-0063.fits 
On File: spec-3668-55478-0064.fits 
On File: spec-3668-55478-0065.fits 
On File: spec-3668-55478-0066.fits 
On File: spec-3668-55478-0067.fits 
On File: spec-3668-55478-0068.fits 
On File: spec-3668-55478-0069.fits 
On File: spec-3668-55478-0070.fits 
On File: spec-3668-55478-0071.fits 
On File: spec-3668-55478-0072.fits 
On File: spec-3668-55478-0073.fits 
On File: spec-3668-55478-0074.fits 
On File: spec-3668-55478-0075.fits 
On File: spec-3668-55478-0076.fits 
On File: spec-3668-55478-0077.fits 
On File: spec-3668-55478-0078.fits 
On File: spec-3668-55478-0079.fits 
On File: spec-3668-55478-0080.fits 
On File: spec-3668-55478-0081.fits 
On File: spec-3668-55478-0082.fits 
On File: spec-3668-55478-0083.fits 
On File: spec-3668-55478-0084.fits 
On File: spec-3668-55478-0085.fits 
On File: spec-3668-55478-0086.fits 
On File: spec-3668-55478-0087.fits 
On File: spec-3668-55478-0088.fits 
On File: spec-3668-55478-0089.fits 
On File: spec-3668-55478-0090.fits 
On File: spec-3668-55478-0091.fits 
On File: spec-3668-55478-0092.fits 
On File: spec-3668-55478-0093.fits 
On File: spec-3668-55478-0094.fits 
On File: spec-3668-55478-0095.fits 
On File: spec-3668-55478-0096.fits 
On File: spec-3668-55478-0097.fits 
On File: spec-3668-55478-0098.fits 
On File: spec-3668-55478-0099.fits 
On File: spec-3668-55478-0100.fits 
On File: spec-3668-55478-0101.fits 
On File: spec-3668-55478-0102.fits 
On File: spec-3668-55478-0103.fits 
On File: spec-3668-55478-0104.fits 
On File: spec-3668-55478-0105.fits 
On File: spec-3668-55478-0106.fits 
On File: spec-3668-55478-0107.fits 
On File: spec-3668-55478-0108.fits 
On File: spec-3668-55478-0109.fits 
On File: spec-3668-55478-0110.fits 
On File: spec-3668-55478-0111.fits 
On File: spec-3668-55478-0112.fits 
On File: spec-3668-55478-0113.fits 
On File: spec-3668-55478-0114.fits 
On File: spec-3668-55478-0115.fits 
On File: spec-3668-55478-0116.fits 
On File: spec-3668-55478-0117.fits 
On File: spec-3668-55478-0118.fits 
On File: spec-3668-55478-0119.fits 
On File: spec-3668-55478-0120.fits 
On File: spec-3668-55478-0121.fits 
On File: spec-3668-55478-0122.fits 
On File: spec-3668-55478-0123.fits 
On File: spec-3668-55478-0124.fits 
On File: spec-3668-55478-0125.fits 
On File: spec-3668-55478-0126.fits 
On File: spec-3668-55478-0127.fits 
On File: spec-3668-55478-0128.fits 
On File: spec-3668-55478-0129.fits 
On File: spec-3668-55478-0130.fits 
On File: spec-3668-55478-0131.fits 
On File: spec-3668-55478-0132.fits 
On File: spec-3668-55478-0133.fits 
On File: spec-3668-55478-0134.fits 
On File: spec-3668-55478-0135.fits 
On File: spec-3668-55478-0136.fits 
On File: spec-3668-55478-0137.fits 
On File: spec-3668-55478-0138.fits 
On File: spec-3668-55478-0139.fits 
On File: spec-3668-55478-0140.fits 
On File: spec-3668-55478-0141.fits 
On File: spec-3668-55478-0142.fits 
On File: spec-3668-55478-0143.fits 
On File: spec-3668-55478-0144.fits 
On File: spec-3668-55478-0145.fits 
On File: spec-3668-55478-0146.fits 
On File: spec-3668-55478-0147.fits 
On File: spec-3668-55478-0148.fits 
On File: spec-3668-55478-0149.fits 
On File: spec-3668-55478-0150.fits 
On File: spec-3668-55478-0151.fits 
On File: spec-3668-55478-0152.fits 
On File: spec-3668-55478-0153.fits 
On File: spec-3668-55478-0154.fits 
On File: spec-3668-55478-0155.fits 
On File: spec-3668-55478-0156.fits 
On File: spec-3668-55478-0157.fits 
On File: spec-3668-55478-0158.fits 
On File: spec-3668-55478-0159.fits 
On File: spec-3668-55478-0160.fits 
On File: spec-3668-55478-0161.fits 
On File: spec-3668-55478-0162.fits 
On File: spec-3668-55478-0163.fits 
On File: spec-3668-55478-0164.fits 
On File: spec-3668-55478-0165.fits 
On File: spec-3668-55478-0166.fits 
On File: spec-3668-55478-0167.fits 
On File: spec-3668-55478-0168.fits 
On File: spec-3668-55478-0169.fits 
On File: spec-3668-55478-0170.fits 
On File: spec-3668-55478-0171.fits 
On File: spec-3668-55478-0172.fits 
On File: spec-3668-55478-0173.fits 
On File: spec-3668-55478-0174.fits 
On File: spec-3668-55478-0175.fits 
On File: spec-3668-55478-0176.fits 
On File: spec-3668-55478-0177.fits 
On File: spec-3668-55478-0178.fits 
On File: spec-3668-55478-0179.fits 
On File: spec-3668-55478-0180.fits 
On File: spec-3668-55478-0181.fits 
On File: spec-3668-55478-0182.fits 
On File: spec-3668-55478-0183.fits 
On File: spec-3668-55478-0184.fits 
On File: spec-3668-55478-0185.fits 
On File: spec-3668-55478-0186.fits 
On File: spec-3668-55478-0187.fits 
On File: spec-3668-55478-0188.fits 
On File: spec-3668-55478-0189.fits 
On File: spec-3668-55478-0190.fits 
On File: spec-3668-55478-0191.fits 
On File: spec-3668-55478-0192.fits 
On File: spec-3668-55478-0193.fits 
On File: spec-3668-55478-0194.fits 
On File: spec-3668-55478-0195.fits 
On File: spec-3668-55478-0196.fits 
On File: spec-3668-55478-0197.fits 
On File: spec-3668-55478-0198.fits 
On File: spec-3668-55478-0199.fits 
On File: spec-3668-55478-0200.fits 
On File: spec-3668-55478-0201.fits 
On File: spec-3668-55478-0202.fits 
On File: spec-3668-55478-0203.fits 
On File: spec-3668-55478-0204.fits 
On File: spec-3668-55478-0205.fits 
On File: spec-3668-55478-0206.fits 
On File: spec-3668-55478-0207.fits 
On File: spec-3668-55478-0208.fits 
On File: spec-3668-55478-0209.fits 
On File: spec-3668-55478-0210.fits 
On File: spec-3668-55478-0211.fits 
On File: spec-3668-55478-0212.fits 
On File: spec-3668-55478-0213.fits 
On File: spec-3668-55478-0214.fits 
On File: spec-3668-55478-0215.fits 
On File: spec-3668-55478-0216.fits 
On File: spec-3668-55478-0217.fits 
On File: spec-3668-55478-0218.fits 
On File: spec-3668-55478-0219.fits 
On File: spec-3668-55478-0220.fits 
On File: spec-3668-55478-0221.fits 
On File: spec-3668-55478-0222.fits 
On File: spec-3668-55478-0223.fits 
On File: spec-3668-55478-0224.fits 
On File: spec-3668-55478-0225.fits 
On File: spec-3668-55478-0226.fits 
On File: spec-3668-55478-0227.fits 
On File: spec-3668-55478-0228.fits 
On File: spec-3668-55478-0229.fits 
On File: spec-3668-55478-0230.fits 
On File: spec-3668-55478-0231.fits 
On File: spec-3668-55478-0232.fits 
On File: spec-3668-55478-0233.fits 
On File: spec-3668-55478-0234.fits 
On File: spec-3668-55478-0235.fits 
On File: spec-3668-55478-0236.fits 
On File: spec-3668-55478-0237.fits 
On File: spec-3668-55478-0238.fits 
On File: spec-3668-55478-0239.fits 
On File: spec-3668-55478-0240.fits 
On File: spec-3668-55478-0241.fits 
On File: spec-3668-55478-0242.fits 
On File: spec-3668-55478-0243.fits 
On File: spec-3668-55478-0244.fits 
On File: spec-3668-55478-0245.fits 
On File: spec-3668-55478-0246.fits 
On File: spec-3668-55478-0247.fits 
On File: spec-3668-55478-0248.fits 
On File: spec-3668-55478-0249.fits 
On File: spec-3668-55478-0250.fits 
On File: spec-3668-55478-0251.fits 
On File: spec-3668-55478-0252.fits 
On File: spec-3668-55478-0253.fits 
On File: spec-3668-55478-0254.fits 
On File: spec-3668-55478-0255.fits 
On File: spec-3668-55478-0256.fits 
On File: spec-3668-55478-0257.fits 
On File: spec-3668-55478-0258.fits 
On File: spec-3668-55478-0259.fits 
On File: spec-3668-55478-0260.fits 
On File: spec-3668-55478-0261.fits 
On File: spec-3668-55478-0262.fits 
On File: spec-3668-55478-0263.fits 
On File: spec-3668-55478-0264.fits 
On File: spec-3668-55478-0265.fits 
On File: spec-3668-55478-0266.fits 
On File: spec-3668-55478-0267.fits 
On File: spec-3668-55478-0268.fits 
On File: spec-3668-55478-0269.fits 
On File: spec-3668-55478-0270.fits 
On File: spec-3668-55478-0271.fits 
On File: spec-3668-55478-0272.fits 
On File: spec-3668-55478-0273.fits 
On File: spec-3668-55478-0274.fits 
On File: spec-3668-55478-0275.fits 
On File: spec-3668-55478-0276.fits 
On File: spec-3668-55478-0277.fits 
On File: spec-3668-55478-0278.fits 
On File: spec-3668-55478-0279.fits 
On File: spec-3668-55478-0280.fits 
On File: spec-3668-55478-0281.fits 
On File: spec-3668-55478-0282.fits 
On File: spec-3668-55478-0283.fits 
On File: spec-3668-55478-0284.fits 
On File: spec-3668-55478-0285.fits 
On File: spec-3668-55478-0286.fits 
On File: spec-3668-55478-0287.fits 
On File: spec-3668-55478-0288.fits 
On File: spec-3668-55478-0289.fits 
On File: spec-3668-55478-0290.fits 
On File: spec-3668-55478-0291.fits 
On File: spec-3668-55478-0292.fits 
On File: spec-3668-55478-0293.fits 
On File: spec-3668-55478-0294.fits 
On File: spec-3668-55478-0295.fits 
On File: spec-3668-55478-0296.fits 
On File: spec-3668-55478-0297.fits 
On File: spec-3668-55478-0298.fits 
On File: spec-3668-55478-0299.fits 
On File: spec-3668-55478-0300.fits 
On File: spec-3668-55478-0301.fits 
On File: spec-3668-55478-0302.fits 
On File: spec-3668-55478-0303.fits 
On File: spec-3668-55478-0304.fits 
On File: spec-3668-55478-0305.fits 
On File: spec-3668-55478-0306.fits 
On File: spec-3668-55478-0307.fits 
On File: spec-3668-55478-0308.fits 
On File: spec-3668-55478-0309.fits 
On File: spec-3668-55478-0310.fits 
On File: spec-3668-55478-0311.fits 
On File: spec-3668-55478-0312.fits 
On File: spec-3668-55478-0313.fits 
On File: spec-3668-55478-0314.fits 
On File: spec-3668-55478-0315.fits 
On File: spec-3668-55478-0316.fits 
On File: spec-3668-55478-0317.fits 
On File: spec-3668-55478-0318.fits 
On File: spec-3668-55478-0319.fits 
On File: spec-3668-55478-0320.fits 
On File: spec-3668-55478-0321.fits 
On File: spec-3668-55478-0322.fits 
On File: spec-3668-55478-0323.fits 
On File: spec-3668-55478-0324.fits 
On File: spec-3668-55478-0325.fits 
On File: spec-3668-55478-0326.fits 
On File: spec-3668-55478-0327.fits 
On File: spec-3668-55478-0328.fits 
On File: spec-3668-55478-0329.fits 
On File: spec-3668-55478-0330.fits 
On File: spec-3668-55478-0331.fits 
On File: spec-3668-55478-0332.fits 
On File: spec-3668-55478-0333.fits 
On File: spec-3668-55478-0334.fits 
On File: spec-3668-55478-0335.fits 
On File: spec-3668-55478-0336.fits 
On File: spec-3668-55478-0337.fits 
On File: spec-3668-55478-0338.fits 
On File: spec-3668-55478-0339.fits 
On File: spec-3668-55478-0340.fits 
On File: spec-3668-55478-0341.fits 
On File: spec-3668-55478-0342.fits 
On File: spec-3668-55478-0343.fits 
On File: spec-3668-55478-0344.fits 
On File: spec-3668-55478-0345.fits 
On File: spec-3668-55478-0346.fits 
On File: spec-3668-55478-0347.fits 
On File: spec-3668-55478-0348.fits 
On File: spec-3668-55478-0349.fits 
On File: spec-3668-55478-0350.fits 
On File: spec-3668-55478-0351.fits 
On File: spec-3668-55478-0352.fits 
On File: spec-3668-55478-0353.fits 
On File: spec-3668-55478-0354.fits 
On File: spec-3668-55478-0355.fits 
On File: spec-3668-55478-0356.fits 
On File: spec-3668-55478-0357.fits 
On File: spec-3668-55478-0358.fits 
On File: spec-3668-55478-0359.fits 
On File: spec-3668-55478-0360.fits 
On File: spec-3668-55478-0361.fits 
On File: spec-3668-55478-0362.fits 
On File: spec-3668-55478-0363.fits 
On File: spec-3668-55478-0364.fits 
On File: spec-3668-55478-0365.fits 
On File: spec-3668-55478-0366.fits 
On File: spec-3668-55478-0367.fits 
On File: spec-3668-55478-0368.fits 
On File: spec-3668-55478-0369.fits 
On File: spec-3668-55478-0370.fits 
On File: spec-3668-55478-0371.fits 
On File: spec-3668-55478-0372.fits 
On File: spec-3668-55478-0373.fits 
On File: spec-3668-55478-0374.fits 
On File: spec-3668-55478-0375.fits 
On File: spec-3668-55478-0376.fits 
On File: spec-3668-55478-0377.fits 
On File: spec-3668-55478-0378.fits 
On File: spec-3668-55478-0379.fits 
On File: spec-3668-55478-0380.fits 
On File: spec-3668-55478-0381.fits 
On File: spec-3668-55478-0382.fits 
On File: spec-3668-55478-0383.fits 
On File: spec-3668-55478-0384.fits 
On File: spec-3668-55478-0385.fits 
On File: spec-3668-55478-0386.fits 
On File: spec-3668-55478-0387.fits 
On File: spec-3668-55478-0388.fits 
On File: spec-3668-55478-0389.fits 
On File: spec-3668-55478-0390.fits 
On File: spec-3668-55478-0391.fits 
On File: spec-3668-55478-0392.fits 
On File: spec-3668-55478-0393.fits 
On File: spec-3668-55478-0394.fits 
On File: spec-3668-55478-0395.fits 
On File: spec-3668-55478-0396.fits 
On File: spec-3668-55478-0397.fits 
On File: spec-3668-55478-0398.fits 
On File: spec-3668-55478-0399.fits 
On File: spec-3668-55478-0400.fits 
On File: spec-3668-55478-0401.fits 
On File: spec-3668-55478-0402.fits 
On File: spec-3668-55478-0403.fits 
On File: spec-3668-55478-0404.fits 
On File: spec-3668-55478-0405.fits 
On File: spec-3668-55478-0406.fits 
On File: spec-3668-55478-0407.fits 
On File: spec-3668-55478-0408.fits 
On File: spec-3668-55478-0409.fits 
On File: spec-3668-55478-0410.fits 
On File: spec-3668-55478-0411.fits 
On File: spec-3668-55478-0412.fits 
On File: spec-3668-55478-0413.fits 
On File: spec-3668-55478-0414.fits 
On File: spec-3668-55478-0415.fits 
On File: spec-3668-55478-0416.fits 
On File: spec-3668-55478-0417.fits 
On File: spec-3668-55478-0418.fits 
On File: spec-3668-55478-0419.fits 
On File: spec-3668-55478-0420.fits 
On File: spec-3668-55478-0421.fits 
On File: spec-3668-55478-0422.fits 
On File: spec-3668-55478-0423.fits 
On File: spec-3668-55478-0424.fits 
On File: spec-3668-55478-0425.fits 
On File: spec-3668-55478-0426.fits 
On File: spec-3668-55478-0427.fits 
On File: spec-3668-55478-0428.fits 
On File: spec-3668-55478-0429.fits 
On File: spec-3668-55478-0430.fits 
On File: spec-3668-55478-0431.fits 
On File: spec-3668-55478-0432.fits 
On File: spec-3668-55478-0433.fits 
On File: spec-3668-55478-0434.fits 
On File: spec-3668-55478-0435.fits 
On File: spec-3668-55478-0436.fits 
On File: spec-3668-55478-0437.fits 
On File: spec-3668-55478-0438.fits 
On File: spec-3668-55478-0439.fits 
On File: spec-3668-55478-0440.fits 
On File: spec-3668-55478-0441.fits 
On File: spec-3668-55478-0442.fits 
On File: spec-3668-55478-0443.fits 
On File: spec-3668-55478-0444.fits 
On File: spec-3668-55478-0445.fits 
On File: spec-3668-55478-0446.fits 
On File: spec-3668-55478-0447.fits 
On File: spec-3668-55478-0448.fits 
On File: spec-3668-55478-0449.fits 
On File: spec-3668-55478-0450.fits 
On File: spec-3668-55478-0451.fits 
On File: spec-3668-55478-0452.fits 
On File: spec-3668-55478-0453.fits 
On File: spec-3668-55478-0454.fits 
On File: spec-3668-55478-0455.fits 
On File: spec-3668-55478-0456.fits 
On File: spec-3668-55478-0457.fits 
On File: spec-3668-55478-0458.fits 
On File: spec-3668-55478-0459.fits 
On File: spec-3668-55478-0460.fits 
On File: spec-3668-55478-0461.fits 
On File: spec-3668-55478-0462.fits 
On File: spec-3668-55478-0463.fits 
On File: spec-3668-55478-0464.fits 
On File: spec-3668-55478-0465.fits 
On File: spec-3668-55478-0466.fits 
On File: spec-3668-55478-0467.fits 
On File: spec-3668-55478-0468.fits 
On File: spec-3668-55478-0469.fits 
On File: spec-3668-55478-0470.fits 
On File: spec-3668-55478-0471.fits 
On File: spec-3668-55478-0472.fits 
On File: spec-3668-55478-0473.fits 
On File: spec-3668-55478-0474.fits 
On File: spec-3668-55478-0475.fits 
On File: spec-3668-55478-0476.fits 
On File: spec-3668-55478-0477.fits 
On File: spec-3668-55478-0478.fits 
On File: spec-3668-55478-0479.fits 
On File: spec-3668-55478-0480.fits 
On File: spec-3668-55478-0481.fits 
On File: spec-3668-55478-0482.fits 
On File: spec-3668-55478-0483.fits 
On File: spec-3668-55478-0484.fits 
On File: spec-3668-55478-0485.fits 
On File: spec-3668-55478-0486.fits 
On File: spec-3668-55478-0487.fits 
On File: spec-3668-55478-0488.fits 
On File: spec-3668-55478-0489.fits 
On File: spec-3668-55478-0490.fits 
On File: spec-3668-55478-0491.fits 
On File: spec-3668-55478-0492.fits 
On File: spec-3668-55478-0493.fits 
On File: spec-3668-55478-0494.fits 
On File: spec-3668-55478-0495.fits 
On File: spec-3668-55478-0496.fits 
On File: spec-3668-55478-0497.fits 
On File: spec-3668-55478-0498.fits 
On File: spec-3668-55478-0499.fits 
On File: spec-3668-55478-0500.fits 
On File: spec-3668-55478-0501.fits 
On File: spec-3668-55478-0502.fits 
On File: spec-3668-55478-0503.fits 
On File: spec-3668-55478-0504.fits 
On File: spec-3668-55478-0505.fits 
On File: spec-3668-55478-0506.fits 
On File: spec-3668-55478-0507.fits 
On File: spec-3668-55478-0508.fits 
On File: spec-3668-55478-0509.fits 
On File: spec-3668-55478-0510.fits 
On File: spec-3668-55478-0511.fits 
On File: spec-3668-55478-0512.fits 
On File: spec-3668-55478-0513.fits 
On File: spec-3668-55478-0514.fits 
On File: spec-3668-55478-0515.fits 
On File: spec-3668-55478-0516.fits 
On File: spec-3668-55478-0517.fits 
On File: spec-3668-55478-0518.fits 
On File: spec-3668-55478-0519.fits 
On File: spec-3668-55478-0520.fits 
On File: spec-3668-55478-0521.fits 
On File: spec-3668-55478-0522.fits 
On File: spec-3668-55478-0523.fits 
On File: spec-3668-55478-0524.fits 
On File: spec-3668-55478-0525.fits 
On File: spec-3668-55478-0526.fits 
On File: spec-3668-55478-0527.fits 
On File: spec-3668-55478-0528.fits 
On File: spec-3668-55478-0529.fits 
On File: spec-3668-55478-0530.fits 
On File: spec-3668-55478-0531.fits 
On File: spec-3668-55478-0532.fits 
On File: spec-3668-55478-0533.fits 
On File: spec-3668-55478-0534.fits 
On File: spec-3668-55478-0535.fits 
On File: spec-3668-55478-0536.fits 
On File: spec-3668-55478-0537.fits 
On File: spec-3668-55478-0538.fits 
On File: spec-3668-55478-0539.fits 
On File: spec-3668-55478-0540.fits 
On File: spec-3668-55478-0541.fits 
On File: spec-3668-55478-0542.fits 
On File: spec-3668-55478-0543.fits 
On File: spec-3668-55478-0544.fits 
On File: spec-3668-55478-0545.fits 
On File: spec-3668-55478-0546.fits 
On File: spec-3668-55478-0547.fits 
On File: spec-3668-55478-0548.fits 
On File: spec-3668-55478-0549.fits 
On File: spec-3668-55478-0550.fits 
On File: spec-3668-55478-0551.fits 
On File: spec-3668-55478-0552.fits 
On File: spec-3668-55478-0553.fits 
On File: spec-3668-55478-0554.fits 
On File: spec-3668-55478-0555.fits 
On File: spec-3668-55478-0556.fits 
On File: spec-3668-55478-0557.fits 
On File: spec-3668-55478-0558.fits 
On File: spec-3668-55478-0559.fits 
On File: spec-3668-55478-0560.fits 
On File: spec-3668-55478-0561.fits 
On File: spec-3668-55478-0562.fits 
On File: spec-3668-55478-0563.fits 
On File: spec-3668-55478-0564.fits 
On File: spec-3668-55478-0565.fits 
On File: spec-3668-55478-0566.fits 
On File: spec-3668-55478-0567.fits 
On File: spec-3668-55478-0568.fits 
On File: spec-3668-55478-0569.fits 
On File: spec-3668-55478-0570.fits 
On File: spec-3668-55478-0571.fits 
On File: spec-3668-55478-0572.fits 
On File: spec-3668-55478-0573.fits 
On File: spec-3668-55478-0574.fits 
On File: spec-3668-55478-0575.fits 
On File: spec-3668-55478-0576.fits 
On File: spec-3668-55478-0577.fits 
On File: spec-3668-55478-0578.fits 
On File: spec-3668-55478-0579.fits 
On File: spec-3668-55478-0580.fits 
On File: spec-3668-55478-0581.fits 
On File: spec-3668-55478-0582.fits 
On File: spec-3668-55478-0583.fits 
On File: spec-3668-55478-0584.fits 
On File: spec-3668-55478-0585.fits 
On File: spec-3668-55478-0586.fits 
On File: spec-3668-55478-0587.fits 
On File: spec-3668-55478-0588.fits 
On File: spec-3668-55478-0589.fits 
On File: spec-3668-55478-0590.fits 
On File: spec-3668-55478-0591.fits 
On File: spec-3668-55478-0592.fits 
On File: spec-3668-55478-0593.fits 
On File: spec-3668-55478-0594.fits 
On File: spec-3668-55478-0595.fits 
On File: spec-3668-55478-0596.fits 
On File: spec-3668-55478-0597.fits 
On File: spec-3668-55478-0598.fits 
On File: spec-3668-55478-0599.fits 
On File: spec-3668-55478-0600.fits 
On File: spec-3668-55478-0601.fits 
On File: spec-3668-55478-0602.fits 
On File: spec-3668-55478-0603.fits 
On File: spec-3668-55478-0604.fits 
On File: spec-3668-55478-0605.fits 
On File: spec-3668-55478-0606.fits 
On File: spec-3668-55478-0607.fits 
On File: spec-3668-55478-0608.fits 
On File: spec-3668-55478-0609.fits 
On File: spec-3668-55478-0610.fits 
On File: spec-3668-55478-0611.fits 
On File: spec-3668-55478-0612.fits 
On File: spec-3668-55478-0613.fits 
On File: spec-3668-55478-0614.fits 
On File: spec-3668-55478-0615.fits 
On File: spec-3668-55478-0616.fits 
On File: spec-3668-55478-0617.fits 
On File: spec-3668-55478-0618.fits 
On File: spec-3668-55478-0619.fits 
On File: spec-3668-55478-0620.fits 
On File: spec-3668-55478-0621.fits 
On File: spec-3668-55478-0622.fits 
On File: spec-3668-55478-0623.fits 
On File: spec-3668-55478-0624.fits 
On File: spec-3668-55478-0625.fits 
On File: spec-3668-55478-0626.fits 
On File: spec-3668-55478-0627.fits 
On File: spec-3668-55478-0628.fits 
On File: spec-3668-55478-0629.fits 
On File: spec-3668-55478-0630.fits 
On File: spec-3668-55478-0631.fits 
On File: spec-3668-55478-0632.fits 
On File: spec-3668-55478-0633.fits 
On File: spec-3668-55478-0634.fits 
On File: spec-3668-55478-0635.fits 
On File: spec-3668-55478-0636.fits 
On File: spec-3668-55478-0637.fits 
On File: spec-3668-55478-0638.fits 
On File: spec-3668-55478-0639.fits 
On File: spec-3668-55478-0640.fits 
On File: spec-3668-55478-0641.fits 
On File: spec-3668-55478-0642.fits 
On File: spec-3668-55478-0643.fits 
On File: spec-3668-55478-0644.fits 
On File: spec-3668-55478-0645.fits 
On File: spec-3668-55478-0646.fits 
On File: spec-3668-55478-0647.fits 
On File: spec-3668-55478-0648.fits 
On File: spec-3668-55478-0649.fits 
On File: spec-3668-55478-0650.fits 
On File: spec-3668-55478-0651.fits 
On File: spec-3668-55478-0652.fits 
On File: spec-3668-55478-0653.fits 
On File: spec-3668-55478-0654.fits 
On File: spec-3668-55478-0655.fits 
On File: spec-3668-55478-0656.fits 
On File: spec-3668-55478-0657.fits 
On File: spec-3668-55478-0658.fits 
On File: spec-3668-55478-0659.fits 
On File: spec-3668-55478-0660.fits 
On File: spec-3668-55478-0661.fits 
On File: spec-3668-55478-0662.fits 
On File: spec-3668-55478-0663.fits 
On File: spec-3668-55478-0664.fits 
On File: spec-3668-55478-0665.fits 
On File: spec-3668-55478-0666.fits 
On File: spec-3668-55478-0667.fits 
On File: spec-3668-55478-0668.fits 
On File: spec-3668-55478-0669.fits 
On File: spec-3668-55478-0670.fits 
On File: spec-3668-55478-0671.fits 
On File: spec-3668-55478-0672.fits 
On File: spec-3668-55478-0673.fits 
On File: spec-3668-55478-0674.fits 
On File: spec-3668-55478-0675.fits 
On File: spec-3668-55478-0676.fits 
On File: spec-3668-55478-0677.fits 
On File: spec-3668-55478-0678.fits 
On File: spec-3668-55478-0679.fits 
On File: spec-3668-55478-0680.fits 
On File: spec-3668-55478-0681.fits 
On File: spec-3668-55478-0682.fits 
On File: spec-3668-55478-0683.fits 
On File: spec-3668-55478-0684.fits 
On File: spec-3668-55478-0685.fits 
On File: spec-3668-55478-0686.fits 
On File: spec-3668-55478-0687.fits 
On File: spec-3668-55478-0688.fits 
On File: spec-3668-55478-0689.fits 
On File: spec-3668-55478-0690.fits 
On File: spec-3668-55478-0691.fits 
On File: spec-3668-55478-0692.fits 
On File: spec-3668-55478-0693.fits 
On File: spec-3668-55478-0694.fits 
On File: spec-3668-55478-0695.fits 
On File: spec-3668-55478-0696.fits 
On File: spec-3668-55478-0697.fits 
On File: spec-3668-55478-0698.fits 
On File: spec-3668-55478-0699.fits 
On File: spec-3668-55478-0700.fits 
On File: spec-3668-55478-0701.fits 
On File: spec-3668-55478-0702.fits 
On File: spec-3668-55478-0703.fits 
On File: spec-3668-55478-0704.fits 
On File: spec-3668-55478-0705.fits 
On File: spec-3668-55478-0706.fits 
On File: spec-3668-55478-0707.fits 
On File: spec-3668-55478-0708.fits 
On File: spec-3668-55478-0709.fits 
On File: spec-3668-55478-0710.fits 
On File: spec-3668-55478-0711.fits 
On File: spec-3668-55478-0712.fits 
On File: spec-3668-55478-0713.fits 
On File: spec-3668-55478-0714.fits 
On File: spec-3668-55478-0715.fits 
On File: spec-3668-55478-0716.fits 
On File: spec-3668-55478-0717.fits 
On File: spec-3668-55478-0718.fits 
On File: spec-3668-55478-0719.fits 
On File: spec-3668-55478-0720.fits 
On File: spec-3668-55478-0721.fits 
On File: spec-3668-55478-0722.fits 
On File: spec-3668-55478-0723.fits 
On File: spec-3668-55478-0724.fits 
On File: spec-3668-55478-0725.fits 
On File: spec-3668-55478-0726.fits 
On File: spec-3668-55478-0727.fits 
On File: spec-3668-55478-0728.fits 
On File: spec-3668-55478-0729.fits 
On File: spec-3668-55478-0730.fits 
On File: spec-3668-55478-0731.fits 
On File: spec-3668-55478-0732.fits 
On File: spec-3668-55478-0733.fits 
On File: spec-3668-55478-0734.fits 
On File: spec-3668-55478-0735.fits 
On File: spec-3668-55478-0736.fits 
On File: spec-3668-55478-0737.fits 
On File: spec-3668-55478-0738.fits 
On File: spec-3668-55478-0739.fits 
On File: spec-3668-55478-0740.fits 
On File: spec-3668-55478-0741.fits 
On File: spec-3668-55478-0742.fits 
On File: spec-3668-55478-0743.fits 
On File: spec-3668-55478-0744.fits 
On File: spec-3668-55478-0745.fits 
On File: spec-3668-55478-0746.fits 
On File: spec-3668-55478-0747.fits 
On File: spec-3668-55478-0748.fits 
On File: spec-3668-55478-0749.fits 
On File: spec-3668-55478-0750.fits 
On File: spec-3668-55478-0751.fits 
On File: spec-3668-55478-0752.fits 
On File: spec-3668-55478-0753.fits 
On File: spec-3668-55478-0754.fits 
On File: spec-3668-55478-0755.fits 
On File: spec-3668-55478-0756.fits 
On File: spec-3668-55478-0757.fits 
On File: spec-3668-55478-0758.fits 
On File: spec-3668-55478-0759.fits 
On File: spec-3668-55478-0760.fits 
On File: spec-3668-55478-0761.fits 
On File: spec-3668-55478-0762.fits 
On File: spec-3668-55478-0763.fits 
On File: spec-3668-55478-0764.fits 
On File: spec-3668-55478-0765.fits 
On File: spec-3668-55478-0766.fits 
On File: spec-3668-55478-0767.fits 
On File: spec-3668-55478-0768.fits 
On File: spec-3668-55478-0769.fits 
On File: spec-3668-55478-0770.fits 
On File: spec-3668-55478-0771.fits 
On File: spec-3668-55478-0772.fits 
On File: spec-3668-55478-0773.fits 
On File: spec-3668-55478-0774.fits 
On File: spec-3668-55478-0775.fits 
On File: spec-3668-55478-0776.fits 
On File: spec-3668-55478-0777.fits 
On File: spec-3668-55478-0778.fits 
On File: spec-3668-55478-0779.fits 
On File: spec-3668-55478-0780.fits 
On File: spec-3668-55478-0781.fits 
On File: spec-3668-55478-0782.fits 
On File: spec-3668-55478-0783.fits 
On File: spec-3668-55478-0784.fits 
On File: spec-3668-55478-0785.fits 
On File: spec-3668-55478-0786.fits 
On File: spec-3668-55478-0787.fits 
On File: spec-3668-55478-0788.fits 
On File: spec-3668-55478-0789.fits 
On File: spec-3668-55478-0790.fits 
On File: spec-3668-55478-0791.fits 
On File: spec-3668-55478-0792.fits 
On File: spec-3668-55478-0793.fits 
On File: spec-3668-55478-0794.fits 
On File: spec-3668-55478-0795.fits 
On File: spec-3668-55478-0796.fits 
On File: spec-3668-55478-0797.fits 
On File: spec-3668-55478-0798.fits 
On File: spec-3668-55478-0799.fits 
On File: spec-3668-55478-0800.fits 
On File: spec-3668-55478-0801.fits 
On File: spec-3668-55478-0802.fits 
On File: spec-3668-55478-0803.fits 
On File: spec-3668-55478-0804.fits 
On File: spec-3668-55478-0805.fits 
On File: spec-3668-55478-0806.fits 
On File: spec-3668-55478-0807.fits 
On File: spec-3668-55478-0808.fits 
On File: spec-3668-55478-0809.fits 
On File: spec-3668-55478-0810.fits 
On File: spec-3668-55478-0811.fits 
On File: spec-3668-55478-0812.fits 
On File: spec-3668-55478-0813.fits 
On File: spec-3668-55478-0814.fits 
On File: spec-3668-55478-0815.fits 
On File: spec-3668-55478-0816.fits 
On File: spec-3668-55478-0817.fits 
On File: spec-3668-55478-0818.fits 
On File: spec-3668-55478-0819.fits 
On File: spec-3668-55478-0820.fits 
On File: spec-3668-55478-0821.fits 
On File: spec-3668-55478-0822.fits 
On File: spec-3668-55478-0823.fits 
On File: spec-3668-55478-0824.fits 
On File: spec-3668-55478-0825.fits 
On File: spec-3668-55478-0826.fits 
On File: spec-3668-55478-0827.fits 
On File: spec-3668-55478-0828.fits 
On File: spec-3668-55478-0829.fits 
On File: spec-3668-55478-0830.fits 
On File: spec-3668-55478-0831.fits 
On File: spec-3668-55478-0832.fits 
On File: spec-3668-55478-0833.fits 
On File: spec-3668-55478-0834.fits 
On File: spec-3668-55478-0835.fits 
On File: spec-3668-55478-0836.fits 
On File: spec-3668-55478-0837.fits 
On File: spec-3668-55478-0838.fits 
On File: spec-3668-55478-0839.fits 
On File: spec-3668-55478-0840.fits 
On File: spec-3668-55478-0841.fits 
On File: spec-3668-55478-0842.fits 
On File: spec-3668-55478-0843.fits 
On File: spec-3668-55478-0844.fits 
On File: spec-3668-55478-0845.fits 
On File: spec-3668-55478-0846.fits 
On File: spec-3668-55478-0847.fits 
On File: spec-3668-55478-0848.fits 
On File: spec-3668-55478-0849.fits 
On File: spec-3668-55478-0850.fits 
On File: spec-3668-55478-0851.fits 
On File: spec-3668-55478-0852.fits 
On File: spec-3668-55478-0853.fits 
On File: spec-3668-55478-0854.fits 
On File: spec-3668-55478-0855.fits 
On File: spec-3668-55478-0856.fits 
On File: spec-3668-55478-0857.fits 
On File: spec-3668-55478-0858.fits 
On File: spec-3668-55478-0859.fits 
On File: spec-3668-55478-0860.fits 
On File: spec-3668-55478-0861.fits 
On File: spec-3668-55478-0862.fits 
On File: spec-3668-55478-0863.fits 
On File: spec-3668-55478-0864.fits 
On File: spec-3668-55478-0865.fits 
On File: spec-3668-55478-0866.fits 
On File: spec-3668-55478-0867.fits 
On File: spec-3668-55478-0868.fits 
On File: spec-3668-55478-0869.fits 
On File: spec-3668-55478-0870.fits 
On File: spec-3668-55478-0871.fits 
On File: spec-3668-55478-0872.fits 
On File: spec-3668-55478-0873.fits 
On File: spec-3668-55478-0874.fits 
On File: spec-3668-55478-0875.fits 
On File: spec-3668-55478-0876.fits 
On File: spec-3668-55478-0877.fits 
On File: spec-3668-55478-0878.fits 
On File: spec-3668-55478-0879.fits 
On File: spec-3668-55478-0880.fits 
On File: spec-3668-55478-0881.fits 
On File: spec-3668-55478-0882.fits 
On File: spec-3668-55478-0883.fits 
On File: spec-3668-55478-0884.fits 
On File: spec-3668-55478-0885.fits 
On File: spec-3668-55478-0886.fits 
On File: spec-3668-55478-0887.fits 
On File: spec-3668-55478-0888.fits 
On File: spec-3668-55478-0889.fits 
On File: spec-3668-55478-0890.fits 
On File: spec-3668-55478-0891.fits 
On File: spec-3668-55478-0892.fits 
On File: spec-3668-55478-0893.fits 
On File: spec-3668-55478-0894.fits 
On File: spec-3668-55478-0895.fits 
On File: spec-3668-55478-0896.fits 
On File: spec-3668-55478-0897.fits 
On File: spec-3668-55478-0898.fits 
On File: spec-3668-55478-0899.fits 
On File: spec-3668-55478-0900.fits 
On File: spec-3668-55478-0901.fits 
On File: spec-3668-55478-0902.fits 
On File: spec-3668-55478-0903.fits 
On File: spec-3668-55478-0904.fits 
On File: spec-3668-55478-0905.fits 
On File: spec-3668-55478-0906.fits 
On File: spec-3668-55478-0907.fits 
On File: spec-3668-55478-0908.fits 
On File: spec-3668-55478-0909.fits 
On File: spec-3668-55478-0910.fits 
On File: spec-3668-55478-0911.fits 
On File: spec-3668-55478-0912.fits 
On File: spec-3668-55478-0913.fits 
On File: spec-3668-55478-0914.fits 
On File: spec-3668-55478-0915.fits 
On File: spec-3668-55478-0916.fits 
On File: spec-3668-55478-0917.fits 
On File: spec-3668-55478-0918.fits 
On File: spec-3668-55478-0919.fits 
On File: spec-3668-55478-0920.fits 
On File: spec-3668-55478-0921.fits 
On File: spec-3668-55478-0922.fits 
On File: spec-3668-55478-0923.fits 
On File: spec-3668-55478-0924.fits 
On File: spec-3668-55478-0925.fits 
On File: spec-3668-55478-0926.fits 
On File: spec-3668-55478-0927.fits 
On File: spec-3668-55478-0928.fits 
On File: spec-3668-55478-0929.fits 
On File: spec-3668-55478-0930.fits 
On File: spec-3668-55478-0931.fits 
On File: spec-3668-55478-0932.fits 
On File: spec-3668-55478-0933.fits 
On File: spec-3668-55478-0934.fits 
On File: spec-3668-55478-0935.fits 
On File: spec-3668-55478-0936.fits 
On File: spec-3668-55478-0937.fits 
On File: spec-3668-55478-0938.fits 
On File: spec-3668-55478-0939.fits 
On File: spec-3668-55478-0940.fits 
On File: spec-3668-55478-0941.fits 
On File: spec-3668-55478-0942.fits 
On File: spec-3668-55478-0943.fits 
On File: spec-3668-55478-0944.fits 
On File: spec-3668-55478-0945.fits 
On File: spec-3668-55478-0946.fits 
On File: spec-3668-55478-0947.fits 
On File: spec-3668-55478-0948.fits 
On File: spec-3668-55478-0949.fits 
On File: spec-3668-55478-0950.fits 
On File: spec-3668-55478-0951.fits 
On File: spec-3668-55478-0952.fits 
On File: spec-3668-55478-0953.fits 
On File: spec-3668-55478-0954.fits 
On File: spec-3668-55478-0955.fits 
On File: spec-3668-55478-0956.fits 
On File: spec-3668-55478-0957.fits 
On File: spec-3668-55478-0958.fits 
On File: spec-3668-55478-0959.fits 
On File: spec-3668-55478-0960.fits 
On File: spec-3668-55478-0961.fits 
On File: spec-3668-55478-0962.fits 
On File: spec-3668-55478-0963.fits 
On File: spec-3668-55478-0964.fits 
On File: spec-3668-55478-0965.fits 
On File: spec-3668-55478-0966.fits 
On File: spec-3668-55478-0967.fits 
On File: spec-3668-55478-0968.fits 
On File: spec-3668-55478-0969.fits 
On File: spec-3668-55478-0970.fits 
On File: spec-3668-55478-0971.fits 
On File: spec-3668-55478-0972.fits 
On File: spec-3668-55478-0973.fits 
On File: spec-3668-55478-0974.fits 
On File: spec-3668-55478-0975.fits 
On File: spec-3668-55478-0976.fits 
On File: spec-3668-55478-0977.fits 
On File: spec-3668-55478-0978.fits 
On File: spec-3668-55478-0979.fits 
On File: spec-3668-55478-0980.fits 
On File: spec-3668-55478-0981.fits 
On File: spec-3668-55478-0982.fits 
On File: spec-3668-55478-0983.fits 
On File: spec-3668-55478-0984.fits 
On File: spec-3668-55478-0985.fits 
On File: spec-3668-55478-0986.fits 
On File: spec-3668-55478-0987.fits 
On File: spec-3668-55478-0988.fits 
On File: spec-3668-55478-0989.fits 
On File: spec-3668-55478-0990.fits 
On File: spec-3668-55478-0991.fits 
On File: spec-3668-55478-0992.fits 
On File: spec-3668-55478-0993.fits 
On File: spec-3668-55478-0994.fits 
On File: spec-3668-55478-0995.fits 
On File: spec-3668-55478-0996.fits 
On File: spec-3668-55478-0997.fits 
On File: spec-3668-55478-0998.fits 
On File: spec-3668-55478-0999.fits 
On File: spec-3668-55478-1000.fits 
[1] "Job Complete!"
