Unpacking R413.tar.gz ...
Unpacking packages_FITSio.tar.gz ...
Unpacking current *.tgz file
[1] "Initializing Console ..."
[1] "Inputing command line prompts ..."
[1] "Loading package FITSio."
[1] "Reading cB58_Lyman_break.fit ..."
[1] "Starting main process ..."
On File: spec-3691-55274-0001.fits 
On File: spec-3691-55274-0002.fits 
On File: spec-3691-55274-0003.fits 
On File: spec-3691-55274-0004.fits 
On File: spec-3691-55274-0005.fits 
On File: spec-3691-55274-0006.fits 
On File: spec-3691-55274-0007.fits 
On File: spec-3691-55274-0008.fits 
On File: spec-3691-55274-0009.fits 
On File: spec-3691-55274-0010.fits 
On File: spec-3691-55274-0011.fits 
On File: spec-3691-55274-0012.fits 
On File: spec-3691-55274-0013.fits 
On File: spec-3691-55274-0014.fits 
On File: spec-3691-55274-0015.fits 
On File: spec-3691-55274-0016.fits 
On File: spec-3691-55274-0017.fits 
On File: spec-3691-55274-0018.fits 
On File: spec-3691-55274-0019.fits 
On File: spec-3691-55274-0020.fits 
On File: spec-3691-55274-0021.fits 
On File: spec-3691-55274-0022.fits 
On File: spec-3691-55274-0023.fits 
On File: spec-3691-55274-0024.fits 
On File: spec-3691-55274-0025.fits 
On File: spec-3691-55274-0026.fits 
On File: spec-3691-55274-0027.fits 
On File: spec-3691-55274-0028.fits 
On File: spec-3691-55274-0029.fits 
On File: spec-3691-55274-0030.fits 
On File: spec-3691-55274-0031.fits 
On File: spec-3691-55274-0032.fits 
On File: spec-3691-55274-0033.fits 
On File: spec-3691-55274-0034.fits 
On File: spec-3691-55274-0035.fits 
On File: spec-3691-55274-0036.fits 
On File: spec-3691-55274-0037.fits 
On File: spec-3691-55274-0038.fits 
