Unpacking R413.tar.gz ...
Unpacking packages_FITSio.tar.gz ...
Unpacking current *.tgz file
[1] "Initializing Console ..."
[1] "Inputing command line prompts ..."
[1] "Loading package FITSio."
[1] "Reading cB58_Lyman_break.fit ..."
[1] "Starting main process ..."
On File: spec-3675-55183-0001.fits 
On File: spec-3675-55183-0002.fits 
On File: spec-3675-55183-0003.fits 
On File: spec-3675-55183-0004.fits 
On File: spec-3675-55183-0005.fits 
On File: spec-3675-55183-0006.fits 
On File: spec-3675-55183-0007.fits 
On File: spec-3675-55183-0008.fits 
On File: spec-3675-55183-0009.fits 
On File: spec-3675-55183-0010.fits 
On File: spec-3675-55183-0011.fits 
On File: spec-3675-55183-0012.fits 
On File: spec-3675-55183-0013.fits 
On File: spec-3675-55183-0014.fits 
On File: spec-3675-55183-0015.fits 
On File: spec-3675-55183-0016.fits 
On File: spec-3675-55183-0017.fits 
On File: spec-3675-55183-0018.fits 
On File: spec-3675-55183-0019.fits 
On File: spec-3675-55183-0020.fits 
On File: spec-3675-55183-0021.fits 
On File: spec-3675-55183-0022.fits 
On File: spec-3675-55183-0023.fits 
On File: spec-3675-55183-0024.fits 
On File: spec-3675-55183-0025.fits 
On File: spec-3675-55183-0026.fits 
On File: spec-3675-55183-0027.fits 
On File: spec-3675-55183-0028.fits 
On File: spec-3675-55183-0029.fits 
On File: spec-3675-55183-0030.fits 
On File: spec-3675-55183-0031.fits 
On File: spec-3675-55183-0032.fits 
On File: spec-3675-55183-0033.fits 
On File: spec-3675-55183-0034.fits 
On File: spec-3675-55183-0035.fits 
On File: spec-3675-55183-0036.fits 
On File: spec-3675-55183-0037.fits 
On File: spec-3675-55183-0038.fits 
On File: spec-3675-55183-0039.fits 
On File: spec-3675-55183-0040.fits 
On File: spec-3675-55183-0041.fits 
On File: spec-3675-55183-0042.fits 
On File: spec-3675-55183-0043.fits 
On File: spec-3675-55183-0044.fits 
On File: spec-3675-55183-0045.fits 
On File: spec-3675-55183-0046.fits 
On File: spec-3675-55183-0047.fits 
On File: spec-3675-55183-0048.fits 
On File: spec-3675-55183-0049.fits 
On File: spec-3675-55183-0050.fits 
On File: spec-3675-55183-0051.fits 
On File: spec-3675-55183-0052.fits 
On File: spec-3675-55183-0053.fits 
On File: spec-3675-55183-0054.fits 
On File: spec-3675-55183-0055.fits 
On File: spec-3675-55183-0056.fits 
On File: spec-3675-55183-0057.fits 
On File: spec-3675-55183-0058.fits 
On File: spec-3675-55183-0059.fits 
On File: spec-3675-55183-0060.fits 
On File: spec-3675-55183-0061.fits 
On File: spec-3675-55183-0062.fits 
On File: spec-3675-55183-0063.fits 
On File: spec-3675-55183-0064.fits 
On File: spec-3675-55183-0065.fits 
On File: spec-3675-55183-0066.fits 
On File: spec-3675-55183-0067.fits 
On File: spec-3675-55183-0068.fits 
On File: spec-3675-55183-0069.fits 
On File: spec-3675-55183-0070.fits 
On File: spec-3675-55183-0071.fits 
On File: spec-3675-55183-0072.fits 
On File: spec-3675-55183-0073.fits 
On File: spec-3675-55183-0074.fits 
On File: spec-3675-55183-0075.fits 
On File: spec-3675-55183-0076.fits 
On File: spec-3675-55183-0077.fits 
On File: spec-3675-55183-0078.fits 
On File: spec-3675-55183-0079.fits 
On File: spec-3675-55183-0080.fits 
On File: spec-3675-55183-0081.fits 
On File: spec-3675-55183-0082.fits 
On File: spec-3675-55183-0083.fits 
On File: spec-3675-55183-0084.fits 
On File: spec-3675-55183-0085.fits 
On File: spec-3675-55183-0086.fits 
On File: spec-3675-55183-0087.fits 
On File: spec-3675-55183-0088.fits 
On File: spec-3675-55183-0089.fits 
On File: spec-3675-55183-0090.fits 
On File: spec-3675-55183-0091.fits 
On File: spec-3675-55183-0092.fits 
On File: spec-3675-55183-0093.fits 
On File: spec-3675-55183-0094.fits 
On File: spec-3675-55183-0095.fits 
On File: spec-3675-55183-0096.fits 
On File: spec-3675-55183-0097.fits 
On File: spec-3675-55183-0098.fits 
On File: spec-3675-55183-0099.fits 
On File: spec-3675-55183-0100.fits 
On File: spec-3675-55183-0101.fits 
On File: spec-3675-55183-0102.fits 
On File: spec-3675-55183-0103.fits 
On File: spec-3675-55183-0104.fits 
On File: spec-3675-55183-0105.fits 
On File: spec-3675-55183-0106.fits 
On File: spec-3675-55183-0107.fits 
On File: spec-3675-55183-0108.fits 
On File: spec-3675-55183-0109.fits 
On File: spec-3675-55183-0110.fits 
On File: spec-3675-55183-0111.fits 
On File: spec-3675-55183-0112.fits 
On File: spec-3675-55183-0113.fits 
On File: spec-3675-55183-0114.fits 
On File: spec-3675-55183-0115.fits 
On File: spec-3675-55183-0116.fits 
On File: spec-3675-55183-0117.fits 
On File: spec-3675-55183-0118.fits 
On File: spec-3675-55183-0119.fits 
On File: spec-3675-55183-0120.fits 
On File: spec-3675-55183-0121.fits 
On File: spec-3675-55183-0122.fits 
On File: spec-3675-55183-0123.fits 
On File: spec-3675-55183-0124.fits 
On File: spec-3675-55183-0125.fits 
On File: spec-3675-55183-0126.fits 
On File: spec-3675-55183-0127.fits 
On File: spec-3675-55183-0128.fits 
On File: spec-3675-55183-0129.fits 
On File: spec-3675-55183-0130.fits 
On File: spec-3675-55183-0131.fits 
On File: spec-3675-55183-0132.fits 
On File: spec-3675-55183-0133.fits 
On File: spec-3675-55183-0134.fits 
On File: spec-3675-55183-0135.fits 
On File: spec-3675-55183-0136.fits 
On File: spec-3675-55183-0137.fits 
On File: spec-3675-55183-0138.fits 
On File: spec-3675-55183-0139.fits 
On File: spec-3675-55183-0140.fits 
On File: spec-3675-55183-0141.fits 
On File: spec-3675-55183-0142.fits 
On File: spec-3675-55183-0143.fits 
On File: spec-3675-55183-0144.fits 
On File: spec-3675-55183-0145.fits 
On File: spec-3675-55183-0146.fits 
On File: spec-3675-55183-0147.fits 
On File: spec-3675-55183-0148.fits 
On File: spec-3675-55183-0149.fits 
On File: spec-3675-55183-0150.fits 
On File: spec-3675-55183-0151.fits 
On File: spec-3675-55183-0152.fits 
On File: spec-3675-55183-0153.fits 
On File: spec-3675-55183-0154.fits 
On File: spec-3675-55183-0155.fits 
On File: spec-3675-55183-0156.fits 
On File: spec-3675-55183-0157.fits 
On File: spec-3675-55183-0158.fits 
On File: spec-3675-55183-0159.fits 
On File: spec-3675-55183-0160.fits 
On File: spec-3675-55183-0161.fits 
On File: spec-3675-55183-0162.fits 
On File: spec-3675-55183-0163.fits 
On File: spec-3675-55183-0164.fits 
On File: spec-3675-55183-0165.fits 
On File: spec-3675-55183-0166.fits 
On File: spec-3675-55183-0167.fits 
On File: spec-3675-55183-0168.fits 
On File: spec-3675-55183-0169.fits 
On File: spec-3675-55183-0170.fits 
On File: spec-3675-55183-0171.fits 
On File: spec-3675-55183-0172.fits 
On File: spec-3675-55183-0173.fits 
On File: spec-3675-55183-0174.fits 
On File: spec-3675-55183-0175.fits 
On File: spec-3675-55183-0176.fits 
On File: spec-3675-55183-0177.fits 
On File: spec-3675-55183-0178.fits 
On File: spec-3675-55183-0179.fits 
On File: spec-3675-55183-0180.fits 
On File: spec-3675-55183-0181.fits 
On File: spec-3675-55183-0182.fits 
On File: spec-3675-55183-0183.fits 
On File: spec-3675-55183-0184.fits 
On File: spec-3675-55183-0185.fits 
On File: spec-3675-55183-0186.fits 
On File: spec-3675-55183-0187.fits 
On File: spec-3675-55183-0188.fits 
On File: spec-3675-55183-0189.fits 
On File: spec-3675-55183-0190.fits 
On File: spec-3675-55183-0191.fits 
On File: spec-3675-55183-0192.fits 
On File: spec-3675-55183-0193.fits 
On File: spec-3675-55183-0194.fits 
On File: spec-3675-55183-0195.fits 
On File: spec-3675-55183-0196.fits 
On File: spec-3675-55183-0197.fits 
On File: spec-3675-55183-0198.fits 
On File: spec-3675-55183-0199.fits 
On File: spec-3675-55183-0200.fits 
On File: spec-3675-55183-0201.fits 
On File: spec-3675-55183-0202.fits 
On File: spec-3675-55183-0203.fits 
On File: spec-3675-55183-0204.fits 
On File: spec-3675-55183-0205.fits 
On File: spec-3675-55183-0206.fits 
On File: spec-3675-55183-0207.fits 
On File: spec-3675-55183-0208.fits 
On File: spec-3675-55183-0209.fits 
On File: spec-3675-55183-0210.fits 
On File: spec-3675-55183-0211.fits 
On File: spec-3675-55183-0212.fits 
On File: spec-3675-55183-0213.fits 
On File: spec-3675-55183-0214.fits 
On File: spec-3675-55183-0215.fits 
On File: spec-3675-55183-0216.fits 
On File: spec-3675-55183-0217.fits 
On File: spec-3675-55183-0218.fits 
On File: spec-3675-55183-0219.fits 
On File: spec-3675-55183-0220.fits 
On File: spec-3675-55183-0221.fits 
On File: spec-3675-55183-0222.fits 
On File: spec-3675-55183-0223.fits 
On File: spec-3675-55183-0224.fits 
On File: spec-3675-55183-0225.fits 
On File: spec-3675-55183-0226.fits 
On File: spec-3675-55183-0227.fits 
On File: spec-3675-55183-0228.fits 
On File: spec-3675-55183-0229.fits 
On File: spec-3675-55183-0230.fits 
On File: spec-3675-55183-0231.fits 
On File: spec-3675-55183-0232.fits 
On File: spec-3675-55183-0233.fits 
On File: spec-3675-55183-0234.fits 
On File: spec-3675-55183-0235.fits 
On File: spec-3675-55183-0236.fits 
On File: spec-3675-55183-0237.fits 
On File: spec-3675-55183-0238.fits 
On File: spec-3675-55183-0239.fits 
On File: spec-3675-55183-0240.fits 
On File: spec-3675-55183-0241.fits 
On File: spec-3675-55183-0242.fits 
On File: spec-3675-55183-0243.fits 
On File: spec-3675-55183-0244.fits 
On File: spec-3675-55183-0245.fits 
On File: spec-3675-55183-0246.fits 
On File: spec-3675-55183-0247.fits 
On File: spec-3675-55183-0248.fits 
On File: spec-3675-55183-0249.fits 
On File: spec-3675-55183-0250.fits 
On File: spec-3675-55183-0251.fits 
On File: spec-3675-55183-0252.fits 
On File: spec-3675-55183-0253.fits 
On File: spec-3675-55183-0254.fits 
On File: spec-3675-55183-0255.fits 
On File: spec-3675-55183-0256.fits 
On File: spec-3675-55183-0257.fits 
On File: spec-3675-55183-0258.fits 
On File: spec-3675-55183-0259.fits 
On File: spec-3675-55183-0260.fits 
On File: spec-3675-55183-0261.fits 
On File: spec-3675-55183-0262.fits 
On File: spec-3675-55183-0263.fits 
On File: spec-3675-55183-0264.fits 
On File: spec-3675-55183-0265.fits 
On File: spec-3675-55183-0266.fits 
On File: spec-3675-55183-0267.fits 
On File: spec-3675-55183-0268.fits 
On File: spec-3675-55183-0269.fits 
On File: spec-3675-55183-0270.fits 
On File: spec-3675-55183-0271.fits 
On File: spec-3675-55183-0272.fits 
On File: spec-3675-55183-0273.fits 
On File: spec-3675-55183-0274.fits 
On File: spec-3675-55183-0275.fits 
On File: spec-3675-55183-0276.fits 
On File: spec-3675-55183-0277.fits 
On File: spec-3675-55183-0278.fits 
On File: spec-3675-55183-0279.fits 
On File: spec-3675-55183-0280.fits 
On File: spec-3675-55183-0281.fits 
On File: spec-3675-55183-0282.fits 
On File: spec-3675-55183-0283.fits 
On File: spec-3675-55183-0284.fits 
On File: spec-3675-55183-0285.fits 
On File: spec-3675-55183-0286.fits 
On File: spec-3675-55183-0287.fits 
On File: spec-3675-55183-0288.fits 
On File: spec-3675-55183-0289.fits 
On File: spec-3675-55183-0290.fits 
On File: spec-3675-55183-0291.fits 
On File: spec-3675-55183-0292.fits 
On File: spec-3675-55183-0293.fits 
On File: spec-3675-55183-0294.fits 
On File: spec-3675-55183-0295.fits 
On File: spec-3675-55183-0296.fits 
On File: spec-3675-55183-0297.fits 
On File: spec-3675-55183-0298.fits 
On File: spec-3675-55183-0299.fits 
On File: spec-3675-55183-0300.fits 
On File: spec-3675-55183-0301.fits 
On File: spec-3675-55183-0302.fits 
On File: spec-3675-55183-0303.fits 
On File: spec-3675-55183-0304.fits 
On File: spec-3675-55183-0305.fits 
On File: spec-3675-55183-0306.fits 
On File: spec-3675-55183-0307.fits 
On File: spec-3675-55183-0308.fits 
On File: spec-3675-55183-0309.fits 
On File: spec-3675-55183-0310.fits 
On File: spec-3675-55183-0311.fits 
On File: spec-3675-55183-0312.fits 
On File: spec-3675-55183-0313.fits 
On File: spec-3675-55183-0314.fits 
On File: spec-3675-55183-0315.fits 
On File: spec-3675-55183-0316.fits 
On File: spec-3675-55183-0317.fits 
On File: spec-3675-55183-0318.fits 
On File: spec-3675-55183-0319.fits 
On File: spec-3675-55183-0320.fits 
On File: spec-3675-55183-0321.fits 
On File: spec-3675-55183-0322.fits 
On File: spec-3675-55183-0323.fits 
On File: spec-3675-55183-0324.fits 
On File: spec-3675-55183-0325.fits 
On File: spec-3675-55183-0326.fits 
On File: spec-3675-55183-0327.fits 
On File: spec-3675-55183-0328.fits 
On File: spec-3675-55183-0329.fits 
On File: spec-3675-55183-0330.fits 
On File: spec-3675-55183-0331.fits 
On File: spec-3675-55183-0332.fits 
On File: spec-3675-55183-0333.fits 
On File: spec-3675-55183-0334.fits 
On File: spec-3675-55183-0335.fits 
On File: spec-3675-55183-0336.fits 
On File: spec-3675-55183-0337.fits 
On File: spec-3675-55183-0338.fits 
On File: spec-3675-55183-0339.fits 
On File: spec-3675-55183-0340.fits 
On File: spec-3675-55183-0341.fits 
On File: spec-3675-55183-0342.fits 
On File: spec-3675-55183-0343.fits 
On File: spec-3675-55183-0344.fits 
On File: spec-3675-55183-0345.fits 
On File: spec-3675-55183-0346.fits 
On File: spec-3675-55183-0347.fits 
On File: spec-3675-55183-0348.fits 
On File: spec-3675-55183-0349.fits 
On File: spec-3675-55183-0350.fits 
On File: spec-3675-55183-0351.fits 
On File: spec-3675-55183-0352.fits 
On File: spec-3675-55183-0353.fits 
On File: spec-3675-55183-0354.fits 
On File: spec-3675-55183-0355.fits 
On File: spec-3675-55183-0356.fits 
On File: spec-3675-55183-0357.fits 
On File: spec-3675-55183-0358.fits 
On File: spec-3675-55183-0359.fits 
On File: spec-3675-55183-0360.fits 
On File: spec-3675-55183-0361.fits 
On File: spec-3675-55183-0362.fits 
On File: spec-3675-55183-0363.fits 
On File: spec-3675-55183-0364.fits 
On File: spec-3675-55183-0365.fits 
On File: spec-3675-55183-0366.fits 
On File: spec-3675-55183-0367.fits 
On File: spec-3675-55183-0368.fits 
On File: spec-3675-55183-0369.fits 
On File: spec-3675-55183-0370.fits 
On File: spec-3675-55183-0371.fits 
On File: spec-3675-55183-0372.fits 
On File: spec-3675-55183-0373.fits 
On File: spec-3675-55183-0374.fits 
On File: spec-3675-55183-0375.fits 
On File: spec-3675-55183-0376.fits 
On File: spec-3675-55183-0377.fits 
On File: spec-3675-55183-0378.fits 
On File: spec-3675-55183-0379.fits 
On File: spec-3675-55183-0380.fits 
On File: spec-3675-55183-0381.fits 
On File: spec-3675-55183-0382.fits 
On File: spec-3675-55183-0383.fits 
On File: spec-3675-55183-0384.fits 
On File: spec-3675-55183-0385.fits 
On File: spec-3675-55183-0386.fits 
On File: spec-3675-55183-0387.fits 
On File: spec-3675-55183-0388.fits 
On File: spec-3675-55183-0389.fits 
On File: spec-3675-55183-0390.fits 
On File: spec-3675-55183-0391.fits 
On File: spec-3675-55183-0392.fits 
On File: spec-3675-55183-0393.fits 
On File: spec-3675-55183-0394.fits 
On File: spec-3675-55183-0395.fits 
On File: spec-3675-55183-0396.fits 
On File: spec-3675-55183-0397.fits 
On File: spec-3675-55183-0398.fits 
On File: spec-3675-55183-0399.fits 
On File: spec-3675-55183-0400.fits 
On File: spec-3675-55183-0401.fits 
On File: spec-3675-55183-0402.fits 
On File: spec-3675-55183-0403.fits 
On File: spec-3675-55183-0404.fits 
On File: spec-3675-55183-0405.fits 
On File: spec-3675-55183-0406.fits 
On File: spec-3675-55183-0407.fits 
On File: spec-3675-55183-0408.fits 
On File: spec-3675-55183-0409.fits 
On File: spec-3675-55183-0410.fits 
On File: spec-3675-55183-0411.fits 
On File: spec-3675-55183-0412.fits 
On File: spec-3675-55183-0413.fits 
On File: spec-3675-55183-0414.fits 
On File: spec-3675-55183-0415.fits 
On File: spec-3675-55183-0416.fits 
On File: spec-3675-55183-0417.fits 
On File: spec-3675-55183-0418.fits 
On File: spec-3675-55183-0419.fits 
On File: spec-3675-55183-0420.fits 
On File: spec-3675-55183-0421.fits 
On File: spec-3675-55183-0422.fits 
On File: spec-3675-55183-0423.fits 
On File: spec-3675-55183-0424.fits 
On File: spec-3675-55183-0425.fits 
On File: spec-3675-55183-0426.fits 
On File: spec-3675-55183-0427.fits 
On File: spec-3675-55183-0428.fits 
On File: spec-3675-55183-0429.fits 
On File: spec-3675-55183-0430.fits 
On File: spec-3675-55183-0431.fits 
On File: spec-3675-55183-0432.fits 
On File: spec-3675-55183-0433.fits 
On File: spec-3675-55183-0434.fits 
On File: spec-3675-55183-0435.fits 
On File: spec-3675-55183-0436.fits 
On File: spec-3675-55183-0437.fits 
On File: spec-3675-55183-0438.fits 
On File: spec-3675-55183-0439.fits 
On File: spec-3675-55183-0440.fits 
On File: spec-3675-55183-0441.fits 
On File: spec-3675-55183-0442.fits 
On File: spec-3675-55183-0443.fits 
On File: spec-3675-55183-0444.fits 
On File: spec-3675-55183-0445.fits 
On File: spec-3675-55183-0446.fits 
On File: spec-3675-55183-0447.fits 
On File: spec-3675-55183-0448.fits 
On File: spec-3675-55183-0449.fits 
On File: spec-3675-55183-0450.fits 
On File: spec-3675-55183-0451.fits 
On File: spec-3675-55183-0452.fits 
On File: spec-3675-55183-0453.fits 
On File: spec-3675-55183-0454.fits 
On File: spec-3675-55183-0455.fits 
On File: spec-3675-55183-0456.fits 
On File: spec-3675-55183-0457.fits 
On File: spec-3675-55183-0458.fits 
On File: spec-3675-55183-0459.fits 
On File: spec-3675-55183-0460.fits 
On File: spec-3675-55183-0461.fits 
On File: spec-3675-55183-0462.fits 
On File: spec-3675-55183-0463.fits 
On File: spec-3675-55183-0464.fits 
On File: spec-3675-55183-0465.fits 
On File: spec-3675-55183-0466.fits 
On File: spec-3675-55183-0467.fits 
On File: spec-3675-55183-0468.fits 
On File: spec-3675-55183-0469.fits 
On File: spec-3675-55183-0470.fits 
On File: spec-3675-55183-0471.fits 
On File: spec-3675-55183-0472.fits 
On File: spec-3675-55183-0473.fits 
On File: spec-3675-55183-0474.fits 
On File: spec-3675-55183-0475.fits 
On File: spec-3675-55183-0476.fits 
On File: spec-3675-55183-0477.fits 
On File: spec-3675-55183-0478.fits 
On File: spec-3675-55183-0479.fits 
On File: spec-3675-55183-0480.fits 
On File: spec-3675-55183-0481.fits 
On File: spec-3675-55183-0482.fits 
On File: spec-3675-55183-0483.fits 
On File: spec-3675-55183-0484.fits 
On File: spec-3675-55183-0485.fits 
On File: spec-3675-55183-0486.fits 
On File: spec-3675-55183-0487.fits 
On File: spec-3675-55183-0488.fits 
On File: spec-3675-55183-0489.fits 
On File: spec-3675-55183-0490.fits 
On File: spec-3675-55183-0491.fits 
On File: spec-3675-55183-0492.fits 
On File: spec-3675-55183-0493.fits 
On File: spec-3675-55183-0494.fits 
On File: spec-3675-55183-0495.fits 
On File: spec-3675-55183-0496.fits 
On File: spec-3675-55183-0497.fits 
On File: spec-3675-55183-0498.fits 
On File: spec-3675-55183-0499.fits 
On File: spec-3675-55183-0500.fits 
On File: spec-3675-55183-0501.fits 
On File: spec-3675-55183-0502.fits 
On File: spec-3675-55183-0503.fits 
On File: spec-3675-55183-0504.fits 
On File: spec-3675-55183-0505.fits 
On File: spec-3675-55183-0506.fits 
On File: spec-3675-55183-0507.fits 
On File: spec-3675-55183-0508.fits 
On File: spec-3675-55183-0509.fits 
On File: spec-3675-55183-0510.fits 
On File: spec-3675-55183-0511.fits 
On File: spec-3675-55183-0512.fits 
On File: spec-3675-55183-0513.fits 
On File: spec-3675-55183-0514.fits 
On File: spec-3675-55183-0515.fits 
On File: spec-3675-55183-0516.fits 
On File: spec-3675-55183-0517.fits 
On File: spec-3675-55183-0518.fits 
On File: spec-3675-55183-0519.fits 
On File: spec-3675-55183-0520.fits 
On File: spec-3675-55183-0521.fits 
On File: spec-3675-55183-0522.fits 
On File: spec-3675-55183-0523.fits 
On File: spec-3675-55183-0524.fits 
On File: spec-3675-55183-0525.fits 
On File: spec-3675-55183-0526.fits 
On File: spec-3675-55183-0527.fits 
On File: spec-3675-55183-0528.fits 
On File: spec-3675-55183-0529.fits 
On File: spec-3675-55183-0530.fits 
On File: spec-3675-55183-0531.fits 
On File: spec-3675-55183-0532.fits 
On File: spec-3675-55183-0533.fits 
On File: spec-3675-55183-0534.fits 
On File: spec-3675-55183-0535.fits 
On File: spec-3675-55183-0536.fits 
On File: spec-3675-55183-0537.fits 
On File: spec-3675-55183-0538.fits 
On File: spec-3675-55183-0539.fits 
On File: spec-3675-55183-0540.fits 
On File: spec-3675-55183-0541.fits 
On File: spec-3675-55183-0542.fits 
On File: spec-3675-55183-0543.fits 
On File: spec-3675-55183-0544.fits 
On File: spec-3675-55183-0545.fits 
On File: spec-3675-55183-0546.fits 
On File: spec-3675-55183-0547.fits 
On File: spec-3675-55183-0548.fits 
On File: spec-3675-55183-0549.fits 
On File: spec-3675-55183-0550.fits 
On File: spec-3675-55183-0551.fits 
On File: spec-3675-55183-0552.fits 
On File: spec-3675-55183-0553.fits 
On File: spec-3675-55183-0554.fits 
On File: spec-3675-55183-0555.fits 
On File: spec-3675-55183-0556.fits 
On File: spec-3675-55183-0557.fits 
On File: spec-3675-55183-0558.fits 
On File: spec-3675-55183-0559.fits 
On File: spec-3675-55183-0560.fits 
On File: spec-3675-55183-0561.fits 
On File: spec-3675-55183-0562.fits 
On File: spec-3675-55183-0563.fits 
On File: spec-3675-55183-0564.fits 
On File: spec-3675-55183-0565.fits 
On File: spec-3675-55183-0566.fits 
On File: spec-3675-55183-0567.fits 
On File: spec-3675-55183-0568.fits 
On File: spec-3675-55183-0569.fits 
On File: spec-3675-55183-0570.fits 
On File: spec-3675-55183-0571.fits 
On File: spec-3675-55183-0572.fits 
On File: spec-3675-55183-0573.fits 
On File: spec-3675-55183-0574.fits 
On File: spec-3675-55183-0575.fits 
On File: spec-3675-55183-0576.fits 
On File: spec-3675-55183-0577.fits 
On File: spec-3675-55183-0578.fits 
On File: spec-3675-55183-0579.fits 
On File: spec-3675-55183-0580.fits 
On File: spec-3675-55183-0581.fits 
On File: spec-3675-55183-0582.fits 
On File: spec-3675-55183-0583.fits 
On File: spec-3675-55183-0584.fits 
On File: spec-3675-55183-0585.fits 
On File: spec-3675-55183-0586.fits 
On File: spec-3675-55183-0587.fits 
On File: spec-3675-55183-0588.fits 
On File: spec-3675-55183-0589.fits 
On File: spec-3675-55183-0590.fits 
On File: spec-3675-55183-0591.fits 
On File: spec-3675-55183-0592.fits 
On File: spec-3675-55183-0593.fits 
On File: spec-3675-55183-0594.fits 
On File: spec-3675-55183-0595.fits 
On File: spec-3675-55183-0596.fits 
On File: spec-3675-55183-0597.fits 
On File: spec-3675-55183-0598.fits 
On File: spec-3675-55183-0599.fits 
On File: spec-3675-55183-0600.fits 
On File: spec-3675-55183-0601.fits 
On File: spec-3675-55183-0602.fits 
On File: spec-3675-55183-0603.fits 
On File: spec-3675-55183-0604.fits 
On File: spec-3675-55183-0605.fits 
On File: spec-3675-55183-0606.fits 
On File: spec-3675-55183-0607.fits 
On File: spec-3675-55183-0608.fits 
On File: spec-3675-55183-0609.fits 
On File: spec-3675-55183-0610.fits 
On File: spec-3675-55183-0611.fits 
On File: spec-3675-55183-0612.fits 
On File: spec-3675-55183-0613.fits 
On File: spec-3675-55183-0614.fits 
On File: spec-3675-55183-0615.fits 
On File: spec-3675-55183-0616.fits 
On File: spec-3675-55183-0617.fits 
On File: spec-3675-55183-0618.fits 
On File: spec-3675-55183-0619.fits 
On File: spec-3675-55183-0620.fits 
On File: spec-3675-55183-0621.fits 
On File: spec-3675-55183-0622.fits 
On File: spec-3675-55183-0623.fits 
On File: spec-3675-55183-0624.fits 
On File: spec-3675-55183-0625.fits 
On File: spec-3675-55183-0626.fits 
On File: spec-3675-55183-0627.fits 
On File: spec-3675-55183-0628.fits 
On File: spec-3675-55183-0629.fits 
On File: spec-3675-55183-0630.fits 
On File: spec-3675-55183-0631.fits 
On File: spec-3675-55183-0632.fits 
On File: spec-3675-55183-0633.fits 
On File: spec-3675-55183-0634.fits 
On File: spec-3675-55183-0635.fits 
On File: spec-3675-55183-0636.fits 
On File: spec-3675-55183-0637.fits 
On File: spec-3675-55183-0638.fits 
On File: spec-3675-55183-0639.fits 
On File: spec-3675-55183-0640.fits 
On File: spec-3675-55183-0641.fits 
On File: spec-3675-55183-0642.fits 
On File: spec-3675-55183-0643.fits 
On File: spec-3675-55183-0644.fits 
On File: spec-3675-55183-0645.fits 
On File: spec-3675-55183-0646.fits 
On File: spec-3675-55183-0647.fits 
On File: spec-3675-55183-0648.fits 
On File: spec-3675-55183-0649.fits 
On File: spec-3675-55183-0650.fits 
On File: spec-3675-55183-0651.fits 
On File: spec-3675-55183-0652.fits 
On File: spec-3675-55183-0653.fits 
On File: spec-3675-55183-0654.fits 
On File: spec-3675-55183-0655.fits 
On File: spec-3675-55183-0656.fits 
On File: spec-3675-55183-0657.fits 
On File: spec-3675-55183-0658.fits 
On File: spec-3675-55183-0659.fits 
On File: spec-3675-55183-0660.fits 
On File: spec-3675-55183-0661.fits 
On File: spec-3675-55183-0662.fits 
On File: spec-3675-55183-0663.fits 
On File: spec-3675-55183-0664.fits 
On File: spec-3675-55183-0665.fits 
On File: spec-3675-55183-0666.fits 
On File: spec-3675-55183-0667.fits 
On File: spec-3675-55183-0668.fits 
On File: spec-3675-55183-0669.fits 
On File: spec-3675-55183-0670.fits 
On File: spec-3675-55183-0671.fits 
On File: spec-3675-55183-0672.fits 
On File: spec-3675-55183-0673.fits 
On File: spec-3675-55183-0674.fits 
On File: spec-3675-55183-0675.fits 
On File: spec-3675-55183-0676.fits 
On File: spec-3675-55183-0677.fits 
On File: spec-3675-55183-0678.fits 
On File: spec-3675-55183-0679.fits 
On File: spec-3675-55183-0680.fits 
On File: spec-3675-55183-0681.fits 
On File: spec-3675-55183-0682.fits 
On File: spec-3675-55183-0683.fits 
On File: spec-3675-55183-0684.fits 
On File: spec-3675-55183-0685.fits 
On File: spec-3675-55183-0686.fits 
On File: spec-3675-55183-0687.fits 
On File: spec-3675-55183-0688.fits 
On File: spec-3675-55183-0689.fits 
On File: spec-3675-55183-0690.fits 
On File: spec-3675-55183-0691.fits 
On File: spec-3675-55183-0692.fits 
On File: spec-3675-55183-0693.fits 
On File: spec-3675-55183-0694.fits 
On File: spec-3675-55183-0695.fits 
On File: spec-3675-55183-0696.fits 
On File: spec-3675-55183-0697.fits 
On File: spec-3675-55183-0698.fits 
On File: spec-3675-55183-0699.fits 
On File: spec-3675-55183-0700.fits 
On File: spec-3675-55183-0701.fits 
On File: spec-3675-55183-0702.fits 
On File: spec-3675-55183-0703.fits 
On File: spec-3675-55183-0704.fits 
On File: spec-3675-55183-0705.fits 
On File: spec-3675-55183-0706.fits 
On File: spec-3675-55183-0707.fits 
On File: spec-3675-55183-0708.fits 
On File: spec-3675-55183-0709.fits 
On File: spec-3675-55183-0710.fits 
On File: spec-3675-55183-0711.fits 
On File: spec-3675-55183-0712.fits 
On File: spec-3675-55183-0713.fits 
On File: spec-3675-55183-0714.fits 
On File: spec-3675-55183-0715.fits 
On File: spec-3675-55183-0716.fits 
On File: spec-3675-55183-0717.fits 
On File: spec-3675-55183-0718.fits 
On File: spec-3675-55183-0719.fits 
On File: spec-3675-55183-0720.fits 
On File: spec-3675-55183-0721.fits 
On File: spec-3675-55183-0722.fits 
On File: spec-3675-55183-0723.fits 
On File: spec-3675-55183-0724.fits 
On File: spec-3675-55183-0725.fits 
On File: spec-3675-55183-0726.fits 
On File: spec-3675-55183-0727.fits 
On File: spec-3675-55183-0728.fits 
On File: spec-3675-55183-0729.fits 
On File: spec-3675-55183-0730.fits 
On File: spec-3675-55183-0731.fits 
On File: spec-3675-55183-0732.fits 
On File: spec-3675-55183-0733.fits 
On File: spec-3675-55183-0734.fits 
On File: spec-3675-55183-0735.fits 
On File: spec-3675-55183-0736.fits 
On File: spec-3675-55183-0737.fits 
On File: spec-3675-55183-0738.fits 
On File: spec-3675-55183-0739.fits 
On File: spec-3675-55183-0740.fits 
On File: spec-3675-55183-0741.fits 
On File: spec-3675-55183-0742.fits 
On File: spec-3675-55183-0743.fits 
On File: spec-3675-55183-0744.fits 
On File: spec-3675-55183-0745.fits 
On File: spec-3675-55183-0746.fits 
On File: spec-3675-55183-0747.fits 
On File: spec-3675-55183-0748.fits 
On File: spec-3675-55183-0749.fits 
On File: spec-3675-55183-0750.fits 
On File: spec-3675-55183-0751.fits 
On File: spec-3675-55183-0752.fits 
On File: spec-3675-55183-0753.fits 
On File: spec-3675-55183-0754.fits 
On File: spec-3675-55183-0755.fits 
On File: spec-3675-55183-0756.fits 
On File: spec-3675-55183-0757.fits 
On File: spec-3675-55183-0758.fits 
On File: spec-3675-55183-0759.fits 
On File: spec-3675-55183-0760.fits 
On File: spec-3675-55183-0761.fits 
On File: spec-3675-55183-0762.fits 
On File: spec-3675-55183-0763.fits 
On File: spec-3675-55183-0764.fits 
On File: spec-3675-55183-0765.fits 
On File: spec-3675-55183-0766.fits 
On File: spec-3675-55183-0767.fits 
On File: spec-3675-55183-0768.fits 
On File: spec-3675-55183-0769.fits 
On File: spec-3675-55183-0770.fits 
On File: spec-3675-55183-0771.fits 
On File: spec-3675-55183-0772.fits 
On File: spec-3675-55183-0773.fits 
On File: spec-3675-55183-0774.fits 
On File: spec-3675-55183-0775.fits 
On File: spec-3675-55183-0776.fits 
On File: spec-3675-55183-0777.fits 
On File: spec-3675-55183-0778.fits 
On File: spec-3675-55183-0779.fits 
On File: spec-3675-55183-0780.fits 
On File: spec-3675-55183-0781.fits 
On File: spec-3675-55183-0782.fits 
On File: spec-3675-55183-0783.fits 
On File: spec-3675-55183-0784.fits 
On File: spec-3675-55183-0785.fits 
On File: spec-3675-55183-0786.fits 
On File: spec-3675-55183-0787.fits 
On File: spec-3675-55183-0788.fits 
On File: spec-3675-55183-0789.fits 
On File: spec-3675-55183-0790.fits 
On File: spec-3675-55183-0791.fits 
On File: spec-3675-55183-0792.fits 
On File: spec-3675-55183-0793.fits 
On File: spec-3675-55183-0794.fits 
On File: spec-3675-55183-0795.fits 
On File: spec-3675-55183-0796.fits 
On File: spec-3675-55183-0797.fits 
On File: spec-3675-55183-0798.fits 
On File: spec-3675-55183-0799.fits 
On File: spec-3675-55183-0800.fits 
On File: spec-3675-55183-0801.fits 
On File: spec-3675-55183-0802.fits 
On File: spec-3675-55183-0803.fits 
On File: spec-3675-55183-0804.fits 
On File: spec-3675-55183-0805.fits 
On File: spec-3675-55183-0806.fits 
On File: spec-3675-55183-0807.fits 
On File: spec-3675-55183-0808.fits 
On File: spec-3675-55183-0809.fits 
On File: spec-3675-55183-0810.fits 
On File: spec-3675-55183-0811.fits 
On File: spec-3675-55183-0812.fits 
On File: spec-3675-55183-0813.fits 
On File: spec-3675-55183-0814.fits 
On File: spec-3675-55183-0815.fits 
On File: spec-3675-55183-0816.fits 
On File: spec-3675-55183-0817.fits 
On File: spec-3675-55183-0818.fits 
On File: spec-3675-55183-0819.fits 
On File: spec-3675-55183-0820.fits 
On File: spec-3675-55183-0821.fits 
On File: spec-3675-55183-0822.fits 
On File: spec-3675-55183-0823.fits 
On File: spec-3675-55183-0824.fits 
On File: spec-3675-55183-0825.fits 
On File: spec-3675-55183-0826.fits 
On File: spec-3675-55183-0827.fits 
On File: spec-3675-55183-0828.fits 
On File: spec-3675-55183-0829.fits 
On File: spec-3675-55183-0830.fits 
On File: spec-3675-55183-0831.fits 
On File: spec-3675-55183-0832.fits 
On File: spec-3675-55183-0833.fits 
On File: spec-3675-55183-0834.fits 
On File: spec-3675-55183-0835.fits 
On File: spec-3675-55183-0836.fits 
On File: spec-3675-55183-0837.fits 
On File: spec-3675-55183-0838.fits 
On File: spec-3675-55183-0839.fits 
On File: spec-3675-55183-0840.fits 
On File: spec-3675-55183-0841.fits 
On File: spec-3675-55183-0842.fits 
On File: spec-3675-55183-0843.fits 
On File: spec-3675-55183-0844.fits 
On File: spec-3675-55183-0845.fits 
On File: spec-3675-55183-0846.fits 
On File: spec-3675-55183-0847.fits 
On File: spec-3675-55183-0848.fits 
On File: spec-3675-55183-0849.fits 
On File: spec-3675-55183-0850.fits 
On File: spec-3675-55183-0851.fits 
On File: spec-3675-55183-0852.fits 
On File: spec-3675-55183-0853.fits 
On File: spec-3675-55183-0854.fits 
On File: spec-3675-55183-0855.fits 
On File: spec-3675-55183-0856.fits 
On File: spec-3675-55183-0857.fits 
On File: spec-3675-55183-0858.fits 
On File: spec-3675-55183-0859.fits 
On File: spec-3675-55183-0860.fits 
On File: spec-3675-55183-0861.fits 
On File: spec-3675-55183-0862.fits 
On File: spec-3675-55183-0863.fits 
On File: spec-3675-55183-0864.fits 
On File: spec-3675-55183-0865.fits 
On File: spec-3675-55183-0866.fits 
On File: spec-3675-55183-0867.fits 
On File: spec-3675-55183-0868.fits 
On File: spec-3675-55183-0869.fits 
On File: spec-3675-55183-0870.fits 
On File: spec-3675-55183-0871.fits 
On File: spec-3675-55183-0872.fits 
On File: spec-3675-55183-0873.fits 
On File: spec-3675-55183-0874.fits 
On File: spec-3675-55183-0875.fits 
On File: spec-3675-55183-0876.fits 
On File: spec-3675-55183-0877.fits 
On File: spec-3675-55183-0878.fits 
On File: spec-3675-55183-0879.fits 
On File: spec-3675-55183-0880.fits 
On File: spec-3675-55183-0881.fits 
On File: spec-3675-55183-0882.fits 
On File: spec-3675-55183-0883.fits 
On File: spec-3675-55183-0884.fits 
On File: spec-3675-55183-0885.fits 
On File: spec-3675-55183-0886.fits 
On File: spec-3675-55183-0887.fits 
On File: spec-3675-55183-0888.fits 
On File: spec-3675-55183-0889.fits 
On File: spec-3675-55183-0890.fits 
On File: spec-3675-55183-0891.fits 
On File: spec-3675-55183-0892.fits 
On File: spec-3675-55183-0893.fits 
On File: spec-3675-55183-0894.fits 
On File: spec-3675-55183-0895.fits 
On File: spec-3675-55183-0896.fits 
On File: spec-3675-55183-0897.fits 
On File: spec-3675-55183-0898.fits 
On File: spec-3675-55183-0899.fits 
On File: spec-3675-55183-0900.fits 
On File: spec-3675-55183-0901.fits 
On File: spec-3675-55183-0902.fits 
On File: spec-3675-55183-0903.fits 
On File: spec-3675-55183-0904.fits 
On File: spec-3675-55183-0905.fits 
On File: spec-3675-55183-0906.fits 
On File: spec-3675-55183-0907.fits 
On File: spec-3675-55183-0908.fits 
On File: spec-3675-55183-0909.fits 
On File: spec-3675-55183-0910.fits 
On File: spec-3675-55183-0911.fits 
On File: spec-3675-55183-0912.fits 
On File: spec-3675-55183-0913.fits 
On File: spec-3675-55183-0914.fits 
On File: spec-3675-55183-0915.fits 
On File: spec-3675-55183-0916.fits 
On File: spec-3675-55183-0917.fits 
On File: spec-3675-55183-0918.fits 
On File: spec-3675-55183-0919.fits 
On File: spec-3675-55183-0920.fits 
On File: spec-3675-55183-0921.fits 
On File: spec-3675-55183-0922.fits 
On File: spec-3675-55183-0923.fits 
On File: spec-3675-55183-0924.fits 
On File: spec-3675-55183-0925.fits 
On File: spec-3675-55183-0926.fits 
On File: spec-3675-55183-0927.fits 
On File: spec-3675-55183-0928.fits 
On File: spec-3675-55183-0929.fits 
On File: spec-3675-55183-0930.fits 
On File: spec-3675-55183-0931.fits 
On File: spec-3675-55183-0932.fits 
On File: spec-3675-55183-0933.fits 
On File: spec-3675-55183-0934.fits 
On File: spec-3675-55183-0935.fits 
On File: spec-3675-55183-0936.fits 
On File: spec-3675-55183-0937.fits 
On File: spec-3675-55183-0938.fits 
On File: spec-3675-55183-0939.fits 
On File: spec-3675-55183-0940.fits 
On File: spec-3675-55183-0941.fits 
On File: spec-3675-55183-0942.fits 
On File: spec-3675-55183-0943.fits 
On File: spec-3675-55183-0944.fits 
On File: spec-3675-55183-0945.fits 
On File: spec-3675-55183-0946.fits 
On File: spec-3675-55183-0947.fits 
On File: spec-3675-55183-0948.fits 
On File: spec-3675-55183-0949.fits 
On File: spec-3675-55183-0950.fits 
On File: spec-3675-55183-0951.fits 
On File: spec-3675-55183-0952.fits 
On File: spec-3675-55183-0953.fits 
On File: spec-3675-55183-0954.fits 
On File: spec-3675-55183-0955.fits 
On File: spec-3675-55183-0956.fits 
On File: spec-3675-55183-0957.fits 
On File: spec-3675-55183-0958.fits 
On File: spec-3675-55183-0959.fits 
On File: spec-3675-55183-0960.fits 
On File: spec-3675-55183-0961.fits 
On File: spec-3675-55183-0962.fits 
On File: spec-3675-55183-0963.fits 
On File: spec-3675-55183-0964.fits 
On File: spec-3675-55183-0965.fits 
On File: spec-3675-55183-0966.fits 
On File: spec-3675-55183-0967.fits 
On File: spec-3675-55183-0968.fits 
On File: spec-3675-55183-0969.fits 
On File: spec-3675-55183-0970.fits 
On File: spec-3675-55183-0971.fits 
On File: spec-3675-55183-0972.fits 
On File: spec-3675-55183-0973.fits 
On File: spec-3675-55183-0974.fits 
On File: spec-3675-55183-0975.fits 
On File: spec-3675-55183-0976.fits 
On File: spec-3675-55183-0977.fits 
On File: spec-3675-55183-0978.fits 
On File: spec-3675-55183-0979.fits 
On File: spec-3675-55183-0980.fits 
On File: spec-3675-55183-0981.fits 
On File: spec-3675-55183-0982.fits 
On File: spec-3675-55183-0983.fits 
On File: spec-3675-55183-0984.fits 
On File: spec-3675-55183-0985.fits 
On File: spec-3675-55183-0986.fits 
On File: spec-3675-55183-0987.fits 
On File: spec-3675-55183-0988.fits 
On File: spec-3675-55183-0989.fits 
On File: spec-3675-55183-0990.fits 
On File: spec-3675-55183-0991.fits 
On File: spec-3675-55183-0992.fits 
On File: spec-3675-55183-0993.fits 
On File: spec-3675-55183-0994.fits 
On File: spec-3675-55183-0995.fits 
On File: spec-3675-55183-0996.fits 
On File: spec-3675-55183-0997.fits 
On File: spec-3675-55183-0998.fits 
On File: spec-3675-55183-0999.fits 
On File: spec-3675-55183-1000.fits 
[1] "Job Complete!"
