Unpacking R413.tar.gz ...
Unpacking packages_FITSio.tar.gz ...
Unpacking current *.tgz file
[1] "Initializing Console ..."
[1] "Inputing command line prompts ..."
[1] "Loading package FITSio."
[1] "Reading cB58_Lyman_break.fit ..."
[1] "Starting main process ..."
On File: spec-3676-55186-0001.fits 
On File: spec-3676-55186-0002.fits 
On File: spec-3676-55186-0003.fits 
On File: spec-3676-55186-0004.fits 
On File: spec-3676-55186-0005.fits 
On File: spec-3676-55186-0006.fits 
On File: spec-3676-55186-0007.fits 
On File: spec-3676-55186-0008.fits 
On File: spec-3676-55186-0009.fits 
On File: spec-3676-55186-0010.fits 
On File: spec-3676-55186-0011.fits 
On File: spec-3676-55186-0012.fits 
On File: spec-3676-55186-0013.fits 
On File: spec-3676-55186-0014.fits 
On File: spec-3676-55186-0015.fits 
On File: spec-3676-55186-0016.fits 
On File: spec-3676-55186-0017.fits 
On File: spec-3676-55186-0018.fits 
On File: spec-3676-55186-0019.fits 
On File: spec-3676-55186-0020.fits 
On File: spec-3676-55186-0021.fits 
On File: spec-3676-55186-0022.fits 
On File: spec-3676-55186-0023.fits 
On File: spec-3676-55186-0024.fits 
On File: spec-3676-55186-0025.fits 
On File: spec-3676-55186-0026.fits 
On File: spec-3676-55186-0027.fits 
On File: spec-3676-55186-0028.fits 
On File: spec-3676-55186-0029.fits 
On File: spec-3676-55186-0030.fits 
On File: spec-3676-55186-0031.fits 
On File: spec-3676-55186-0032.fits 
On File: spec-3676-55186-0033.fits 
On File: spec-3676-55186-0034.fits 
On File: spec-3676-55186-0035.fits 
On File: spec-3676-55186-0036.fits 
On File: spec-3676-55186-0037.fits 
On File: spec-3676-55186-0038.fits 
On File: spec-3676-55186-0039.fits 
On File: spec-3676-55186-0040.fits 
On File: spec-3676-55186-0041.fits 
On File: spec-3676-55186-0042.fits 
On File: spec-3676-55186-0043.fits 
On File: spec-3676-55186-0044.fits 
On File: spec-3676-55186-0045.fits 
On File: spec-3676-55186-0046.fits 
On File: spec-3676-55186-0047.fits 
On File: spec-3676-55186-0048.fits 
On File: spec-3676-55186-0049.fits 
On File: spec-3676-55186-0050.fits 
On File: spec-3676-55186-0051.fits 
On File: spec-3676-55186-0052.fits 
On File: spec-3676-55186-0053.fits 
On File: spec-3676-55186-0054.fits 
On File: spec-3676-55186-0055.fits 
On File: spec-3676-55186-0056.fits 
On File: spec-3676-55186-0057.fits 
On File: spec-3676-55186-0058.fits 
On File: spec-3676-55186-0059.fits 
On File: spec-3676-55186-0060.fits 
On File: spec-3676-55186-0061.fits 
On File: spec-3676-55186-0062.fits 
On File: spec-3676-55186-0063.fits 
On File: spec-3676-55186-0064.fits 
On File: spec-3676-55186-0065.fits 
On File: spec-3676-55186-0066.fits 
On File: spec-3676-55186-0067.fits 
On File: spec-3676-55186-0068.fits 
On File: spec-3676-55186-0069.fits 
On File: spec-3676-55186-0070.fits 
On File: spec-3676-55186-0071.fits 
On File: spec-3676-55186-0072.fits 
On File: spec-3676-55186-0073.fits 
On File: spec-3676-55186-0074.fits 
On File: spec-3676-55186-0075.fits 
On File: spec-3676-55186-0076.fits 
On File: spec-3676-55186-0077.fits 
On File: spec-3676-55186-0078.fits 
On File: spec-3676-55186-0079.fits 
On File: spec-3676-55186-0080.fits 
On File: spec-3676-55186-0081.fits 
On File: spec-3676-55186-0082.fits 
On File: spec-3676-55186-0083.fits 
On File: spec-3676-55186-0084.fits 
On File: spec-3676-55186-0085.fits 
On File: spec-3676-55186-0086.fits 
On File: spec-3676-55186-0087.fits 
On File: spec-3676-55186-0088.fits 
On File: spec-3676-55186-0089.fits 
On File: spec-3676-55186-0090.fits 
On File: spec-3676-55186-0091.fits 
On File: spec-3676-55186-0092.fits 
On File: spec-3676-55186-0093.fits 
On File: spec-3676-55186-0094.fits 
On File: spec-3676-55186-0095.fits 
On File: spec-3676-55186-0096.fits 
On File: spec-3676-55186-0097.fits 
On File: spec-3676-55186-0098.fits 
On File: spec-3676-55186-0099.fits 
On File: spec-3676-55186-0100.fits 
On File: spec-3676-55186-0101.fits 
On File: spec-3676-55186-0102.fits 
On File: spec-3676-55186-0103.fits 
On File: spec-3676-55186-0104.fits 
On File: spec-3676-55186-0105.fits 
On File: spec-3676-55186-0106.fits 
On File: spec-3676-55186-0107.fits 
On File: spec-3676-55186-0108.fits 
On File: spec-3676-55186-0109.fits 
On File: spec-3676-55186-0110.fits 
On File: spec-3676-55186-0111.fits 
On File: spec-3676-55186-0112.fits 
On File: spec-3676-55186-0113.fits 
On File: spec-3676-55186-0114.fits 
On File: spec-3676-55186-0115.fits 
On File: spec-3676-55186-0116.fits 
On File: spec-3676-55186-0117.fits 
On File: spec-3676-55186-0118.fits 
On File: spec-3676-55186-0119.fits 
On File: spec-3676-55186-0120.fits 
On File: spec-3676-55186-0121.fits 
On File: spec-3676-55186-0122.fits 
On File: spec-3676-55186-0123.fits 
On File: spec-3676-55186-0124.fits 
On File: spec-3676-55186-0125.fits 
On File: spec-3676-55186-0126.fits 
On File: spec-3676-55186-0127.fits 
On File: spec-3676-55186-0128.fits 
On File: spec-3676-55186-0129.fits 
On File: spec-3676-55186-0130.fits 
On File: spec-3676-55186-0131.fits 
On File: spec-3676-55186-0132.fits 
On File: spec-3676-55186-0133.fits 
On File: spec-3676-55186-0134.fits 
On File: spec-3676-55186-0135.fits 
On File: spec-3676-55186-0136.fits 
On File: spec-3676-55186-0137.fits 
On File: spec-3676-55186-0138.fits 
On File: spec-3676-55186-0139.fits 
On File: spec-3676-55186-0140.fits 
On File: spec-3676-55186-0141.fits 
On File: spec-3676-55186-0142.fits 
On File: spec-3676-55186-0143.fits 
On File: spec-3676-55186-0144.fits 
On File: spec-3676-55186-0145.fits 
On File: spec-3676-55186-0146.fits 
On File: spec-3676-55186-0147.fits 
On File: spec-3676-55186-0148.fits 
On File: spec-3676-55186-0149.fits 
On File: spec-3676-55186-0150.fits 
On File: spec-3676-55186-0151.fits 
On File: spec-3676-55186-0152.fits 
On File: spec-3676-55186-0153.fits 
On File: spec-3676-55186-0154.fits 
On File: spec-3676-55186-0155.fits 
On File: spec-3676-55186-0156.fits 
On File: spec-3676-55186-0157.fits 
On File: spec-3676-55186-0158.fits 
On File: spec-3676-55186-0159.fits 
On File: spec-3676-55186-0160.fits 
On File: spec-3676-55186-0161.fits 
On File: spec-3676-55186-0162.fits 
On File: spec-3676-55186-0163.fits 
On File: spec-3676-55186-0164.fits 
On File: spec-3676-55186-0165.fits 
On File: spec-3676-55186-0166.fits 
On File: spec-3676-55186-0167.fits 
On File: spec-3676-55186-0168.fits 
On File: spec-3676-55186-0169.fits 
On File: spec-3676-55186-0170.fits 
On File: spec-3676-55186-0171.fits 
On File: spec-3676-55186-0172.fits 
On File: spec-3676-55186-0173.fits 
On File: spec-3676-55186-0174.fits 
On File: spec-3676-55186-0175.fits 
On File: spec-3676-55186-0176.fits 
On File: spec-3676-55186-0177.fits 
On File: spec-3676-55186-0178.fits 
On File: spec-3676-55186-0179.fits 
On File: spec-3676-55186-0180.fits 
On File: spec-3676-55186-0181.fits 
On File: spec-3676-55186-0182.fits 
On File: spec-3676-55186-0183.fits 
On File: spec-3676-55186-0184.fits 
On File: spec-3676-55186-0185.fits 
On File: spec-3676-55186-0186.fits 
On File: spec-3676-55186-0187.fits 
On File: spec-3676-55186-0188.fits 
On File: spec-3676-55186-0189.fits 
On File: spec-3676-55186-0190.fits 
On File: spec-3676-55186-0191.fits 
On File: spec-3676-55186-0192.fits 
On File: spec-3676-55186-0193.fits 
On File: spec-3676-55186-0194.fits 
On File: spec-3676-55186-0195.fits 
On File: spec-3676-55186-0196.fits 
On File: spec-3676-55186-0197.fits 
On File: spec-3676-55186-0198.fits 
On File: spec-3676-55186-0199.fits 
On File: spec-3676-55186-0200.fits 
On File: spec-3676-55186-0201.fits 
On File: spec-3676-55186-0202.fits 
On File: spec-3676-55186-0203.fits 
On File: spec-3676-55186-0204.fits 
On File: spec-3676-55186-0205.fits 
On File: spec-3676-55186-0206.fits 
On File: spec-3676-55186-0207.fits 
On File: spec-3676-55186-0208.fits 
On File: spec-3676-55186-0209.fits 
On File: spec-3676-55186-0210.fits 
On File: spec-3676-55186-0211.fits 
On File: spec-3676-55186-0212.fits 
On File: spec-3676-55186-0213.fits 
On File: spec-3676-55186-0214.fits 
On File: spec-3676-55186-0215.fits 
On File: spec-3676-55186-0216.fits 
On File: spec-3676-55186-0217.fits 
On File: spec-3676-55186-0218.fits 
On File: spec-3676-55186-0219.fits 
On File: spec-3676-55186-0220.fits 
On File: spec-3676-55186-0221.fits 
On File: spec-3676-55186-0222.fits 
On File: spec-3676-55186-0223.fits 
On File: spec-3676-55186-0224.fits 
On File: spec-3676-55186-0225.fits 
On File: spec-3676-55186-0226.fits 
On File: spec-3676-55186-0227.fits 
On File: spec-3676-55186-0228.fits 
On File: spec-3676-55186-0229.fits 
On File: spec-3676-55186-0230.fits 
On File: spec-3676-55186-0231.fits 
On File: spec-3676-55186-0232.fits 
On File: spec-3676-55186-0233.fits 
On File: spec-3676-55186-0234.fits 
On File: spec-3676-55186-0235.fits 
On File: spec-3676-55186-0236.fits 
On File: spec-3676-55186-0237.fits 
On File: spec-3676-55186-0238.fits 
On File: spec-3676-55186-0239.fits 
On File: spec-3676-55186-0240.fits 
On File: spec-3676-55186-0241.fits 
On File: spec-3676-55186-0242.fits 
On File: spec-3676-55186-0243.fits 
On File: spec-3676-55186-0244.fits 
On File: spec-3676-55186-0245.fits 
On File: spec-3676-55186-0246.fits 
On File: spec-3676-55186-0247.fits 
On File: spec-3676-55186-0248.fits 
On File: spec-3676-55186-0249.fits 
On File: spec-3676-55186-0250.fits 
On File: spec-3676-55186-0251.fits 
On File: spec-3676-55186-0252.fits 
On File: spec-3676-55186-0253.fits 
On File: spec-3676-55186-0254.fits 
On File: spec-3676-55186-0255.fits 
On File: spec-3676-55186-0256.fits 
On File: spec-3676-55186-0257.fits 
On File: spec-3676-55186-0258.fits 
On File: spec-3676-55186-0259.fits 
On File: spec-3676-55186-0260.fits 
On File: spec-3676-55186-0261.fits 
On File: spec-3676-55186-0262.fits 
On File: spec-3676-55186-0263.fits 
On File: spec-3676-55186-0264.fits 
On File: spec-3676-55186-0265.fits 
On File: spec-3676-55186-0266.fits 
On File: spec-3676-55186-0267.fits 
On File: spec-3676-55186-0268.fits 
On File: spec-3676-55186-0269.fits 
On File: spec-3676-55186-0270.fits 
On File: spec-3676-55186-0271.fits 
On File: spec-3676-55186-0272.fits 
On File: spec-3676-55186-0273.fits 
On File: spec-3676-55186-0274.fits 
On File: spec-3676-55186-0275.fits 
On File: spec-3676-55186-0276.fits 
On File: spec-3676-55186-0277.fits 
On File: spec-3676-55186-0278.fits 
On File: spec-3676-55186-0279.fits 
On File: spec-3676-55186-0280.fits 
On File: spec-3676-55186-0281.fits 
On File: spec-3676-55186-0282.fits 
On File: spec-3676-55186-0283.fits 
On File: spec-3676-55186-0284.fits 
On File: spec-3676-55186-0285.fits 
On File: spec-3676-55186-0286.fits 
On File: spec-3676-55186-0287.fits 
On File: spec-3676-55186-0288.fits 
On File: spec-3676-55186-0289.fits 
On File: spec-3676-55186-0290.fits 
On File: spec-3676-55186-0291.fits 
On File: spec-3676-55186-0292.fits 
On File: spec-3676-55186-0293.fits 
On File: spec-3676-55186-0294.fits 
On File: spec-3676-55186-0295.fits 
On File: spec-3676-55186-0296.fits 
On File: spec-3676-55186-0297.fits 
On File: spec-3676-55186-0298.fits 
On File: spec-3676-55186-0299.fits 
On File: spec-3676-55186-0300.fits 
On File: spec-3676-55186-0301.fits 
On File: spec-3676-55186-0302.fits 
On File: spec-3676-55186-0303.fits 
On File: spec-3676-55186-0304.fits 
On File: spec-3676-55186-0305.fits 
On File: spec-3676-55186-0306.fits 
On File: spec-3676-55186-0307.fits 
On File: spec-3676-55186-0308.fits 
On File: spec-3676-55186-0309.fits 
On File: spec-3676-55186-0310.fits 
On File: spec-3676-55186-0311.fits 
On File: spec-3676-55186-0312.fits 
On File: spec-3676-55186-0313.fits 
On File: spec-3676-55186-0314.fits 
On File: spec-3676-55186-0315.fits 
On File: spec-3676-55186-0316.fits 
On File: spec-3676-55186-0317.fits 
On File: spec-3676-55186-0318.fits 
On File: spec-3676-55186-0319.fits 
On File: spec-3676-55186-0320.fits 
On File: spec-3676-55186-0321.fits 
On File: spec-3676-55186-0322.fits 
On File: spec-3676-55186-0323.fits 
On File: spec-3676-55186-0324.fits 
On File: spec-3676-55186-0325.fits 
On File: spec-3676-55186-0326.fits 
On File: spec-3676-55186-0327.fits 
On File: spec-3676-55186-0328.fits 
On File: spec-3676-55186-0329.fits 
On File: spec-3676-55186-0330.fits 
On File: spec-3676-55186-0331.fits 
On File: spec-3676-55186-0332.fits 
On File: spec-3676-55186-0333.fits 
On File: spec-3676-55186-0334.fits 
On File: spec-3676-55186-0335.fits 
On File: spec-3676-55186-0336.fits 
On File: spec-3676-55186-0337.fits 
On File: spec-3676-55186-0338.fits 
On File: spec-3676-55186-0339.fits 
On File: spec-3676-55186-0340.fits 
On File: spec-3676-55186-0341.fits 
On File: spec-3676-55186-0342.fits 
On File: spec-3676-55186-0343.fits 
On File: spec-3676-55186-0344.fits 
On File: spec-3676-55186-0345.fits 
On File: spec-3676-55186-0346.fits 
On File: spec-3676-55186-0347.fits 
On File: spec-3676-55186-0348.fits 
On File: spec-3676-55186-0349.fits 
On File: spec-3676-55186-0350.fits 
On File: spec-3676-55186-0351.fits 
On File: spec-3676-55186-0352.fits 
On File: spec-3676-55186-0353.fits 
On File: spec-3676-55186-0354.fits 
On File: spec-3676-55186-0355.fits 
On File: spec-3676-55186-0356.fits 
On File: spec-3676-55186-0357.fits 
On File: spec-3676-55186-0358.fits 
On File: spec-3676-55186-0359.fits 
On File: spec-3676-55186-0360.fits 
On File: spec-3676-55186-0361.fits 
On File: spec-3676-55186-0362.fits 
On File: spec-3676-55186-0363.fits 
On File: spec-3676-55186-0364.fits 
On File: spec-3676-55186-0365.fits 
On File: spec-3676-55186-0366.fits 
On File: spec-3676-55186-0367.fits 
On File: spec-3676-55186-0368.fits 
On File: spec-3676-55186-0369.fits 
On File: spec-3676-55186-0370.fits 
On File: spec-3676-55186-0371.fits 
On File: spec-3676-55186-0372.fits 
On File: spec-3676-55186-0373.fits 
On File: spec-3676-55186-0374.fits 
On File: spec-3676-55186-0375.fits 
On File: spec-3676-55186-0376.fits 
On File: spec-3676-55186-0377.fits 
On File: spec-3676-55186-0378.fits 
On File: spec-3676-55186-0379.fits 
On File: spec-3676-55186-0380.fits 
On File: spec-3676-55186-0381.fits 
On File: spec-3676-55186-0382.fits 
On File: spec-3676-55186-0383.fits 
On File: spec-3676-55186-0384.fits 
On File: spec-3676-55186-0385.fits 
On File: spec-3676-55186-0386.fits 
On File: spec-3676-55186-0387.fits 
On File: spec-3676-55186-0388.fits 
On File: spec-3676-55186-0389.fits 
On File: spec-3676-55186-0390.fits 
On File: spec-3676-55186-0391.fits 
On File: spec-3676-55186-0392.fits 
On File: spec-3676-55186-0393.fits 
On File: spec-3676-55186-0394.fits 
On File: spec-3676-55186-0395.fits 
On File: spec-3676-55186-0396.fits 
On File: spec-3676-55186-0397.fits 
On File: spec-3676-55186-0398.fits 
On File: spec-3676-55186-0399.fits 
On File: spec-3676-55186-0400.fits 
On File: spec-3676-55186-0401.fits 
On File: spec-3676-55186-0402.fits 
On File: spec-3676-55186-0403.fits 
On File: spec-3676-55186-0404.fits 
On File: spec-3676-55186-0405.fits 
On File: spec-3676-55186-0406.fits 
On File: spec-3676-55186-0407.fits 
On File: spec-3676-55186-0408.fits 
On File: spec-3676-55186-0409.fits 
On File: spec-3676-55186-0410.fits 
On File: spec-3676-55186-0411.fits 
On File: spec-3676-55186-0412.fits 
On File: spec-3676-55186-0413.fits 
On File: spec-3676-55186-0414.fits 
On File: spec-3676-55186-0415.fits 
On File: spec-3676-55186-0416.fits 
On File: spec-3676-55186-0417.fits 
On File: spec-3676-55186-0418.fits 
On File: spec-3676-55186-0419.fits 
On File: spec-3676-55186-0420.fits 
On File: spec-3676-55186-0421.fits 
On File: spec-3676-55186-0422.fits 
On File: spec-3676-55186-0423.fits 
On File: spec-3676-55186-0424.fits 
On File: spec-3676-55186-0425.fits 
On File: spec-3676-55186-0426.fits 
On File: spec-3676-55186-0427.fits 
On File: spec-3676-55186-0428.fits 
On File: spec-3676-55186-0429.fits 
On File: spec-3676-55186-0430.fits 
On File: spec-3676-55186-0431.fits 
On File: spec-3676-55186-0432.fits 
On File: spec-3676-55186-0433.fits 
On File: spec-3676-55186-0434.fits 
On File: spec-3676-55186-0435.fits 
On File: spec-3676-55186-0436.fits 
On File: spec-3676-55186-0437.fits 
On File: spec-3676-55186-0438.fits 
On File: spec-3676-55186-0439.fits 
On File: spec-3676-55186-0440.fits 
On File: spec-3676-55186-0441.fits 
On File: spec-3676-55186-0442.fits 
On File: spec-3676-55186-0443.fits 
On File: spec-3676-55186-0444.fits 
On File: spec-3676-55186-0445.fits 
On File: spec-3676-55186-0446.fits 
On File: spec-3676-55186-0447.fits 
On File: spec-3676-55186-0448.fits 
On File: spec-3676-55186-0449.fits 
On File: spec-3676-55186-0450.fits 
On File: spec-3676-55186-0451.fits 
On File: spec-3676-55186-0452.fits 
On File: spec-3676-55186-0453.fits 
On File: spec-3676-55186-0454.fits 
On File: spec-3676-55186-0455.fits 
On File: spec-3676-55186-0456.fits 
On File: spec-3676-55186-0457.fits 
On File: spec-3676-55186-0458.fits 
On File: spec-3676-55186-0459.fits 
On File: spec-3676-55186-0460.fits 
On File: spec-3676-55186-0461.fits 
On File: spec-3676-55186-0462.fits 
On File: spec-3676-55186-0463.fits 
On File: spec-3676-55186-0464.fits 
On File: spec-3676-55186-0465.fits 
On File: spec-3676-55186-0466.fits 
On File: spec-3676-55186-0467.fits 
On File: spec-3676-55186-0468.fits 
On File: spec-3676-55186-0469.fits 
On File: spec-3676-55186-0470.fits 
On File: spec-3676-55186-0471.fits 
On File: spec-3676-55186-0472.fits 
On File: spec-3676-55186-0473.fits 
On File: spec-3676-55186-0474.fits 
On File: spec-3676-55186-0475.fits 
On File: spec-3676-55186-0476.fits 
On File: spec-3676-55186-0477.fits 
On File: spec-3676-55186-0478.fits 
On File: spec-3676-55186-0479.fits 
On File: spec-3676-55186-0480.fits 
On File: spec-3676-55186-0481.fits 
On File: spec-3676-55186-0482.fits 
On File: spec-3676-55186-0483.fits 
On File: spec-3676-55186-0484.fits 
On File: spec-3676-55186-0485.fits 
On File: spec-3676-55186-0486.fits 
On File: spec-3676-55186-0487.fits 
On File: spec-3676-55186-0488.fits 
On File: spec-3676-55186-0489.fits 
On File: spec-3676-55186-0490.fits 
On File: spec-3676-55186-0491.fits 
On File: spec-3676-55186-0492.fits 
On File: spec-3676-55186-0493.fits 
On File: spec-3676-55186-0494.fits 
On File: spec-3676-55186-0495.fits 
On File: spec-3676-55186-0496.fits 
On File: spec-3676-55186-0497.fits 
On File: spec-3676-55186-0498.fits 
On File: spec-3676-55186-0499.fits 
On File: spec-3676-55186-0500.fits 
On File: spec-3676-55186-0501.fits 
On File: spec-3676-55186-0502.fits 
On File: spec-3676-55186-0503.fits 
On File: spec-3676-55186-0504.fits 
On File: spec-3676-55186-0505.fits 
On File: spec-3676-55186-0506.fits 
On File: spec-3676-55186-0507.fits 
On File: spec-3676-55186-0508.fits 
On File: spec-3676-55186-0509.fits 
On File: spec-3676-55186-0510.fits 
On File: spec-3676-55186-0511.fits 
On File: spec-3676-55186-0512.fits 
On File: spec-3676-55186-0513.fits 
On File: spec-3676-55186-0514.fits 
On File: spec-3676-55186-0515.fits 
On File: spec-3676-55186-0516.fits 
On File: spec-3676-55186-0517.fits 
On File: spec-3676-55186-0518.fits 
On File: spec-3676-55186-0519.fits 
On File: spec-3676-55186-0520.fits 
On File: spec-3676-55186-0521.fits 
On File: spec-3676-55186-0522.fits 
On File: spec-3676-55186-0523.fits 
On File: spec-3676-55186-0524.fits 
On File: spec-3676-55186-0525.fits 
On File: spec-3676-55186-0526.fits 
On File: spec-3676-55186-0527.fits 
On File: spec-3676-55186-0528.fits 
On File: spec-3676-55186-0529.fits 
On File: spec-3676-55186-0530.fits 
On File: spec-3676-55186-0531.fits 
On File: spec-3676-55186-0532.fits 
On File: spec-3676-55186-0533.fits 
On File: spec-3676-55186-0534.fits 
On File: spec-3676-55186-0535.fits 
On File: spec-3676-55186-0536.fits 
On File: spec-3676-55186-0537.fits 
On File: spec-3676-55186-0538.fits 
On File: spec-3676-55186-0539.fits 
On File: spec-3676-55186-0540.fits 
On File: spec-3676-55186-0541.fits 
On File: spec-3676-55186-0542.fits 
On File: spec-3676-55186-0543.fits 
On File: spec-3676-55186-0544.fits 
On File: spec-3676-55186-0545.fits 
On File: spec-3676-55186-0546.fits 
On File: spec-3676-55186-0547.fits 
On File: spec-3676-55186-0548.fits 
On File: spec-3676-55186-0549.fits 
On File: spec-3676-55186-0550.fits 
On File: spec-3676-55186-0551.fits 
On File: spec-3676-55186-0552.fits 
On File: spec-3676-55186-0553.fits 
On File: spec-3676-55186-0554.fits 
On File: spec-3676-55186-0555.fits 
On File: spec-3676-55186-0556.fits 
On File: spec-3676-55186-0557.fits 
On File: spec-3676-55186-0558.fits 
On File: spec-3676-55186-0559.fits 
On File: spec-3676-55186-0560.fits 
On File: spec-3676-55186-0561.fits 
On File: spec-3676-55186-0562.fits 
On File: spec-3676-55186-0563.fits 
On File: spec-3676-55186-0564.fits 
On File: spec-3676-55186-0565.fits 
On File: spec-3676-55186-0566.fits 
On File: spec-3676-55186-0567.fits 
On File: spec-3676-55186-0568.fits 
On File: spec-3676-55186-0569.fits 
On File: spec-3676-55186-0570.fits 
On File: spec-3676-55186-0571.fits 
On File: spec-3676-55186-0572.fits 
On File: spec-3676-55186-0573.fits 
On File: spec-3676-55186-0574.fits 
On File: spec-3676-55186-0575.fits 
On File: spec-3676-55186-0576.fits 
On File: spec-3676-55186-0577.fits 
On File: spec-3676-55186-0578.fits 
On File: spec-3676-55186-0579.fits 
On File: spec-3676-55186-0580.fits 
On File: spec-3676-55186-0581.fits 
On File: spec-3676-55186-0582.fits 
On File: spec-3676-55186-0583.fits 
On File: spec-3676-55186-0584.fits 
On File: spec-3676-55186-0585.fits 
On File: spec-3676-55186-0586.fits 
On File: spec-3676-55186-0587.fits 
On File: spec-3676-55186-0588.fits 
On File: spec-3676-55186-0589.fits 
On File: spec-3676-55186-0590.fits 
On File: spec-3676-55186-0591.fits 
On File: spec-3676-55186-0592.fits 
On File: spec-3676-55186-0593.fits 
On File: spec-3676-55186-0594.fits 
On File: spec-3676-55186-0595.fits 
On File: spec-3676-55186-0596.fits 
On File: spec-3676-55186-0597.fits 
On File: spec-3676-55186-0598.fits 
On File: spec-3676-55186-0599.fits 
On File: spec-3676-55186-0600.fits 
On File: spec-3676-55186-0601.fits 
On File: spec-3676-55186-0602.fits 
On File: spec-3676-55186-0603.fits 
On File: spec-3676-55186-0604.fits 
On File: spec-3676-55186-0605.fits 
On File: spec-3676-55186-0606.fits 
On File: spec-3676-55186-0607.fits 
On File: spec-3676-55186-0608.fits 
On File: spec-3676-55186-0609.fits 
On File: spec-3676-55186-0610.fits 
On File: spec-3676-55186-0611.fits 
On File: spec-3676-55186-0612.fits 
On File: spec-3676-55186-0613.fits 
On File: spec-3676-55186-0614.fits 
On File: spec-3676-55186-0615.fits 
On File: spec-3676-55186-0616.fits 
On File: spec-3676-55186-0617.fits 
On File: spec-3676-55186-0618.fits 
On File: spec-3676-55186-0619.fits 
On File: spec-3676-55186-0620.fits 
On File: spec-3676-55186-0621.fits 
On File: spec-3676-55186-0622.fits 
On File: spec-3676-55186-0623.fits 
On File: spec-3676-55186-0624.fits 
On File: spec-3676-55186-0625.fits 
On File: spec-3676-55186-0626.fits 
On File: spec-3676-55186-0627.fits 
On File: spec-3676-55186-0628.fits 
On File: spec-3676-55186-0629.fits 
On File: spec-3676-55186-0630.fits 
On File: spec-3676-55186-0631.fits 
On File: spec-3676-55186-0632.fits 
On File: spec-3676-55186-0633.fits 
On File: spec-3676-55186-0634.fits 
On File: spec-3676-55186-0635.fits 
On File: spec-3676-55186-0636.fits 
On File: spec-3676-55186-0637.fits 
On File: spec-3676-55186-0638.fits 
On File: spec-3676-55186-0639.fits 
On File: spec-3676-55186-0640.fits 
On File: spec-3676-55186-0641.fits 
On File: spec-3676-55186-0642.fits 
On File: spec-3676-55186-0643.fits 
On File: spec-3676-55186-0644.fits 
On File: spec-3676-55186-0645.fits 
On File: spec-3676-55186-0646.fits 
On File: spec-3676-55186-0647.fits 
On File: spec-3676-55186-0648.fits 
On File: spec-3676-55186-0649.fits 
On File: spec-3676-55186-0650.fits 
On File: spec-3676-55186-0651.fits 
On File: spec-3676-55186-0652.fits 
On File: spec-3676-55186-0653.fits 
On File: spec-3676-55186-0654.fits 
On File: spec-3676-55186-0655.fits 
On File: spec-3676-55186-0656.fits 
On File: spec-3676-55186-0657.fits 
On File: spec-3676-55186-0658.fits 
On File: spec-3676-55186-0659.fits 
On File: spec-3676-55186-0660.fits 
On File: spec-3676-55186-0661.fits 
On File: spec-3676-55186-0662.fits 
On File: spec-3676-55186-0663.fits 
On File: spec-3676-55186-0664.fits 
On File: spec-3676-55186-0665.fits 
On File: spec-3676-55186-0666.fits 
On File: spec-3676-55186-0667.fits 
On File: spec-3676-55186-0668.fits 
On File: spec-3676-55186-0669.fits 
On File: spec-3676-55186-0670.fits 
On File: spec-3676-55186-0671.fits 
On File: spec-3676-55186-0672.fits 
On File: spec-3676-55186-0673.fits 
On File: spec-3676-55186-0674.fits 
On File: spec-3676-55186-0675.fits 
On File: spec-3676-55186-0676.fits 
On File: spec-3676-55186-0677.fits 
On File: spec-3676-55186-0678.fits 
On File: spec-3676-55186-0679.fits 
On File: spec-3676-55186-0680.fits 
On File: spec-3676-55186-0681.fits 
On File: spec-3676-55186-0682.fits 
On File: spec-3676-55186-0683.fits 
On File: spec-3676-55186-0684.fits 
On File: spec-3676-55186-0685.fits 
On File: spec-3676-55186-0686.fits 
On File: spec-3676-55186-0687.fits 
On File: spec-3676-55186-0688.fits 
On File: spec-3676-55186-0689.fits 
On File: spec-3676-55186-0690.fits 
On File: spec-3676-55186-0691.fits 
On File: spec-3676-55186-0692.fits 
On File: spec-3676-55186-0693.fits 
On File: spec-3676-55186-0694.fits 
On File: spec-3676-55186-0695.fits 
On File: spec-3676-55186-0696.fits 
On File: spec-3676-55186-0697.fits 
On File: spec-3676-55186-0698.fits 
On File: spec-3676-55186-0699.fits 
On File: spec-3676-55186-0700.fits 
On File: spec-3676-55186-0701.fits 
On File: spec-3676-55186-0702.fits 
On File: spec-3676-55186-0703.fits 
On File: spec-3676-55186-0704.fits 
On File: spec-3676-55186-0705.fits 
On File: spec-3676-55186-0706.fits 
On File: spec-3676-55186-0707.fits 
On File: spec-3676-55186-0708.fits 
On File: spec-3676-55186-0709.fits 
On File: spec-3676-55186-0710.fits 
On File: spec-3676-55186-0711.fits 
On File: spec-3676-55186-0712.fits 
On File: spec-3676-55186-0713.fits 
On File: spec-3676-55186-0714.fits 
On File: spec-3676-55186-0715.fits 
On File: spec-3676-55186-0716.fits 
On File: spec-3676-55186-0717.fits 
On File: spec-3676-55186-0718.fits 
On File: spec-3676-55186-0719.fits 
On File: spec-3676-55186-0720.fits 
On File: spec-3676-55186-0721.fits 
On File: spec-3676-55186-0722.fits 
On File: spec-3676-55186-0723.fits 
On File: spec-3676-55186-0724.fits 
On File: spec-3676-55186-0725.fits 
On File: spec-3676-55186-0726.fits 
On File: spec-3676-55186-0727.fits 
On File: spec-3676-55186-0728.fits 
On File: spec-3676-55186-0729.fits 
On File: spec-3676-55186-0730.fits 
On File: spec-3676-55186-0731.fits 
On File: spec-3676-55186-0732.fits 
On File: spec-3676-55186-0733.fits 
On File: spec-3676-55186-0734.fits 
On File: spec-3676-55186-0735.fits 
On File: spec-3676-55186-0736.fits 
On File: spec-3676-55186-0737.fits 
On File: spec-3676-55186-0738.fits 
On File: spec-3676-55186-0739.fits 
On File: spec-3676-55186-0740.fits 
On File: spec-3676-55186-0741.fits 
On File: spec-3676-55186-0742.fits 
On File: spec-3676-55186-0743.fits 
On File: spec-3676-55186-0744.fits 
On File: spec-3676-55186-0745.fits 
On File: spec-3676-55186-0746.fits 
On File: spec-3676-55186-0747.fits 
On File: spec-3676-55186-0748.fits 
On File: spec-3676-55186-0749.fits 
On File: spec-3676-55186-0750.fits 
On File: spec-3676-55186-0751.fits 
On File: spec-3676-55186-0752.fits 
On File: spec-3676-55186-0753.fits 
On File: spec-3676-55186-0754.fits 
On File: spec-3676-55186-0755.fits 
On File: spec-3676-55186-0756.fits 
On File: spec-3676-55186-0757.fits 
On File: spec-3676-55186-0758.fits 
On File: spec-3676-55186-0759.fits 
On File: spec-3676-55186-0760.fits 
On File: spec-3676-55186-0761.fits 
On File: spec-3676-55186-0762.fits 
On File: spec-3676-55186-0763.fits 
On File: spec-3676-55186-0764.fits 
On File: spec-3676-55186-0765.fits 
On File: spec-3676-55186-0766.fits 
On File: spec-3676-55186-0767.fits 
On File: spec-3676-55186-0768.fits 
On File: spec-3676-55186-0769.fits 
On File: spec-3676-55186-0770.fits 
