Unpacking R413.tar.gz ...
Unpacking packages_FITSio.tar.gz ...
Unpacking current *.tgz file
[1] "Initializing Console ..."
[1] "Inputing command line prompts ..."
[1] "Loading package FITSio."
[1] "Reading cB58_Lyman_break.fit ..."
[1] "Starting main process ..."
On File: spec-3698-55501-0001.fits 
On File: spec-3698-55501-0002.fits 
On File: spec-3698-55501-0003.fits 
On File: spec-3698-55501-0004.fits 
On File: spec-3698-55501-0005.fits 
On File: spec-3698-55501-0006.fits 
On File: spec-3698-55501-0007.fits 
On File: spec-3698-55501-0008.fits 
On File: spec-3698-55501-0009.fits 
On File: spec-3698-55501-0010.fits 
On File: spec-3698-55501-0011.fits 
On File: spec-3698-55501-0012.fits 
On File: spec-3698-55501-0013.fits 
On File: spec-3698-55501-0014.fits 
On File: spec-3698-55501-0015.fits 
On File: spec-3698-55501-0016.fits 
On File: spec-3698-55501-0017.fits 
On File: spec-3698-55501-0018.fits 
On File: spec-3698-55501-0019.fits 
On File: spec-3698-55501-0020.fits 
On File: spec-3698-55501-0021.fits 
On File: spec-3698-55501-0022.fits 
On File: spec-3698-55501-0023.fits 
On File: spec-3698-55501-0024.fits 
On File: spec-3698-55501-0025.fits 
On File: spec-3698-55501-0026.fits 
On File: spec-3698-55501-0027.fits 
On File: spec-3698-55501-0028.fits 
On File: spec-3698-55501-0029.fits 
On File: spec-3698-55501-0030.fits 
On File: spec-3698-55501-0031.fits 
On File: spec-3698-55501-0032.fits 
On File: spec-3698-55501-0033.fits 
On File: spec-3698-55501-0034.fits 
On File: spec-3698-55501-0035.fits 
On File: spec-3698-55501-0036.fits 
On File: spec-3698-55501-0037.fits 
On File: spec-3698-55501-0038.fits 
On File: spec-3698-55501-0039.fits 
On File: spec-3698-55501-0040.fits 
On File: spec-3698-55501-0041.fits 
On File: spec-3698-55501-0042.fits 
On File: spec-3698-55501-0043.fits 
On File: spec-3698-55501-0044.fits 
On File: spec-3698-55501-0045.fits 
On File: spec-3698-55501-0046.fits 
On File: spec-3698-55501-0047.fits 
On File: spec-3698-55501-0048.fits 
On File: spec-3698-55501-0049.fits 
On File: spec-3698-55501-0050.fits 
On File: spec-3698-55501-0051.fits 
On File: spec-3698-55501-0052.fits 
On File: spec-3698-55501-0053.fits 
On File: spec-3698-55501-0054.fits 
On File: spec-3698-55501-0055.fits 
On File: spec-3698-55501-0056.fits 
On File: spec-3698-55501-0057.fits 
On File: spec-3698-55501-0058.fits 
On File: spec-3698-55501-0059.fits 
On File: spec-3698-55501-0060.fits 
On File: spec-3698-55501-0061.fits 
On File: spec-3698-55501-0062.fits 
On File: spec-3698-55501-0063.fits 
On File: spec-3698-55501-0064.fits 
On File: spec-3698-55501-0065.fits 
On File: spec-3698-55501-0066.fits 
On File: spec-3698-55501-0067.fits 
On File: spec-3698-55501-0068.fits 
On File: spec-3698-55501-0069.fits 
On File: spec-3698-55501-0070.fits 
On File: spec-3698-55501-0071.fits 
On File: spec-3698-55501-0072.fits 
On File: spec-3698-55501-0073.fits 
On File: spec-3698-55501-0074.fits 
On File: spec-3698-55501-0075.fits 
On File: spec-3698-55501-0076.fits 
On File: spec-3698-55501-0077.fits 
On File: spec-3698-55501-0078.fits 
On File: spec-3698-55501-0079.fits 
On File: spec-3698-55501-0080.fits 
On File: spec-3698-55501-0081.fits 
On File: spec-3698-55501-0082.fits 
On File: spec-3698-55501-0083.fits 
On File: spec-3698-55501-0084.fits 
On File: spec-3698-55501-0085.fits 
On File: spec-3698-55501-0086.fits 
On File: spec-3698-55501-0087.fits 
On File: spec-3698-55501-0088.fits 
On File: spec-3698-55501-0089.fits 
On File: spec-3698-55501-0090.fits 
On File: spec-3698-55501-0091.fits 
On File: spec-3698-55501-0092.fits 
On File: spec-3698-55501-0093.fits 
On File: spec-3698-55501-0094.fits 
On File: spec-3698-55501-0095.fits 
On File: spec-3698-55501-0096.fits 
On File: spec-3698-55501-0097.fits 
On File: spec-3698-55501-0098.fits 
On File: spec-3698-55501-0099.fits 
On File: spec-3698-55501-0100.fits 
On File: spec-3698-55501-0101.fits 
On File: spec-3698-55501-0102.fits 
On File: spec-3698-55501-0103.fits 
On File: spec-3698-55501-0104.fits 
On File: spec-3698-55501-0105.fits 
On File: spec-3698-55501-0106.fits 
On File: spec-3698-55501-0107.fits 
On File: spec-3698-55501-0108.fits 
On File: spec-3698-55501-0109.fits 
On File: spec-3698-55501-0110.fits 
On File: spec-3698-55501-0111.fits 
On File: spec-3698-55501-0112.fits 
On File: spec-3698-55501-0113.fits 
On File: spec-3698-55501-0114.fits 
On File: spec-3698-55501-0115.fits 
On File: spec-3698-55501-0116.fits 
On File: spec-3698-55501-0117.fits 
On File: spec-3698-55501-0118.fits 
On File: spec-3698-55501-0119.fits 
On File: spec-3698-55501-0120.fits 
On File: spec-3698-55501-0121.fits 
On File: spec-3698-55501-0122.fits 
On File: spec-3698-55501-0123.fits 
On File: spec-3698-55501-0124.fits 
On File: spec-3698-55501-0125.fits 
On File: spec-3698-55501-0126.fits 
On File: spec-3698-55501-0127.fits 
On File: spec-3698-55501-0128.fits 
On File: spec-3698-55501-0129.fits 
On File: spec-3698-55501-0130.fits 
On File: spec-3698-55501-0131.fits 
On File: spec-3698-55501-0132.fits 
On File: spec-3698-55501-0133.fits 
On File: spec-3698-55501-0134.fits 
On File: spec-3698-55501-0135.fits 
On File: spec-3698-55501-0136.fits 
On File: spec-3698-55501-0137.fits 
On File: spec-3698-55501-0138.fits 
On File: spec-3698-55501-0139.fits 
On File: spec-3698-55501-0140.fits 
On File: spec-3698-55501-0141.fits 
On File: spec-3698-55501-0142.fits 
On File: spec-3698-55501-0143.fits 
On File: spec-3698-55501-0144.fits 
On File: spec-3698-55501-0145.fits 
On File: spec-3698-55501-0146.fits 
On File: spec-3698-55501-0147.fits 
On File: spec-3698-55501-0148.fits 
On File: spec-3698-55501-0149.fits 
On File: spec-3698-55501-0150.fits 
On File: spec-3698-55501-0151.fits 
On File: spec-3698-55501-0152.fits 
On File: spec-3698-55501-0153.fits 
On File: spec-3698-55501-0154.fits 
On File: spec-3698-55501-0155.fits 
On File: spec-3698-55501-0156.fits 
On File: spec-3698-55501-0157.fits 
On File: spec-3698-55501-0158.fits 
On File: spec-3698-55501-0159.fits 
On File: spec-3698-55501-0160.fits 
On File: spec-3698-55501-0161.fits 
On File: spec-3698-55501-0162.fits 
On File: spec-3698-55501-0163.fits 
On File: spec-3698-55501-0164.fits 
On File: spec-3698-55501-0165.fits 
On File: spec-3698-55501-0166.fits 
On File: spec-3698-55501-0167.fits 
On File: spec-3698-55501-0168.fits 
On File: spec-3698-55501-0169.fits 
On File: spec-3698-55501-0170.fits 
On File: spec-3698-55501-0171.fits 
On File: spec-3698-55501-0172.fits 
On File: spec-3698-55501-0173.fits 
On File: spec-3698-55501-0174.fits 
On File: spec-3698-55501-0175.fits 
On File: spec-3698-55501-0176.fits 
On File: spec-3698-55501-0177.fits 
On File: spec-3698-55501-0178.fits 
On File: spec-3698-55501-0179.fits 
On File: spec-3698-55501-0180.fits 
On File: spec-3698-55501-0181.fits 
On File: spec-3698-55501-0182.fits 
On File: spec-3698-55501-0183.fits 
On File: spec-3698-55501-0184.fits 
On File: spec-3698-55501-0185.fits 
On File: spec-3698-55501-0186.fits 
On File: spec-3698-55501-0187.fits 
On File: spec-3698-55501-0188.fits 
On File: spec-3698-55501-0189.fits 
On File: spec-3698-55501-0190.fits 
On File: spec-3698-55501-0191.fits 
On File: spec-3698-55501-0192.fits 
On File: spec-3698-55501-0193.fits 
On File: spec-3698-55501-0194.fits 
On File: spec-3698-55501-0195.fits 
On File: spec-3698-55501-0196.fits 
On File: spec-3698-55501-0197.fits 
On File: spec-3698-55501-0198.fits 
On File: spec-3698-55501-0199.fits 
On File: spec-3698-55501-0200.fits 
On File: spec-3698-55501-0201.fits 
On File: spec-3698-55501-0202.fits 
On File: spec-3698-55501-0203.fits 
On File: spec-3698-55501-0204.fits 
On File: spec-3698-55501-0205.fits 
On File: spec-3698-55501-0206.fits 
On File: spec-3698-55501-0207.fits 
On File: spec-3698-55501-0208.fits 
On File: spec-3698-55501-0209.fits 
On File: spec-3698-55501-0210.fits 
On File: spec-3698-55501-0211.fits 
On File: spec-3698-55501-0212.fits 
On File: spec-3698-55501-0213.fits 
On File: spec-3698-55501-0214.fits 
On File: spec-3698-55501-0215.fits 
On File: spec-3698-55501-0216.fits 
On File: spec-3698-55501-0217.fits 
On File: spec-3698-55501-0218.fits 
On File: spec-3698-55501-0219.fits 
On File: spec-3698-55501-0220.fits 
On File: spec-3698-55501-0221.fits 
On File: spec-3698-55501-0222.fits 
On File: spec-3698-55501-0223.fits 
On File: spec-3698-55501-0224.fits 
On File: spec-3698-55501-0225.fits 
On File: spec-3698-55501-0226.fits 
On File: spec-3698-55501-0227.fits 
On File: spec-3698-55501-0228.fits 
On File: spec-3698-55501-0229.fits 
On File: spec-3698-55501-0230.fits 
On File: spec-3698-55501-0231.fits 
On File: spec-3698-55501-0232.fits 
On File: spec-3698-55501-0233.fits 
On File: spec-3698-55501-0234.fits 
On File: spec-3698-55501-0235.fits 
On File: spec-3698-55501-0236.fits 
On File: spec-3698-55501-0237.fits 
On File: spec-3698-55501-0238.fits 
On File: spec-3698-55501-0239.fits 
On File: spec-3698-55501-0240.fits 
On File: spec-3698-55501-0241.fits 
On File: spec-3698-55501-0242.fits 
On File: spec-3698-55501-0243.fits 
On File: spec-3698-55501-0244.fits 
On File: spec-3698-55501-0245.fits 
On File: spec-3698-55501-0246.fits 
On File: spec-3698-55501-0247.fits 
On File: spec-3698-55501-0248.fits 
On File: spec-3698-55501-0249.fits 
On File: spec-3698-55501-0250.fits 
On File: spec-3698-55501-0251.fits 
On File: spec-3698-55501-0252.fits 
On File: spec-3698-55501-0253.fits 
On File: spec-3698-55501-0254.fits 
On File: spec-3698-55501-0255.fits 
On File: spec-3698-55501-0256.fits 
On File: spec-3698-55501-0257.fits 
On File: spec-3698-55501-0258.fits 
On File: spec-3698-55501-0259.fits 
On File: spec-3698-55501-0260.fits 
On File: spec-3698-55501-0261.fits 
On File: spec-3698-55501-0262.fits 
On File: spec-3698-55501-0263.fits 
On File: spec-3698-55501-0264.fits 
On File: spec-3698-55501-0265.fits 
On File: spec-3698-55501-0266.fits 
On File: spec-3698-55501-0267.fits 
On File: spec-3698-55501-0268.fits 
On File: spec-3698-55501-0269.fits 
On File: spec-3698-55501-0270.fits 
On File: spec-3698-55501-0271.fits 
On File: spec-3698-55501-0272.fits 
On File: spec-3698-55501-0273.fits 
On File: spec-3698-55501-0274.fits 
On File: spec-3698-55501-0275.fits 
On File: spec-3698-55501-0276.fits 
On File: spec-3698-55501-0277.fits 
On File: spec-3698-55501-0278.fits 
On File: spec-3698-55501-0279.fits 
On File: spec-3698-55501-0280.fits 
On File: spec-3698-55501-0281.fits 
On File: spec-3698-55501-0282.fits 
On File: spec-3698-55501-0283.fits 
On File: spec-3698-55501-0284.fits 
On File: spec-3698-55501-0285.fits 
On File: spec-3698-55501-0286.fits 
On File: spec-3698-55501-0287.fits 
On File: spec-3698-55501-0288.fits 
On File: spec-3698-55501-0289.fits 
On File: spec-3698-55501-0290.fits 
On File: spec-3698-55501-0291.fits 
On File: spec-3698-55501-0292.fits 
On File: spec-3698-55501-0293.fits 
On File: spec-3698-55501-0294.fits 
On File: spec-3698-55501-0295.fits 
On File: spec-3698-55501-0296.fits 
On File: spec-3698-55501-0297.fits 
On File: spec-3698-55501-0298.fits 
On File: spec-3698-55501-0299.fits 
On File: spec-3698-55501-0300.fits 
On File: spec-3698-55501-0301.fits 
On File: spec-3698-55501-0302.fits 
On File: spec-3698-55501-0303.fits 
On File: spec-3698-55501-0304.fits 
On File: spec-3698-55501-0305.fits 
On File: spec-3698-55501-0306.fits 
On File: spec-3698-55501-0307.fits 
On File: spec-3698-55501-0308.fits 
On File: spec-3698-55501-0309.fits 
On File: spec-3698-55501-0310.fits 
On File: spec-3698-55501-0311.fits 
On File: spec-3698-55501-0312.fits 
On File: spec-3698-55501-0313.fits 
On File: spec-3698-55501-0314.fits 
On File: spec-3698-55501-0315.fits 
On File: spec-3698-55501-0316.fits 
On File: spec-3698-55501-0317.fits 
On File: spec-3698-55501-0318.fits 
On File: spec-3698-55501-0319.fits 
On File: spec-3698-55501-0320.fits 
On File: spec-3698-55501-0321.fits 
On File: spec-3698-55501-0322.fits 
On File: spec-3698-55501-0323.fits 
On File: spec-3698-55501-0324.fits 
On File: spec-3698-55501-0325.fits 
On File: spec-3698-55501-0326.fits 
On File: spec-3698-55501-0327.fits 
On File: spec-3698-55501-0328.fits 
On File: spec-3698-55501-0329.fits 
On File: spec-3698-55501-0330.fits 
On File: spec-3698-55501-0331.fits 
On File: spec-3698-55501-0332.fits 
On File: spec-3698-55501-0333.fits 
On File: spec-3698-55501-0334.fits 
On File: spec-3698-55501-0335.fits 
On File: spec-3698-55501-0336.fits 
On File: spec-3698-55501-0337.fits 
On File: spec-3698-55501-0338.fits 
On File: spec-3698-55501-0339.fits 
On File: spec-3698-55501-0340.fits 
On File: spec-3698-55501-0341.fits 
On File: spec-3698-55501-0342.fits 
On File: spec-3698-55501-0343.fits 
On File: spec-3698-55501-0344.fits 
On File: spec-3698-55501-0345.fits 
On File: spec-3698-55501-0346.fits 
On File: spec-3698-55501-0347.fits 
On File: spec-3698-55501-0348.fits 
On File: spec-3698-55501-0349.fits 
On File: spec-3698-55501-0350.fits 
On File: spec-3698-55501-0351.fits 
On File: spec-3698-55501-0352.fits 
On File: spec-3698-55501-0353.fits 
On File: spec-3698-55501-0354.fits 
On File: spec-3698-55501-0355.fits 
On File: spec-3698-55501-0356.fits 
On File: spec-3698-55501-0357.fits 
On File: spec-3698-55501-0358.fits 
On File: spec-3698-55501-0359.fits 
On File: spec-3698-55501-0360.fits 
On File: spec-3698-55501-0361.fits 
On File: spec-3698-55501-0362.fits 
On File: spec-3698-55501-0363.fits 
On File: spec-3698-55501-0364.fits 
On File: spec-3698-55501-0365.fits 
On File: spec-3698-55501-0366.fits 
On File: spec-3698-55501-0367.fits 
On File: spec-3698-55501-0368.fits 
On File: spec-3698-55501-0369.fits 
On File: spec-3698-55501-0370.fits 
On File: spec-3698-55501-0371.fits 
On File: spec-3698-55501-0372.fits 
On File: spec-3698-55501-0373.fits 
On File: spec-3698-55501-0374.fits 
On File: spec-3698-55501-0375.fits 
On File: spec-3698-55501-0376.fits 
On File: spec-3698-55501-0377.fits 
On File: spec-3698-55501-0378.fits 
On File: spec-3698-55501-0379.fits 
On File: spec-3698-55501-0380.fits 
On File: spec-3698-55501-0381.fits 
On File: spec-3698-55501-0382.fits 
On File: spec-3698-55501-0383.fits 
On File: spec-3698-55501-0384.fits 
On File: spec-3698-55501-0385.fits 
On File: spec-3698-55501-0386.fits 
On File: spec-3698-55501-0387.fits 
On File: spec-3698-55501-0388.fits 
On File: spec-3698-55501-0389.fits 
On File: spec-3698-55501-0390.fits 
On File: spec-3698-55501-0391.fits 
On File: spec-3698-55501-0392.fits 
On File: spec-3698-55501-0393.fits 
On File: spec-3698-55501-0394.fits 
On File: spec-3698-55501-0395.fits 
On File: spec-3698-55501-0396.fits 
On File: spec-3698-55501-0397.fits 
On File: spec-3698-55501-0398.fits 
On File: spec-3698-55501-0399.fits 
On File: spec-3698-55501-0400.fits 
On File: spec-3698-55501-0401.fits 
On File: spec-3698-55501-0402.fits 
On File: spec-3698-55501-0403.fits 
On File: spec-3698-55501-0404.fits 
On File: spec-3698-55501-0405.fits 
On File: spec-3698-55501-0406.fits 
On File: spec-3698-55501-0407.fits 
On File: spec-3698-55501-0408.fits 
On File: spec-3698-55501-0409.fits 
On File: spec-3698-55501-0410.fits 
On File: spec-3698-55501-0411.fits 
On File: spec-3698-55501-0412.fits 
On File: spec-3698-55501-0413.fits 
On File: spec-3698-55501-0414.fits 
On File: spec-3698-55501-0415.fits 
On File: spec-3698-55501-0416.fits 
On File: spec-3698-55501-0417.fits 
On File: spec-3698-55501-0418.fits 
On File: spec-3698-55501-0419.fits 
On File: spec-3698-55501-0420.fits 
On File: spec-3698-55501-0421.fits 
On File: spec-3698-55501-0422.fits 
On File: spec-3698-55501-0423.fits 
On File: spec-3698-55501-0424.fits 
On File: spec-3698-55501-0425.fits 
On File: spec-3698-55501-0426.fits 
On File: spec-3698-55501-0427.fits 
On File: spec-3698-55501-0428.fits 
On File: spec-3698-55501-0429.fits 
On File: spec-3698-55501-0430.fits 
On File: spec-3698-55501-0431.fits 
On File: spec-3698-55501-0432.fits 
On File: spec-3698-55501-0433.fits 
On File: spec-3698-55501-0434.fits 
On File: spec-3698-55501-0435.fits 
On File: spec-3698-55501-0436.fits 
On File: spec-3698-55501-0437.fits 
On File: spec-3698-55501-0438.fits 
On File: spec-3698-55501-0439.fits 
On File: spec-3698-55501-0440.fits 
On File: spec-3698-55501-0441.fits 
On File: spec-3698-55501-0442.fits 
On File: spec-3698-55501-0443.fits 
On File: spec-3698-55501-0444.fits 
On File: spec-3698-55501-0445.fits 
On File: spec-3698-55501-0446.fits 
On File: spec-3698-55501-0447.fits 
On File: spec-3698-55501-0448.fits 
On File: spec-3698-55501-0449.fits 
On File: spec-3698-55501-0450.fits 
On File: spec-3698-55501-0451.fits 
On File: spec-3698-55501-0452.fits 
On File: spec-3698-55501-0453.fits 
On File: spec-3698-55501-0454.fits 
On File: spec-3698-55501-0455.fits 
On File: spec-3698-55501-0456.fits 
On File: spec-3698-55501-0457.fits 
On File: spec-3698-55501-0458.fits 
On File: spec-3698-55501-0459.fits 
On File: spec-3698-55501-0460.fits 
On File: spec-3698-55501-0461.fits 
On File: spec-3698-55501-0462.fits 
On File: spec-3698-55501-0463.fits 
On File: spec-3698-55501-0464.fits 
On File: spec-3698-55501-0465.fits 
On File: spec-3698-55501-0466.fits 
On File: spec-3698-55501-0467.fits 
On File: spec-3698-55501-0468.fits 
On File: spec-3698-55501-0469.fits 
On File: spec-3698-55501-0470.fits 
On File: spec-3698-55501-0471.fits 
On File: spec-3698-55501-0472.fits 
On File: spec-3698-55501-0473.fits 
On File: spec-3698-55501-0474.fits 
On File: spec-3698-55501-0475.fits 
On File: spec-3698-55501-0476.fits 
On File: spec-3698-55501-0477.fits 
On File: spec-3698-55501-0478.fits 
On File: spec-3698-55501-0479.fits 
On File: spec-3698-55501-0480.fits 
On File: spec-3698-55501-0481.fits 
On File: spec-3698-55501-0482.fits 
On File: spec-3698-55501-0483.fits 
On File: spec-3698-55501-0484.fits 
On File: spec-3698-55501-0485.fits 
On File: spec-3698-55501-0486.fits 
On File: spec-3698-55501-0487.fits 
On File: spec-3698-55501-0488.fits 
On File: spec-3698-55501-0489.fits 
On File: spec-3698-55501-0490.fits 
On File: spec-3698-55501-0491.fits 
On File: spec-3698-55501-0492.fits 
On File: spec-3698-55501-0493.fits 
On File: spec-3698-55501-0494.fits 
On File: spec-3698-55501-0495.fits 
On File: spec-3698-55501-0496.fits 
On File: spec-3698-55501-0497.fits 
On File: spec-3698-55501-0498.fits 
On File: spec-3698-55501-0499.fits 
On File: spec-3698-55501-0500.fits 
On File: spec-3698-55501-0501.fits 
On File: spec-3698-55501-0502.fits 
On File: spec-3698-55501-0503.fits 
On File: spec-3698-55501-0504.fits 
On File: spec-3698-55501-0505.fits 
On File: spec-3698-55501-0506.fits 
On File: spec-3698-55501-0507.fits 
On File: spec-3698-55501-0508.fits 
On File: spec-3698-55501-0509.fits 
On File: spec-3698-55501-0510.fits 
On File: spec-3698-55501-0511.fits 
On File: spec-3698-55501-0512.fits 
On File: spec-3698-55501-0513.fits 
On File: spec-3698-55501-0514.fits 
On File: spec-3698-55501-0515.fits 
On File: spec-3698-55501-0516.fits 
On File: spec-3698-55501-0517.fits 
