Unpacking R413.tar.gz ...
Unpacking packages_FITSio.tar.gz ...
Unpacking current *.tgz file
[1] "Initializing Console ..."
[1] "Inputing command line prompts ..."
[1] "Loading package FITSio."
[1] "Reading cB58_Lyman_break.fit ..."
[1] "Starting main process ..."
On File: spec-3684-55246-0001.fits 
On File: spec-3684-55246-0002.fits 
On File: spec-3684-55246-0003.fits 
On File: spec-3684-55246-0004.fits 
On File: spec-3684-55246-0005.fits 
On File: spec-3684-55246-0006.fits 
On File: spec-3684-55246-0007.fits 
On File: spec-3684-55246-0008.fits 
On File: spec-3684-55246-0009.fits 
On File: spec-3684-55246-0010.fits 
On File: spec-3684-55246-0011.fits 
On File: spec-3684-55246-0012.fits 
On File: spec-3684-55246-0013.fits 
On File: spec-3684-55246-0014.fits 
On File: spec-3684-55246-0015.fits 
On File: spec-3684-55246-0016.fits 
On File: spec-3684-55246-0017.fits 
On File: spec-3684-55246-0018.fits 
On File: spec-3684-55246-0019.fits 
On File: spec-3684-55246-0020.fits 
On File: spec-3684-55246-0021.fits 
On File: spec-3684-55246-0022.fits 
On File: spec-3684-55246-0023.fits 
On File: spec-3684-55246-0024.fits 
On File: spec-3684-55246-0025.fits 
On File: spec-3684-55246-0026.fits 
On File: spec-3684-55246-0027.fits 
On File: spec-3684-55246-0028.fits 
On File: spec-3684-55246-0029.fits 
On File: spec-3684-55246-0030.fits 
On File: spec-3684-55246-0031.fits 
On File: spec-3684-55246-0032.fits 
On File: spec-3684-55246-0033.fits 
On File: spec-3684-55246-0034.fits 
On File: spec-3684-55246-0035.fits 
On File: spec-3684-55246-0036.fits 
On File: spec-3684-55246-0037.fits 
On File: spec-3684-55246-0038.fits 
On File: spec-3684-55246-0039.fits 
On File: spec-3684-55246-0040.fits 
On File: spec-3684-55246-0041.fits 
On File: spec-3684-55246-0042.fits 
On File: spec-3684-55246-0043.fits 
On File: spec-3684-55246-0044.fits 
On File: spec-3684-55246-0045.fits 
On File: spec-3684-55246-0046.fits 
On File: spec-3684-55246-0047.fits 
On File: spec-3684-55246-0048.fits 
On File: spec-3684-55246-0049.fits 
On File: spec-3684-55246-0050.fits 
On File: spec-3684-55246-0051.fits 
On File: spec-3684-55246-0052.fits 
On File: spec-3684-55246-0053.fits 
On File: spec-3684-55246-0054.fits 
On File: spec-3684-55246-0055.fits 
On File: spec-3684-55246-0056.fits 
On File: spec-3684-55246-0057.fits 
On File: spec-3684-55246-0058.fits 
On File: spec-3684-55246-0059.fits 
On File: spec-3684-55246-0060.fits 
On File: spec-3684-55246-0061.fits 
On File: spec-3684-55246-0062.fits 
On File: spec-3684-55246-0063.fits 
On File: spec-3684-55246-0064.fits 
On File: spec-3684-55246-0065.fits 
On File: spec-3684-55246-0066.fits 
On File: spec-3684-55246-0067.fits 
On File: spec-3684-55246-0068.fits 
On File: spec-3684-55246-0069.fits 
On File: spec-3684-55246-0070.fits 
On File: spec-3684-55246-0071.fits 
On File: spec-3684-55246-0072.fits 
On File: spec-3684-55246-0073.fits 
On File: spec-3684-55246-0074.fits 
On File: spec-3684-55246-0075.fits 
On File: spec-3684-55246-0076.fits 
On File: spec-3684-55246-0077.fits 
On File: spec-3684-55246-0078.fits 
On File: spec-3684-55246-0079.fits 
On File: spec-3684-55246-0080.fits 
On File: spec-3684-55246-0081.fits 
On File: spec-3684-55246-0082.fits 
On File: spec-3684-55246-0083.fits 
On File: spec-3684-55246-0084.fits 
On File: spec-3684-55246-0085.fits 
On File: spec-3684-55246-0086.fits 
On File: spec-3684-55246-0087.fits 
On File: spec-3684-55246-0088.fits 
On File: spec-3684-55246-0089.fits 
On File: spec-3684-55246-0090.fits 
On File: spec-3684-55246-0091.fits 
On File: spec-3684-55246-0092.fits 
On File: spec-3684-55246-0093.fits 
On File: spec-3684-55246-0094.fits 
On File: spec-3684-55246-0095.fits 
On File: spec-3684-55246-0096.fits 
On File: spec-3684-55246-0097.fits 
On File: spec-3684-55246-0098.fits 
On File: spec-3684-55246-0099.fits 
On File: spec-3684-55246-0100.fits 
On File: spec-3684-55246-0101.fits 
On File: spec-3684-55246-0102.fits 
On File: spec-3684-55246-0103.fits 
On File: spec-3684-55246-0104.fits 
On File: spec-3684-55246-0105.fits 
On File: spec-3684-55246-0106.fits 
On File: spec-3684-55246-0107.fits 
On File: spec-3684-55246-0108.fits 
On File: spec-3684-55246-0109.fits 
On File: spec-3684-55246-0110.fits 
On File: spec-3684-55246-0111.fits 
On File: spec-3684-55246-0112.fits 
On File: spec-3684-55246-0113.fits 
On File: spec-3684-55246-0114.fits 
On File: spec-3684-55246-0115.fits 
On File: spec-3684-55246-0116.fits 
On File: spec-3684-55246-0117.fits 
On File: spec-3684-55246-0118.fits 
On File: spec-3684-55246-0119.fits 
On File: spec-3684-55246-0120.fits 
On File: spec-3684-55246-0121.fits 
On File: spec-3684-55246-0122.fits 
On File: spec-3684-55246-0123.fits 
On File: spec-3684-55246-0124.fits 
On File: spec-3684-55246-0125.fits 
On File: spec-3684-55246-0126.fits 
On File: spec-3684-55246-0127.fits 
On File: spec-3684-55246-0128.fits 
On File: spec-3684-55246-0129.fits 
On File: spec-3684-55246-0130.fits 
On File: spec-3684-55246-0131.fits 
On File: spec-3684-55246-0132.fits 
On File: spec-3684-55246-0133.fits 
On File: spec-3684-55246-0134.fits 
On File: spec-3684-55246-0135.fits 
On File: spec-3684-55246-0136.fits 
On File: spec-3684-55246-0137.fits 
On File: spec-3684-55246-0138.fits 
On File: spec-3684-55246-0139.fits 
On File: spec-3684-55246-0140.fits 
On File: spec-3684-55246-0141.fits 
On File: spec-3684-55246-0142.fits 
On File: spec-3684-55246-0143.fits 
On File: spec-3684-55246-0144.fits 
On File: spec-3684-55246-0145.fits 
On File: spec-3684-55246-0146.fits 
On File: spec-3684-55246-0147.fits 
On File: spec-3684-55246-0148.fits 
On File: spec-3684-55246-0149.fits 
On File: spec-3684-55246-0150.fits 
On File: spec-3684-55246-0151.fits 
On File: spec-3684-55246-0152.fits 
On File: spec-3684-55246-0153.fits 
On File: spec-3684-55246-0154.fits 
On File: spec-3684-55246-0155.fits 
On File: spec-3684-55246-0156.fits 
On File: spec-3684-55246-0157.fits 
On File: spec-3684-55246-0158.fits 
On File: spec-3684-55246-0159.fits 
On File: spec-3684-55246-0160.fits 
On File: spec-3684-55246-0161.fits 
On File: spec-3684-55246-0162.fits 
On File: spec-3684-55246-0163.fits 
On File: spec-3684-55246-0164.fits 
On File: spec-3684-55246-0165.fits 
On File: spec-3684-55246-0166.fits 
On File: spec-3684-55246-0167.fits 
On File: spec-3684-55246-0168.fits 
On File: spec-3684-55246-0169.fits 
On File: spec-3684-55246-0170.fits 
On File: spec-3684-55246-0171.fits 
On File: spec-3684-55246-0172.fits 
On File: spec-3684-55246-0173.fits 
On File: spec-3684-55246-0174.fits 
On File: spec-3684-55246-0175.fits 
On File: spec-3684-55246-0176.fits 
On File: spec-3684-55246-0177.fits 
On File: spec-3684-55246-0178.fits 
On File: spec-3684-55246-0179.fits 
On File: spec-3684-55246-0180.fits 
On File: spec-3684-55246-0181.fits 
On File: spec-3684-55246-0182.fits 
On File: spec-3684-55246-0183.fits 
On File: spec-3684-55246-0184.fits 
On File: spec-3684-55246-0185.fits 
On File: spec-3684-55246-0186.fits 
On File: spec-3684-55246-0187.fits 
On File: spec-3684-55246-0188.fits 
On File: spec-3684-55246-0189.fits 
On File: spec-3684-55246-0190.fits 
On File: spec-3684-55246-0191.fits 
On File: spec-3684-55246-0192.fits 
On File: spec-3684-55246-0193.fits 
On File: spec-3684-55246-0194.fits 
On File: spec-3684-55246-0195.fits 
On File: spec-3684-55246-0196.fits 
On File: spec-3684-55246-0197.fits 
On File: spec-3684-55246-0198.fits 
On File: spec-3684-55246-0199.fits 
On File: spec-3684-55246-0200.fits 
On File: spec-3684-55246-0201.fits 
On File: spec-3684-55246-0202.fits 
On File: spec-3684-55246-0203.fits 
On File: spec-3684-55246-0204.fits 
On File: spec-3684-55246-0205.fits 
On File: spec-3684-55246-0206.fits 
On File: spec-3684-55246-0207.fits 
On File: spec-3684-55246-0208.fits 
On File: spec-3684-55246-0209.fits 
On File: spec-3684-55246-0210.fits 
On File: spec-3684-55246-0211.fits 
On File: spec-3684-55246-0212.fits 
On File: spec-3684-55246-0213.fits 
On File: spec-3684-55246-0214.fits 
On File: spec-3684-55246-0215.fits 
On File: spec-3684-55246-0216.fits 
On File: spec-3684-55246-0217.fits 
On File: spec-3684-55246-0218.fits 
On File: spec-3684-55246-0219.fits 
On File: spec-3684-55246-0220.fits 
On File: spec-3684-55246-0221.fits 
On File: spec-3684-55246-0222.fits 
On File: spec-3684-55246-0223.fits 
On File: spec-3684-55246-0224.fits 
On File: spec-3684-55246-0225.fits 
On File: spec-3684-55246-0226.fits 
On File: spec-3684-55246-0227.fits 
On File: spec-3684-55246-0228.fits 
On File: spec-3684-55246-0229.fits 
On File: spec-3684-55246-0230.fits 
On File: spec-3684-55246-0231.fits 
On File: spec-3684-55246-0232.fits 
On File: spec-3684-55246-0233.fits 
On File: spec-3684-55246-0234.fits 
On File: spec-3684-55246-0235.fits 
On File: spec-3684-55246-0236.fits 
On File: spec-3684-55246-0237.fits 
On File: spec-3684-55246-0238.fits 
On File: spec-3684-55246-0239.fits 
On File: spec-3684-55246-0240.fits 
On File: spec-3684-55246-0241.fits 
On File: spec-3684-55246-0242.fits 
On File: spec-3684-55246-0243.fits 
On File: spec-3684-55246-0244.fits 
On File: spec-3684-55246-0245.fits 
On File: spec-3684-55246-0246.fits 
On File: spec-3684-55246-0247.fits 
On File: spec-3684-55246-0248.fits 
On File: spec-3684-55246-0249.fits 
On File: spec-3684-55246-0250.fits 
On File: spec-3684-55246-0251.fits 
On File: spec-3684-55246-0252.fits 
On File: spec-3684-55246-0253.fits 
On File: spec-3684-55246-0254.fits 
On File: spec-3684-55246-0255.fits 
On File: spec-3684-55246-0256.fits 
On File: spec-3684-55246-0257.fits 
On File: spec-3684-55246-0258.fits 
On File: spec-3684-55246-0259.fits 
On File: spec-3684-55246-0260.fits 
On File: spec-3684-55246-0261.fits 
On File: spec-3684-55246-0262.fits 
On File: spec-3684-55246-0263.fits 
On File: spec-3684-55246-0264.fits 
On File: spec-3684-55246-0265.fits 
On File: spec-3684-55246-0266.fits 
On File: spec-3684-55246-0267.fits 
On File: spec-3684-55246-0268.fits 
On File: spec-3684-55246-0269.fits 
On File: spec-3684-55246-0270.fits 
On File: spec-3684-55246-0271.fits 
On File: spec-3684-55246-0272.fits 
On File: spec-3684-55246-0273.fits 
On File: spec-3684-55246-0274.fits 
On File: spec-3684-55246-0275.fits 
On File: spec-3684-55246-0276.fits 
On File: spec-3684-55246-0277.fits 
On File: spec-3684-55246-0278.fits 
On File: spec-3684-55246-0279.fits 
On File: spec-3684-55246-0280.fits 
On File: spec-3684-55246-0281.fits 
On File: spec-3684-55246-0282.fits 
On File: spec-3684-55246-0283.fits 
On File: spec-3684-55246-0284.fits 
On File: spec-3684-55246-0285.fits 
On File: spec-3684-55246-0286.fits 
On File: spec-3684-55246-0287.fits 
On File: spec-3684-55246-0288.fits 
On File: spec-3684-55246-0289.fits 
On File: spec-3684-55246-0290.fits 
On File: spec-3684-55246-0291.fits 
On File: spec-3684-55246-0292.fits 
On File: spec-3684-55246-0293.fits 
On File: spec-3684-55246-0294.fits 
On File: spec-3684-55246-0295.fits 
On File: spec-3684-55246-0296.fits 
On File: spec-3684-55246-0297.fits 
On File: spec-3684-55246-0298.fits 
On File: spec-3684-55246-0299.fits 
On File: spec-3684-55246-0300.fits 
On File: spec-3684-55246-0301.fits 
On File: spec-3684-55246-0302.fits 
On File: spec-3684-55246-0303.fits 
On File: spec-3684-55246-0304.fits 
On File: spec-3684-55246-0305.fits 
On File: spec-3684-55246-0306.fits 
On File: spec-3684-55246-0307.fits 
On File: spec-3684-55246-0308.fits 
On File: spec-3684-55246-0309.fits 
On File: spec-3684-55246-0310.fits 
On File: spec-3684-55246-0311.fits 
On File: spec-3684-55246-0312.fits 
On File: spec-3684-55246-0313.fits 
On File: spec-3684-55246-0314.fits 
On File: spec-3684-55246-0315.fits 
On File: spec-3684-55246-0316.fits 
On File: spec-3684-55246-0317.fits 
On File: spec-3684-55246-0318.fits 
On File: spec-3684-55246-0319.fits 
On File: spec-3684-55246-0320.fits 
On File: spec-3684-55246-0321.fits 
On File: spec-3684-55246-0322.fits 
On File: spec-3684-55246-0323.fits 
On File: spec-3684-55246-0324.fits 
On File: spec-3684-55246-0325.fits 
On File: spec-3684-55246-0326.fits 
On File: spec-3684-55246-0327.fits 
On File: spec-3684-55246-0328.fits 
On File: spec-3684-55246-0329.fits 
On File: spec-3684-55246-0330.fits 
On File: spec-3684-55246-0331.fits 
On File: spec-3684-55246-0332.fits 
On File: spec-3684-55246-0333.fits 
On File: spec-3684-55246-0334.fits 
On File: spec-3684-55246-0335.fits 
On File: spec-3684-55246-0336.fits 
On File: spec-3684-55246-0337.fits 
On File: spec-3684-55246-0338.fits 
On File: spec-3684-55246-0339.fits 
On File: spec-3684-55246-0340.fits 
On File: spec-3684-55246-0341.fits 
On File: spec-3684-55246-0342.fits 
On File: spec-3684-55246-0343.fits 
On File: spec-3684-55246-0344.fits 
On File: spec-3684-55246-0345.fits 
On File: spec-3684-55246-0346.fits 
On File: spec-3684-55246-0347.fits 
On File: spec-3684-55246-0348.fits 
On File: spec-3684-55246-0349.fits 
On File: spec-3684-55246-0350.fits 
On File: spec-3684-55246-0351.fits 
On File: spec-3684-55246-0352.fits 
On File: spec-3684-55246-0353.fits 
On File: spec-3684-55246-0354.fits 
On File: spec-3684-55246-0355.fits 
On File: spec-3684-55246-0356.fits 
On File: spec-3684-55246-0357.fits 
On File: spec-3684-55246-0358.fits 
On File: spec-3684-55246-0359.fits 
On File: spec-3684-55246-0360.fits 
On File: spec-3684-55246-0361.fits 
On File: spec-3684-55246-0362.fits 
On File: spec-3684-55246-0363.fits 
On File: spec-3684-55246-0364.fits 
On File: spec-3684-55246-0365.fits 
On File: spec-3684-55246-0366.fits 
On File: spec-3684-55246-0367.fits 
On File: spec-3684-55246-0368.fits 
On File: spec-3684-55246-0369.fits 
On File: spec-3684-55246-0370.fits 
On File: spec-3684-55246-0371.fits 
On File: spec-3684-55246-0372.fits 
On File: spec-3684-55246-0373.fits 
On File: spec-3684-55246-0374.fits 
On File: spec-3684-55246-0375.fits 
On File: spec-3684-55246-0376.fits 
On File: spec-3684-55246-0377.fits 
On File: spec-3684-55246-0378.fits 
On File: spec-3684-55246-0379.fits 
On File: spec-3684-55246-0380.fits 
On File: spec-3684-55246-0381.fits 
On File: spec-3684-55246-0382.fits 
On File: spec-3684-55246-0383.fits 
On File: spec-3684-55246-0384.fits 
On File: spec-3684-55246-0385.fits 
On File: spec-3684-55246-0386.fits 
On File: spec-3684-55246-0387.fits 
On File: spec-3684-55246-0388.fits 
On File: spec-3684-55246-0389.fits 
On File: spec-3684-55246-0390.fits 
On File: spec-3684-55246-0391.fits 
On File: spec-3684-55246-0392.fits 
On File: spec-3684-55246-0393.fits 
On File: spec-3684-55246-0394.fits 
On File: spec-3684-55246-0395.fits 
On File: spec-3684-55246-0396.fits 
On File: spec-3684-55246-0397.fits 
On File: spec-3684-55246-0398.fits 
On File: spec-3684-55246-0399.fits 
On File: spec-3684-55246-0400.fits 
On File: spec-3684-55246-0401.fits 
On File: spec-3684-55246-0402.fits 
On File: spec-3684-55246-0403.fits 
On File: spec-3684-55246-0404.fits 
On File: spec-3684-55246-0405.fits 
On File: spec-3684-55246-0406.fits 
On File: spec-3684-55246-0407.fits 
On File: spec-3684-55246-0408.fits 
On File: spec-3684-55246-0409.fits 
On File: spec-3684-55246-0410.fits 
On File: spec-3684-55246-0411.fits 
On File: spec-3684-55246-0412.fits 
On File: spec-3684-55246-0413.fits 
On File: spec-3684-55246-0414.fits 
On File: spec-3684-55246-0415.fits 
On File: spec-3684-55246-0416.fits 
On File: spec-3684-55246-0417.fits 
On File: spec-3684-55246-0418.fits 
On File: spec-3684-55246-0419.fits 
On File: spec-3684-55246-0420.fits 
On File: spec-3684-55246-0421.fits 
On File: spec-3684-55246-0422.fits 
On File: spec-3684-55246-0423.fits 
On File: spec-3684-55246-0424.fits 
On File: spec-3684-55246-0425.fits 
On File: spec-3684-55246-0426.fits 
On File: spec-3684-55246-0427.fits 
On File: spec-3684-55246-0428.fits 
On File: spec-3684-55246-0429.fits 
On File: spec-3684-55246-0430.fits 
On File: spec-3684-55246-0431.fits 
On File: spec-3684-55246-0432.fits 
On File: spec-3684-55246-0433.fits 
On File: spec-3684-55246-0434.fits 
On File: spec-3684-55246-0435.fits 
On File: spec-3684-55246-0436.fits 
On File: spec-3684-55246-0437.fits 
On File: spec-3684-55246-0438.fits 
On File: spec-3684-55246-0439.fits 
On File: spec-3684-55246-0440.fits 
On File: spec-3684-55246-0441.fits 
On File: spec-3684-55246-0442.fits 
On File: spec-3684-55246-0443.fits 
On File: spec-3684-55246-0444.fits 
On File: spec-3684-55246-0445.fits 
On File: spec-3684-55246-0446.fits 
On File: spec-3684-55246-0447.fits 
On File: spec-3684-55246-0448.fits 
On File: spec-3684-55246-0449.fits 
On File: spec-3684-55246-0450.fits 
On File: spec-3684-55246-0451.fits 
On File: spec-3684-55246-0452.fits 
On File: spec-3684-55246-0453.fits 
On File: spec-3684-55246-0454.fits 
On File: spec-3684-55246-0455.fits 
On File: spec-3684-55246-0456.fits 
On File: spec-3684-55246-0457.fits 
On File: spec-3684-55246-0458.fits 
On File: spec-3684-55246-0459.fits 
On File: spec-3684-55246-0460.fits 
On File: spec-3684-55246-0461.fits 
On File: spec-3684-55246-0462.fits 
On File: spec-3684-55246-0463.fits 
On File: spec-3684-55246-0464.fits 
On File: spec-3684-55246-0465.fits 
On File: spec-3684-55246-0466.fits 
On File: spec-3684-55246-0467.fits 
On File: spec-3684-55246-0468.fits 
On File: spec-3684-55246-0469.fits 
On File: spec-3684-55246-0470.fits 
On File: spec-3684-55246-0471.fits 
On File: spec-3684-55246-0472.fits 
On File: spec-3684-55246-0473.fits 
On File: spec-3684-55246-0474.fits 
On File: spec-3684-55246-0475.fits 
On File: spec-3684-55246-0476.fits 
On File: spec-3684-55246-0477.fits 
On File: spec-3684-55246-0478.fits 
On File: spec-3684-55246-0479.fits 
On File: spec-3684-55246-0480.fits 
On File: spec-3684-55246-0481.fits 
On File: spec-3684-55246-0482.fits 
On File: spec-3684-55246-0483.fits 
On File: spec-3684-55246-0484.fits 
On File: spec-3684-55246-0485.fits 
On File: spec-3684-55246-0486.fits 
On File: spec-3684-55246-0487.fits 
On File: spec-3684-55246-0488.fits 
On File: spec-3684-55246-0489.fits 
On File: spec-3684-55246-0490.fits 
On File: spec-3684-55246-0491.fits 
On File: spec-3684-55246-0492.fits 
On File: spec-3684-55246-0493.fits 
On File: spec-3684-55246-0494.fits 
On File: spec-3684-55246-0495.fits 
On File: spec-3684-55246-0496.fits 
On File: spec-3684-55246-0497.fits 
On File: spec-3684-55246-0498.fits 
On File: spec-3684-55246-0499.fits 
On File: spec-3684-55246-0500.fits 
On File: spec-3684-55246-0501.fits 
On File: spec-3684-55246-0502.fits 
On File: spec-3684-55246-0503.fits 
On File: spec-3684-55246-0504.fits 
On File: spec-3684-55246-0505.fits 
On File: spec-3684-55246-0506.fits 
On File: spec-3684-55246-0507.fits 
On File: spec-3684-55246-0508.fits 
On File: spec-3684-55246-0509.fits 
On File: spec-3684-55246-0510.fits 
On File: spec-3684-55246-0511.fits 
On File: spec-3684-55246-0512.fits 
On File: spec-3684-55246-0513.fits 
On File: spec-3684-55246-0514.fits 
On File: spec-3684-55246-0515.fits 
On File: spec-3684-55246-0516.fits 
On File: spec-3684-55246-0517.fits 
On File: spec-3684-55246-0518.fits 
On File: spec-3684-55246-0519.fits 
On File: spec-3684-55246-0520.fits 
On File: spec-3684-55246-0521.fits 
On File: spec-3684-55246-0522.fits 
On File: spec-3684-55246-0523.fits 
On File: spec-3684-55246-0524.fits 
On File: spec-3684-55246-0525.fits 
On File: spec-3684-55246-0526.fits 
On File: spec-3684-55246-0527.fits 
On File: spec-3684-55246-0528.fits 
On File: spec-3684-55246-0529.fits 
On File: spec-3684-55246-0530.fits 
On File: spec-3684-55246-0531.fits 
On File: spec-3684-55246-0532.fits 
On File: spec-3684-55246-0533.fits 
On File: spec-3684-55246-0534.fits 
On File: spec-3684-55246-0535.fits 
On File: spec-3684-55246-0536.fits 
On File: spec-3684-55246-0537.fits 
On File: spec-3684-55246-0538.fits 
On File: spec-3684-55246-0539.fits 
On File: spec-3684-55246-0540.fits 
On File: spec-3684-55246-0541.fits 
On File: spec-3684-55246-0542.fits 
On File: spec-3684-55246-0543.fits 
On File: spec-3684-55246-0544.fits 
On File: spec-3684-55246-0545.fits 
On File: spec-3684-55246-0546.fits 
On File: spec-3684-55246-0547.fits 
On File: spec-3684-55246-0548.fits 
On File: spec-3684-55246-0549.fits 
On File: spec-3684-55246-0550.fits 
On File: spec-3684-55246-0551.fits 
On File: spec-3684-55246-0552.fits 
On File: spec-3684-55246-0553.fits 
On File: spec-3684-55246-0554.fits 
On File: spec-3684-55246-0555.fits 
On File: spec-3684-55246-0556.fits 
On File: spec-3684-55246-0557.fits 
On File: spec-3684-55246-0558.fits 
On File: spec-3684-55246-0559.fits 
On File: spec-3684-55246-0560.fits 
On File: spec-3684-55246-0561.fits 
On File: spec-3684-55246-0562.fits 
On File: spec-3684-55246-0563.fits 
On File: spec-3684-55246-0564.fits 
On File: spec-3684-55246-0565.fits 
On File: spec-3684-55246-0566.fits 
On File: spec-3684-55246-0567.fits 
On File: spec-3684-55246-0568.fits 
On File: spec-3684-55246-0569.fits 
On File: spec-3684-55246-0570.fits 
On File: spec-3684-55246-0571.fits 
On File: spec-3684-55246-0572.fits 
On File: spec-3684-55246-0573.fits 
On File: spec-3684-55246-0574.fits 
On File: spec-3684-55246-0575.fits 
On File: spec-3684-55246-0576.fits 
On File: spec-3684-55246-0577.fits 
On File: spec-3684-55246-0578.fits 
On File: spec-3684-55246-0579.fits 
On File: spec-3684-55246-0580.fits 
On File: spec-3684-55246-0581.fits 
On File: spec-3684-55246-0582.fits 
On File: spec-3684-55246-0583.fits 
On File: spec-3684-55246-0584.fits 
On File: spec-3684-55246-0585.fits 
On File: spec-3684-55246-0586.fits 
On File: spec-3684-55246-0587.fits 
On File: spec-3684-55246-0588.fits 
On File: spec-3684-55246-0589.fits 
On File: spec-3684-55246-0590.fits 
On File: spec-3684-55246-0591.fits 
On File: spec-3684-55246-0592.fits 
On File: spec-3684-55246-0593.fits 
On File: spec-3684-55246-0594.fits 
On File: spec-3684-55246-0595.fits 
On File: spec-3684-55246-0596.fits 
On File: spec-3684-55246-0597.fits 
On File: spec-3684-55246-0598.fits 
On File: spec-3684-55246-0599.fits 
On File: spec-3684-55246-0600.fits 
On File: spec-3684-55246-0601.fits 
On File: spec-3684-55246-0602.fits 
On File: spec-3684-55246-0603.fits 
On File: spec-3684-55246-0604.fits 
On File: spec-3684-55246-0605.fits 
On File: spec-3684-55246-0606.fits 
On File: spec-3684-55246-0607.fits 
On File: spec-3684-55246-0608.fits 
On File: spec-3684-55246-0609.fits 
On File: spec-3684-55246-0610.fits 
On File: spec-3684-55246-0611.fits 
On File: spec-3684-55246-0612.fits 
On File: spec-3684-55246-0613.fits 
On File: spec-3684-55246-0614.fits 
On File: spec-3684-55246-0615.fits 
On File: spec-3684-55246-0616.fits 
On File: spec-3684-55246-0617.fits 
On File: spec-3684-55246-0618.fits 
On File: spec-3684-55246-0619.fits 
On File: spec-3684-55246-0620.fits 
On File: spec-3684-55246-0621.fits 
On File: spec-3684-55246-0622.fits 
On File: spec-3684-55246-0623.fits 
On File: spec-3684-55246-0624.fits 
On File: spec-3684-55246-0625.fits 
On File: spec-3684-55246-0626.fits 
On File: spec-3684-55246-0627.fits 
On File: spec-3684-55246-0628.fits 
On File: spec-3684-55246-0629.fits 
On File: spec-3684-55246-0630.fits 
On File: spec-3684-55246-0631.fits 
On File: spec-3684-55246-0632.fits 
On File: spec-3684-55246-0633.fits 
On File: spec-3684-55246-0634.fits 
On File: spec-3684-55246-0635.fits 
On File: spec-3684-55246-0636.fits 
On File: spec-3684-55246-0637.fits 
On File: spec-3684-55246-0638.fits 
On File: spec-3684-55246-0639.fits 
On File: spec-3684-55246-0640.fits 
On File: spec-3684-55246-0641.fits 
On File: spec-3684-55246-0642.fits 
On File: spec-3684-55246-0643.fits 
On File: spec-3684-55246-0644.fits 
On File: spec-3684-55246-0645.fits 
On File: spec-3684-55246-0646.fits 
On File: spec-3684-55246-0647.fits 
On File: spec-3684-55246-0648.fits 
On File: spec-3684-55246-0649.fits 
On File: spec-3684-55246-0650.fits 
On File: spec-3684-55246-0651.fits 
On File: spec-3684-55246-0652.fits 
On File: spec-3684-55246-0653.fits 
On File: spec-3684-55246-0654.fits 
On File: spec-3684-55246-0655.fits 
On File: spec-3684-55246-0656.fits 
On File: spec-3684-55246-0657.fits 
On File: spec-3684-55246-0658.fits 
On File: spec-3684-55246-0659.fits 
On File: spec-3684-55246-0660.fits 
On File: spec-3684-55246-0661.fits 
On File: spec-3684-55246-0662.fits 
On File: spec-3684-55246-0663.fits 
On File: spec-3684-55246-0664.fits 
On File: spec-3684-55246-0665.fits 
On File: spec-3684-55246-0666.fits 
On File: spec-3684-55246-0667.fits 
On File: spec-3684-55246-0668.fits 
On File: spec-3684-55246-0669.fits 
On File: spec-3684-55246-0670.fits 
On File: spec-3684-55246-0671.fits 
On File: spec-3684-55246-0672.fits 
On File: spec-3684-55246-0673.fits 
On File: spec-3684-55246-0674.fits 
On File: spec-3684-55246-0675.fits 
On File: spec-3684-55246-0676.fits 
On File: spec-3684-55246-0677.fits 
On File: spec-3684-55246-0678.fits 
On File: spec-3684-55246-0679.fits 
On File: spec-3684-55246-0680.fits 
On File: spec-3684-55246-0681.fits 
On File: spec-3684-55246-0682.fits 
On File: spec-3684-55246-0683.fits 
On File: spec-3684-55246-0684.fits 
On File: spec-3684-55246-0685.fits 
On File: spec-3684-55246-0686.fits 
On File: spec-3684-55246-0687.fits 
On File: spec-3684-55246-0688.fits 
On File: spec-3684-55246-0689.fits 
On File: spec-3684-55246-0690.fits 
On File: spec-3684-55246-0691.fits 
On File: spec-3684-55246-0692.fits 
On File: spec-3684-55246-0693.fits 
On File: spec-3684-55246-0694.fits 
On File: spec-3684-55246-0695.fits 
On File: spec-3684-55246-0696.fits 
On File: spec-3684-55246-0697.fits 
On File: spec-3684-55246-0698.fits 
On File: spec-3684-55246-0699.fits 
On File: spec-3684-55246-0700.fits 
On File: spec-3684-55246-0701.fits 
On File: spec-3684-55246-0702.fits 
On File: spec-3684-55246-0703.fits 
On File: spec-3684-55246-0704.fits 
On File: spec-3684-55246-0705.fits 
On File: spec-3684-55246-0706.fits 
On File: spec-3684-55246-0707.fits 
On File: spec-3684-55246-0708.fits 
On File: spec-3684-55246-0709.fits 
On File: spec-3684-55246-0710.fits 
On File: spec-3684-55246-0711.fits 
On File: spec-3684-55246-0712.fits 
On File: spec-3684-55246-0713.fits 
On File: spec-3684-55246-0714.fits 
On File: spec-3684-55246-0715.fits 
On File: spec-3684-55246-0716.fits 
On File: spec-3684-55246-0717.fits 
On File: spec-3684-55246-0718.fits 
On File: spec-3684-55246-0719.fits 
On File: spec-3684-55246-0720.fits 
On File: spec-3684-55246-0721.fits 
On File: spec-3684-55246-0722.fits 
On File: spec-3684-55246-0723.fits 
On File: spec-3684-55246-0724.fits 
On File: spec-3684-55246-0725.fits 
On File: spec-3684-55246-0726.fits 
On File: spec-3684-55246-0727.fits 
On File: spec-3684-55246-0728.fits 
On File: spec-3684-55246-0729.fits 
On File: spec-3684-55246-0730.fits 
On File: spec-3684-55246-0731.fits 
On File: spec-3684-55246-0732.fits 
On File: spec-3684-55246-0733.fits 
On File: spec-3684-55246-0734.fits 
On File: spec-3684-55246-0735.fits 
On File: spec-3684-55246-0736.fits 
On File: spec-3684-55246-0737.fits 
On File: spec-3684-55246-0738.fits 
On File: spec-3684-55246-0739.fits 
On File: spec-3684-55246-0740.fits 
On File: spec-3684-55246-0741.fits 
On File: spec-3684-55246-0742.fits 
On File: spec-3684-55246-0743.fits 
On File: spec-3684-55246-0744.fits 
On File: spec-3684-55246-0745.fits 
On File: spec-3684-55246-0746.fits 
On File: spec-3684-55246-0747.fits 
On File: spec-3684-55246-0748.fits 
On File: spec-3684-55246-0749.fits 
On File: spec-3684-55246-0750.fits 
On File: spec-3684-55246-0751.fits 
On File: spec-3684-55246-0752.fits 
On File: spec-3684-55246-0753.fits 
On File: spec-3684-55246-0754.fits 
On File: spec-3684-55246-0755.fits 
On File: spec-3684-55246-0756.fits 
On File: spec-3684-55246-0757.fits 
On File: spec-3684-55246-0758.fits 
On File: spec-3684-55246-0759.fits 
On File: spec-3684-55246-0760.fits 
On File: spec-3684-55246-0761.fits 
On File: spec-3684-55246-0762.fits 
On File: spec-3684-55246-0763.fits 
On File: spec-3684-55246-0764.fits 
On File: spec-3684-55246-0765.fits 
On File: spec-3684-55246-0766.fits 
On File: spec-3684-55246-0767.fits 
On File: spec-3684-55246-0768.fits 
On File: spec-3684-55246-0769.fits 
On File: spec-3684-55246-0770.fits 
On File: spec-3684-55246-0771.fits 
On File: spec-3684-55246-0772.fits 
On File: spec-3684-55246-0773.fits 
On File: spec-3684-55246-0774.fits 
On File: spec-3684-55246-0775.fits 
On File: spec-3684-55246-0776.fits 
On File: spec-3684-55246-0777.fits 
On File: spec-3684-55246-0778.fits 
On File: spec-3684-55246-0779.fits 
On File: spec-3684-55246-0780.fits 
On File: spec-3684-55246-0781.fits 
On File: spec-3684-55246-0782.fits 
On File: spec-3684-55246-0783.fits 
On File: spec-3684-55246-0784.fits 
On File: spec-3684-55246-0785.fits 
On File: spec-3684-55246-0786.fits 
On File: spec-3684-55246-0787.fits 
On File: spec-3684-55246-0788.fits 
On File: spec-3684-55246-0789.fits 
On File: spec-3684-55246-0790.fits 
On File: spec-3684-55246-0791.fits 
On File: spec-3684-55246-0792.fits 
On File: spec-3684-55246-0793.fits 
On File: spec-3684-55246-0794.fits 
On File: spec-3684-55246-0795.fits 
On File: spec-3684-55246-0796.fits 
On File: spec-3684-55246-0797.fits 
On File: spec-3684-55246-0798.fits 
On File: spec-3684-55246-0799.fits 
On File: spec-3684-55246-0800.fits 
On File: spec-3684-55246-0801.fits 
On File: spec-3684-55246-0802.fits 
On File: spec-3684-55246-0803.fits 
On File: spec-3684-55246-0804.fits 
On File: spec-3684-55246-0805.fits 
On File: spec-3684-55246-0806.fits 
On File: spec-3684-55246-0807.fits 
On File: spec-3684-55246-0808.fits 
On File: spec-3684-55246-0809.fits 
On File: spec-3684-55246-0810.fits 
On File: spec-3684-55246-0811.fits 
On File: spec-3684-55246-0812.fits 
On File: spec-3684-55246-0813.fits 
On File: spec-3684-55246-0814.fits 
On File: spec-3684-55246-0815.fits 
On File: spec-3684-55246-0816.fits 
On File: spec-3684-55246-0817.fits 
On File: spec-3684-55246-0818.fits 
On File: spec-3684-55246-0819.fits 
On File: spec-3684-55246-0820.fits 
On File: spec-3684-55246-0821.fits 
On File: spec-3684-55246-0822.fits 
On File: spec-3684-55246-0823.fits 
On File: spec-3684-55246-0824.fits 
On File: spec-3684-55246-0825.fits 
On File: spec-3684-55246-0826.fits 
On File: spec-3684-55246-0827.fits 
On File: spec-3684-55246-0828.fits 
On File: spec-3684-55246-0829.fits 
On File: spec-3684-55246-0830.fits 
On File: spec-3684-55246-0831.fits 
On File: spec-3684-55246-0832.fits 
On File: spec-3684-55246-0833.fits 
On File: spec-3684-55246-0834.fits 
On File: spec-3684-55246-0835.fits 
On File: spec-3684-55246-0836.fits 
On File: spec-3684-55246-0837.fits 
On File: spec-3684-55246-0838.fits 
On File: spec-3684-55246-0839.fits 
On File: spec-3684-55246-0840.fits 
On File: spec-3684-55246-0841.fits 
On File: spec-3684-55246-0842.fits 
On File: spec-3684-55246-0843.fits 
On File: spec-3684-55246-0844.fits 
On File: spec-3684-55246-0845.fits 
On File: spec-3684-55246-0846.fits 
On File: spec-3684-55246-0847.fits 
On File: spec-3684-55246-0848.fits 
On File: spec-3684-55246-0849.fits 
On File: spec-3684-55246-0850.fits 
On File: spec-3684-55246-0851.fits 
On File: spec-3684-55246-0852.fits 
On File: spec-3684-55246-0853.fits 
On File: spec-3684-55246-0854.fits 
On File: spec-3684-55246-0855.fits 
On File: spec-3684-55246-0856.fits 
On File: spec-3684-55246-0857.fits 
On File: spec-3684-55246-0858.fits 
On File: spec-3684-55246-0859.fits 
On File: spec-3684-55246-0860.fits 
On File: spec-3684-55246-0861.fits 
On File: spec-3684-55246-0862.fits 
On File: spec-3684-55246-0863.fits 
On File: spec-3684-55246-0864.fits 
On File: spec-3684-55246-0865.fits 
On File: spec-3684-55246-0866.fits 
On File: spec-3684-55246-0867.fits 
On File: spec-3684-55246-0868.fits 
On File: spec-3684-55246-0869.fits 
On File: spec-3684-55246-0870.fits 
On File: spec-3684-55246-0871.fits 
On File: spec-3684-55246-0872.fits 
On File: spec-3684-55246-0873.fits 
On File: spec-3684-55246-0874.fits 
On File: spec-3684-55246-0875.fits 
On File: spec-3684-55246-0876.fits 
On File: spec-3684-55246-0877.fits 
On File: spec-3684-55246-0878.fits 
On File: spec-3684-55246-0879.fits 
On File: spec-3684-55246-0880.fits 
On File: spec-3684-55246-0881.fits 
On File: spec-3684-55246-0882.fits 
On File: spec-3684-55246-0883.fits 
On File: spec-3684-55246-0884.fits 
On File: spec-3684-55246-0885.fits 
On File: spec-3684-55246-0886.fits 
On File: spec-3684-55246-0887.fits 
On File: spec-3684-55246-0888.fits 
On File: spec-3684-55246-0889.fits 
On File: spec-3684-55246-0890.fits 
On File: spec-3684-55246-0891.fits 
On File: spec-3684-55246-0892.fits 
On File: spec-3684-55246-0893.fits 
On File: spec-3684-55246-0894.fits 
On File: spec-3684-55246-0895.fits 
On File: spec-3684-55246-0896.fits 
On File: spec-3684-55246-0897.fits 
On File: spec-3684-55246-0898.fits 
On File: spec-3684-55246-0899.fits 
On File: spec-3684-55246-0900.fits 
On File: spec-3684-55246-0901.fits 
On File: spec-3684-55246-0902.fits 
On File: spec-3684-55246-0903.fits 
On File: spec-3684-55246-0904.fits 
On File: spec-3684-55246-0905.fits 
On File: spec-3684-55246-0906.fits 
On File: spec-3684-55246-0907.fits 
On File: spec-3684-55246-0908.fits 
On File: spec-3684-55246-0909.fits 
On File: spec-3684-55246-0910.fits 
On File: spec-3684-55246-0911.fits 
On File: spec-3684-55246-0912.fits 
On File: spec-3684-55246-0913.fits 
On File: spec-3684-55246-0914.fits 
On File: spec-3684-55246-0915.fits 
On File: spec-3684-55246-0916.fits 
On File: spec-3684-55246-0917.fits 
On File: spec-3684-55246-0918.fits 
On File: spec-3684-55246-0919.fits 
On File: spec-3684-55246-0920.fits 
On File: spec-3684-55246-0921.fits 
On File: spec-3684-55246-0922.fits 
On File: spec-3684-55246-0923.fits 
On File: spec-3684-55246-0924.fits 
On File: spec-3684-55246-0925.fits 
On File: spec-3684-55246-0926.fits 
On File: spec-3684-55246-0927.fits 
On File: spec-3684-55246-0928.fits 
On File: spec-3684-55246-0929.fits 
On File: spec-3684-55246-0930.fits 
On File: spec-3684-55246-0931.fits 
On File: spec-3684-55246-0932.fits 
On File: spec-3684-55246-0933.fits 
On File: spec-3684-55246-0934.fits 
On File: spec-3684-55246-0935.fits 
On File: spec-3684-55246-0936.fits 
On File: spec-3684-55246-0937.fits 
On File: spec-3684-55246-0938.fits 
On File: spec-3684-55246-0939.fits 
On File: spec-3684-55246-0940.fits 
On File: spec-3684-55246-0941.fits 
On File: spec-3684-55246-0942.fits 
On File: spec-3684-55246-0943.fits 
On File: spec-3684-55246-0944.fits 
On File: spec-3684-55246-0945.fits 
On File: spec-3684-55246-0946.fits 
On File: spec-3684-55246-0947.fits 
On File: spec-3684-55246-0948.fits 
On File: spec-3684-55246-0949.fits 
On File: spec-3684-55246-0950.fits 
On File: spec-3684-55246-0951.fits 
On File: spec-3684-55246-0952.fits 
On File: spec-3684-55246-0953.fits 
On File: spec-3684-55246-0954.fits 
On File: spec-3684-55246-0955.fits 
On File: spec-3684-55246-0956.fits 
On File: spec-3684-55246-0957.fits 
On File: spec-3684-55246-0958.fits 
On File: spec-3684-55246-0959.fits 
On File: spec-3684-55246-0960.fits 
On File: spec-3684-55246-0961.fits 
On File: spec-3684-55246-0962.fits 
On File: spec-3684-55246-0963.fits 
On File: spec-3684-55246-0964.fits 
On File: spec-3684-55246-0965.fits 
On File: spec-3684-55246-0966.fits 
On File: spec-3684-55246-0967.fits 
On File: spec-3684-55246-0968.fits 
On File: spec-3684-55246-0969.fits 
On File: spec-3684-55246-0970.fits 
On File: spec-3684-55246-0971.fits 
On File: spec-3684-55246-0972.fits 
On File: spec-3684-55246-0973.fits 
On File: spec-3684-55246-0974.fits 
On File: spec-3684-55246-0975.fits 
On File: spec-3684-55246-0976.fits 
On File: spec-3684-55246-0977.fits 
On File: spec-3684-55246-0978.fits 
On File: spec-3684-55246-0979.fits 
On File: spec-3684-55246-0980.fits 
On File: spec-3684-55246-0981.fits 
On File: spec-3684-55246-0982.fits 
On File: spec-3684-55246-0983.fits 
On File: spec-3684-55246-0984.fits 
On File: spec-3684-55246-0985.fits 
On File: spec-3684-55246-0986.fits 
On File: spec-3684-55246-0987.fits 
On File: spec-3684-55246-0988.fits 
On File: spec-3684-55246-0989.fits 
On File: spec-3684-55246-0990.fits 
On File: spec-3684-55246-0991.fits 
On File: spec-3684-55246-0992.fits 
On File: spec-3684-55246-0993.fits 
On File: spec-3684-55246-0994.fits 
On File: spec-3684-55246-0995.fits 
On File: spec-3684-55246-0996.fits 
On File: spec-3684-55246-0997.fits 
On File: spec-3684-55246-0998.fits 
On File: spec-3684-55246-0999.fits 
On File: spec-3684-55246-1000.fits 
[1] "Job Complete!"
