Unpacking R413.tar.gz ...
Unpacking packages_FITSio.tar.gz ...
Unpacking current *.tgz file
[1] "Initializing Console ..."
[1] "Inputing command line prompts ..."
[1] "Loading package FITSio."
[1] "Reading cB58_Lyman_break.fit ..."
[1] "Starting main process ..."
On File: spec-3656-55241-0001.fits 
On File: spec-3656-55241-0002.fits 
On File: spec-3656-55241-0003.fits 
On File: spec-3656-55241-0004.fits 
On File: spec-3656-55241-0005.fits 
On File: spec-3656-55241-0006.fits 
On File: spec-3656-55241-0007.fits 
On File: spec-3656-55241-0008.fits 
On File: spec-3656-55241-0009.fits 
On File: spec-3656-55241-0010.fits 
On File: spec-3656-55241-0011.fits 
On File: spec-3656-55241-0012.fits 
On File: spec-3656-55241-0013.fits 
On File: spec-3656-55241-0014.fits 
On File: spec-3656-55241-0015.fits 
On File: spec-3656-55241-0016.fits 
On File: spec-3656-55241-0017.fits 
On File: spec-3656-55241-0018.fits 
On File: spec-3656-55241-0019.fits 
On File: spec-3656-55241-0020.fits 
On File: spec-3656-55241-0021.fits 
On File: spec-3656-55241-0022.fits 
On File: spec-3656-55241-0023.fits 
On File: spec-3656-55241-0024.fits 
On File: spec-3656-55241-0025.fits 
On File: spec-3656-55241-0026.fits 
On File: spec-3656-55241-0027.fits 
On File: spec-3656-55241-0028.fits 
On File: spec-3656-55241-0029.fits 
On File: spec-3656-55241-0030.fits 
On File: spec-3656-55241-0031.fits 
On File: spec-3656-55241-0032.fits 
On File: spec-3656-55241-0033.fits 
On File: spec-3656-55241-0034.fits 
On File: spec-3656-55241-0035.fits 
On File: spec-3656-55241-0036.fits 
On File: spec-3656-55241-0037.fits 
On File: spec-3656-55241-0038.fits 
On File: spec-3656-55241-0039.fits 
On File: spec-3656-55241-0040.fits 
On File: spec-3656-55241-0041.fits 
On File: spec-3656-55241-0042.fits 
On File: spec-3656-55241-0043.fits 
On File: spec-3656-55241-0044.fits 
On File: spec-3656-55241-0045.fits 
On File: spec-3656-55241-0046.fits 
On File: spec-3656-55241-0047.fits 
On File: spec-3656-55241-0048.fits 
On File: spec-3656-55241-0049.fits 
On File: spec-3656-55241-0050.fits 
On File: spec-3656-55241-0051.fits 
On File: spec-3656-55241-0052.fits 
On File: spec-3656-55241-0053.fits 
On File: spec-3656-55241-0054.fits 
On File: spec-3656-55241-0055.fits 
On File: spec-3656-55241-0056.fits 
On File: spec-3656-55241-0057.fits 
On File: spec-3656-55241-0058.fits 
On File: spec-3656-55241-0059.fits 
On File: spec-3656-55241-0060.fits 
On File: spec-3656-55241-0061.fits 
On File: spec-3656-55241-0062.fits 
On File: spec-3656-55241-0063.fits 
On File: spec-3656-55241-0064.fits 
On File: spec-3656-55241-0065.fits 
On File: spec-3656-55241-0066.fits 
On File: spec-3656-55241-0067.fits 
On File: spec-3656-55241-0068.fits 
On File: spec-3656-55241-0069.fits 
On File: spec-3656-55241-0070.fits 
On File: spec-3656-55241-0071.fits 
On File: spec-3656-55241-0072.fits 
On File: spec-3656-55241-0073.fits 
On File: spec-3656-55241-0074.fits 
On File: spec-3656-55241-0075.fits 
On File: spec-3656-55241-0076.fits 
On File: spec-3656-55241-0077.fits 
On File: spec-3656-55241-0078.fits 
On File: spec-3656-55241-0079.fits 
On File: spec-3656-55241-0080.fits 
On File: spec-3656-55241-0081.fits 
On File: spec-3656-55241-0082.fits 
On File: spec-3656-55241-0083.fits 
On File: spec-3656-55241-0084.fits 
On File: spec-3656-55241-0085.fits 
On File: spec-3656-55241-0086.fits 
On File: spec-3656-55241-0087.fits 
On File: spec-3656-55241-0088.fits 
On File: spec-3656-55241-0089.fits 
On File: spec-3656-55241-0090.fits 
On File: spec-3656-55241-0091.fits 
On File: spec-3656-55241-0092.fits 
On File: spec-3656-55241-0093.fits 
On File: spec-3656-55241-0094.fits 
On File: spec-3656-55241-0095.fits 
On File: spec-3656-55241-0096.fits 
On File: spec-3656-55241-0097.fits 
On File: spec-3656-55241-0098.fits 
On File: spec-3656-55241-0099.fits 
On File: spec-3656-55241-0100.fits 
On File: spec-3656-55241-0101.fits 
On File: spec-3656-55241-0102.fits 
On File: spec-3656-55241-0103.fits 
On File: spec-3656-55241-0104.fits 
On File: spec-3656-55241-0105.fits 
On File: spec-3656-55241-0106.fits 
On File: spec-3656-55241-0107.fits 
On File: spec-3656-55241-0108.fits 
On File: spec-3656-55241-0109.fits 
On File: spec-3656-55241-0110.fits 
On File: spec-3656-55241-0111.fits 
On File: spec-3656-55241-0112.fits 
On File: spec-3656-55241-0113.fits 
On File: spec-3656-55241-0114.fits 
On File: spec-3656-55241-0115.fits 
On File: spec-3656-55241-0116.fits 
On File: spec-3656-55241-0117.fits 
On File: spec-3656-55241-0118.fits 
On File: spec-3656-55241-0119.fits 
On File: spec-3656-55241-0120.fits 
On File: spec-3656-55241-0121.fits 
On File: spec-3656-55241-0122.fits 
On File: spec-3656-55241-0123.fits 
On File: spec-3656-55241-0124.fits 
On File: spec-3656-55241-0125.fits 
On File: spec-3656-55241-0126.fits 
On File: spec-3656-55241-0127.fits 
On File: spec-3656-55241-0128.fits 
On File: spec-3656-55241-0129.fits 
On File: spec-3656-55241-0130.fits 
On File: spec-3656-55241-0131.fits 
On File: spec-3656-55241-0132.fits 
On File: spec-3656-55241-0133.fits 
On File: spec-3656-55241-0134.fits 
On File: spec-3656-55241-0135.fits 
On File: spec-3656-55241-0136.fits 
On File: spec-3656-55241-0137.fits 
On File: spec-3656-55241-0138.fits 
On File: spec-3656-55241-0139.fits 
On File: spec-3656-55241-0140.fits 
On File: spec-3656-55241-0141.fits 
On File: spec-3656-55241-0142.fits 
On File: spec-3656-55241-0143.fits 
On File: spec-3656-55241-0144.fits 
On File: spec-3656-55241-0145.fits 
On File: spec-3656-55241-0146.fits 
On File: spec-3656-55241-0147.fits 
On File: spec-3656-55241-0148.fits 
On File: spec-3656-55241-0149.fits 
On File: spec-3656-55241-0150.fits 
On File: spec-3656-55241-0151.fits 
On File: spec-3656-55241-0152.fits 
On File: spec-3656-55241-0153.fits 
On File: spec-3656-55241-0154.fits 
On File: spec-3656-55241-0155.fits 
On File: spec-3656-55241-0156.fits 
On File: spec-3656-55241-0157.fits 
On File: spec-3656-55241-0158.fits 
On File: spec-3656-55241-0159.fits 
On File: spec-3656-55241-0160.fits 
On File: spec-3656-55241-0161.fits 
On File: spec-3656-55241-0162.fits 
On File: spec-3656-55241-0163.fits 
On File: spec-3656-55241-0164.fits 
On File: spec-3656-55241-0165.fits 
On File: spec-3656-55241-0166.fits 
On File: spec-3656-55241-0167.fits 
On File: spec-3656-55241-0168.fits 
On File: spec-3656-55241-0169.fits 
On File: spec-3656-55241-0170.fits 
On File: spec-3656-55241-0171.fits 
On File: spec-3656-55241-0172.fits 
On File: spec-3656-55241-0173.fits 
On File: spec-3656-55241-0174.fits 
On File: spec-3656-55241-0175.fits 
On File: spec-3656-55241-0176.fits 
On File: spec-3656-55241-0177.fits 
On File: spec-3656-55241-0178.fits 
On File: spec-3656-55241-0179.fits 
On File: spec-3656-55241-0180.fits 
On File: spec-3656-55241-0181.fits 
On File: spec-3656-55241-0182.fits 
On File: spec-3656-55241-0183.fits 
On File: spec-3656-55241-0184.fits 
On File: spec-3656-55241-0185.fits 
On File: spec-3656-55241-0186.fits 
On File: spec-3656-55241-0187.fits 
On File: spec-3656-55241-0188.fits 
On File: spec-3656-55241-0189.fits 
On File: spec-3656-55241-0190.fits 
On File: spec-3656-55241-0191.fits 
On File: spec-3656-55241-0192.fits 
On File: spec-3656-55241-0193.fits 
On File: spec-3656-55241-0194.fits 
On File: spec-3656-55241-0195.fits 
On File: spec-3656-55241-0196.fits 
On File: spec-3656-55241-0197.fits 
On File: spec-3656-55241-0198.fits 
On File: spec-3656-55241-0199.fits 
On File: spec-3656-55241-0200.fits 
On File: spec-3656-55241-0201.fits 
On File: spec-3656-55241-0202.fits 
On File: spec-3656-55241-0203.fits 
On File: spec-3656-55241-0204.fits 
On File: spec-3656-55241-0205.fits 
On File: spec-3656-55241-0206.fits 
On File: spec-3656-55241-0207.fits 
On File: spec-3656-55241-0208.fits 
On File: spec-3656-55241-0209.fits 
On File: spec-3656-55241-0210.fits 
On File: spec-3656-55241-0211.fits 
On File: spec-3656-55241-0212.fits 
On File: spec-3656-55241-0213.fits 
On File: spec-3656-55241-0214.fits 
On File: spec-3656-55241-0215.fits 
On File: spec-3656-55241-0216.fits 
On File: spec-3656-55241-0217.fits 
On File: spec-3656-55241-0218.fits 
On File: spec-3656-55241-0219.fits 
On File: spec-3656-55241-0220.fits 
On File: spec-3656-55241-0221.fits 
On File: spec-3656-55241-0222.fits 
On File: spec-3656-55241-0223.fits 
On File: spec-3656-55241-0224.fits 
On File: spec-3656-55241-0225.fits 
On File: spec-3656-55241-0226.fits 
On File: spec-3656-55241-0227.fits 
On File: spec-3656-55241-0228.fits 
On File: spec-3656-55241-0229.fits 
On File: spec-3656-55241-0230.fits 
On File: spec-3656-55241-0231.fits 
On File: spec-3656-55241-0232.fits 
On File: spec-3656-55241-0233.fits 
On File: spec-3656-55241-0234.fits 
On File: spec-3656-55241-0235.fits 
On File: spec-3656-55241-0236.fits 
On File: spec-3656-55241-0237.fits 
On File: spec-3656-55241-0238.fits 
On File: spec-3656-55241-0239.fits 
On File: spec-3656-55241-0240.fits 
On File: spec-3656-55241-0241.fits 
On File: spec-3656-55241-0242.fits 
On File: spec-3656-55241-0243.fits 
On File: spec-3656-55241-0244.fits 
On File: spec-3656-55241-0245.fits 
On File: spec-3656-55241-0246.fits 
On File: spec-3656-55241-0247.fits 
On File: spec-3656-55241-0248.fits 
On File: spec-3656-55241-0249.fits 
On File: spec-3656-55241-0250.fits 
On File: spec-3656-55241-0251.fits 
On File: spec-3656-55241-0252.fits 
On File: spec-3656-55241-0253.fits 
On File: spec-3656-55241-0254.fits 
On File: spec-3656-55241-0255.fits 
On File: spec-3656-55241-0256.fits 
On File: spec-3656-55241-0257.fits 
On File: spec-3656-55241-0258.fits 
On File: spec-3656-55241-0259.fits 
On File: spec-3656-55241-0260.fits 
On File: spec-3656-55241-0261.fits 
On File: spec-3656-55241-0262.fits 
On File: spec-3656-55241-0263.fits 
On File: spec-3656-55241-0264.fits 
On File: spec-3656-55241-0265.fits 
On File: spec-3656-55241-0266.fits 
On File: spec-3656-55241-0267.fits 
On File: spec-3656-55241-0268.fits 
On File: spec-3656-55241-0269.fits 
On File: spec-3656-55241-0270.fits 
On File: spec-3656-55241-0271.fits 
On File: spec-3656-55241-0272.fits 
On File: spec-3656-55241-0273.fits 
On File: spec-3656-55241-0274.fits 
On File: spec-3656-55241-0275.fits 
On File: spec-3656-55241-0276.fits 
On File: spec-3656-55241-0277.fits 
On File: spec-3656-55241-0278.fits 
On File: spec-3656-55241-0279.fits 
On File: spec-3656-55241-0280.fits 
On File: spec-3656-55241-0281.fits 
On File: spec-3656-55241-0282.fits 
On File: spec-3656-55241-0283.fits 
On File: spec-3656-55241-0284.fits 
On File: spec-3656-55241-0285.fits 
On File: spec-3656-55241-0286.fits 
On File: spec-3656-55241-0287.fits 
On File: spec-3656-55241-0288.fits 
On File: spec-3656-55241-0289.fits 
On File: spec-3656-55241-0290.fits 
On File: spec-3656-55241-0291.fits 
On File: spec-3656-55241-0292.fits 
On File: spec-3656-55241-0293.fits 
On File: spec-3656-55241-0294.fits 
On File: spec-3656-55241-0295.fits 
On File: spec-3656-55241-0296.fits 
On File: spec-3656-55241-0297.fits 
On File: spec-3656-55241-0298.fits 
On File: spec-3656-55241-0299.fits 
On File: spec-3656-55241-0300.fits 
On File: spec-3656-55241-0301.fits 
On File: spec-3656-55241-0302.fits 
On File: spec-3656-55241-0303.fits 
On File: spec-3656-55241-0304.fits 
On File: spec-3656-55241-0305.fits 
On File: spec-3656-55241-0306.fits 
On File: spec-3656-55241-0307.fits 
On File: spec-3656-55241-0308.fits 
On File: spec-3656-55241-0309.fits 
On File: spec-3656-55241-0310.fits 
On File: spec-3656-55241-0311.fits 
On File: spec-3656-55241-0312.fits 
On File: spec-3656-55241-0313.fits 
On File: spec-3656-55241-0314.fits 
On File: spec-3656-55241-0315.fits 
On File: spec-3656-55241-0316.fits 
On File: spec-3656-55241-0317.fits 
On File: spec-3656-55241-0318.fits 
On File: spec-3656-55241-0319.fits 
On File: spec-3656-55241-0320.fits 
On File: spec-3656-55241-0321.fits 
On File: spec-3656-55241-0322.fits 
On File: spec-3656-55241-0323.fits 
On File: spec-3656-55241-0324.fits 
On File: spec-3656-55241-0325.fits 
On File: spec-3656-55241-0326.fits 
On File: spec-3656-55241-0327.fits 
On File: spec-3656-55241-0328.fits 
On File: spec-3656-55241-0329.fits 
On File: spec-3656-55241-0330.fits 
On File: spec-3656-55241-0331.fits 
On File: spec-3656-55241-0332.fits 
On File: spec-3656-55241-0333.fits 
On File: spec-3656-55241-0334.fits 
On File: spec-3656-55241-0335.fits 
On File: spec-3656-55241-0336.fits 
On File: spec-3656-55241-0337.fits 
On File: spec-3656-55241-0338.fits 
On File: spec-3656-55241-0339.fits 
On File: spec-3656-55241-0340.fits 
On File: spec-3656-55241-0341.fits 
On File: spec-3656-55241-0342.fits 
On File: spec-3656-55241-0343.fits 
On File: spec-3656-55241-0344.fits 
On File: spec-3656-55241-0345.fits 
On File: spec-3656-55241-0346.fits 
On File: spec-3656-55241-0347.fits 
On File: spec-3656-55241-0348.fits 
On File: spec-3656-55241-0349.fits 
On File: spec-3656-55241-0350.fits 
On File: spec-3656-55241-0351.fits 
On File: spec-3656-55241-0352.fits 
On File: spec-3656-55241-0353.fits 
On File: spec-3656-55241-0354.fits 
On File: spec-3656-55241-0355.fits 
On File: spec-3656-55241-0356.fits 
On File: spec-3656-55241-0357.fits 
On File: spec-3656-55241-0358.fits 
On File: spec-3656-55241-0359.fits 
On File: spec-3656-55241-0360.fits 
On File: spec-3656-55241-0361.fits 
On File: spec-3656-55241-0362.fits 
On File: spec-3656-55241-0363.fits 
On File: spec-3656-55241-0364.fits 
On File: spec-3656-55241-0365.fits 
On File: spec-3656-55241-0366.fits 
On File: spec-3656-55241-0367.fits 
On File: spec-3656-55241-0368.fits 
On File: spec-3656-55241-0369.fits 
On File: spec-3656-55241-0370.fits 
On File: spec-3656-55241-0371.fits 
On File: spec-3656-55241-0372.fits 
On File: spec-3656-55241-0373.fits 
On File: spec-3656-55241-0374.fits 
On File: spec-3656-55241-0375.fits 
On File: spec-3656-55241-0376.fits 
On File: spec-3656-55241-0377.fits 
On File: spec-3656-55241-0378.fits 
On File: spec-3656-55241-0379.fits 
On File: spec-3656-55241-0380.fits 
On File: spec-3656-55241-0381.fits 
On File: spec-3656-55241-0382.fits 
On File: spec-3656-55241-0383.fits 
On File: spec-3656-55241-0384.fits 
On File: spec-3656-55241-0385.fits 
On File: spec-3656-55241-0386.fits 
On File: spec-3656-55241-0387.fits 
On File: spec-3656-55241-0388.fits 
On File: spec-3656-55241-0389.fits 
On File: spec-3656-55241-0390.fits 
On File: spec-3656-55241-0391.fits 
On File: spec-3656-55241-0392.fits 
On File: spec-3656-55241-0393.fits 
On File: spec-3656-55241-0394.fits 
On File: spec-3656-55241-0395.fits 
On File: spec-3656-55241-0396.fits 
On File: spec-3656-55241-0397.fits 
On File: spec-3656-55241-0398.fits 
On File: spec-3656-55241-0399.fits 
On File: spec-3656-55241-0400.fits 
On File: spec-3656-55241-0401.fits 
On File: spec-3656-55241-0402.fits 
On File: spec-3656-55241-0403.fits 
On File: spec-3656-55241-0404.fits 
On File: spec-3656-55241-0405.fits 
On File: spec-3656-55241-0406.fits 
On File: spec-3656-55241-0407.fits 
On File: spec-3656-55241-0408.fits 
On File: spec-3656-55241-0409.fits 
On File: spec-3656-55241-0410.fits 
On File: spec-3656-55241-0411.fits 
On File: spec-3656-55241-0412.fits 
On File: spec-3656-55241-0413.fits 
On File: spec-3656-55241-0414.fits 
On File: spec-3656-55241-0415.fits 
On File: spec-3656-55241-0416.fits 
On File: spec-3656-55241-0417.fits 
On File: spec-3656-55241-0418.fits 
On File: spec-3656-55241-0419.fits 
On File: spec-3656-55241-0420.fits 
On File: spec-3656-55241-0421.fits 
On File: spec-3656-55241-0422.fits 
On File: spec-3656-55241-0423.fits 
On File: spec-3656-55241-0424.fits 
On File: spec-3656-55241-0425.fits 
On File: spec-3656-55241-0426.fits 
On File: spec-3656-55241-0427.fits 
On File: spec-3656-55241-0428.fits 
On File: spec-3656-55241-0429.fits 
On File: spec-3656-55241-0430.fits 
On File: spec-3656-55241-0431.fits 
On File: spec-3656-55241-0432.fits 
On File: spec-3656-55241-0433.fits 
On File: spec-3656-55241-0434.fits 
On File: spec-3656-55241-0435.fits 
On File: spec-3656-55241-0436.fits 
On File: spec-3656-55241-0437.fits 
On File: spec-3656-55241-0438.fits 
On File: spec-3656-55241-0439.fits 
On File: spec-3656-55241-0440.fits 
On File: spec-3656-55241-0441.fits 
On File: spec-3656-55241-0442.fits 
On File: spec-3656-55241-0443.fits 
On File: spec-3656-55241-0444.fits 
On File: spec-3656-55241-0445.fits 
On File: spec-3656-55241-0446.fits 
On File: spec-3656-55241-0447.fits 
On File: spec-3656-55241-0448.fits 
On File: spec-3656-55241-0449.fits 
On File: spec-3656-55241-0450.fits 
On File: spec-3656-55241-0451.fits 
On File: spec-3656-55241-0452.fits 
On File: spec-3656-55241-0453.fits 
On File: spec-3656-55241-0454.fits 
On File: spec-3656-55241-0455.fits 
On File: spec-3656-55241-0456.fits 
On File: spec-3656-55241-0457.fits 
On File: spec-3656-55241-0458.fits 
On File: spec-3656-55241-0459.fits 
On File: spec-3656-55241-0460.fits 
On File: spec-3656-55241-0461.fits 
On File: spec-3656-55241-0462.fits 
On File: spec-3656-55241-0463.fits 
On File: spec-3656-55241-0464.fits 
On File: spec-3656-55241-0465.fits 
On File: spec-3656-55241-0466.fits 
On File: spec-3656-55241-0467.fits 
On File: spec-3656-55241-0468.fits 
On File: spec-3656-55241-0469.fits 
On File: spec-3656-55241-0470.fits 
On File: spec-3656-55241-0471.fits 
On File: spec-3656-55241-0472.fits 
On File: spec-3656-55241-0473.fits 
On File: spec-3656-55241-0474.fits 
On File: spec-3656-55241-0475.fits 
On File: spec-3656-55241-0476.fits 
On File: spec-3656-55241-0477.fits 
On File: spec-3656-55241-0478.fits 
On File: spec-3656-55241-0479.fits 
On File: spec-3656-55241-0480.fits 
On File: spec-3656-55241-0481.fits 
On File: spec-3656-55241-0482.fits 
On File: spec-3656-55241-0483.fits 
