Unpacking R413.tar.gz ...
Unpacking packages_FITSio.tar.gz ...
Unpacking current *.tgz file
[1] "Initializing Console ..."
[1] "Inputing command line prompts ..."
[1] "Loading package FITSio."
[1] "Reading cB58_Lyman_break.fit ..."
[1] "Starting main process ..."
On File: spec-3655-55240-0001.fits 
On File: spec-3655-55240-0002.fits 
On File: spec-3655-55240-0003.fits 
On File: spec-3655-55240-0004.fits 
On File: spec-3655-55240-0005.fits 
On File: spec-3655-55240-0006.fits 
On File: spec-3655-55240-0007.fits 
On File: spec-3655-55240-0008.fits 
On File: spec-3655-55240-0009.fits 
On File: spec-3655-55240-0010.fits 
On File: spec-3655-55240-0011.fits 
On File: spec-3655-55240-0012.fits 
On File: spec-3655-55240-0013.fits 
On File: spec-3655-55240-0014.fits 
On File: spec-3655-55240-0015.fits 
On File: spec-3655-55240-0016.fits 
On File: spec-3655-55240-0017.fits 
On File: spec-3655-55240-0018.fits 
On File: spec-3655-55240-0019.fits 
On File: spec-3655-55240-0020.fits 
On File: spec-3655-55240-0021.fits 
On File: spec-3655-55240-0022.fits 
On File: spec-3655-55240-0023.fits 
On File: spec-3655-55240-0024.fits 
On File: spec-3655-55240-0025.fits 
On File: spec-3655-55240-0026.fits 
On File: spec-3655-55240-0027.fits 
On File: spec-3655-55240-0028.fits 
On File: spec-3655-55240-0029.fits 
On File: spec-3655-55240-0030.fits 
On File: spec-3655-55240-0031.fits 
On File: spec-3655-55240-0032.fits 
On File: spec-3655-55240-0033.fits 
On File: spec-3655-55240-0034.fits 
On File: spec-3655-55240-0035.fits 
On File: spec-3655-55240-0036.fits 
On File: spec-3655-55240-0037.fits 
On File: spec-3655-55240-0038.fits 
On File: spec-3655-55240-0039.fits 
On File: spec-3655-55240-0040.fits 
On File: spec-3655-55240-0041.fits 
On File: spec-3655-55240-0042.fits 
On File: spec-3655-55240-0043.fits 
On File: spec-3655-55240-0044.fits 
On File: spec-3655-55240-0045.fits 
On File: spec-3655-55240-0046.fits 
On File: spec-3655-55240-0047.fits 
On File: spec-3655-55240-0048.fits 
On File: spec-3655-55240-0049.fits 
On File: spec-3655-55240-0050.fits 
On File: spec-3655-55240-0051.fits 
On File: spec-3655-55240-0052.fits 
On File: spec-3655-55240-0053.fits 
On File: spec-3655-55240-0054.fits 
On File: spec-3655-55240-0055.fits 
On File: spec-3655-55240-0056.fits 
On File: spec-3655-55240-0057.fits 
On File: spec-3655-55240-0058.fits 
On File: spec-3655-55240-0059.fits 
On File: spec-3655-55240-0060.fits 
On File: spec-3655-55240-0061.fits 
On File: spec-3655-55240-0062.fits 
On File: spec-3655-55240-0063.fits 
On File: spec-3655-55240-0064.fits 
On File: spec-3655-55240-0065.fits 
On File: spec-3655-55240-0066.fits 
On File: spec-3655-55240-0067.fits 
On File: spec-3655-55240-0068.fits 
On File: spec-3655-55240-0069.fits 
On File: spec-3655-55240-0070.fits 
On File: spec-3655-55240-0071.fits 
On File: spec-3655-55240-0072.fits 
On File: spec-3655-55240-0073.fits 
On File: spec-3655-55240-0074.fits 
On File: spec-3655-55240-0075.fits 
On File: spec-3655-55240-0076.fits 
On File: spec-3655-55240-0077.fits 
On File: spec-3655-55240-0078.fits 
On File: spec-3655-55240-0079.fits 
On File: spec-3655-55240-0080.fits 
On File: spec-3655-55240-0081.fits 
On File: spec-3655-55240-0082.fits 
On File: spec-3655-55240-0083.fits 
On File: spec-3655-55240-0084.fits 
On File: spec-3655-55240-0085.fits 
On File: spec-3655-55240-0086.fits 
On File: spec-3655-55240-0087.fits 
On File: spec-3655-55240-0088.fits 
On File: spec-3655-55240-0089.fits 
On File: spec-3655-55240-0090.fits 
On File: spec-3655-55240-0091.fits 
On File: spec-3655-55240-0092.fits 
On File: spec-3655-55240-0093.fits 
On File: spec-3655-55240-0094.fits 
On File: spec-3655-55240-0095.fits 
On File: spec-3655-55240-0096.fits 
On File: spec-3655-55240-0097.fits 
On File: spec-3655-55240-0098.fits 
On File: spec-3655-55240-0099.fits 
On File: spec-3655-55240-0100.fits 
On File: spec-3655-55240-0101.fits 
On File: spec-3655-55240-0102.fits 
On File: spec-3655-55240-0103.fits 
On File: spec-3655-55240-0104.fits 
On File: spec-3655-55240-0105.fits 
On File: spec-3655-55240-0106.fits 
On File: spec-3655-55240-0107.fits 
On File: spec-3655-55240-0108.fits 
On File: spec-3655-55240-0109.fits 
On File: spec-3655-55240-0110.fits 
On File: spec-3655-55240-0111.fits 
On File: spec-3655-55240-0112.fits 
On File: spec-3655-55240-0113.fits 
On File: spec-3655-55240-0114.fits 
On File: spec-3655-55240-0115.fits 
On File: spec-3655-55240-0116.fits 
On File: spec-3655-55240-0117.fits 
On File: spec-3655-55240-0118.fits 
On File: spec-3655-55240-0119.fits 
On File: spec-3655-55240-0120.fits 
On File: spec-3655-55240-0121.fits 
On File: spec-3655-55240-0122.fits 
On File: spec-3655-55240-0123.fits 
On File: spec-3655-55240-0124.fits 
On File: spec-3655-55240-0125.fits 
On File: spec-3655-55240-0126.fits 
On File: spec-3655-55240-0127.fits 
On File: spec-3655-55240-0128.fits 
On File: spec-3655-55240-0129.fits 
On File: spec-3655-55240-0130.fits 
On File: spec-3655-55240-0131.fits 
On File: spec-3655-55240-0132.fits 
On File: spec-3655-55240-0133.fits 
On File: spec-3655-55240-0134.fits 
On File: spec-3655-55240-0135.fits 
On File: spec-3655-55240-0136.fits 
On File: spec-3655-55240-0137.fits 
On File: spec-3655-55240-0138.fits 
On File: spec-3655-55240-0139.fits 
On File: spec-3655-55240-0140.fits 
On File: spec-3655-55240-0141.fits 
On File: spec-3655-55240-0142.fits 
On File: spec-3655-55240-0143.fits 
On File: spec-3655-55240-0144.fits 
On File: spec-3655-55240-0145.fits 
On File: spec-3655-55240-0146.fits 
On File: spec-3655-55240-0147.fits 
On File: spec-3655-55240-0148.fits 
On File: spec-3655-55240-0149.fits 
On File: spec-3655-55240-0150.fits 
On File: spec-3655-55240-0151.fits 
On File: spec-3655-55240-0152.fits 
On File: spec-3655-55240-0153.fits 
On File: spec-3655-55240-0154.fits 
On File: spec-3655-55240-0155.fits 
On File: spec-3655-55240-0156.fits 
On File: spec-3655-55240-0157.fits 
On File: spec-3655-55240-0158.fits 
On File: spec-3655-55240-0159.fits 
On File: spec-3655-55240-0160.fits 
On File: spec-3655-55240-0161.fits 
On File: spec-3655-55240-0162.fits 
On File: spec-3655-55240-0163.fits 
On File: spec-3655-55240-0164.fits 
On File: spec-3655-55240-0165.fits 
On File: spec-3655-55240-0166.fits 
On File: spec-3655-55240-0167.fits 
On File: spec-3655-55240-0168.fits 
On File: spec-3655-55240-0169.fits 
On File: spec-3655-55240-0170.fits 
On File: spec-3655-55240-0171.fits 
On File: spec-3655-55240-0172.fits 
On File: spec-3655-55240-0173.fits 
On File: spec-3655-55240-0174.fits 
On File: spec-3655-55240-0175.fits 
On File: spec-3655-55240-0176.fits 
On File: spec-3655-55240-0177.fits 
On File: spec-3655-55240-0178.fits 
On File: spec-3655-55240-0179.fits 
On File: spec-3655-55240-0180.fits 
On File: spec-3655-55240-0181.fits 
On File: spec-3655-55240-0182.fits 
On File: spec-3655-55240-0183.fits 
On File: spec-3655-55240-0184.fits 
On File: spec-3655-55240-0185.fits 
On File: spec-3655-55240-0186.fits 
On File: spec-3655-55240-0187.fits 
On File: spec-3655-55240-0188.fits 
On File: spec-3655-55240-0189.fits 
On File: spec-3655-55240-0190.fits 
On File: spec-3655-55240-0191.fits 
On File: spec-3655-55240-0192.fits 
On File: spec-3655-55240-0193.fits 
On File: spec-3655-55240-0194.fits 
On File: spec-3655-55240-0195.fits 
On File: spec-3655-55240-0196.fits 
On File: spec-3655-55240-0197.fits 
On File: spec-3655-55240-0198.fits 
On File: spec-3655-55240-0199.fits 
On File: spec-3655-55240-0200.fits 
On File: spec-3655-55240-0201.fits 
On File: spec-3655-55240-0202.fits 
On File: spec-3655-55240-0203.fits 
On File: spec-3655-55240-0204.fits 
On File: spec-3655-55240-0205.fits 
On File: spec-3655-55240-0206.fits 
On File: spec-3655-55240-0207.fits 
On File: spec-3655-55240-0208.fits 
On File: spec-3655-55240-0209.fits 
On File: spec-3655-55240-0210.fits 
On File: spec-3655-55240-0211.fits 
On File: spec-3655-55240-0212.fits 
On File: spec-3655-55240-0213.fits 
On File: spec-3655-55240-0214.fits 
On File: spec-3655-55240-0215.fits 
On File: spec-3655-55240-0216.fits 
On File: spec-3655-55240-0217.fits 
On File: spec-3655-55240-0218.fits 
On File: spec-3655-55240-0219.fits 
On File: spec-3655-55240-0220.fits 
On File: spec-3655-55240-0221.fits 
On File: spec-3655-55240-0222.fits 
On File: spec-3655-55240-0223.fits 
On File: spec-3655-55240-0224.fits 
On File: spec-3655-55240-0225.fits 
On File: spec-3655-55240-0226.fits 
On File: spec-3655-55240-0227.fits 
On File: spec-3655-55240-0228.fits 
On File: spec-3655-55240-0229.fits 
On File: spec-3655-55240-0230.fits 
On File: spec-3655-55240-0231.fits 
On File: spec-3655-55240-0232.fits 
On File: spec-3655-55240-0233.fits 
On File: spec-3655-55240-0234.fits 
On File: spec-3655-55240-0235.fits 
On File: spec-3655-55240-0236.fits 
On File: spec-3655-55240-0237.fits 
On File: spec-3655-55240-0238.fits 
On File: spec-3655-55240-0239.fits 
On File: spec-3655-55240-0240.fits 
On File: spec-3655-55240-0241.fits 
On File: spec-3655-55240-0242.fits 
On File: spec-3655-55240-0243.fits 
On File: spec-3655-55240-0244.fits 
On File: spec-3655-55240-0245.fits 
On File: spec-3655-55240-0246.fits 
On File: spec-3655-55240-0247.fits 
On File: spec-3655-55240-0248.fits 
On File: spec-3655-55240-0249.fits 
On File: spec-3655-55240-0250.fits 
On File: spec-3655-55240-0251.fits 
On File: spec-3655-55240-0252.fits 
On File: spec-3655-55240-0253.fits 
On File: spec-3655-55240-0254.fits 
On File: spec-3655-55240-0255.fits 
On File: spec-3655-55240-0256.fits 
On File: spec-3655-55240-0257.fits 
On File: spec-3655-55240-0258.fits 
On File: spec-3655-55240-0259.fits 
On File: spec-3655-55240-0260.fits 
On File: spec-3655-55240-0261.fits 
On File: spec-3655-55240-0262.fits 
On File: spec-3655-55240-0263.fits 
On File: spec-3655-55240-0264.fits 
On File: spec-3655-55240-0265.fits 
On File: spec-3655-55240-0266.fits 
On File: spec-3655-55240-0267.fits 
On File: spec-3655-55240-0268.fits 
On File: spec-3655-55240-0269.fits 
On File: spec-3655-55240-0270.fits 
On File: spec-3655-55240-0271.fits 
On File: spec-3655-55240-0272.fits 
On File: spec-3655-55240-0273.fits 
On File: spec-3655-55240-0274.fits 
On File: spec-3655-55240-0275.fits 
On File: spec-3655-55240-0276.fits 
On File: spec-3655-55240-0277.fits 
On File: spec-3655-55240-0278.fits 
On File: spec-3655-55240-0279.fits 
On File: spec-3655-55240-0280.fits 
On File: spec-3655-55240-0281.fits 
On File: spec-3655-55240-0282.fits 
On File: spec-3655-55240-0283.fits 
On File: spec-3655-55240-0284.fits 
On File: spec-3655-55240-0285.fits 
On File: spec-3655-55240-0286.fits 
On File: spec-3655-55240-0287.fits 
On File: spec-3655-55240-0288.fits 
On File: spec-3655-55240-0289.fits 
On File: spec-3655-55240-0290.fits 
On File: spec-3655-55240-0291.fits 
On File: spec-3655-55240-0292.fits 
On File: spec-3655-55240-0293.fits 
On File: spec-3655-55240-0294.fits 
On File: spec-3655-55240-0295.fits 
On File: spec-3655-55240-0296.fits 
On File: spec-3655-55240-0297.fits 
On File: spec-3655-55240-0298.fits 
On File: spec-3655-55240-0299.fits 
On File: spec-3655-55240-0300.fits 
On File: spec-3655-55240-0301.fits 
On File: spec-3655-55240-0302.fits 
On File: spec-3655-55240-0303.fits 
On File: spec-3655-55240-0304.fits 
On File: spec-3655-55240-0305.fits 
On File: spec-3655-55240-0306.fits 
On File: spec-3655-55240-0307.fits 
On File: spec-3655-55240-0308.fits 
On File: spec-3655-55240-0309.fits 
On File: spec-3655-55240-0310.fits 
On File: spec-3655-55240-0311.fits 
On File: spec-3655-55240-0312.fits 
On File: spec-3655-55240-0313.fits 
On File: spec-3655-55240-0314.fits 
On File: spec-3655-55240-0315.fits 
On File: spec-3655-55240-0316.fits 
On File: spec-3655-55240-0317.fits 
On File: spec-3655-55240-0318.fits 
On File: spec-3655-55240-0319.fits 
On File: spec-3655-55240-0320.fits 
On File: spec-3655-55240-0321.fits 
On File: spec-3655-55240-0322.fits 
On File: spec-3655-55240-0323.fits 
On File: spec-3655-55240-0324.fits 
On File: spec-3655-55240-0325.fits 
On File: spec-3655-55240-0326.fits 
On File: spec-3655-55240-0327.fits 
On File: spec-3655-55240-0328.fits 
On File: spec-3655-55240-0329.fits 
On File: spec-3655-55240-0330.fits 
On File: spec-3655-55240-0331.fits 
On File: spec-3655-55240-0332.fits 
On File: spec-3655-55240-0333.fits 
On File: spec-3655-55240-0334.fits 
On File: spec-3655-55240-0335.fits 
On File: spec-3655-55240-0336.fits 
On File: spec-3655-55240-0337.fits 
On File: spec-3655-55240-0338.fits 
On File: spec-3655-55240-0339.fits 
On File: spec-3655-55240-0340.fits 
On File: spec-3655-55240-0341.fits 
On File: spec-3655-55240-0342.fits 
On File: spec-3655-55240-0343.fits 
On File: spec-3655-55240-0344.fits 
On File: spec-3655-55240-0345.fits 
On File: spec-3655-55240-0346.fits 
On File: spec-3655-55240-0347.fits 
On File: spec-3655-55240-0348.fits 
On File: spec-3655-55240-0349.fits 
On File: spec-3655-55240-0350.fits 
On File: spec-3655-55240-0351.fits 
On File: spec-3655-55240-0352.fits 
On File: spec-3655-55240-0353.fits 
On File: spec-3655-55240-0354.fits 
On File: spec-3655-55240-0355.fits 
On File: spec-3655-55240-0356.fits 
On File: spec-3655-55240-0357.fits 
On File: spec-3655-55240-0358.fits 
On File: spec-3655-55240-0359.fits 
On File: spec-3655-55240-0360.fits 
On File: spec-3655-55240-0361.fits 
On File: spec-3655-55240-0362.fits 
On File: spec-3655-55240-0363.fits 
On File: spec-3655-55240-0364.fits 
On File: spec-3655-55240-0365.fits 
On File: spec-3655-55240-0366.fits 
On File: spec-3655-55240-0367.fits 
On File: spec-3655-55240-0368.fits 
On File: spec-3655-55240-0369.fits 
On File: spec-3655-55240-0370.fits 
On File: spec-3655-55240-0371.fits 
On File: spec-3655-55240-0372.fits 
On File: spec-3655-55240-0373.fits 
On File: spec-3655-55240-0374.fits 
On File: spec-3655-55240-0375.fits 
On File: spec-3655-55240-0376.fits 
On File: spec-3655-55240-0377.fits 
On File: spec-3655-55240-0378.fits 
On File: spec-3655-55240-0379.fits 
On File: spec-3655-55240-0380.fits 
On File: spec-3655-55240-0381.fits 
On File: spec-3655-55240-0382.fits 
On File: spec-3655-55240-0383.fits 
On File: spec-3655-55240-0384.fits 
On File: spec-3655-55240-0385.fits 
On File: spec-3655-55240-0386.fits 
On File: spec-3655-55240-0387.fits 
On File: spec-3655-55240-0388.fits 
On File: spec-3655-55240-0389.fits 
On File: spec-3655-55240-0390.fits 
On File: spec-3655-55240-0391.fits 
On File: spec-3655-55240-0392.fits 
On File: spec-3655-55240-0393.fits 
On File: spec-3655-55240-0394.fits 
On File: spec-3655-55240-0395.fits 
On File: spec-3655-55240-0396.fits 
On File: spec-3655-55240-0397.fits 
On File: spec-3655-55240-0398.fits 
On File: spec-3655-55240-0399.fits 
On File: spec-3655-55240-0400.fits 
On File: spec-3655-55240-0401.fits 
On File: spec-3655-55240-0402.fits 
On File: spec-3655-55240-0403.fits 
On File: spec-3655-55240-0404.fits 
On File: spec-3655-55240-0405.fits 
On File: spec-3655-55240-0406.fits 
On File: spec-3655-55240-0407.fits 
On File: spec-3655-55240-0408.fits 
On File: spec-3655-55240-0409.fits 
On File: spec-3655-55240-0410.fits 
On File: spec-3655-55240-0411.fits 
On File: spec-3655-55240-0412.fits 
On File: spec-3655-55240-0413.fits 
On File: spec-3655-55240-0414.fits 
On File: spec-3655-55240-0415.fits 
On File: spec-3655-55240-0416.fits 
On File: spec-3655-55240-0417.fits 
On File: spec-3655-55240-0418.fits 
On File: spec-3655-55240-0419.fits 
On File: spec-3655-55240-0420.fits 
On File: spec-3655-55240-0421.fits 
On File: spec-3655-55240-0422.fits 
On File: spec-3655-55240-0423.fits 
On File: spec-3655-55240-0424.fits 
On File: spec-3655-55240-0425.fits 
On File: spec-3655-55240-0426.fits 
On File: spec-3655-55240-0427.fits 
On File: spec-3655-55240-0428.fits 
On File: spec-3655-55240-0429.fits 
On File: spec-3655-55240-0430.fits 
On File: spec-3655-55240-0431.fits 
On File: spec-3655-55240-0432.fits 
On File: spec-3655-55240-0433.fits 
On File: spec-3655-55240-0434.fits 
On File: spec-3655-55240-0435.fits 
On File: spec-3655-55240-0436.fits 
On File: spec-3655-55240-0437.fits 
On File: spec-3655-55240-0438.fits 
On File: spec-3655-55240-0439.fits 
On File: spec-3655-55240-0440.fits 
On File: spec-3655-55240-0441.fits 
On File: spec-3655-55240-0442.fits 
On File: spec-3655-55240-0443.fits 
On File: spec-3655-55240-0444.fits 
On File: spec-3655-55240-0445.fits 
On File: spec-3655-55240-0446.fits 
On File: spec-3655-55240-0447.fits 
On File: spec-3655-55240-0448.fits 
On File: spec-3655-55240-0449.fits 
On File: spec-3655-55240-0450.fits 
On File: spec-3655-55240-0451.fits 
On File: spec-3655-55240-0452.fits 
On File: spec-3655-55240-0453.fits 
On File: spec-3655-55240-0454.fits 
On File: spec-3655-55240-0455.fits 
On File: spec-3655-55240-0456.fits 
On File: spec-3655-55240-0457.fits 
On File: spec-3655-55240-0458.fits 
On File: spec-3655-55240-0459.fits 
On File: spec-3655-55240-0460.fits 
On File: spec-3655-55240-0461.fits 
On File: spec-3655-55240-0462.fits 
On File: spec-3655-55240-0463.fits 
On File: spec-3655-55240-0464.fits 
On File: spec-3655-55240-0465.fits 
On File: spec-3655-55240-0466.fits 
On File: spec-3655-55240-0467.fits 
On File: spec-3655-55240-0468.fits 
On File: spec-3655-55240-0469.fits 
On File: spec-3655-55240-0470.fits 
On File: spec-3655-55240-0471.fits 
On File: spec-3655-55240-0472.fits 
On File: spec-3655-55240-0473.fits 
On File: spec-3655-55240-0474.fits 
On File: spec-3655-55240-0475.fits 
On File: spec-3655-55240-0476.fits 
On File: spec-3655-55240-0477.fits 
On File: spec-3655-55240-0478.fits 
On File: spec-3655-55240-0479.fits 
On File: spec-3655-55240-0480.fits 
On File: spec-3655-55240-0481.fits 
On File: spec-3655-55240-0482.fits 
On File: spec-3655-55240-0483.fits 
On File: spec-3655-55240-0484.fits 
On File: spec-3655-55240-0485.fits 
On File: spec-3655-55240-0486.fits 
On File: spec-3655-55240-0487.fits 
On File: spec-3655-55240-0488.fits 
On File: spec-3655-55240-0489.fits 
On File: spec-3655-55240-0490.fits 
On File: spec-3655-55240-0491.fits 
On File: spec-3655-55240-0492.fits 
On File: spec-3655-55240-0493.fits 
On File: spec-3655-55240-0494.fits 
On File: spec-3655-55240-0495.fits 
On File: spec-3655-55240-0496.fits 
On File: spec-3655-55240-0497.fits 
On File: spec-3655-55240-0498.fits 
On File: spec-3655-55240-0499.fits 
On File: spec-3655-55240-0500.fits 
On File: spec-3655-55240-0501.fits 
On File: spec-3655-55240-0502.fits 
On File: spec-3655-55240-0503.fits 
On File: spec-3655-55240-0504.fits 
On File: spec-3655-55240-0505.fits 
On File: spec-3655-55240-0506.fits 
On File: spec-3655-55240-0507.fits 
On File: spec-3655-55240-0508.fits 
On File: spec-3655-55240-0509.fits 
On File: spec-3655-55240-0510.fits 
On File: spec-3655-55240-0511.fits 
On File: spec-3655-55240-0512.fits 
On File: spec-3655-55240-0513.fits 
On File: spec-3655-55240-0514.fits 
On File: spec-3655-55240-0515.fits 
On File: spec-3655-55240-0516.fits 
On File: spec-3655-55240-0517.fits 
On File: spec-3655-55240-0518.fits 
On File: spec-3655-55240-0519.fits 
On File: spec-3655-55240-0520.fits 
On File: spec-3655-55240-0521.fits 
On File: spec-3655-55240-0522.fits 
On File: spec-3655-55240-0523.fits 
On File: spec-3655-55240-0524.fits 
On File: spec-3655-55240-0525.fits 
On File: spec-3655-55240-0526.fits 
On File: spec-3655-55240-0527.fits 
On File: spec-3655-55240-0528.fits 
On File: spec-3655-55240-0529.fits 
On File: spec-3655-55240-0530.fits 
On File: spec-3655-55240-0531.fits 
On File: spec-3655-55240-0532.fits 
On File: spec-3655-55240-0533.fits 
On File: spec-3655-55240-0534.fits 
On File: spec-3655-55240-0535.fits 
On File: spec-3655-55240-0536.fits 
On File: spec-3655-55240-0537.fits 
On File: spec-3655-55240-0538.fits 
On File: spec-3655-55240-0539.fits 
On File: spec-3655-55240-0540.fits 
On File: spec-3655-55240-0541.fits 
On File: spec-3655-55240-0542.fits 
On File: spec-3655-55240-0543.fits 
On File: spec-3655-55240-0544.fits 
On File: spec-3655-55240-0545.fits 
On File: spec-3655-55240-0546.fits 
On File: spec-3655-55240-0547.fits 
On File: spec-3655-55240-0548.fits 
On File: spec-3655-55240-0549.fits 
On File: spec-3655-55240-0550.fits 
On File: spec-3655-55240-0551.fits 
On File: spec-3655-55240-0552.fits 
On File: spec-3655-55240-0553.fits 
On File: spec-3655-55240-0554.fits 
On File: spec-3655-55240-0555.fits 
On File: spec-3655-55240-0556.fits 
On File: spec-3655-55240-0557.fits 
On File: spec-3655-55240-0558.fits 
On File: spec-3655-55240-0559.fits 
On File: spec-3655-55240-0560.fits 
On File: spec-3655-55240-0561.fits 
On File: spec-3655-55240-0562.fits 
On File: spec-3655-55240-0563.fits 
On File: spec-3655-55240-0564.fits 
On File: spec-3655-55240-0565.fits 
On File: spec-3655-55240-0566.fits 
On File: spec-3655-55240-0567.fits 
On File: spec-3655-55240-0568.fits 
On File: spec-3655-55240-0569.fits 
On File: spec-3655-55240-0570.fits 
On File: spec-3655-55240-0571.fits 
On File: spec-3655-55240-0572.fits 
On File: spec-3655-55240-0573.fits 
On File: spec-3655-55240-0574.fits 
On File: spec-3655-55240-0575.fits 
On File: spec-3655-55240-0576.fits 
On File: spec-3655-55240-0577.fits 
On File: spec-3655-55240-0578.fits 
On File: spec-3655-55240-0579.fits 
On File: spec-3655-55240-0580.fits 
On File: spec-3655-55240-0581.fits 
On File: spec-3655-55240-0582.fits 
On File: spec-3655-55240-0583.fits 
On File: spec-3655-55240-0584.fits 
On File: spec-3655-55240-0585.fits 
On File: spec-3655-55240-0586.fits 
On File: spec-3655-55240-0587.fits 
On File: spec-3655-55240-0588.fits 
On File: spec-3655-55240-0589.fits 
On File: spec-3655-55240-0590.fits 
On File: spec-3655-55240-0591.fits 
On File: spec-3655-55240-0592.fits 
On File: spec-3655-55240-0593.fits 
On File: spec-3655-55240-0594.fits 
On File: spec-3655-55240-0595.fits 
On File: spec-3655-55240-0596.fits 
On File: spec-3655-55240-0597.fits 
On File: spec-3655-55240-0598.fits 
On File: spec-3655-55240-0599.fits 
On File: spec-3655-55240-0600.fits 
On File: spec-3655-55240-0601.fits 
On File: spec-3655-55240-0602.fits 
On File: spec-3655-55240-0603.fits 
On File: spec-3655-55240-0604.fits 
On File: spec-3655-55240-0605.fits 
On File: spec-3655-55240-0606.fits 
On File: spec-3655-55240-0607.fits 
On File: spec-3655-55240-0608.fits 
On File: spec-3655-55240-0609.fits 
On File: spec-3655-55240-0610.fits 
On File: spec-3655-55240-0611.fits 
On File: spec-3655-55240-0612.fits 
On File: spec-3655-55240-0613.fits 
On File: spec-3655-55240-0614.fits 
On File: spec-3655-55240-0615.fits 
On File: spec-3655-55240-0616.fits 
On File: spec-3655-55240-0617.fits 
On File: spec-3655-55240-0618.fits 
On File: spec-3655-55240-0619.fits 
On File: spec-3655-55240-0620.fits 
On File: spec-3655-55240-0621.fits 
On File: spec-3655-55240-0622.fits 
On File: spec-3655-55240-0623.fits 
On File: spec-3655-55240-0624.fits 
On File: spec-3655-55240-0625.fits 
On File: spec-3655-55240-0626.fits 
On File: spec-3655-55240-0627.fits 
On File: spec-3655-55240-0628.fits 
On File: spec-3655-55240-0629.fits 
On File: spec-3655-55240-0630.fits 
On File: spec-3655-55240-0631.fits 
On File: spec-3655-55240-0632.fits 
On File: spec-3655-55240-0633.fits 
On File: spec-3655-55240-0634.fits 
On File: spec-3655-55240-0635.fits 
On File: spec-3655-55240-0636.fits 
On File: spec-3655-55240-0637.fits 
On File: spec-3655-55240-0638.fits 
On File: spec-3655-55240-0639.fits 
On File: spec-3655-55240-0640.fits 
On File: spec-3655-55240-0641.fits 
On File: spec-3655-55240-0642.fits 
On File: spec-3655-55240-0643.fits 
On File: spec-3655-55240-0644.fits 
On File: spec-3655-55240-0645.fits 
On File: spec-3655-55240-0646.fits 
On File: spec-3655-55240-0647.fits 
On File: spec-3655-55240-0648.fits 
On File: spec-3655-55240-0649.fits 
On File: spec-3655-55240-0650.fits 
On File: spec-3655-55240-0651.fits 
On File: spec-3655-55240-0652.fits 
On File: spec-3655-55240-0653.fits 
On File: spec-3655-55240-0654.fits 
On File: spec-3655-55240-0655.fits 
On File: spec-3655-55240-0656.fits 
On File: spec-3655-55240-0657.fits 
On File: spec-3655-55240-0658.fits 
On File: spec-3655-55240-0659.fits 
On File: spec-3655-55240-0660.fits 
On File: spec-3655-55240-0661.fits 
On File: spec-3655-55240-0662.fits 
On File: spec-3655-55240-0663.fits 
On File: spec-3655-55240-0664.fits 
On File: spec-3655-55240-0665.fits 
On File: spec-3655-55240-0666.fits 
On File: spec-3655-55240-0667.fits 
On File: spec-3655-55240-0668.fits 
On File: spec-3655-55240-0669.fits 
On File: spec-3655-55240-0670.fits 
On File: spec-3655-55240-0671.fits 
On File: spec-3655-55240-0672.fits 
On File: spec-3655-55240-0673.fits 
On File: spec-3655-55240-0674.fits 
On File: spec-3655-55240-0675.fits 
On File: spec-3655-55240-0676.fits 
On File: spec-3655-55240-0677.fits 
On File: spec-3655-55240-0678.fits 
On File: spec-3655-55240-0679.fits 
On File: spec-3655-55240-0680.fits 
On File: spec-3655-55240-0681.fits 
On File: spec-3655-55240-0682.fits 
On File: spec-3655-55240-0683.fits 
On File: spec-3655-55240-0684.fits 
On File: spec-3655-55240-0685.fits 
On File: spec-3655-55240-0686.fits 
On File: spec-3655-55240-0687.fits 
On File: spec-3655-55240-0688.fits 
On File: spec-3655-55240-0689.fits 
On File: spec-3655-55240-0690.fits 
On File: spec-3655-55240-0691.fits 
On File: spec-3655-55240-0692.fits 
On File: spec-3655-55240-0693.fits 
On File: spec-3655-55240-0694.fits 
On File: spec-3655-55240-0695.fits 
On File: spec-3655-55240-0696.fits 
On File: spec-3655-55240-0697.fits 
On File: spec-3655-55240-0698.fits 
On File: spec-3655-55240-0699.fits 
On File: spec-3655-55240-0700.fits 
On File: spec-3655-55240-0701.fits 
On File: spec-3655-55240-0702.fits 
On File: spec-3655-55240-0703.fits 
On File: spec-3655-55240-0704.fits 
On File: spec-3655-55240-0705.fits 
On File: spec-3655-55240-0706.fits 
On File: spec-3655-55240-0707.fits 
On File: spec-3655-55240-0708.fits 
On File: spec-3655-55240-0709.fits 
On File: spec-3655-55240-0710.fits 
On File: spec-3655-55240-0711.fits 
On File: spec-3655-55240-0712.fits 
On File: spec-3655-55240-0713.fits 
On File: spec-3655-55240-0714.fits 
On File: spec-3655-55240-0715.fits 
On File: spec-3655-55240-0716.fits 
On File: spec-3655-55240-0717.fits 
On File: spec-3655-55240-0718.fits 
On File: spec-3655-55240-0719.fits 
On File: spec-3655-55240-0720.fits 
On File: spec-3655-55240-0721.fits 
On File: spec-3655-55240-0722.fits 
On File: spec-3655-55240-0723.fits 
On File: spec-3655-55240-0724.fits 
On File: spec-3655-55240-0725.fits 
On File: spec-3655-55240-0726.fits 
On File: spec-3655-55240-0727.fits 
On File: spec-3655-55240-0728.fits 
On File: spec-3655-55240-0729.fits 
On File: spec-3655-55240-0730.fits 
On File: spec-3655-55240-0731.fits 
On File: spec-3655-55240-0732.fits 
On File: spec-3655-55240-0733.fits 
On File: spec-3655-55240-0734.fits 
On File: spec-3655-55240-0735.fits 
On File: spec-3655-55240-0736.fits 
On File: spec-3655-55240-0737.fits 
On File: spec-3655-55240-0738.fits 
On File: spec-3655-55240-0739.fits 
On File: spec-3655-55240-0740.fits 
On File: spec-3655-55240-0741.fits 
On File: spec-3655-55240-0742.fits 
On File: spec-3655-55240-0743.fits 
On File: spec-3655-55240-0744.fits 
On File: spec-3655-55240-0745.fits 
On File: spec-3655-55240-0746.fits 
On File: spec-3655-55240-0747.fits 
On File: spec-3655-55240-0748.fits 
On File: spec-3655-55240-0749.fits 
On File: spec-3655-55240-0750.fits 
On File: spec-3655-55240-0751.fits 
On File: spec-3655-55240-0752.fits 
On File: spec-3655-55240-0753.fits 
On File: spec-3655-55240-0754.fits 
On File: spec-3655-55240-0755.fits 
On File: spec-3655-55240-0756.fits 
On File: spec-3655-55240-0757.fits 
On File: spec-3655-55240-0758.fits 
On File: spec-3655-55240-0759.fits 
On File: spec-3655-55240-0760.fits 
On File: spec-3655-55240-0761.fits 
On File: spec-3655-55240-0762.fits 
On File: spec-3655-55240-0763.fits 
On File: spec-3655-55240-0764.fits 
On File: spec-3655-55240-0765.fits 
On File: spec-3655-55240-0766.fits 
On File: spec-3655-55240-0767.fits 
On File: spec-3655-55240-0768.fits 
On File: spec-3655-55240-0769.fits 
On File: spec-3655-55240-0770.fits 
On File: spec-3655-55240-0771.fits 
On File: spec-3655-55240-0772.fits 
On File: spec-3655-55240-0773.fits 
On File: spec-3655-55240-0774.fits 
On File: spec-3655-55240-0775.fits 
On File: spec-3655-55240-0776.fits 
On File: spec-3655-55240-0777.fits 
On File: spec-3655-55240-0778.fits 
On File: spec-3655-55240-0779.fits 
On File: spec-3655-55240-0780.fits 
On File: spec-3655-55240-0781.fits 
On File: spec-3655-55240-0782.fits 
On File: spec-3655-55240-0783.fits 
On File: spec-3655-55240-0784.fits 
On File: spec-3655-55240-0785.fits 
On File: spec-3655-55240-0786.fits 
On File: spec-3655-55240-0787.fits 
On File: spec-3655-55240-0788.fits 
On File: spec-3655-55240-0789.fits 
On File: spec-3655-55240-0790.fits 
On File: spec-3655-55240-0791.fits 
On File: spec-3655-55240-0792.fits 
On File: spec-3655-55240-0793.fits 
On File: spec-3655-55240-0794.fits 
On File: spec-3655-55240-0795.fits 
On File: spec-3655-55240-0796.fits 
On File: spec-3655-55240-0797.fits 
On File: spec-3655-55240-0798.fits 
On File: spec-3655-55240-0799.fits 
On File: spec-3655-55240-0800.fits 
On File: spec-3655-55240-0801.fits 
On File: spec-3655-55240-0802.fits 
On File: spec-3655-55240-0803.fits 
On File: spec-3655-55240-0804.fits 
On File: spec-3655-55240-0805.fits 
On File: spec-3655-55240-0806.fits 
On File: spec-3655-55240-0807.fits 
On File: spec-3655-55240-0808.fits 
On File: spec-3655-55240-0809.fits 
On File: spec-3655-55240-0810.fits 
On File: spec-3655-55240-0811.fits 
On File: spec-3655-55240-0812.fits 
On File: spec-3655-55240-0813.fits 
On File: spec-3655-55240-0814.fits 
On File: spec-3655-55240-0815.fits 
On File: spec-3655-55240-0816.fits 
On File: spec-3655-55240-0817.fits 
On File: spec-3655-55240-0818.fits 
On File: spec-3655-55240-0819.fits 
On File: spec-3655-55240-0820.fits 
On File: spec-3655-55240-0821.fits 
On File: spec-3655-55240-0822.fits 
On File: spec-3655-55240-0823.fits 
On File: spec-3655-55240-0824.fits 
On File: spec-3655-55240-0825.fits 
On File: spec-3655-55240-0826.fits 
On File: spec-3655-55240-0827.fits 
On File: spec-3655-55240-0828.fits 
On File: spec-3655-55240-0829.fits 
On File: spec-3655-55240-0830.fits 
On File: spec-3655-55240-0831.fits 
On File: spec-3655-55240-0832.fits 
On File: spec-3655-55240-0833.fits 
On File: spec-3655-55240-0834.fits 
On File: spec-3655-55240-0835.fits 
On File: spec-3655-55240-0836.fits 
On File: spec-3655-55240-0837.fits 
On File: spec-3655-55240-0838.fits 
On File: spec-3655-55240-0839.fits 
On File: spec-3655-55240-0840.fits 
On File: spec-3655-55240-0841.fits 
On File: spec-3655-55240-0842.fits 
On File: spec-3655-55240-0843.fits 
On File: spec-3655-55240-0844.fits 
On File: spec-3655-55240-0845.fits 
On File: spec-3655-55240-0846.fits 
On File: spec-3655-55240-0847.fits 
On File: spec-3655-55240-0848.fits 
On File: spec-3655-55240-0849.fits 
On File: spec-3655-55240-0850.fits 
On File: spec-3655-55240-0851.fits 
On File: spec-3655-55240-0852.fits 
On File: spec-3655-55240-0853.fits 
On File: spec-3655-55240-0854.fits 
On File: spec-3655-55240-0855.fits 
On File: spec-3655-55240-0856.fits 
On File: spec-3655-55240-0857.fits 
On File: spec-3655-55240-0858.fits 
On File: spec-3655-55240-0859.fits 
On File: spec-3655-55240-0860.fits 
On File: spec-3655-55240-0861.fits 
On File: spec-3655-55240-0862.fits 
On File: spec-3655-55240-0863.fits 
On File: spec-3655-55240-0864.fits 
On File: spec-3655-55240-0865.fits 
On File: spec-3655-55240-0866.fits 
On File: spec-3655-55240-0867.fits 
On File: spec-3655-55240-0868.fits 
On File: spec-3655-55240-0869.fits 
On File: spec-3655-55240-0870.fits 
On File: spec-3655-55240-0871.fits 
On File: spec-3655-55240-0872.fits 
On File: spec-3655-55240-0873.fits 
On File: spec-3655-55240-0874.fits 
On File: spec-3655-55240-0875.fits 
On File: spec-3655-55240-0876.fits 
On File: spec-3655-55240-0877.fits 
On File: spec-3655-55240-0878.fits 
On File: spec-3655-55240-0879.fits 
On File: spec-3655-55240-0880.fits 
On File: spec-3655-55240-0881.fits 
On File: spec-3655-55240-0882.fits 
On File: spec-3655-55240-0883.fits 
On File: spec-3655-55240-0884.fits 
On File: spec-3655-55240-0885.fits 
On File: spec-3655-55240-0886.fits 
On File: spec-3655-55240-0887.fits 
On File: spec-3655-55240-0888.fits 
On File: spec-3655-55240-0889.fits 
On File: spec-3655-55240-0890.fits 
On File: spec-3655-55240-0891.fits 
On File: spec-3655-55240-0892.fits 
On File: spec-3655-55240-0893.fits 
On File: spec-3655-55240-0894.fits 
On File: spec-3655-55240-0895.fits 
On File: spec-3655-55240-0896.fits 
On File: spec-3655-55240-0897.fits 
On File: spec-3655-55240-0898.fits 
On File: spec-3655-55240-0899.fits 
On File: spec-3655-55240-0900.fits 
On File: spec-3655-55240-0901.fits 
On File: spec-3655-55240-0902.fits 
On File: spec-3655-55240-0903.fits 
On File: spec-3655-55240-0904.fits 
On File: spec-3655-55240-0905.fits 
On File: spec-3655-55240-0906.fits 
On File: spec-3655-55240-0907.fits 
On File: spec-3655-55240-0908.fits 
On File: spec-3655-55240-0909.fits 
On File: spec-3655-55240-0910.fits 
On File: spec-3655-55240-0911.fits 
On File: spec-3655-55240-0912.fits 
On File: spec-3655-55240-0913.fits 
On File: spec-3655-55240-0914.fits 
On File: spec-3655-55240-0915.fits 
On File: spec-3655-55240-0916.fits 
On File: spec-3655-55240-0917.fits 
On File: spec-3655-55240-0918.fits 
On File: spec-3655-55240-0919.fits 
On File: spec-3655-55240-0920.fits 
On File: spec-3655-55240-0921.fits 
On File: spec-3655-55240-0922.fits 
On File: spec-3655-55240-0923.fits 
On File: spec-3655-55240-0924.fits 
On File: spec-3655-55240-0925.fits 
On File: spec-3655-55240-0926.fits 
On File: spec-3655-55240-0927.fits 
On File: spec-3655-55240-0928.fits 
On File: spec-3655-55240-0929.fits 
On File: spec-3655-55240-0930.fits 
On File: spec-3655-55240-0931.fits 
On File: spec-3655-55240-0932.fits 
On File: spec-3655-55240-0933.fits 
On File: spec-3655-55240-0934.fits 
On File: spec-3655-55240-0935.fits 
On File: spec-3655-55240-0936.fits 
On File: spec-3655-55240-0937.fits 
On File: spec-3655-55240-0938.fits 
On File: spec-3655-55240-0939.fits 
On File: spec-3655-55240-0940.fits 
On File: spec-3655-55240-0941.fits 
On File: spec-3655-55240-0942.fits 
On File: spec-3655-55240-0943.fits 
On File: spec-3655-55240-0944.fits 
On File: spec-3655-55240-0945.fits 
On File: spec-3655-55240-0946.fits 
On File: spec-3655-55240-0947.fits 
On File: spec-3655-55240-0948.fits 
On File: spec-3655-55240-0949.fits 
On File: spec-3655-55240-0950.fits 
On File: spec-3655-55240-0951.fits 
On File: spec-3655-55240-0952.fits 
On File: spec-3655-55240-0953.fits 
On File: spec-3655-55240-0954.fits 
On File: spec-3655-55240-0955.fits 
On File: spec-3655-55240-0956.fits 
On File: spec-3655-55240-0957.fits 
On File: spec-3655-55240-0958.fits 
On File: spec-3655-55240-0959.fits 
On File: spec-3655-55240-0960.fits 
On File: spec-3655-55240-0961.fits 
On File: spec-3655-55240-0962.fits 
On File: spec-3655-55240-0963.fits 
On File: spec-3655-55240-0964.fits 
On File: spec-3655-55240-0965.fits 
On File: spec-3655-55240-0966.fits 
On File: spec-3655-55240-0967.fits 
On File: spec-3655-55240-0968.fits 
On File: spec-3655-55240-0969.fits 
On File: spec-3655-55240-0970.fits 
On File: spec-3655-55240-0971.fits 
On File: spec-3655-55240-0972.fits 
On File: spec-3655-55240-0973.fits 
On File: spec-3655-55240-0974.fits 
On File: spec-3655-55240-0975.fits 
On File: spec-3655-55240-0976.fits 
On File: spec-3655-55240-0977.fits 
On File: spec-3655-55240-0978.fits 
On File: spec-3655-55240-0979.fits 
On File: spec-3655-55240-0980.fits 
On File: spec-3655-55240-0981.fits 
On File: spec-3655-55240-0982.fits 
On File: spec-3655-55240-0983.fits 
On File: spec-3655-55240-0984.fits 
On File: spec-3655-55240-0985.fits 
On File: spec-3655-55240-0986.fits 
On File: spec-3655-55240-0987.fits 
On File: spec-3655-55240-0988.fits 
On File: spec-3655-55240-0989.fits 
On File: spec-3655-55240-0990.fits 
On File: spec-3655-55240-0991.fits 
On File: spec-3655-55240-0992.fits 
On File: spec-3655-55240-0993.fits 
On File: spec-3655-55240-0994.fits 
On File: spec-3655-55240-0995.fits 
On File: spec-3655-55240-0996.fits 
On File: spec-3655-55240-0997.fits 
On File: spec-3655-55240-0998.fits 
On File: spec-3655-55240-0999.fits 
On File: spec-3655-55240-1000.fits 
[1] "Job Complete!"
