Unpacking R413.tar.gz ...
Unpacking packages_FITSio.tar.gz ...
Unpacking current *.tgz file
[1] "Initializing Console ..."
[1] "Inputing command line prompts ..."
[1] "Loading package FITSio."
[1] "Reading cB58_Lyman_break.fit ..."
[1] "Starting main process ..."
On File: spec-3678-55208-0001.fits 
On File: spec-3678-55208-0002.fits 
On File: spec-3678-55208-0003.fits 
On File: spec-3678-55208-0004.fits 
On File: spec-3678-55208-0005.fits 
On File: spec-3678-55208-0006.fits 
On File: spec-3678-55208-0007.fits 
On File: spec-3678-55208-0008.fits 
On File: spec-3678-55208-0009.fits 
On File: spec-3678-55208-0010.fits 
On File: spec-3678-55208-0011.fits 
On File: spec-3678-55208-0012.fits 
On File: spec-3678-55208-0013.fits 
On File: spec-3678-55208-0014.fits 
On File: spec-3678-55208-0015.fits 
On File: spec-3678-55208-0016.fits 
On File: spec-3678-55208-0017.fits 
On File: spec-3678-55208-0018.fits 
On File: spec-3678-55208-0019.fits 
On File: spec-3678-55208-0020.fits 
On File: spec-3678-55208-0021.fits 
On File: spec-3678-55208-0022.fits 
On File: spec-3678-55208-0023.fits 
On File: spec-3678-55208-0024.fits 
On File: spec-3678-55208-0025.fits 
On File: spec-3678-55208-0026.fits 
On File: spec-3678-55208-0027.fits 
On File: spec-3678-55208-0028.fits 
On File: spec-3678-55208-0029.fits 
On File: spec-3678-55208-0030.fits 
On File: spec-3678-55208-0031.fits 
On File: spec-3678-55208-0032.fits 
On File: spec-3678-55208-0033.fits 
On File: spec-3678-55208-0034.fits 
On File: spec-3678-55208-0035.fits 
On File: spec-3678-55208-0036.fits 
On File: spec-3678-55208-0037.fits 
On File: spec-3678-55208-0038.fits 
On File: spec-3678-55208-0039.fits 
On File: spec-3678-55208-0040.fits 
On File: spec-3678-55208-0041.fits 
On File: spec-3678-55208-0042.fits 
On File: spec-3678-55208-0043.fits 
On File: spec-3678-55208-0044.fits 
On File: spec-3678-55208-0045.fits 
On File: spec-3678-55208-0046.fits 
On File: spec-3678-55208-0047.fits 
On File: spec-3678-55208-0048.fits 
On File: spec-3678-55208-0049.fits 
On File: spec-3678-55208-0050.fits 
On File: spec-3678-55208-0051.fits 
On File: spec-3678-55208-0052.fits 
On File: spec-3678-55208-0053.fits 
On File: spec-3678-55208-0054.fits 
On File: spec-3678-55208-0055.fits 
On File: spec-3678-55208-0056.fits 
On File: spec-3678-55208-0057.fits 
On File: spec-3678-55208-0058.fits 
On File: spec-3678-55208-0059.fits 
On File: spec-3678-55208-0060.fits 
On File: spec-3678-55208-0061.fits 
On File: spec-3678-55208-0062.fits 
On File: spec-3678-55208-0063.fits 
On File: spec-3678-55208-0064.fits 
On File: spec-3678-55208-0065.fits 
On File: spec-3678-55208-0066.fits 
On File: spec-3678-55208-0067.fits 
On File: spec-3678-55208-0068.fits 
On File: spec-3678-55208-0069.fits 
On File: spec-3678-55208-0070.fits 
On File: spec-3678-55208-0071.fits 
On File: spec-3678-55208-0072.fits 
On File: spec-3678-55208-0073.fits 
On File: spec-3678-55208-0074.fits 
On File: spec-3678-55208-0075.fits 
On File: spec-3678-55208-0076.fits 
On File: spec-3678-55208-0077.fits 
On File: spec-3678-55208-0078.fits 
On File: spec-3678-55208-0079.fits 
On File: spec-3678-55208-0080.fits 
On File: spec-3678-55208-0081.fits 
On File: spec-3678-55208-0082.fits 
On File: spec-3678-55208-0083.fits 
On File: spec-3678-55208-0084.fits 
On File: spec-3678-55208-0085.fits 
On File: spec-3678-55208-0086.fits 
On File: spec-3678-55208-0087.fits 
On File: spec-3678-55208-0088.fits 
On File: spec-3678-55208-0089.fits 
On File: spec-3678-55208-0090.fits 
On File: spec-3678-55208-0091.fits 
On File: spec-3678-55208-0092.fits 
On File: spec-3678-55208-0093.fits 
On File: spec-3678-55208-0094.fits 
On File: spec-3678-55208-0095.fits 
On File: spec-3678-55208-0096.fits 
On File: spec-3678-55208-0097.fits 
On File: spec-3678-55208-0098.fits 
On File: spec-3678-55208-0099.fits 
On File: spec-3678-55208-0100.fits 
On File: spec-3678-55208-0101.fits 
On File: spec-3678-55208-0102.fits 
On File: spec-3678-55208-0103.fits 
On File: spec-3678-55208-0104.fits 
On File: spec-3678-55208-0105.fits 
On File: spec-3678-55208-0106.fits 
On File: spec-3678-55208-0107.fits 
On File: spec-3678-55208-0108.fits 
On File: spec-3678-55208-0109.fits 
On File: spec-3678-55208-0110.fits 
On File: spec-3678-55208-0111.fits 
On File: spec-3678-55208-0112.fits 
On File: spec-3678-55208-0113.fits 
On File: spec-3678-55208-0114.fits 
On File: spec-3678-55208-0115.fits 
On File: spec-3678-55208-0116.fits 
On File: spec-3678-55208-0117.fits 
On File: spec-3678-55208-0118.fits 
On File: spec-3678-55208-0119.fits 
On File: spec-3678-55208-0120.fits 
On File: spec-3678-55208-0121.fits 
On File: spec-3678-55208-0122.fits 
On File: spec-3678-55208-0123.fits 
On File: spec-3678-55208-0124.fits 
On File: spec-3678-55208-0125.fits 
On File: spec-3678-55208-0126.fits 
On File: spec-3678-55208-0127.fits 
On File: spec-3678-55208-0128.fits 
On File: spec-3678-55208-0129.fits 
On File: spec-3678-55208-0130.fits 
On File: spec-3678-55208-0131.fits 
On File: spec-3678-55208-0132.fits 
On File: spec-3678-55208-0133.fits 
On File: spec-3678-55208-0134.fits 
On File: spec-3678-55208-0135.fits 
On File: spec-3678-55208-0136.fits 
On File: spec-3678-55208-0137.fits 
On File: spec-3678-55208-0138.fits 
On File: spec-3678-55208-0139.fits 
On File: spec-3678-55208-0140.fits 
On File: spec-3678-55208-0141.fits 
On File: spec-3678-55208-0142.fits 
On File: spec-3678-55208-0143.fits 
On File: spec-3678-55208-0144.fits 
On File: spec-3678-55208-0145.fits 
On File: spec-3678-55208-0146.fits 
On File: spec-3678-55208-0147.fits 
On File: spec-3678-55208-0148.fits 
On File: spec-3678-55208-0149.fits 
On File: spec-3678-55208-0150.fits 
On File: spec-3678-55208-0151.fits 
On File: spec-3678-55208-0152.fits 
On File: spec-3678-55208-0153.fits 
On File: spec-3678-55208-0154.fits 
On File: spec-3678-55208-0155.fits 
On File: spec-3678-55208-0156.fits 
On File: spec-3678-55208-0157.fits 
On File: spec-3678-55208-0158.fits 
On File: spec-3678-55208-0159.fits 
On File: spec-3678-55208-0160.fits 
On File: spec-3678-55208-0161.fits 
On File: spec-3678-55208-0162.fits 
On File: spec-3678-55208-0163.fits 
On File: spec-3678-55208-0164.fits 
On File: spec-3678-55208-0165.fits 
On File: spec-3678-55208-0166.fits 
On File: spec-3678-55208-0167.fits 
On File: spec-3678-55208-0168.fits 
On File: spec-3678-55208-0169.fits 
On File: spec-3678-55208-0170.fits 
On File: spec-3678-55208-0171.fits 
On File: spec-3678-55208-0172.fits 
On File: spec-3678-55208-0173.fits 
On File: spec-3678-55208-0174.fits 
On File: spec-3678-55208-0175.fits 
On File: spec-3678-55208-0176.fits 
On File: spec-3678-55208-0177.fits 
On File: spec-3678-55208-0178.fits 
On File: spec-3678-55208-0179.fits 
On File: spec-3678-55208-0180.fits 
On File: spec-3678-55208-0181.fits 
On File: spec-3678-55208-0182.fits 
On File: spec-3678-55208-0183.fits 
On File: spec-3678-55208-0184.fits 
On File: spec-3678-55208-0185.fits 
On File: spec-3678-55208-0186.fits 
On File: spec-3678-55208-0187.fits 
On File: spec-3678-55208-0188.fits 
On File: spec-3678-55208-0189.fits 
On File: spec-3678-55208-0190.fits 
On File: spec-3678-55208-0191.fits 
On File: spec-3678-55208-0192.fits 
On File: spec-3678-55208-0193.fits 
On File: spec-3678-55208-0194.fits 
On File: spec-3678-55208-0195.fits 
On File: spec-3678-55208-0196.fits 
On File: spec-3678-55208-0197.fits 
On File: spec-3678-55208-0198.fits 
On File: spec-3678-55208-0199.fits 
On File: spec-3678-55208-0200.fits 
On File: spec-3678-55208-0201.fits 
On File: spec-3678-55208-0202.fits 
On File: spec-3678-55208-0203.fits 
On File: spec-3678-55208-0204.fits 
On File: spec-3678-55208-0205.fits 
On File: spec-3678-55208-0206.fits 
On File: spec-3678-55208-0207.fits 
On File: spec-3678-55208-0208.fits 
On File: spec-3678-55208-0209.fits 
On File: spec-3678-55208-0210.fits 
On File: spec-3678-55208-0211.fits 
On File: spec-3678-55208-0212.fits 
On File: spec-3678-55208-0213.fits 
On File: spec-3678-55208-0214.fits 
On File: spec-3678-55208-0215.fits 
On File: spec-3678-55208-0216.fits 
On File: spec-3678-55208-0217.fits 
On File: spec-3678-55208-0218.fits 
On File: spec-3678-55208-0219.fits 
On File: spec-3678-55208-0220.fits 
On File: spec-3678-55208-0221.fits 
On File: spec-3678-55208-0222.fits 
On File: spec-3678-55208-0223.fits 
On File: spec-3678-55208-0224.fits 
On File: spec-3678-55208-0225.fits 
On File: spec-3678-55208-0226.fits 
On File: spec-3678-55208-0227.fits 
On File: spec-3678-55208-0228.fits 
On File: spec-3678-55208-0229.fits 
On File: spec-3678-55208-0230.fits 
On File: spec-3678-55208-0231.fits 
On File: spec-3678-55208-0232.fits 
On File: spec-3678-55208-0233.fits 
On File: spec-3678-55208-0234.fits 
On File: spec-3678-55208-0235.fits 
On File: spec-3678-55208-0236.fits 
On File: spec-3678-55208-0237.fits 
On File: spec-3678-55208-0238.fits 
On File: spec-3678-55208-0239.fits 
On File: spec-3678-55208-0240.fits 
On File: spec-3678-55208-0241.fits 
On File: spec-3678-55208-0242.fits 
On File: spec-3678-55208-0243.fits 
On File: spec-3678-55208-0244.fits 
On File: spec-3678-55208-0245.fits 
On File: spec-3678-55208-0246.fits 
On File: spec-3678-55208-0247.fits 
On File: spec-3678-55208-0248.fits 
On File: spec-3678-55208-0249.fits 
On File: spec-3678-55208-0250.fits 
On File: spec-3678-55208-0251.fits 
On File: spec-3678-55208-0252.fits 
On File: spec-3678-55208-0253.fits 
On File: spec-3678-55208-0254.fits 
On File: spec-3678-55208-0255.fits 
On File: spec-3678-55208-0256.fits 
On File: spec-3678-55208-0257.fits 
On File: spec-3678-55208-0258.fits 
On File: spec-3678-55208-0259.fits 
On File: spec-3678-55208-0260.fits 
On File: spec-3678-55208-0261.fits 
On File: spec-3678-55208-0262.fits 
On File: spec-3678-55208-0263.fits 
On File: spec-3678-55208-0264.fits 
On File: spec-3678-55208-0265.fits 
On File: spec-3678-55208-0266.fits 
On File: spec-3678-55208-0267.fits 
On File: spec-3678-55208-0268.fits 
On File: spec-3678-55208-0269.fits 
On File: spec-3678-55208-0270.fits 
On File: spec-3678-55208-0271.fits 
On File: spec-3678-55208-0272.fits 
On File: spec-3678-55208-0273.fits 
On File: spec-3678-55208-0274.fits 
On File: spec-3678-55208-0275.fits 
On File: spec-3678-55208-0276.fits 
On File: spec-3678-55208-0277.fits 
On File: spec-3678-55208-0278.fits 
On File: spec-3678-55208-0279.fits 
On File: spec-3678-55208-0280.fits 
On File: spec-3678-55208-0281.fits 
On File: spec-3678-55208-0282.fits 
On File: spec-3678-55208-0283.fits 
On File: spec-3678-55208-0284.fits 
On File: spec-3678-55208-0285.fits 
On File: spec-3678-55208-0286.fits 
On File: spec-3678-55208-0287.fits 
On File: spec-3678-55208-0288.fits 
On File: spec-3678-55208-0289.fits 
On File: spec-3678-55208-0290.fits 
On File: spec-3678-55208-0291.fits 
On File: spec-3678-55208-0292.fits 
On File: spec-3678-55208-0293.fits 
On File: spec-3678-55208-0294.fits 
On File: spec-3678-55208-0295.fits 
On File: spec-3678-55208-0296.fits 
On File: spec-3678-55208-0297.fits 
On File: spec-3678-55208-0298.fits 
On File: spec-3678-55208-0299.fits 
On File: spec-3678-55208-0300.fits 
On File: spec-3678-55208-0301.fits 
On File: spec-3678-55208-0302.fits 
On File: spec-3678-55208-0303.fits 
On File: spec-3678-55208-0304.fits 
On File: spec-3678-55208-0305.fits 
On File: spec-3678-55208-0306.fits 
On File: spec-3678-55208-0307.fits 
On File: spec-3678-55208-0308.fits 
On File: spec-3678-55208-0309.fits 
On File: spec-3678-55208-0310.fits 
On File: spec-3678-55208-0311.fits 
On File: spec-3678-55208-0312.fits 
On File: spec-3678-55208-0313.fits 
On File: spec-3678-55208-0314.fits 
On File: spec-3678-55208-0315.fits 
On File: spec-3678-55208-0316.fits 
On File: spec-3678-55208-0317.fits 
On File: spec-3678-55208-0318.fits 
On File: spec-3678-55208-0319.fits 
On File: spec-3678-55208-0320.fits 
On File: spec-3678-55208-0321.fits 
On File: spec-3678-55208-0322.fits 
On File: spec-3678-55208-0323.fits 
On File: spec-3678-55208-0324.fits 
On File: spec-3678-55208-0325.fits 
On File: spec-3678-55208-0326.fits 
On File: spec-3678-55208-0327.fits 
On File: spec-3678-55208-0328.fits 
On File: spec-3678-55208-0329.fits 
On File: spec-3678-55208-0330.fits 
On File: spec-3678-55208-0331.fits 
On File: spec-3678-55208-0332.fits 
On File: spec-3678-55208-0333.fits 
On File: spec-3678-55208-0334.fits 
On File: spec-3678-55208-0335.fits 
On File: spec-3678-55208-0336.fits 
On File: spec-3678-55208-0337.fits 
On File: spec-3678-55208-0338.fits 
On File: spec-3678-55208-0339.fits 
On File: spec-3678-55208-0340.fits 
On File: spec-3678-55208-0341.fits 
On File: spec-3678-55208-0342.fits 
On File: spec-3678-55208-0343.fits 
On File: spec-3678-55208-0344.fits 
On File: spec-3678-55208-0345.fits 
On File: spec-3678-55208-0346.fits 
On File: spec-3678-55208-0347.fits 
On File: spec-3678-55208-0348.fits 
On File: spec-3678-55208-0349.fits 
On File: spec-3678-55208-0350.fits 
On File: spec-3678-55208-0351.fits 
On File: spec-3678-55208-0352.fits 
On File: spec-3678-55208-0353.fits 
On File: spec-3678-55208-0354.fits 
On File: spec-3678-55208-0355.fits 
On File: spec-3678-55208-0356.fits 
On File: spec-3678-55208-0357.fits 
On File: spec-3678-55208-0358.fits 
On File: spec-3678-55208-0359.fits 
On File: spec-3678-55208-0360.fits 
On File: spec-3678-55208-0361.fits 
On File: spec-3678-55208-0362.fits 
On File: spec-3678-55208-0363.fits 
On File: spec-3678-55208-0364.fits 
On File: spec-3678-55208-0365.fits 
On File: spec-3678-55208-0366.fits 
On File: spec-3678-55208-0367.fits 
On File: spec-3678-55208-0368.fits 
On File: spec-3678-55208-0369.fits 
On File: spec-3678-55208-0370.fits 
On File: spec-3678-55208-0371.fits 
On File: spec-3678-55208-0372.fits 
On File: spec-3678-55208-0373.fits 
On File: spec-3678-55208-0374.fits 
On File: spec-3678-55208-0375.fits 
On File: spec-3678-55208-0376.fits 
On File: spec-3678-55208-0377.fits 
On File: spec-3678-55208-0378.fits 
On File: spec-3678-55208-0379.fits 
On File: spec-3678-55208-0380.fits 
On File: spec-3678-55208-0381.fits 
On File: spec-3678-55208-0382.fits 
On File: spec-3678-55208-0383.fits 
On File: spec-3678-55208-0384.fits 
On File: spec-3678-55208-0385.fits 
On File: spec-3678-55208-0386.fits 
On File: spec-3678-55208-0387.fits 
On File: spec-3678-55208-0388.fits 
On File: spec-3678-55208-0389.fits 
On File: spec-3678-55208-0390.fits 
On File: spec-3678-55208-0391.fits 
On File: spec-3678-55208-0392.fits 
On File: spec-3678-55208-0393.fits 
On File: spec-3678-55208-0394.fits 
On File: spec-3678-55208-0395.fits 
On File: spec-3678-55208-0396.fits 
On File: spec-3678-55208-0397.fits 
On File: spec-3678-55208-0398.fits 
On File: spec-3678-55208-0399.fits 
On File: spec-3678-55208-0400.fits 
On File: spec-3678-55208-0401.fits 
On File: spec-3678-55208-0402.fits 
On File: spec-3678-55208-0403.fits 
On File: spec-3678-55208-0404.fits 
On File: spec-3678-55208-0405.fits 
On File: spec-3678-55208-0406.fits 
On File: spec-3678-55208-0407.fits 
On File: spec-3678-55208-0408.fits 
On File: spec-3678-55208-0409.fits 
On File: spec-3678-55208-0410.fits 
On File: spec-3678-55208-0411.fits 
On File: spec-3678-55208-0412.fits 
On File: spec-3678-55208-0413.fits 
On File: spec-3678-55208-0414.fits 
On File: spec-3678-55208-0415.fits 
On File: spec-3678-55208-0416.fits 
On File: spec-3678-55208-0417.fits 
On File: spec-3678-55208-0418.fits 
On File: spec-3678-55208-0419.fits 
On File: spec-3678-55208-0420.fits 
On File: spec-3678-55208-0421.fits 
On File: spec-3678-55208-0422.fits 
On File: spec-3678-55208-0423.fits 
On File: spec-3678-55208-0424.fits 
On File: spec-3678-55208-0425.fits 
On File: spec-3678-55208-0426.fits 
On File: spec-3678-55208-0427.fits 
On File: spec-3678-55208-0428.fits 
On File: spec-3678-55208-0429.fits 
On File: spec-3678-55208-0430.fits 
On File: spec-3678-55208-0431.fits 
On File: spec-3678-55208-0432.fits 
On File: spec-3678-55208-0433.fits 
On File: spec-3678-55208-0434.fits 
On File: spec-3678-55208-0435.fits 
On File: spec-3678-55208-0436.fits 
On File: spec-3678-55208-0437.fits 
On File: spec-3678-55208-0438.fits 
On File: spec-3678-55208-0439.fits 
On File: spec-3678-55208-0440.fits 
On File: spec-3678-55208-0441.fits 
On File: spec-3678-55208-0442.fits 
On File: spec-3678-55208-0443.fits 
On File: spec-3678-55208-0444.fits 
On File: spec-3678-55208-0445.fits 
On File: spec-3678-55208-0446.fits 
On File: spec-3678-55208-0447.fits 
On File: spec-3678-55208-0448.fits 
On File: spec-3678-55208-0449.fits 
On File: spec-3678-55208-0450.fits 
On File: spec-3678-55208-0451.fits 
On File: spec-3678-55208-0452.fits 
On File: spec-3678-55208-0453.fits 
On File: spec-3678-55208-0454.fits 
On File: spec-3678-55208-0455.fits 
On File: spec-3678-55208-0456.fits 
On File: spec-3678-55208-0457.fits 
On File: spec-3678-55208-0458.fits 
On File: spec-3678-55208-0459.fits 
On File: spec-3678-55208-0460.fits 
On File: spec-3678-55208-0461.fits 
On File: spec-3678-55208-0462.fits 
On File: spec-3678-55208-0463.fits 
On File: spec-3678-55208-0464.fits 
On File: spec-3678-55208-0465.fits 
On File: spec-3678-55208-0466.fits 
On File: spec-3678-55208-0467.fits 
On File: spec-3678-55208-0468.fits 
On File: spec-3678-55208-0469.fits 
On File: spec-3678-55208-0470.fits 
On File: spec-3678-55208-0471.fits 
On File: spec-3678-55208-0472.fits 
On File: spec-3678-55208-0473.fits 
On File: spec-3678-55208-0474.fits 
On File: spec-3678-55208-0475.fits 
On File: spec-3678-55208-0476.fits 
On File: spec-3678-55208-0477.fits 
On File: spec-3678-55208-0478.fits 
On File: spec-3678-55208-0479.fits 
On File: spec-3678-55208-0480.fits 
On File: spec-3678-55208-0481.fits 
On File: spec-3678-55208-0482.fits 
On File: spec-3678-55208-0483.fits 
On File: spec-3678-55208-0484.fits 
On File: spec-3678-55208-0485.fits 
On File: spec-3678-55208-0486.fits 
On File: spec-3678-55208-0487.fits 
On File: spec-3678-55208-0488.fits 
On File: spec-3678-55208-0489.fits 
On File: spec-3678-55208-0490.fits 
On File: spec-3678-55208-0491.fits 
On File: spec-3678-55208-0492.fits 
On File: spec-3678-55208-0493.fits 
On File: spec-3678-55208-0494.fits 
On File: spec-3678-55208-0495.fits 
On File: spec-3678-55208-0496.fits 
On File: spec-3678-55208-0497.fits 
On File: spec-3678-55208-0498.fits 
On File: spec-3678-55208-0499.fits 
On File: spec-3678-55208-0500.fits 
On File: spec-3678-55208-0501.fits 
On File: spec-3678-55208-0502.fits 
On File: spec-3678-55208-0503.fits 
On File: spec-3678-55208-0504.fits 
On File: spec-3678-55208-0505.fits 
On File: spec-3678-55208-0506.fits 
On File: spec-3678-55208-0507.fits 
On File: spec-3678-55208-0508.fits 
On File: spec-3678-55208-0509.fits 
On File: spec-3678-55208-0510.fits 
On File: spec-3678-55208-0511.fits 
On File: spec-3678-55208-0512.fits 
On File: spec-3678-55208-0513.fits 
On File: spec-3678-55208-0514.fits 
On File: spec-3678-55208-0515.fits 
On File: spec-3678-55208-0516.fits 
On File: spec-3678-55208-0517.fits 
On File: spec-3678-55208-0518.fits 
On File: spec-3678-55208-0519.fits 
On File: spec-3678-55208-0520.fits 
On File: spec-3678-55208-0521.fits 
On File: spec-3678-55208-0522.fits 
On File: spec-3678-55208-0523.fits 
On File: spec-3678-55208-0524.fits 
On File: spec-3678-55208-0525.fits 
On File: spec-3678-55208-0526.fits 
On File: spec-3678-55208-0527.fits 
On File: spec-3678-55208-0528.fits 
On File: spec-3678-55208-0529.fits 
On File: spec-3678-55208-0530.fits 
On File: spec-3678-55208-0531.fits 
On File: spec-3678-55208-0532.fits 
On File: spec-3678-55208-0533.fits 
On File: spec-3678-55208-0534.fits 
On File: spec-3678-55208-0535.fits 
On File: spec-3678-55208-0536.fits 
On File: spec-3678-55208-0537.fits 
On File: spec-3678-55208-0538.fits 
On File: spec-3678-55208-0539.fits 
On File: spec-3678-55208-0540.fits 
On File: spec-3678-55208-0541.fits 
On File: spec-3678-55208-0542.fits 
On File: spec-3678-55208-0543.fits 
On File: spec-3678-55208-0544.fits 
On File: spec-3678-55208-0545.fits 
On File: spec-3678-55208-0546.fits 
On File: spec-3678-55208-0547.fits 
On File: spec-3678-55208-0548.fits 
On File: spec-3678-55208-0549.fits 
On File: spec-3678-55208-0550.fits 
On File: spec-3678-55208-0551.fits 
On File: spec-3678-55208-0552.fits 
On File: spec-3678-55208-0553.fits 
On File: spec-3678-55208-0554.fits 
On File: spec-3678-55208-0555.fits 
On File: spec-3678-55208-0556.fits 
On File: spec-3678-55208-0557.fits 
On File: spec-3678-55208-0558.fits 
On File: spec-3678-55208-0559.fits 
On File: spec-3678-55208-0560.fits 
On File: spec-3678-55208-0561.fits 
On File: spec-3678-55208-0562.fits 
On File: spec-3678-55208-0563.fits 
On File: spec-3678-55208-0564.fits 
On File: spec-3678-55208-0565.fits 
On File: spec-3678-55208-0566.fits 
On File: spec-3678-55208-0567.fits 
On File: spec-3678-55208-0568.fits 
On File: spec-3678-55208-0569.fits 
On File: spec-3678-55208-0570.fits 
On File: spec-3678-55208-0571.fits 
On File: spec-3678-55208-0572.fits 
On File: spec-3678-55208-0573.fits 
On File: spec-3678-55208-0574.fits 
On File: spec-3678-55208-0575.fits 
On File: spec-3678-55208-0576.fits 
On File: spec-3678-55208-0577.fits 
On File: spec-3678-55208-0578.fits 
On File: spec-3678-55208-0579.fits 
On File: spec-3678-55208-0580.fits 
On File: spec-3678-55208-0581.fits 
On File: spec-3678-55208-0582.fits 
On File: spec-3678-55208-0583.fits 
On File: spec-3678-55208-0584.fits 
On File: spec-3678-55208-0585.fits 
On File: spec-3678-55208-0586.fits 
On File: spec-3678-55208-0587.fits 
On File: spec-3678-55208-0588.fits 
On File: spec-3678-55208-0589.fits 
On File: spec-3678-55208-0590.fits 
On File: spec-3678-55208-0591.fits 
On File: spec-3678-55208-0592.fits 
On File: spec-3678-55208-0593.fits 
On File: spec-3678-55208-0594.fits 
On File: spec-3678-55208-0595.fits 
On File: spec-3678-55208-0596.fits 
On File: spec-3678-55208-0597.fits 
On File: spec-3678-55208-0598.fits 
On File: spec-3678-55208-0599.fits 
On File: spec-3678-55208-0600.fits 
On File: spec-3678-55208-0601.fits 
On File: spec-3678-55208-0602.fits 
On File: spec-3678-55208-0603.fits 
On File: spec-3678-55208-0604.fits 
On File: spec-3678-55208-0605.fits 
On File: spec-3678-55208-0606.fits 
On File: spec-3678-55208-0607.fits 
On File: spec-3678-55208-0608.fits 
On File: spec-3678-55208-0609.fits 
On File: spec-3678-55208-0610.fits 
On File: spec-3678-55208-0611.fits 
On File: spec-3678-55208-0612.fits 
On File: spec-3678-55208-0613.fits 
On File: spec-3678-55208-0614.fits 
On File: spec-3678-55208-0615.fits 
On File: spec-3678-55208-0616.fits 
On File: spec-3678-55208-0617.fits 
On File: spec-3678-55208-0618.fits 
On File: spec-3678-55208-0619.fits 
On File: spec-3678-55208-0620.fits 
On File: spec-3678-55208-0621.fits 
On File: spec-3678-55208-0622.fits 
On File: spec-3678-55208-0623.fits 
On File: spec-3678-55208-0624.fits 
On File: spec-3678-55208-0625.fits 
On File: spec-3678-55208-0626.fits 
On File: spec-3678-55208-0627.fits 
On File: spec-3678-55208-0628.fits 
On File: spec-3678-55208-0629.fits 
On File: spec-3678-55208-0630.fits 
On File: spec-3678-55208-0631.fits 
On File: spec-3678-55208-0632.fits 
On File: spec-3678-55208-0633.fits 
On File: spec-3678-55208-0634.fits 
On File: spec-3678-55208-0635.fits 
On File: spec-3678-55208-0636.fits 
On File: spec-3678-55208-0637.fits 
On File: spec-3678-55208-0638.fits 
On File: spec-3678-55208-0639.fits 
On File: spec-3678-55208-0640.fits 
On File: spec-3678-55208-0641.fits 
On File: spec-3678-55208-0642.fits 
On File: spec-3678-55208-0643.fits 
On File: spec-3678-55208-0644.fits 
On File: spec-3678-55208-0645.fits 
On File: spec-3678-55208-0646.fits 
On File: spec-3678-55208-0647.fits 
On File: spec-3678-55208-0648.fits 
On File: spec-3678-55208-0649.fits 
On File: spec-3678-55208-0650.fits 
On File: spec-3678-55208-0651.fits 
On File: spec-3678-55208-0652.fits 
On File: spec-3678-55208-0653.fits 
On File: spec-3678-55208-0654.fits 
On File: spec-3678-55208-0655.fits 
On File: spec-3678-55208-0656.fits 
On File: spec-3678-55208-0657.fits 
On File: spec-3678-55208-0658.fits 
On File: spec-3678-55208-0659.fits 
On File: spec-3678-55208-0660.fits 
On File: spec-3678-55208-0661.fits 
On File: spec-3678-55208-0662.fits 
On File: spec-3678-55208-0663.fits 
On File: spec-3678-55208-0664.fits 
On File: spec-3678-55208-0665.fits 
On File: spec-3678-55208-0666.fits 
On File: spec-3678-55208-0667.fits 
On File: spec-3678-55208-0668.fits 
On File: spec-3678-55208-0669.fits 
On File: spec-3678-55208-0670.fits 
On File: spec-3678-55208-0671.fits 
On File: spec-3678-55208-0672.fits 
On File: spec-3678-55208-0673.fits 
On File: spec-3678-55208-0674.fits 
On File: spec-3678-55208-0675.fits 
On File: spec-3678-55208-0676.fits 
On File: spec-3678-55208-0677.fits 
On File: spec-3678-55208-0678.fits 
On File: spec-3678-55208-0679.fits 
On File: spec-3678-55208-0680.fits 
On File: spec-3678-55208-0681.fits 
On File: spec-3678-55208-0682.fits 
On File: spec-3678-55208-0683.fits 
On File: spec-3678-55208-0684.fits 
On File: spec-3678-55208-0685.fits 
On File: spec-3678-55208-0686.fits 
On File: spec-3678-55208-0687.fits 
On File: spec-3678-55208-0688.fits 
On File: spec-3678-55208-0689.fits 
On File: spec-3678-55208-0690.fits 
On File: spec-3678-55208-0691.fits 
On File: spec-3678-55208-0692.fits 
On File: spec-3678-55208-0693.fits 
On File: spec-3678-55208-0694.fits 
On File: spec-3678-55208-0695.fits 
On File: spec-3678-55208-0696.fits 
On File: spec-3678-55208-0697.fits 
On File: spec-3678-55208-0698.fits 
On File: spec-3678-55208-0699.fits 
On File: spec-3678-55208-0700.fits 
On File: spec-3678-55208-0701.fits 
On File: spec-3678-55208-0702.fits 
On File: spec-3678-55208-0703.fits 
On File: spec-3678-55208-0704.fits 
On File: spec-3678-55208-0705.fits 
On File: spec-3678-55208-0706.fits 
On File: spec-3678-55208-0707.fits 
On File: spec-3678-55208-0708.fits 
On File: spec-3678-55208-0709.fits 
On File: spec-3678-55208-0710.fits 
On File: spec-3678-55208-0711.fits 
On File: spec-3678-55208-0712.fits 
On File: spec-3678-55208-0713.fits 
On File: spec-3678-55208-0714.fits 
On File: spec-3678-55208-0715.fits 
On File: spec-3678-55208-0716.fits 
On File: spec-3678-55208-0717.fits 
On File: spec-3678-55208-0718.fits 
On File: spec-3678-55208-0719.fits 
On File: spec-3678-55208-0720.fits 
On File: spec-3678-55208-0721.fits 
On File: spec-3678-55208-0722.fits 
On File: spec-3678-55208-0723.fits 
On File: spec-3678-55208-0724.fits 
On File: spec-3678-55208-0725.fits 
On File: spec-3678-55208-0726.fits 
On File: spec-3678-55208-0727.fits 
On File: spec-3678-55208-0728.fits 
On File: spec-3678-55208-0729.fits 
On File: spec-3678-55208-0730.fits 
On File: spec-3678-55208-0731.fits 
On File: spec-3678-55208-0732.fits 
On File: spec-3678-55208-0733.fits 
On File: spec-3678-55208-0734.fits 
On File: spec-3678-55208-0735.fits 
On File: spec-3678-55208-0736.fits 
On File: spec-3678-55208-0737.fits 
On File: spec-3678-55208-0738.fits 
On File: spec-3678-55208-0739.fits 
On File: spec-3678-55208-0740.fits 
On File: spec-3678-55208-0741.fits 
On File: spec-3678-55208-0742.fits 
On File: spec-3678-55208-0743.fits 
On File: spec-3678-55208-0744.fits 
On File: spec-3678-55208-0745.fits 
On File: spec-3678-55208-0746.fits 
On File: spec-3678-55208-0747.fits 
On File: spec-3678-55208-0748.fits 
On File: spec-3678-55208-0749.fits 
On File: spec-3678-55208-0750.fits 
On File: spec-3678-55208-0751.fits 
On File: spec-3678-55208-0752.fits 
On File: spec-3678-55208-0753.fits 
On File: spec-3678-55208-0754.fits 
On File: spec-3678-55208-0755.fits 
On File: spec-3678-55208-0756.fits 
On File: spec-3678-55208-0757.fits 
On File: spec-3678-55208-0758.fits 
On File: spec-3678-55208-0759.fits 
On File: spec-3678-55208-0760.fits 
On File: spec-3678-55208-0761.fits 
On File: spec-3678-55208-0762.fits 
On File: spec-3678-55208-0763.fits 
On File: spec-3678-55208-0764.fits 
On File: spec-3678-55208-0765.fits 
On File: spec-3678-55208-0766.fits 
On File: spec-3678-55208-0767.fits 
On File: spec-3678-55208-0768.fits 
On File: spec-3678-55208-0769.fits 
On File: spec-3678-55208-0770.fits 
On File: spec-3678-55208-0771.fits 
On File: spec-3678-55208-0772.fits 
On File: spec-3678-55208-0773.fits 
On File: spec-3678-55208-0774.fits 
On File: spec-3678-55208-0775.fits 
On File: spec-3678-55208-0776.fits 
On File: spec-3678-55208-0777.fits 
On File: spec-3678-55208-0778.fits 
On File: spec-3678-55208-0779.fits 
On File: spec-3678-55208-0780.fits 
On File: spec-3678-55208-0781.fits 
On File: spec-3678-55208-0782.fits 
On File: spec-3678-55208-0783.fits 
On File: spec-3678-55208-0784.fits 
On File: spec-3678-55208-0785.fits 
On File: spec-3678-55208-0786.fits 
On File: spec-3678-55208-0787.fits 
On File: spec-3678-55208-0788.fits 
On File: spec-3678-55208-0789.fits 
On File: spec-3678-55208-0790.fits 
On File: spec-3678-55208-0791.fits 
On File: spec-3678-55208-0792.fits 
On File: spec-3678-55208-0793.fits 
On File: spec-3678-55208-0794.fits 
On File: spec-3678-55208-0795.fits 
On File: spec-3678-55208-0796.fits 
On File: spec-3678-55208-0797.fits 
On File: spec-3678-55208-0798.fits 
On File: spec-3678-55208-0799.fits 
On File: spec-3678-55208-0800.fits 
On File: spec-3678-55208-0801.fits 
On File: spec-3678-55208-0802.fits 
On File: spec-3678-55208-0803.fits 
On File: spec-3678-55208-0804.fits 
On File: spec-3678-55208-0805.fits 
On File: spec-3678-55208-0806.fits 
On File: spec-3678-55208-0807.fits 
On File: spec-3678-55208-0808.fits 
On File: spec-3678-55208-0809.fits 
On File: spec-3678-55208-0810.fits 
On File: spec-3678-55208-0811.fits 
On File: spec-3678-55208-0812.fits 
On File: spec-3678-55208-0813.fits 
On File: spec-3678-55208-0814.fits 
On File: spec-3678-55208-0815.fits 
On File: spec-3678-55208-0816.fits 
On File: spec-3678-55208-0817.fits 
On File: spec-3678-55208-0818.fits 
On File: spec-3678-55208-0819.fits 
On File: spec-3678-55208-0820.fits 
On File: spec-3678-55208-0821.fits 
On File: spec-3678-55208-0822.fits 
On File: spec-3678-55208-0823.fits 
On File: spec-3678-55208-0824.fits 
On File: spec-3678-55208-0825.fits 
On File: spec-3678-55208-0826.fits 
On File: spec-3678-55208-0827.fits 
On File: spec-3678-55208-0828.fits 
On File: spec-3678-55208-0829.fits 
On File: spec-3678-55208-0830.fits 
On File: spec-3678-55208-0831.fits 
On File: spec-3678-55208-0832.fits 
On File: spec-3678-55208-0833.fits 
On File: spec-3678-55208-0834.fits 
On File: spec-3678-55208-0835.fits 
On File: spec-3678-55208-0836.fits 
On File: spec-3678-55208-0837.fits 
On File: spec-3678-55208-0838.fits 
On File: spec-3678-55208-0839.fits 
On File: spec-3678-55208-0840.fits 
On File: spec-3678-55208-0841.fits 
On File: spec-3678-55208-0842.fits 
On File: spec-3678-55208-0843.fits 
On File: spec-3678-55208-0844.fits 
On File: spec-3678-55208-0845.fits 
On File: spec-3678-55208-0846.fits 
On File: spec-3678-55208-0847.fits 
On File: spec-3678-55208-0848.fits 
On File: spec-3678-55208-0849.fits 
On File: spec-3678-55208-0850.fits 
