Unpacking R413.tar.gz ...
Unpacking packages_FITSio.tar.gz ...
Unpacking current *.tgz file
[1] "Initializing Console ..."
[1] "Inputing command line prompts ..."
[1] "Loading package FITSio."
[1] "Reading cB58_Lyman_break.fit ..."
[1] "Starting main process ..."
On File: spec-3666-55185-0001.fits 
On File: spec-3666-55185-0002.fits 
On File: spec-3666-55185-0003.fits 
On File: spec-3666-55185-0004.fits 
On File: spec-3666-55185-0005.fits 
On File: spec-3666-55185-0006.fits 
On File: spec-3666-55185-0007.fits 
On File: spec-3666-55185-0008.fits 
On File: spec-3666-55185-0009.fits 
On File: spec-3666-55185-0010.fits 
On File: spec-3666-55185-0011.fits 
On File: spec-3666-55185-0012.fits 
On File: spec-3666-55185-0013.fits 
On File: spec-3666-55185-0014.fits 
On File: spec-3666-55185-0015.fits 
On File: spec-3666-55185-0016.fits 
On File: spec-3666-55185-0017.fits 
On File: spec-3666-55185-0018.fits 
On File: spec-3666-55185-0019.fits 
On File: spec-3666-55185-0020.fits 
On File: spec-3666-55185-0021.fits 
On File: spec-3666-55185-0022.fits 
On File: spec-3666-55185-0023.fits 
On File: spec-3666-55185-0024.fits 
On File: spec-3666-55185-0025.fits 
On File: spec-3666-55185-0026.fits 
On File: spec-3666-55185-0027.fits 
On File: spec-3666-55185-0028.fits 
On File: spec-3666-55185-0029.fits 
On File: spec-3666-55185-0030.fits 
On File: spec-3666-55185-0031.fits 
On File: spec-3666-55185-0032.fits 
On File: spec-3666-55185-0033.fits 
On File: spec-3666-55185-0034.fits 
On File: spec-3666-55185-0035.fits 
On File: spec-3666-55185-0036.fits 
On File: spec-3666-55185-0037.fits 
On File: spec-3666-55185-0038.fits 
On File: spec-3666-55185-0039.fits 
On File: spec-3666-55185-0040.fits 
On File: spec-3666-55185-0041.fits 
On File: spec-3666-55185-0042.fits 
On File: spec-3666-55185-0043.fits 
On File: spec-3666-55185-0044.fits 
On File: spec-3666-55185-0045.fits 
On File: spec-3666-55185-0046.fits 
On File: spec-3666-55185-0047.fits 
On File: spec-3666-55185-0048.fits 
On File: spec-3666-55185-0049.fits 
On File: spec-3666-55185-0050.fits 
On File: spec-3666-55185-0051.fits 
On File: spec-3666-55185-0052.fits 
On File: spec-3666-55185-0053.fits 
On File: spec-3666-55185-0054.fits 
On File: spec-3666-55185-0055.fits 
On File: spec-3666-55185-0056.fits 
On File: spec-3666-55185-0057.fits 
On File: spec-3666-55185-0058.fits 
On File: spec-3666-55185-0059.fits 
On File: spec-3666-55185-0060.fits 
On File: spec-3666-55185-0061.fits 
On File: spec-3666-55185-0062.fits 
On File: spec-3666-55185-0063.fits 
On File: spec-3666-55185-0064.fits 
On File: spec-3666-55185-0065.fits 
On File: spec-3666-55185-0066.fits 
On File: spec-3666-55185-0067.fits 
On File: spec-3666-55185-0068.fits 
On File: spec-3666-55185-0069.fits 
On File: spec-3666-55185-0070.fits 
On File: spec-3666-55185-0071.fits 
On File: spec-3666-55185-0072.fits 
On File: spec-3666-55185-0073.fits 
On File: spec-3666-55185-0074.fits 
On File: spec-3666-55185-0075.fits 
On File: spec-3666-55185-0076.fits 
On File: spec-3666-55185-0077.fits 
On File: spec-3666-55185-0078.fits 
On File: spec-3666-55185-0079.fits 
On File: spec-3666-55185-0080.fits 
On File: spec-3666-55185-0081.fits 
On File: spec-3666-55185-0082.fits 
On File: spec-3666-55185-0083.fits 
On File: spec-3666-55185-0084.fits 
On File: spec-3666-55185-0085.fits 
On File: spec-3666-55185-0086.fits 
On File: spec-3666-55185-0087.fits 
On File: spec-3666-55185-0088.fits 
On File: spec-3666-55185-0089.fits 
On File: spec-3666-55185-0090.fits 
On File: spec-3666-55185-0091.fits 
On File: spec-3666-55185-0092.fits 
On File: spec-3666-55185-0093.fits 
On File: spec-3666-55185-0094.fits 
On File: spec-3666-55185-0095.fits 
On File: spec-3666-55185-0096.fits 
On File: spec-3666-55185-0097.fits 
On File: spec-3666-55185-0098.fits 
On File: spec-3666-55185-0099.fits 
On File: spec-3666-55185-0100.fits 
On File: spec-3666-55185-0101.fits 
On File: spec-3666-55185-0102.fits 
On File: spec-3666-55185-0103.fits 
On File: spec-3666-55185-0104.fits 
On File: spec-3666-55185-0105.fits 
On File: spec-3666-55185-0106.fits 
On File: spec-3666-55185-0107.fits 
On File: spec-3666-55185-0108.fits 
On File: spec-3666-55185-0109.fits 
On File: spec-3666-55185-0110.fits 
On File: spec-3666-55185-0111.fits 
On File: spec-3666-55185-0112.fits 
On File: spec-3666-55185-0113.fits 
On File: spec-3666-55185-0114.fits 
On File: spec-3666-55185-0115.fits 
On File: spec-3666-55185-0116.fits 
On File: spec-3666-55185-0117.fits 
On File: spec-3666-55185-0118.fits 
On File: spec-3666-55185-0119.fits 
On File: spec-3666-55185-0120.fits 
On File: spec-3666-55185-0121.fits 
On File: spec-3666-55185-0122.fits 
On File: spec-3666-55185-0123.fits 
On File: spec-3666-55185-0124.fits 
On File: spec-3666-55185-0125.fits 
On File: spec-3666-55185-0126.fits 
On File: spec-3666-55185-0127.fits 
On File: spec-3666-55185-0128.fits 
On File: spec-3666-55185-0129.fits 
On File: spec-3666-55185-0130.fits 
On File: spec-3666-55185-0131.fits 
On File: spec-3666-55185-0132.fits 
On File: spec-3666-55185-0133.fits 
On File: spec-3666-55185-0134.fits 
On File: spec-3666-55185-0135.fits 
On File: spec-3666-55185-0136.fits 
On File: spec-3666-55185-0137.fits 
On File: spec-3666-55185-0138.fits 
On File: spec-3666-55185-0139.fits 
On File: spec-3666-55185-0140.fits 
On File: spec-3666-55185-0141.fits 
On File: spec-3666-55185-0142.fits 
On File: spec-3666-55185-0143.fits 
On File: spec-3666-55185-0144.fits 
On File: spec-3666-55185-0145.fits 
On File: spec-3666-55185-0146.fits 
On File: spec-3666-55185-0147.fits 
On File: spec-3666-55185-0148.fits 
On File: spec-3666-55185-0149.fits 
On File: spec-3666-55185-0150.fits 
On File: spec-3666-55185-0151.fits 
On File: spec-3666-55185-0152.fits 
On File: spec-3666-55185-0153.fits 
On File: spec-3666-55185-0154.fits 
On File: spec-3666-55185-0155.fits 
On File: spec-3666-55185-0156.fits 
On File: spec-3666-55185-0157.fits 
On File: spec-3666-55185-0158.fits 
On File: spec-3666-55185-0159.fits 
On File: spec-3666-55185-0160.fits 
On File: spec-3666-55185-0161.fits 
On File: spec-3666-55185-0162.fits 
On File: spec-3666-55185-0163.fits 
On File: spec-3666-55185-0164.fits 
On File: spec-3666-55185-0165.fits 
On File: spec-3666-55185-0166.fits 
On File: spec-3666-55185-0167.fits 
On File: spec-3666-55185-0168.fits 
On File: spec-3666-55185-0169.fits 
On File: spec-3666-55185-0170.fits 
On File: spec-3666-55185-0171.fits 
On File: spec-3666-55185-0172.fits 
On File: spec-3666-55185-0173.fits 
On File: spec-3666-55185-0174.fits 
On File: spec-3666-55185-0175.fits 
On File: spec-3666-55185-0176.fits 
On File: spec-3666-55185-0177.fits 
On File: spec-3666-55185-0178.fits 
On File: spec-3666-55185-0179.fits 
On File: spec-3666-55185-0180.fits 
On File: spec-3666-55185-0181.fits 
On File: spec-3666-55185-0182.fits 
On File: spec-3666-55185-0183.fits 
On File: spec-3666-55185-0184.fits 
On File: spec-3666-55185-0185.fits 
On File: spec-3666-55185-0186.fits 
On File: spec-3666-55185-0187.fits 
On File: spec-3666-55185-0188.fits 
On File: spec-3666-55185-0189.fits 
On File: spec-3666-55185-0190.fits 
On File: spec-3666-55185-0191.fits 
On File: spec-3666-55185-0192.fits 
On File: spec-3666-55185-0193.fits 
On File: spec-3666-55185-0194.fits 
On File: spec-3666-55185-0195.fits 
On File: spec-3666-55185-0196.fits 
On File: spec-3666-55185-0197.fits 
On File: spec-3666-55185-0198.fits 
On File: spec-3666-55185-0199.fits 
On File: spec-3666-55185-0200.fits 
On File: spec-3666-55185-0201.fits 
On File: spec-3666-55185-0202.fits 
On File: spec-3666-55185-0203.fits 
On File: spec-3666-55185-0204.fits 
On File: spec-3666-55185-0205.fits 
On File: spec-3666-55185-0206.fits 
On File: spec-3666-55185-0207.fits 
On File: spec-3666-55185-0208.fits 
On File: spec-3666-55185-0209.fits 
On File: spec-3666-55185-0210.fits 
On File: spec-3666-55185-0211.fits 
On File: spec-3666-55185-0212.fits 
On File: spec-3666-55185-0213.fits 
On File: spec-3666-55185-0214.fits 
On File: spec-3666-55185-0215.fits 
On File: spec-3666-55185-0216.fits 
On File: spec-3666-55185-0217.fits 
On File: spec-3666-55185-0218.fits 
On File: spec-3666-55185-0219.fits 
On File: spec-3666-55185-0220.fits 
On File: spec-3666-55185-0221.fits 
On File: spec-3666-55185-0222.fits 
On File: spec-3666-55185-0223.fits 
On File: spec-3666-55185-0224.fits 
On File: spec-3666-55185-0225.fits 
On File: spec-3666-55185-0226.fits 
On File: spec-3666-55185-0227.fits 
On File: spec-3666-55185-0228.fits 
On File: spec-3666-55185-0229.fits 
On File: spec-3666-55185-0230.fits 
On File: spec-3666-55185-0231.fits 
On File: spec-3666-55185-0232.fits 
On File: spec-3666-55185-0233.fits 
On File: spec-3666-55185-0234.fits 
On File: spec-3666-55185-0235.fits 
On File: spec-3666-55185-0236.fits 
On File: spec-3666-55185-0237.fits 
On File: spec-3666-55185-0238.fits 
On File: spec-3666-55185-0239.fits 
On File: spec-3666-55185-0240.fits 
On File: spec-3666-55185-0241.fits 
On File: spec-3666-55185-0242.fits 
On File: spec-3666-55185-0243.fits 
On File: spec-3666-55185-0244.fits 
On File: spec-3666-55185-0245.fits 
On File: spec-3666-55185-0246.fits 
On File: spec-3666-55185-0247.fits 
On File: spec-3666-55185-0248.fits 
On File: spec-3666-55185-0249.fits 
On File: spec-3666-55185-0250.fits 
On File: spec-3666-55185-0251.fits 
On File: spec-3666-55185-0252.fits 
On File: spec-3666-55185-0253.fits 
On File: spec-3666-55185-0254.fits 
On File: spec-3666-55185-0255.fits 
On File: spec-3666-55185-0256.fits 
On File: spec-3666-55185-0257.fits 
On File: spec-3666-55185-0258.fits 
On File: spec-3666-55185-0259.fits 
On File: spec-3666-55185-0260.fits 
On File: spec-3666-55185-0261.fits 
On File: spec-3666-55185-0262.fits 
On File: spec-3666-55185-0263.fits 
On File: spec-3666-55185-0264.fits 
On File: spec-3666-55185-0265.fits 
On File: spec-3666-55185-0266.fits 
On File: spec-3666-55185-0267.fits 
On File: spec-3666-55185-0268.fits 
On File: spec-3666-55185-0269.fits 
On File: spec-3666-55185-0270.fits 
On File: spec-3666-55185-0271.fits 
On File: spec-3666-55185-0272.fits 
On File: spec-3666-55185-0273.fits 
On File: spec-3666-55185-0274.fits 
On File: spec-3666-55185-0275.fits 
On File: spec-3666-55185-0276.fits 
On File: spec-3666-55185-0277.fits 
On File: spec-3666-55185-0278.fits 
On File: spec-3666-55185-0279.fits 
On File: spec-3666-55185-0280.fits 
On File: spec-3666-55185-0281.fits 
On File: spec-3666-55185-0282.fits 
On File: spec-3666-55185-0283.fits 
On File: spec-3666-55185-0284.fits 
On File: spec-3666-55185-0285.fits 
On File: spec-3666-55185-0286.fits 
On File: spec-3666-55185-0287.fits 
On File: spec-3666-55185-0288.fits 
On File: spec-3666-55185-0289.fits 
On File: spec-3666-55185-0290.fits 
On File: spec-3666-55185-0291.fits 
On File: spec-3666-55185-0292.fits 
On File: spec-3666-55185-0293.fits 
On File: spec-3666-55185-0294.fits 
On File: spec-3666-55185-0295.fits 
On File: spec-3666-55185-0296.fits 
On File: spec-3666-55185-0297.fits 
On File: spec-3666-55185-0298.fits 
On File: spec-3666-55185-0299.fits 
On File: spec-3666-55185-0300.fits 
On File: spec-3666-55185-0301.fits 
On File: spec-3666-55185-0302.fits 
On File: spec-3666-55185-0303.fits 
On File: spec-3666-55185-0304.fits 
On File: spec-3666-55185-0305.fits 
On File: spec-3666-55185-0306.fits 
On File: spec-3666-55185-0307.fits 
On File: spec-3666-55185-0308.fits 
On File: spec-3666-55185-0309.fits 
On File: spec-3666-55185-0310.fits 
On File: spec-3666-55185-0311.fits 
On File: spec-3666-55185-0312.fits 
On File: spec-3666-55185-0313.fits 
On File: spec-3666-55185-0314.fits 
On File: spec-3666-55185-0315.fits 
On File: spec-3666-55185-0316.fits 
On File: spec-3666-55185-0317.fits 
On File: spec-3666-55185-0318.fits 
On File: spec-3666-55185-0319.fits 
On File: spec-3666-55185-0320.fits 
On File: spec-3666-55185-0321.fits 
On File: spec-3666-55185-0322.fits 
On File: spec-3666-55185-0323.fits 
On File: spec-3666-55185-0324.fits 
On File: spec-3666-55185-0325.fits 
On File: spec-3666-55185-0326.fits 
On File: spec-3666-55185-0327.fits 
On File: spec-3666-55185-0328.fits 
On File: spec-3666-55185-0329.fits 
On File: spec-3666-55185-0330.fits 
On File: spec-3666-55185-0331.fits 
On File: spec-3666-55185-0332.fits 
On File: spec-3666-55185-0333.fits 
On File: spec-3666-55185-0334.fits 
On File: spec-3666-55185-0335.fits 
On File: spec-3666-55185-0336.fits 
On File: spec-3666-55185-0337.fits 
On File: spec-3666-55185-0338.fits 
On File: spec-3666-55185-0339.fits 
On File: spec-3666-55185-0340.fits 
On File: spec-3666-55185-0341.fits 
On File: spec-3666-55185-0342.fits 
On File: spec-3666-55185-0343.fits 
On File: spec-3666-55185-0344.fits 
On File: spec-3666-55185-0345.fits 
On File: spec-3666-55185-0346.fits 
On File: spec-3666-55185-0347.fits 
On File: spec-3666-55185-0348.fits 
On File: spec-3666-55185-0349.fits 
On File: spec-3666-55185-0350.fits 
On File: spec-3666-55185-0351.fits 
On File: spec-3666-55185-0352.fits 
On File: spec-3666-55185-0353.fits 
On File: spec-3666-55185-0354.fits 
On File: spec-3666-55185-0355.fits 
On File: spec-3666-55185-0356.fits 
On File: spec-3666-55185-0357.fits 
On File: spec-3666-55185-0358.fits 
On File: spec-3666-55185-0359.fits 
On File: spec-3666-55185-0360.fits 
On File: spec-3666-55185-0361.fits 
On File: spec-3666-55185-0362.fits 
On File: spec-3666-55185-0363.fits 
On File: spec-3666-55185-0364.fits 
On File: spec-3666-55185-0365.fits 
On File: spec-3666-55185-0366.fits 
On File: spec-3666-55185-0367.fits 
On File: spec-3666-55185-0368.fits 
On File: spec-3666-55185-0369.fits 
On File: spec-3666-55185-0370.fits 
On File: spec-3666-55185-0371.fits 
On File: spec-3666-55185-0372.fits 
On File: spec-3666-55185-0373.fits 
On File: spec-3666-55185-0374.fits 
On File: spec-3666-55185-0375.fits 
On File: spec-3666-55185-0376.fits 
On File: spec-3666-55185-0377.fits 
On File: spec-3666-55185-0378.fits 
On File: spec-3666-55185-0379.fits 
On File: spec-3666-55185-0380.fits 
On File: spec-3666-55185-0381.fits 
On File: spec-3666-55185-0382.fits 
On File: spec-3666-55185-0383.fits 
On File: spec-3666-55185-0384.fits 
On File: spec-3666-55185-0385.fits 
On File: spec-3666-55185-0386.fits 
On File: spec-3666-55185-0387.fits 
On File: spec-3666-55185-0388.fits 
On File: spec-3666-55185-0389.fits 
On File: spec-3666-55185-0390.fits 
On File: spec-3666-55185-0391.fits 
On File: spec-3666-55185-0392.fits 
On File: spec-3666-55185-0393.fits 
On File: spec-3666-55185-0394.fits 
On File: spec-3666-55185-0395.fits 
On File: spec-3666-55185-0396.fits 
On File: spec-3666-55185-0397.fits 
On File: spec-3666-55185-0398.fits 
On File: spec-3666-55185-0399.fits 
On File: spec-3666-55185-0400.fits 
On File: spec-3666-55185-0401.fits 
On File: spec-3666-55185-0402.fits 
On File: spec-3666-55185-0403.fits 
On File: spec-3666-55185-0404.fits 
On File: spec-3666-55185-0405.fits 
On File: spec-3666-55185-0406.fits 
On File: spec-3666-55185-0407.fits 
On File: spec-3666-55185-0408.fits 
On File: spec-3666-55185-0409.fits 
On File: spec-3666-55185-0410.fits 
On File: spec-3666-55185-0411.fits 
On File: spec-3666-55185-0412.fits 
On File: spec-3666-55185-0413.fits 
On File: spec-3666-55185-0414.fits 
On File: spec-3666-55185-0415.fits 
On File: spec-3666-55185-0416.fits 
On File: spec-3666-55185-0417.fits 
On File: spec-3666-55185-0418.fits 
On File: spec-3666-55185-0419.fits 
On File: spec-3666-55185-0420.fits 
On File: spec-3666-55185-0421.fits 
On File: spec-3666-55185-0422.fits 
On File: spec-3666-55185-0423.fits 
On File: spec-3666-55185-0424.fits 
On File: spec-3666-55185-0425.fits 
On File: spec-3666-55185-0426.fits 
On File: spec-3666-55185-0427.fits 
On File: spec-3666-55185-0428.fits 
On File: spec-3666-55185-0429.fits 
On File: spec-3666-55185-0430.fits 
On File: spec-3666-55185-0431.fits 
On File: spec-3666-55185-0432.fits 
On File: spec-3666-55185-0433.fits 
On File: spec-3666-55185-0434.fits 
On File: spec-3666-55185-0435.fits 
On File: spec-3666-55185-0436.fits 
On File: spec-3666-55185-0437.fits 
On File: spec-3666-55185-0438.fits 
On File: spec-3666-55185-0439.fits 
On File: spec-3666-55185-0440.fits 
On File: spec-3666-55185-0441.fits 
On File: spec-3666-55185-0442.fits 
On File: spec-3666-55185-0443.fits 
On File: spec-3666-55185-0444.fits 
On File: spec-3666-55185-0445.fits 
On File: spec-3666-55185-0446.fits 
On File: spec-3666-55185-0447.fits 
On File: spec-3666-55185-0448.fits 
On File: spec-3666-55185-0449.fits 
On File: spec-3666-55185-0450.fits 
On File: spec-3666-55185-0451.fits 
On File: spec-3666-55185-0452.fits 
On File: spec-3666-55185-0453.fits 
On File: spec-3666-55185-0454.fits 
On File: spec-3666-55185-0455.fits 
On File: spec-3666-55185-0456.fits 
On File: spec-3666-55185-0457.fits 
On File: spec-3666-55185-0458.fits 
On File: spec-3666-55185-0459.fits 
On File: spec-3666-55185-0460.fits 
On File: spec-3666-55185-0461.fits 
On File: spec-3666-55185-0462.fits 
On File: spec-3666-55185-0463.fits 
On File: spec-3666-55185-0464.fits 
On File: spec-3666-55185-0465.fits 
On File: spec-3666-55185-0466.fits 
On File: spec-3666-55185-0467.fits 
On File: spec-3666-55185-0468.fits 
On File: spec-3666-55185-0469.fits 
On File: spec-3666-55185-0470.fits 
On File: spec-3666-55185-0471.fits 
On File: spec-3666-55185-0472.fits 
On File: spec-3666-55185-0473.fits 
On File: spec-3666-55185-0474.fits 
On File: spec-3666-55185-0475.fits 
On File: spec-3666-55185-0476.fits 
On File: spec-3666-55185-0477.fits 
On File: spec-3666-55185-0478.fits 
On File: spec-3666-55185-0479.fits 
On File: spec-3666-55185-0480.fits 
On File: spec-3666-55185-0481.fits 
On File: spec-3666-55185-0482.fits 
On File: spec-3666-55185-0483.fits 
On File: spec-3666-55185-0484.fits 
On File: spec-3666-55185-0485.fits 
On File: spec-3666-55185-0486.fits 
On File: spec-3666-55185-0487.fits 
On File: spec-3666-55185-0488.fits 
On File: spec-3666-55185-0489.fits 
On File: spec-3666-55185-0490.fits 
On File: spec-3666-55185-0491.fits 
On File: spec-3666-55185-0492.fits 
On File: spec-3666-55185-0493.fits 
On File: spec-3666-55185-0494.fits 
On File: spec-3666-55185-0495.fits 
On File: spec-3666-55185-0496.fits 
On File: spec-3666-55185-0497.fits 
On File: spec-3666-55185-0498.fits 
On File: spec-3666-55185-0499.fits 
On File: spec-3666-55185-0500.fits 
On File: spec-3666-55185-0501.fits 
On File: spec-3666-55185-0502.fits 
On File: spec-3666-55185-0503.fits 
On File: spec-3666-55185-0504.fits 
On File: spec-3666-55185-0505.fits 
On File: spec-3666-55185-0506.fits 
On File: spec-3666-55185-0507.fits 
On File: spec-3666-55185-0508.fits 
On File: spec-3666-55185-0509.fits 
On File: spec-3666-55185-0510.fits 
On File: spec-3666-55185-0511.fits 
On File: spec-3666-55185-0512.fits 
On File: spec-3666-55185-0513.fits 
On File: spec-3666-55185-0514.fits 
On File: spec-3666-55185-0515.fits 
On File: spec-3666-55185-0516.fits 
On File: spec-3666-55185-0517.fits 
On File: spec-3666-55185-0518.fits 
On File: spec-3666-55185-0519.fits 
On File: spec-3666-55185-0520.fits 
On File: spec-3666-55185-0521.fits 
On File: spec-3666-55185-0522.fits 
On File: spec-3666-55185-0523.fits 
On File: spec-3666-55185-0524.fits 
On File: spec-3666-55185-0525.fits 
On File: spec-3666-55185-0526.fits 
On File: spec-3666-55185-0527.fits 
On File: spec-3666-55185-0528.fits 
On File: spec-3666-55185-0529.fits 
On File: spec-3666-55185-0530.fits 
On File: spec-3666-55185-0531.fits 
On File: spec-3666-55185-0532.fits 
On File: spec-3666-55185-0533.fits 
On File: spec-3666-55185-0534.fits 
On File: spec-3666-55185-0535.fits 
On File: spec-3666-55185-0536.fits 
On File: spec-3666-55185-0537.fits 
On File: spec-3666-55185-0538.fits 
On File: spec-3666-55185-0539.fits 
On File: spec-3666-55185-0540.fits 
On File: spec-3666-55185-0541.fits 
On File: spec-3666-55185-0542.fits 
On File: spec-3666-55185-0543.fits 
On File: spec-3666-55185-0544.fits 
On File: spec-3666-55185-0545.fits 
On File: spec-3666-55185-0546.fits 
On File: spec-3666-55185-0547.fits 
On File: spec-3666-55185-0548.fits 
On File: spec-3666-55185-0549.fits 
On File: spec-3666-55185-0550.fits 
On File: spec-3666-55185-0551.fits 
On File: spec-3666-55185-0552.fits 
On File: spec-3666-55185-0553.fits 
On File: spec-3666-55185-0554.fits 
On File: spec-3666-55185-0555.fits 
On File: spec-3666-55185-0556.fits 
On File: spec-3666-55185-0557.fits 
On File: spec-3666-55185-0558.fits 
On File: spec-3666-55185-0559.fits 
On File: spec-3666-55185-0560.fits 
On File: spec-3666-55185-0561.fits 
On File: spec-3666-55185-0562.fits 
On File: spec-3666-55185-0563.fits 
On File: spec-3666-55185-0564.fits 
On File: spec-3666-55185-0565.fits 
On File: spec-3666-55185-0566.fits 
On File: spec-3666-55185-0567.fits 
On File: spec-3666-55185-0568.fits 
On File: spec-3666-55185-0569.fits 
On File: spec-3666-55185-0570.fits 
On File: spec-3666-55185-0571.fits 
On File: spec-3666-55185-0572.fits 
On File: spec-3666-55185-0573.fits 
On File: spec-3666-55185-0574.fits 
On File: spec-3666-55185-0575.fits 
On File: spec-3666-55185-0576.fits 
On File: spec-3666-55185-0577.fits 
On File: spec-3666-55185-0578.fits 
On File: spec-3666-55185-0579.fits 
On File: spec-3666-55185-0580.fits 
On File: spec-3666-55185-0581.fits 
On File: spec-3666-55185-0582.fits 
On File: spec-3666-55185-0583.fits 
On File: spec-3666-55185-0584.fits 
On File: spec-3666-55185-0585.fits 
On File: spec-3666-55185-0586.fits 
On File: spec-3666-55185-0587.fits 
On File: spec-3666-55185-0588.fits 
On File: spec-3666-55185-0589.fits 
On File: spec-3666-55185-0590.fits 
On File: spec-3666-55185-0591.fits 
On File: spec-3666-55185-0592.fits 
On File: spec-3666-55185-0593.fits 
On File: spec-3666-55185-0594.fits 
On File: spec-3666-55185-0595.fits 
On File: spec-3666-55185-0596.fits 
On File: spec-3666-55185-0597.fits 
On File: spec-3666-55185-0598.fits 
On File: spec-3666-55185-0599.fits 
On File: spec-3666-55185-0600.fits 
On File: spec-3666-55185-0601.fits 
On File: spec-3666-55185-0602.fits 
On File: spec-3666-55185-0603.fits 
On File: spec-3666-55185-0604.fits 
On File: spec-3666-55185-0605.fits 
On File: spec-3666-55185-0606.fits 
On File: spec-3666-55185-0607.fits 
On File: spec-3666-55185-0608.fits 
On File: spec-3666-55185-0609.fits 
On File: spec-3666-55185-0610.fits 
On File: spec-3666-55185-0611.fits 
On File: spec-3666-55185-0612.fits 
On File: spec-3666-55185-0613.fits 
On File: spec-3666-55185-0614.fits 
On File: spec-3666-55185-0615.fits 
On File: spec-3666-55185-0616.fits 
On File: spec-3666-55185-0617.fits 
On File: spec-3666-55185-0618.fits 
On File: spec-3666-55185-0619.fits 
On File: spec-3666-55185-0620.fits 
On File: spec-3666-55185-0621.fits 
On File: spec-3666-55185-0622.fits 
On File: spec-3666-55185-0623.fits 
On File: spec-3666-55185-0624.fits 
On File: spec-3666-55185-0625.fits 
On File: spec-3666-55185-0626.fits 
On File: spec-3666-55185-0627.fits 
On File: spec-3666-55185-0628.fits 
On File: spec-3666-55185-0629.fits 
On File: spec-3666-55185-0630.fits 
On File: spec-3666-55185-0631.fits 
On File: spec-3666-55185-0632.fits 
On File: spec-3666-55185-0633.fits 
On File: spec-3666-55185-0634.fits 
On File: spec-3666-55185-0635.fits 
On File: spec-3666-55185-0636.fits 
On File: spec-3666-55185-0637.fits 
On File: spec-3666-55185-0638.fits 
On File: spec-3666-55185-0639.fits 
On File: spec-3666-55185-0640.fits 
On File: spec-3666-55185-0641.fits 
On File: spec-3666-55185-0642.fits 
On File: spec-3666-55185-0643.fits 
On File: spec-3666-55185-0644.fits 
On File: spec-3666-55185-0645.fits 
On File: spec-3666-55185-0646.fits 
On File: spec-3666-55185-0647.fits 
On File: spec-3666-55185-0648.fits 
On File: spec-3666-55185-0649.fits 
On File: spec-3666-55185-0650.fits 
On File: spec-3666-55185-0651.fits 
On File: spec-3666-55185-0652.fits 
On File: spec-3666-55185-0653.fits 
On File: spec-3666-55185-0654.fits 
On File: spec-3666-55185-0655.fits 
On File: spec-3666-55185-0656.fits 
On File: spec-3666-55185-0657.fits 
On File: spec-3666-55185-0658.fits 
On File: spec-3666-55185-0659.fits 
On File: spec-3666-55185-0660.fits 
On File: spec-3666-55185-0661.fits 
On File: spec-3666-55185-0662.fits 
On File: spec-3666-55185-0663.fits 
On File: spec-3666-55185-0664.fits 
On File: spec-3666-55185-0665.fits 
On File: spec-3666-55185-0666.fits 
On File: spec-3666-55185-0667.fits 
On File: spec-3666-55185-0668.fits 
On File: spec-3666-55185-0669.fits 
On File: spec-3666-55185-0670.fits 
On File: spec-3666-55185-0671.fits 
On File: spec-3666-55185-0672.fits 
On File: spec-3666-55185-0673.fits 
On File: spec-3666-55185-0674.fits 
On File: spec-3666-55185-0675.fits 
On File: spec-3666-55185-0676.fits 
On File: spec-3666-55185-0677.fits 
On File: spec-3666-55185-0678.fits 
On File: spec-3666-55185-0679.fits 
On File: spec-3666-55185-0680.fits 
On File: spec-3666-55185-0681.fits 
On File: spec-3666-55185-0682.fits 
On File: spec-3666-55185-0683.fits 
On File: spec-3666-55185-0684.fits 
On File: spec-3666-55185-0685.fits 
On File: spec-3666-55185-0686.fits 
On File: spec-3666-55185-0687.fits 
On File: spec-3666-55185-0688.fits 
On File: spec-3666-55185-0689.fits 
On File: spec-3666-55185-0690.fits 
On File: spec-3666-55185-0691.fits 
On File: spec-3666-55185-0692.fits 
On File: spec-3666-55185-0693.fits 
On File: spec-3666-55185-0694.fits 
On File: spec-3666-55185-0695.fits 
On File: spec-3666-55185-0696.fits 
On File: spec-3666-55185-0697.fits 
On File: spec-3666-55185-0698.fits 
On File: spec-3666-55185-0699.fits 
On File: spec-3666-55185-0700.fits 
On File: spec-3666-55185-0701.fits 
On File: spec-3666-55185-0702.fits 
On File: spec-3666-55185-0703.fits 
On File: spec-3666-55185-0704.fits 
On File: spec-3666-55185-0705.fits 
On File: spec-3666-55185-0706.fits 
On File: spec-3666-55185-0707.fits 
On File: spec-3666-55185-0708.fits 
On File: spec-3666-55185-0709.fits 
On File: spec-3666-55185-0710.fits 
On File: spec-3666-55185-0711.fits 
On File: spec-3666-55185-0712.fits 
On File: spec-3666-55185-0713.fits 
On File: spec-3666-55185-0714.fits 
On File: spec-3666-55185-0715.fits 
On File: spec-3666-55185-0716.fits 
On File: spec-3666-55185-0717.fits 
On File: spec-3666-55185-0718.fits 
On File: spec-3666-55185-0719.fits 
On File: spec-3666-55185-0720.fits 
On File: spec-3666-55185-0721.fits 
On File: spec-3666-55185-0722.fits 
On File: spec-3666-55185-0723.fits 
On File: spec-3666-55185-0724.fits 
On File: spec-3666-55185-0725.fits 
On File: spec-3666-55185-0726.fits 
On File: spec-3666-55185-0727.fits 
On File: spec-3666-55185-0728.fits 
On File: spec-3666-55185-0729.fits 
On File: spec-3666-55185-0730.fits 
On File: spec-3666-55185-0731.fits 
On File: spec-3666-55185-0732.fits 
On File: spec-3666-55185-0733.fits 
On File: spec-3666-55185-0734.fits 
On File: spec-3666-55185-0735.fits 
On File: spec-3666-55185-0736.fits 
On File: spec-3666-55185-0737.fits 
On File: spec-3666-55185-0738.fits 
On File: spec-3666-55185-0739.fits 
On File: spec-3666-55185-0740.fits 
On File: spec-3666-55185-0741.fits 
On File: spec-3666-55185-0742.fits 
On File: spec-3666-55185-0743.fits 
On File: spec-3666-55185-0744.fits 
On File: spec-3666-55185-0745.fits 
On File: spec-3666-55185-0746.fits 
On File: spec-3666-55185-0747.fits 
On File: spec-3666-55185-0748.fits 
On File: spec-3666-55185-0749.fits 
On File: spec-3666-55185-0750.fits 
On File: spec-3666-55185-0751.fits 
On File: spec-3666-55185-0752.fits 
On File: spec-3666-55185-0753.fits 
On File: spec-3666-55185-0754.fits 
On File: spec-3666-55185-0755.fits 
On File: spec-3666-55185-0756.fits 
On File: spec-3666-55185-0757.fits 
On File: spec-3666-55185-0758.fits 
On File: spec-3666-55185-0759.fits 
On File: spec-3666-55185-0760.fits 
On File: spec-3666-55185-0761.fits 
On File: spec-3666-55185-0762.fits 
On File: spec-3666-55185-0763.fits 
On File: spec-3666-55185-0764.fits 
On File: spec-3666-55185-0765.fits 
On File: spec-3666-55185-0766.fits 
On File: spec-3666-55185-0767.fits 
On File: spec-3666-55185-0768.fits 
On File: spec-3666-55185-0769.fits 
On File: spec-3666-55185-0770.fits 
On File: spec-3666-55185-0771.fits 
On File: spec-3666-55185-0772.fits 
On File: spec-3666-55185-0773.fits 
On File: spec-3666-55185-0774.fits 
On File: spec-3666-55185-0775.fits 
On File: spec-3666-55185-0776.fits 
On File: spec-3666-55185-0777.fits 
On File: spec-3666-55185-0778.fits 
On File: spec-3666-55185-0779.fits 
On File: spec-3666-55185-0780.fits 
On File: spec-3666-55185-0781.fits 
On File: spec-3666-55185-0782.fits 
On File: spec-3666-55185-0783.fits 
On File: spec-3666-55185-0784.fits 
On File: spec-3666-55185-0785.fits 
On File: spec-3666-55185-0786.fits 
On File: spec-3666-55185-0787.fits 
On File: spec-3666-55185-0788.fits 
On File: spec-3666-55185-0789.fits 
On File: spec-3666-55185-0790.fits 
On File: spec-3666-55185-0791.fits 
On File: spec-3666-55185-0792.fits 
On File: spec-3666-55185-0793.fits 
On File: spec-3666-55185-0794.fits 
On File: spec-3666-55185-0795.fits 
On File: spec-3666-55185-0796.fits 
On File: spec-3666-55185-0797.fits 
On File: spec-3666-55185-0798.fits 
On File: spec-3666-55185-0799.fits 
On File: spec-3666-55185-0800.fits 
On File: spec-3666-55185-0801.fits 
On File: spec-3666-55185-0802.fits 
On File: spec-3666-55185-0803.fits 
On File: spec-3666-55185-0804.fits 
On File: spec-3666-55185-0805.fits 
On File: spec-3666-55185-0806.fits 
On File: spec-3666-55185-0807.fits 
On File: spec-3666-55185-0808.fits 
On File: spec-3666-55185-0809.fits 
On File: spec-3666-55185-0810.fits 
On File: spec-3666-55185-0811.fits 
On File: spec-3666-55185-0812.fits 
On File: spec-3666-55185-0813.fits 
On File: spec-3666-55185-0814.fits 
On File: spec-3666-55185-0815.fits 
On File: spec-3666-55185-0816.fits 
On File: spec-3666-55185-0817.fits 
On File: spec-3666-55185-0818.fits 
On File: spec-3666-55185-0819.fits 
On File: spec-3666-55185-0820.fits 
On File: spec-3666-55185-0821.fits 
On File: spec-3666-55185-0822.fits 
On File: spec-3666-55185-0823.fits 
On File: spec-3666-55185-0824.fits 
On File: spec-3666-55185-0825.fits 
On File: spec-3666-55185-0826.fits 
On File: spec-3666-55185-0827.fits 
On File: spec-3666-55185-0828.fits 
On File: spec-3666-55185-0829.fits 
On File: spec-3666-55185-0830.fits 
On File: spec-3666-55185-0831.fits 
On File: spec-3666-55185-0832.fits 
On File: spec-3666-55185-0833.fits 
On File: spec-3666-55185-0834.fits 
On File: spec-3666-55185-0835.fits 
On File: spec-3666-55185-0836.fits 
On File: spec-3666-55185-0837.fits 
On File: spec-3666-55185-0838.fits 
On File: spec-3666-55185-0839.fits 
On File: spec-3666-55185-0840.fits 
On File: spec-3666-55185-0841.fits 
On File: spec-3666-55185-0842.fits 
On File: spec-3666-55185-0843.fits 
On File: spec-3666-55185-0844.fits 
On File: spec-3666-55185-0845.fits 
On File: spec-3666-55185-0846.fits 
On File: spec-3666-55185-0847.fits 
On File: spec-3666-55185-0848.fits 
On File: spec-3666-55185-0849.fits 
On File: spec-3666-55185-0850.fits 
On File: spec-3666-55185-0851.fits 
On File: spec-3666-55185-0852.fits 
On File: spec-3666-55185-0853.fits 
On File: spec-3666-55185-0854.fits 
On File: spec-3666-55185-0855.fits 
On File: spec-3666-55185-0856.fits 
On File: spec-3666-55185-0857.fits 
On File: spec-3666-55185-0858.fits 
On File: spec-3666-55185-0859.fits 
On File: spec-3666-55185-0860.fits 
On File: spec-3666-55185-0861.fits 
On File: spec-3666-55185-0862.fits 
On File: spec-3666-55185-0863.fits 
On File: spec-3666-55185-0864.fits 
On File: spec-3666-55185-0865.fits 
On File: spec-3666-55185-0866.fits 
On File: spec-3666-55185-0867.fits 
On File: spec-3666-55185-0868.fits 
On File: spec-3666-55185-0869.fits 
On File: spec-3666-55185-0870.fits 
On File: spec-3666-55185-0871.fits 
On File: spec-3666-55185-0872.fits 
On File: spec-3666-55185-0873.fits 
On File: spec-3666-55185-0874.fits 
On File: spec-3666-55185-0875.fits 
On File: spec-3666-55185-0876.fits 
On File: spec-3666-55185-0877.fits 
On File: spec-3666-55185-0878.fits 
On File: spec-3666-55185-0879.fits 
On File: spec-3666-55185-0880.fits 
On File: spec-3666-55185-0881.fits 
On File: spec-3666-55185-0882.fits 
On File: spec-3666-55185-0883.fits 
On File: spec-3666-55185-0884.fits 
On File: spec-3666-55185-0885.fits 
On File: spec-3666-55185-0886.fits 
On File: spec-3666-55185-0887.fits 
On File: spec-3666-55185-0888.fits 
On File: spec-3666-55185-0889.fits 
On File: spec-3666-55185-0890.fits 
On File: spec-3666-55185-0891.fits 
On File: spec-3666-55185-0892.fits 
On File: spec-3666-55185-0893.fits 
On File: spec-3666-55185-0894.fits 
On File: spec-3666-55185-0895.fits 
On File: spec-3666-55185-0896.fits 
On File: spec-3666-55185-0897.fits 
On File: spec-3666-55185-0898.fits 
On File: spec-3666-55185-0899.fits 
On File: spec-3666-55185-0900.fits 
On File: spec-3666-55185-0901.fits 
On File: spec-3666-55185-0902.fits 
On File: spec-3666-55185-0903.fits 
On File: spec-3666-55185-0904.fits 
On File: spec-3666-55185-0905.fits 
On File: spec-3666-55185-0906.fits 
On File: spec-3666-55185-0907.fits 
On File: spec-3666-55185-0908.fits 
On File: spec-3666-55185-0909.fits 
On File: spec-3666-55185-0910.fits 
On File: spec-3666-55185-0911.fits 
On File: spec-3666-55185-0912.fits 
On File: spec-3666-55185-0913.fits 
On File: spec-3666-55185-0914.fits 
On File: spec-3666-55185-0915.fits 
On File: spec-3666-55185-0916.fits 
On File: spec-3666-55185-0917.fits 
On File: spec-3666-55185-0918.fits 
On File: spec-3666-55185-0919.fits 
On File: spec-3666-55185-0920.fits 
On File: spec-3666-55185-0921.fits 
On File: spec-3666-55185-0922.fits 
On File: spec-3666-55185-0923.fits 
On File: spec-3666-55185-0924.fits 
On File: spec-3666-55185-0925.fits 
On File: spec-3666-55185-0926.fits 
On File: spec-3666-55185-0927.fits 
On File: spec-3666-55185-0928.fits 
On File: spec-3666-55185-0929.fits 
On File: spec-3666-55185-0930.fits 
On File: spec-3666-55185-0931.fits 
On File: spec-3666-55185-0932.fits 
On File: spec-3666-55185-0933.fits 
On File: spec-3666-55185-0934.fits 
On File: spec-3666-55185-0935.fits 
On File: spec-3666-55185-0936.fits 
On File: spec-3666-55185-0937.fits 
On File: spec-3666-55185-0938.fits 
On File: spec-3666-55185-0939.fits 
On File: spec-3666-55185-0940.fits 
On File: spec-3666-55185-0941.fits 
On File: spec-3666-55185-0942.fits 
On File: spec-3666-55185-0943.fits 
On File: spec-3666-55185-0944.fits 
On File: spec-3666-55185-0945.fits 
On File: spec-3666-55185-0946.fits 
On File: spec-3666-55185-0947.fits 
On File: spec-3666-55185-0948.fits 
On File: spec-3666-55185-0949.fits 
On File: spec-3666-55185-0950.fits 
On File: spec-3666-55185-0951.fits 
On File: spec-3666-55185-0952.fits 
On File: spec-3666-55185-0953.fits 
On File: spec-3666-55185-0954.fits 
On File: spec-3666-55185-0955.fits 
On File: spec-3666-55185-0956.fits 
On File: spec-3666-55185-0957.fits 
On File: spec-3666-55185-0958.fits 
On File: spec-3666-55185-0959.fits 
On File: spec-3666-55185-0960.fits 
On File: spec-3666-55185-0961.fits 
On File: spec-3666-55185-0962.fits 
On File: spec-3666-55185-0963.fits 
On File: spec-3666-55185-0964.fits 
On File: spec-3666-55185-0965.fits 
On File: spec-3666-55185-0966.fits 
On File: spec-3666-55185-0967.fits 
On File: spec-3666-55185-0968.fits 
On File: spec-3666-55185-0969.fits 
On File: spec-3666-55185-0970.fits 
On File: spec-3666-55185-0971.fits 
On File: spec-3666-55185-0972.fits 
On File: spec-3666-55185-0973.fits 
On File: spec-3666-55185-0974.fits 
On File: spec-3666-55185-0975.fits 
On File: spec-3666-55185-0976.fits 
On File: spec-3666-55185-0977.fits 
On File: spec-3666-55185-0978.fits 
On File: spec-3666-55185-0979.fits 
On File: spec-3666-55185-0980.fits 
On File: spec-3666-55185-0981.fits 
On File: spec-3666-55185-0982.fits 
On File: spec-3666-55185-0983.fits 
On File: spec-3666-55185-0984.fits 
On File: spec-3666-55185-0985.fits 
On File: spec-3666-55185-0986.fits 
On File: spec-3666-55185-0987.fits 
On File: spec-3666-55185-0988.fits 
On File: spec-3666-55185-0989.fits 
On File: spec-3666-55185-0990.fits 
On File: spec-3666-55185-0991.fits 
On File: spec-3666-55185-0992.fits 
On File: spec-3666-55185-0993.fits 
On File: spec-3666-55185-0994.fits 
On File: spec-3666-55185-0995.fits 
On File: spec-3666-55185-0996.fits 
On File: spec-3666-55185-0997.fits 
On File: spec-3666-55185-0998.fits 
On File: spec-3666-55185-0999.fits 
On File: spec-3666-55185-1000.fits 
[1] "Job Complete!"
