Unpacking R413.tar.gz ...
Unpacking packages_FITSio.tar.gz ...
Unpacking current *.tgz file
[1] "Initializing Console ..."
[1] "Inputing command line prompts ..."
[1] "Loading package FITSio."
[1] "Reading cB58_Lyman_break.fit ..."
[1] "Starting main process ..."
On File: spec-3669-55481-0001.fits 
On File: spec-3669-55481-0002.fits 
On File: spec-3669-55481-0003.fits 
On File: spec-3669-55481-0004.fits 
On File: spec-3669-55481-0005.fits 
On File: spec-3669-55481-0006.fits 
On File: spec-3669-55481-0007.fits 
On File: spec-3669-55481-0008.fits 
On File: spec-3669-55481-0009.fits 
On File: spec-3669-55481-0010.fits 
On File: spec-3669-55481-0011.fits 
On File: spec-3669-55481-0012.fits 
On File: spec-3669-55481-0013.fits 
On File: spec-3669-55481-0014.fits 
On File: spec-3669-55481-0015.fits 
On File: spec-3669-55481-0016.fits 
On File: spec-3669-55481-0017.fits 
On File: spec-3669-55481-0018.fits 
On File: spec-3669-55481-0019.fits 
On File: spec-3669-55481-0020.fits 
On File: spec-3669-55481-0021.fits 
On File: spec-3669-55481-0022.fits 
On File: spec-3669-55481-0023.fits 
On File: spec-3669-55481-0024.fits 
On File: spec-3669-55481-0025.fits 
On File: spec-3669-55481-0026.fits 
On File: spec-3669-55481-0027.fits 
On File: spec-3669-55481-0028.fits 
On File: spec-3669-55481-0029.fits 
On File: spec-3669-55481-0030.fits 
On File: spec-3669-55481-0031.fits 
On File: spec-3669-55481-0032.fits 
On File: spec-3669-55481-0033.fits 
On File: spec-3669-55481-0034.fits 
On File: spec-3669-55481-0035.fits 
On File: spec-3669-55481-0036.fits 
On File: spec-3669-55481-0037.fits 
On File: spec-3669-55481-0038.fits 
On File: spec-3669-55481-0039.fits 
On File: spec-3669-55481-0040.fits 
On File: spec-3669-55481-0041.fits 
On File: spec-3669-55481-0042.fits 
On File: spec-3669-55481-0043.fits 
On File: spec-3669-55481-0044.fits 
On File: spec-3669-55481-0045.fits 
On File: spec-3669-55481-0046.fits 
On File: spec-3669-55481-0047.fits 
On File: spec-3669-55481-0048.fits 
On File: spec-3669-55481-0049.fits 
On File: spec-3669-55481-0050.fits 
On File: spec-3669-55481-0051.fits 
On File: spec-3669-55481-0052.fits 
On File: spec-3669-55481-0053.fits 
On File: spec-3669-55481-0054.fits 
On File: spec-3669-55481-0055.fits 
On File: spec-3669-55481-0056.fits 
On File: spec-3669-55481-0057.fits 
On File: spec-3669-55481-0058.fits 
On File: spec-3669-55481-0059.fits 
On File: spec-3669-55481-0060.fits 
On File: spec-3669-55481-0061.fits 
On File: spec-3669-55481-0062.fits 
On File: spec-3669-55481-0063.fits 
On File: spec-3669-55481-0064.fits 
On File: spec-3669-55481-0065.fits 
On File: spec-3669-55481-0066.fits 
On File: spec-3669-55481-0067.fits 
On File: spec-3669-55481-0068.fits 
On File: spec-3669-55481-0069.fits 
On File: spec-3669-55481-0070.fits 
On File: spec-3669-55481-0071.fits 
On File: spec-3669-55481-0072.fits 
On File: spec-3669-55481-0073.fits 
On File: spec-3669-55481-0074.fits 
On File: spec-3669-55481-0075.fits 
On File: spec-3669-55481-0076.fits 
On File: spec-3669-55481-0077.fits 
On File: spec-3669-55481-0078.fits 
On File: spec-3669-55481-0079.fits 
On File: spec-3669-55481-0080.fits 
On File: spec-3669-55481-0081.fits 
On File: spec-3669-55481-0082.fits 
On File: spec-3669-55481-0083.fits 
On File: spec-3669-55481-0084.fits 
On File: spec-3669-55481-0085.fits 
On File: spec-3669-55481-0086.fits 
On File: spec-3669-55481-0087.fits 
On File: spec-3669-55481-0088.fits 
On File: spec-3669-55481-0089.fits 
On File: spec-3669-55481-0090.fits 
On File: spec-3669-55481-0091.fits 
On File: spec-3669-55481-0092.fits 
On File: spec-3669-55481-0093.fits 
On File: spec-3669-55481-0094.fits 
On File: spec-3669-55481-0095.fits 
On File: spec-3669-55481-0096.fits 
On File: spec-3669-55481-0097.fits 
On File: spec-3669-55481-0098.fits 
On File: spec-3669-55481-0099.fits 
On File: spec-3669-55481-0100.fits 
On File: spec-3669-55481-0101.fits 
On File: spec-3669-55481-0102.fits 
On File: spec-3669-55481-0103.fits 
On File: spec-3669-55481-0104.fits 
On File: spec-3669-55481-0105.fits 
On File: spec-3669-55481-0106.fits 
On File: spec-3669-55481-0107.fits 
On File: spec-3669-55481-0108.fits 
On File: spec-3669-55481-0109.fits 
On File: spec-3669-55481-0110.fits 
On File: spec-3669-55481-0111.fits 
On File: spec-3669-55481-0112.fits 
On File: spec-3669-55481-0113.fits 
On File: spec-3669-55481-0114.fits 
On File: spec-3669-55481-0115.fits 
On File: spec-3669-55481-0116.fits 
On File: spec-3669-55481-0117.fits 
On File: spec-3669-55481-0118.fits 
On File: spec-3669-55481-0119.fits 
On File: spec-3669-55481-0120.fits 
On File: spec-3669-55481-0121.fits 
On File: spec-3669-55481-0122.fits 
On File: spec-3669-55481-0123.fits 
On File: spec-3669-55481-0124.fits 
On File: spec-3669-55481-0125.fits 
On File: spec-3669-55481-0126.fits 
On File: spec-3669-55481-0127.fits 
On File: spec-3669-55481-0128.fits 
On File: spec-3669-55481-0129.fits 
On File: spec-3669-55481-0130.fits 
On File: spec-3669-55481-0131.fits 
On File: spec-3669-55481-0132.fits 
On File: spec-3669-55481-0133.fits 
On File: spec-3669-55481-0134.fits 
On File: spec-3669-55481-0135.fits 
On File: spec-3669-55481-0136.fits 
On File: spec-3669-55481-0137.fits 
On File: spec-3669-55481-0138.fits 
On File: spec-3669-55481-0139.fits 
On File: spec-3669-55481-0140.fits 
On File: spec-3669-55481-0141.fits 
On File: spec-3669-55481-0142.fits 
On File: spec-3669-55481-0143.fits 
On File: spec-3669-55481-0144.fits 
On File: spec-3669-55481-0145.fits 
On File: spec-3669-55481-0146.fits 
On File: spec-3669-55481-0147.fits 
On File: spec-3669-55481-0148.fits 
On File: spec-3669-55481-0149.fits 
On File: spec-3669-55481-0150.fits 
On File: spec-3669-55481-0151.fits 
On File: spec-3669-55481-0152.fits 
On File: spec-3669-55481-0153.fits 
On File: spec-3669-55481-0154.fits 
On File: spec-3669-55481-0155.fits 
On File: spec-3669-55481-0156.fits 
On File: spec-3669-55481-0157.fits 
On File: spec-3669-55481-0158.fits 
On File: spec-3669-55481-0159.fits 
On File: spec-3669-55481-0160.fits 
On File: spec-3669-55481-0161.fits 
On File: spec-3669-55481-0162.fits 
On File: spec-3669-55481-0163.fits 
On File: spec-3669-55481-0164.fits 
On File: spec-3669-55481-0165.fits 
On File: spec-3669-55481-0166.fits 
On File: spec-3669-55481-0167.fits 
On File: spec-3669-55481-0168.fits 
On File: spec-3669-55481-0169.fits 
On File: spec-3669-55481-0170.fits 
On File: spec-3669-55481-0171.fits 
On File: spec-3669-55481-0172.fits 
On File: spec-3669-55481-0173.fits 
On File: spec-3669-55481-0174.fits 
On File: spec-3669-55481-0175.fits 
On File: spec-3669-55481-0176.fits 
On File: spec-3669-55481-0177.fits 
On File: spec-3669-55481-0178.fits 
On File: spec-3669-55481-0179.fits 
On File: spec-3669-55481-0180.fits 
On File: spec-3669-55481-0181.fits 
On File: spec-3669-55481-0182.fits 
On File: spec-3669-55481-0183.fits 
On File: spec-3669-55481-0184.fits 
On File: spec-3669-55481-0185.fits 
On File: spec-3669-55481-0186.fits 
On File: spec-3669-55481-0187.fits 
On File: spec-3669-55481-0188.fits 
On File: spec-3669-55481-0189.fits 
On File: spec-3669-55481-0190.fits 
On File: spec-3669-55481-0191.fits 
On File: spec-3669-55481-0192.fits 
On File: spec-3669-55481-0193.fits 
On File: spec-3669-55481-0194.fits 
On File: spec-3669-55481-0195.fits 
On File: spec-3669-55481-0196.fits 
On File: spec-3669-55481-0197.fits 
On File: spec-3669-55481-0198.fits 
On File: spec-3669-55481-0199.fits 
On File: spec-3669-55481-0200.fits 
On File: spec-3669-55481-0201.fits 
On File: spec-3669-55481-0202.fits 
On File: spec-3669-55481-0203.fits 
On File: spec-3669-55481-0204.fits 
On File: spec-3669-55481-0205.fits 
On File: spec-3669-55481-0206.fits 
On File: spec-3669-55481-0207.fits 
On File: spec-3669-55481-0208.fits 
On File: spec-3669-55481-0209.fits 
On File: spec-3669-55481-0210.fits 
On File: spec-3669-55481-0211.fits 
On File: spec-3669-55481-0212.fits 
On File: spec-3669-55481-0213.fits 
On File: spec-3669-55481-0214.fits 
On File: spec-3669-55481-0215.fits 
On File: spec-3669-55481-0216.fits 
On File: spec-3669-55481-0217.fits 
On File: spec-3669-55481-0218.fits 
On File: spec-3669-55481-0219.fits 
On File: spec-3669-55481-0220.fits 
On File: spec-3669-55481-0221.fits 
On File: spec-3669-55481-0222.fits 
On File: spec-3669-55481-0223.fits 
On File: spec-3669-55481-0224.fits 
On File: spec-3669-55481-0225.fits 
On File: spec-3669-55481-0226.fits 
On File: spec-3669-55481-0227.fits 
On File: spec-3669-55481-0228.fits 
On File: spec-3669-55481-0229.fits 
On File: spec-3669-55481-0230.fits 
On File: spec-3669-55481-0231.fits 
On File: spec-3669-55481-0232.fits 
On File: spec-3669-55481-0233.fits 
On File: spec-3669-55481-0234.fits 
On File: spec-3669-55481-0235.fits 
On File: spec-3669-55481-0236.fits 
On File: spec-3669-55481-0237.fits 
On File: spec-3669-55481-0238.fits 
On File: spec-3669-55481-0239.fits 
On File: spec-3669-55481-0240.fits 
On File: spec-3669-55481-0241.fits 
On File: spec-3669-55481-0242.fits 
On File: spec-3669-55481-0243.fits 
On File: spec-3669-55481-0244.fits 
On File: spec-3669-55481-0245.fits 
On File: spec-3669-55481-0246.fits 
On File: spec-3669-55481-0247.fits 
On File: spec-3669-55481-0248.fits 
On File: spec-3669-55481-0249.fits 
On File: spec-3669-55481-0250.fits 
On File: spec-3669-55481-0251.fits 
On File: spec-3669-55481-0252.fits 
On File: spec-3669-55481-0253.fits 
On File: spec-3669-55481-0254.fits 
On File: spec-3669-55481-0255.fits 
On File: spec-3669-55481-0256.fits 
On File: spec-3669-55481-0257.fits 
On File: spec-3669-55481-0258.fits 
On File: spec-3669-55481-0259.fits 
On File: spec-3669-55481-0260.fits 
On File: spec-3669-55481-0261.fits 
On File: spec-3669-55481-0262.fits 
On File: spec-3669-55481-0263.fits 
On File: spec-3669-55481-0264.fits 
On File: spec-3669-55481-0265.fits 
On File: spec-3669-55481-0266.fits 
On File: spec-3669-55481-0267.fits 
On File: spec-3669-55481-0268.fits 
On File: spec-3669-55481-0269.fits 
On File: spec-3669-55481-0270.fits 
On File: spec-3669-55481-0271.fits 
On File: spec-3669-55481-0272.fits 
On File: spec-3669-55481-0273.fits 
On File: spec-3669-55481-0274.fits 
On File: spec-3669-55481-0275.fits 
On File: spec-3669-55481-0276.fits 
On File: spec-3669-55481-0277.fits 
On File: spec-3669-55481-0278.fits 
On File: spec-3669-55481-0279.fits 
On File: spec-3669-55481-0280.fits 
On File: spec-3669-55481-0281.fits 
On File: spec-3669-55481-0282.fits 
On File: spec-3669-55481-0283.fits 
On File: spec-3669-55481-0284.fits 
On File: spec-3669-55481-0285.fits 
On File: spec-3669-55481-0286.fits 
On File: spec-3669-55481-0287.fits 
On File: spec-3669-55481-0288.fits 
On File: spec-3669-55481-0289.fits 
On File: spec-3669-55481-0290.fits 
On File: spec-3669-55481-0291.fits 
On File: spec-3669-55481-0292.fits 
On File: spec-3669-55481-0293.fits 
On File: spec-3669-55481-0294.fits 
On File: spec-3669-55481-0295.fits 
On File: spec-3669-55481-0296.fits 
On File: spec-3669-55481-0297.fits 
On File: spec-3669-55481-0298.fits 
On File: spec-3669-55481-0299.fits 
On File: spec-3669-55481-0300.fits 
On File: spec-3669-55481-0301.fits 
On File: spec-3669-55481-0302.fits 
On File: spec-3669-55481-0303.fits 
On File: spec-3669-55481-0304.fits 
On File: spec-3669-55481-0305.fits 
On File: spec-3669-55481-0306.fits 
On File: spec-3669-55481-0307.fits 
On File: spec-3669-55481-0308.fits 
On File: spec-3669-55481-0309.fits 
On File: spec-3669-55481-0310.fits 
On File: spec-3669-55481-0311.fits 
On File: spec-3669-55481-0312.fits 
On File: spec-3669-55481-0313.fits 
On File: spec-3669-55481-0314.fits 
On File: spec-3669-55481-0315.fits 
On File: spec-3669-55481-0316.fits 
On File: spec-3669-55481-0317.fits 
On File: spec-3669-55481-0318.fits 
On File: spec-3669-55481-0319.fits 
On File: spec-3669-55481-0320.fits 
On File: spec-3669-55481-0321.fits 
On File: spec-3669-55481-0322.fits 
On File: spec-3669-55481-0323.fits 
On File: spec-3669-55481-0324.fits 
On File: spec-3669-55481-0325.fits 
On File: spec-3669-55481-0326.fits 
On File: spec-3669-55481-0327.fits 
On File: spec-3669-55481-0328.fits 
On File: spec-3669-55481-0329.fits 
On File: spec-3669-55481-0330.fits 
On File: spec-3669-55481-0331.fits 
On File: spec-3669-55481-0332.fits 
On File: spec-3669-55481-0333.fits 
On File: spec-3669-55481-0334.fits 
On File: spec-3669-55481-0335.fits 
On File: spec-3669-55481-0336.fits 
On File: spec-3669-55481-0337.fits 
On File: spec-3669-55481-0338.fits 
On File: spec-3669-55481-0339.fits 
On File: spec-3669-55481-0340.fits 
On File: spec-3669-55481-0341.fits 
On File: spec-3669-55481-0342.fits 
On File: spec-3669-55481-0343.fits 
On File: spec-3669-55481-0344.fits 
On File: spec-3669-55481-0345.fits 
On File: spec-3669-55481-0346.fits 
On File: spec-3669-55481-0347.fits 
On File: spec-3669-55481-0348.fits 
On File: spec-3669-55481-0349.fits 
On File: spec-3669-55481-0350.fits 
On File: spec-3669-55481-0351.fits 
On File: spec-3669-55481-0352.fits 
On File: spec-3669-55481-0353.fits 
On File: spec-3669-55481-0354.fits 
On File: spec-3669-55481-0355.fits 
On File: spec-3669-55481-0356.fits 
On File: spec-3669-55481-0357.fits 
On File: spec-3669-55481-0358.fits 
On File: spec-3669-55481-0359.fits 
On File: spec-3669-55481-0360.fits 
On File: spec-3669-55481-0361.fits 
On File: spec-3669-55481-0362.fits 
On File: spec-3669-55481-0363.fits 
On File: spec-3669-55481-0364.fits 
On File: spec-3669-55481-0365.fits 
On File: spec-3669-55481-0366.fits 
On File: spec-3669-55481-0367.fits 
On File: spec-3669-55481-0368.fits 
On File: spec-3669-55481-0369.fits 
On File: spec-3669-55481-0370.fits 
On File: spec-3669-55481-0371.fits 
On File: spec-3669-55481-0372.fits 
On File: spec-3669-55481-0373.fits 
On File: spec-3669-55481-0374.fits 
On File: spec-3669-55481-0375.fits 
On File: spec-3669-55481-0376.fits 
On File: spec-3669-55481-0377.fits 
On File: spec-3669-55481-0378.fits 
On File: spec-3669-55481-0379.fits 
On File: spec-3669-55481-0380.fits 
On File: spec-3669-55481-0381.fits 
On File: spec-3669-55481-0382.fits 
On File: spec-3669-55481-0383.fits 
On File: spec-3669-55481-0384.fits 
On File: spec-3669-55481-0385.fits 
On File: spec-3669-55481-0386.fits 
On File: spec-3669-55481-0387.fits 
On File: spec-3669-55481-0388.fits 
On File: spec-3669-55481-0389.fits 
On File: spec-3669-55481-0390.fits 
On File: spec-3669-55481-0391.fits 
On File: spec-3669-55481-0392.fits 
On File: spec-3669-55481-0393.fits 
On File: spec-3669-55481-0394.fits 
On File: spec-3669-55481-0395.fits 
On File: spec-3669-55481-0396.fits 
On File: spec-3669-55481-0397.fits 
On File: spec-3669-55481-0398.fits 
On File: spec-3669-55481-0399.fits 
On File: spec-3669-55481-0400.fits 
On File: spec-3669-55481-0401.fits 
On File: spec-3669-55481-0402.fits 
On File: spec-3669-55481-0403.fits 
On File: spec-3669-55481-0404.fits 
On File: spec-3669-55481-0405.fits 
On File: spec-3669-55481-0406.fits 
On File: spec-3669-55481-0407.fits 
On File: spec-3669-55481-0408.fits 
On File: spec-3669-55481-0409.fits 
On File: spec-3669-55481-0410.fits 
On File: spec-3669-55481-0411.fits 
On File: spec-3669-55481-0412.fits 
On File: spec-3669-55481-0413.fits 
On File: spec-3669-55481-0414.fits 
On File: spec-3669-55481-0415.fits 
On File: spec-3669-55481-0416.fits 
On File: spec-3669-55481-0417.fits 
On File: spec-3669-55481-0418.fits 
On File: spec-3669-55481-0419.fits 
On File: spec-3669-55481-0420.fits 
On File: spec-3669-55481-0421.fits 
On File: spec-3669-55481-0422.fits 
On File: spec-3669-55481-0423.fits 
On File: spec-3669-55481-0424.fits 
On File: spec-3669-55481-0425.fits 
On File: spec-3669-55481-0426.fits 
On File: spec-3669-55481-0427.fits 
On File: spec-3669-55481-0428.fits 
On File: spec-3669-55481-0429.fits 
On File: spec-3669-55481-0430.fits 
On File: spec-3669-55481-0431.fits 
On File: spec-3669-55481-0432.fits 
On File: spec-3669-55481-0433.fits 
On File: spec-3669-55481-0434.fits 
On File: spec-3669-55481-0435.fits 
On File: spec-3669-55481-0436.fits 
On File: spec-3669-55481-0437.fits 
On File: spec-3669-55481-0438.fits 
On File: spec-3669-55481-0439.fits 
On File: spec-3669-55481-0440.fits 
On File: spec-3669-55481-0441.fits 
On File: spec-3669-55481-0442.fits 
On File: spec-3669-55481-0443.fits 
On File: spec-3669-55481-0444.fits 
On File: spec-3669-55481-0445.fits 
On File: spec-3669-55481-0446.fits 
On File: spec-3669-55481-0447.fits 
On File: spec-3669-55481-0448.fits 
On File: spec-3669-55481-0449.fits 
On File: spec-3669-55481-0450.fits 
On File: spec-3669-55481-0451.fits 
On File: spec-3669-55481-0452.fits 
On File: spec-3669-55481-0453.fits 
On File: spec-3669-55481-0454.fits 
On File: spec-3669-55481-0455.fits 
On File: spec-3669-55481-0456.fits 
On File: spec-3669-55481-0457.fits 
On File: spec-3669-55481-0458.fits 
On File: spec-3669-55481-0459.fits 
On File: spec-3669-55481-0460.fits 
On File: spec-3669-55481-0461.fits 
On File: spec-3669-55481-0462.fits 
On File: spec-3669-55481-0463.fits 
On File: spec-3669-55481-0464.fits 
On File: spec-3669-55481-0465.fits 
On File: spec-3669-55481-0466.fits 
On File: spec-3669-55481-0467.fits 
On File: spec-3669-55481-0468.fits 
On File: spec-3669-55481-0469.fits 
On File: spec-3669-55481-0470.fits 
On File: spec-3669-55481-0471.fits 
On File: spec-3669-55481-0472.fits 
On File: spec-3669-55481-0473.fits 
On File: spec-3669-55481-0474.fits 
On File: spec-3669-55481-0475.fits 
On File: spec-3669-55481-0476.fits 
On File: spec-3669-55481-0477.fits 
On File: spec-3669-55481-0478.fits 
On File: spec-3669-55481-0479.fits 
On File: spec-3669-55481-0480.fits 
On File: spec-3669-55481-0481.fits 
On File: spec-3669-55481-0482.fits 
On File: spec-3669-55481-0483.fits 
On File: spec-3669-55481-0484.fits 
On File: spec-3669-55481-0485.fits 
On File: spec-3669-55481-0486.fits 
On File: spec-3669-55481-0487.fits 
On File: spec-3669-55481-0488.fits 
On File: spec-3669-55481-0489.fits 
On File: spec-3669-55481-0490.fits 
On File: spec-3669-55481-0491.fits 
On File: spec-3669-55481-0492.fits 
On File: spec-3669-55481-0493.fits 
On File: spec-3669-55481-0494.fits 
On File: spec-3669-55481-0495.fits 
On File: spec-3669-55481-0496.fits 
On File: spec-3669-55481-0497.fits 
On File: spec-3669-55481-0498.fits 
On File: spec-3669-55481-0499.fits 
On File: spec-3669-55481-0500.fits 
On File: spec-3669-55481-0501.fits 
On File: spec-3669-55481-0502.fits 
On File: spec-3669-55481-0503.fits 
On File: spec-3669-55481-0504.fits 
On File: spec-3669-55481-0505.fits 
On File: spec-3669-55481-0506.fits 
On File: spec-3669-55481-0507.fits 
On File: spec-3669-55481-0508.fits 
On File: spec-3669-55481-0509.fits 
On File: spec-3669-55481-0510.fits 
On File: spec-3669-55481-0511.fits 
On File: spec-3669-55481-0512.fits 
On File: spec-3669-55481-0513.fits 
On File: spec-3669-55481-0514.fits 
On File: spec-3669-55481-0515.fits 
On File: spec-3669-55481-0516.fits 
On File: spec-3669-55481-0517.fits 
On File: spec-3669-55481-0518.fits 
On File: spec-3669-55481-0519.fits 
On File: spec-3669-55481-0520.fits 
On File: spec-3669-55481-0521.fits 
On File: spec-3669-55481-0522.fits 
On File: spec-3669-55481-0523.fits 
On File: spec-3669-55481-0524.fits 
On File: spec-3669-55481-0525.fits 
On File: spec-3669-55481-0526.fits 
On File: spec-3669-55481-0527.fits 
On File: spec-3669-55481-0528.fits 
On File: spec-3669-55481-0529.fits 
On File: spec-3669-55481-0530.fits 
On File: spec-3669-55481-0531.fits 
On File: spec-3669-55481-0532.fits 
On File: spec-3669-55481-0533.fits 
On File: spec-3669-55481-0534.fits 
On File: spec-3669-55481-0535.fits 
On File: spec-3669-55481-0536.fits 
On File: spec-3669-55481-0537.fits 
On File: spec-3669-55481-0538.fits 
On File: spec-3669-55481-0539.fits 
On File: spec-3669-55481-0540.fits 
On File: spec-3669-55481-0541.fits 
On File: spec-3669-55481-0542.fits 
On File: spec-3669-55481-0543.fits 
On File: spec-3669-55481-0544.fits 
On File: spec-3669-55481-0545.fits 
On File: spec-3669-55481-0546.fits 
On File: spec-3669-55481-0547.fits 
On File: spec-3669-55481-0548.fits 
On File: spec-3669-55481-0549.fits 
On File: spec-3669-55481-0550.fits 
On File: spec-3669-55481-0551.fits 
On File: spec-3669-55481-0552.fits 
On File: spec-3669-55481-0553.fits 
On File: spec-3669-55481-0554.fits 
On File: spec-3669-55481-0555.fits 
On File: spec-3669-55481-0556.fits 
On File: spec-3669-55481-0557.fits 
On File: spec-3669-55481-0558.fits 
On File: spec-3669-55481-0559.fits 
On File: spec-3669-55481-0560.fits 
On File: spec-3669-55481-0561.fits 
On File: spec-3669-55481-0562.fits 
On File: spec-3669-55481-0563.fits 
On File: spec-3669-55481-0564.fits 
On File: spec-3669-55481-0565.fits 
On File: spec-3669-55481-0566.fits 
On File: spec-3669-55481-0567.fits 
On File: spec-3669-55481-0568.fits 
On File: spec-3669-55481-0569.fits 
On File: spec-3669-55481-0570.fits 
On File: spec-3669-55481-0571.fits 
On File: spec-3669-55481-0572.fits 
On File: spec-3669-55481-0573.fits 
On File: spec-3669-55481-0574.fits 
On File: spec-3669-55481-0575.fits 
On File: spec-3669-55481-0576.fits 
On File: spec-3669-55481-0577.fits 
On File: spec-3669-55481-0578.fits 
On File: spec-3669-55481-0579.fits 
On File: spec-3669-55481-0580.fits 
On File: spec-3669-55481-0581.fits 
On File: spec-3669-55481-0582.fits 
On File: spec-3669-55481-0583.fits 
On File: spec-3669-55481-0584.fits 
On File: spec-3669-55481-0585.fits 
On File: spec-3669-55481-0586.fits 
On File: spec-3669-55481-0587.fits 
On File: spec-3669-55481-0588.fits 
On File: spec-3669-55481-0589.fits 
On File: spec-3669-55481-0590.fits 
On File: spec-3669-55481-0591.fits 
On File: spec-3669-55481-0592.fits 
On File: spec-3669-55481-0593.fits 
On File: spec-3669-55481-0594.fits 
On File: spec-3669-55481-0595.fits 
On File: spec-3669-55481-0596.fits 
On File: spec-3669-55481-0597.fits 
On File: spec-3669-55481-0598.fits 
On File: spec-3669-55481-0599.fits 
On File: spec-3669-55481-0600.fits 
On File: spec-3669-55481-0601.fits 
On File: spec-3669-55481-0602.fits 
On File: spec-3669-55481-0603.fits 
On File: spec-3669-55481-0604.fits 
On File: spec-3669-55481-0605.fits 
On File: spec-3669-55481-0606.fits 
On File: spec-3669-55481-0607.fits 
On File: spec-3669-55481-0608.fits 
On File: spec-3669-55481-0609.fits 
On File: spec-3669-55481-0610.fits 
On File: spec-3669-55481-0611.fits 
On File: spec-3669-55481-0612.fits 
On File: spec-3669-55481-0613.fits 
On File: spec-3669-55481-0614.fits 
On File: spec-3669-55481-0615.fits 
On File: spec-3669-55481-0616.fits 
On File: spec-3669-55481-0617.fits 
On File: spec-3669-55481-0618.fits 
On File: spec-3669-55481-0619.fits 
On File: spec-3669-55481-0620.fits 
On File: spec-3669-55481-0621.fits 
On File: spec-3669-55481-0622.fits 
On File: spec-3669-55481-0623.fits 
On File: spec-3669-55481-0624.fits 
On File: spec-3669-55481-0625.fits 
On File: spec-3669-55481-0626.fits 
On File: spec-3669-55481-0627.fits 
On File: spec-3669-55481-0628.fits 
On File: spec-3669-55481-0629.fits 
On File: spec-3669-55481-0630.fits 
On File: spec-3669-55481-0631.fits 
On File: spec-3669-55481-0632.fits 
On File: spec-3669-55481-0633.fits 
On File: spec-3669-55481-0634.fits 
On File: spec-3669-55481-0635.fits 
On File: spec-3669-55481-0636.fits 
On File: spec-3669-55481-0637.fits 
On File: spec-3669-55481-0638.fits 
On File: spec-3669-55481-0639.fits 
On File: spec-3669-55481-0640.fits 
On File: spec-3669-55481-0641.fits 
On File: spec-3669-55481-0642.fits 
On File: spec-3669-55481-0643.fits 
On File: spec-3669-55481-0644.fits 
On File: spec-3669-55481-0645.fits 
On File: spec-3669-55481-0646.fits 
On File: spec-3669-55481-0647.fits 
On File: spec-3669-55481-0648.fits 
On File: spec-3669-55481-0649.fits 
On File: spec-3669-55481-0650.fits 
On File: spec-3669-55481-0651.fits 
On File: spec-3669-55481-0652.fits 
On File: spec-3669-55481-0653.fits 
On File: spec-3669-55481-0654.fits 
On File: spec-3669-55481-0655.fits 
On File: spec-3669-55481-0656.fits 
On File: spec-3669-55481-0657.fits 
On File: spec-3669-55481-0658.fits 
On File: spec-3669-55481-0659.fits 
On File: spec-3669-55481-0660.fits 
On File: spec-3669-55481-0661.fits 
On File: spec-3669-55481-0662.fits 
On File: spec-3669-55481-0663.fits 
On File: spec-3669-55481-0664.fits 
On File: spec-3669-55481-0665.fits 
On File: spec-3669-55481-0666.fits 
On File: spec-3669-55481-0667.fits 
On File: spec-3669-55481-0668.fits 
On File: spec-3669-55481-0669.fits 
On File: spec-3669-55481-0670.fits 
On File: spec-3669-55481-0671.fits 
On File: spec-3669-55481-0672.fits 
On File: spec-3669-55481-0673.fits 
On File: spec-3669-55481-0674.fits 
On File: spec-3669-55481-0675.fits 
On File: spec-3669-55481-0676.fits 
On File: spec-3669-55481-0677.fits 
On File: spec-3669-55481-0678.fits 
On File: spec-3669-55481-0679.fits 
On File: spec-3669-55481-0680.fits 
On File: spec-3669-55481-0681.fits 
On File: spec-3669-55481-0682.fits 
On File: spec-3669-55481-0683.fits 
On File: spec-3669-55481-0684.fits 
On File: spec-3669-55481-0685.fits 
On File: spec-3669-55481-0686.fits 
On File: spec-3669-55481-0687.fits 
On File: spec-3669-55481-0688.fits 
On File: spec-3669-55481-0689.fits 
On File: spec-3669-55481-0690.fits 
On File: spec-3669-55481-0691.fits 
On File: spec-3669-55481-0692.fits 
On File: spec-3669-55481-0693.fits 
On File: spec-3669-55481-0694.fits 
On File: spec-3669-55481-0695.fits 
On File: spec-3669-55481-0696.fits 
On File: spec-3669-55481-0697.fits 
On File: spec-3669-55481-0698.fits 
On File: spec-3669-55481-0699.fits 
On File: spec-3669-55481-0700.fits 
On File: spec-3669-55481-0701.fits 
On File: spec-3669-55481-0702.fits 
On File: spec-3669-55481-0703.fits 
On File: spec-3669-55481-0704.fits 
On File: spec-3669-55481-0705.fits 
On File: spec-3669-55481-0706.fits 
On File: spec-3669-55481-0707.fits 
On File: spec-3669-55481-0708.fits 
On File: spec-3669-55481-0709.fits 
On File: spec-3669-55481-0710.fits 
On File: spec-3669-55481-0711.fits 
On File: spec-3669-55481-0712.fits 
On File: spec-3669-55481-0713.fits 
On File: spec-3669-55481-0714.fits 
On File: spec-3669-55481-0715.fits 
On File: spec-3669-55481-0716.fits 
On File: spec-3669-55481-0717.fits 
On File: spec-3669-55481-0718.fits 
On File: spec-3669-55481-0719.fits 
On File: spec-3669-55481-0720.fits 
On File: spec-3669-55481-0721.fits 
On File: spec-3669-55481-0722.fits 
On File: spec-3669-55481-0723.fits 
On File: spec-3669-55481-0724.fits 
On File: spec-3669-55481-0725.fits 
On File: spec-3669-55481-0726.fits 
On File: spec-3669-55481-0727.fits 
On File: spec-3669-55481-0728.fits 
On File: spec-3669-55481-0729.fits 
On File: spec-3669-55481-0730.fits 
On File: spec-3669-55481-0731.fits 
On File: spec-3669-55481-0732.fits 
On File: spec-3669-55481-0733.fits 
On File: spec-3669-55481-0734.fits 
On File: spec-3669-55481-0735.fits 
On File: spec-3669-55481-0736.fits 
On File: spec-3669-55481-0737.fits 
On File: spec-3669-55481-0738.fits 
On File: spec-3669-55481-0739.fits 
On File: spec-3669-55481-0740.fits 
On File: spec-3669-55481-0741.fits 
On File: spec-3669-55481-0742.fits 
On File: spec-3669-55481-0743.fits 
On File: spec-3669-55481-0744.fits 
On File: spec-3669-55481-0745.fits 
On File: spec-3669-55481-0746.fits 
On File: spec-3669-55481-0747.fits 
On File: spec-3669-55481-0748.fits 
On File: spec-3669-55481-0749.fits 
On File: spec-3669-55481-0750.fits 
On File: spec-3669-55481-0751.fits 
On File: spec-3669-55481-0752.fits 
On File: spec-3669-55481-0753.fits 
On File: spec-3669-55481-0754.fits 
On File: spec-3669-55481-0755.fits 
On File: spec-3669-55481-0756.fits 
On File: spec-3669-55481-0757.fits 
On File: spec-3669-55481-0758.fits 
On File: spec-3669-55481-0759.fits 
On File: spec-3669-55481-0760.fits 
On File: spec-3669-55481-0761.fits 
On File: spec-3669-55481-0762.fits 
On File: spec-3669-55481-0763.fits 
On File: spec-3669-55481-0764.fits 
On File: spec-3669-55481-0765.fits 
On File: spec-3669-55481-0766.fits 
On File: spec-3669-55481-0767.fits 
On File: spec-3669-55481-0768.fits 
On File: spec-3669-55481-0769.fits 
On File: spec-3669-55481-0770.fits 
On File: spec-3669-55481-0771.fits 
On File: spec-3669-55481-0772.fits 
On File: spec-3669-55481-0773.fits 
On File: spec-3669-55481-0774.fits 
On File: spec-3669-55481-0775.fits 
On File: spec-3669-55481-0776.fits 
On File: spec-3669-55481-0777.fits 
On File: spec-3669-55481-0778.fits 
On File: spec-3669-55481-0779.fits 
On File: spec-3669-55481-0780.fits 
On File: spec-3669-55481-0781.fits 
On File: spec-3669-55481-0782.fits 
On File: spec-3669-55481-0783.fits 
On File: spec-3669-55481-0784.fits 
On File: spec-3669-55481-0785.fits 
On File: spec-3669-55481-0786.fits 
On File: spec-3669-55481-0787.fits 
On File: spec-3669-55481-0788.fits 
On File: spec-3669-55481-0789.fits 
On File: spec-3669-55481-0790.fits 
On File: spec-3669-55481-0791.fits 
On File: spec-3669-55481-0792.fits 
On File: spec-3669-55481-0793.fits 
On File: spec-3669-55481-0794.fits 
On File: spec-3669-55481-0795.fits 
On File: spec-3669-55481-0796.fits 
On File: spec-3669-55481-0797.fits 
On File: spec-3669-55481-0798.fits 
On File: spec-3669-55481-0799.fits 
On File: spec-3669-55481-0800.fits 
On File: spec-3669-55481-0801.fits 
On File: spec-3669-55481-0802.fits 
On File: spec-3669-55481-0803.fits 
On File: spec-3669-55481-0804.fits 
On File: spec-3669-55481-0805.fits 
On File: spec-3669-55481-0806.fits 
On File: spec-3669-55481-0807.fits 
On File: spec-3669-55481-0808.fits 
On File: spec-3669-55481-0809.fits 
On File: spec-3669-55481-0810.fits 
On File: spec-3669-55481-0811.fits 
On File: spec-3669-55481-0812.fits 
On File: spec-3669-55481-0813.fits 
On File: spec-3669-55481-0814.fits 
On File: spec-3669-55481-0815.fits 
On File: spec-3669-55481-0816.fits 
On File: spec-3669-55481-0817.fits 
On File: spec-3669-55481-0818.fits 
On File: spec-3669-55481-0819.fits 
On File: spec-3669-55481-0820.fits 
On File: spec-3669-55481-0821.fits 
On File: spec-3669-55481-0822.fits 
On File: spec-3669-55481-0823.fits 
On File: spec-3669-55481-0824.fits 
On File: spec-3669-55481-0825.fits 
On File: spec-3669-55481-0826.fits 
On File: spec-3669-55481-0827.fits 
On File: spec-3669-55481-0828.fits 
On File: spec-3669-55481-0829.fits 
On File: spec-3669-55481-0830.fits 
On File: spec-3669-55481-0831.fits 
On File: spec-3669-55481-0832.fits 
On File: spec-3669-55481-0833.fits 
On File: spec-3669-55481-0834.fits 
On File: spec-3669-55481-0835.fits 
On File: spec-3669-55481-0836.fits 
On File: spec-3669-55481-0837.fits 
On File: spec-3669-55481-0838.fits 
On File: spec-3669-55481-0839.fits 
On File: spec-3669-55481-0840.fits 
On File: spec-3669-55481-0841.fits 
On File: spec-3669-55481-0842.fits 
On File: spec-3669-55481-0843.fits 
On File: spec-3669-55481-0844.fits 
On File: spec-3669-55481-0845.fits 
On File: spec-3669-55481-0846.fits 
On File: spec-3669-55481-0847.fits 
On File: spec-3669-55481-0848.fits 
On File: spec-3669-55481-0849.fits 
On File: spec-3669-55481-0850.fits 
On File: spec-3669-55481-0851.fits 
On File: spec-3669-55481-0852.fits 
On File: spec-3669-55481-0853.fits 
On File: spec-3669-55481-0854.fits 
On File: spec-3669-55481-0855.fits 
On File: spec-3669-55481-0856.fits 
On File: spec-3669-55481-0857.fits 
On File: spec-3669-55481-0858.fits 
On File: spec-3669-55481-0859.fits 
On File: spec-3669-55481-0860.fits 
On File: spec-3669-55481-0861.fits 
On File: spec-3669-55481-0862.fits 
On File: spec-3669-55481-0863.fits 
On File: spec-3669-55481-0864.fits 
On File: spec-3669-55481-0865.fits 
On File: spec-3669-55481-0866.fits 
On File: spec-3669-55481-0867.fits 
On File: spec-3669-55481-0868.fits 
On File: spec-3669-55481-0869.fits 
On File: spec-3669-55481-0870.fits 
On File: spec-3669-55481-0871.fits 
On File: spec-3669-55481-0872.fits 
On File: spec-3669-55481-0873.fits 
On File: spec-3669-55481-0874.fits 
On File: spec-3669-55481-0875.fits 
On File: spec-3669-55481-0876.fits 
On File: spec-3669-55481-0877.fits 
On File: spec-3669-55481-0878.fits 
On File: spec-3669-55481-0879.fits 
On File: spec-3669-55481-0880.fits 
On File: spec-3669-55481-0881.fits 
On File: spec-3669-55481-0882.fits 
On File: spec-3669-55481-0883.fits 
On File: spec-3669-55481-0884.fits 
On File: spec-3669-55481-0885.fits 
On File: spec-3669-55481-0886.fits 
On File: spec-3669-55481-0887.fits 
On File: spec-3669-55481-0888.fits 
On File: spec-3669-55481-0889.fits 
On File: spec-3669-55481-0890.fits 
On File: spec-3669-55481-0891.fits 
On File: spec-3669-55481-0892.fits 
On File: spec-3669-55481-0893.fits 
On File: spec-3669-55481-0894.fits 
On File: spec-3669-55481-0895.fits 
On File: spec-3669-55481-0896.fits 
On File: spec-3669-55481-0897.fits 
On File: spec-3669-55481-0898.fits 
On File: spec-3669-55481-0899.fits 
On File: spec-3669-55481-0900.fits 
On File: spec-3669-55481-0901.fits 
On File: spec-3669-55481-0902.fits 
On File: spec-3669-55481-0903.fits 
On File: spec-3669-55481-0904.fits 
On File: spec-3669-55481-0905.fits 
On File: spec-3669-55481-0906.fits 
On File: spec-3669-55481-0907.fits 
On File: spec-3669-55481-0908.fits 
On File: spec-3669-55481-0909.fits 
On File: spec-3669-55481-0910.fits 
On File: spec-3669-55481-0911.fits 
On File: spec-3669-55481-0912.fits 
On File: spec-3669-55481-0913.fits 
On File: spec-3669-55481-0914.fits 
On File: spec-3669-55481-0915.fits 
On File: spec-3669-55481-0916.fits 
On File: spec-3669-55481-0917.fits 
On File: spec-3669-55481-0918.fits 
On File: spec-3669-55481-0919.fits 
On File: spec-3669-55481-0920.fits 
On File: spec-3669-55481-0921.fits 
On File: spec-3669-55481-0922.fits 
On File: spec-3669-55481-0923.fits 
On File: spec-3669-55481-0924.fits 
On File: spec-3669-55481-0925.fits 
On File: spec-3669-55481-0926.fits 
On File: spec-3669-55481-0927.fits 
On File: spec-3669-55481-0928.fits 
On File: spec-3669-55481-0929.fits 
On File: spec-3669-55481-0930.fits 
On File: spec-3669-55481-0931.fits 
On File: spec-3669-55481-0932.fits 
On File: spec-3669-55481-0933.fits 
On File: spec-3669-55481-0934.fits 
On File: spec-3669-55481-0935.fits 
On File: spec-3669-55481-0936.fits 
On File: spec-3669-55481-0937.fits 
On File: spec-3669-55481-0938.fits 
On File: spec-3669-55481-0939.fits 
On File: spec-3669-55481-0940.fits 
On File: spec-3669-55481-0941.fits 
On File: spec-3669-55481-0942.fits 
On File: spec-3669-55481-0943.fits 
On File: spec-3669-55481-0944.fits 
On File: spec-3669-55481-0945.fits 
On File: spec-3669-55481-0946.fits 
On File: spec-3669-55481-0947.fits 
On File: spec-3669-55481-0948.fits 
On File: spec-3669-55481-0949.fits 
On File: spec-3669-55481-0950.fits 
On File: spec-3669-55481-0951.fits 
On File: spec-3669-55481-0952.fits 
On File: spec-3669-55481-0953.fits 
On File: spec-3669-55481-0954.fits 
On File: spec-3669-55481-0955.fits 
On File: spec-3669-55481-0956.fits 
On File: spec-3669-55481-0957.fits 
On File: spec-3669-55481-0958.fits 
On File: spec-3669-55481-0959.fits 
On File: spec-3669-55481-0960.fits 
On File: spec-3669-55481-0961.fits 
On File: spec-3669-55481-0962.fits 
On File: spec-3669-55481-0963.fits 
On File: spec-3669-55481-0964.fits 
On File: spec-3669-55481-0965.fits 
On File: spec-3669-55481-0966.fits 
On File: spec-3669-55481-0967.fits 
On File: spec-3669-55481-0968.fits 
On File: spec-3669-55481-0969.fits 
On File: spec-3669-55481-0970.fits 
On File: spec-3669-55481-0971.fits 
On File: spec-3669-55481-0972.fits 
On File: spec-3669-55481-0973.fits 
On File: spec-3669-55481-0974.fits 
On File: spec-3669-55481-0975.fits 
On File: spec-3669-55481-0976.fits 
On File: spec-3669-55481-0977.fits 
On File: spec-3669-55481-0978.fits 
On File: spec-3669-55481-0979.fits 
On File: spec-3669-55481-0980.fits 
On File: spec-3669-55481-0981.fits 
On File: spec-3669-55481-0982.fits 
On File: spec-3669-55481-0983.fits 
On File: spec-3669-55481-0984.fits 
On File: spec-3669-55481-0985.fits 
On File: spec-3669-55481-0986.fits 
On File: spec-3669-55481-0987.fits 
On File: spec-3669-55481-0988.fits 
On File: spec-3669-55481-0989.fits 
On File: spec-3669-55481-0990.fits 
On File: spec-3669-55481-0991.fits 
On File: spec-3669-55481-0992.fits 
On File: spec-3669-55481-0993.fits 
On File: spec-3669-55481-0994.fits 
On File: spec-3669-55481-0995.fits 
On File: spec-3669-55481-0996.fits 
On File: spec-3669-55481-0997.fits 
On File: spec-3669-55481-0998.fits 
On File: spec-3669-55481-0999.fits 
On File: spec-3669-55481-1000.fits 
[1] "Job Complete!"
