Unpacking R413.tar.gz ...
Unpacking packages_FITSio.tar.gz ...
Unpacking current *.tgz file
[1] "Initializing Console ..."
[1] "Inputing command line prompts ..."
[1] "Loading package FITSio."
[1] "Reading cB58_Lyman_break.fit ..."
[1] "Starting main process ..."
On File: spec-3689-55180-0001.fits 
On File: spec-3689-55180-0002.fits 
On File: spec-3689-55180-0003.fits 
On File: spec-3689-55180-0004.fits 
On File: spec-3689-55180-0005.fits 
On File: spec-3689-55180-0006.fits 
On File: spec-3689-55180-0007.fits 
On File: spec-3689-55180-0008.fits 
On File: spec-3689-55180-0009.fits 
On File: spec-3689-55180-0010.fits 
On File: spec-3689-55180-0011.fits 
On File: spec-3689-55180-0012.fits 
On File: spec-3689-55180-0013.fits 
On File: spec-3689-55180-0014.fits 
On File: spec-3689-55180-0015.fits 
On File: spec-3689-55180-0016.fits 
On File: spec-3689-55180-0017.fits 
On File: spec-3689-55180-0018.fits 
On File: spec-3689-55180-0019.fits 
On File: spec-3689-55180-0020.fits 
On File: spec-3689-55180-0021.fits 
On File: spec-3689-55180-0022.fits 
On File: spec-3689-55180-0023.fits 
On File: spec-3689-55180-0024.fits 
On File: spec-3689-55180-0025.fits 
On File: spec-3689-55180-0026.fits 
On File: spec-3689-55180-0027.fits 
On File: spec-3689-55180-0028.fits 
On File: spec-3689-55180-0029.fits 
On File: spec-3689-55180-0030.fits 
On File: spec-3689-55180-0031.fits 
On File: spec-3689-55180-0032.fits 
On File: spec-3689-55180-0033.fits 
On File: spec-3689-55180-0034.fits 
On File: spec-3689-55180-0035.fits 
On File: spec-3689-55180-0036.fits 
On File: spec-3689-55180-0037.fits 
On File: spec-3689-55180-0038.fits 
On File: spec-3689-55180-0039.fits 
On File: spec-3689-55180-0040.fits 
On File: spec-3689-55180-0041.fits 
On File: spec-3689-55180-0042.fits 
On File: spec-3689-55180-0043.fits 
On File: spec-3689-55180-0044.fits 
On File: spec-3689-55180-0045.fits 
On File: spec-3689-55180-0046.fits 
On File: spec-3689-55180-0047.fits 
On File: spec-3689-55180-0048.fits 
On File: spec-3689-55180-0049.fits 
On File: spec-3689-55180-0050.fits 
On File: spec-3689-55180-0051.fits 
On File: spec-3689-55180-0052.fits 
On File: spec-3689-55180-0053.fits 
On File: spec-3689-55180-0054.fits 
On File: spec-3689-55180-0055.fits 
On File: spec-3689-55180-0056.fits 
On File: spec-3689-55180-0057.fits 
On File: spec-3689-55180-0058.fits 
On File: spec-3689-55180-0059.fits 
On File: spec-3689-55180-0060.fits 
On File: spec-3689-55180-0061.fits 
On File: spec-3689-55180-0062.fits 
On File: spec-3689-55180-0063.fits 
On File: spec-3689-55180-0064.fits 
On File: spec-3689-55180-0065.fits 
On File: spec-3689-55180-0066.fits 
On File: spec-3689-55180-0067.fits 
On File: spec-3689-55180-0068.fits 
On File: spec-3689-55180-0069.fits 
On File: spec-3689-55180-0070.fits 
On File: spec-3689-55180-0071.fits 
On File: spec-3689-55180-0072.fits 
On File: spec-3689-55180-0073.fits 
On File: spec-3689-55180-0074.fits 
On File: spec-3689-55180-0075.fits 
On File: spec-3689-55180-0076.fits 
On File: spec-3689-55180-0077.fits 
On File: spec-3689-55180-0078.fits 
On File: spec-3689-55180-0079.fits 
On File: spec-3689-55180-0080.fits 
On File: spec-3689-55180-0081.fits 
On File: spec-3689-55180-0082.fits 
On File: spec-3689-55180-0083.fits 
On File: spec-3689-55180-0084.fits 
On File: spec-3689-55180-0085.fits 
On File: spec-3689-55180-0086.fits 
On File: spec-3689-55180-0087.fits 
On File: spec-3689-55180-0088.fits 
On File: spec-3689-55180-0089.fits 
On File: spec-3689-55180-0090.fits 
On File: spec-3689-55180-0091.fits 
On File: spec-3689-55180-0092.fits 
On File: spec-3689-55180-0093.fits 
On File: spec-3689-55180-0094.fits 
On File: spec-3689-55180-0095.fits 
On File: spec-3689-55180-0096.fits 
On File: spec-3689-55180-0097.fits 
On File: spec-3689-55180-0098.fits 
On File: spec-3689-55180-0099.fits 
On File: spec-3689-55180-0100.fits 
On File: spec-3689-55180-0101.fits 
On File: spec-3689-55180-0102.fits 
On File: spec-3689-55180-0103.fits 
On File: spec-3689-55180-0104.fits 
On File: spec-3689-55180-0105.fits 
On File: spec-3689-55180-0106.fits 
On File: spec-3689-55180-0107.fits 
On File: spec-3689-55180-0108.fits 
On File: spec-3689-55180-0109.fits 
On File: spec-3689-55180-0110.fits 
On File: spec-3689-55180-0111.fits 
On File: spec-3689-55180-0112.fits 
On File: spec-3689-55180-0113.fits 
On File: spec-3689-55180-0114.fits 
On File: spec-3689-55180-0115.fits 
On File: spec-3689-55180-0116.fits 
On File: spec-3689-55180-0117.fits 
On File: spec-3689-55180-0118.fits 
On File: spec-3689-55180-0119.fits 
On File: spec-3689-55180-0120.fits 
On File: spec-3689-55180-0121.fits 
On File: spec-3689-55180-0122.fits 
On File: spec-3689-55180-0123.fits 
On File: spec-3689-55180-0124.fits 
On File: spec-3689-55180-0125.fits 
On File: spec-3689-55180-0126.fits 
On File: spec-3689-55180-0127.fits 
On File: spec-3689-55180-0128.fits 
On File: spec-3689-55180-0129.fits 
On File: spec-3689-55180-0130.fits 
On File: spec-3689-55180-0131.fits 
On File: spec-3689-55180-0132.fits 
On File: spec-3689-55180-0133.fits 
On File: spec-3689-55180-0134.fits 
On File: spec-3689-55180-0135.fits 
On File: spec-3689-55180-0136.fits 
On File: spec-3689-55180-0137.fits 
On File: spec-3689-55180-0138.fits 
On File: spec-3689-55180-0139.fits 
On File: spec-3689-55180-0140.fits 
On File: spec-3689-55180-0141.fits 
On File: spec-3689-55180-0142.fits 
On File: spec-3689-55180-0143.fits 
On File: spec-3689-55180-0144.fits 
On File: spec-3689-55180-0145.fits 
On File: spec-3689-55180-0146.fits 
On File: spec-3689-55180-0147.fits 
On File: spec-3689-55180-0148.fits 
On File: spec-3689-55180-0149.fits 
On File: spec-3689-55180-0150.fits 
On File: spec-3689-55180-0151.fits 
On File: spec-3689-55180-0152.fits 
On File: spec-3689-55180-0153.fits 
On File: spec-3689-55180-0154.fits 
On File: spec-3689-55180-0155.fits 
On File: spec-3689-55180-0156.fits 
On File: spec-3689-55180-0157.fits 
On File: spec-3689-55180-0158.fits 
On File: spec-3689-55180-0159.fits 
On File: spec-3689-55180-0160.fits 
On File: spec-3689-55180-0161.fits 
On File: spec-3689-55180-0162.fits 
On File: spec-3689-55180-0163.fits 
On File: spec-3689-55180-0164.fits 
On File: spec-3689-55180-0165.fits 
On File: spec-3689-55180-0166.fits 
On File: spec-3689-55180-0167.fits 
On File: spec-3689-55180-0168.fits 
On File: spec-3689-55180-0169.fits 
On File: spec-3689-55180-0170.fits 
On File: spec-3689-55180-0171.fits 
On File: spec-3689-55180-0172.fits 
On File: spec-3689-55180-0173.fits 
On File: spec-3689-55180-0174.fits 
On File: spec-3689-55180-0175.fits 
On File: spec-3689-55180-0176.fits 
On File: spec-3689-55180-0177.fits 
On File: spec-3689-55180-0178.fits 
On File: spec-3689-55180-0179.fits 
On File: spec-3689-55180-0180.fits 
On File: spec-3689-55180-0181.fits 
On File: spec-3689-55180-0182.fits 
On File: spec-3689-55180-0183.fits 
On File: spec-3689-55180-0184.fits 
On File: spec-3689-55180-0185.fits 
On File: spec-3689-55180-0186.fits 
On File: spec-3689-55180-0187.fits 
On File: spec-3689-55180-0188.fits 
On File: spec-3689-55180-0189.fits 
On File: spec-3689-55180-0190.fits 
On File: spec-3689-55180-0191.fits 
On File: spec-3689-55180-0192.fits 
On File: spec-3689-55180-0193.fits 
On File: spec-3689-55180-0194.fits 
On File: spec-3689-55180-0195.fits 
On File: spec-3689-55180-0196.fits 
On File: spec-3689-55180-0197.fits 
On File: spec-3689-55180-0198.fits 
On File: spec-3689-55180-0199.fits 
On File: spec-3689-55180-0200.fits 
On File: spec-3689-55180-0201.fits 
On File: spec-3689-55180-0202.fits 
On File: spec-3689-55180-0203.fits 
On File: spec-3689-55180-0204.fits 
On File: spec-3689-55180-0205.fits 
On File: spec-3689-55180-0206.fits 
On File: spec-3689-55180-0207.fits 
On File: spec-3689-55180-0208.fits 
On File: spec-3689-55180-0209.fits 
On File: spec-3689-55180-0210.fits 
On File: spec-3689-55180-0211.fits 
On File: spec-3689-55180-0212.fits 
On File: spec-3689-55180-0213.fits 
On File: spec-3689-55180-0214.fits 
On File: spec-3689-55180-0215.fits 
On File: spec-3689-55180-0216.fits 
On File: spec-3689-55180-0217.fits 
On File: spec-3689-55180-0218.fits 
On File: spec-3689-55180-0219.fits 
On File: spec-3689-55180-0220.fits 
On File: spec-3689-55180-0221.fits 
On File: spec-3689-55180-0222.fits 
On File: spec-3689-55180-0223.fits 
On File: spec-3689-55180-0224.fits 
On File: spec-3689-55180-0225.fits 
On File: spec-3689-55180-0226.fits 
On File: spec-3689-55180-0227.fits 
On File: spec-3689-55180-0228.fits 
On File: spec-3689-55180-0229.fits 
On File: spec-3689-55180-0230.fits 
On File: spec-3689-55180-0231.fits 
On File: spec-3689-55180-0232.fits 
On File: spec-3689-55180-0233.fits 
On File: spec-3689-55180-0234.fits 
On File: spec-3689-55180-0235.fits 
On File: spec-3689-55180-0236.fits 
On File: spec-3689-55180-0237.fits 
On File: spec-3689-55180-0238.fits 
On File: spec-3689-55180-0239.fits 
On File: spec-3689-55180-0240.fits 
On File: spec-3689-55180-0241.fits 
On File: spec-3689-55180-0242.fits 
On File: spec-3689-55180-0243.fits 
On File: spec-3689-55180-0244.fits 
On File: spec-3689-55180-0245.fits 
On File: spec-3689-55180-0246.fits 
On File: spec-3689-55180-0247.fits 
On File: spec-3689-55180-0248.fits 
On File: spec-3689-55180-0249.fits 
On File: spec-3689-55180-0250.fits 
On File: spec-3689-55180-0251.fits 
On File: spec-3689-55180-0252.fits 
On File: spec-3689-55180-0253.fits 
On File: spec-3689-55180-0254.fits 
On File: spec-3689-55180-0255.fits 
On File: spec-3689-55180-0256.fits 
On File: spec-3689-55180-0257.fits 
On File: spec-3689-55180-0258.fits 
On File: spec-3689-55180-0259.fits 
On File: spec-3689-55180-0260.fits 
On File: spec-3689-55180-0261.fits 
On File: spec-3689-55180-0262.fits 
On File: spec-3689-55180-0263.fits 
On File: spec-3689-55180-0264.fits 
On File: spec-3689-55180-0265.fits 
On File: spec-3689-55180-0266.fits 
On File: spec-3689-55180-0267.fits 
On File: spec-3689-55180-0268.fits 
On File: spec-3689-55180-0269.fits 
On File: spec-3689-55180-0270.fits 
On File: spec-3689-55180-0271.fits 
On File: spec-3689-55180-0272.fits 
On File: spec-3689-55180-0273.fits 
On File: spec-3689-55180-0274.fits 
On File: spec-3689-55180-0275.fits 
On File: spec-3689-55180-0276.fits 
On File: spec-3689-55180-0277.fits 
On File: spec-3689-55180-0278.fits 
On File: spec-3689-55180-0279.fits 
On File: spec-3689-55180-0280.fits 
On File: spec-3689-55180-0281.fits 
On File: spec-3689-55180-0282.fits 
On File: spec-3689-55180-0283.fits 
On File: spec-3689-55180-0284.fits 
On File: spec-3689-55180-0285.fits 
On File: spec-3689-55180-0286.fits 
On File: spec-3689-55180-0287.fits 
On File: spec-3689-55180-0288.fits 
On File: spec-3689-55180-0289.fits 
On File: spec-3689-55180-0290.fits 
On File: spec-3689-55180-0291.fits 
On File: spec-3689-55180-0292.fits 
On File: spec-3689-55180-0293.fits 
On File: spec-3689-55180-0294.fits 
On File: spec-3689-55180-0295.fits 
On File: spec-3689-55180-0296.fits 
On File: spec-3689-55180-0297.fits 
On File: spec-3689-55180-0298.fits 
On File: spec-3689-55180-0299.fits 
On File: spec-3689-55180-0300.fits 
On File: spec-3689-55180-0301.fits 
On File: spec-3689-55180-0302.fits 
On File: spec-3689-55180-0303.fits 
On File: spec-3689-55180-0304.fits 
On File: spec-3689-55180-0305.fits 
On File: spec-3689-55180-0306.fits 
On File: spec-3689-55180-0307.fits 
On File: spec-3689-55180-0308.fits 
On File: spec-3689-55180-0309.fits 
On File: spec-3689-55180-0310.fits 
On File: spec-3689-55180-0311.fits 
On File: spec-3689-55180-0312.fits 
On File: spec-3689-55180-0313.fits 
On File: spec-3689-55180-0314.fits 
On File: spec-3689-55180-0315.fits 
On File: spec-3689-55180-0316.fits 
On File: spec-3689-55180-0317.fits 
On File: spec-3689-55180-0318.fits 
On File: spec-3689-55180-0319.fits 
On File: spec-3689-55180-0320.fits 
On File: spec-3689-55180-0321.fits 
On File: spec-3689-55180-0322.fits 
On File: spec-3689-55180-0323.fits 
On File: spec-3689-55180-0324.fits 
On File: spec-3689-55180-0325.fits 
On File: spec-3689-55180-0326.fits 
On File: spec-3689-55180-0327.fits 
On File: spec-3689-55180-0328.fits 
On File: spec-3689-55180-0329.fits 
On File: spec-3689-55180-0330.fits 
On File: spec-3689-55180-0331.fits 
On File: spec-3689-55180-0332.fits 
On File: spec-3689-55180-0333.fits 
On File: spec-3689-55180-0334.fits 
On File: spec-3689-55180-0335.fits 
On File: spec-3689-55180-0336.fits 
On File: spec-3689-55180-0337.fits 
On File: spec-3689-55180-0338.fits 
On File: spec-3689-55180-0339.fits 
On File: spec-3689-55180-0340.fits 
On File: spec-3689-55180-0341.fits 
On File: spec-3689-55180-0342.fits 
On File: spec-3689-55180-0343.fits 
On File: spec-3689-55180-0344.fits 
On File: spec-3689-55180-0345.fits 
On File: spec-3689-55180-0346.fits 
On File: spec-3689-55180-0347.fits 
On File: spec-3689-55180-0348.fits 
On File: spec-3689-55180-0349.fits 
On File: spec-3689-55180-0350.fits 
On File: spec-3689-55180-0351.fits 
On File: spec-3689-55180-0352.fits 
On File: spec-3689-55180-0353.fits 
On File: spec-3689-55180-0354.fits 
On File: spec-3689-55180-0355.fits 
On File: spec-3689-55180-0356.fits 
On File: spec-3689-55180-0357.fits 
On File: spec-3689-55180-0358.fits 
On File: spec-3689-55180-0359.fits 
On File: spec-3689-55180-0360.fits 
On File: spec-3689-55180-0361.fits 
On File: spec-3689-55180-0362.fits 
On File: spec-3689-55180-0363.fits 
On File: spec-3689-55180-0364.fits 
On File: spec-3689-55180-0365.fits 
On File: spec-3689-55180-0366.fits 
On File: spec-3689-55180-0367.fits 
On File: spec-3689-55180-0368.fits 
On File: spec-3689-55180-0369.fits 
On File: spec-3689-55180-0370.fits 
On File: spec-3689-55180-0371.fits 
On File: spec-3689-55180-0372.fits 
On File: spec-3689-55180-0373.fits 
On File: spec-3689-55180-0374.fits 
On File: spec-3689-55180-0375.fits 
On File: spec-3689-55180-0376.fits 
On File: spec-3689-55180-0377.fits 
On File: spec-3689-55180-0378.fits 
On File: spec-3689-55180-0379.fits 
On File: spec-3689-55180-0380.fits 
On File: spec-3689-55180-0381.fits 
On File: spec-3689-55180-0382.fits 
On File: spec-3689-55180-0383.fits 
On File: spec-3689-55180-0384.fits 
On File: spec-3689-55180-0385.fits 
On File: spec-3689-55180-0386.fits 
On File: spec-3689-55180-0387.fits 
On File: spec-3689-55180-0388.fits 
On File: spec-3689-55180-0389.fits 
On File: spec-3689-55180-0390.fits 
On File: spec-3689-55180-0391.fits 
On File: spec-3689-55180-0392.fits 
On File: spec-3689-55180-0393.fits 
On File: spec-3689-55180-0394.fits 
On File: spec-3689-55180-0395.fits 
On File: spec-3689-55180-0396.fits 
On File: spec-3689-55180-0397.fits 
On File: spec-3689-55180-0398.fits 
On File: spec-3689-55180-0399.fits 
On File: spec-3689-55180-0400.fits 
On File: spec-3689-55180-0401.fits 
On File: spec-3689-55180-0402.fits 
On File: spec-3689-55180-0403.fits 
On File: spec-3689-55180-0404.fits 
On File: spec-3689-55180-0405.fits 
On File: spec-3689-55180-0406.fits 
On File: spec-3689-55180-0407.fits 
On File: spec-3689-55180-0408.fits 
On File: spec-3689-55180-0409.fits 
On File: spec-3689-55180-0410.fits 
On File: spec-3689-55180-0411.fits 
On File: spec-3689-55180-0412.fits 
On File: spec-3689-55180-0413.fits 
On File: spec-3689-55180-0414.fits 
On File: spec-3689-55180-0415.fits 
On File: spec-3689-55180-0416.fits 
On File: spec-3689-55180-0417.fits 
On File: spec-3689-55180-0418.fits 
On File: spec-3689-55180-0419.fits 
On File: spec-3689-55180-0420.fits 
On File: spec-3689-55180-0421.fits 
On File: spec-3689-55180-0422.fits 
On File: spec-3689-55180-0423.fits 
On File: spec-3689-55180-0424.fits 
On File: spec-3689-55180-0425.fits 
On File: spec-3689-55180-0426.fits 
On File: spec-3689-55180-0427.fits 
On File: spec-3689-55180-0428.fits 
On File: spec-3689-55180-0429.fits 
On File: spec-3689-55180-0430.fits 
On File: spec-3689-55180-0431.fits 
On File: spec-3689-55180-0432.fits 
On File: spec-3689-55180-0433.fits 
On File: spec-3689-55180-0434.fits 
On File: spec-3689-55180-0435.fits 
On File: spec-3689-55180-0436.fits 
On File: spec-3689-55180-0437.fits 
On File: spec-3689-55180-0438.fits 
On File: spec-3689-55180-0439.fits 
On File: spec-3689-55180-0440.fits 
On File: spec-3689-55180-0441.fits 
On File: spec-3689-55180-0442.fits 
On File: spec-3689-55180-0443.fits 
On File: spec-3689-55180-0444.fits 
On File: spec-3689-55180-0445.fits 
On File: spec-3689-55180-0446.fits 
On File: spec-3689-55180-0447.fits 
On File: spec-3689-55180-0448.fits 
On File: spec-3689-55180-0449.fits 
On File: spec-3689-55180-0450.fits 
On File: spec-3689-55180-0451.fits 
On File: spec-3689-55180-0452.fits 
On File: spec-3689-55180-0453.fits 
On File: spec-3689-55180-0454.fits 
On File: spec-3689-55180-0455.fits 
On File: spec-3689-55180-0456.fits 
On File: spec-3689-55180-0457.fits 
On File: spec-3689-55180-0458.fits 
On File: spec-3689-55180-0459.fits 
On File: spec-3689-55180-0460.fits 
On File: spec-3689-55180-0461.fits 
On File: spec-3689-55180-0462.fits 
On File: spec-3689-55180-0463.fits 
On File: spec-3689-55180-0464.fits 
On File: spec-3689-55180-0465.fits 
On File: spec-3689-55180-0466.fits 
On File: spec-3689-55180-0467.fits 
On File: spec-3689-55180-0468.fits 
On File: spec-3689-55180-0469.fits 
On File: spec-3689-55180-0470.fits 
On File: spec-3689-55180-0471.fits 
On File: spec-3689-55180-0472.fits 
On File: spec-3689-55180-0473.fits 
On File: spec-3689-55180-0474.fits 
On File: spec-3689-55180-0475.fits 
On File: spec-3689-55180-0476.fits 
On File: spec-3689-55180-0477.fits 
On File: spec-3689-55180-0478.fits 
On File: spec-3689-55180-0479.fits 
On File: spec-3689-55180-0480.fits 
On File: spec-3689-55180-0481.fits 
On File: spec-3689-55180-0482.fits 
On File: spec-3689-55180-0483.fits 
On File: spec-3689-55180-0484.fits 
On File: spec-3689-55180-0485.fits 
On File: spec-3689-55180-0486.fits 
On File: spec-3689-55180-0487.fits 
On File: spec-3689-55180-0488.fits 
On File: spec-3689-55180-0489.fits 
On File: spec-3689-55180-0490.fits 
On File: spec-3689-55180-0491.fits 
On File: spec-3689-55180-0492.fits 
On File: spec-3689-55180-0493.fits 
On File: spec-3689-55180-0494.fits 
On File: spec-3689-55180-0495.fits 
On File: spec-3689-55180-0496.fits 
On File: spec-3689-55180-0497.fits 
On File: spec-3689-55180-0498.fits 
On File: spec-3689-55180-0499.fits 
On File: spec-3689-55180-0500.fits 
On File: spec-3689-55180-0501.fits 
On File: spec-3689-55180-0502.fits 
On File: spec-3689-55180-0503.fits 
On File: spec-3689-55180-0504.fits 
On File: spec-3689-55180-0505.fits 
On File: spec-3689-55180-0506.fits 
On File: spec-3689-55180-0507.fits 
On File: spec-3689-55180-0508.fits 
On File: spec-3689-55180-0509.fits 
On File: spec-3689-55180-0510.fits 
On File: spec-3689-55180-0511.fits 
On File: spec-3689-55180-0512.fits 
On File: spec-3689-55180-0513.fits 
On File: spec-3689-55180-0514.fits 
On File: spec-3689-55180-0515.fits 
On File: spec-3689-55180-0516.fits 
On File: spec-3689-55180-0517.fits 
On File: spec-3689-55180-0518.fits 
On File: spec-3689-55180-0519.fits 
On File: spec-3689-55180-0520.fits 
On File: spec-3689-55180-0521.fits 
On File: spec-3689-55180-0522.fits 
On File: spec-3689-55180-0523.fits 
On File: spec-3689-55180-0524.fits 
On File: spec-3689-55180-0525.fits 
On File: spec-3689-55180-0526.fits 
On File: spec-3689-55180-0527.fits 
On File: spec-3689-55180-0528.fits 
On File: spec-3689-55180-0529.fits 
On File: spec-3689-55180-0530.fits 
On File: spec-3689-55180-0531.fits 
On File: spec-3689-55180-0532.fits 
On File: spec-3689-55180-0533.fits 
On File: spec-3689-55180-0534.fits 
On File: spec-3689-55180-0535.fits 
On File: spec-3689-55180-0536.fits 
On File: spec-3689-55180-0537.fits 
On File: spec-3689-55180-0538.fits 
On File: spec-3689-55180-0539.fits 
On File: spec-3689-55180-0540.fits 
On File: spec-3689-55180-0541.fits 
On File: spec-3689-55180-0542.fits 
On File: spec-3689-55180-0543.fits 
On File: spec-3689-55180-0544.fits 
On File: spec-3689-55180-0545.fits 
On File: spec-3689-55180-0546.fits 
On File: spec-3689-55180-0547.fits 
On File: spec-3689-55180-0548.fits 
On File: spec-3689-55180-0549.fits 
On File: spec-3689-55180-0550.fits 
On File: spec-3689-55180-0551.fits 
On File: spec-3689-55180-0552.fits 
On File: spec-3689-55180-0553.fits 
On File: spec-3689-55180-0554.fits 
On File: spec-3689-55180-0555.fits 
On File: spec-3689-55180-0556.fits 
On File: spec-3689-55180-0557.fits 
On File: spec-3689-55180-0558.fits 
On File: spec-3689-55180-0559.fits 
On File: spec-3689-55180-0560.fits 
On File: spec-3689-55180-0561.fits 
On File: spec-3689-55180-0562.fits 
On File: spec-3689-55180-0563.fits 
On File: spec-3689-55180-0564.fits 
On File: spec-3689-55180-0565.fits 
On File: spec-3689-55180-0566.fits 
On File: spec-3689-55180-0567.fits 
On File: spec-3689-55180-0568.fits 
On File: spec-3689-55180-0569.fits 
On File: spec-3689-55180-0570.fits 
On File: spec-3689-55180-0571.fits 
On File: spec-3689-55180-0572.fits 
On File: spec-3689-55180-0573.fits 
On File: spec-3689-55180-0574.fits 
On File: spec-3689-55180-0575.fits 
On File: spec-3689-55180-0576.fits 
On File: spec-3689-55180-0577.fits 
On File: spec-3689-55180-0578.fits 
On File: spec-3689-55180-0579.fits 
On File: spec-3689-55180-0580.fits 
On File: spec-3689-55180-0581.fits 
On File: spec-3689-55180-0582.fits 
On File: spec-3689-55180-0583.fits 
On File: spec-3689-55180-0584.fits 
On File: spec-3689-55180-0585.fits 
On File: spec-3689-55180-0586.fits 
On File: spec-3689-55180-0587.fits 
On File: spec-3689-55180-0588.fits 
On File: spec-3689-55180-0589.fits 
On File: spec-3689-55180-0590.fits 
On File: spec-3689-55180-0591.fits 
On File: spec-3689-55180-0592.fits 
On File: spec-3689-55180-0593.fits 
On File: spec-3689-55180-0594.fits 
On File: spec-3689-55180-0595.fits 
On File: spec-3689-55180-0596.fits 
On File: spec-3689-55180-0597.fits 
On File: spec-3689-55180-0598.fits 
On File: spec-3689-55180-0599.fits 
On File: spec-3689-55180-0600.fits 
On File: spec-3689-55180-0601.fits 
On File: spec-3689-55180-0602.fits 
On File: spec-3689-55180-0603.fits 
On File: spec-3689-55180-0604.fits 
On File: spec-3689-55180-0605.fits 
On File: spec-3689-55180-0606.fits 
On File: spec-3689-55180-0607.fits 
On File: spec-3689-55180-0608.fits 
On File: spec-3689-55180-0609.fits 
On File: spec-3689-55180-0610.fits 
On File: spec-3689-55180-0611.fits 
On File: spec-3689-55180-0612.fits 
On File: spec-3689-55180-0613.fits 
On File: spec-3689-55180-0614.fits 
On File: spec-3689-55180-0615.fits 
On File: spec-3689-55180-0616.fits 
On File: spec-3689-55180-0617.fits 
On File: spec-3689-55180-0618.fits 
On File: spec-3689-55180-0619.fits 
On File: spec-3689-55180-0620.fits 
On File: spec-3689-55180-0621.fits 
On File: spec-3689-55180-0622.fits 
On File: spec-3689-55180-0623.fits 
On File: spec-3689-55180-0624.fits 
On File: spec-3689-55180-0625.fits 
On File: spec-3689-55180-0626.fits 
On File: spec-3689-55180-0627.fits 
On File: spec-3689-55180-0628.fits 
On File: spec-3689-55180-0629.fits 
On File: spec-3689-55180-0630.fits 
On File: spec-3689-55180-0631.fits 
On File: spec-3689-55180-0632.fits 
On File: spec-3689-55180-0633.fits 
On File: spec-3689-55180-0634.fits 
On File: spec-3689-55180-0635.fits 
On File: spec-3689-55180-0636.fits 
On File: spec-3689-55180-0637.fits 
On File: spec-3689-55180-0638.fits 
On File: spec-3689-55180-0639.fits 
On File: spec-3689-55180-0640.fits 
On File: spec-3689-55180-0641.fits 
On File: spec-3689-55180-0642.fits 
On File: spec-3689-55180-0643.fits 
On File: spec-3689-55180-0644.fits 
On File: spec-3689-55180-0645.fits 
On File: spec-3689-55180-0646.fits 
On File: spec-3689-55180-0647.fits 
On File: spec-3689-55180-0648.fits 
On File: spec-3689-55180-0649.fits 
On File: spec-3689-55180-0650.fits 
On File: spec-3689-55180-0651.fits 
On File: spec-3689-55180-0652.fits 
On File: spec-3689-55180-0653.fits 
On File: spec-3689-55180-0654.fits 
On File: spec-3689-55180-0655.fits 
On File: spec-3689-55180-0656.fits 
On File: spec-3689-55180-0657.fits 
On File: spec-3689-55180-0658.fits 
On File: spec-3689-55180-0659.fits 
On File: spec-3689-55180-0660.fits 
On File: spec-3689-55180-0661.fits 
On File: spec-3689-55180-0662.fits 
On File: spec-3689-55180-0663.fits 
On File: spec-3689-55180-0664.fits 
On File: spec-3689-55180-0665.fits 
On File: spec-3689-55180-0666.fits 
On File: spec-3689-55180-0667.fits 
On File: spec-3689-55180-0668.fits 
On File: spec-3689-55180-0669.fits 
On File: spec-3689-55180-0670.fits 
On File: spec-3689-55180-0671.fits 
On File: spec-3689-55180-0672.fits 
On File: spec-3689-55180-0673.fits 
On File: spec-3689-55180-0674.fits 
On File: spec-3689-55180-0675.fits 
On File: spec-3689-55180-0676.fits 
On File: spec-3689-55180-0677.fits 
On File: spec-3689-55180-0678.fits 
On File: spec-3689-55180-0679.fits 
On File: spec-3689-55180-0680.fits 
On File: spec-3689-55180-0681.fits 
On File: spec-3689-55180-0682.fits 
On File: spec-3689-55180-0683.fits 
On File: spec-3689-55180-0684.fits 
On File: spec-3689-55180-0685.fits 
On File: spec-3689-55180-0686.fits 
On File: spec-3689-55180-0687.fits 
On File: spec-3689-55180-0688.fits 
On File: spec-3689-55180-0689.fits 
On File: spec-3689-55180-0690.fits 
On File: spec-3689-55180-0691.fits 
On File: spec-3689-55180-0692.fits 
On File: spec-3689-55180-0693.fits 
On File: spec-3689-55180-0694.fits 
On File: spec-3689-55180-0695.fits 
On File: spec-3689-55180-0696.fits 
On File: spec-3689-55180-0697.fits 
On File: spec-3689-55180-0698.fits 
On File: spec-3689-55180-0699.fits 
On File: spec-3689-55180-0700.fits 
On File: spec-3689-55180-0701.fits 
On File: spec-3689-55180-0702.fits 
On File: spec-3689-55180-0703.fits 
On File: spec-3689-55180-0704.fits 
On File: spec-3689-55180-0705.fits 
On File: spec-3689-55180-0706.fits 
On File: spec-3689-55180-0707.fits 
On File: spec-3689-55180-0708.fits 
On File: spec-3689-55180-0709.fits 
On File: spec-3689-55180-0710.fits 
On File: spec-3689-55180-0711.fits 
On File: spec-3689-55180-0712.fits 
On File: spec-3689-55180-0713.fits 
On File: spec-3689-55180-0714.fits 
On File: spec-3689-55180-0715.fits 
On File: spec-3689-55180-0716.fits 
On File: spec-3689-55180-0717.fits 
On File: spec-3689-55180-0718.fits 
On File: spec-3689-55180-0719.fits 
On File: spec-3689-55180-0720.fits 
On File: spec-3689-55180-0721.fits 
On File: spec-3689-55180-0722.fits 
On File: spec-3689-55180-0723.fits 
On File: spec-3689-55180-0724.fits 
On File: spec-3689-55180-0725.fits 
On File: spec-3689-55180-0726.fits 
On File: spec-3689-55180-0727.fits 
On File: spec-3689-55180-0728.fits 
On File: spec-3689-55180-0729.fits 
On File: spec-3689-55180-0730.fits 
On File: spec-3689-55180-0731.fits 
On File: spec-3689-55180-0732.fits 
On File: spec-3689-55180-0733.fits 
On File: spec-3689-55180-0734.fits 
On File: spec-3689-55180-0735.fits 
On File: spec-3689-55180-0736.fits 
On File: spec-3689-55180-0737.fits 
On File: spec-3689-55180-0738.fits 
On File: spec-3689-55180-0739.fits 
On File: spec-3689-55180-0740.fits 
On File: spec-3689-55180-0741.fits 
On File: spec-3689-55180-0742.fits 
On File: spec-3689-55180-0743.fits 
On File: spec-3689-55180-0744.fits 
On File: spec-3689-55180-0745.fits 
On File: spec-3689-55180-0746.fits 
On File: spec-3689-55180-0747.fits 
On File: spec-3689-55180-0748.fits 
On File: spec-3689-55180-0749.fits 
On File: spec-3689-55180-0750.fits 
On File: spec-3689-55180-0751.fits 
On File: spec-3689-55180-0752.fits 
On File: spec-3689-55180-0753.fits 
On File: spec-3689-55180-0754.fits 
On File: spec-3689-55180-0755.fits 
On File: spec-3689-55180-0756.fits 
On File: spec-3689-55180-0757.fits 
On File: spec-3689-55180-0758.fits 
On File: spec-3689-55180-0759.fits 
On File: spec-3689-55180-0760.fits 
On File: spec-3689-55180-0761.fits 
On File: spec-3689-55180-0762.fits 
On File: spec-3689-55180-0763.fits 
On File: spec-3689-55180-0764.fits 
On File: spec-3689-55180-0765.fits 
On File: spec-3689-55180-0766.fits 
On File: spec-3689-55180-0767.fits 
On File: spec-3689-55180-0768.fits 
On File: spec-3689-55180-0769.fits 
On File: spec-3689-55180-0770.fits 
On File: spec-3689-55180-0771.fits 
On File: spec-3689-55180-0772.fits 
On File: spec-3689-55180-0773.fits 
On File: spec-3689-55180-0774.fits 
On File: spec-3689-55180-0775.fits 
On File: spec-3689-55180-0776.fits 
On File: spec-3689-55180-0777.fits 
On File: spec-3689-55180-0778.fits 
On File: spec-3689-55180-0779.fits 
On File: spec-3689-55180-0780.fits 
On File: spec-3689-55180-0781.fits 
On File: spec-3689-55180-0782.fits 
On File: spec-3689-55180-0783.fits 
On File: spec-3689-55180-0784.fits 
On File: spec-3689-55180-0785.fits 
On File: spec-3689-55180-0786.fits 
On File: spec-3689-55180-0787.fits 
On File: spec-3689-55180-0788.fits 
On File: spec-3689-55180-0789.fits 
On File: spec-3689-55180-0790.fits 
On File: spec-3689-55180-0791.fits 
On File: spec-3689-55180-0792.fits 
On File: spec-3689-55180-0793.fits 
On File: spec-3689-55180-0794.fits 
On File: spec-3689-55180-0795.fits 
On File: spec-3689-55180-0796.fits 
On File: spec-3689-55180-0797.fits 
On File: spec-3689-55180-0798.fits 
On File: spec-3689-55180-0799.fits 
On File: spec-3689-55180-0800.fits 
On File: spec-3689-55180-0801.fits 
On File: spec-3689-55180-0802.fits 
On File: spec-3689-55180-0803.fits 
On File: spec-3689-55180-0804.fits 
On File: spec-3689-55180-0805.fits 
On File: spec-3689-55180-0806.fits 
On File: spec-3689-55180-0807.fits 
On File: spec-3689-55180-0808.fits 
On File: spec-3689-55180-0809.fits 
On File: spec-3689-55180-0810.fits 
On File: spec-3689-55180-0811.fits 
On File: spec-3689-55180-0812.fits 
On File: spec-3689-55180-0813.fits 
On File: spec-3689-55180-0814.fits 
On File: spec-3689-55180-0815.fits 
On File: spec-3689-55180-0816.fits 
On File: spec-3689-55180-0817.fits 
On File: spec-3689-55180-0818.fits 
On File: spec-3689-55180-0819.fits 
On File: spec-3689-55180-0820.fits 
On File: spec-3689-55180-0821.fits 
On File: spec-3689-55180-0822.fits 
On File: spec-3689-55180-0823.fits 
On File: spec-3689-55180-0824.fits 
On File: spec-3689-55180-0825.fits 
On File: spec-3689-55180-0826.fits 
On File: spec-3689-55180-0827.fits 
On File: spec-3689-55180-0828.fits 
On File: spec-3689-55180-0829.fits 
On File: spec-3689-55180-0830.fits 
On File: spec-3689-55180-0831.fits 
On File: spec-3689-55180-0832.fits 
On File: spec-3689-55180-0833.fits 
On File: spec-3689-55180-0834.fits 
On File: spec-3689-55180-0835.fits 
On File: spec-3689-55180-0836.fits 
On File: spec-3689-55180-0837.fits 
On File: spec-3689-55180-0838.fits 
On File: spec-3689-55180-0839.fits 
On File: spec-3689-55180-0840.fits 
On File: spec-3689-55180-0841.fits 
On File: spec-3689-55180-0842.fits 
On File: spec-3689-55180-0843.fits 
On File: spec-3689-55180-0844.fits 
On File: spec-3689-55180-0845.fits 
On File: spec-3689-55180-0846.fits 
On File: spec-3689-55180-0847.fits 
On File: spec-3689-55180-0848.fits 
On File: spec-3689-55180-0849.fits 
On File: spec-3689-55180-0850.fits 
On File: spec-3689-55180-0851.fits 
On File: spec-3689-55180-0852.fits 
On File: spec-3689-55180-0853.fits 
On File: spec-3689-55180-0854.fits 
On File: spec-3689-55180-0855.fits 
On File: spec-3689-55180-0856.fits 
On File: spec-3689-55180-0857.fits 
On File: spec-3689-55180-0858.fits 
On File: spec-3689-55180-0859.fits 
On File: spec-3689-55180-0860.fits 
On File: spec-3689-55180-0861.fits 
On File: spec-3689-55180-0862.fits 
On File: spec-3689-55180-0863.fits 
On File: spec-3689-55180-0864.fits 
On File: spec-3689-55180-0865.fits 
On File: spec-3689-55180-0866.fits 
On File: spec-3689-55180-0867.fits 
On File: spec-3689-55180-0868.fits 
On File: spec-3689-55180-0869.fits 
On File: spec-3689-55180-0870.fits 
On File: spec-3689-55180-0871.fits 
On File: spec-3689-55180-0872.fits 
On File: spec-3689-55180-0873.fits 
On File: spec-3689-55180-0874.fits 
On File: spec-3689-55180-0875.fits 
On File: spec-3689-55180-0876.fits 
On File: spec-3689-55180-0877.fits 
On File: spec-3689-55180-0878.fits 
On File: spec-3689-55180-0879.fits 
On File: spec-3689-55180-0880.fits 
On File: spec-3689-55180-0881.fits 
On File: spec-3689-55180-0882.fits 
On File: spec-3689-55180-0883.fits 
On File: spec-3689-55180-0884.fits 
On File: spec-3689-55180-0885.fits 
On File: spec-3689-55180-0886.fits 
On File: spec-3689-55180-0887.fits 
On File: spec-3689-55180-0888.fits 
On File: spec-3689-55180-0889.fits 
On File: spec-3689-55180-0890.fits 
On File: spec-3689-55180-0891.fits 
On File: spec-3689-55180-0892.fits 
On File: spec-3689-55180-0893.fits 
On File: spec-3689-55180-0894.fits 
On File: spec-3689-55180-0895.fits 
On File: spec-3689-55180-0896.fits 
On File: spec-3689-55180-0897.fits 
On File: spec-3689-55180-0898.fits 
On File: spec-3689-55180-0899.fits 
On File: spec-3689-55180-0900.fits 
On File: spec-3689-55180-0901.fits 
On File: spec-3689-55180-0902.fits 
On File: spec-3689-55180-0903.fits 
On File: spec-3689-55180-0904.fits 
On File: spec-3689-55180-0905.fits 
On File: spec-3689-55180-0906.fits 
On File: spec-3689-55180-0907.fits 
On File: spec-3689-55180-0908.fits 
On File: spec-3689-55180-0909.fits 
On File: spec-3689-55180-0910.fits 
On File: spec-3689-55180-0911.fits 
On File: spec-3689-55180-0912.fits 
On File: spec-3689-55180-0913.fits 
On File: spec-3689-55180-0914.fits 
On File: spec-3689-55180-0915.fits 
On File: spec-3689-55180-0916.fits 
On File: spec-3689-55180-0917.fits 
On File: spec-3689-55180-0918.fits 
On File: spec-3689-55180-0919.fits 
On File: spec-3689-55180-0920.fits 
On File: spec-3689-55180-0921.fits 
On File: spec-3689-55180-0922.fits 
On File: spec-3689-55180-0923.fits 
On File: spec-3689-55180-0924.fits 
On File: spec-3689-55180-0925.fits 
On File: spec-3689-55180-0926.fits 
On File: spec-3689-55180-0927.fits 
On File: spec-3689-55180-0928.fits 
On File: spec-3689-55180-0929.fits 
On File: spec-3689-55180-0930.fits 
On File: spec-3689-55180-0931.fits 
On File: spec-3689-55180-0932.fits 
On File: spec-3689-55180-0933.fits 
On File: spec-3689-55180-0934.fits 
On File: spec-3689-55180-0935.fits 
On File: spec-3689-55180-0936.fits 
On File: spec-3689-55180-0937.fits 
On File: spec-3689-55180-0938.fits 
On File: spec-3689-55180-0939.fits 
On File: spec-3689-55180-0940.fits 
On File: spec-3689-55180-0941.fits 
On File: spec-3689-55180-0942.fits 
On File: spec-3689-55180-0943.fits 
On File: spec-3689-55180-0944.fits 
On File: spec-3689-55180-0945.fits 
On File: spec-3689-55180-0946.fits 
On File: spec-3689-55180-0947.fits 
On File: spec-3689-55180-0948.fits 
On File: spec-3689-55180-0949.fits 
On File: spec-3689-55180-0950.fits 
On File: spec-3689-55180-0951.fits 
On File: spec-3689-55180-0952.fits 
On File: spec-3689-55180-0953.fits 
On File: spec-3689-55180-0954.fits 
On File: spec-3689-55180-0955.fits 
On File: spec-3689-55180-0956.fits 
On File: spec-3689-55180-0957.fits 
On File: spec-3689-55180-0958.fits 
On File: spec-3689-55180-0959.fits 
On File: spec-3689-55180-0960.fits 
On File: spec-3689-55180-0961.fits 
On File: spec-3689-55180-0962.fits 
On File: spec-3689-55180-0963.fits 
On File: spec-3689-55180-0964.fits 
On File: spec-3689-55180-0965.fits 
On File: spec-3689-55180-0966.fits 
On File: spec-3689-55180-0967.fits 
On File: spec-3689-55180-0968.fits 
On File: spec-3689-55180-0969.fits 
On File: spec-3689-55180-0970.fits 
On File: spec-3689-55180-0971.fits 
On File: spec-3689-55180-0972.fits 
On File: spec-3689-55180-0973.fits 
On File: spec-3689-55180-0974.fits 
On File: spec-3689-55180-0975.fits 
On File: spec-3689-55180-0976.fits 
On File: spec-3689-55180-0977.fits 
On File: spec-3689-55180-0978.fits 
On File: spec-3689-55180-0979.fits 
On File: spec-3689-55180-0980.fits 
On File: spec-3689-55180-0981.fits 
On File: spec-3689-55180-0982.fits 
On File: spec-3689-55180-0983.fits 
On File: spec-3689-55180-0984.fits 
On File: spec-3689-55180-0985.fits 
On File: spec-3689-55180-0986.fits 
On File: spec-3689-55180-0987.fits 
On File: spec-3689-55180-0988.fits 
On File: spec-3689-55180-0989.fits 
On File: spec-3689-55180-0990.fits 
On File: spec-3689-55180-0991.fits 
On File: spec-3689-55180-0992.fits 
On File: spec-3689-55180-0993.fits 
On File: spec-3689-55180-0994.fits 
On File: spec-3689-55180-0995.fits 
On File: spec-3689-55180-0996.fits 
On File: spec-3689-55180-0997.fits 
On File: spec-3689-55180-0998.fits 
On File: spec-3689-55180-0999.fits 
On File: spec-3689-55180-1000.fits 
[1] "Job Complete!"
