Unpacking R413.tar.gz ...
Unpacking packages_FITSio.tar.gz ...
Unpacking current *.tgz file
[1] "Initializing Console ..."
[1] "Inputing command line prompts ..."
[1] "Loading package FITSio."
[1] "Reading cB58_Lyman_break.fit ..."
[1] "Starting main process ..."
On File: spec-3687-55269-0001.fits 
On File: spec-3687-55269-0002.fits 
On File: spec-3687-55269-0003.fits 
On File: spec-3687-55269-0004.fits 
On File: spec-3687-55269-0005.fits 
On File: spec-3687-55269-0006.fits 
On File: spec-3687-55269-0007.fits 
On File: spec-3687-55269-0008.fits 
On File: spec-3687-55269-0009.fits 
On File: spec-3687-55269-0010.fits 
On File: spec-3687-55269-0011.fits 
On File: spec-3687-55269-0012.fits 
On File: spec-3687-55269-0013.fits 
On File: spec-3687-55269-0014.fits 
On File: spec-3687-55269-0015.fits 
On File: spec-3687-55269-0016.fits 
On File: spec-3687-55269-0017.fits 
On File: spec-3687-55269-0018.fits 
On File: spec-3687-55269-0019.fits 
On File: spec-3687-55269-0020.fits 
On File: spec-3687-55269-0021.fits 
On File: spec-3687-55269-0022.fits 
On File: spec-3687-55269-0023.fits 
On File: spec-3687-55269-0024.fits 
On File: spec-3687-55269-0025.fits 
On File: spec-3687-55269-0026.fits 
On File: spec-3687-55269-0027.fits 
On File: spec-3687-55269-0028.fits 
On File: spec-3687-55269-0029.fits 
On File: spec-3687-55269-0030.fits 
On File: spec-3687-55269-0031.fits 
On File: spec-3687-55269-0032.fits 
On File: spec-3687-55269-0033.fits 
On File: spec-3687-55269-0034.fits 
On File: spec-3687-55269-0035.fits 
On File: spec-3687-55269-0036.fits 
On File: spec-3687-55269-0037.fits 
On File: spec-3687-55269-0038.fits 
On File: spec-3687-55269-0039.fits 
On File: spec-3687-55269-0040.fits 
On File: spec-3687-55269-0041.fits 
On File: spec-3687-55269-0042.fits 
On File: spec-3687-55269-0043.fits 
On File: spec-3687-55269-0044.fits 
On File: spec-3687-55269-0045.fits 
On File: spec-3687-55269-0046.fits 
On File: spec-3687-55269-0047.fits 
On File: spec-3687-55269-0048.fits 
On File: spec-3687-55269-0049.fits 
On File: spec-3687-55269-0050.fits 
On File: spec-3687-55269-0051.fits 
On File: spec-3687-55269-0052.fits 
On File: spec-3687-55269-0053.fits 
On File: spec-3687-55269-0054.fits 
On File: spec-3687-55269-0055.fits 
On File: spec-3687-55269-0056.fits 
On File: spec-3687-55269-0057.fits 
On File: spec-3687-55269-0058.fits 
On File: spec-3687-55269-0059.fits 
On File: spec-3687-55269-0060.fits 
On File: spec-3687-55269-0061.fits 
On File: spec-3687-55269-0062.fits 
On File: spec-3687-55269-0063.fits 
On File: spec-3687-55269-0064.fits 
On File: spec-3687-55269-0065.fits 
On File: spec-3687-55269-0066.fits 
On File: spec-3687-55269-0067.fits 
On File: spec-3687-55269-0068.fits 
On File: spec-3687-55269-0069.fits 
On File: spec-3687-55269-0070.fits 
On File: spec-3687-55269-0071.fits 
On File: spec-3687-55269-0072.fits 
On File: spec-3687-55269-0073.fits 
On File: spec-3687-55269-0074.fits 
On File: spec-3687-55269-0075.fits 
On File: spec-3687-55269-0076.fits 
On File: spec-3687-55269-0077.fits 
On File: spec-3687-55269-0078.fits 
On File: spec-3687-55269-0079.fits 
On File: spec-3687-55269-0080.fits 
On File: spec-3687-55269-0081.fits 
On File: spec-3687-55269-0082.fits 
On File: spec-3687-55269-0083.fits 
On File: spec-3687-55269-0084.fits 
On File: spec-3687-55269-0085.fits 
On File: spec-3687-55269-0086.fits 
On File: spec-3687-55269-0087.fits 
On File: spec-3687-55269-0088.fits 
On File: spec-3687-55269-0089.fits 
On File: spec-3687-55269-0090.fits 
On File: spec-3687-55269-0091.fits 
On File: spec-3687-55269-0092.fits 
On File: spec-3687-55269-0093.fits 
On File: spec-3687-55269-0094.fits 
On File: spec-3687-55269-0095.fits 
On File: spec-3687-55269-0096.fits 
On File: spec-3687-55269-0097.fits 
On File: spec-3687-55269-0098.fits 
On File: spec-3687-55269-0099.fits 
On File: spec-3687-55269-0100.fits 
On File: spec-3687-55269-0101.fits 
On File: spec-3687-55269-0102.fits 
On File: spec-3687-55269-0103.fits 
On File: spec-3687-55269-0104.fits 
On File: spec-3687-55269-0105.fits 
On File: spec-3687-55269-0106.fits 
On File: spec-3687-55269-0107.fits 
On File: spec-3687-55269-0108.fits 
On File: spec-3687-55269-0109.fits 
On File: spec-3687-55269-0110.fits 
On File: spec-3687-55269-0111.fits 
On File: spec-3687-55269-0112.fits 
On File: spec-3687-55269-0113.fits 
On File: spec-3687-55269-0114.fits 
On File: spec-3687-55269-0115.fits 
On File: spec-3687-55269-0116.fits 
On File: spec-3687-55269-0117.fits 
On File: spec-3687-55269-0118.fits 
On File: spec-3687-55269-0119.fits 
On File: spec-3687-55269-0120.fits 
On File: spec-3687-55269-0121.fits 
On File: spec-3687-55269-0122.fits 
On File: spec-3687-55269-0123.fits 
On File: spec-3687-55269-0124.fits 
On File: spec-3687-55269-0125.fits 
On File: spec-3687-55269-0126.fits 
On File: spec-3687-55269-0127.fits 
On File: spec-3687-55269-0128.fits 
On File: spec-3687-55269-0129.fits 
On File: spec-3687-55269-0130.fits 
On File: spec-3687-55269-0131.fits 
On File: spec-3687-55269-0132.fits 
On File: spec-3687-55269-0133.fits 
On File: spec-3687-55269-0134.fits 
On File: spec-3687-55269-0135.fits 
On File: spec-3687-55269-0136.fits 
On File: spec-3687-55269-0137.fits 
On File: spec-3687-55269-0138.fits 
On File: spec-3687-55269-0139.fits 
On File: spec-3687-55269-0140.fits 
On File: spec-3687-55269-0141.fits 
On File: spec-3687-55269-0142.fits 
On File: spec-3687-55269-0143.fits 
On File: spec-3687-55269-0144.fits 
On File: spec-3687-55269-0145.fits 
On File: spec-3687-55269-0146.fits 
On File: spec-3687-55269-0147.fits 
On File: spec-3687-55269-0148.fits 
On File: spec-3687-55269-0149.fits 
On File: spec-3687-55269-0150.fits 
On File: spec-3687-55269-0151.fits 
On File: spec-3687-55269-0152.fits 
On File: spec-3687-55269-0153.fits 
On File: spec-3687-55269-0154.fits 
On File: spec-3687-55269-0155.fits 
On File: spec-3687-55269-0156.fits 
On File: spec-3687-55269-0157.fits 
On File: spec-3687-55269-0158.fits 
On File: spec-3687-55269-0159.fits 
On File: spec-3687-55269-0160.fits 
On File: spec-3687-55269-0161.fits 
On File: spec-3687-55269-0162.fits 
On File: spec-3687-55269-0163.fits 
On File: spec-3687-55269-0164.fits 
On File: spec-3687-55269-0165.fits 
On File: spec-3687-55269-0166.fits 
On File: spec-3687-55269-0167.fits 
On File: spec-3687-55269-0168.fits 
On File: spec-3687-55269-0169.fits 
On File: spec-3687-55269-0170.fits 
On File: spec-3687-55269-0171.fits 
On File: spec-3687-55269-0172.fits 
On File: spec-3687-55269-0173.fits 
On File: spec-3687-55269-0174.fits 
On File: spec-3687-55269-0175.fits 
On File: spec-3687-55269-0176.fits 
On File: spec-3687-55269-0177.fits 
On File: spec-3687-55269-0178.fits 
On File: spec-3687-55269-0179.fits 
On File: spec-3687-55269-0180.fits 
On File: spec-3687-55269-0181.fits 
On File: spec-3687-55269-0182.fits 
On File: spec-3687-55269-0183.fits 
On File: spec-3687-55269-0184.fits 
On File: spec-3687-55269-0185.fits 
On File: spec-3687-55269-0186.fits 
On File: spec-3687-55269-0187.fits 
On File: spec-3687-55269-0188.fits 
On File: spec-3687-55269-0189.fits 
On File: spec-3687-55269-0190.fits 
On File: spec-3687-55269-0191.fits 
On File: spec-3687-55269-0192.fits 
On File: spec-3687-55269-0193.fits 
On File: spec-3687-55269-0194.fits 
On File: spec-3687-55269-0195.fits 
On File: spec-3687-55269-0196.fits 
On File: spec-3687-55269-0197.fits 
On File: spec-3687-55269-0198.fits 
On File: spec-3687-55269-0199.fits 
On File: spec-3687-55269-0200.fits 
On File: spec-3687-55269-0201.fits 
On File: spec-3687-55269-0202.fits 
On File: spec-3687-55269-0203.fits 
On File: spec-3687-55269-0204.fits 
On File: spec-3687-55269-0205.fits 
On File: spec-3687-55269-0206.fits 
On File: spec-3687-55269-0207.fits 
On File: spec-3687-55269-0208.fits 
On File: spec-3687-55269-0209.fits 
On File: spec-3687-55269-0210.fits 
On File: spec-3687-55269-0211.fits 
On File: spec-3687-55269-0212.fits 
On File: spec-3687-55269-0213.fits 
On File: spec-3687-55269-0214.fits 
On File: spec-3687-55269-0215.fits 
On File: spec-3687-55269-0216.fits 
On File: spec-3687-55269-0217.fits 
On File: spec-3687-55269-0218.fits 
On File: spec-3687-55269-0219.fits 
On File: spec-3687-55269-0220.fits 
On File: spec-3687-55269-0221.fits 
On File: spec-3687-55269-0222.fits 
On File: spec-3687-55269-0223.fits 
On File: spec-3687-55269-0224.fits 
On File: spec-3687-55269-0225.fits 
On File: spec-3687-55269-0226.fits 
On File: spec-3687-55269-0227.fits 
On File: spec-3687-55269-0228.fits 
On File: spec-3687-55269-0229.fits 
On File: spec-3687-55269-0230.fits 
On File: spec-3687-55269-0231.fits 
On File: spec-3687-55269-0232.fits 
On File: spec-3687-55269-0233.fits 
On File: spec-3687-55269-0234.fits 
On File: spec-3687-55269-0235.fits 
On File: spec-3687-55269-0236.fits 
On File: spec-3687-55269-0237.fits 
On File: spec-3687-55269-0238.fits 
On File: spec-3687-55269-0239.fits 
On File: spec-3687-55269-0240.fits 
On File: spec-3687-55269-0241.fits 
On File: spec-3687-55269-0242.fits 
On File: spec-3687-55269-0243.fits 
On File: spec-3687-55269-0244.fits 
On File: spec-3687-55269-0245.fits 
On File: spec-3687-55269-0246.fits 
On File: spec-3687-55269-0247.fits 
On File: spec-3687-55269-0248.fits 
On File: spec-3687-55269-0249.fits 
On File: spec-3687-55269-0250.fits 
On File: spec-3687-55269-0251.fits 
On File: spec-3687-55269-0252.fits 
On File: spec-3687-55269-0253.fits 
On File: spec-3687-55269-0254.fits 
On File: spec-3687-55269-0255.fits 
On File: spec-3687-55269-0256.fits 
On File: spec-3687-55269-0257.fits 
On File: spec-3687-55269-0258.fits 
On File: spec-3687-55269-0259.fits 
On File: spec-3687-55269-0260.fits 
On File: spec-3687-55269-0261.fits 
On File: spec-3687-55269-0262.fits 
On File: spec-3687-55269-0263.fits 
On File: spec-3687-55269-0264.fits 
On File: spec-3687-55269-0265.fits 
On File: spec-3687-55269-0266.fits 
On File: spec-3687-55269-0267.fits 
On File: spec-3687-55269-0268.fits 
On File: spec-3687-55269-0269.fits 
On File: spec-3687-55269-0270.fits 
On File: spec-3687-55269-0271.fits 
On File: spec-3687-55269-0272.fits 
On File: spec-3687-55269-0273.fits 
On File: spec-3687-55269-0274.fits 
On File: spec-3687-55269-0275.fits 
On File: spec-3687-55269-0276.fits 
On File: spec-3687-55269-0277.fits 
On File: spec-3687-55269-0278.fits 
On File: spec-3687-55269-0279.fits 
On File: spec-3687-55269-0280.fits 
On File: spec-3687-55269-0281.fits 
On File: spec-3687-55269-0282.fits 
On File: spec-3687-55269-0283.fits 
On File: spec-3687-55269-0284.fits 
On File: spec-3687-55269-0285.fits 
On File: spec-3687-55269-0286.fits 
On File: spec-3687-55269-0287.fits 
On File: spec-3687-55269-0288.fits 
On File: spec-3687-55269-0289.fits 
On File: spec-3687-55269-0290.fits 
On File: spec-3687-55269-0291.fits 
On File: spec-3687-55269-0292.fits 
On File: spec-3687-55269-0293.fits 
On File: spec-3687-55269-0294.fits 
On File: spec-3687-55269-0295.fits 
On File: spec-3687-55269-0296.fits 
On File: spec-3687-55269-0297.fits 
On File: spec-3687-55269-0298.fits 
On File: spec-3687-55269-0299.fits 
On File: spec-3687-55269-0300.fits 
On File: spec-3687-55269-0301.fits 
On File: spec-3687-55269-0302.fits 
On File: spec-3687-55269-0303.fits 
On File: spec-3687-55269-0304.fits 
On File: spec-3687-55269-0305.fits 
On File: spec-3687-55269-0306.fits 
On File: spec-3687-55269-0307.fits 
On File: spec-3687-55269-0308.fits 
On File: spec-3687-55269-0309.fits 
On File: spec-3687-55269-0310.fits 
On File: spec-3687-55269-0311.fits 
On File: spec-3687-55269-0312.fits 
On File: spec-3687-55269-0313.fits 
On File: spec-3687-55269-0314.fits 
On File: spec-3687-55269-0315.fits 
On File: spec-3687-55269-0316.fits 
On File: spec-3687-55269-0317.fits 
On File: spec-3687-55269-0318.fits 
On File: spec-3687-55269-0319.fits 
On File: spec-3687-55269-0320.fits 
On File: spec-3687-55269-0321.fits 
On File: spec-3687-55269-0322.fits 
On File: spec-3687-55269-0323.fits 
On File: spec-3687-55269-0324.fits 
On File: spec-3687-55269-0325.fits 
On File: spec-3687-55269-0326.fits 
On File: spec-3687-55269-0327.fits 
On File: spec-3687-55269-0328.fits 
On File: spec-3687-55269-0329.fits 
On File: spec-3687-55269-0330.fits 
On File: spec-3687-55269-0331.fits 
On File: spec-3687-55269-0332.fits 
On File: spec-3687-55269-0333.fits 
On File: spec-3687-55269-0334.fits 
On File: spec-3687-55269-0335.fits 
On File: spec-3687-55269-0336.fits 
On File: spec-3687-55269-0337.fits 
On File: spec-3687-55269-0338.fits 
On File: spec-3687-55269-0339.fits 
On File: spec-3687-55269-0340.fits 
On File: spec-3687-55269-0341.fits 
On File: spec-3687-55269-0342.fits 
On File: spec-3687-55269-0343.fits 
On File: spec-3687-55269-0344.fits 
On File: spec-3687-55269-0345.fits 
On File: spec-3687-55269-0346.fits 
On File: spec-3687-55269-0347.fits 
On File: spec-3687-55269-0348.fits 
On File: spec-3687-55269-0349.fits 
On File: spec-3687-55269-0350.fits 
On File: spec-3687-55269-0351.fits 
On File: spec-3687-55269-0352.fits 
On File: spec-3687-55269-0353.fits 
On File: spec-3687-55269-0354.fits 
On File: spec-3687-55269-0355.fits 
On File: spec-3687-55269-0356.fits 
On File: spec-3687-55269-0357.fits 
On File: spec-3687-55269-0358.fits 
On File: spec-3687-55269-0359.fits 
On File: spec-3687-55269-0360.fits 
On File: spec-3687-55269-0361.fits 
On File: spec-3687-55269-0362.fits 
On File: spec-3687-55269-0363.fits 
On File: spec-3687-55269-0364.fits 
On File: spec-3687-55269-0365.fits 
On File: spec-3687-55269-0366.fits 
On File: spec-3687-55269-0367.fits 
On File: spec-3687-55269-0368.fits 
On File: spec-3687-55269-0369.fits 
On File: spec-3687-55269-0370.fits 
On File: spec-3687-55269-0371.fits 
On File: spec-3687-55269-0372.fits 
On File: spec-3687-55269-0373.fits 
On File: spec-3687-55269-0374.fits 
On File: spec-3687-55269-0375.fits 
On File: spec-3687-55269-0376.fits 
On File: spec-3687-55269-0377.fits 
On File: spec-3687-55269-0378.fits 
On File: spec-3687-55269-0379.fits 
On File: spec-3687-55269-0380.fits 
On File: spec-3687-55269-0381.fits 
On File: spec-3687-55269-0382.fits 
On File: spec-3687-55269-0383.fits 
On File: spec-3687-55269-0384.fits 
On File: spec-3687-55269-0385.fits 
On File: spec-3687-55269-0386.fits 
On File: spec-3687-55269-0387.fits 
On File: spec-3687-55269-0388.fits 
On File: spec-3687-55269-0389.fits 
On File: spec-3687-55269-0390.fits 
On File: spec-3687-55269-0391.fits 
On File: spec-3687-55269-0392.fits 
On File: spec-3687-55269-0393.fits 
On File: spec-3687-55269-0394.fits 
On File: spec-3687-55269-0395.fits 
On File: spec-3687-55269-0396.fits 
On File: spec-3687-55269-0397.fits 
On File: spec-3687-55269-0398.fits 
On File: spec-3687-55269-0399.fits 
On File: spec-3687-55269-0400.fits 
On File: spec-3687-55269-0401.fits 
On File: spec-3687-55269-0402.fits 
On File: spec-3687-55269-0403.fits 
On File: spec-3687-55269-0404.fits 
On File: spec-3687-55269-0405.fits 
On File: spec-3687-55269-0406.fits 
On File: spec-3687-55269-0407.fits 
On File: spec-3687-55269-0408.fits 
On File: spec-3687-55269-0409.fits 
On File: spec-3687-55269-0410.fits 
On File: spec-3687-55269-0411.fits 
On File: spec-3687-55269-0412.fits 
On File: spec-3687-55269-0413.fits 
On File: spec-3687-55269-0414.fits 
On File: spec-3687-55269-0415.fits 
On File: spec-3687-55269-0416.fits 
On File: spec-3687-55269-0417.fits 
On File: spec-3687-55269-0418.fits 
On File: spec-3687-55269-0419.fits 
On File: spec-3687-55269-0420.fits 
On File: spec-3687-55269-0421.fits 
On File: spec-3687-55269-0422.fits 
On File: spec-3687-55269-0423.fits 
On File: spec-3687-55269-0424.fits 
On File: spec-3687-55269-0425.fits 
On File: spec-3687-55269-0426.fits 
On File: spec-3687-55269-0427.fits 
On File: spec-3687-55269-0428.fits 
On File: spec-3687-55269-0429.fits 
On File: spec-3687-55269-0430.fits 
On File: spec-3687-55269-0431.fits 
On File: spec-3687-55269-0432.fits 
On File: spec-3687-55269-0433.fits 
On File: spec-3687-55269-0434.fits 
On File: spec-3687-55269-0435.fits 
On File: spec-3687-55269-0436.fits 
On File: spec-3687-55269-0437.fits 
On File: spec-3687-55269-0438.fits 
On File: spec-3687-55269-0439.fits 
On File: spec-3687-55269-0440.fits 
On File: spec-3687-55269-0441.fits 
On File: spec-3687-55269-0442.fits 
On File: spec-3687-55269-0443.fits 
On File: spec-3687-55269-0444.fits 
On File: spec-3687-55269-0445.fits 
On File: spec-3687-55269-0446.fits 
On File: spec-3687-55269-0447.fits 
On File: spec-3687-55269-0448.fits 
On File: spec-3687-55269-0449.fits 
On File: spec-3687-55269-0450.fits 
On File: spec-3687-55269-0451.fits 
On File: spec-3687-55269-0452.fits 
On File: spec-3687-55269-0453.fits 
On File: spec-3687-55269-0454.fits 
On File: spec-3687-55269-0455.fits 
On File: spec-3687-55269-0456.fits 
On File: spec-3687-55269-0457.fits 
On File: spec-3687-55269-0458.fits 
On File: spec-3687-55269-0459.fits 
On File: spec-3687-55269-0460.fits 
On File: spec-3687-55269-0461.fits 
On File: spec-3687-55269-0462.fits 
On File: spec-3687-55269-0463.fits 
On File: spec-3687-55269-0464.fits 
On File: spec-3687-55269-0465.fits 
On File: spec-3687-55269-0466.fits 
On File: spec-3687-55269-0467.fits 
On File: spec-3687-55269-0468.fits 
On File: spec-3687-55269-0469.fits 
On File: spec-3687-55269-0470.fits 
On File: spec-3687-55269-0471.fits 
On File: spec-3687-55269-0472.fits 
On File: spec-3687-55269-0473.fits 
On File: spec-3687-55269-0474.fits 
On File: spec-3687-55269-0475.fits 
On File: spec-3687-55269-0476.fits 
On File: spec-3687-55269-0477.fits 
On File: spec-3687-55269-0478.fits 
On File: spec-3687-55269-0479.fits 
On File: spec-3687-55269-0480.fits 
On File: spec-3687-55269-0481.fits 
On File: spec-3687-55269-0482.fits 
On File: spec-3687-55269-0483.fits 
On File: spec-3687-55269-0484.fits 
On File: spec-3687-55269-0485.fits 
On File: spec-3687-55269-0486.fits 
On File: spec-3687-55269-0487.fits 
On File: spec-3687-55269-0488.fits 
On File: spec-3687-55269-0489.fits 
On File: spec-3687-55269-0490.fits 
On File: spec-3687-55269-0491.fits 
On File: spec-3687-55269-0492.fits 
On File: spec-3687-55269-0493.fits 
On File: spec-3687-55269-0494.fits 
On File: spec-3687-55269-0495.fits 
On File: spec-3687-55269-0496.fits 
On File: spec-3687-55269-0497.fits 
On File: spec-3687-55269-0498.fits 
On File: spec-3687-55269-0499.fits 
On File: spec-3687-55269-0500.fits 
On File: spec-3687-55269-0501.fits 
On File: spec-3687-55269-0502.fits 
On File: spec-3687-55269-0503.fits 
On File: spec-3687-55269-0504.fits 
On File: spec-3687-55269-0505.fits 
On File: spec-3687-55269-0506.fits 
On File: spec-3687-55269-0507.fits 
On File: spec-3687-55269-0508.fits 
On File: spec-3687-55269-0509.fits 
On File: spec-3687-55269-0510.fits 
On File: spec-3687-55269-0511.fits 
On File: spec-3687-55269-0512.fits 
On File: spec-3687-55269-0513.fits 
On File: spec-3687-55269-0514.fits 
On File: spec-3687-55269-0515.fits 
On File: spec-3687-55269-0516.fits 
On File: spec-3687-55269-0517.fits 
On File: spec-3687-55269-0518.fits 
On File: spec-3687-55269-0519.fits 
On File: spec-3687-55269-0520.fits 
On File: spec-3687-55269-0521.fits 
On File: spec-3687-55269-0522.fits 
On File: spec-3687-55269-0523.fits 
On File: spec-3687-55269-0524.fits 
On File: spec-3687-55269-0525.fits 
On File: spec-3687-55269-0526.fits 
On File: spec-3687-55269-0527.fits 
On File: spec-3687-55269-0528.fits 
On File: spec-3687-55269-0529.fits 
On File: spec-3687-55269-0530.fits 
On File: spec-3687-55269-0531.fits 
On File: spec-3687-55269-0532.fits 
On File: spec-3687-55269-0533.fits 
On File: spec-3687-55269-0534.fits 
On File: spec-3687-55269-0535.fits 
On File: spec-3687-55269-0536.fits 
On File: spec-3687-55269-0537.fits 
On File: spec-3687-55269-0538.fits 
On File: spec-3687-55269-0539.fits 
On File: spec-3687-55269-0540.fits 
On File: spec-3687-55269-0541.fits 
On File: spec-3687-55269-0542.fits 
On File: spec-3687-55269-0543.fits 
On File: spec-3687-55269-0544.fits 
On File: spec-3687-55269-0545.fits 
On File: spec-3687-55269-0546.fits 
On File: spec-3687-55269-0547.fits 
On File: spec-3687-55269-0548.fits 
On File: spec-3687-55269-0549.fits 
On File: spec-3687-55269-0550.fits 
On File: spec-3687-55269-0551.fits 
On File: spec-3687-55269-0552.fits 
On File: spec-3687-55269-0553.fits 
On File: spec-3687-55269-0554.fits 
On File: spec-3687-55269-0555.fits 
On File: spec-3687-55269-0556.fits 
On File: spec-3687-55269-0557.fits 
On File: spec-3687-55269-0558.fits 
On File: spec-3687-55269-0559.fits 
On File: spec-3687-55269-0560.fits 
On File: spec-3687-55269-0561.fits 
On File: spec-3687-55269-0562.fits 
On File: spec-3687-55269-0563.fits 
On File: spec-3687-55269-0564.fits 
On File: spec-3687-55269-0565.fits 
On File: spec-3687-55269-0566.fits 
On File: spec-3687-55269-0567.fits 
On File: spec-3687-55269-0568.fits 
On File: spec-3687-55269-0569.fits 
On File: spec-3687-55269-0570.fits 
On File: spec-3687-55269-0571.fits 
On File: spec-3687-55269-0572.fits 
On File: spec-3687-55269-0573.fits 
On File: spec-3687-55269-0574.fits 
On File: spec-3687-55269-0575.fits 
On File: spec-3687-55269-0576.fits 
On File: spec-3687-55269-0577.fits 
On File: spec-3687-55269-0578.fits 
On File: spec-3687-55269-0579.fits 
On File: spec-3687-55269-0580.fits 
On File: spec-3687-55269-0581.fits 
On File: spec-3687-55269-0582.fits 
On File: spec-3687-55269-0583.fits 
On File: spec-3687-55269-0584.fits 
On File: spec-3687-55269-0585.fits 
On File: spec-3687-55269-0586.fits 
On File: spec-3687-55269-0587.fits 
On File: spec-3687-55269-0588.fits 
On File: spec-3687-55269-0589.fits 
On File: spec-3687-55269-0590.fits 
On File: spec-3687-55269-0591.fits 
On File: spec-3687-55269-0592.fits 
On File: spec-3687-55269-0593.fits 
On File: spec-3687-55269-0594.fits 
On File: spec-3687-55269-0595.fits 
On File: spec-3687-55269-0596.fits 
On File: spec-3687-55269-0597.fits 
On File: spec-3687-55269-0598.fits 
On File: spec-3687-55269-0599.fits 
On File: spec-3687-55269-0600.fits 
On File: spec-3687-55269-0601.fits 
On File: spec-3687-55269-0602.fits 
On File: spec-3687-55269-0603.fits 
On File: spec-3687-55269-0604.fits 
On File: spec-3687-55269-0605.fits 
On File: spec-3687-55269-0606.fits 
On File: spec-3687-55269-0607.fits 
On File: spec-3687-55269-0608.fits 
On File: spec-3687-55269-0609.fits 
On File: spec-3687-55269-0610.fits 
On File: spec-3687-55269-0611.fits 
On File: spec-3687-55269-0612.fits 
On File: spec-3687-55269-0613.fits 
On File: spec-3687-55269-0614.fits 
On File: spec-3687-55269-0615.fits 
On File: spec-3687-55269-0616.fits 
On File: spec-3687-55269-0617.fits 
On File: spec-3687-55269-0618.fits 
On File: spec-3687-55269-0619.fits 
On File: spec-3687-55269-0620.fits 
On File: spec-3687-55269-0621.fits 
On File: spec-3687-55269-0622.fits 
On File: spec-3687-55269-0623.fits 
On File: spec-3687-55269-0624.fits 
On File: spec-3687-55269-0625.fits 
On File: spec-3687-55269-0626.fits 
On File: spec-3687-55269-0627.fits 
On File: spec-3687-55269-0628.fits 
On File: spec-3687-55269-0629.fits 
On File: spec-3687-55269-0630.fits 
On File: spec-3687-55269-0631.fits 
On File: spec-3687-55269-0632.fits 
On File: spec-3687-55269-0633.fits 
On File: spec-3687-55269-0634.fits 
On File: spec-3687-55269-0635.fits 
On File: spec-3687-55269-0636.fits 
On File: spec-3687-55269-0637.fits 
On File: spec-3687-55269-0638.fits 
On File: spec-3687-55269-0639.fits 
On File: spec-3687-55269-0640.fits 
On File: spec-3687-55269-0641.fits 
On File: spec-3687-55269-0642.fits 
On File: spec-3687-55269-0643.fits 
On File: spec-3687-55269-0644.fits 
On File: spec-3687-55269-0645.fits 
On File: spec-3687-55269-0646.fits 
On File: spec-3687-55269-0647.fits 
On File: spec-3687-55269-0648.fits 
On File: spec-3687-55269-0649.fits 
On File: spec-3687-55269-0650.fits 
On File: spec-3687-55269-0651.fits 
On File: spec-3687-55269-0652.fits 
On File: spec-3687-55269-0653.fits 
On File: spec-3687-55269-0654.fits 
On File: spec-3687-55269-0655.fits 
On File: spec-3687-55269-0656.fits 
On File: spec-3687-55269-0657.fits 
On File: spec-3687-55269-0658.fits 
On File: spec-3687-55269-0659.fits 
On File: spec-3687-55269-0660.fits 
On File: spec-3687-55269-0661.fits 
On File: spec-3687-55269-0662.fits 
On File: spec-3687-55269-0663.fits 
On File: spec-3687-55269-0664.fits 
On File: spec-3687-55269-0665.fits 
On File: spec-3687-55269-0666.fits 
On File: spec-3687-55269-0667.fits 
On File: spec-3687-55269-0668.fits 
On File: spec-3687-55269-0669.fits 
On File: spec-3687-55269-0670.fits 
On File: spec-3687-55269-0671.fits 
On File: spec-3687-55269-0672.fits 
On File: spec-3687-55269-0673.fits 
On File: spec-3687-55269-0674.fits 
On File: spec-3687-55269-0675.fits 
On File: spec-3687-55269-0676.fits 
On File: spec-3687-55269-0677.fits 
On File: spec-3687-55269-0678.fits 
On File: spec-3687-55269-0679.fits 
On File: spec-3687-55269-0680.fits 
On File: spec-3687-55269-0681.fits 
On File: spec-3687-55269-0682.fits 
On File: spec-3687-55269-0683.fits 
On File: spec-3687-55269-0684.fits 
On File: spec-3687-55269-0685.fits 
On File: spec-3687-55269-0686.fits 
On File: spec-3687-55269-0687.fits 
On File: spec-3687-55269-0688.fits 
On File: spec-3687-55269-0689.fits 
On File: spec-3687-55269-0690.fits 
On File: spec-3687-55269-0691.fits 
On File: spec-3687-55269-0692.fits 
On File: spec-3687-55269-0693.fits 
On File: spec-3687-55269-0694.fits 
On File: spec-3687-55269-0695.fits 
On File: spec-3687-55269-0696.fits 
On File: spec-3687-55269-0697.fits 
On File: spec-3687-55269-0698.fits 
On File: spec-3687-55269-0699.fits 
On File: spec-3687-55269-0700.fits 
On File: spec-3687-55269-0701.fits 
On File: spec-3687-55269-0702.fits 
On File: spec-3687-55269-0703.fits 
On File: spec-3687-55269-0704.fits 
On File: spec-3687-55269-0705.fits 
On File: spec-3687-55269-0706.fits 
On File: spec-3687-55269-0707.fits 
On File: spec-3687-55269-0708.fits 
On File: spec-3687-55269-0709.fits 
On File: spec-3687-55269-0710.fits 
On File: spec-3687-55269-0711.fits 
On File: spec-3687-55269-0712.fits 
On File: spec-3687-55269-0713.fits 
On File: spec-3687-55269-0714.fits 
On File: spec-3687-55269-0715.fits 
On File: spec-3687-55269-0716.fits 
On File: spec-3687-55269-0717.fits 
On File: spec-3687-55269-0718.fits 
On File: spec-3687-55269-0719.fits 
On File: spec-3687-55269-0720.fits 
On File: spec-3687-55269-0721.fits 
On File: spec-3687-55269-0722.fits 
On File: spec-3687-55269-0723.fits 
On File: spec-3687-55269-0724.fits 
On File: spec-3687-55269-0725.fits 
On File: spec-3687-55269-0726.fits 
On File: spec-3687-55269-0727.fits 
On File: spec-3687-55269-0728.fits 
On File: spec-3687-55269-0729.fits 
On File: spec-3687-55269-0730.fits 
On File: spec-3687-55269-0731.fits 
On File: spec-3687-55269-0732.fits 
On File: spec-3687-55269-0733.fits 
On File: spec-3687-55269-0734.fits 
On File: spec-3687-55269-0735.fits 
On File: spec-3687-55269-0736.fits 
On File: spec-3687-55269-0737.fits 
On File: spec-3687-55269-0738.fits 
On File: spec-3687-55269-0739.fits 
On File: spec-3687-55269-0740.fits 
On File: spec-3687-55269-0741.fits 
On File: spec-3687-55269-0742.fits 
On File: spec-3687-55269-0743.fits 
On File: spec-3687-55269-0744.fits 
On File: spec-3687-55269-0745.fits 
On File: spec-3687-55269-0746.fits 
On File: spec-3687-55269-0747.fits 
On File: spec-3687-55269-0748.fits 
On File: spec-3687-55269-0749.fits 
On File: spec-3687-55269-0750.fits 
On File: spec-3687-55269-0751.fits 
On File: spec-3687-55269-0752.fits 
On File: spec-3687-55269-0753.fits 
On File: spec-3687-55269-0754.fits 
On File: spec-3687-55269-0755.fits 
On File: spec-3687-55269-0756.fits 
On File: spec-3687-55269-0757.fits 
On File: spec-3687-55269-0758.fits 
On File: spec-3687-55269-0759.fits 
On File: spec-3687-55269-0760.fits 
On File: spec-3687-55269-0761.fits 
On File: spec-3687-55269-0762.fits 
On File: spec-3687-55269-0763.fits 
On File: spec-3687-55269-0764.fits 
On File: spec-3687-55269-0765.fits 
On File: spec-3687-55269-0766.fits 
On File: spec-3687-55269-0767.fits 
On File: spec-3687-55269-0768.fits 
On File: spec-3687-55269-0769.fits 
On File: spec-3687-55269-0770.fits 
On File: spec-3687-55269-0771.fits 
On File: spec-3687-55269-0772.fits 
On File: spec-3687-55269-0773.fits 
On File: spec-3687-55269-0774.fits 
On File: spec-3687-55269-0775.fits 
On File: spec-3687-55269-0776.fits 
On File: spec-3687-55269-0777.fits 
On File: spec-3687-55269-0778.fits 
On File: spec-3687-55269-0779.fits 
On File: spec-3687-55269-0780.fits 
On File: spec-3687-55269-0781.fits 
On File: spec-3687-55269-0782.fits 
On File: spec-3687-55269-0783.fits 
On File: spec-3687-55269-0784.fits 
On File: spec-3687-55269-0785.fits 
On File: spec-3687-55269-0786.fits 
On File: spec-3687-55269-0787.fits 
On File: spec-3687-55269-0788.fits 
On File: spec-3687-55269-0789.fits 
On File: spec-3687-55269-0790.fits 
On File: spec-3687-55269-0791.fits 
On File: spec-3687-55269-0792.fits 
On File: spec-3687-55269-0793.fits 
On File: spec-3687-55269-0794.fits 
On File: spec-3687-55269-0795.fits 
On File: spec-3687-55269-0796.fits 
On File: spec-3687-55269-0797.fits 
On File: spec-3687-55269-0798.fits 
On File: spec-3687-55269-0799.fits 
On File: spec-3687-55269-0800.fits 
On File: spec-3687-55269-0801.fits 
On File: spec-3687-55269-0802.fits 
On File: spec-3687-55269-0803.fits 
On File: spec-3687-55269-0804.fits 
On File: spec-3687-55269-0805.fits 
On File: spec-3687-55269-0806.fits 
On File: spec-3687-55269-0807.fits 
On File: spec-3687-55269-0808.fits 
On File: spec-3687-55269-0809.fits 
On File: spec-3687-55269-0810.fits 
On File: spec-3687-55269-0811.fits 
On File: spec-3687-55269-0812.fits 
On File: spec-3687-55269-0813.fits 
On File: spec-3687-55269-0814.fits 
On File: spec-3687-55269-0815.fits 
On File: spec-3687-55269-0816.fits 
On File: spec-3687-55269-0817.fits 
On File: spec-3687-55269-0818.fits 
On File: spec-3687-55269-0819.fits 
On File: spec-3687-55269-0820.fits 
On File: spec-3687-55269-0821.fits 
On File: spec-3687-55269-0822.fits 
On File: spec-3687-55269-0823.fits 
On File: spec-3687-55269-0824.fits 
On File: spec-3687-55269-0825.fits 
On File: spec-3687-55269-0826.fits 
On File: spec-3687-55269-0827.fits 
On File: spec-3687-55269-0828.fits 
On File: spec-3687-55269-0829.fits 
On File: spec-3687-55269-0830.fits 
On File: spec-3687-55269-0831.fits 
On File: spec-3687-55269-0832.fits 
On File: spec-3687-55269-0833.fits 
On File: spec-3687-55269-0834.fits 
On File: spec-3687-55269-0835.fits 
On File: spec-3687-55269-0836.fits 
On File: spec-3687-55269-0837.fits 
On File: spec-3687-55269-0838.fits 
On File: spec-3687-55269-0839.fits 
On File: spec-3687-55269-0840.fits 
On File: spec-3687-55269-0841.fits 
On File: spec-3687-55269-0842.fits 
On File: spec-3687-55269-0843.fits 
On File: spec-3687-55269-0844.fits 
On File: spec-3687-55269-0845.fits 
On File: spec-3687-55269-0846.fits 
On File: spec-3687-55269-0847.fits 
On File: spec-3687-55269-0848.fits 
On File: spec-3687-55269-0849.fits 
On File: spec-3687-55269-0850.fits 
On File: spec-3687-55269-0851.fits 
On File: spec-3687-55269-0852.fits 
On File: spec-3687-55269-0853.fits 
On File: spec-3687-55269-0854.fits 
On File: spec-3687-55269-0855.fits 
On File: spec-3687-55269-0856.fits 
On File: spec-3687-55269-0857.fits 
On File: spec-3687-55269-0858.fits 
On File: spec-3687-55269-0859.fits 
On File: spec-3687-55269-0860.fits 
On File: spec-3687-55269-0861.fits 
On File: spec-3687-55269-0862.fits 
On File: spec-3687-55269-0863.fits 
On File: spec-3687-55269-0864.fits 
On File: spec-3687-55269-0865.fits 
On File: spec-3687-55269-0866.fits 
On File: spec-3687-55269-0867.fits 
On File: spec-3687-55269-0868.fits 
On File: spec-3687-55269-0869.fits 
On File: spec-3687-55269-0870.fits 
On File: spec-3687-55269-0871.fits 
On File: spec-3687-55269-0872.fits 
On File: spec-3687-55269-0873.fits 
On File: spec-3687-55269-0874.fits 
On File: spec-3687-55269-0875.fits 
On File: spec-3687-55269-0876.fits 
On File: spec-3687-55269-0877.fits 
On File: spec-3687-55269-0878.fits 
On File: spec-3687-55269-0879.fits 
On File: spec-3687-55269-0880.fits 
On File: spec-3687-55269-0881.fits 
On File: spec-3687-55269-0882.fits 
On File: spec-3687-55269-0883.fits 
On File: spec-3687-55269-0884.fits 
On File: spec-3687-55269-0885.fits 
On File: spec-3687-55269-0886.fits 
On File: spec-3687-55269-0887.fits 
On File: spec-3687-55269-0888.fits 
On File: spec-3687-55269-0889.fits 
On File: spec-3687-55269-0890.fits 
On File: spec-3687-55269-0891.fits 
On File: spec-3687-55269-0892.fits 
On File: spec-3687-55269-0893.fits 
On File: spec-3687-55269-0894.fits 
On File: spec-3687-55269-0895.fits 
On File: spec-3687-55269-0896.fits 
On File: spec-3687-55269-0897.fits 
On File: spec-3687-55269-0898.fits 
On File: spec-3687-55269-0899.fits 
On File: spec-3687-55269-0900.fits 
On File: spec-3687-55269-0901.fits 
On File: spec-3687-55269-0902.fits 
On File: spec-3687-55269-0903.fits 
On File: spec-3687-55269-0904.fits 
On File: spec-3687-55269-0905.fits 
On File: spec-3687-55269-0906.fits 
On File: spec-3687-55269-0907.fits 
On File: spec-3687-55269-0908.fits 
On File: spec-3687-55269-0909.fits 
On File: spec-3687-55269-0910.fits 
On File: spec-3687-55269-0911.fits 
On File: spec-3687-55269-0912.fits 
On File: spec-3687-55269-0913.fits 
On File: spec-3687-55269-0914.fits 
On File: spec-3687-55269-0915.fits 
On File: spec-3687-55269-0916.fits 
On File: spec-3687-55269-0917.fits 
On File: spec-3687-55269-0918.fits 
On File: spec-3687-55269-0919.fits 
On File: spec-3687-55269-0920.fits 
On File: spec-3687-55269-0921.fits 
On File: spec-3687-55269-0922.fits 
On File: spec-3687-55269-0923.fits 
On File: spec-3687-55269-0924.fits 
On File: spec-3687-55269-0925.fits 
On File: spec-3687-55269-0926.fits 
On File: spec-3687-55269-0927.fits 
On File: spec-3687-55269-0928.fits 
On File: spec-3687-55269-0929.fits 
On File: spec-3687-55269-0930.fits 
On File: spec-3687-55269-0931.fits 
On File: spec-3687-55269-0932.fits 
On File: spec-3687-55269-0933.fits 
On File: spec-3687-55269-0934.fits 
On File: spec-3687-55269-0935.fits 
On File: spec-3687-55269-0936.fits 
On File: spec-3687-55269-0937.fits 
On File: spec-3687-55269-0938.fits 
On File: spec-3687-55269-0939.fits 
On File: spec-3687-55269-0940.fits 
On File: spec-3687-55269-0941.fits 
On File: spec-3687-55269-0942.fits 
On File: spec-3687-55269-0943.fits 
On File: spec-3687-55269-0944.fits 
On File: spec-3687-55269-0945.fits 
On File: spec-3687-55269-0946.fits 
On File: spec-3687-55269-0947.fits 
On File: spec-3687-55269-0948.fits 
On File: spec-3687-55269-0949.fits 
On File: spec-3687-55269-0950.fits 
On File: spec-3687-55269-0951.fits 
On File: spec-3687-55269-0952.fits 
On File: spec-3687-55269-0953.fits 
On File: spec-3687-55269-0954.fits 
On File: spec-3687-55269-0955.fits 
On File: spec-3687-55269-0956.fits 
On File: spec-3687-55269-0957.fits 
On File: spec-3687-55269-0958.fits 
On File: spec-3687-55269-0959.fits 
On File: spec-3687-55269-0960.fits 
On File: spec-3687-55269-0961.fits 
On File: spec-3687-55269-0962.fits 
On File: spec-3687-55269-0963.fits 
On File: spec-3687-55269-0964.fits 
On File: spec-3687-55269-0965.fits 
On File: spec-3687-55269-0966.fits 
On File: spec-3687-55269-0967.fits 
On File: spec-3687-55269-0968.fits 
On File: spec-3687-55269-0969.fits 
On File: spec-3687-55269-0970.fits 
On File: spec-3687-55269-0971.fits 
On File: spec-3687-55269-0972.fits 
On File: spec-3687-55269-0973.fits 
On File: spec-3687-55269-0974.fits 
On File: spec-3687-55269-0975.fits 
On File: spec-3687-55269-0976.fits 
On File: spec-3687-55269-0977.fits 
On File: spec-3687-55269-0978.fits 
On File: spec-3687-55269-0979.fits 
On File: spec-3687-55269-0980.fits 
On File: spec-3687-55269-0981.fits 
On File: spec-3687-55269-0982.fits 
On File: spec-3687-55269-0983.fits 
On File: spec-3687-55269-0984.fits 
On File: spec-3687-55269-0985.fits 
On File: spec-3687-55269-0986.fits 
On File: spec-3687-55269-0987.fits 
On File: spec-3687-55269-0988.fits 
On File: spec-3687-55269-0989.fits 
On File: spec-3687-55269-0990.fits 
On File: spec-3687-55269-0991.fits 
On File: spec-3687-55269-0992.fits 
On File: spec-3687-55269-0993.fits 
On File: spec-3687-55269-0994.fits 
On File: spec-3687-55269-0995.fits 
On File: spec-3687-55269-0996.fits 
On File: spec-3687-55269-0997.fits 
On File: spec-3687-55269-0998.fits 
On File: spec-3687-55269-0999.fits 
On File: spec-3687-55269-1000.fits 
[1] "Job Complete!"
