Unpacking R413.tar.gz ...
Unpacking packages_FITSio.tar.gz ...
Unpacking current *.tgz file
[1] "Initializing Console ..."
[1] "Inputing command line prompts ..."
[1] "Loading package FITSio."
[1] "Reading cB58_Lyman_break.fit ..."
[1] "Starting main process ..."
On File: spec-3693-55208-0001.fits 
On File: spec-3693-55208-0002.fits 
On File: spec-3693-55208-0003.fits 
On File: spec-3693-55208-0004.fits 
On File: spec-3693-55208-0005.fits 
On File: spec-3693-55208-0006.fits 
On File: spec-3693-55208-0007.fits 
On File: spec-3693-55208-0008.fits 
On File: spec-3693-55208-0009.fits 
On File: spec-3693-55208-0010.fits 
On File: spec-3693-55208-0011.fits 
On File: spec-3693-55208-0012.fits 
On File: spec-3693-55208-0013.fits 
On File: spec-3693-55208-0014.fits 
On File: spec-3693-55208-0015.fits 
On File: spec-3693-55208-0016.fits 
On File: spec-3693-55208-0017.fits 
On File: spec-3693-55208-0018.fits 
On File: spec-3693-55208-0019.fits 
On File: spec-3693-55208-0020.fits 
On File: spec-3693-55208-0021.fits 
On File: spec-3693-55208-0022.fits 
On File: spec-3693-55208-0023.fits 
On File: spec-3693-55208-0024.fits 
On File: spec-3693-55208-0025.fits 
On File: spec-3693-55208-0026.fits 
On File: spec-3693-55208-0027.fits 
On File: spec-3693-55208-0028.fits 
On File: spec-3693-55208-0029.fits 
On File: spec-3693-55208-0030.fits 
On File: spec-3693-55208-0031.fits 
On File: spec-3693-55208-0032.fits 
On File: spec-3693-55208-0033.fits 
On File: spec-3693-55208-0034.fits 
On File: spec-3693-55208-0035.fits 
On File: spec-3693-55208-0036.fits 
On File: spec-3693-55208-0037.fits 
On File: spec-3693-55208-0038.fits 
On File: spec-3693-55208-0039.fits 
On File: spec-3693-55208-0040.fits 
On File: spec-3693-55208-0041.fits 
On File: spec-3693-55208-0042.fits 
On File: spec-3693-55208-0043.fits 
On File: spec-3693-55208-0044.fits 
On File: spec-3693-55208-0045.fits 
On File: spec-3693-55208-0046.fits 
On File: spec-3693-55208-0047.fits 
On File: spec-3693-55208-0048.fits 
On File: spec-3693-55208-0049.fits 
On File: spec-3693-55208-0050.fits 
On File: spec-3693-55208-0051.fits 
On File: spec-3693-55208-0052.fits 
On File: spec-3693-55208-0053.fits 
On File: spec-3693-55208-0054.fits 
On File: spec-3693-55208-0055.fits 
On File: spec-3693-55208-0056.fits 
On File: spec-3693-55208-0057.fits 
On File: spec-3693-55208-0058.fits 
On File: spec-3693-55208-0059.fits 
On File: spec-3693-55208-0060.fits 
On File: spec-3693-55208-0061.fits 
On File: spec-3693-55208-0062.fits 
On File: spec-3693-55208-0063.fits 
On File: spec-3693-55208-0064.fits 
On File: spec-3693-55208-0065.fits 
On File: spec-3693-55208-0066.fits 
On File: spec-3693-55208-0067.fits 
On File: spec-3693-55208-0068.fits 
On File: spec-3693-55208-0069.fits 
On File: spec-3693-55208-0070.fits 
On File: spec-3693-55208-0071.fits 
On File: spec-3693-55208-0072.fits 
On File: spec-3693-55208-0073.fits 
On File: spec-3693-55208-0074.fits 
On File: spec-3693-55208-0075.fits 
On File: spec-3693-55208-0076.fits 
On File: spec-3693-55208-0077.fits 
On File: spec-3693-55208-0078.fits 
On File: spec-3693-55208-0079.fits 
On File: spec-3693-55208-0080.fits 
On File: spec-3693-55208-0081.fits 
On File: spec-3693-55208-0082.fits 
On File: spec-3693-55208-0083.fits 
On File: spec-3693-55208-0084.fits 
On File: spec-3693-55208-0085.fits 
On File: spec-3693-55208-0086.fits 
On File: spec-3693-55208-0087.fits 
On File: spec-3693-55208-0088.fits 
On File: spec-3693-55208-0089.fits 
On File: spec-3693-55208-0090.fits 
On File: spec-3693-55208-0091.fits 
On File: spec-3693-55208-0092.fits 
On File: spec-3693-55208-0093.fits 
On File: spec-3693-55208-0094.fits 
On File: spec-3693-55208-0095.fits 
On File: spec-3693-55208-0096.fits 
On File: spec-3693-55208-0097.fits 
On File: spec-3693-55208-0098.fits 
On File: spec-3693-55208-0099.fits 
On File: spec-3693-55208-0100.fits 
On File: spec-3693-55208-0101.fits 
On File: spec-3693-55208-0102.fits 
On File: spec-3693-55208-0103.fits 
On File: spec-3693-55208-0104.fits 
On File: spec-3693-55208-0105.fits 
On File: spec-3693-55208-0106.fits 
On File: spec-3693-55208-0107.fits 
On File: spec-3693-55208-0108.fits 
On File: spec-3693-55208-0109.fits 
On File: spec-3693-55208-0110.fits 
On File: spec-3693-55208-0111.fits 
On File: spec-3693-55208-0112.fits 
On File: spec-3693-55208-0113.fits 
On File: spec-3693-55208-0114.fits 
On File: spec-3693-55208-0115.fits 
On File: spec-3693-55208-0116.fits 
On File: spec-3693-55208-0117.fits 
On File: spec-3693-55208-0118.fits 
On File: spec-3693-55208-0119.fits 
On File: spec-3693-55208-0120.fits 
On File: spec-3693-55208-0121.fits 
On File: spec-3693-55208-0122.fits 
On File: spec-3693-55208-0123.fits 
On File: spec-3693-55208-0124.fits 
On File: spec-3693-55208-0125.fits 
On File: spec-3693-55208-0126.fits 
On File: spec-3693-55208-0127.fits 
On File: spec-3693-55208-0128.fits 
On File: spec-3693-55208-0129.fits 
On File: spec-3693-55208-0130.fits 
On File: spec-3693-55208-0131.fits 
On File: spec-3693-55208-0132.fits 
On File: spec-3693-55208-0133.fits 
On File: spec-3693-55208-0134.fits 
On File: spec-3693-55208-0135.fits 
On File: spec-3693-55208-0136.fits 
On File: spec-3693-55208-0137.fits 
On File: spec-3693-55208-0138.fits 
On File: spec-3693-55208-0139.fits 
On File: spec-3693-55208-0140.fits 
On File: spec-3693-55208-0141.fits 
On File: spec-3693-55208-0142.fits 
On File: spec-3693-55208-0143.fits 
On File: spec-3693-55208-0144.fits 
On File: spec-3693-55208-0145.fits 
On File: spec-3693-55208-0146.fits 
On File: spec-3693-55208-0147.fits 
On File: spec-3693-55208-0148.fits 
On File: spec-3693-55208-0149.fits 
On File: spec-3693-55208-0150.fits 
On File: spec-3693-55208-0151.fits 
On File: spec-3693-55208-0152.fits 
On File: spec-3693-55208-0153.fits 
On File: spec-3693-55208-0154.fits 
On File: spec-3693-55208-0155.fits 
On File: spec-3693-55208-0156.fits 
On File: spec-3693-55208-0157.fits 
On File: spec-3693-55208-0158.fits 
On File: spec-3693-55208-0159.fits 
On File: spec-3693-55208-0160.fits 
On File: spec-3693-55208-0161.fits 
On File: spec-3693-55208-0162.fits 
On File: spec-3693-55208-0163.fits 
On File: spec-3693-55208-0164.fits 
On File: spec-3693-55208-0165.fits 
On File: spec-3693-55208-0166.fits 
On File: spec-3693-55208-0167.fits 
On File: spec-3693-55208-0168.fits 
On File: spec-3693-55208-0169.fits 
On File: spec-3693-55208-0170.fits 
On File: spec-3693-55208-0171.fits 
On File: spec-3693-55208-0172.fits 
On File: spec-3693-55208-0173.fits 
On File: spec-3693-55208-0174.fits 
On File: spec-3693-55208-0175.fits 
On File: spec-3693-55208-0176.fits 
On File: spec-3693-55208-0177.fits 
On File: spec-3693-55208-0178.fits 
On File: spec-3693-55208-0179.fits 
On File: spec-3693-55208-0180.fits 
On File: spec-3693-55208-0181.fits 
On File: spec-3693-55208-0182.fits 
On File: spec-3693-55208-0183.fits 
On File: spec-3693-55208-0184.fits 
On File: spec-3693-55208-0185.fits 
On File: spec-3693-55208-0186.fits 
On File: spec-3693-55208-0187.fits 
On File: spec-3693-55208-0188.fits 
On File: spec-3693-55208-0189.fits 
On File: spec-3693-55208-0190.fits 
On File: spec-3693-55208-0191.fits 
On File: spec-3693-55208-0192.fits 
On File: spec-3693-55208-0193.fits 
On File: spec-3693-55208-0194.fits 
On File: spec-3693-55208-0195.fits 
On File: spec-3693-55208-0196.fits 
On File: spec-3693-55208-0197.fits 
On File: spec-3693-55208-0198.fits 
On File: spec-3693-55208-0199.fits 
On File: spec-3693-55208-0200.fits 
On File: spec-3693-55208-0201.fits 
On File: spec-3693-55208-0202.fits 
On File: spec-3693-55208-0203.fits 
On File: spec-3693-55208-0204.fits 
On File: spec-3693-55208-0205.fits 
On File: spec-3693-55208-0206.fits 
On File: spec-3693-55208-0207.fits 
On File: spec-3693-55208-0208.fits 
On File: spec-3693-55208-0209.fits 
On File: spec-3693-55208-0210.fits 
On File: spec-3693-55208-0211.fits 
On File: spec-3693-55208-0212.fits 
On File: spec-3693-55208-0213.fits 
On File: spec-3693-55208-0214.fits 
On File: spec-3693-55208-0215.fits 
On File: spec-3693-55208-0216.fits 
On File: spec-3693-55208-0217.fits 
On File: spec-3693-55208-0218.fits 
On File: spec-3693-55208-0219.fits 
On File: spec-3693-55208-0220.fits 
On File: spec-3693-55208-0221.fits 
