Unpacking R413.tar.gz ...
Unpacking packages_FITSio.tar.gz ...
Unpacking current *.tgz file
[1] "Initializing Console ..."
[1] "Inputing command line prompts ..."
[1] "Loading package FITSio."
[1] "Reading cB58_Lyman_break.fit ..."
[1] "Starting main process ..."
On File: spec-3680-55210-0001.fits 
On File: spec-3680-55210-0002.fits 
On File: spec-3680-55210-0003.fits 
On File: spec-3680-55210-0004.fits 
On File: spec-3680-55210-0005.fits 
On File: spec-3680-55210-0006.fits 
On File: spec-3680-55210-0007.fits 
On File: spec-3680-55210-0008.fits 
On File: spec-3680-55210-0009.fits 
On File: spec-3680-55210-0010.fits 
On File: spec-3680-55210-0011.fits 
On File: spec-3680-55210-0012.fits 
On File: spec-3680-55210-0013.fits 
On File: spec-3680-55210-0014.fits 
On File: spec-3680-55210-0015.fits 
On File: spec-3680-55210-0016.fits 
On File: spec-3680-55210-0017.fits 
On File: spec-3680-55210-0018.fits 
On File: spec-3680-55210-0019.fits 
On File: spec-3680-55210-0020.fits 
On File: spec-3680-55210-0021.fits 
On File: spec-3680-55210-0022.fits 
On File: spec-3680-55210-0023.fits 
On File: spec-3680-55210-0024.fits 
On File: spec-3680-55210-0025.fits 
On File: spec-3680-55210-0026.fits 
On File: spec-3680-55210-0027.fits 
On File: spec-3680-55210-0028.fits 
On File: spec-3680-55210-0029.fits 
On File: spec-3680-55210-0030.fits 
On File: spec-3680-55210-0031.fits 
On File: spec-3680-55210-0032.fits 
On File: spec-3680-55210-0033.fits 
On File: spec-3680-55210-0034.fits 
On File: spec-3680-55210-0035.fits 
On File: spec-3680-55210-0036.fits 
On File: spec-3680-55210-0037.fits 
On File: spec-3680-55210-0038.fits 
On File: spec-3680-55210-0039.fits 
On File: spec-3680-55210-0040.fits 
On File: spec-3680-55210-0041.fits 
On File: spec-3680-55210-0042.fits 
On File: spec-3680-55210-0043.fits 
On File: spec-3680-55210-0044.fits 
On File: spec-3680-55210-0045.fits 
On File: spec-3680-55210-0046.fits 
On File: spec-3680-55210-0047.fits 
On File: spec-3680-55210-0048.fits 
On File: spec-3680-55210-0049.fits 
On File: spec-3680-55210-0050.fits 
On File: spec-3680-55210-0051.fits 
On File: spec-3680-55210-0052.fits 
On File: spec-3680-55210-0053.fits 
On File: spec-3680-55210-0054.fits 
On File: spec-3680-55210-0055.fits 
On File: spec-3680-55210-0056.fits 
On File: spec-3680-55210-0057.fits 
On File: spec-3680-55210-0058.fits 
On File: spec-3680-55210-0059.fits 
On File: spec-3680-55210-0060.fits 
On File: spec-3680-55210-0061.fits 
On File: spec-3680-55210-0062.fits 
On File: spec-3680-55210-0063.fits 
On File: spec-3680-55210-0064.fits 
On File: spec-3680-55210-0065.fits 
On File: spec-3680-55210-0066.fits 
On File: spec-3680-55210-0067.fits 
On File: spec-3680-55210-0068.fits 
On File: spec-3680-55210-0069.fits 
On File: spec-3680-55210-0070.fits 
On File: spec-3680-55210-0071.fits 
On File: spec-3680-55210-0072.fits 
On File: spec-3680-55210-0073.fits 
On File: spec-3680-55210-0074.fits 
On File: spec-3680-55210-0075.fits 
On File: spec-3680-55210-0076.fits 
On File: spec-3680-55210-0077.fits 
On File: spec-3680-55210-0078.fits 
On File: spec-3680-55210-0079.fits 
On File: spec-3680-55210-0080.fits 
On File: spec-3680-55210-0081.fits 
On File: spec-3680-55210-0082.fits 
On File: spec-3680-55210-0083.fits 
On File: spec-3680-55210-0084.fits 
On File: spec-3680-55210-0085.fits 
On File: spec-3680-55210-0086.fits 
On File: spec-3680-55210-0087.fits 
On File: spec-3680-55210-0088.fits 
On File: spec-3680-55210-0089.fits 
On File: spec-3680-55210-0090.fits 
On File: spec-3680-55210-0091.fits 
On File: spec-3680-55210-0092.fits 
On File: spec-3680-55210-0093.fits 
On File: spec-3680-55210-0094.fits 
On File: spec-3680-55210-0095.fits 
On File: spec-3680-55210-0096.fits 
On File: spec-3680-55210-0097.fits 
On File: spec-3680-55210-0098.fits 
On File: spec-3680-55210-0099.fits 
On File: spec-3680-55210-0100.fits 
On File: spec-3680-55210-0101.fits 
On File: spec-3680-55210-0102.fits 
On File: spec-3680-55210-0103.fits 
On File: spec-3680-55210-0104.fits 
On File: spec-3680-55210-0105.fits 
On File: spec-3680-55210-0106.fits 
On File: spec-3680-55210-0107.fits 
On File: spec-3680-55210-0108.fits 
On File: spec-3680-55210-0109.fits 
On File: spec-3680-55210-0110.fits 
On File: spec-3680-55210-0111.fits 
On File: spec-3680-55210-0112.fits 
On File: spec-3680-55210-0113.fits 
On File: spec-3680-55210-0114.fits 
On File: spec-3680-55210-0115.fits 
On File: spec-3680-55210-0116.fits 
On File: spec-3680-55210-0117.fits 
On File: spec-3680-55210-0118.fits 
On File: spec-3680-55210-0119.fits 
On File: spec-3680-55210-0120.fits 
On File: spec-3680-55210-0121.fits 
On File: spec-3680-55210-0122.fits 
On File: spec-3680-55210-0123.fits 
On File: spec-3680-55210-0124.fits 
On File: spec-3680-55210-0125.fits 
On File: spec-3680-55210-0126.fits 
On File: spec-3680-55210-0127.fits 
On File: spec-3680-55210-0128.fits 
On File: spec-3680-55210-0129.fits 
On File: spec-3680-55210-0130.fits 
On File: spec-3680-55210-0131.fits 
On File: spec-3680-55210-0132.fits 
On File: spec-3680-55210-0133.fits 
On File: spec-3680-55210-0134.fits 
On File: spec-3680-55210-0135.fits 
On File: spec-3680-55210-0136.fits 
On File: spec-3680-55210-0137.fits 
On File: spec-3680-55210-0138.fits 
On File: spec-3680-55210-0139.fits 
On File: spec-3680-55210-0140.fits 
On File: spec-3680-55210-0141.fits 
On File: spec-3680-55210-0142.fits 
On File: spec-3680-55210-0143.fits 
On File: spec-3680-55210-0144.fits 
On File: spec-3680-55210-0145.fits 
On File: spec-3680-55210-0146.fits 
On File: spec-3680-55210-0147.fits 
On File: spec-3680-55210-0148.fits 
On File: spec-3680-55210-0149.fits 
On File: spec-3680-55210-0150.fits 
On File: spec-3680-55210-0151.fits 
On File: spec-3680-55210-0152.fits 
On File: spec-3680-55210-0153.fits 
On File: spec-3680-55210-0154.fits 
On File: spec-3680-55210-0155.fits 
On File: spec-3680-55210-0156.fits 
On File: spec-3680-55210-0157.fits 
On File: spec-3680-55210-0158.fits 
On File: spec-3680-55210-0159.fits 
On File: spec-3680-55210-0160.fits 
On File: spec-3680-55210-0161.fits 
On File: spec-3680-55210-0162.fits 
On File: spec-3680-55210-0163.fits 
On File: spec-3680-55210-0164.fits 
On File: spec-3680-55210-0165.fits 
On File: spec-3680-55210-0166.fits 
On File: spec-3680-55210-0167.fits 
On File: spec-3680-55210-0168.fits 
On File: spec-3680-55210-0169.fits 
On File: spec-3680-55210-0170.fits 
On File: spec-3680-55210-0171.fits 
On File: spec-3680-55210-0172.fits 
On File: spec-3680-55210-0173.fits 
On File: spec-3680-55210-0174.fits 
On File: spec-3680-55210-0175.fits 
On File: spec-3680-55210-0176.fits 
On File: spec-3680-55210-0177.fits 
On File: spec-3680-55210-0178.fits 
On File: spec-3680-55210-0179.fits 
On File: spec-3680-55210-0180.fits 
On File: spec-3680-55210-0181.fits 
On File: spec-3680-55210-0182.fits 
On File: spec-3680-55210-0183.fits 
On File: spec-3680-55210-0184.fits 
On File: spec-3680-55210-0185.fits 
On File: spec-3680-55210-0186.fits 
On File: spec-3680-55210-0187.fits 
On File: spec-3680-55210-0188.fits 
On File: spec-3680-55210-0189.fits 
On File: spec-3680-55210-0190.fits 
On File: spec-3680-55210-0191.fits 
On File: spec-3680-55210-0192.fits 
On File: spec-3680-55210-0193.fits 
On File: spec-3680-55210-0194.fits 
On File: spec-3680-55210-0195.fits 
On File: spec-3680-55210-0196.fits 
On File: spec-3680-55210-0197.fits 
On File: spec-3680-55210-0198.fits 
On File: spec-3680-55210-0199.fits 
On File: spec-3680-55210-0200.fits 
On File: spec-3680-55210-0201.fits 
On File: spec-3680-55210-0202.fits 
On File: spec-3680-55210-0203.fits 
On File: spec-3680-55210-0204.fits 
On File: spec-3680-55210-0205.fits 
On File: spec-3680-55210-0206.fits 
On File: spec-3680-55210-0207.fits 
On File: spec-3680-55210-0208.fits 
On File: spec-3680-55210-0209.fits 
On File: spec-3680-55210-0210.fits 
On File: spec-3680-55210-0211.fits 
On File: spec-3680-55210-0212.fits 
On File: spec-3680-55210-0213.fits 
On File: spec-3680-55210-0214.fits 
On File: spec-3680-55210-0215.fits 
On File: spec-3680-55210-0216.fits 
On File: spec-3680-55210-0217.fits 
On File: spec-3680-55210-0218.fits 
On File: spec-3680-55210-0219.fits 
On File: spec-3680-55210-0220.fits 
On File: spec-3680-55210-0221.fits 
On File: spec-3680-55210-0222.fits 
On File: spec-3680-55210-0223.fits 
On File: spec-3680-55210-0224.fits 
On File: spec-3680-55210-0225.fits 
On File: spec-3680-55210-0226.fits 
On File: spec-3680-55210-0227.fits 
On File: spec-3680-55210-0228.fits 
On File: spec-3680-55210-0229.fits 
On File: spec-3680-55210-0230.fits 
On File: spec-3680-55210-0231.fits 
On File: spec-3680-55210-0232.fits 
On File: spec-3680-55210-0233.fits 
On File: spec-3680-55210-0234.fits 
On File: spec-3680-55210-0235.fits 
On File: spec-3680-55210-0236.fits 
On File: spec-3680-55210-0237.fits 
On File: spec-3680-55210-0238.fits 
On File: spec-3680-55210-0239.fits 
On File: spec-3680-55210-0240.fits 
On File: spec-3680-55210-0241.fits 
On File: spec-3680-55210-0242.fits 
On File: spec-3680-55210-0243.fits 
On File: spec-3680-55210-0244.fits 
On File: spec-3680-55210-0245.fits 
On File: spec-3680-55210-0246.fits 
On File: spec-3680-55210-0247.fits 
On File: spec-3680-55210-0248.fits 
On File: spec-3680-55210-0249.fits 
On File: spec-3680-55210-0250.fits 
On File: spec-3680-55210-0251.fits 
On File: spec-3680-55210-0252.fits 
On File: spec-3680-55210-0253.fits 
On File: spec-3680-55210-0254.fits 
On File: spec-3680-55210-0255.fits 
On File: spec-3680-55210-0256.fits 
On File: spec-3680-55210-0257.fits 
On File: spec-3680-55210-0258.fits 
On File: spec-3680-55210-0259.fits 
On File: spec-3680-55210-0260.fits 
On File: spec-3680-55210-0261.fits 
On File: spec-3680-55210-0262.fits 
On File: spec-3680-55210-0263.fits 
On File: spec-3680-55210-0264.fits 
On File: spec-3680-55210-0265.fits 
On File: spec-3680-55210-0266.fits 
On File: spec-3680-55210-0267.fits 
On File: spec-3680-55210-0268.fits 
On File: spec-3680-55210-0269.fits 
On File: spec-3680-55210-0270.fits 
On File: spec-3680-55210-0271.fits 
On File: spec-3680-55210-0272.fits 
On File: spec-3680-55210-0273.fits 
On File: spec-3680-55210-0274.fits 
On File: spec-3680-55210-0275.fits 
On File: spec-3680-55210-0276.fits 
On File: spec-3680-55210-0277.fits 
On File: spec-3680-55210-0278.fits 
On File: spec-3680-55210-0279.fits 
On File: spec-3680-55210-0280.fits 
On File: spec-3680-55210-0281.fits 
On File: spec-3680-55210-0282.fits 
On File: spec-3680-55210-0283.fits 
On File: spec-3680-55210-0284.fits 
On File: spec-3680-55210-0285.fits 
On File: spec-3680-55210-0286.fits 
On File: spec-3680-55210-0287.fits 
On File: spec-3680-55210-0288.fits 
On File: spec-3680-55210-0289.fits 
On File: spec-3680-55210-0290.fits 
On File: spec-3680-55210-0291.fits 
On File: spec-3680-55210-0292.fits 
On File: spec-3680-55210-0293.fits 
On File: spec-3680-55210-0294.fits 
On File: spec-3680-55210-0295.fits 
On File: spec-3680-55210-0296.fits 
On File: spec-3680-55210-0297.fits 
On File: spec-3680-55210-0298.fits 
On File: spec-3680-55210-0299.fits 
On File: spec-3680-55210-0300.fits 
On File: spec-3680-55210-0301.fits 
On File: spec-3680-55210-0302.fits 
On File: spec-3680-55210-0303.fits 
On File: spec-3680-55210-0304.fits 
On File: spec-3680-55210-0305.fits 
On File: spec-3680-55210-0306.fits 
On File: spec-3680-55210-0307.fits 
On File: spec-3680-55210-0308.fits 
On File: spec-3680-55210-0309.fits 
On File: spec-3680-55210-0310.fits 
On File: spec-3680-55210-0311.fits 
On File: spec-3680-55210-0312.fits 
On File: spec-3680-55210-0313.fits 
On File: spec-3680-55210-0314.fits 
On File: spec-3680-55210-0315.fits 
On File: spec-3680-55210-0316.fits 
On File: spec-3680-55210-0317.fits 
On File: spec-3680-55210-0318.fits 
On File: spec-3680-55210-0319.fits 
On File: spec-3680-55210-0320.fits 
On File: spec-3680-55210-0321.fits 
On File: spec-3680-55210-0322.fits 
On File: spec-3680-55210-0323.fits 
On File: spec-3680-55210-0324.fits 
On File: spec-3680-55210-0325.fits 
On File: spec-3680-55210-0326.fits 
On File: spec-3680-55210-0327.fits 
On File: spec-3680-55210-0328.fits 
On File: spec-3680-55210-0329.fits 
On File: spec-3680-55210-0330.fits 
On File: spec-3680-55210-0331.fits 
On File: spec-3680-55210-0332.fits 
On File: spec-3680-55210-0333.fits 
On File: spec-3680-55210-0334.fits 
On File: spec-3680-55210-0335.fits 
On File: spec-3680-55210-0336.fits 
On File: spec-3680-55210-0337.fits 
On File: spec-3680-55210-0338.fits 
On File: spec-3680-55210-0339.fits 
On File: spec-3680-55210-0340.fits 
On File: spec-3680-55210-0341.fits 
On File: spec-3680-55210-0342.fits 
On File: spec-3680-55210-0343.fits 
On File: spec-3680-55210-0344.fits 
On File: spec-3680-55210-0345.fits 
On File: spec-3680-55210-0346.fits 
On File: spec-3680-55210-0347.fits 
On File: spec-3680-55210-0348.fits 
On File: spec-3680-55210-0349.fits 
On File: spec-3680-55210-0350.fits 
On File: spec-3680-55210-0351.fits 
On File: spec-3680-55210-0352.fits 
On File: spec-3680-55210-0353.fits 
On File: spec-3680-55210-0354.fits 
On File: spec-3680-55210-0355.fits 
On File: spec-3680-55210-0356.fits 
On File: spec-3680-55210-0357.fits 
On File: spec-3680-55210-0358.fits 
On File: spec-3680-55210-0359.fits 
On File: spec-3680-55210-0360.fits 
On File: spec-3680-55210-0361.fits 
On File: spec-3680-55210-0362.fits 
On File: spec-3680-55210-0363.fits 
On File: spec-3680-55210-0364.fits 
On File: spec-3680-55210-0365.fits 
On File: spec-3680-55210-0366.fits 
On File: spec-3680-55210-0367.fits 
On File: spec-3680-55210-0368.fits 
On File: spec-3680-55210-0369.fits 
On File: spec-3680-55210-0370.fits 
On File: spec-3680-55210-0371.fits 
On File: spec-3680-55210-0372.fits 
On File: spec-3680-55210-0373.fits 
On File: spec-3680-55210-0374.fits 
On File: spec-3680-55210-0375.fits 
On File: spec-3680-55210-0376.fits 
On File: spec-3680-55210-0377.fits 
On File: spec-3680-55210-0378.fits 
On File: spec-3680-55210-0379.fits 
On File: spec-3680-55210-0380.fits 
On File: spec-3680-55210-0381.fits 
On File: spec-3680-55210-0382.fits 
On File: spec-3680-55210-0383.fits 
On File: spec-3680-55210-0384.fits 
On File: spec-3680-55210-0385.fits 
On File: spec-3680-55210-0386.fits 
On File: spec-3680-55210-0387.fits 
On File: spec-3680-55210-0388.fits 
On File: spec-3680-55210-0389.fits 
On File: spec-3680-55210-0390.fits 
On File: spec-3680-55210-0391.fits 
On File: spec-3680-55210-0392.fits 
On File: spec-3680-55210-0393.fits 
On File: spec-3680-55210-0394.fits 
On File: spec-3680-55210-0395.fits 
On File: spec-3680-55210-0396.fits 
On File: spec-3680-55210-0397.fits 
On File: spec-3680-55210-0398.fits 
On File: spec-3680-55210-0399.fits 
On File: spec-3680-55210-0400.fits 
On File: spec-3680-55210-0401.fits 
On File: spec-3680-55210-0402.fits 
On File: spec-3680-55210-0403.fits 
On File: spec-3680-55210-0404.fits 
On File: spec-3680-55210-0405.fits 
On File: spec-3680-55210-0406.fits 
On File: spec-3680-55210-0407.fits 
On File: spec-3680-55210-0408.fits 
On File: spec-3680-55210-0409.fits 
On File: spec-3680-55210-0410.fits 
On File: spec-3680-55210-0411.fits 
On File: spec-3680-55210-0412.fits 
On File: spec-3680-55210-0413.fits 
On File: spec-3680-55210-0414.fits 
On File: spec-3680-55210-0415.fits 
On File: spec-3680-55210-0416.fits 
On File: spec-3680-55210-0417.fits 
On File: spec-3680-55210-0418.fits 
On File: spec-3680-55210-0419.fits 
On File: spec-3680-55210-0420.fits 
On File: spec-3680-55210-0421.fits 
On File: spec-3680-55210-0422.fits 
On File: spec-3680-55210-0423.fits 
On File: spec-3680-55210-0424.fits 
On File: spec-3680-55210-0425.fits 
On File: spec-3680-55210-0426.fits 
On File: spec-3680-55210-0427.fits 
On File: spec-3680-55210-0428.fits 
On File: spec-3680-55210-0429.fits 
On File: spec-3680-55210-0430.fits 
On File: spec-3680-55210-0431.fits 
On File: spec-3680-55210-0432.fits 
On File: spec-3680-55210-0433.fits 
On File: spec-3680-55210-0434.fits 
On File: spec-3680-55210-0435.fits 
On File: spec-3680-55210-0436.fits 
On File: spec-3680-55210-0437.fits 
On File: spec-3680-55210-0438.fits 
On File: spec-3680-55210-0439.fits 
On File: spec-3680-55210-0440.fits 
On File: spec-3680-55210-0441.fits 
On File: spec-3680-55210-0442.fits 
On File: spec-3680-55210-0443.fits 
On File: spec-3680-55210-0444.fits 
On File: spec-3680-55210-0445.fits 
On File: spec-3680-55210-0446.fits 
On File: spec-3680-55210-0447.fits 
On File: spec-3680-55210-0448.fits 
On File: spec-3680-55210-0449.fits 
On File: spec-3680-55210-0450.fits 
On File: spec-3680-55210-0451.fits 
On File: spec-3680-55210-0452.fits 
On File: spec-3680-55210-0453.fits 
On File: spec-3680-55210-0454.fits 
On File: spec-3680-55210-0455.fits 
On File: spec-3680-55210-0456.fits 
On File: spec-3680-55210-0457.fits 
On File: spec-3680-55210-0458.fits 
On File: spec-3680-55210-0459.fits 
On File: spec-3680-55210-0460.fits 
On File: spec-3680-55210-0461.fits 
On File: spec-3680-55210-0462.fits 
On File: spec-3680-55210-0463.fits 
On File: spec-3680-55210-0464.fits 
On File: spec-3680-55210-0465.fits 
On File: spec-3680-55210-0466.fits 
On File: spec-3680-55210-0467.fits 
On File: spec-3680-55210-0468.fits 
On File: spec-3680-55210-0469.fits 
On File: spec-3680-55210-0470.fits 
On File: spec-3680-55210-0471.fits 
On File: spec-3680-55210-0472.fits 
On File: spec-3680-55210-0473.fits 
On File: spec-3680-55210-0474.fits 
On File: spec-3680-55210-0475.fits 
On File: spec-3680-55210-0476.fits 
On File: spec-3680-55210-0477.fits 
On File: spec-3680-55210-0478.fits 
On File: spec-3680-55210-0479.fits 
On File: spec-3680-55210-0480.fits 
On File: spec-3680-55210-0481.fits 
On File: spec-3680-55210-0482.fits 
On File: spec-3680-55210-0483.fits 
On File: spec-3680-55210-0484.fits 
On File: spec-3680-55210-0485.fits 
On File: spec-3680-55210-0486.fits 
On File: spec-3680-55210-0487.fits 
On File: spec-3680-55210-0488.fits 
On File: spec-3680-55210-0489.fits 
On File: spec-3680-55210-0490.fits 
On File: spec-3680-55210-0491.fits 
On File: spec-3680-55210-0492.fits 
On File: spec-3680-55210-0493.fits 
On File: spec-3680-55210-0494.fits 
On File: spec-3680-55210-0495.fits 
On File: spec-3680-55210-0496.fits 
On File: spec-3680-55210-0497.fits 
On File: spec-3680-55210-0498.fits 
On File: spec-3680-55210-0499.fits 
On File: spec-3680-55210-0500.fits 
On File: spec-3680-55210-0501.fits 
On File: spec-3680-55210-0502.fits 
On File: spec-3680-55210-0503.fits 
On File: spec-3680-55210-0504.fits 
On File: spec-3680-55210-0505.fits 
On File: spec-3680-55210-0506.fits 
On File: spec-3680-55210-0507.fits 
On File: spec-3680-55210-0508.fits 
On File: spec-3680-55210-0509.fits 
On File: spec-3680-55210-0510.fits 
On File: spec-3680-55210-0511.fits 
On File: spec-3680-55210-0512.fits 
On File: spec-3680-55210-0513.fits 
On File: spec-3680-55210-0514.fits 
On File: spec-3680-55210-0515.fits 
On File: spec-3680-55210-0516.fits 
On File: spec-3680-55210-0517.fits 
On File: spec-3680-55210-0518.fits 
On File: spec-3680-55210-0519.fits 
On File: spec-3680-55210-0520.fits 
On File: spec-3680-55210-0521.fits 
On File: spec-3680-55210-0522.fits 
On File: spec-3680-55210-0523.fits 
On File: spec-3680-55210-0524.fits 
On File: spec-3680-55210-0525.fits 
On File: spec-3680-55210-0526.fits 
On File: spec-3680-55210-0527.fits 
On File: spec-3680-55210-0528.fits 
On File: spec-3680-55210-0529.fits 
On File: spec-3680-55210-0530.fits 
On File: spec-3680-55210-0531.fits 
On File: spec-3680-55210-0532.fits 
On File: spec-3680-55210-0533.fits 
On File: spec-3680-55210-0534.fits 
On File: spec-3680-55210-0535.fits 
On File: spec-3680-55210-0536.fits 
On File: spec-3680-55210-0537.fits 
On File: spec-3680-55210-0538.fits 
On File: spec-3680-55210-0539.fits 
On File: spec-3680-55210-0540.fits 
On File: spec-3680-55210-0541.fits 
On File: spec-3680-55210-0542.fits 
On File: spec-3680-55210-0543.fits 
On File: spec-3680-55210-0544.fits 
On File: spec-3680-55210-0545.fits 
On File: spec-3680-55210-0546.fits 
On File: spec-3680-55210-0547.fits 
On File: spec-3680-55210-0548.fits 
On File: spec-3680-55210-0549.fits 
On File: spec-3680-55210-0550.fits 
On File: spec-3680-55210-0551.fits 
On File: spec-3680-55210-0552.fits 
On File: spec-3680-55210-0553.fits 
On File: spec-3680-55210-0554.fits 
On File: spec-3680-55210-0555.fits 
On File: spec-3680-55210-0556.fits 
On File: spec-3680-55210-0557.fits 
On File: spec-3680-55210-0558.fits 
On File: spec-3680-55210-0559.fits 
On File: spec-3680-55210-0560.fits 
On File: spec-3680-55210-0561.fits 
On File: spec-3680-55210-0562.fits 
On File: spec-3680-55210-0563.fits 
On File: spec-3680-55210-0564.fits 
On File: spec-3680-55210-0565.fits 
On File: spec-3680-55210-0566.fits 
On File: spec-3680-55210-0567.fits 
On File: spec-3680-55210-0568.fits 
On File: spec-3680-55210-0569.fits 
On File: spec-3680-55210-0570.fits 
On File: spec-3680-55210-0571.fits 
On File: spec-3680-55210-0572.fits 
On File: spec-3680-55210-0573.fits 
On File: spec-3680-55210-0574.fits 
On File: spec-3680-55210-0575.fits 
On File: spec-3680-55210-0576.fits 
On File: spec-3680-55210-0577.fits 
On File: spec-3680-55210-0578.fits 
On File: spec-3680-55210-0579.fits 
On File: spec-3680-55210-0580.fits 
On File: spec-3680-55210-0581.fits 
On File: spec-3680-55210-0582.fits 
On File: spec-3680-55210-0583.fits 
On File: spec-3680-55210-0584.fits 
On File: spec-3680-55210-0585.fits 
On File: spec-3680-55210-0586.fits 
On File: spec-3680-55210-0587.fits 
On File: spec-3680-55210-0588.fits 
On File: spec-3680-55210-0589.fits 
On File: spec-3680-55210-0590.fits 
On File: spec-3680-55210-0591.fits 
On File: spec-3680-55210-0592.fits 
On File: spec-3680-55210-0593.fits 
On File: spec-3680-55210-0594.fits 
On File: spec-3680-55210-0595.fits 
On File: spec-3680-55210-0596.fits 
On File: spec-3680-55210-0597.fits 
On File: spec-3680-55210-0598.fits 
On File: spec-3680-55210-0599.fits 
On File: spec-3680-55210-0600.fits 
On File: spec-3680-55210-0601.fits 
On File: spec-3680-55210-0602.fits 
On File: spec-3680-55210-0603.fits 
On File: spec-3680-55210-0604.fits 
On File: spec-3680-55210-0605.fits 
On File: spec-3680-55210-0606.fits 
On File: spec-3680-55210-0607.fits 
On File: spec-3680-55210-0608.fits 
On File: spec-3680-55210-0609.fits 
On File: spec-3680-55210-0610.fits 
On File: spec-3680-55210-0611.fits 
On File: spec-3680-55210-0612.fits 
On File: spec-3680-55210-0613.fits 
On File: spec-3680-55210-0614.fits 
On File: spec-3680-55210-0615.fits 
On File: spec-3680-55210-0616.fits 
On File: spec-3680-55210-0617.fits 
On File: spec-3680-55210-0618.fits 
On File: spec-3680-55210-0619.fits 
On File: spec-3680-55210-0620.fits 
On File: spec-3680-55210-0621.fits 
On File: spec-3680-55210-0622.fits 
On File: spec-3680-55210-0623.fits 
On File: spec-3680-55210-0624.fits 
On File: spec-3680-55210-0625.fits 
On File: spec-3680-55210-0626.fits 
On File: spec-3680-55210-0627.fits 
On File: spec-3680-55210-0628.fits 
On File: spec-3680-55210-0629.fits 
On File: spec-3680-55210-0630.fits 
On File: spec-3680-55210-0631.fits 
On File: spec-3680-55210-0632.fits 
