Unpacking R413.tar.gz ...
Unpacking packages_FITSio.tar.gz ...
Unpacking current *.tgz file
[1] "Initializing Console ..."
[1] "Inputing command line prompts ..."
[1] "Loading package FITSio."
[1] "Reading cB58_Lyman_break.fit ..."
[1] "Starting main process ..."
On File: spec-3686-55268-0001.fits 
On File: spec-3686-55268-0002.fits 
On File: spec-3686-55268-0003.fits 
On File: spec-3686-55268-0004.fits 
On File: spec-3686-55268-0005.fits 
On File: spec-3686-55268-0006.fits 
On File: spec-3686-55268-0007.fits 
On File: spec-3686-55268-0008.fits 
On File: spec-3686-55268-0009.fits 
On File: spec-3686-55268-0010.fits 
On File: spec-3686-55268-0011.fits 
On File: spec-3686-55268-0012.fits 
On File: spec-3686-55268-0013.fits 
On File: spec-3686-55268-0014.fits 
On File: spec-3686-55268-0015.fits 
On File: spec-3686-55268-0016.fits 
On File: spec-3686-55268-0017.fits 
On File: spec-3686-55268-0018.fits 
On File: spec-3686-55268-0019.fits 
On File: spec-3686-55268-0020.fits 
On File: spec-3686-55268-0021.fits 
On File: spec-3686-55268-0022.fits 
On File: spec-3686-55268-0023.fits 
On File: spec-3686-55268-0024.fits 
On File: spec-3686-55268-0025.fits 
On File: spec-3686-55268-0026.fits 
On File: spec-3686-55268-0027.fits 
On File: spec-3686-55268-0028.fits 
On File: spec-3686-55268-0029.fits 
On File: spec-3686-55268-0030.fits 
On File: spec-3686-55268-0031.fits 
On File: spec-3686-55268-0032.fits 
On File: spec-3686-55268-0033.fits 
On File: spec-3686-55268-0034.fits 
On File: spec-3686-55268-0035.fits 
On File: spec-3686-55268-0036.fits 
On File: spec-3686-55268-0037.fits 
On File: spec-3686-55268-0038.fits 
On File: spec-3686-55268-0039.fits 
On File: spec-3686-55268-0040.fits 
On File: spec-3686-55268-0041.fits 
On File: spec-3686-55268-0042.fits 
On File: spec-3686-55268-0043.fits 
On File: spec-3686-55268-0044.fits 
On File: spec-3686-55268-0045.fits 
On File: spec-3686-55268-0046.fits 
On File: spec-3686-55268-0047.fits 
On File: spec-3686-55268-0048.fits 
On File: spec-3686-55268-0049.fits 
On File: spec-3686-55268-0050.fits 
On File: spec-3686-55268-0051.fits 
On File: spec-3686-55268-0052.fits 
On File: spec-3686-55268-0053.fits 
On File: spec-3686-55268-0054.fits 
On File: spec-3686-55268-0055.fits 
On File: spec-3686-55268-0056.fits 
On File: spec-3686-55268-0057.fits 
On File: spec-3686-55268-0058.fits 
On File: spec-3686-55268-0059.fits 
On File: spec-3686-55268-0060.fits 
On File: spec-3686-55268-0061.fits 
On File: spec-3686-55268-0062.fits 
On File: spec-3686-55268-0063.fits 
On File: spec-3686-55268-0064.fits 
On File: spec-3686-55268-0065.fits 
On File: spec-3686-55268-0066.fits 
On File: spec-3686-55268-0067.fits 
On File: spec-3686-55268-0068.fits 
On File: spec-3686-55268-0069.fits 
On File: spec-3686-55268-0070.fits 
On File: spec-3686-55268-0071.fits 
On File: spec-3686-55268-0072.fits 
On File: spec-3686-55268-0073.fits 
On File: spec-3686-55268-0074.fits 
On File: spec-3686-55268-0075.fits 
On File: spec-3686-55268-0076.fits 
On File: spec-3686-55268-0077.fits 
On File: spec-3686-55268-0078.fits 
On File: spec-3686-55268-0079.fits 
On File: spec-3686-55268-0080.fits 
On File: spec-3686-55268-0081.fits 
On File: spec-3686-55268-0082.fits 
On File: spec-3686-55268-0083.fits 
On File: spec-3686-55268-0084.fits 
On File: spec-3686-55268-0085.fits 
On File: spec-3686-55268-0086.fits 
On File: spec-3686-55268-0087.fits 
On File: spec-3686-55268-0088.fits 
On File: spec-3686-55268-0089.fits 
On File: spec-3686-55268-0090.fits 
On File: spec-3686-55268-0091.fits 
On File: spec-3686-55268-0092.fits 
On File: spec-3686-55268-0093.fits 
On File: spec-3686-55268-0094.fits 
On File: spec-3686-55268-0095.fits 
On File: spec-3686-55268-0096.fits 
On File: spec-3686-55268-0097.fits 
On File: spec-3686-55268-0098.fits 
On File: spec-3686-55268-0099.fits 
On File: spec-3686-55268-0100.fits 
On File: spec-3686-55268-0101.fits 
On File: spec-3686-55268-0102.fits 
On File: spec-3686-55268-0103.fits 
On File: spec-3686-55268-0104.fits 
On File: spec-3686-55268-0105.fits 
On File: spec-3686-55268-0106.fits 
On File: spec-3686-55268-0107.fits 
On File: spec-3686-55268-0108.fits 
On File: spec-3686-55268-0109.fits 
On File: spec-3686-55268-0110.fits 
On File: spec-3686-55268-0111.fits 
On File: spec-3686-55268-0112.fits 
On File: spec-3686-55268-0113.fits 
On File: spec-3686-55268-0114.fits 
On File: spec-3686-55268-0115.fits 
On File: spec-3686-55268-0116.fits 
On File: spec-3686-55268-0117.fits 
On File: spec-3686-55268-0118.fits 
On File: spec-3686-55268-0119.fits 
On File: spec-3686-55268-0120.fits 
On File: spec-3686-55268-0121.fits 
On File: spec-3686-55268-0122.fits 
On File: spec-3686-55268-0123.fits 
On File: spec-3686-55268-0124.fits 
On File: spec-3686-55268-0125.fits 
On File: spec-3686-55268-0126.fits 
On File: spec-3686-55268-0127.fits 
On File: spec-3686-55268-0128.fits 
On File: spec-3686-55268-0129.fits 
On File: spec-3686-55268-0130.fits 
On File: spec-3686-55268-0131.fits 
On File: spec-3686-55268-0132.fits 
On File: spec-3686-55268-0133.fits 
On File: spec-3686-55268-0134.fits 
On File: spec-3686-55268-0135.fits 
On File: spec-3686-55268-0136.fits 
On File: spec-3686-55268-0137.fits 
On File: spec-3686-55268-0138.fits 
On File: spec-3686-55268-0139.fits 
On File: spec-3686-55268-0140.fits 
On File: spec-3686-55268-0141.fits 
On File: spec-3686-55268-0142.fits 
On File: spec-3686-55268-0143.fits 
On File: spec-3686-55268-0144.fits 
On File: spec-3686-55268-0145.fits 
On File: spec-3686-55268-0146.fits 
On File: spec-3686-55268-0147.fits 
On File: spec-3686-55268-0148.fits 
On File: spec-3686-55268-0149.fits 
On File: spec-3686-55268-0150.fits 
On File: spec-3686-55268-0151.fits 
On File: spec-3686-55268-0152.fits 
On File: spec-3686-55268-0153.fits 
On File: spec-3686-55268-0154.fits 
On File: spec-3686-55268-0155.fits 
On File: spec-3686-55268-0156.fits 
On File: spec-3686-55268-0157.fits 
On File: spec-3686-55268-0158.fits 
On File: spec-3686-55268-0159.fits 
On File: spec-3686-55268-0160.fits 
On File: spec-3686-55268-0161.fits 
On File: spec-3686-55268-0162.fits 
On File: spec-3686-55268-0163.fits 
On File: spec-3686-55268-0164.fits 
On File: spec-3686-55268-0165.fits 
On File: spec-3686-55268-0166.fits 
On File: spec-3686-55268-0167.fits 
On File: spec-3686-55268-0168.fits 
On File: spec-3686-55268-0169.fits 
On File: spec-3686-55268-0170.fits 
On File: spec-3686-55268-0171.fits 
On File: spec-3686-55268-0172.fits 
On File: spec-3686-55268-0173.fits 
On File: spec-3686-55268-0174.fits 
On File: spec-3686-55268-0175.fits 
On File: spec-3686-55268-0176.fits 
On File: spec-3686-55268-0177.fits 
On File: spec-3686-55268-0178.fits 
On File: spec-3686-55268-0179.fits 
On File: spec-3686-55268-0180.fits 
On File: spec-3686-55268-0181.fits 
On File: spec-3686-55268-0182.fits 
On File: spec-3686-55268-0183.fits 
On File: spec-3686-55268-0184.fits 
On File: spec-3686-55268-0185.fits 
On File: spec-3686-55268-0186.fits 
On File: spec-3686-55268-0187.fits 
On File: spec-3686-55268-0188.fits 
On File: spec-3686-55268-0189.fits 
On File: spec-3686-55268-0190.fits 
On File: spec-3686-55268-0191.fits 
On File: spec-3686-55268-0192.fits 
On File: spec-3686-55268-0193.fits 
On File: spec-3686-55268-0194.fits 
On File: spec-3686-55268-0195.fits 
On File: spec-3686-55268-0196.fits 
On File: spec-3686-55268-0197.fits 
On File: spec-3686-55268-0198.fits 
On File: spec-3686-55268-0199.fits 
On File: spec-3686-55268-0200.fits 
On File: spec-3686-55268-0201.fits 
On File: spec-3686-55268-0202.fits 
On File: spec-3686-55268-0203.fits 
On File: spec-3686-55268-0204.fits 
On File: spec-3686-55268-0205.fits 
On File: spec-3686-55268-0206.fits 
On File: spec-3686-55268-0207.fits 
On File: spec-3686-55268-0208.fits 
On File: spec-3686-55268-0209.fits 
On File: spec-3686-55268-0210.fits 
On File: spec-3686-55268-0211.fits 
On File: spec-3686-55268-0212.fits 
On File: spec-3686-55268-0213.fits 
On File: spec-3686-55268-0214.fits 
On File: spec-3686-55268-0215.fits 
On File: spec-3686-55268-0216.fits 
On File: spec-3686-55268-0217.fits 
On File: spec-3686-55268-0218.fits 
On File: spec-3686-55268-0219.fits 
On File: spec-3686-55268-0220.fits 
On File: spec-3686-55268-0221.fits 
On File: spec-3686-55268-0222.fits 
On File: spec-3686-55268-0223.fits 
On File: spec-3686-55268-0224.fits 
On File: spec-3686-55268-0225.fits 
On File: spec-3686-55268-0226.fits 
On File: spec-3686-55268-0227.fits 
On File: spec-3686-55268-0228.fits 
On File: spec-3686-55268-0229.fits 
On File: spec-3686-55268-0230.fits 
On File: spec-3686-55268-0231.fits 
On File: spec-3686-55268-0232.fits 
On File: spec-3686-55268-0233.fits 
On File: spec-3686-55268-0234.fits 
On File: spec-3686-55268-0235.fits 
On File: spec-3686-55268-0236.fits 
On File: spec-3686-55268-0237.fits 
On File: spec-3686-55268-0238.fits 
On File: spec-3686-55268-0239.fits 
On File: spec-3686-55268-0240.fits 
On File: spec-3686-55268-0241.fits 
On File: spec-3686-55268-0242.fits 
On File: spec-3686-55268-0243.fits 
On File: spec-3686-55268-0244.fits 
On File: spec-3686-55268-0245.fits 
On File: spec-3686-55268-0246.fits 
On File: spec-3686-55268-0247.fits 
On File: spec-3686-55268-0248.fits 
On File: spec-3686-55268-0249.fits 
On File: spec-3686-55268-0250.fits 
On File: spec-3686-55268-0251.fits 
On File: spec-3686-55268-0252.fits 
On File: spec-3686-55268-0253.fits 
On File: spec-3686-55268-0254.fits 
On File: spec-3686-55268-0255.fits 
On File: spec-3686-55268-0256.fits 
On File: spec-3686-55268-0257.fits 
On File: spec-3686-55268-0258.fits 
On File: spec-3686-55268-0259.fits 
On File: spec-3686-55268-0260.fits 
On File: spec-3686-55268-0261.fits 
On File: spec-3686-55268-0262.fits 
On File: spec-3686-55268-0263.fits 
On File: spec-3686-55268-0264.fits 
On File: spec-3686-55268-0265.fits 
On File: spec-3686-55268-0266.fits 
On File: spec-3686-55268-0267.fits 
On File: spec-3686-55268-0268.fits 
On File: spec-3686-55268-0269.fits 
On File: spec-3686-55268-0270.fits 
On File: spec-3686-55268-0271.fits 
On File: spec-3686-55268-0272.fits 
On File: spec-3686-55268-0273.fits 
On File: spec-3686-55268-0274.fits 
On File: spec-3686-55268-0275.fits 
On File: spec-3686-55268-0276.fits 
On File: spec-3686-55268-0277.fits 
On File: spec-3686-55268-0278.fits 
On File: spec-3686-55268-0279.fits 
On File: spec-3686-55268-0280.fits 
On File: spec-3686-55268-0281.fits 
On File: spec-3686-55268-0282.fits 
On File: spec-3686-55268-0283.fits 
On File: spec-3686-55268-0284.fits 
On File: spec-3686-55268-0285.fits 
On File: spec-3686-55268-0286.fits 
On File: spec-3686-55268-0287.fits 
On File: spec-3686-55268-0288.fits 
On File: spec-3686-55268-0289.fits 
On File: spec-3686-55268-0290.fits 
On File: spec-3686-55268-0291.fits 
On File: spec-3686-55268-0292.fits 
On File: spec-3686-55268-0293.fits 
On File: spec-3686-55268-0294.fits 
On File: spec-3686-55268-0295.fits 
On File: spec-3686-55268-0296.fits 
On File: spec-3686-55268-0297.fits 
On File: spec-3686-55268-0298.fits 
On File: spec-3686-55268-0299.fits 
On File: spec-3686-55268-0300.fits 
On File: spec-3686-55268-0301.fits 
On File: spec-3686-55268-0302.fits 
On File: spec-3686-55268-0303.fits 
On File: spec-3686-55268-0304.fits 
On File: spec-3686-55268-0305.fits 
On File: spec-3686-55268-0306.fits 
On File: spec-3686-55268-0307.fits 
On File: spec-3686-55268-0308.fits 
On File: spec-3686-55268-0309.fits 
On File: spec-3686-55268-0310.fits 
On File: spec-3686-55268-0311.fits 
On File: spec-3686-55268-0312.fits 
On File: spec-3686-55268-0313.fits 
On File: spec-3686-55268-0314.fits 
On File: spec-3686-55268-0315.fits 
On File: spec-3686-55268-0316.fits 
On File: spec-3686-55268-0317.fits 
On File: spec-3686-55268-0318.fits 
On File: spec-3686-55268-0319.fits 
On File: spec-3686-55268-0320.fits 
On File: spec-3686-55268-0321.fits 
On File: spec-3686-55268-0322.fits 
On File: spec-3686-55268-0323.fits 
On File: spec-3686-55268-0324.fits 
On File: spec-3686-55268-0325.fits 
On File: spec-3686-55268-0326.fits 
On File: spec-3686-55268-0327.fits 
On File: spec-3686-55268-0328.fits 
On File: spec-3686-55268-0329.fits 
On File: spec-3686-55268-0330.fits 
On File: spec-3686-55268-0331.fits 
On File: spec-3686-55268-0332.fits 
On File: spec-3686-55268-0333.fits 
On File: spec-3686-55268-0334.fits 
On File: spec-3686-55268-0335.fits 
On File: spec-3686-55268-0336.fits 
On File: spec-3686-55268-0337.fits 
On File: spec-3686-55268-0338.fits 
On File: spec-3686-55268-0339.fits 
On File: spec-3686-55268-0340.fits 
On File: spec-3686-55268-0341.fits 
On File: spec-3686-55268-0342.fits 
On File: spec-3686-55268-0343.fits 
On File: spec-3686-55268-0344.fits 
On File: spec-3686-55268-0345.fits 
On File: spec-3686-55268-0346.fits 
On File: spec-3686-55268-0347.fits 
On File: spec-3686-55268-0348.fits 
On File: spec-3686-55268-0349.fits 
On File: spec-3686-55268-0350.fits 
On File: spec-3686-55268-0351.fits 
On File: spec-3686-55268-0352.fits 
On File: spec-3686-55268-0353.fits 
On File: spec-3686-55268-0354.fits 
On File: spec-3686-55268-0355.fits 
On File: spec-3686-55268-0356.fits 
On File: spec-3686-55268-0357.fits 
On File: spec-3686-55268-0358.fits 
On File: spec-3686-55268-0359.fits 
On File: spec-3686-55268-0360.fits 
On File: spec-3686-55268-0361.fits 
On File: spec-3686-55268-0362.fits 
On File: spec-3686-55268-0363.fits 
On File: spec-3686-55268-0364.fits 
On File: spec-3686-55268-0365.fits 
On File: spec-3686-55268-0366.fits 
On File: spec-3686-55268-0367.fits 
On File: spec-3686-55268-0368.fits 
On File: spec-3686-55268-0369.fits 
On File: spec-3686-55268-0370.fits 
On File: spec-3686-55268-0371.fits 
On File: spec-3686-55268-0372.fits 
On File: spec-3686-55268-0373.fits 
On File: spec-3686-55268-0374.fits 
On File: spec-3686-55268-0375.fits 
On File: spec-3686-55268-0376.fits 
On File: spec-3686-55268-0377.fits 
On File: spec-3686-55268-0378.fits 
On File: spec-3686-55268-0379.fits 
On File: spec-3686-55268-0380.fits 
On File: spec-3686-55268-0381.fits 
On File: spec-3686-55268-0382.fits 
On File: spec-3686-55268-0383.fits 
On File: spec-3686-55268-0384.fits 
On File: spec-3686-55268-0385.fits 
On File: spec-3686-55268-0386.fits 
On File: spec-3686-55268-0387.fits 
On File: spec-3686-55268-0388.fits 
On File: spec-3686-55268-0389.fits 
On File: spec-3686-55268-0390.fits 
On File: spec-3686-55268-0391.fits 
On File: spec-3686-55268-0392.fits 
On File: spec-3686-55268-0393.fits 
On File: spec-3686-55268-0394.fits 
On File: spec-3686-55268-0395.fits 
On File: spec-3686-55268-0396.fits 
On File: spec-3686-55268-0397.fits 
On File: spec-3686-55268-0398.fits 
On File: spec-3686-55268-0399.fits 
On File: spec-3686-55268-0400.fits 
On File: spec-3686-55268-0401.fits 
On File: spec-3686-55268-0402.fits 
On File: spec-3686-55268-0403.fits 
On File: spec-3686-55268-0404.fits 
On File: spec-3686-55268-0405.fits 
On File: spec-3686-55268-0406.fits 
On File: spec-3686-55268-0407.fits 
On File: spec-3686-55268-0408.fits 
On File: spec-3686-55268-0409.fits 
On File: spec-3686-55268-0410.fits 
On File: spec-3686-55268-0411.fits 
On File: spec-3686-55268-0412.fits 
On File: spec-3686-55268-0413.fits 
On File: spec-3686-55268-0414.fits 
On File: spec-3686-55268-0415.fits 
On File: spec-3686-55268-0416.fits 
On File: spec-3686-55268-0417.fits 
On File: spec-3686-55268-0418.fits 
On File: spec-3686-55268-0419.fits 
On File: spec-3686-55268-0420.fits 
On File: spec-3686-55268-0421.fits 
On File: spec-3686-55268-0422.fits 
On File: spec-3686-55268-0423.fits 
On File: spec-3686-55268-0424.fits 
On File: spec-3686-55268-0425.fits 
On File: spec-3686-55268-0426.fits 
On File: spec-3686-55268-0427.fits 
On File: spec-3686-55268-0428.fits 
On File: spec-3686-55268-0429.fits 
On File: spec-3686-55268-0430.fits 
On File: spec-3686-55268-0431.fits 
On File: spec-3686-55268-0432.fits 
On File: spec-3686-55268-0433.fits 
On File: spec-3686-55268-0434.fits 
On File: spec-3686-55268-0435.fits 
On File: spec-3686-55268-0436.fits 
On File: spec-3686-55268-0437.fits 
On File: spec-3686-55268-0438.fits 
On File: spec-3686-55268-0439.fits 
On File: spec-3686-55268-0440.fits 
On File: spec-3686-55268-0441.fits 
On File: spec-3686-55268-0442.fits 
On File: spec-3686-55268-0443.fits 
On File: spec-3686-55268-0444.fits 
On File: spec-3686-55268-0445.fits 
On File: spec-3686-55268-0446.fits 
On File: spec-3686-55268-0447.fits 
On File: spec-3686-55268-0448.fits 
On File: spec-3686-55268-0449.fits 
On File: spec-3686-55268-0450.fits 
On File: spec-3686-55268-0451.fits 
On File: spec-3686-55268-0452.fits 
On File: spec-3686-55268-0453.fits 
On File: spec-3686-55268-0454.fits 
On File: spec-3686-55268-0455.fits 
On File: spec-3686-55268-0456.fits 
On File: spec-3686-55268-0457.fits 
On File: spec-3686-55268-0458.fits 
On File: spec-3686-55268-0459.fits 
On File: spec-3686-55268-0460.fits 
On File: spec-3686-55268-0461.fits 
On File: spec-3686-55268-0462.fits 
On File: spec-3686-55268-0463.fits 
On File: spec-3686-55268-0464.fits 
On File: spec-3686-55268-0465.fits 
On File: spec-3686-55268-0466.fits 
On File: spec-3686-55268-0467.fits 
On File: spec-3686-55268-0468.fits 
On File: spec-3686-55268-0469.fits 
On File: spec-3686-55268-0470.fits 
On File: spec-3686-55268-0471.fits 
On File: spec-3686-55268-0472.fits 
On File: spec-3686-55268-0473.fits 
On File: spec-3686-55268-0474.fits 
On File: spec-3686-55268-0475.fits 
On File: spec-3686-55268-0476.fits 
On File: spec-3686-55268-0477.fits 
On File: spec-3686-55268-0478.fits 
On File: spec-3686-55268-0479.fits 
On File: spec-3686-55268-0480.fits 
On File: spec-3686-55268-0481.fits 
On File: spec-3686-55268-0482.fits 
On File: spec-3686-55268-0483.fits 
On File: spec-3686-55268-0484.fits 
On File: spec-3686-55268-0485.fits 
On File: spec-3686-55268-0486.fits 
On File: spec-3686-55268-0487.fits 
On File: spec-3686-55268-0488.fits 
On File: spec-3686-55268-0489.fits 
On File: spec-3686-55268-0490.fits 
On File: spec-3686-55268-0491.fits 
On File: spec-3686-55268-0492.fits 
On File: spec-3686-55268-0493.fits 
On File: spec-3686-55268-0494.fits 
On File: spec-3686-55268-0495.fits 
On File: spec-3686-55268-0496.fits 
On File: spec-3686-55268-0497.fits 
On File: spec-3686-55268-0498.fits 
On File: spec-3686-55268-0499.fits 
On File: spec-3686-55268-0500.fits 
On File: spec-3686-55268-0501.fits 
On File: spec-3686-55268-0502.fits 
On File: spec-3686-55268-0503.fits 
On File: spec-3686-55268-0504.fits 
On File: spec-3686-55268-0505.fits 
On File: spec-3686-55268-0506.fits 
On File: spec-3686-55268-0507.fits 
On File: spec-3686-55268-0508.fits 
On File: spec-3686-55268-0509.fits 
On File: spec-3686-55268-0510.fits 
On File: spec-3686-55268-0511.fits 
On File: spec-3686-55268-0512.fits 
On File: spec-3686-55268-0513.fits 
On File: spec-3686-55268-0514.fits 
On File: spec-3686-55268-0515.fits 
On File: spec-3686-55268-0516.fits 
On File: spec-3686-55268-0517.fits 
On File: spec-3686-55268-0518.fits 
On File: spec-3686-55268-0519.fits 
On File: spec-3686-55268-0520.fits 
On File: spec-3686-55268-0521.fits 
On File: spec-3686-55268-0522.fits 
On File: spec-3686-55268-0523.fits 
On File: spec-3686-55268-0524.fits 
On File: spec-3686-55268-0525.fits 
On File: spec-3686-55268-0526.fits 
On File: spec-3686-55268-0527.fits 
On File: spec-3686-55268-0528.fits 
On File: spec-3686-55268-0529.fits 
On File: spec-3686-55268-0530.fits 
On File: spec-3686-55268-0531.fits 
On File: spec-3686-55268-0532.fits 
On File: spec-3686-55268-0533.fits 
On File: spec-3686-55268-0534.fits 
On File: spec-3686-55268-0535.fits 
On File: spec-3686-55268-0536.fits 
On File: spec-3686-55268-0537.fits 
On File: spec-3686-55268-0538.fits 
On File: spec-3686-55268-0539.fits 
On File: spec-3686-55268-0540.fits 
On File: spec-3686-55268-0541.fits 
On File: spec-3686-55268-0542.fits 
On File: spec-3686-55268-0543.fits 
On File: spec-3686-55268-0544.fits 
On File: spec-3686-55268-0545.fits 
On File: spec-3686-55268-0546.fits 
On File: spec-3686-55268-0547.fits 
On File: spec-3686-55268-0548.fits 
On File: spec-3686-55268-0549.fits 
On File: spec-3686-55268-0550.fits 
On File: spec-3686-55268-0551.fits 
On File: spec-3686-55268-0552.fits 
On File: spec-3686-55268-0553.fits 
On File: spec-3686-55268-0554.fits 
On File: spec-3686-55268-0555.fits 
On File: spec-3686-55268-0556.fits 
On File: spec-3686-55268-0557.fits 
On File: spec-3686-55268-0558.fits 
On File: spec-3686-55268-0559.fits 
On File: spec-3686-55268-0560.fits 
On File: spec-3686-55268-0561.fits 
On File: spec-3686-55268-0562.fits 
On File: spec-3686-55268-0563.fits 
On File: spec-3686-55268-0564.fits 
On File: spec-3686-55268-0565.fits 
On File: spec-3686-55268-0566.fits 
On File: spec-3686-55268-0567.fits 
On File: spec-3686-55268-0568.fits 
On File: spec-3686-55268-0569.fits 
On File: spec-3686-55268-0570.fits 
On File: spec-3686-55268-0571.fits 
On File: spec-3686-55268-0572.fits 
On File: spec-3686-55268-0573.fits 
On File: spec-3686-55268-0574.fits 
On File: spec-3686-55268-0575.fits 
On File: spec-3686-55268-0576.fits 
On File: spec-3686-55268-0577.fits 
On File: spec-3686-55268-0578.fits 
On File: spec-3686-55268-0579.fits 
On File: spec-3686-55268-0580.fits 
On File: spec-3686-55268-0581.fits 
On File: spec-3686-55268-0582.fits 
On File: spec-3686-55268-0583.fits 
On File: spec-3686-55268-0584.fits 
On File: spec-3686-55268-0585.fits 
On File: spec-3686-55268-0586.fits 
On File: spec-3686-55268-0587.fits 
On File: spec-3686-55268-0588.fits 
On File: spec-3686-55268-0589.fits 
On File: spec-3686-55268-0590.fits 
On File: spec-3686-55268-0591.fits 
On File: spec-3686-55268-0592.fits 
On File: spec-3686-55268-0593.fits 
On File: spec-3686-55268-0594.fits 
On File: spec-3686-55268-0595.fits 
On File: spec-3686-55268-0596.fits 
On File: spec-3686-55268-0597.fits 
On File: spec-3686-55268-0598.fits 
On File: spec-3686-55268-0599.fits 
On File: spec-3686-55268-0600.fits 
On File: spec-3686-55268-0601.fits 
On File: spec-3686-55268-0602.fits 
On File: spec-3686-55268-0603.fits 
On File: spec-3686-55268-0604.fits 
On File: spec-3686-55268-0605.fits 
On File: spec-3686-55268-0606.fits 
On File: spec-3686-55268-0607.fits 
On File: spec-3686-55268-0608.fits 
On File: spec-3686-55268-0609.fits 
On File: spec-3686-55268-0610.fits 
On File: spec-3686-55268-0611.fits 
On File: spec-3686-55268-0612.fits 
On File: spec-3686-55268-0613.fits 
On File: spec-3686-55268-0614.fits 
On File: spec-3686-55268-0615.fits 
On File: spec-3686-55268-0616.fits 
On File: spec-3686-55268-0617.fits 
On File: spec-3686-55268-0618.fits 
On File: spec-3686-55268-0619.fits 
On File: spec-3686-55268-0620.fits 
On File: spec-3686-55268-0621.fits 
On File: spec-3686-55268-0622.fits 
On File: spec-3686-55268-0623.fits 
On File: spec-3686-55268-0624.fits 
On File: spec-3686-55268-0625.fits 
On File: spec-3686-55268-0626.fits 
On File: spec-3686-55268-0627.fits 
On File: spec-3686-55268-0628.fits 
On File: spec-3686-55268-0629.fits 
On File: spec-3686-55268-0630.fits 
On File: spec-3686-55268-0631.fits 
On File: spec-3686-55268-0632.fits 
On File: spec-3686-55268-0633.fits 
On File: spec-3686-55268-0634.fits 
On File: spec-3686-55268-0635.fits 
On File: spec-3686-55268-0636.fits 
On File: spec-3686-55268-0637.fits 
On File: spec-3686-55268-0638.fits 
On File: spec-3686-55268-0639.fits 
On File: spec-3686-55268-0640.fits 
On File: spec-3686-55268-0641.fits 
On File: spec-3686-55268-0642.fits 
On File: spec-3686-55268-0643.fits 
On File: spec-3686-55268-0644.fits 
On File: spec-3686-55268-0645.fits 
On File: spec-3686-55268-0646.fits 
On File: spec-3686-55268-0647.fits 
On File: spec-3686-55268-0648.fits 
On File: spec-3686-55268-0649.fits 
On File: spec-3686-55268-0650.fits 
On File: spec-3686-55268-0651.fits 
On File: spec-3686-55268-0652.fits 
On File: spec-3686-55268-0653.fits 
On File: spec-3686-55268-0654.fits 
On File: spec-3686-55268-0655.fits 
On File: spec-3686-55268-0656.fits 
On File: spec-3686-55268-0657.fits 
On File: spec-3686-55268-0658.fits 
On File: spec-3686-55268-0659.fits 
On File: spec-3686-55268-0660.fits 
On File: spec-3686-55268-0661.fits 
On File: spec-3686-55268-0662.fits 
On File: spec-3686-55268-0663.fits 
On File: spec-3686-55268-0664.fits 
On File: spec-3686-55268-0665.fits 
On File: spec-3686-55268-0666.fits 
On File: spec-3686-55268-0667.fits 
On File: spec-3686-55268-0668.fits 
On File: spec-3686-55268-0669.fits 
On File: spec-3686-55268-0670.fits 
On File: spec-3686-55268-0671.fits 
On File: spec-3686-55268-0672.fits 
On File: spec-3686-55268-0673.fits 
On File: spec-3686-55268-0674.fits 
On File: spec-3686-55268-0675.fits 
On File: spec-3686-55268-0676.fits 
On File: spec-3686-55268-0677.fits 
On File: spec-3686-55268-0678.fits 
On File: spec-3686-55268-0679.fits 
On File: spec-3686-55268-0680.fits 
On File: spec-3686-55268-0681.fits 
On File: spec-3686-55268-0682.fits 
On File: spec-3686-55268-0683.fits 
On File: spec-3686-55268-0684.fits 
On File: spec-3686-55268-0685.fits 
On File: spec-3686-55268-0686.fits 
On File: spec-3686-55268-0687.fits 
On File: spec-3686-55268-0688.fits 
On File: spec-3686-55268-0689.fits 
On File: spec-3686-55268-0690.fits 
On File: spec-3686-55268-0691.fits 
On File: spec-3686-55268-0692.fits 
On File: spec-3686-55268-0693.fits 
On File: spec-3686-55268-0694.fits 
On File: spec-3686-55268-0695.fits 
On File: spec-3686-55268-0696.fits 
On File: spec-3686-55268-0697.fits 
On File: spec-3686-55268-0698.fits 
On File: spec-3686-55268-0699.fits 
On File: spec-3686-55268-0700.fits 
On File: spec-3686-55268-0701.fits 
On File: spec-3686-55268-0702.fits 
On File: spec-3686-55268-0703.fits 
On File: spec-3686-55268-0704.fits 
On File: spec-3686-55268-0705.fits 
On File: spec-3686-55268-0706.fits 
On File: spec-3686-55268-0707.fits 
On File: spec-3686-55268-0708.fits 
On File: spec-3686-55268-0709.fits 
On File: spec-3686-55268-0710.fits 
On File: spec-3686-55268-0711.fits 
On File: spec-3686-55268-0712.fits 
On File: spec-3686-55268-0713.fits 
On File: spec-3686-55268-0714.fits 
On File: spec-3686-55268-0715.fits 
On File: spec-3686-55268-0716.fits 
On File: spec-3686-55268-0717.fits 
On File: spec-3686-55268-0718.fits 
On File: spec-3686-55268-0719.fits 
On File: spec-3686-55268-0720.fits 
On File: spec-3686-55268-0721.fits 
On File: spec-3686-55268-0722.fits 
On File: spec-3686-55268-0723.fits 
On File: spec-3686-55268-0724.fits 
On File: spec-3686-55268-0725.fits 
On File: spec-3686-55268-0726.fits 
On File: spec-3686-55268-0727.fits 
On File: spec-3686-55268-0728.fits 
On File: spec-3686-55268-0729.fits 
On File: spec-3686-55268-0730.fits 
On File: spec-3686-55268-0731.fits 
On File: spec-3686-55268-0732.fits 
On File: spec-3686-55268-0733.fits 
On File: spec-3686-55268-0734.fits 
On File: spec-3686-55268-0735.fits 
On File: spec-3686-55268-0736.fits 
On File: spec-3686-55268-0737.fits 
On File: spec-3686-55268-0738.fits 
On File: spec-3686-55268-0739.fits 
On File: spec-3686-55268-0740.fits 
On File: spec-3686-55268-0741.fits 
On File: spec-3686-55268-0742.fits 
On File: spec-3686-55268-0743.fits 
On File: spec-3686-55268-0744.fits 
On File: spec-3686-55268-0745.fits 
On File: spec-3686-55268-0746.fits 
On File: spec-3686-55268-0747.fits 
On File: spec-3686-55268-0748.fits 
On File: spec-3686-55268-0749.fits 
On File: spec-3686-55268-0750.fits 
On File: spec-3686-55268-0751.fits 
On File: spec-3686-55268-0752.fits 
On File: spec-3686-55268-0753.fits 
On File: spec-3686-55268-0754.fits 
On File: spec-3686-55268-0755.fits 
On File: spec-3686-55268-0756.fits 
On File: spec-3686-55268-0757.fits 
On File: spec-3686-55268-0758.fits 
On File: spec-3686-55268-0759.fits 
On File: spec-3686-55268-0760.fits 
On File: spec-3686-55268-0761.fits 
On File: spec-3686-55268-0762.fits 
On File: spec-3686-55268-0763.fits 
On File: spec-3686-55268-0764.fits 
On File: spec-3686-55268-0765.fits 
On File: spec-3686-55268-0766.fits 
On File: spec-3686-55268-0767.fits 
On File: spec-3686-55268-0768.fits 
On File: spec-3686-55268-0769.fits 
On File: spec-3686-55268-0770.fits 
On File: spec-3686-55268-0771.fits 
On File: spec-3686-55268-0772.fits 
On File: spec-3686-55268-0773.fits 
On File: spec-3686-55268-0774.fits 
On File: spec-3686-55268-0775.fits 
On File: spec-3686-55268-0776.fits 
On File: spec-3686-55268-0777.fits 
On File: spec-3686-55268-0778.fits 
On File: spec-3686-55268-0779.fits 
On File: spec-3686-55268-0780.fits 
On File: spec-3686-55268-0781.fits 
On File: spec-3686-55268-0782.fits 
On File: spec-3686-55268-0783.fits 
On File: spec-3686-55268-0784.fits 
On File: spec-3686-55268-0785.fits 
On File: spec-3686-55268-0786.fits 
On File: spec-3686-55268-0787.fits 
On File: spec-3686-55268-0788.fits 
On File: spec-3686-55268-0789.fits 
On File: spec-3686-55268-0790.fits 
On File: spec-3686-55268-0791.fits 
On File: spec-3686-55268-0792.fits 
On File: spec-3686-55268-0793.fits 
On File: spec-3686-55268-0794.fits 
On File: spec-3686-55268-0795.fits 
On File: spec-3686-55268-0796.fits 
On File: spec-3686-55268-0797.fits 
On File: spec-3686-55268-0798.fits 
On File: spec-3686-55268-0799.fits 
On File: spec-3686-55268-0800.fits 
On File: spec-3686-55268-0801.fits 
On File: spec-3686-55268-0802.fits 
On File: spec-3686-55268-0803.fits 
On File: spec-3686-55268-0804.fits 
On File: spec-3686-55268-0805.fits 
On File: spec-3686-55268-0806.fits 
On File: spec-3686-55268-0807.fits 
On File: spec-3686-55268-0808.fits 
On File: spec-3686-55268-0809.fits 
On File: spec-3686-55268-0810.fits 
On File: spec-3686-55268-0811.fits 
On File: spec-3686-55268-0812.fits 
On File: spec-3686-55268-0813.fits 
On File: spec-3686-55268-0814.fits 
On File: spec-3686-55268-0815.fits 
On File: spec-3686-55268-0816.fits 
On File: spec-3686-55268-0817.fits 
On File: spec-3686-55268-0818.fits 
On File: spec-3686-55268-0819.fits 
On File: spec-3686-55268-0820.fits 
On File: spec-3686-55268-0821.fits 
On File: spec-3686-55268-0822.fits 
On File: spec-3686-55268-0823.fits 
On File: spec-3686-55268-0824.fits 
On File: spec-3686-55268-0825.fits 
On File: spec-3686-55268-0826.fits 
On File: spec-3686-55268-0827.fits 
On File: spec-3686-55268-0828.fits 
On File: spec-3686-55268-0829.fits 
On File: spec-3686-55268-0830.fits 
On File: spec-3686-55268-0831.fits 
On File: spec-3686-55268-0832.fits 
On File: spec-3686-55268-0833.fits 
On File: spec-3686-55268-0834.fits 
On File: spec-3686-55268-0835.fits 
On File: spec-3686-55268-0836.fits 
On File: spec-3686-55268-0837.fits 
On File: spec-3686-55268-0838.fits 
On File: spec-3686-55268-0839.fits 
On File: spec-3686-55268-0840.fits 
On File: spec-3686-55268-0841.fits 
On File: spec-3686-55268-0842.fits 
On File: spec-3686-55268-0843.fits 
On File: spec-3686-55268-0844.fits 
On File: spec-3686-55268-0845.fits 
On File: spec-3686-55268-0846.fits 
On File: spec-3686-55268-0847.fits 
On File: spec-3686-55268-0848.fits 
On File: spec-3686-55268-0849.fits 
On File: spec-3686-55268-0850.fits 
On File: spec-3686-55268-0851.fits 
On File: spec-3686-55268-0852.fits 
On File: spec-3686-55268-0853.fits 
On File: spec-3686-55268-0854.fits 
On File: spec-3686-55268-0855.fits 
On File: spec-3686-55268-0856.fits 
On File: spec-3686-55268-0857.fits 
On File: spec-3686-55268-0858.fits 
On File: spec-3686-55268-0859.fits 
On File: spec-3686-55268-0860.fits 
On File: spec-3686-55268-0861.fits 
On File: spec-3686-55268-0862.fits 
On File: spec-3686-55268-0863.fits 
On File: spec-3686-55268-0864.fits 
On File: spec-3686-55268-0865.fits 
On File: spec-3686-55268-0866.fits 
On File: spec-3686-55268-0867.fits 
On File: spec-3686-55268-0868.fits 
On File: spec-3686-55268-0869.fits 
On File: spec-3686-55268-0870.fits 
On File: spec-3686-55268-0871.fits 
On File: spec-3686-55268-0872.fits 
On File: spec-3686-55268-0873.fits 
On File: spec-3686-55268-0874.fits 
On File: spec-3686-55268-0875.fits 
On File: spec-3686-55268-0876.fits 
On File: spec-3686-55268-0877.fits 
On File: spec-3686-55268-0878.fits 
On File: spec-3686-55268-0879.fits 
On File: spec-3686-55268-0880.fits 
On File: spec-3686-55268-0881.fits 
On File: spec-3686-55268-0882.fits 
On File: spec-3686-55268-0883.fits 
On File: spec-3686-55268-0884.fits 
On File: spec-3686-55268-0885.fits 
On File: spec-3686-55268-0886.fits 
On File: spec-3686-55268-0887.fits 
On File: spec-3686-55268-0888.fits 
On File: spec-3686-55268-0889.fits 
On File: spec-3686-55268-0890.fits 
On File: spec-3686-55268-0891.fits 
On File: spec-3686-55268-0892.fits 
On File: spec-3686-55268-0893.fits 
On File: spec-3686-55268-0894.fits 
On File: spec-3686-55268-0895.fits 
On File: spec-3686-55268-0896.fits 
On File: spec-3686-55268-0897.fits 
On File: spec-3686-55268-0898.fits 
On File: spec-3686-55268-0899.fits 
On File: spec-3686-55268-0900.fits 
On File: spec-3686-55268-0901.fits 
On File: spec-3686-55268-0902.fits 
On File: spec-3686-55268-0903.fits 
On File: spec-3686-55268-0904.fits 
On File: spec-3686-55268-0905.fits 
On File: spec-3686-55268-0906.fits 
On File: spec-3686-55268-0907.fits 
On File: spec-3686-55268-0908.fits 
On File: spec-3686-55268-0909.fits 
On File: spec-3686-55268-0910.fits 
On File: spec-3686-55268-0911.fits 
On File: spec-3686-55268-0912.fits 
On File: spec-3686-55268-0913.fits 
On File: spec-3686-55268-0914.fits 
On File: spec-3686-55268-0915.fits 
On File: spec-3686-55268-0916.fits 
On File: spec-3686-55268-0917.fits 
On File: spec-3686-55268-0918.fits 
On File: spec-3686-55268-0919.fits 
On File: spec-3686-55268-0920.fits 
On File: spec-3686-55268-0921.fits 
On File: spec-3686-55268-0922.fits 
On File: spec-3686-55268-0923.fits 
On File: spec-3686-55268-0924.fits 
On File: spec-3686-55268-0925.fits 
On File: spec-3686-55268-0926.fits 
On File: spec-3686-55268-0927.fits 
On File: spec-3686-55268-0928.fits 
On File: spec-3686-55268-0929.fits 
On File: spec-3686-55268-0930.fits 
On File: spec-3686-55268-0931.fits 
On File: spec-3686-55268-0932.fits 
On File: spec-3686-55268-0933.fits 
On File: spec-3686-55268-0934.fits 
On File: spec-3686-55268-0935.fits 
On File: spec-3686-55268-0936.fits 
On File: spec-3686-55268-0937.fits 
On File: spec-3686-55268-0938.fits 
On File: spec-3686-55268-0939.fits 
On File: spec-3686-55268-0940.fits 
On File: spec-3686-55268-0941.fits 
On File: spec-3686-55268-0942.fits 
On File: spec-3686-55268-0943.fits 
On File: spec-3686-55268-0944.fits 
On File: spec-3686-55268-0945.fits 
On File: spec-3686-55268-0946.fits 
On File: spec-3686-55268-0947.fits 
On File: spec-3686-55268-0948.fits 
On File: spec-3686-55268-0949.fits 
On File: spec-3686-55268-0950.fits 
On File: spec-3686-55268-0951.fits 
On File: spec-3686-55268-0952.fits 
On File: spec-3686-55268-0953.fits 
On File: spec-3686-55268-0954.fits 
On File: spec-3686-55268-0955.fits 
On File: spec-3686-55268-0956.fits 
On File: spec-3686-55268-0957.fits 
On File: spec-3686-55268-0958.fits 
On File: spec-3686-55268-0959.fits 
On File: spec-3686-55268-0960.fits 
On File: spec-3686-55268-0961.fits 
On File: spec-3686-55268-0962.fits 
On File: spec-3686-55268-0963.fits 
On File: spec-3686-55268-0964.fits 
On File: spec-3686-55268-0965.fits 
On File: spec-3686-55268-0966.fits 
On File: spec-3686-55268-0967.fits 
On File: spec-3686-55268-0968.fits 
On File: spec-3686-55268-0969.fits 
On File: spec-3686-55268-0970.fits 
On File: spec-3686-55268-0971.fits 
On File: spec-3686-55268-0972.fits 
On File: spec-3686-55268-0973.fits 
On File: spec-3686-55268-0974.fits 
On File: spec-3686-55268-0975.fits 
On File: spec-3686-55268-0976.fits 
On File: spec-3686-55268-0977.fits 
On File: spec-3686-55268-0978.fits 
On File: spec-3686-55268-0979.fits 
On File: spec-3686-55268-0980.fits 
On File: spec-3686-55268-0981.fits 
On File: spec-3686-55268-0982.fits 
On File: spec-3686-55268-0983.fits 
On File: spec-3686-55268-0984.fits 
On File: spec-3686-55268-0985.fits 
On File: spec-3686-55268-0986.fits 
On File: spec-3686-55268-0987.fits 
On File: spec-3686-55268-0988.fits 
On File: spec-3686-55268-0989.fits 
On File: spec-3686-55268-0990.fits 
On File: spec-3686-55268-0991.fits 
On File: spec-3686-55268-0992.fits 
On File: spec-3686-55268-0993.fits 
On File: spec-3686-55268-0994.fits 
On File: spec-3686-55268-0995.fits 
On File: spec-3686-55268-0996.fits 
On File: spec-3686-55268-0997.fits 
On File: spec-3686-55268-0998.fits 
On File: spec-3686-55268-0999.fits 
On File: spec-3686-55268-1000.fits 
[1] "Job Complete!"
