Unpacking R413.tar.gz ...
Unpacking packages_FITSio.tar.gz ...
Unpacking current *.tgz file
[1] "Initializing Console ..."
[1] "Inputing command line prompts ..."
[1] "Loading package FITSio."
[1] "Reading cB58_Lyman_break.fit ..."
[1] "Starting main process ..."
On File: spec-3609-55201-0001.fits 
On File: spec-3609-55201-0002.fits 
On File: spec-3609-55201-0003.fits 
On File: spec-3609-55201-0004.fits 
On File: spec-3609-55201-0005.fits 
On File: spec-3609-55201-0006.fits 
On File: spec-3609-55201-0007.fits 
On File: spec-3609-55201-0008.fits 
On File: spec-3609-55201-0009.fits 
On File: spec-3609-55201-0010.fits 
On File: spec-3609-55201-0011.fits 
On File: spec-3609-55201-0012.fits 
On File: spec-3609-55201-0013.fits 
On File: spec-3609-55201-0014.fits 
On File: spec-3609-55201-0015.fits 
On File: spec-3609-55201-0016.fits 
On File: spec-3609-55201-0017.fits 
On File: spec-3609-55201-0018.fits 
On File: spec-3609-55201-0019.fits 
On File: spec-3609-55201-0020.fits 
On File: spec-3609-55201-0021.fits 
On File: spec-3609-55201-0022.fits 
On File: spec-3609-55201-0023.fits 
On File: spec-3609-55201-0024.fits 
On File: spec-3609-55201-0025.fits 
On File: spec-3609-55201-0026.fits 
On File: spec-3609-55201-0027.fits 
On File: spec-3609-55201-0028.fits 
On File: spec-3609-55201-0029.fits 
On File: spec-3609-55201-0030.fits 
On File: spec-3609-55201-0031.fits 
On File: spec-3609-55201-0032.fits 
On File: spec-3609-55201-0033.fits 
On File: spec-3609-55201-0034.fits 
On File: spec-3609-55201-0035.fits 
On File: spec-3609-55201-0036.fits 
On File: spec-3609-55201-0037.fits 
On File: spec-3609-55201-0038.fits 
On File: spec-3609-55201-0039.fits 
On File: spec-3609-55201-0040.fits 
On File: spec-3609-55201-0041.fits 
On File: spec-3609-55201-0042.fits 
On File: spec-3609-55201-0043.fits 
On File: spec-3609-55201-0044.fits 
On File: spec-3609-55201-0045.fits 
On File: spec-3609-55201-0046.fits 
On File: spec-3609-55201-0047.fits 
On File: spec-3609-55201-0048.fits 
On File: spec-3609-55201-0049.fits 
On File: spec-3609-55201-0050.fits 
On File: spec-3609-55201-0051.fits 
On File: spec-3609-55201-0052.fits 
On File: spec-3609-55201-0053.fits 
On File: spec-3609-55201-0054.fits 
On File: spec-3609-55201-0055.fits 
On File: spec-3609-55201-0056.fits 
On File: spec-3609-55201-0057.fits 
On File: spec-3609-55201-0058.fits 
On File: spec-3609-55201-0059.fits 
On File: spec-3609-55201-0060.fits 
On File: spec-3609-55201-0061.fits 
On File: spec-3609-55201-0062.fits 
On File: spec-3609-55201-0063.fits 
On File: spec-3609-55201-0064.fits 
On File: spec-3609-55201-0065.fits 
On File: spec-3609-55201-0066.fits 
On File: spec-3609-55201-0067.fits 
On File: spec-3609-55201-0068.fits 
On File: spec-3609-55201-0069.fits 
On File: spec-3609-55201-0070.fits 
On File: spec-3609-55201-0071.fits 
On File: spec-3609-55201-0072.fits 
On File: spec-3609-55201-0073.fits 
On File: spec-3609-55201-0074.fits 
On File: spec-3609-55201-0075.fits 
On File: spec-3609-55201-0076.fits 
On File: spec-3609-55201-0077.fits 
On File: spec-3609-55201-0078.fits 
On File: spec-3609-55201-0079.fits 
On File: spec-3609-55201-0080.fits 
On File: spec-3609-55201-0081.fits 
On File: spec-3609-55201-0082.fits 
On File: spec-3609-55201-0083.fits 
On File: spec-3609-55201-0084.fits 
On File: spec-3609-55201-0085.fits 
On File: spec-3609-55201-0086.fits 
On File: spec-3609-55201-0087.fits 
On File: spec-3609-55201-0088.fits 
On File: spec-3609-55201-0089.fits 
On File: spec-3609-55201-0090.fits 
On File: spec-3609-55201-0091.fits 
On File: spec-3609-55201-0092.fits 
On File: spec-3609-55201-0093.fits 
On File: spec-3609-55201-0094.fits 
On File: spec-3609-55201-0095.fits 
On File: spec-3609-55201-0096.fits 
On File: spec-3609-55201-0097.fits 
On File: spec-3609-55201-0098.fits 
On File: spec-3609-55201-0099.fits 
On File: spec-3609-55201-0100.fits 
On File: spec-3609-55201-0101.fits 
On File: spec-3609-55201-0102.fits 
On File: spec-3609-55201-0103.fits 
On File: spec-3609-55201-0104.fits 
On File: spec-3609-55201-0105.fits 
On File: spec-3609-55201-0106.fits 
On File: spec-3609-55201-0107.fits 
On File: spec-3609-55201-0108.fits 
On File: spec-3609-55201-0109.fits 
On File: spec-3609-55201-0110.fits 
On File: spec-3609-55201-0111.fits 
On File: spec-3609-55201-0112.fits 
On File: spec-3609-55201-0113.fits 
On File: spec-3609-55201-0114.fits 
On File: spec-3609-55201-0115.fits 
On File: spec-3609-55201-0116.fits 
On File: spec-3609-55201-0117.fits 
On File: spec-3609-55201-0118.fits 
On File: spec-3609-55201-0119.fits 
On File: spec-3609-55201-0120.fits 
On File: spec-3609-55201-0121.fits 
On File: spec-3609-55201-0122.fits 
On File: spec-3609-55201-0123.fits 
On File: spec-3609-55201-0124.fits 
On File: spec-3609-55201-0125.fits 
On File: spec-3609-55201-0126.fits 
On File: spec-3609-55201-0127.fits 
On File: spec-3609-55201-0128.fits 
On File: spec-3609-55201-0129.fits 
On File: spec-3609-55201-0130.fits 
On File: spec-3609-55201-0131.fits 
On File: spec-3609-55201-0132.fits 
On File: spec-3609-55201-0133.fits 
On File: spec-3609-55201-0134.fits 
On File: spec-3609-55201-0135.fits 
On File: spec-3609-55201-0136.fits 
On File: spec-3609-55201-0137.fits 
On File: spec-3609-55201-0138.fits 
On File: spec-3609-55201-0139.fits 
On File: spec-3609-55201-0140.fits 
On File: spec-3609-55201-0141.fits 
On File: spec-3609-55201-0142.fits 
On File: spec-3609-55201-0143.fits 
On File: spec-3609-55201-0144.fits 
On File: spec-3609-55201-0145.fits 
On File: spec-3609-55201-0146.fits 
On File: spec-3609-55201-0147.fits 
On File: spec-3609-55201-0148.fits 
On File: spec-3609-55201-0149.fits 
On File: spec-3609-55201-0150.fits 
On File: spec-3609-55201-0151.fits 
On File: spec-3609-55201-0152.fits 
On File: spec-3609-55201-0153.fits 
On File: spec-3609-55201-0154.fits 
On File: spec-3609-55201-0155.fits 
On File: spec-3609-55201-0156.fits 
On File: spec-3609-55201-0157.fits 
On File: spec-3609-55201-0158.fits 
On File: spec-3609-55201-0159.fits 
On File: spec-3609-55201-0160.fits 
On File: spec-3609-55201-0161.fits 
On File: spec-3609-55201-0162.fits 
On File: spec-3609-55201-0163.fits 
On File: spec-3609-55201-0164.fits 
On File: spec-3609-55201-0165.fits 
On File: spec-3609-55201-0166.fits 
On File: spec-3609-55201-0167.fits 
On File: spec-3609-55201-0168.fits 
On File: spec-3609-55201-0169.fits 
On File: spec-3609-55201-0170.fits 
On File: spec-3609-55201-0171.fits 
On File: spec-3609-55201-0172.fits 
On File: spec-3609-55201-0173.fits 
On File: spec-3609-55201-0174.fits 
On File: spec-3609-55201-0175.fits 
On File: spec-3609-55201-0176.fits 
On File: spec-3609-55201-0177.fits 
On File: spec-3609-55201-0178.fits 
On File: spec-3609-55201-0179.fits 
On File: spec-3609-55201-0180.fits 
On File: spec-3609-55201-0181.fits 
On File: spec-3609-55201-0182.fits 
On File: spec-3609-55201-0183.fits 
On File: spec-3609-55201-0184.fits 
On File: spec-3609-55201-0185.fits 
On File: spec-3609-55201-0186.fits 
On File: spec-3609-55201-0187.fits 
On File: spec-3609-55201-0188.fits 
On File: spec-3609-55201-0189.fits 
On File: spec-3609-55201-0190.fits 
On File: spec-3609-55201-0191.fits 
On File: spec-3609-55201-0192.fits 
On File: spec-3609-55201-0193.fits 
On File: spec-3609-55201-0194.fits 
On File: spec-3609-55201-0195.fits 
On File: spec-3609-55201-0196.fits 
On File: spec-3609-55201-0197.fits 
On File: spec-3609-55201-0198.fits 
On File: spec-3609-55201-0199.fits 
On File: spec-3609-55201-0200.fits 
On File: spec-3609-55201-0201.fits 
On File: spec-3609-55201-0202.fits 
On File: spec-3609-55201-0203.fits 
On File: spec-3609-55201-0204.fits 
On File: spec-3609-55201-0205.fits 
On File: spec-3609-55201-0206.fits 
On File: spec-3609-55201-0207.fits 
On File: spec-3609-55201-0208.fits 
On File: spec-3609-55201-0209.fits 
On File: spec-3609-55201-0210.fits 
On File: spec-3609-55201-0211.fits 
On File: spec-3609-55201-0212.fits 
On File: spec-3609-55201-0213.fits 
On File: spec-3609-55201-0214.fits 
On File: spec-3609-55201-0215.fits 
On File: spec-3609-55201-0216.fits 
On File: spec-3609-55201-0217.fits 
On File: spec-3609-55201-0218.fits 
On File: spec-3609-55201-0219.fits 
On File: spec-3609-55201-0220.fits 
On File: spec-3609-55201-0221.fits 
On File: spec-3609-55201-0222.fits 
On File: spec-3609-55201-0223.fits 
On File: spec-3609-55201-0224.fits 
On File: spec-3609-55201-0225.fits 
On File: spec-3609-55201-0226.fits 
On File: spec-3609-55201-0227.fits 
On File: spec-3609-55201-0228.fits 
On File: spec-3609-55201-0229.fits 
On File: spec-3609-55201-0230.fits 
On File: spec-3609-55201-0231.fits 
On File: spec-3609-55201-0232.fits 
On File: spec-3609-55201-0233.fits 
On File: spec-3609-55201-0234.fits 
On File: spec-3609-55201-0235.fits 
On File: spec-3609-55201-0236.fits 
On File: spec-3609-55201-0237.fits 
On File: spec-3609-55201-0238.fits 
On File: spec-3609-55201-0239.fits 
On File: spec-3609-55201-0240.fits 
On File: spec-3609-55201-0241.fits 
On File: spec-3609-55201-0242.fits 
On File: spec-3609-55201-0243.fits 
On File: spec-3609-55201-0244.fits 
On File: spec-3609-55201-0245.fits 
On File: spec-3609-55201-0246.fits 
On File: spec-3609-55201-0247.fits 
On File: spec-3609-55201-0248.fits 
On File: spec-3609-55201-0249.fits 
On File: spec-3609-55201-0250.fits 
On File: spec-3609-55201-0251.fits 
On File: spec-3609-55201-0252.fits 
On File: spec-3609-55201-0253.fits 
On File: spec-3609-55201-0254.fits 
On File: spec-3609-55201-0255.fits 
On File: spec-3609-55201-0256.fits 
On File: spec-3609-55201-0257.fits 
On File: spec-3609-55201-0258.fits 
On File: spec-3609-55201-0259.fits 
On File: spec-3609-55201-0260.fits 
On File: spec-3609-55201-0261.fits 
On File: spec-3609-55201-0262.fits 
On File: spec-3609-55201-0263.fits 
On File: spec-3609-55201-0264.fits 
On File: spec-3609-55201-0265.fits 
On File: spec-3609-55201-0266.fits 
On File: spec-3609-55201-0267.fits 
On File: spec-3609-55201-0268.fits 
On File: spec-3609-55201-0269.fits 
On File: spec-3609-55201-0270.fits 
On File: spec-3609-55201-0271.fits 
On File: spec-3609-55201-0272.fits 
On File: spec-3609-55201-0273.fits 
On File: spec-3609-55201-0274.fits 
On File: spec-3609-55201-0275.fits 
On File: spec-3609-55201-0276.fits 
On File: spec-3609-55201-0277.fits 
On File: spec-3609-55201-0278.fits 
On File: spec-3609-55201-0279.fits 
On File: spec-3609-55201-0280.fits 
On File: spec-3609-55201-0281.fits 
On File: spec-3609-55201-0282.fits 
On File: spec-3609-55201-0283.fits 
On File: spec-3609-55201-0284.fits 
On File: spec-3609-55201-0285.fits 
On File: spec-3609-55201-0286.fits 
On File: spec-3609-55201-0287.fits 
On File: spec-3609-55201-0288.fits 
On File: spec-3609-55201-0289.fits 
On File: spec-3609-55201-0290.fits 
On File: spec-3609-55201-0291.fits 
On File: spec-3609-55201-0292.fits 
On File: spec-3609-55201-0293.fits 
On File: spec-3609-55201-0294.fits 
On File: spec-3609-55201-0295.fits 
On File: spec-3609-55201-0296.fits 
On File: spec-3609-55201-0297.fits 
On File: spec-3609-55201-0298.fits 
On File: spec-3609-55201-0299.fits 
On File: spec-3609-55201-0300.fits 
On File: spec-3609-55201-0301.fits 
On File: spec-3609-55201-0302.fits 
On File: spec-3609-55201-0303.fits 
On File: spec-3609-55201-0304.fits 
On File: spec-3609-55201-0305.fits 
On File: spec-3609-55201-0306.fits 
On File: spec-3609-55201-0307.fits 
On File: spec-3609-55201-0308.fits 
On File: spec-3609-55201-0309.fits 
On File: spec-3609-55201-0310.fits 
On File: spec-3609-55201-0311.fits 
On File: spec-3609-55201-0312.fits 
On File: spec-3609-55201-0313.fits 
On File: spec-3609-55201-0314.fits 
On File: spec-3609-55201-0315.fits 
On File: spec-3609-55201-0316.fits 
On File: spec-3609-55201-0317.fits 
On File: spec-3609-55201-0318.fits 
On File: spec-3609-55201-0319.fits 
On File: spec-3609-55201-0320.fits 
On File: spec-3609-55201-0321.fits 
On File: spec-3609-55201-0322.fits 
On File: spec-3609-55201-0323.fits 
On File: spec-3609-55201-0324.fits 
On File: spec-3609-55201-0325.fits 
On File: spec-3609-55201-0326.fits 
On File: spec-3609-55201-0327.fits 
On File: spec-3609-55201-0328.fits 
On File: spec-3609-55201-0329.fits 
On File: spec-3609-55201-0330.fits 
On File: spec-3609-55201-0331.fits 
On File: spec-3609-55201-0332.fits 
On File: spec-3609-55201-0333.fits 
On File: spec-3609-55201-0334.fits 
On File: spec-3609-55201-0335.fits 
On File: spec-3609-55201-0336.fits 
On File: spec-3609-55201-0337.fits 
On File: spec-3609-55201-0338.fits 
On File: spec-3609-55201-0339.fits 
On File: spec-3609-55201-0340.fits 
On File: spec-3609-55201-0341.fits 
On File: spec-3609-55201-0342.fits 
On File: spec-3609-55201-0343.fits 
On File: spec-3609-55201-0344.fits 
On File: spec-3609-55201-0345.fits 
On File: spec-3609-55201-0346.fits 
On File: spec-3609-55201-0347.fits 
On File: spec-3609-55201-0348.fits 
On File: spec-3609-55201-0349.fits 
On File: spec-3609-55201-0350.fits 
On File: spec-3609-55201-0351.fits 
On File: spec-3609-55201-0352.fits 
On File: spec-3609-55201-0353.fits 
On File: spec-3609-55201-0354.fits 
On File: spec-3609-55201-0355.fits 
On File: spec-3609-55201-0356.fits 
On File: spec-3609-55201-0357.fits 
On File: spec-3609-55201-0358.fits 
On File: spec-3609-55201-0359.fits 
On File: spec-3609-55201-0360.fits 
On File: spec-3609-55201-0361.fits 
On File: spec-3609-55201-0362.fits 
On File: spec-3609-55201-0363.fits 
On File: spec-3609-55201-0364.fits 
On File: spec-3609-55201-0365.fits 
On File: spec-3609-55201-0366.fits 
On File: spec-3609-55201-0367.fits 
On File: spec-3609-55201-0368.fits 
On File: spec-3609-55201-0369.fits 
On File: spec-3609-55201-0370.fits 
On File: spec-3609-55201-0371.fits 
On File: spec-3609-55201-0372.fits 
On File: spec-3609-55201-0373.fits 
On File: spec-3609-55201-0374.fits 
On File: spec-3609-55201-0375.fits 
On File: spec-3609-55201-0376.fits 
On File: spec-3609-55201-0377.fits 
On File: spec-3609-55201-0378.fits 
On File: spec-3609-55201-0379.fits 
On File: spec-3609-55201-0380.fits 
On File: spec-3609-55201-0381.fits 
On File: spec-3609-55201-0382.fits 
On File: spec-3609-55201-0383.fits 
On File: spec-3609-55201-0384.fits 
On File: spec-3609-55201-0385.fits 
On File: spec-3609-55201-0386.fits 
On File: spec-3609-55201-0387.fits 
On File: spec-3609-55201-0388.fits 
On File: spec-3609-55201-0389.fits 
On File: spec-3609-55201-0390.fits 
On File: spec-3609-55201-0391.fits 
On File: spec-3609-55201-0392.fits 
On File: spec-3609-55201-0393.fits 
On File: spec-3609-55201-0394.fits 
On File: spec-3609-55201-0395.fits 
On File: spec-3609-55201-0396.fits 
On File: spec-3609-55201-0397.fits 
On File: spec-3609-55201-0398.fits 
On File: spec-3609-55201-0399.fits 
On File: spec-3609-55201-0400.fits 
On File: spec-3609-55201-0401.fits 
On File: spec-3609-55201-0402.fits 
On File: spec-3609-55201-0403.fits 
On File: spec-3609-55201-0404.fits 
On File: spec-3609-55201-0405.fits 
On File: spec-3609-55201-0406.fits 
On File: spec-3609-55201-0407.fits 
On File: spec-3609-55201-0408.fits 
On File: spec-3609-55201-0409.fits 
On File: spec-3609-55201-0410.fits 
On File: spec-3609-55201-0411.fits 
On File: spec-3609-55201-0412.fits 
On File: spec-3609-55201-0413.fits 
On File: spec-3609-55201-0414.fits 
On File: spec-3609-55201-0415.fits 
On File: spec-3609-55201-0416.fits 
On File: spec-3609-55201-0417.fits 
On File: spec-3609-55201-0418.fits 
On File: spec-3609-55201-0419.fits 
On File: spec-3609-55201-0420.fits 
On File: spec-3609-55201-0421.fits 
On File: spec-3609-55201-0422.fits 
On File: spec-3609-55201-0423.fits 
On File: spec-3609-55201-0424.fits 
On File: spec-3609-55201-0425.fits 
On File: spec-3609-55201-0426.fits 
On File: spec-3609-55201-0427.fits 
On File: spec-3609-55201-0428.fits 
On File: spec-3609-55201-0429.fits 
On File: spec-3609-55201-0430.fits 
On File: spec-3609-55201-0431.fits 
On File: spec-3609-55201-0432.fits 
On File: spec-3609-55201-0433.fits 
On File: spec-3609-55201-0434.fits 
On File: spec-3609-55201-0435.fits 
On File: spec-3609-55201-0436.fits 
On File: spec-3609-55201-0437.fits 
On File: spec-3609-55201-0438.fits 
On File: spec-3609-55201-0439.fits 
On File: spec-3609-55201-0440.fits 
On File: spec-3609-55201-0441.fits 
On File: spec-3609-55201-0442.fits 
On File: spec-3609-55201-0443.fits 
On File: spec-3609-55201-0444.fits 
On File: spec-3609-55201-0445.fits 
On File: spec-3609-55201-0446.fits 
On File: spec-3609-55201-0447.fits 
On File: spec-3609-55201-0448.fits 
On File: spec-3609-55201-0449.fits 
On File: spec-3609-55201-0450.fits 
On File: spec-3609-55201-0451.fits 
On File: spec-3609-55201-0452.fits 
On File: spec-3609-55201-0453.fits 
On File: spec-3609-55201-0454.fits 
On File: spec-3609-55201-0455.fits 
On File: spec-3609-55201-0456.fits 
On File: spec-3609-55201-0457.fits 
On File: spec-3609-55201-0458.fits 
On File: spec-3609-55201-0459.fits 
On File: spec-3609-55201-0460.fits 
On File: spec-3609-55201-0461.fits 
On File: spec-3609-55201-0462.fits 
On File: spec-3609-55201-0463.fits 
On File: spec-3609-55201-0464.fits 
On File: spec-3609-55201-0465.fits 
On File: spec-3609-55201-0466.fits 
On File: spec-3609-55201-0467.fits 
On File: spec-3609-55201-0468.fits 
On File: spec-3609-55201-0469.fits 
On File: spec-3609-55201-0470.fits 
On File: spec-3609-55201-0471.fits 
On File: spec-3609-55201-0472.fits 
On File: spec-3609-55201-0473.fits 
On File: spec-3609-55201-0474.fits 
On File: spec-3609-55201-0475.fits 
On File: spec-3609-55201-0476.fits 
On File: spec-3609-55201-0477.fits 
On File: spec-3609-55201-0478.fits 
On File: spec-3609-55201-0479.fits 
On File: spec-3609-55201-0480.fits 
On File: spec-3609-55201-0481.fits 
On File: spec-3609-55201-0482.fits 
On File: spec-3609-55201-0483.fits 
On File: spec-3609-55201-0484.fits 
On File: spec-3609-55201-0485.fits 
On File: spec-3609-55201-0486.fits 
On File: spec-3609-55201-0487.fits 
On File: spec-3609-55201-0488.fits 
On File: spec-3609-55201-0489.fits 
On File: spec-3609-55201-0490.fits 
On File: spec-3609-55201-0491.fits 
On File: spec-3609-55201-0492.fits 
On File: spec-3609-55201-0493.fits 
On File: spec-3609-55201-0494.fits 
On File: spec-3609-55201-0495.fits 
On File: spec-3609-55201-0496.fits 
On File: spec-3609-55201-0497.fits 
On File: spec-3609-55201-0498.fits 
On File: spec-3609-55201-0499.fits 
On File: spec-3609-55201-0500.fits 
On File: spec-3609-55201-0501.fits 
On File: spec-3609-55201-0502.fits 
On File: spec-3609-55201-0503.fits 
On File: spec-3609-55201-0504.fits 
On File: spec-3609-55201-0505.fits 
On File: spec-3609-55201-0506.fits 
On File: spec-3609-55201-0507.fits 
On File: spec-3609-55201-0508.fits 
On File: spec-3609-55201-0509.fits 
On File: spec-3609-55201-0510.fits 
On File: spec-3609-55201-0511.fits 
On File: spec-3609-55201-0512.fits 
On File: spec-3609-55201-0513.fits 
On File: spec-3609-55201-0514.fits 
On File: spec-3609-55201-0515.fits 
On File: spec-3609-55201-0516.fits 
On File: spec-3609-55201-0517.fits 
On File: spec-3609-55201-0518.fits 
On File: spec-3609-55201-0519.fits 
On File: spec-3609-55201-0520.fits 
On File: spec-3609-55201-0521.fits 
On File: spec-3609-55201-0522.fits 
On File: spec-3609-55201-0523.fits 
On File: spec-3609-55201-0524.fits 
On File: spec-3609-55201-0525.fits 
On File: spec-3609-55201-0526.fits 
On File: spec-3609-55201-0527.fits 
On File: spec-3609-55201-0528.fits 
On File: spec-3609-55201-0529.fits 
On File: spec-3609-55201-0530.fits 
On File: spec-3609-55201-0531.fits 
On File: spec-3609-55201-0532.fits 
On File: spec-3609-55201-0533.fits 
On File: spec-3609-55201-0534.fits 
On File: spec-3609-55201-0535.fits 
On File: spec-3609-55201-0536.fits 
On File: spec-3609-55201-0537.fits 
On File: spec-3609-55201-0538.fits 
On File: spec-3609-55201-0539.fits 
On File: spec-3609-55201-0540.fits 
On File: spec-3609-55201-0541.fits 
On File: spec-3609-55201-0542.fits 
On File: spec-3609-55201-0543.fits 
On File: spec-3609-55201-0544.fits 
On File: spec-3609-55201-0545.fits 
On File: spec-3609-55201-0546.fits 
On File: spec-3609-55201-0547.fits 
On File: spec-3609-55201-0548.fits 
On File: spec-3609-55201-0549.fits 
On File: spec-3609-55201-0550.fits 
On File: spec-3609-55201-0551.fits 
On File: spec-3609-55201-0552.fits 
On File: spec-3609-55201-0553.fits 
On File: spec-3609-55201-0554.fits 
On File: spec-3609-55201-0555.fits 
On File: spec-3609-55201-0556.fits 
On File: spec-3609-55201-0557.fits 
On File: spec-3609-55201-0558.fits 
On File: spec-3609-55201-0559.fits 
On File: spec-3609-55201-0560.fits 
On File: spec-3609-55201-0561.fits 
On File: spec-3609-55201-0562.fits 
On File: spec-3609-55201-0563.fits 
On File: spec-3609-55201-0564.fits 
On File: spec-3609-55201-0565.fits 
On File: spec-3609-55201-0566.fits 
On File: spec-3609-55201-0567.fits 
On File: spec-3609-55201-0568.fits 
On File: spec-3609-55201-0569.fits 
On File: spec-3609-55201-0570.fits 
On File: spec-3609-55201-0571.fits 
On File: spec-3609-55201-0572.fits 
On File: spec-3609-55201-0573.fits 
On File: spec-3609-55201-0574.fits 
On File: spec-3609-55201-0575.fits 
On File: spec-3609-55201-0576.fits 
On File: spec-3609-55201-0577.fits 
On File: spec-3609-55201-0578.fits 
On File: spec-3609-55201-0579.fits 
On File: spec-3609-55201-0580.fits 
On File: spec-3609-55201-0581.fits 
On File: spec-3609-55201-0582.fits 
On File: spec-3609-55201-0583.fits 
On File: spec-3609-55201-0584.fits 
On File: spec-3609-55201-0585.fits 
On File: spec-3609-55201-0586.fits 
On File: spec-3609-55201-0587.fits 
On File: spec-3609-55201-0588.fits 
On File: spec-3609-55201-0589.fits 
On File: spec-3609-55201-0590.fits 
On File: spec-3609-55201-0591.fits 
On File: spec-3609-55201-0592.fits 
On File: spec-3609-55201-0593.fits 
On File: spec-3609-55201-0594.fits 
On File: spec-3609-55201-0595.fits 
On File: spec-3609-55201-0596.fits 
On File: spec-3609-55201-0597.fits 
On File: spec-3609-55201-0598.fits 
On File: spec-3609-55201-0599.fits 
On File: spec-3609-55201-0600.fits 
On File: spec-3609-55201-0601.fits 
On File: spec-3609-55201-0602.fits 
On File: spec-3609-55201-0603.fits 
On File: spec-3609-55201-0604.fits 
On File: spec-3609-55201-0605.fits 
On File: spec-3609-55201-0606.fits 
On File: spec-3609-55201-0607.fits 
On File: spec-3609-55201-0608.fits 
On File: spec-3609-55201-0609.fits 
On File: spec-3609-55201-0610.fits 
On File: spec-3609-55201-0611.fits 
On File: spec-3609-55201-0612.fits 
On File: spec-3609-55201-0613.fits 
On File: spec-3609-55201-0614.fits 
On File: spec-3609-55201-0615.fits 
On File: spec-3609-55201-0616.fits 
On File: spec-3609-55201-0617.fits 
On File: spec-3609-55201-0618.fits 
On File: spec-3609-55201-0619.fits 
On File: spec-3609-55201-0620.fits 
On File: spec-3609-55201-0621.fits 
On File: spec-3609-55201-0622.fits 
On File: spec-3609-55201-0623.fits 
On File: spec-3609-55201-0624.fits 
On File: spec-3609-55201-0625.fits 
On File: spec-3609-55201-0626.fits 
On File: spec-3609-55201-0627.fits 
On File: spec-3609-55201-0628.fits 
On File: spec-3609-55201-0629.fits 
On File: spec-3609-55201-0630.fits 
On File: spec-3609-55201-0631.fits 
On File: spec-3609-55201-0632.fits 
On File: spec-3609-55201-0633.fits 
On File: spec-3609-55201-0634.fits 
On File: spec-3609-55201-0635.fits 
On File: spec-3609-55201-0636.fits 
On File: spec-3609-55201-0637.fits 
On File: spec-3609-55201-0638.fits 
On File: spec-3609-55201-0639.fits 
On File: spec-3609-55201-0640.fits 
On File: spec-3609-55201-0641.fits 
On File: spec-3609-55201-0642.fits 
On File: spec-3609-55201-0643.fits 
On File: spec-3609-55201-0644.fits 
On File: spec-3609-55201-0645.fits 
On File: spec-3609-55201-0646.fits 
On File: spec-3609-55201-0647.fits 
On File: spec-3609-55201-0648.fits 
On File: spec-3609-55201-0649.fits 
On File: spec-3609-55201-0650.fits 
On File: spec-3609-55201-0651.fits 
On File: spec-3609-55201-0652.fits 
On File: spec-3609-55201-0653.fits 
On File: spec-3609-55201-0654.fits 
On File: spec-3609-55201-0655.fits 
On File: spec-3609-55201-0656.fits 
On File: spec-3609-55201-0657.fits 
On File: spec-3609-55201-0658.fits 
On File: spec-3609-55201-0659.fits 
On File: spec-3609-55201-0660.fits 
On File: spec-3609-55201-0661.fits 
On File: spec-3609-55201-0662.fits 
On File: spec-3609-55201-0663.fits 
On File: spec-3609-55201-0664.fits 
On File: spec-3609-55201-0665.fits 
On File: spec-3609-55201-0666.fits 
On File: spec-3609-55201-0667.fits 
On File: spec-3609-55201-0668.fits 
On File: spec-3609-55201-0669.fits 
On File: spec-3609-55201-0670.fits 
On File: spec-3609-55201-0671.fits 
On File: spec-3609-55201-0672.fits 
On File: spec-3609-55201-0673.fits 
On File: spec-3609-55201-0674.fits 
On File: spec-3609-55201-0675.fits 
On File: spec-3609-55201-0676.fits 
On File: spec-3609-55201-0677.fits 
On File: spec-3609-55201-0678.fits 
On File: spec-3609-55201-0679.fits 
On File: spec-3609-55201-0680.fits 
On File: spec-3609-55201-0681.fits 
On File: spec-3609-55201-0682.fits 
On File: spec-3609-55201-0683.fits 
On File: spec-3609-55201-0684.fits 
On File: spec-3609-55201-0685.fits 
On File: spec-3609-55201-0686.fits 
On File: spec-3609-55201-0687.fits 
On File: spec-3609-55201-0688.fits 
On File: spec-3609-55201-0689.fits 
On File: spec-3609-55201-0690.fits 
On File: spec-3609-55201-0691.fits 
On File: spec-3609-55201-0692.fits 
On File: spec-3609-55201-0693.fits 
On File: spec-3609-55201-0694.fits 
On File: spec-3609-55201-0695.fits 
On File: spec-3609-55201-0696.fits 
On File: spec-3609-55201-0697.fits 
On File: spec-3609-55201-0698.fits 
On File: spec-3609-55201-0699.fits 
On File: spec-3609-55201-0700.fits 
On File: spec-3609-55201-0701.fits 
On File: spec-3609-55201-0702.fits 
On File: spec-3609-55201-0703.fits 
On File: spec-3609-55201-0704.fits 
On File: spec-3609-55201-0705.fits 
On File: spec-3609-55201-0706.fits 
On File: spec-3609-55201-0707.fits 
On File: spec-3609-55201-0708.fits 
On File: spec-3609-55201-0709.fits 
On File: spec-3609-55201-0710.fits 
On File: spec-3609-55201-0711.fits 
On File: spec-3609-55201-0712.fits 
On File: spec-3609-55201-0713.fits 
On File: spec-3609-55201-0714.fits 
On File: spec-3609-55201-0715.fits 
On File: spec-3609-55201-0716.fits 
On File: spec-3609-55201-0717.fits 
On File: spec-3609-55201-0718.fits 
On File: spec-3609-55201-0719.fits 
On File: spec-3609-55201-0720.fits 
On File: spec-3609-55201-0721.fits 
On File: spec-3609-55201-0722.fits 
On File: spec-3609-55201-0723.fits 
On File: spec-3609-55201-0724.fits 
On File: spec-3609-55201-0725.fits 
On File: spec-3609-55201-0726.fits 
On File: spec-3609-55201-0727.fits 
On File: spec-3609-55201-0728.fits 
On File: spec-3609-55201-0729.fits 
On File: spec-3609-55201-0730.fits 
On File: spec-3609-55201-0731.fits 
On File: spec-3609-55201-0732.fits 
On File: spec-3609-55201-0733.fits 
On File: spec-3609-55201-0734.fits 
On File: spec-3609-55201-0735.fits 
On File: spec-3609-55201-0736.fits 
On File: spec-3609-55201-0737.fits 
On File: spec-3609-55201-0738.fits 
On File: spec-3609-55201-0739.fits 
On File: spec-3609-55201-0740.fits 
On File: spec-3609-55201-0741.fits 
On File: spec-3609-55201-0742.fits 
On File: spec-3609-55201-0743.fits 
On File: spec-3609-55201-0744.fits 
On File: spec-3609-55201-0745.fits 
On File: spec-3609-55201-0746.fits 
On File: spec-3609-55201-0747.fits 
On File: spec-3609-55201-0748.fits 
On File: spec-3609-55201-0749.fits 
On File: spec-3609-55201-0750.fits 
On File: spec-3609-55201-0751.fits 
On File: spec-3609-55201-0752.fits 
On File: spec-3609-55201-0753.fits 
On File: spec-3609-55201-0754.fits 
On File: spec-3609-55201-0755.fits 
On File: spec-3609-55201-0756.fits 
On File: spec-3609-55201-0757.fits 
On File: spec-3609-55201-0758.fits 
On File: spec-3609-55201-0759.fits 
On File: spec-3609-55201-0760.fits 
On File: spec-3609-55201-0761.fits 
On File: spec-3609-55201-0762.fits 
On File: spec-3609-55201-0763.fits 
On File: spec-3609-55201-0764.fits 
On File: spec-3609-55201-0765.fits 
On File: spec-3609-55201-0766.fits 
On File: spec-3609-55201-0767.fits 
On File: spec-3609-55201-0768.fits 
On File: spec-3609-55201-0769.fits 
On File: spec-3609-55201-0770.fits 
On File: spec-3609-55201-0771.fits 
On File: spec-3609-55201-0772.fits 
On File: spec-3609-55201-0773.fits 
On File: spec-3609-55201-0774.fits 
On File: spec-3609-55201-0775.fits 
On File: spec-3609-55201-0776.fits 
On File: spec-3609-55201-0777.fits 
On File: spec-3609-55201-0778.fits 
On File: spec-3609-55201-0779.fits 
On File: spec-3609-55201-0780.fits 
On File: spec-3609-55201-0781.fits 
On File: spec-3609-55201-0782.fits 
On File: spec-3609-55201-0783.fits 
On File: spec-3609-55201-0784.fits 
On File: spec-3609-55201-0785.fits 
On File: spec-3609-55201-0786.fits 
On File: spec-3609-55201-0787.fits 
On File: spec-3609-55201-0788.fits 
On File: spec-3609-55201-0789.fits 
On File: spec-3609-55201-0790.fits 
On File: spec-3609-55201-0791.fits 
On File: spec-3609-55201-0792.fits 
On File: spec-3609-55201-0793.fits 
On File: spec-3609-55201-0794.fits 
On File: spec-3609-55201-0795.fits 
On File: spec-3609-55201-0796.fits 
On File: spec-3609-55201-0797.fits 
On File: spec-3609-55201-0798.fits 
On File: spec-3609-55201-0799.fits 
On File: spec-3609-55201-0800.fits 
On File: spec-3609-55201-0801.fits 
On File: spec-3609-55201-0802.fits 
On File: spec-3609-55201-0803.fits 
On File: spec-3609-55201-0804.fits 
On File: spec-3609-55201-0805.fits 
On File: spec-3609-55201-0806.fits 
On File: spec-3609-55201-0807.fits 
On File: spec-3609-55201-0808.fits 
On File: spec-3609-55201-0809.fits 
On File: spec-3609-55201-0810.fits 
On File: spec-3609-55201-0811.fits 
On File: spec-3609-55201-0812.fits 
On File: spec-3609-55201-0813.fits 
On File: spec-3609-55201-0814.fits 
On File: spec-3609-55201-0815.fits 
On File: spec-3609-55201-0816.fits 
On File: spec-3609-55201-0817.fits 
On File: spec-3609-55201-0818.fits 
On File: spec-3609-55201-0819.fits 
On File: spec-3609-55201-0820.fits 
On File: spec-3609-55201-0821.fits 
On File: spec-3609-55201-0822.fits 
On File: spec-3609-55201-0823.fits 
On File: spec-3609-55201-0824.fits 
On File: spec-3609-55201-0825.fits 
On File: spec-3609-55201-0826.fits 
On File: spec-3609-55201-0827.fits 
On File: spec-3609-55201-0828.fits 
On File: spec-3609-55201-0829.fits 
On File: spec-3609-55201-0830.fits 
On File: spec-3609-55201-0831.fits 
On File: spec-3609-55201-0832.fits 
On File: spec-3609-55201-0833.fits 
On File: spec-3609-55201-0834.fits 
On File: spec-3609-55201-0835.fits 
On File: spec-3609-55201-0836.fits 
On File: spec-3609-55201-0837.fits 
On File: spec-3609-55201-0838.fits 
On File: spec-3609-55201-0839.fits 
On File: spec-3609-55201-0840.fits 
On File: spec-3609-55201-0841.fits 
On File: spec-3609-55201-0842.fits 
On File: spec-3609-55201-0843.fits 
On File: spec-3609-55201-0844.fits 
On File: spec-3609-55201-0845.fits 
On File: spec-3609-55201-0846.fits 
On File: spec-3609-55201-0847.fits 
On File: spec-3609-55201-0848.fits 
On File: spec-3609-55201-0849.fits 
On File: spec-3609-55201-0850.fits 
On File: spec-3609-55201-0851.fits 
On File: spec-3609-55201-0852.fits 
On File: spec-3609-55201-0853.fits 
On File: spec-3609-55201-0854.fits 
On File: spec-3609-55201-0855.fits 
On File: spec-3609-55201-0856.fits 
On File: spec-3609-55201-0857.fits 
On File: spec-3609-55201-0858.fits 
On File: spec-3609-55201-0859.fits 
On File: spec-3609-55201-0860.fits 
On File: spec-3609-55201-0861.fits 
On File: spec-3609-55201-0862.fits 
On File: spec-3609-55201-0863.fits 
On File: spec-3609-55201-0864.fits 
On File: spec-3609-55201-0865.fits 
On File: spec-3609-55201-0866.fits 
On File: spec-3609-55201-0867.fits 
On File: spec-3609-55201-0868.fits 
On File: spec-3609-55201-0869.fits 
On File: spec-3609-55201-0870.fits 
On File: spec-3609-55201-0871.fits 
On File: spec-3609-55201-0872.fits 
On File: spec-3609-55201-0873.fits 
On File: spec-3609-55201-0874.fits 
On File: spec-3609-55201-0875.fits 
On File: spec-3609-55201-0876.fits 
On File: spec-3609-55201-0877.fits 
On File: spec-3609-55201-0878.fits 
On File: spec-3609-55201-0879.fits 
On File: spec-3609-55201-0880.fits 
On File: spec-3609-55201-0881.fits 
On File: spec-3609-55201-0882.fits 
On File: spec-3609-55201-0883.fits 
On File: spec-3609-55201-0884.fits 
On File: spec-3609-55201-0885.fits 
On File: spec-3609-55201-0886.fits 
On File: spec-3609-55201-0887.fits 
On File: spec-3609-55201-0888.fits 
On File: spec-3609-55201-0889.fits 
On File: spec-3609-55201-0890.fits 
On File: spec-3609-55201-0891.fits 
On File: spec-3609-55201-0892.fits 
On File: spec-3609-55201-0893.fits 
On File: spec-3609-55201-0894.fits 
On File: spec-3609-55201-0895.fits 
On File: spec-3609-55201-0896.fits 
On File: spec-3609-55201-0897.fits 
On File: spec-3609-55201-0898.fits 
On File: spec-3609-55201-0899.fits 
On File: spec-3609-55201-0900.fits 
On File: spec-3609-55201-0901.fits 
On File: spec-3609-55201-0902.fits 
On File: spec-3609-55201-0903.fits 
On File: spec-3609-55201-0904.fits 
On File: spec-3609-55201-0905.fits 
On File: spec-3609-55201-0906.fits 
On File: spec-3609-55201-0907.fits 
On File: spec-3609-55201-0908.fits 
On File: spec-3609-55201-0909.fits 
On File: spec-3609-55201-0910.fits 
On File: spec-3609-55201-0911.fits 
On File: spec-3609-55201-0912.fits 
On File: spec-3609-55201-0913.fits 
On File: spec-3609-55201-0914.fits 
On File: spec-3609-55201-0915.fits 
On File: spec-3609-55201-0916.fits 
On File: spec-3609-55201-0917.fits 
On File: spec-3609-55201-0918.fits 
On File: spec-3609-55201-0919.fits 
On File: spec-3609-55201-0920.fits 
On File: spec-3609-55201-0921.fits 
On File: spec-3609-55201-0922.fits 
On File: spec-3609-55201-0923.fits 
On File: spec-3609-55201-0924.fits 
On File: spec-3609-55201-0925.fits 
On File: spec-3609-55201-0926.fits 
On File: spec-3609-55201-0927.fits 
On File: spec-3609-55201-0928.fits 
On File: spec-3609-55201-0929.fits 
On File: spec-3609-55201-0930.fits 
On File: spec-3609-55201-0931.fits 
On File: spec-3609-55201-0932.fits 
On File: spec-3609-55201-0933.fits 
On File: spec-3609-55201-0934.fits 
On File: spec-3609-55201-0935.fits 
On File: spec-3609-55201-0936.fits 
On File: spec-3609-55201-0937.fits 
On File: spec-3609-55201-0938.fits 
On File: spec-3609-55201-0939.fits 
On File: spec-3609-55201-0940.fits 
On File: spec-3609-55201-0941.fits 
On File: spec-3609-55201-0942.fits 
On File: spec-3609-55201-0943.fits 
On File: spec-3609-55201-0944.fits 
On File: spec-3609-55201-0945.fits 
On File: spec-3609-55201-0946.fits 
On File: spec-3609-55201-0947.fits 
On File: spec-3609-55201-0948.fits 
On File: spec-3609-55201-0949.fits 
On File: spec-3609-55201-0950.fits 
On File: spec-3609-55201-0951.fits 
On File: spec-3609-55201-0952.fits 
On File: spec-3609-55201-0953.fits 
On File: spec-3609-55201-0954.fits 
On File: spec-3609-55201-0955.fits 
On File: spec-3609-55201-0956.fits 
On File: spec-3609-55201-0957.fits 
On File: spec-3609-55201-0958.fits 
On File: spec-3609-55201-0959.fits 
On File: spec-3609-55201-0960.fits 
On File: spec-3609-55201-0961.fits 
On File: spec-3609-55201-0962.fits 
On File: spec-3609-55201-0963.fits 
On File: spec-3609-55201-0964.fits 
On File: spec-3609-55201-0965.fits 
On File: spec-3609-55201-0966.fits 
On File: spec-3609-55201-0967.fits 
On File: spec-3609-55201-0968.fits 
On File: spec-3609-55201-0969.fits 
On File: spec-3609-55201-0970.fits 
On File: spec-3609-55201-0971.fits 
On File: spec-3609-55201-0972.fits 
On File: spec-3609-55201-0973.fits 
On File: spec-3609-55201-0974.fits 
On File: spec-3609-55201-0975.fits 
On File: spec-3609-55201-0976.fits 
On File: spec-3609-55201-0977.fits 
On File: spec-3609-55201-0978.fits 
On File: spec-3609-55201-0979.fits 
On File: spec-3609-55201-0980.fits 
On File: spec-3609-55201-0981.fits 
On File: spec-3609-55201-0982.fits 
On File: spec-3609-55201-0983.fits 
On File: spec-3609-55201-0984.fits 
On File: spec-3609-55201-0985.fits 
On File: spec-3609-55201-0986.fits 
On File: spec-3609-55201-0987.fits 
On File: spec-3609-55201-0988.fits 
On File: spec-3609-55201-0989.fits 
On File: spec-3609-55201-0990.fits 
On File: spec-3609-55201-0991.fits 
On File: spec-3609-55201-0992.fits 
On File: spec-3609-55201-0993.fits 
On File: spec-3609-55201-0994.fits 
On File: spec-3609-55201-0995.fits 
On File: spec-3609-55201-0996.fits 
On File: spec-3609-55201-0997.fits 
On File: spec-3609-55201-0998.fits 
On File: spec-3609-55201-0999.fits 
On File: spec-3609-55201-1000.fits 
[1] "Job Complete!"
