Unpacking R413.tar.gz ...
Unpacking packages_FITSio.tar.gz ...
Unpacking current *.tgz file
[1] "Initializing Console ..."
[1] "Inputing command line prompts ..."
[1] "Loading package FITSio."
[1] "Reading cB58_Lyman_break.fit ..."
[1] "Starting main process ..."
On File: spec-3663-55176-0001.fits 
On File: spec-3663-55176-0002.fits 
On File: spec-3663-55176-0003.fits 
On File: spec-3663-55176-0004.fits 
On File: spec-3663-55176-0005.fits 
On File: spec-3663-55176-0006.fits 
On File: spec-3663-55176-0007.fits 
On File: spec-3663-55176-0008.fits 
On File: spec-3663-55176-0009.fits 
On File: spec-3663-55176-0010.fits 
On File: spec-3663-55176-0011.fits 
On File: spec-3663-55176-0012.fits 
On File: spec-3663-55176-0013.fits 
On File: spec-3663-55176-0014.fits 
On File: spec-3663-55176-0015.fits 
On File: spec-3663-55176-0016.fits 
On File: spec-3663-55176-0017.fits 
On File: spec-3663-55176-0018.fits 
On File: spec-3663-55176-0019.fits 
On File: spec-3663-55176-0020.fits 
On File: spec-3663-55176-0021.fits 
On File: spec-3663-55176-0022.fits 
On File: spec-3663-55176-0023.fits 
On File: spec-3663-55176-0024.fits 
On File: spec-3663-55176-0025.fits 
On File: spec-3663-55176-0026.fits 
On File: spec-3663-55176-0027.fits 
On File: spec-3663-55176-0028.fits 
On File: spec-3663-55176-0029.fits 
On File: spec-3663-55176-0030.fits 
On File: spec-3663-55176-0031.fits 
On File: spec-3663-55176-0032.fits 
On File: spec-3663-55176-0033.fits 
On File: spec-3663-55176-0034.fits 
On File: spec-3663-55176-0035.fits 
On File: spec-3663-55176-0036.fits 
On File: spec-3663-55176-0037.fits 
On File: spec-3663-55176-0038.fits 
On File: spec-3663-55176-0039.fits 
On File: spec-3663-55176-0040.fits 
On File: spec-3663-55176-0041.fits 
On File: spec-3663-55176-0042.fits 
On File: spec-3663-55176-0043.fits 
On File: spec-3663-55176-0044.fits 
On File: spec-3663-55176-0045.fits 
On File: spec-3663-55176-0046.fits 
On File: spec-3663-55176-0047.fits 
On File: spec-3663-55176-0048.fits 
On File: spec-3663-55176-0049.fits 
On File: spec-3663-55176-0050.fits 
On File: spec-3663-55176-0051.fits 
On File: spec-3663-55176-0052.fits 
On File: spec-3663-55176-0053.fits 
On File: spec-3663-55176-0054.fits 
On File: spec-3663-55176-0055.fits 
On File: spec-3663-55176-0056.fits 
On File: spec-3663-55176-0057.fits 
On File: spec-3663-55176-0058.fits 
On File: spec-3663-55176-0059.fits 
On File: spec-3663-55176-0060.fits 
On File: spec-3663-55176-0061.fits 
On File: spec-3663-55176-0062.fits 
On File: spec-3663-55176-0063.fits 
On File: spec-3663-55176-0064.fits 
On File: spec-3663-55176-0065.fits 
On File: spec-3663-55176-0066.fits 
On File: spec-3663-55176-0067.fits 
On File: spec-3663-55176-0068.fits 
On File: spec-3663-55176-0069.fits 
On File: spec-3663-55176-0070.fits 
On File: spec-3663-55176-0071.fits 
On File: spec-3663-55176-0072.fits 
On File: spec-3663-55176-0073.fits 
On File: spec-3663-55176-0074.fits 
On File: spec-3663-55176-0075.fits 
On File: spec-3663-55176-0076.fits 
On File: spec-3663-55176-0077.fits 
On File: spec-3663-55176-0078.fits 
On File: spec-3663-55176-0079.fits 
On File: spec-3663-55176-0080.fits 
On File: spec-3663-55176-0081.fits 
On File: spec-3663-55176-0082.fits 
On File: spec-3663-55176-0083.fits 
On File: spec-3663-55176-0084.fits 
On File: spec-3663-55176-0085.fits 
On File: spec-3663-55176-0086.fits 
On File: spec-3663-55176-0087.fits 
On File: spec-3663-55176-0088.fits 
On File: spec-3663-55176-0089.fits 
On File: spec-3663-55176-0090.fits 
On File: spec-3663-55176-0091.fits 
On File: spec-3663-55176-0092.fits 
On File: spec-3663-55176-0093.fits 
On File: spec-3663-55176-0094.fits 
On File: spec-3663-55176-0095.fits 
On File: spec-3663-55176-0096.fits 
On File: spec-3663-55176-0097.fits 
On File: spec-3663-55176-0098.fits 
On File: spec-3663-55176-0099.fits 
On File: spec-3663-55176-0100.fits 
On File: spec-3663-55176-0101.fits 
On File: spec-3663-55176-0102.fits 
On File: spec-3663-55176-0103.fits 
On File: spec-3663-55176-0104.fits 
On File: spec-3663-55176-0105.fits 
On File: spec-3663-55176-0106.fits 
On File: spec-3663-55176-0107.fits 
On File: spec-3663-55176-0108.fits 
On File: spec-3663-55176-0109.fits 
On File: spec-3663-55176-0110.fits 
On File: spec-3663-55176-0111.fits 
On File: spec-3663-55176-0112.fits 
On File: spec-3663-55176-0113.fits 
On File: spec-3663-55176-0114.fits 
On File: spec-3663-55176-0115.fits 
On File: spec-3663-55176-0116.fits 
On File: spec-3663-55176-0117.fits 
On File: spec-3663-55176-0118.fits 
On File: spec-3663-55176-0119.fits 
On File: spec-3663-55176-0120.fits 
On File: spec-3663-55176-0121.fits 
On File: spec-3663-55176-0122.fits 
On File: spec-3663-55176-0123.fits 
On File: spec-3663-55176-0124.fits 
On File: spec-3663-55176-0125.fits 
On File: spec-3663-55176-0126.fits 
On File: spec-3663-55176-0127.fits 
On File: spec-3663-55176-0128.fits 
On File: spec-3663-55176-0129.fits 
On File: spec-3663-55176-0130.fits 
On File: spec-3663-55176-0131.fits 
On File: spec-3663-55176-0132.fits 
On File: spec-3663-55176-0133.fits 
On File: spec-3663-55176-0134.fits 
On File: spec-3663-55176-0135.fits 
On File: spec-3663-55176-0136.fits 
On File: spec-3663-55176-0137.fits 
On File: spec-3663-55176-0138.fits 
On File: spec-3663-55176-0139.fits 
On File: spec-3663-55176-0140.fits 
On File: spec-3663-55176-0141.fits 
On File: spec-3663-55176-0142.fits 
On File: spec-3663-55176-0143.fits 
On File: spec-3663-55176-0144.fits 
On File: spec-3663-55176-0145.fits 
On File: spec-3663-55176-0146.fits 
On File: spec-3663-55176-0147.fits 
On File: spec-3663-55176-0148.fits 
On File: spec-3663-55176-0149.fits 
On File: spec-3663-55176-0150.fits 
On File: spec-3663-55176-0151.fits 
On File: spec-3663-55176-0152.fits 
On File: spec-3663-55176-0153.fits 
On File: spec-3663-55176-0154.fits 
On File: spec-3663-55176-0155.fits 
On File: spec-3663-55176-0156.fits 
On File: spec-3663-55176-0157.fits 
On File: spec-3663-55176-0158.fits 
On File: spec-3663-55176-0159.fits 
On File: spec-3663-55176-0160.fits 
On File: spec-3663-55176-0161.fits 
On File: spec-3663-55176-0162.fits 
On File: spec-3663-55176-0163.fits 
On File: spec-3663-55176-0164.fits 
On File: spec-3663-55176-0165.fits 
On File: spec-3663-55176-0166.fits 
On File: spec-3663-55176-0167.fits 
On File: spec-3663-55176-0168.fits 
On File: spec-3663-55176-0169.fits 
On File: spec-3663-55176-0170.fits 
On File: spec-3663-55176-0171.fits 
On File: spec-3663-55176-0172.fits 
On File: spec-3663-55176-0173.fits 
On File: spec-3663-55176-0174.fits 
On File: spec-3663-55176-0175.fits 
On File: spec-3663-55176-0176.fits 
On File: spec-3663-55176-0177.fits 
On File: spec-3663-55176-0178.fits 
On File: spec-3663-55176-0179.fits 
On File: spec-3663-55176-0180.fits 
On File: spec-3663-55176-0181.fits 
On File: spec-3663-55176-0182.fits 
On File: spec-3663-55176-0183.fits 
On File: spec-3663-55176-0184.fits 
On File: spec-3663-55176-0185.fits 
On File: spec-3663-55176-0186.fits 
On File: spec-3663-55176-0187.fits 
On File: spec-3663-55176-0188.fits 
On File: spec-3663-55176-0189.fits 
On File: spec-3663-55176-0190.fits 
On File: spec-3663-55176-0191.fits 
On File: spec-3663-55176-0192.fits 
On File: spec-3663-55176-0193.fits 
On File: spec-3663-55176-0194.fits 
On File: spec-3663-55176-0195.fits 
On File: spec-3663-55176-0196.fits 
On File: spec-3663-55176-0197.fits 
On File: spec-3663-55176-0198.fits 
On File: spec-3663-55176-0199.fits 
On File: spec-3663-55176-0200.fits 
On File: spec-3663-55176-0201.fits 
On File: spec-3663-55176-0202.fits 
On File: spec-3663-55176-0203.fits 
On File: spec-3663-55176-0204.fits 
On File: spec-3663-55176-0205.fits 
On File: spec-3663-55176-0206.fits 
On File: spec-3663-55176-0207.fits 
On File: spec-3663-55176-0208.fits 
On File: spec-3663-55176-0209.fits 
On File: spec-3663-55176-0210.fits 
On File: spec-3663-55176-0211.fits 
On File: spec-3663-55176-0212.fits 
On File: spec-3663-55176-0213.fits 
On File: spec-3663-55176-0214.fits 
On File: spec-3663-55176-0215.fits 
On File: spec-3663-55176-0216.fits 
On File: spec-3663-55176-0217.fits 
On File: spec-3663-55176-0218.fits 
On File: spec-3663-55176-0219.fits 
On File: spec-3663-55176-0220.fits 
On File: spec-3663-55176-0221.fits 
On File: spec-3663-55176-0222.fits 
On File: spec-3663-55176-0223.fits 
On File: spec-3663-55176-0224.fits 
On File: spec-3663-55176-0225.fits 
On File: spec-3663-55176-0226.fits 
On File: spec-3663-55176-0227.fits 
On File: spec-3663-55176-0228.fits 
On File: spec-3663-55176-0229.fits 
On File: spec-3663-55176-0230.fits 
On File: spec-3663-55176-0231.fits 
On File: spec-3663-55176-0232.fits 
On File: spec-3663-55176-0233.fits 
On File: spec-3663-55176-0234.fits 
On File: spec-3663-55176-0235.fits 
On File: spec-3663-55176-0236.fits 
On File: spec-3663-55176-0237.fits 
On File: spec-3663-55176-0238.fits 
On File: spec-3663-55176-0239.fits 
On File: spec-3663-55176-0240.fits 
On File: spec-3663-55176-0241.fits 
On File: spec-3663-55176-0242.fits 
On File: spec-3663-55176-0243.fits 
On File: spec-3663-55176-0244.fits 
On File: spec-3663-55176-0245.fits 
On File: spec-3663-55176-0246.fits 
On File: spec-3663-55176-0247.fits 
On File: spec-3663-55176-0248.fits 
On File: spec-3663-55176-0249.fits 
On File: spec-3663-55176-0250.fits 
On File: spec-3663-55176-0251.fits 
On File: spec-3663-55176-0252.fits 
On File: spec-3663-55176-0253.fits 
On File: spec-3663-55176-0254.fits 
On File: spec-3663-55176-0255.fits 
On File: spec-3663-55176-0256.fits 
On File: spec-3663-55176-0257.fits 
On File: spec-3663-55176-0258.fits 
On File: spec-3663-55176-0259.fits 
On File: spec-3663-55176-0260.fits 
On File: spec-3663-55176-0261.fits 
On File: spec-3663-55176-0262.fits 
On File: spec-3663-55176-0263.fits 
On File: spec-3663-55176-0264.fits 
On File: spec-3663-55176-0265.fits 
On File: spec-3663-55176-0266.fits 
On File: spec-3663-55176-0267.fits 
On File: spec-3663-55176-0268.fits 
On File: spec-3663-55176-0269.fits 
On File: spec-3663-55176-0270.fits 
On File: spec-3663-55176-0271.fits 
On File: spec-3663-55176-0272.fits 
On File: spec-3663-55176-0273.fits 
On File: spec-3663-55176-0274.fits 
On File: spec-3663-55176-0275.fits 
On File: spec-3663-55176-0276.fits 
On File: spec-3663-55176-0277.fits 
On File: spec-3663-55176-0278.fits 
On File: spec-3663-55176-0279.fits 
On File: spec-3663-55176-0280.fits 
On File: spec-3663-55176-0281.fits 
On File: spec-3663-55176-0282.fits 
On File: spec-3663-55176-0283.fits 
On File: spec-3663-55176-0284.fits 
On File: spec-3663-55176-0285.fits 
On File: spec-3663-55176-0286.fits 
On File: spec-3663-55176-0287.fits 
On File: spec-3663-55176-0288.fits 
On File: spec-3663-55176-0289.fits 
On File: spec-3663-55176-0290.fits 
On File: spec-3663-55176-0291.fits 
On File: spec-3663-55176-0292.fits 
On File: spec-3663-55176-0293.fits 
On File: spec-3663-55176-0294.fits 
On File: spec-3663-55176-0295.fits 
On File: spec-3663-55176-0296.fits 
On File: spec-3663-55176-0297.fits 
On File: spec-3663-55176-0298.fits 
On File: spec-3663-55176-0299.fits 
On File: spec-3663-55176-0300.fits 
On File: spec-3663-55176-0301.fits 
On File: spec-3663-55176-0302.fits 
On File: spec-3663-55176-0303.fits 
On File: spec-3663-55176-0304.fits 
On File: spec-3663-55176-0305.fits 
On File: spec-3663-55176-0306.fits 
On File: spec-3663-55176-0307.fits 
On File: spec-3663-55176-0308.fits 
On File: spec-3663-55176-0309.fits 
On File: spec-3663-55176-0310.fits 
On File: spec-3663-55176-0311.fits 
On File: spec-3663-55176-0312.fits 
On File: spec-3663-55176-0313.fits 
On File: spec-3663-55176-0314.fits 
On File: spec-3663-55176-0315.fits 
On File: spec-3663-55176-0316.fits 
On File: spec-3663-55176-0317.fits 
On File: spec-3663-55176-0318.fits 
On File: spec-3663-55176-0319.fits 
On File: spec-3663-55176-0320.fits 
On File: spec-3663-55176-0321.fits 
On File: spec-3663-55176-0322.fits 
On File: spec-3663-55176-0323.fits 
On File: spec-3663-55176-0324.fits 
On File: spec-3663-55176-0325.fits 
On File: spec-3663-55176-0326.fits 
On File: spec-3663-55176-0327.fits 
On File: spec-3663-55176-0328.fits 
On File: spec-3663-55176-0329.fits 
On File: spec-3663-55176-0330.fits 
On File: spec-3663-55176-0331.fits 
On File: spec-3663-55176-0332.fits 
On File: spec-3663-55176-0333.fits 
On File: spec-3663-55176-0334.fits 
On File: spec-3663-55176-0335.fits 
On File: spec-3663-55176-0336.fits 
On File: spec-3663-55176-0337.fits 
On File: spec-3663-55176-0338.fits 
On File: spec-3663-55176-0339.fits 
On File: spec-3663-55176-0340.fits 
On File: spec-3663-55176-0341.fits 
On File: spec-3663-55176-0342.fits 
On File: spec-3663-55176-0343.fits 
On File: spec-3663-55176-0344.fits 
On File: spec-3663-55176-0345.fits 
On File: spec-3663-55176-0346.fits 
On File: spec-3663-55176-0347.fits 
On File: spec-3663-55176-0348.fits 
On File: spec-3663-55176-0349.fits 
On File: spec-3663-55176-0350.fits 
On File: spec-3663-55176-0351.fits 
On File: spec-3663-55176-0352.fits 
On File: spec-3663-55176-0353.fits 
On File: spec-3663-55176-0354.fits 
On File: spec-3663-55176-0355.fits 
On File: spec-3663-55176-0356.fits 
On File: spec-3663-55176-0357.fits 
On File: spec-3663-55176-0358.fits 
On File: spec-3663-55176-0359.fits 
On File: spec-3663-55176-0360.fits 
On File: spec-3663-55176-0361.fits 
On File: spec-3663-55176-0362.fits 
On File: spec-3663-55176-0363.fits 
On File: spec-3663-55176-0364.fits 
On File: spec-3663-55176-0365.fits 
On File: spec-3663-55176-0366.fits 
On File: spec-3663-55176-0367.fits 
On File: spec-3663-55176-0368.fits 
On File: spec-3663-55176-0369.fits 
On File: spec-3663-55176-0370.fits 
On File: spec-3663-55176-0371.fits 
On File: spec-3663-55176-0372.fits 
On File: spec-3663-55176-0373.fits 
On File: spec-3663-55176-0374.fits 
On File: spec-3663-55176-0375.fits 
On File: spec-3663-55176-0376.fits 
On File: spec-3663-55176-0377.fits 
On File: spec-3663-55176-0378.fits 
On File: spec-3663-55176-0379.fits 
On File: spec-3663-55176-0380.fits 
On File: spec-3663-55176-0381.fits 
On File: spec-3663-55176-0382.fits 
On File: spec-3663-55176-0383.fits 
On File: spec-3663-55176-0384.fits 
On File: spec-3663-55176-0385.fits 
On File: spec-3663-55176-0386.fits 
On File: spec-3663-55176-0387.fits 
On File: spec-3663-55176-0388.fits 
On File: spec-3663-55176-0389.fits 
On File: spec-3663-55176-0390.fits 
On File: spec-3663-55176-0391.fits 
On File: spec-3663-55176-0392.fits 
On File: spec-3663-55176-0393.fits 
On File: spec-3663-55176-0394.fits 
On File: spec-3663-55176-0395.fits 
On File: spec-3663-55176-0396.fits 
On File: spec-3663-55176-0397.fits 
On File: spec-3663-55176-0398.fits 
On File: spec-3663-55176-0399.fits 
On File: spec-3663-55176-0400.fits 
On File: spec-3663-55176-0401.fits 
On File: spec-3663-55176-0402.fits 
On File: spec-3663-55176-0403.fits 
On File: spec-3663-55176-0404.fits 
On File: spec-3663-55176-0405.fits 
On File: spec-3663-55176-0406.fits 
On File: spec-3663-55176-0407.fits 
On File: spec-3663-55176-0408.fits 
On File: spec-3663-55176-0409.fits 
On File: spec-3663-55176-0410.fits 
On File: spec-3663-55176-0411.fits 
On File: spec-3663-55176-0412.fits 
On File: spec-3663-55176-0413.fits 
On File: spec-3663-55176-0414.fits 
On File: spec-3663-55176-0415.fits 
On File: spec-3663-55176-0416.fits 
On File: spec-3663-55176-0417.fits 
On File: spec-3663-55176-0418.fits 
On File: spec-3663-55176-0419.fits 
On File: spec-3663-55176-0420.fits 
On File: spec-3663-55176-0421.fits 
On File: spec-3663-55176-0422.fits 
On File: spec-3663-55176-0423.fits 
On File: spec-3663-55176-0424.fits 
On File: spec-3663-55176-0425.fits 
On File: spec-3663-55176-0426.fits 
On File: spec-3663-55176-0427.fits 
On File: spec-3663-55176-0428.fits 
On File: spec-3663-55176-0429.fits 
On File: spec-3663-55176-0430.fits 
On File: spec-3663-55176-0431.fits 
On File: spec-3663-55176-0432.fits 
On File: spec-3663-55176-0433.fits 
On File: spec-3663-55176-0434.fits 
On File: spec-3663-55176-0435.fits 
On File: spec-3663-55176-0436.fits 
On File: spec-3663-55176-0437.fits 
On File: spec-3663-55176-0438.fits 
On File: spec-3663-55176-0439.fits 
On File: spec-3663-55176-0440.fits 
On File: spec-3663-55176-0441.fits 
On File: spec-3663-55176-0442.fits 
On File: spec-3663-55176-0443.fits 
On File: spec-3663-55176-0444.fits 
On File: spec-3663-55176-0445.fits 
On File: spec-3663-55176-0446.fits 
On File: spec-3663-55176-0447.fits 
On File: spec-3663-55176-0448.fits 
On File: spec-3663-55176-0449.fits 
On File: spec-3663-55176-0450.fits 
On File: spec-3663-55176-0451.fits 
On File: spec-3663-55176-0452.fits 
On File: spec-3663-55176-0453.fits 
On File: spec-3663-55176-0454.fits 
On File: spec-3663-55176-0455.fits 
On File: spec-3663-55176-0456.fits 
On File: spec-3663-55176-0457.fits 
On File: spec-3663-55176-0458.fits 
On File: spec-3663-55176-0459.fits 
On File: spec-3663-55176-0460.fits 
On File: spec-3663-55176-0461.fits 
On File: spec-3663-55176-0462.fits 
On File: spec-3663-55176-0463.fits 
On File: spec-3663-55176-0464.fits 
On File: spec-3663-55176-0465.fits 
On File: spec-3663-55176-0466.fits 
On File: spec-3663-55176-0467.fits 
On File: spec-3663-55176-0468.fits 
On File: spec-3663-55176-0469.fits 
On File: spec-3663-55176-0470.fits 
On File: spec-3663-55176-0471.fits 
On File: spec-3663-55176-0472.fits 
On File: spec-3663-55176-0473.fits 
On File: spec-3663-55176-0474.fits 
On File: spec-3663-55176-0475.fits 
On File: spec-3663-55176-0476.fits 
On File: spec-3663-55176-0477.fits 
On File: spec-3663-55176-0478.fits 
On File: spec-3663-55176-0479.fits 
On File: spec-3663-55176-0480.fits 
On File: spec-3663-55176-0481.fits 
On File: spec-3663-55176-0482.fits 
On File: spec-3663-55176-0483.fits 
On File: spec-3663-55176-0484.fits 
On File: spec-3663-55176-0485.fits 
On File: spec-3663-55176-0486.fits 
On File: spec-3663-55176-0487.fits 
On File: spec-3663-55176-0488.fits 
On File: spec-3663-55176-0489.fits 
On File: spec-3663-55176-0490.fits 
On File: spec-3663-55176-0491.fits 
On File: spec-3663-55176-0492.fits 
On File: spec-3663-55176-0493.fits 
On File: spec-3663-55176-0494.fits 
On File: spec-3663-55176-0495.fits 
On File: spec-3663-55176-0496.fits 
On File: spec-3663-55176-0497.fits 
On File: spec-3663-55176-0498.fits 
On File: spec-3663-55176-0499.fits 
On File: spec-3663-55176-0500.fits 
On File: spec-3663-55176-0501.fits 
On File: spec-3663-55176-0502.fits 
On File: spec-3663-55176-0503.fits 
On File: spec-3663-55176-0504.fits 
On File: spec-3663-55176-0505.fits 
On File: spec-3663-55176-0506.fits 
On File: spec-3663-55176-0507.fits 
On File: spec-3663-55176-0508.fits 
On File: spec-3663-55176-0509.fits 
On File: spec-3663-55176-0510.fits 
On File: spec-3663-55176-0511.fits 
On File: spec-3663-55176-0512.fits 
On File: spec-3663-55176-0513.fits 
On File: spec-3663-55176-0514.fits 
On File: spec-3663-55176-0515.fits 
On File: spec-3663-55176-0516.fits 
On File: spec-3663-55176-0517.fits 
On File: spec-3663-55176-0518.fits 
On File: spec-3663-55176-0519.fits 
On File: spec-3663-55176-0520.fits 
On File: spec-3663-55176-0521.fits 
On File: spec-3663-55176-0522.fits 
On File: spec-3663-55176-0523.fits 
On File: spec-3663-55176-0524.fits 
On File: spec-3663-55176-0525.fits 
On File: spec-3663-55176-0526.fits 
On File: spec-3663-55176-0527.fits 
On File: spec-3663-55176-0528.fits 
On File: spec-3663-55176-0529.fits 
On File: spec-3663-55176-0530.fits 
On File: spec-3663-55176-0531.fits 
On File: spec-3663-55176-0532.fits 
On File: spec-3663-55176-0533.fits 
On File: spec-3663-55176-0534.fits 
On File: spec-3663-55176-0535.fits 
On File: spec-3663-55176-0536.fits 
On File: spec-3663-55176-0537.fits 
On File: spec-3663-55176-0538.fits 
On File: spec-3663-55176-0539.fits 
On File: spec-3663-55176-0540.fits 
On File: spec-3663-55176-0541.fits 
On File: spec-3663-55176-0542.fits 
On File: spec-3663-55176-0543.fits 
On File: spec-3663-55176-0544.fits 
On File: spec-3663-55176-0545.fits 
On File: spec-3663-55176-0546.fits 
On File: spec-3663-55176-0547.fits 
On File: spec-3663-55176-0548.fits 
On File: spec-3663-55176-0549.fits 
On File: spec-3663-55176-0550.fits 
On File: spec-3663-55176-0551.fits 
On File: spec-3663-55176-0552.fits 
On File: spec-3663-55176-0553.fits 
On File: spec-3663-55176-0554.fits 
On File: spec-3663-55176-0555.fits 
On File: spec-3663-55176-0556.fits 
On File: spec-3663-55176-0557.fits 
On File: spec-3663-55176-0558.fits 
On File: spec-3663-55176-0559.fits 
On File: spec-3663-55176-0560.fits 
On File: spec-3663-55176-0561.fits 
On File: spec-3663-55176-0562.fits 
On File: spec-3663-55176-0563.fits 
On File: spec-3663-55176-0564.fits 
On File: spec-3663-55176-0565.fits 
On File: spec-3663-55176-0566.fits 
On File: spec-3663-55176-0567.fits 
On File: spec-3663-55176-0568.fits 
On File: spec-3663-55176-0569.fits 
On File: spec-3663-55176-0570.fits 
On File: spec-3663-55176-0571.fits 
On File: spec-3663-55176-0572.fits 
On File: spec-3663-55176-0573.fits 
On File: spec-3663-55176-0574.fits 
On File: spec-3663-55176-0575.fits 
On File: spec-3663-55176-0576.fits 
On File: spec-3663-55176-0577.fits 
On File: spec-3663-55176-0578.fits 
On File: spec-3663-55176-0579.fits 
On File: spec-3663-55176-0580.fits 
On File: spec-3663-55176-0581.fits 
On File: spec-3663-55176-0582.fits 
On File: spec-3663-55176-0583.fits 
On File: spec-3663-55176-0584.fits 
On File: spec-3663-55176-0585.fits 
On File: spec-3663-55176-0586.fits 
On File: spec-3663-55176-0587.fits 
On File: spec-3663-55176-0588.fits 
On File: spec-3663-55176-0589.fits 
On File: spec-3663-55176-0590.fits 
On File: spec-3663-55176-0591.fits 
On File: spec-3663-55176-0592.fits 
On File: spec-3663-55176-0593.fits 
On File: spec-3663-55176-0594.fits 
On File: spec-3663-55176-0595.fits 
On File: spec-3663-55176-0596.fits 
On File: spec-3663-55176-0597.fits 
On File: spec-3663-55176-0598.fits 
On File: spec-3663-55176-0599.fits 
On File: spec-3663-55176-0600.fits 
On File: spec-3663-55176-0601.fits 
On File: spec-3663-55176-0602.fits 
On File: spec-3663-55176-0603.fits 
On File: spec-3663-55176-0604.fits 
On File: spec-3663-55176-0605.fits 
On File: spec-3663-55176-0606.fits 
On File: spec-3663-55176-0607.fits 
On File: spec-3663-55176-0608.fits 
On File: spec-3663-55176-0609.fits 
On File: spec-3663-55176-0610.fits 
On File: spec-3663-55176-0611.fits 
On File: spec-3663-55176-0612.fits 
On File: spec-3663-55176-0613.fits 
On File: spec-3663-55176-0614.fits 
On File: spec-3663-55176-0615.fits 
On File: spec-3663-55176-0616.fits 
On File: spec-3663-55176-0617.fits 
On File: spec-3663-55176-0618.fits 
On File: spec-3663-55176-0619.fits 
On File: spec-3663-55176-0620.fits 
On File: spec-3663-55176-0621.fits 
On File: spec-3663-55176-0622.fits 
On File: spec-3663-55176-0623.fits 
On File: spec-3663-55176-0624.fits 
On File: spec-3663-55176-0625.fits 
On File: spec-3663-55176-0626.fits 
On File: spec-3663-55176-0627.fits 
On File: spec-3663-55176-0628.fits 
On File: spec-3663-55176-0629.fits 
On File: spec-3663-55176-0630.fits 
On File: spec-3663-55176-0631.fits 
On File: spec-3663-55176-0632.fits 
On File: spec-3663-55176-0633.fits 
On File: spec-3663-55176-0634.fits 
On File: spec-3663-55176-0635.fits 
On File: spec-3663-55176-0636.fits 
On File: spec-3663-55176-0637.fits 
On File: spec-3663-55176-0638.fits 
On File: spec-3663-55176-0639.fits 
On File: spec-3663-55176-0640.fits 
On File: spec-3663-55176-0641.fits 
On File: spec-3663-55176-0642.fits 
On File: spec-3663-55176-0643.fits 
On File: spec-3663-55176-0644.fits 
On File: spec-3663-55176-0645.fits 
On File: spec-3663-55176-0646.fits 
On File: spec-3663-55176-0647.fits 
On File: spec-3663-55176-0648.fits 
On File: spec-3663-55176-0649.fits 
On File: spec-3663-55176-0650.fits 
On File: spec-3663-55176-0651.fits 
On File: spec-3663-55176-0652.fits 
On File: spec-3663-55176-0653.fits 
On File: spec-3663-55176-0654.fits 
On File: spec-3663-55176-0655.fits 
On File: spec-3663-55176-0656.fits 
On File: spec-3663-55176-0657.fits 
On File: spec-3663-55176-0658.fits 
On File: spec-3663-55176-0659.fits 
On File: spec-3663-55176-0660.fits 
On File: spec-3663-55176-0661.fits 
On File: spec-3663-55176-0662.fits 
On File: spec-3663-55176-0663.fits 
On File: spec-3663-55176-0664.fits 
On File: spec-3663-55176-0665.fits 
On File: spec-3663-55176-0666.fits 
On File: spec-3663-55176-0667.fits 
On File: spec-3663-55176-0668.fits 
On File: spec-3663-55176-0669.fits 
On File: spec-3663-55176-0670.fits 
On File: spec-3663-55176-0671.fits 
On File: spec-3663-55176-0672.fits 
On File: spec-3663-55176-0673.fits 
On File: spec-3663-55176-0674.fits 
On File: spec-3663-55176-0675.fits 
On File: spec-3663-55176-0676.fits 
On File: spec-3663-55176-0677.fits 
On File: spec-3663-55176-0678.fits 
On File: spec-3663-55176-0679.fits 
On File: spec-3663-55176-0680.fits 
On File: spec-3663-55176-0681.fits 
On File: spec-3663-55176-0682.fits 
On File: spec-3663-55176-0683.fits 
On File: spec-3663-55176-0684.fits 
On File: spec-3663-55176-0685.fits 
On File: spec-3663-55176-0686.fits 
On File: spec-3663-55176-0687.fits 
On File: spec-3663-55176-0688.fits 
On File: spec-3663-55176-0689.fits 
On File: spec-3663-55176-0690.fits 
On File: spec-3663-55176-0691.fits 
On File: spec-3663-55176-0692.fits 
On File: spec-3663-55176-0693.fits 
On File: spec-3663-55176-0694.fits 
On File: spec-3663-55176-0695.fits 
On File: spec-3663-55176-0696.fits 
On File: spec-3663-55176-0697.fits 
On File: spec-3663-55176-0698.fits 
On File: spec-3663-55176-0699.fits 
On File: spec-3663-55176-0700.fits 
On File: spec-3663-55176-0701.fits 
On File: spec-3663-55176-0702.fits 
On File: spec-3663-55176-0703.fits 
On File: spec-3663-55176-0704.fits 
On File: spec-3663-55176-0705.fits 
On File: spec-3663-55176-0706.fits 
On File: spec-3663-55176-0707.fits 
On File: spec-3663-55176-0708.fits 
On File: spec-3663-55176-0709.fits 
On File: spec-3663-55176-0710.fits 
On File: spec-3663-55176-0711.fits 
On File: spec-3663-55176-0712.fits 
On File: spec-3663-55176-0713.fits 
On File: spec-3663-55176-0714.fits 
On File: spec-3663-55176-0715.fits 
On File: spec-3663-55176-0716.fits 
On File: spec-3663-55176-0717.fits 
On File: spec-3663-55176-0718.fits 
On File: spec-3663-55176-0719.fits 
On File: spec-3663-55176-0720.fits 
On File: spec-3663-55176-0721.fits 
On File: spec-3663-55176-0722.fits 
On File: spec-3663-55176-0723.fits 
On File: spec-3663-55176-0724.fits 
On File: spec-3663-55176-0725.fits 
On File: spec-3663-55176-0726.fits 
On File: spec-3663-55176-0727.fits 
On File: spec-3663-55176-0728.fits 
On File: spec-3663-55176-0729.fits 
On File: spec-3663-55176-0730.fits 
On File: spec-3663-55176-0731.fits 
On File: spec-3663-55176-0732.fits 
On File: spec-3663-55176-0733.fits 
On File: spec-3663-55176-0734.fits 
On File: spec-3663-55176-0735.fits 
On File: spec-3663-55176-0736.fits 
On File: spec-3663-55176-0737.fits 
On File: spec-3663-55176-0738.fits 
On File: spec-3663-55176-0739.fits 
On File: spec-3663-55176-0740.fits 
On File: spec-3663-55176-0741.fits 
On File: spec-3663-55176-0742.fits 
On File: spec-3663-55176-0743.fits 
On File: spec-3663-55176-0744.fits 
On File: spec-3663-55176-0745.fits 
On File: spec-3663-55176-0746.fits 
On File: spec-3663-55176-0747.fits 
On File: spec-3663-55176-0748.fits 
On File: spec-3663-55176-0749.fits 
On File: spec-3663-55176-0750.fits 
On File: spec-3663-55176-0751.fits 
On File: spec-3663-55176-0752.fits 
On File: spec-3663-55176-0753.fits 
On File: spec-3663-55176-0754.fits 
On File: spec-3663-55176-0755.fits 
On File: spec-3663-55176-0756.fits 
On File: spec-3663-55176-0757.fits 
On File: spec-3663-55176-0758.fits 
On File: spec-3663-55176-0759.fits 
On File: spec-3663-55176-0760.fits 
On File: spec-3663-55176-0761.fits 
On File: spec-3663-55176-0762.fits 
On File: spec-3663-55176-0763.fits 
On File: spec-3663-55176-0764.fits 
On File: spec-3663-55176-0765.fits 
On File: spec-3663-55176-0766.fits 
On File: spec-3663-55176-0767.fits 
On File: spec-3663-55176-0768.fits 
On File: spec-3663-55176-0769.fits 
On File: spec-3663-55176-0770.fits 
On File: spec-3663-55176-0771.fits 
On File: spec-3663-55176-0772.fits 
On File: spec-3663-55176-0773.fits 
On File: spec-3663-55176-0774.fits 
On File: spec-3663-55176-0775.fits 
On File: spec-3663-55176-0776.fits 
On File: spec-3663-55176-0777.fits 
On File: spec-3663-55176-0778.fits 
On File: spec-3663-55176-0779.fits 
On File: spec-3663-55176-0780.fits 
On File: spec-3663-55176-0781.fits 
On File: spec-3663-55176-0782.fits 
On File: spec-3663-55176-0783.fits 
On File: spec-3663-55176-0784.fits 
On File: spec-3663-55176-0785.fits 
On File: spec-3663-55176-0786.fits 
On File: spec-3663-55176-0787.fits 
On File: spec-3663-55176-0788.fits 
On File: spec-3663-55176-0789.fits 
On File: spec-3663-55176-0790.fits 
On File: spec-3663-55176-0791.fits 
On File: spec-3663-55176-0792.fits 
On File: spec-3663-55176-0793.fits 
On File: spec-3663-55176-0794.fits 
On File: spec-3663-55176-0795.fits 
On File: spec-3663-55176-0796.fits 
On File: spec-3663-55176-0797.fits 
On File: spec-3663-55176-0798.fits 
On File: spec-3663-55176-0799.fits 
On File: spec-3663-55176-0800.fits 
On File: spec-3663-55176-0801.fits 
On File: spec-3663-55176-0802.fits 
On File: spec-3663-55176-0803.fits 
On File: spec-3663-55176-0804.fits 
On File: spec-3663-55176-0805.fits 
On File: spec-3663-55176-0806.fits 
On File: spec-3663-55176-0807.fits 
On File: spec-3663-55176-0808.fits 
On File: spec-3663-55176-0809.fits 
On File: spec-3663-55176-0810.fits 
On File: spec-3663-55176-0811.fits 
On File: spec-3663-55176-0812.fits 
On File: spec-3663-55176-0813.fits 
On File: spec-3663-55176-0814.fits 
On File: spec-3663-55176-0815.fits 
On File: spec-3663-55176-0816.fits 
On File: spec-3663-55176-0817.fits 
On File: spec-3663-55176-0818.fits 
On File: spec-3663-55176-0819.fits 
On File: spec-3663-55176-0820.fits 
On File: spec-3663-55176-0821.fits 
On File: spec-3663-55176-0822.fits 
On File: spec-3663-55176-0823.fits 
On File: spec-3663-55176-0824.fits 
On File: spec-3663-55176-0825.fits 
On File: spec-3663-55176-0826.fits 
On File: spec-3663-55176-0827.fits 
On File: spec-3663-55176-0828.fits 
On File: spec-3663-55176-0829.fits 
On File: spec-3663-55176-0830.fits 
On File: spec-3663-55176-0831.fits 
On File: spec-3663-55176-0832.fits 
On File: spec-3663-55176-0833.fits 
On File: spec-3663-55176-0834.fits 
On File: spec-3663-55176-0835.fits 
On File: spec-3663-55176-0836.fits 
On File: spec-3663-55176-0837.fits 
On File: spec-3663-55176-0838.fits 
On File: spec-3663-55176-0839.fits 
On File: spec-3663-55176-0840.fits 
On File: spec-3663-55176-0841.fits 
On File: spec-3663-55176-0842.fits 
On File: spec-3663-55176-0843.fits 
On File: spec-3663-55176-0844.fits 
On File: spec-3663-55176-0845.fits 
On File: spec-3663-55176-0846.fits 
On File: spec-3663-55176-0847.fits 
On File: spec-3663-55176-0848.fits 
On File: spec-3663-55176-0849.fits 
On File: spec-3663-55176-0850.fits 
On File: spec-3663-55176-0851.fits 
On File: spec-3663-55176-0852.fits 
On File: spec-3663-55176-0853.fits 
On File: spec-3663-55176-0854.fits 
On File: spec-3663-55176-0855.fits 
On File: spec-3663-55176-0856.fits 
On File: spec-3663-55176-0857.fits 
On File: spec-3663-55176-0858.fits 
On File: spec-3663-55176-0859.fits 
On File: spec-3663-55176-0860.fits 
On File: spec-3663-55176-0861.fits 
On File: spec-3663-55176-0862.fits 
On File: spec-3663-55176-0863.fits 
On File: spec-3663-55176-0864.fits 
On File: spec-3663-55176-0865.fits 
On File: spec-3663-55176-0866.fits 
On File: spec-3663-55176-0867.fits 
On File: spec-3663-55176-0868.fits 
On File: spec-3663-55176-0869.fits 
On File: spec-3663-55176-0870.fits 
On File: spec-3663-55176-0871.fits 
On File: spec-3663-55176-0872.fits 
On File: spec-3663-55176-0873.fits 
On File: spec-3663-55176-0874.fits 
On File: spec-3663-55176-0875.fits 
On File: spec-3663-55176-0876.fits 
On File: spec-3663-55176-0877.fits 
On File: spec-3663-55176-0878.fits 
On File: spec-3663-55176-0879.fits 
On File: spec-3663-55176-0880.fits 
On File: spec-3663-55176-0881.fits 
On File: spec-3663-55176-0882.fits 
On File: spec-3663-55176-0883.fits 
On File: spec-3663-55176-0884.fits 
On File: spec-3663-55176-0885.fits 
On File: spec-3663-55176-0886.fits 
On File: spec-3663-55176-0887.fits 
On File: spec-3663-55176-0888.fits 
On File: spec-3663-55176-0889.fits 
On File: spec-3663-55176-0890.fits 
On File: spec-3663-55176-0891.fits 
On File: spec-3663-55176-0892.fits 
On File: spec-3663-55176-0893.fits 
On File: spec-3663-55176-0894.fits 
On File: spec-3663-55176-0895.fits 
On File: spec-3663-55176-0896.fits 
On File: spec-3663-55176-0897.fits 
On File: spec-3663-55176-0898.fits 
On File: spec-3663-55176-0899.fits 
On File: spec-3663-55176-0900.fits 
On File: spec-3663-55176-0901.fits 
On File: spec-3663-55176-0902.fits 
On File: spec-3663-55176-0903.fits 
On File: spec-3663-55176-0904.fits 
On File: spec-3663-55176-0905.fits 
On File: spec-3663-55176-0906.fits 
On File: spec-3663-55176-0907.fits 
On File: spec-3663-55176-0908.fits 
On File: spec-3663-55176-0909.fits 
On File: spec-3663-55176-0910.fits 
On File: spec-3663-55176-0911.fits 
On File: spec-3663-55176-0912.fits 
On File: spec-3663-55176-0913.fits 
On File: spec-3663-55176-0914.fits 
On File: spec-3663-55176-0915.fits 
On File: spec-3663-55176-0916.fits 
On File: spec-3663-55176-0917.fits 
On File: spec-3663-55176-0918.fits 
On File: spec-3663-55176-0919.fits 
On File: spec-3663-55176-0920.fits 
On File: spec-3663-55176-0921.fits 
On File: spec-3663-55176-0922.fits 
On File: spec-3663-55176-0923.fits 
On File: spec-3663-55176-0924.fits 
On File: spec-3663-55176-0925.fits 
On File: spec-3663-55176-0926.fits 
On File: spec-3663-55176-0927.fits 
On File: spec-3663-55176-0928.fits 
On File: spec-3663-55176-0929.fits 
On File: spec-3663-55176-0930.fits 
On File: spec-3663-55176-0931.fits 
On File: spec-3663-55176-0932.fits 
On File: spec-3663-55176-0933.fits 
On File: spec-3663-55176-0934.fits 
On File: spec-3663-55176-0935.fits 
On File: spec-3663-55176-0936.fits 
On File: spec-3663-55176-0937.fits 
On File: spec-3663-55176-0938.fits 
On File: spec-3663-55176-0939.fits 
On File: spec-3663-55176-0940.fits 
On File: spec-3663-55176-0941.fits 
On File: spec-3663-55176-0942.fits 
On File: spec-3663-55176-0943.fits 
On File: spec-3663-55176-0944.fits 
On File: spec-3663-55176-0945.fits 
On File: spec-3663-55176-0946.fits 
On File: spec-3663-55176-0947.fits 
On File: spec-3663-55176-0948.fits 
On File: spec-3663-55176-0949.fits 
On File: spec-3663-55176-0950.fits 
On File: spec-3663-55176-0951.fits 
On File: spec-3663-55176-0952.fits 
On File: spec-3663-55176-0953.fits 
On File: spec-3663-55176-0954.fits 
On File: spec-3663-55176-0955.fits 
On File: spec-3663-55176-0956.fits 
On File: spec-3663-55176-0957.fits 
On File: spec-3663-55176-0958.fits 
On File: spec-3663-55176-0959.fits 
On File: spec-3663-55176-0960.fits 
On File: spec-3663-55176-0961.fits 
On File: spec-3663-55176-0962.fits 
On File: spec-3663-55176-0963.fits 
On File: spec-3663-55176-0964.fits 
On File: spec-3663-55176-0965.fits 
On File: spec-3663-55176-0966.fits 
On File: spec-3663-55176-0967.fits 
On File: spec-3663-55176-0968.fits 
On File: spec-3663-55176-0969.fits 
On File: spec-3663-55176-0970.fits 
On File: spec-3663-55176-0971.fits 
On File: spec-3663-55176-0972.fits 
On File: spec-3663-55176-0973.fits 
On File: spec-3663-55176-0974.fits 
On File: spec-3663-55176-0975.fits 
On File: spec-3663-55176-0976.fits 
On File: spec-3663-55176-0977.fits 
On File: spec-3663-55176-0978.fits 
On File: spec-3663-55176-0979.fits 
On File: spec-3663-55176-0980.fits 
On File: spec-3663-55176-0981.fits 
On File: spec-3663-55176-0982.fits 
On File: spec-3663-55176-0983.fits 
On File: spec-3663-55176-0984.fits 
On File: spec-3663-55176-0985.fits 
On File: spec-3663-55176-0986.fits 
On File: spec-3663-55176-0987.fits 
On File: spec-3663-55176-0988.fits 
On File: spec-3663-55176-0989.fits 
On File: spec-3663-55176-0990.fits 
On File: spec-3663-55176-0991.fits 
On File: spec-3663-55176-0992.fits 
On File: spec-3663-55176-0993.fits 
On File: spec-3663-55176-0994.fits 
On File: spec-3663-55176-0995.fits 
On File: spec-3663-55176-0996.fits 
On File: spec-3663-55176-0997.fits 
On File: spec-3663-55176-0998.fits 
On File: spec-3663-55176-0999.fits 
On File: spec-3663-55176-1000.fits 
[1] "Job Complete!"
