Unpacking R413.tar.gz ...
Unpacking packages_FITSio.tar.gz ...
Unpacking current *.tgz file
[1] "Initializing Console ..."
[1] "Inputing command line prompts ..."
[1] "Loading package FITSio."
[1] "Reading cB58_Lyman_break.fit ..."
[1] "Starting main process ..."
On File: spec-3670-55480-0001.fits 
On File: spec-3670-55480-0002.fits 
On File: spec-3670-55480-0003.fits 
On File: spec-3670-55480-0004.fits 
On File: spec-3670-55480-0005.fits 
On File: spec-3670-55480-0006.fits 
On File: spec-3670-55480-0007.fits 
On File: spec-3670-55480-0008.fits 
On File: spec-3670-55480-0009.fits 
On File: spec-3670-55480-0010.fits 
On File: spec-3670-55480-0011.fits 
On File: spec-3670-55480-0012.fits 
On File: spec-3670-55480-0013.fits 
On File: spec-3670-55480-0014.fits 
On File: spec-3670-55480-0015.fits 
On File: spec-3670-55480-0016.fits 
On File: spec-3670-55480-0017.fits 
On File: spec-3670-55480-0018.fits 
On File: spec-3670-55480-0019.fits 
On File: spec-3670-55480-0020.fits 
On File: spec-3670-55480-0021.fits 
On File: spec-3670-55480-0022.fits 
On File: spec-3670-55480-0023.fits 
On File: spec-3670-55480-0024.fits 
On File: spec-3670-55480-0025.fits 
On File: spec-3670-55480-0026.fits 
On File: spec-3670-55480-0027.fits 
On File: spec-3670-55480-0028.fits 
On File: spec-3670-55480-0029.fits 
On File: spec-3670-55480-0030.fits 
On File: spec-3670-55480-0031.fits 
On File: spec-3670-55480-0032.fits 
On File: spec-3670-55480-0033.fits 
On File: spec-3670-55480-0034.fits 
On File: spec-3670-55480-0035.fits 
On File: spec-3670-55480-0036.fits 
On File: spec-3670-55480-0037.fits 
On File: spec-3670-55480-0038.fits 
On File: spec-3670-55480-0039.fits 
On File: spec-3670-55480-0040.fits 
On File: spec-3670-55480-0041.fits 
On File: spec-3670-55480-0042.fits 
On File: spec-3670-55480-0043.fits 
On File: spec-3670-55480-0044.fits 
On File: spec-3670-55480-0045.fits 
On File: spec-3670-55480-0046.fits 
On File: spec-3670-55480-0047.fits 
On File: spec-3670-55480-0048.fits 
On File: spec-3670-55480-0049.fits 
On File: spec-3670-55480-0050.fits 
On File: spec-3670-55480-0051.fits 
On File: spec-3670-55480-0052.fits 
On File: spec-3670-55480-0053.fits 
On File: spec-3670-55480-0054.fits 
On File: spec-3670-55480-0055.fits 
On File: spec-3670-55480-0056.fits 
On File: spec-3670-55480-0057.fits 
On File: spec-3670-55480-0058.fits 
On File: spec-3670-55480-0059.fits 
On File: spec-3670-55480-0060.fits 
On File: spec-3670-55480-0061.fits 
On File: spec-3670-55480-0062.fits 
On File: spec-3670-55480-0063.fits 
On File: spec-3670-55480-0064.fits 
On File: spec-3670-55480-0065.fits 
On File: spec-3670-55480-0066.fits 
On File: spec-3670-55480-0067.fits 
On File: spec-3670-55480-0068.fits 
On File: spec-3670-55480-0069.fits 
On File: spec-3670-55480-0070.fits 
On File: spec-3670-55480-0071.fits 
On File: spec-3670-55480-0072.fits 
On File: spec-3670-55480-0073.fits 
On File: spec-3670-55480-0074.fits 
On File: spec-3670-55480-0075.fits 
On File: spec-3670-55480-0076.fits 
On File: spec-3670-55480-0077.fits 
On File: spec-3670-55480-0078.fits 
On File: spec-3670-55480-0079.fits 
On File: spec-3670-55480-0080.fits 
On File: spec-3670-55480-0081.fits 
On File: spec-3670-55480-0082.fits 
On File: spec-3670-55480-0083.fits 
On File: spec-3670-55480-0084.fits 
On File: spec-3670-55480-0085.fits 
On File: spec-3670-55480-0086.fits 
On File: spec-3670-55480-0087.fits 
On File: spec-3670-55480-0088.fits 
On File: spec-3670-55480-0089.fits 
On File: spec-3670-55480-0090.fits 
On File: spec-3670-55480-0091.fits 
On File: spec-3670-55480-0092.fits 
On File: spec-3670-55480-0093.fits 
On File: spec-3670-55480-0094.fits 
On File: spec-3670-55480-0095.fits 
On File: spec-3670-55480-0096.fits 
On File: spec-3670-55480-0097.fits 
On File: spec-3670-55480-0098.fits 
On File: spec-3670-55480-0099.fits 
On File: spec-3670-55480-0100.fits 
On File: spec-3670-55480-0101.fits 
On File: spec-3670-55480-0102.fits 
On File: spec-3670-55480-0103.fits 
On File: spec-3670-55480-0104.fits 
On File: spec-3670-55480-0105.fits 
On File: spec-3670-55480-0106.fits 
On File: spec-3670-55480-0107.fits 
On File: spec-3670-55480-0108.fits 
On File: spec-3670-55480-0109.fits 
On File: spec-3670-55480-0110.fits 
On File: spec-3670-55480-0111.fits 
On File: spec-3670-55480-0112.fits 
On File: spec-3670-55480-0113.fits 
On File: spec-3670-55480-0114.fits 
On File: spec-3670-55480-0115.fits 
On File: spec-3670-55480-0116.fits 
On File: spec-3670-55480-0117.fits 
On File: spec-3670-55480-0118.fits 
On File: spec-3670-55480-0119.fits 
On File: spec-3670-55480-0120.fits 
On File: spec-3670-55480-0121.fits 
On File: spec-3670-55480-0122.fits 
On File: spec-3670-55480-0123.fits 
On File: spec-3670-55480-0124.fits 
On File: spec-3670-55480-0125.fits 
On File: spec-3670-55480-0126.fits 
On File: spec-3670-55480-0127.fits 
On File: spec-3670-55480-0128.fits 
On File: spec-3670-55480-0129.fits 
On File: spec-3670-55480-0130.fits 
On File: spec-3670-55480-0131.fits 
On File: spec-3670-55480-0132.fits 
On File: spec-3670-55480-0133.fits 
On File: spec-3670-55480-0134.fits 
On File: spec-3670-55480-0135.fits 
On File: spec-3670-55480-0136.fits 
On File: spec-3670-55480-0137.fits 
On File: spec-3670-55480-0138.fits 
On File: spec-3670-55480-0139.fits 
On File: spec-3670-55480-0140.fits 
On File: spec-3670-55480-0141.fits 
On File: spec-3670-55480-0142.fits 
On File: spec-3670-55480-0143.fits 
On File: spec-3670-55480-0144.fits 
On File: spec-3670-55480-0145.fits 
On File: spec-3670-55480-0146.fits 
On File: spec-3670-55480-0147.fits 
On File: spec-3670-55480-0148.fits 
On File: spec-3670-55480-0149.fits 
On File: spec-3670-55480-0150.fits 
On File: spec-3670-55480-0151.fits 
On File: spec-3670-55480-0152.fits 
On File: spec-3670-55480-0153.fits 
On File: spec-3670-55480-0154.fits 
On File: spec-3670-55480-0155.fits 
On File: spec-3670-55480-0156.fits 
On File: spec-3670-55480-0157.fits 
On File: spec-3670-55480-0158.fits 
On File: spec-3670-55480-0159.fits 
On File: spec-3670-55480-0160.fits 
On File: spec-3670-55480-0161.fits 
On File: spec-3670-55480-0162.fits 
On File: spec-3670-55480-0163.fits 
On File: spec-3670-55480-0164.fits 
On File: spec-3670-55480-0165.fits 
On File: spec-3670-55480-0166.fits 
On File: spec-3670-55480-0167.fits 
On File: spec-3670-55480-0168.fits 
On File: spec-3670-55480-0169.fits 
On File: spec-3670-55480-0170.fits 
On File: spec-3670-55480-0171.fits 
On File: spec-3670-55480-0172.fits 
On File: spec-3670-55480-0173.fits 
On File: spec-3670-55480-0174.fits 
On File: spec-3670-55480-0175.fits 
On File: spec-3670-55480-0176.fits 
On File: spec-3670-55480-0177.fits 
On File: spec-3670-55480-0178.fits 
On File: spec-3670-55480-0179.fits 
On File: spec-3670-55480-0180.fits 
On File: spec-3670-55480-0181.fits 
On File: spec-3670-55480-0182.fits 
On File: spec-3670-55480-0183.fits 
On File: spec-3670-55480-0184.fits 
On File: spec-3670-55480-0185.fits 
On File: spec-3670-55480-0186.fits 
On File: spec-3670-55480-0187.fits 
On File: spec-3670-55480-0188.fits 
On File: spec-3670-55480-0189.fits 
On File: spec-3670-55480-0190.fits 
On File: spec-3670-55480-0191.fits 
On File: spec-3670-55480-0192.fits 
On File: spec-3670-55480-0193.fits 
On File: spec-3670-55480-0194.fits 
On File: spec-3670-55480-0195.fits 
On File: spec-3670-55480-0196.fits 
On File: spec-3670-55480-0197.fits 
On File: spec-3670-55480-0198.fits 
On File: spec-3670-55480-0199.fits 
On File: spec-3670-55480-0200.fits 
On File: spec-3670-55480-0201.fits 
On File: spec-3670-55480-0202.fits 
On File: spec-3670-55480-0203.fits 
On File: spec-3670-55480-0204.fits 
On File: spec-3670-55480-0205.fits 
On File: spec-3670-55480-0206.fits 
On File: spec-3670-55480-0207.fits 
On File: spec-3670-55480-0208.fits 
On File: spec-3670-55480-0209.fits 
On File: spec-3670-55480-0210.fits 
On File: spec-3670-55480-0211.fits 
On File: spec-3670-55480-0212.fits 
On File: spec-3670-55480-0213.fits 
On File: spec-3670-55480-0214.fits 
On File: spec-3670-55480-0215.fits 
On File: spec-3670-55480-0216.fits 
On File: spec-3670-55480-0217.fits 
On File: spec-3670-55480-0218.fits 
On File: spec-3670-55480-0219.fits 
On File: spec-3670-55480-0220.fits 
On File: spec-3670-55480-0221.fits 
On File: spec-3670-55480-0222.fits 
On File: spec-3670-55480-0223.fits 
On File: spec-3670-55480-0224.fits 
On File: spec-3670-55480-0225.fits 
On File: spec-3670-55480-0226.fits 
On File: spec-3670-55480-0227.fits 
On File: spec-3670-55480-0228.fits 
On File: spec-3670-55480-0229.fits 
On File: spec-3670-55480-0230.fits 
On File: spec-3670-55480-0231.fits 
On File: spec-3670-55480-0232.fits 
On File: spec-3670-55480-0233.fits 
On File: spec-3670-55480-0234.fits 
On File: spec-3670-55480-0235.fits 
On File: spec-3670-55480-0236.fits 
On File: spec-3670-55480-0237.fits 
On File: spec-3670-55480-0238.fits 
On File: spec-3670-55480-0239.fits 
On File: spec-3670-55480-0240.fits 
On File: spec-3670-55480-0241.fits 
On File: spec-3670-55480-0242.fits 
On File: spec-3670-55480-0243.fits 
On File: spec-3670-55480-0244.fits 
On File: spec-3670-55480-0245.fits 
On File: spec-3670-55480-0246.fits 
On File: spec-3670-55480-0247.fits 
On File: spec-3670-55480-0248.fits 
On File: spec-3670-55480-0249.fits 
On File: spec-3670-55480-0250.fits 
On File: spec-3670-55480-0251.fits 
On File: spec-3670-55480-0252.fits 
On File: spec-3670-55480-0253.fits 
On File: spec-3670-55480-0254.fits 
On File: spec-3670-55480-0255.fits 
On File: spec-3670-55480-0256.fits 
On File: spec-3670-55480-0257.fits 
On File: spec-3670-55480-0258.fits 
On File: spec-3670-55480-0259.fits 
On File: spec-3670-55480-0260.fits 
On File: spec-3670-55480-0261.fits 
On File: spec-3670-55480-0262.fits 
On File: spec-3670-55480-0263.fits 
On File: spec-3670-55480-0264.fits 
On File: spec-3670-55480-0265.fits 
On File: spec-3670-55480-0266.fits 
On File: spec-3670-55480-0267.fits 
On File: spec-3670-55480-0268.fits 
On File: spec-3670-55480-0269.fits 
On File: spec-3670-55480-0270.fits 
On File: spec-3670-55480-0271.fits 
On File: spec-3670-55480-0272.fits 
On File: spec-3670-55480-0273.fits 
On File: spec-3670-55480-0274.fits 
On File: spec-3670-55480-0275.fits 
On File: spec-3670-55480-0276.fits 
On File: spec-3670-55480-0277.fits 
On File: spec-3670-55480-0278.fits 
On File: spec-3670-55480-0279.fits 
On File: spec-3670-55480-0280.fits 
On File: spec-3670-55480-0281.fits 
On File: spec-3670-55480-0282.fits 
On File: spec-3670-55480-0283.fits 
On File: spec-3670-55480-0284.fits 
On File: spec-3670-55480-0285.fits 
On File: spec-3670-55480-0286.fits 
On File: spec-3670-55480-0287.fits 
On File: spec-3670-55480-0288.fits 
On File: spec-3670-55480-0289.fits 
On File: spec-3670-55480-0290.fits 
On File: spec-3670-55480-0291.fits 
On File: spec-3670-55480-0292.fits 
On File: spec-3670-55480-0293.fits 
On File: spec-3670-55480-0294.fits 
On File: spec-3670-55480-0295.fits 
On File: spec-3670-55480-0296.fits 
On File: spec-3670-55480-0297.fits 
On File: spec-3670-55480-0298.fits 
On File: spec-3670-55480-0299.fits 
On File: spec-3670-55480-0300.fits 
On File: spec-3670-55480-0301.fits 
On File: spec-3670-55480-0302.fits 
On File: spec-3670-55480-0303.fits 
On File: spec-3670-55480-0304.fits 
On File: spec-3670-55480-0305.fits 
On File: spec-3670-55480-0306.fits 
On File: spec-3670-55480-0307.fits 
On File: spec-3670-55480-0308.fits 
On File: spec-3670-55480-0309.fits 
On File: spec-3670-55480-0310.fits 
On File: spec-3670-55480-0311.fits 
On File: spec-3670-55480-0312.fits 
On File: spec-3670-55480-0313.fits 
On File: spec-3670-55480-0314.fits 
On File: spec-3670-55480-0315.fits 
On File: spec-3670-55480-0316.fits 
On File: spec-3670-55480-0317.fits 
On File: spec-3670-55480-0318.fits 
On File: spec-3670-55480-0319.fits 
On File: spec-3670-55480-0320.fits 
On File: spec-3670-55480-0321.fits 
On File: spec-3670-55480-0322.fits 
On File: spec-3670-55480-0323.fits 
On File: spec-3670-55480-0324.fits 
On File: spec-3670-55480-0325.fits 
On File: spec-3670-55480-0326.fits 
On File: spec-3670-55480-0327.fits 
On File: spec-3670-55480-0328.fits 
On File: spec-3670-55480-0329.fits 
On File: spec-3670-55480-0330.fits 
On File: spec-3670-55480-0331.fits 
On File: spec-3670-55480-0332.fits 
On File: spec-3670-55480-0333.fits 
On File: spec-3670-55480-0334.fits 
On File: spec-3670-55480-0335.fits 
On File: spec-3670-55480-0336.fits 
On File: spec-3670-55480-0337.fits 
On File: spec-3670-55480-0338.fits 
On File: spec-3670-55480-0339.fits 
On File: spec-3670-55480-0340.fits 
On File: spec-3670-55480-0341.fits 
On File: spec-3670-55480-0342.fits 
On File: spec-3670-55480-0343.fits 
On File: spec-3670-55480-0344.fits 
On File: spec-3670-55480-0345.fits 
On File: spec-3670-55480-0346.fits 
On File: spec-3670-55480-0347.fits 
On File: spec-3670-55480-0348.fits 
On File: spec-3670-55480-0349.fits 
On File: spec-3670-55480-0350.fits 
On File: spec-3670-55480-0351.fits 
On File: spec-3670-55480-0352.fits 
On File: spec-3670-55480-0353.fits 
On File: spec-3670-55480-0354.fits 
On File: spec-3670-55480-0355.fits 
On File: spec-3670-55480-0356.fits 
On File: spec-3670-55480-0357.fits 
On File: spec-3670-55480-0358.fits 
On File: spec-3670-55480-0359.fits 
On File: spec-3670-55480-0360.fits 
On File: spec-3670-55480-0361.fits 
On File: spec-3670-55480-0362.fits 
On File: spec-3670-55480-0363.fits 
On File: spec-3670-55480-0364.fits 
On File: spec-3670-55480-0365.fits 
On File: spec-3670-55480-0366.fits 
On File: spec-3670-55480-0367.fits 
On File: spec-3670-55480-0368.fits 
On File: spec-3670-55480-0369.fits 
On File: spec-3670-55480-0370.fits 
On File: spec-3670-55480-0371.fits 
On File: spec-3670-55480-0372.fits 
On File: spec-3670-55480-0373.fits 
On File: spec-3670-55480-0374.fits 
On File: spec-3670-55480-0375.fits 
On File: spec-3670-55480-0376.fits 
On File: spec-3670-55480-0377.fits 
On File: spec-3670-55480-0378.fits 
On File: spec-3670-55480-0379.fits 
On File: spec-3670-55480-0380.fits 
On File: spec-3670-55480-0381.fits 
On File: spec-3670-55480-0382.fits 
On File: spec-3670-55480-0383.fits 
On File: spec-3670-55480-0384.fits 
On File: spec-3670-55480-0385.fits 
On File: spec-3670-55480-0386.fits 
On File: spec-3670-55480-0387.fits 
On File: spec-3670-55480-0388.fits 
On File: spec-3670-55480-0389.fits 
On File: spec-3670-55480-0390.fits 
On File: spec-3670-55480-0391.fits 
On File: spec-3670-55480-0392.fits 
On File: spec-3670-55480-0393.fits 
On File: spec-3670-55480-0394.fits 
On File: spec-3670-55480-0395.fits 
On File: spec-3670-55480-0396.fits 
On File: spec-3670-55480-0397.fits 
On File: spec-3670-55480-0398.fits 
On File: spec-3670-55480-0399.fits 
On File: spec-3670-55480-0400.fits 
On File: spec-3670-55480-0401.fits 
On File: spec-3670-55480-0402.fits 
On File: spec-3670-55480-0403.fits 
On File: spec-3670-55480-0404.fits 
On File: spec-3670-55480-0405.fits 
On File: spec-3670-55480-0406.fits 
On File: spec-3670-55480-0407.fits 
On File: spec-3670-55480-0408.fits 
On File: spec-3670-55480-0409.fits 
On File: spec-3670-55480-0410.fits 
On File: spec-3670-55480-0411.fits 
On File: spec-3670-55480-0412.fits 
On File: spec-3670-55480-0413.fits 
On File: spec-3670-55480-0414.fits 
On File: spec-3670-55480-0415.fits 
On File: spec-3670-55480-0416.fits 
On File: spec-3670-55480-0417.fits 
On File: spec-3670-55480-0418.fits 
On File: spec-3670-55480-0419.fits 
On File: spec-3670-55480-0420.fits 
On File: spec-3670-55480-0421.fits 
On File: spec-3670-55480-0422.fits 
On File: spec-3670-55480-0423.fits 
On File: spec-3670-55480-0424.fits 
On File: spec-3670-55480-0425.fits 
On File: spec-3670-55480-0426.fits 
On File: spec-3670-55480-0427.fits 
On File: spec-3670-55480-0428.fits 
On File: spec-3670-55480-0429.fits 
On File: spec-3670-55480-0430.fits 
On File: spec-3670-55480-0431.fits 
On File: spec-3670-55480-0432.fits 
On File: spec-3670-55480-0433.fits 
On File: spec-3670-55480-0434.fits 
On File: spec-3670-55480-0435.fits 
On File: spec-3670-55480-0436.fits 
On File: spec-3670-55480-0437.fits 
On File: spec-3670-55480-0438.fits 
On File: spec-3670-55480-0439.fits 
On File: spec-3670-55480-0440.fits 
On File: spec-3670-55480-0441.fits 
On File: spec-3670-55480-0442.fits 
On File: spec-3670-55480-0443.fits 
On File: spec-3670-55480-0444.fits 
On File: spec-3670-55480-0445.fits 
On File: spec-3670-55480-0446.fits 
On File: spec-3670-55480-0447.fits 
On File: spec-3670-55480-0448.fits 
On File: spec-3670-55480-0449.fits 
On File: spec-3670-55480-0450.fits 
On File: spec-3670-55480-0451.fits 
On File: spec-3670-55480-0452.fits 
On File: spec-3670-55480-0453.fits 
On File: spec-3670-55480-0454.fits 
On File: spec-3670-55480-0455.fits 
On File: spec-3670-55480-0456.fits 
On File: spec-3670-55480-0457.fits 
On File: spec-3670-55480-0458.fits 
On File: spec-3670-55480-0459.fits 
On File: spec-3670-55480-0460.fits 
On File: spec-3670-55480-0461.fits 
On File: spec-3670-55480-0462.fits 
On File: spec-3670-55480-0463.fits 
On File: spec-3670-55480-0464.fits 
On File: spec-3670-55480-0465.fits 
On File: spec-3670-55480-0466.fits 
On File: spec-3670-55480-0467.fits 
On File: spec-3670-55480-0468.fits 
On File: spec-3670-55480-0469.fits 
On File: spec-3670-55480-0470.fits 
On File: spec-3670-55480-0471.fits 
On File: spec-3670-55480-0472.fits 
On File: spec-3670-55480-0473.fits 
On File: spec-3670-55480-0474.fits 
On File: spec-3670-55480-0475.fits 
On File: spec-3670-55480-0476.fits 
On File: spec-3670-55480-0477.fits 
On File: spec-3670-55480-0478.fits 
On File: spec-3670-55480-0479.fits 
On File: spec-3670-55480-0480.fits 
On File: spec-3670-55480-0481.fits 
On File: spec-3670-55480-0482.fits 
On File: spec-3670-55480-0483.fits 
On File: spec-3670-55480-0484.fits 
On File: spec-3670-55480-0485.fits 
On File: spec-3670-55480-0486.fits 
On File: spec-3670-55480-0487.fits 
On File: spec-3670-55480-0488.fits 
On File: spec-3670-55480-0489.fits 
On File: spec-3670-55480-0490.fits 
On File: spec-3670-55480-0491.fits 
On File: spec-3670-55480-0492.fits 
On File: spec-3670-55480-0493.fits 
On File: spec-3670-55480-0494.fits 
On File: spec-3670-55480-0495.fits 
On File: spec-3670-55480-0496.fits 
On File: spec-3670-55480-0497.fits 
On File: spec-3670-55480-0498.fits 
On File: spec-3670-55480-0499.fits 
On File: spec-3670-55480-0500.fits 
On File: spec-3670-55480-0501.fits 
On File: spec-3670-55480-0502.fits 
On File: spec-3670-55480-0503.fits 
On File: spec-3670-55480-0504.fits 
On File: spec-3670-55480-0505.fits 
On File: spec-3670-55480-0506.fits 
On File: spec-3670-55480-0507.fits 
On File: spec-3670-55480-0508.fits 
On File: spec-3670-55480-0509.fits 
On File: spec-3670-55480-0510.fits 
On File: spec-3670-55480-0511.fits 
On File: spec-3670-55480-0512.fits 
On File: spec-3670-55480-0513.fits 
On File: spec-3670-55480-0514.fits 
On File: spec-3670-55480-0515.fits 
On File: spec-3670-55480-0516.fits 
On File: spec-3670-55480-0517.fits 
On File: spec-3670-55480-0518.fits 
On File: spec-3670-55480-0519.fits 
On File: spec-3670-55480-0520.fits 
On File: spec-3670-55480-0521.fits 
On File: spec-3670-55480-0522.fits 
On File: spec-3670-55480-0523.fits 
On File: spec-3670-55480-0524.fits 
On File: spec-3670-55480-0525.fits 
On File: spec-3670-55480-0526.fits 
On File: spec-3670-55480-0527.fits 
On File: spec-3670-55480-0528.fits 
On File: spec-3670-55480-0529.fits 
On File: spec-3670-55480-0530.fits 
On File: spec-3670-55480-0531.fits 
On File: spec-3670-55480-0532.fits 
On File: spec-3670-55480-0533.fits 
On File: spec-3670-55480-0534.fits 
On File: spec-3670-55480-0535.fits 
On File: spec-3670-55480-0536.fits 
On File: spec-3670-55480-0537.fits 
On File: spec-3670-55480-0538.fits 
On File: spec-3670-55480-0539.fits 
On File: spec-3670-55480-0540.fits 
On File: spec-3670-55480-0541.fits 
On File: spec-3670-55480-0542.fits 
On File: spec-3670-55480-0543.fits 
On File: spec-3670-55480-0544.fits 
On File: spec-3670-55480-0545.fits 
On File: spec-3670-55480-0546.fits 
On File: spec-3670-55480-0547.fits 
On File: spec-3670-55480-0548.fits 
On File: spec-3670-55480-0549.fits 
On File: spec-3670-55480-0550.fits 
On File: spec-3670-55480-0551.fits 
On File: spec-3670-55480-0552.fits 
On File: spec-3670-55480-0553.fits 
On File: spec-3670-55480-0554.fits 
On File: spec-3670-55480-0555.fits 
On File: spec-3670-55480-0556.fits 
On File: spec-3670-55480-0557.fits 
On File: spec-3670-55480-0558.fits 
On File: spec-3670-55480-0559.fits 
On File: spec-3670-55480-0560.fits 
On File: spec-3670-55480-0561.fits 
On File: spec-3670-55480-0562.fits 
On File: spec-3670-55480-0563.fits 
On File: spec-3670-55480-0564.fits 
On File: spec-3670-55480-0565.fits 
On File: spec-3670-55480-0566.fits 
On File: spec-3670-55480-0567.fits 
On File: spec-3670-55480-0568.fits 
On File: spec-3670-55480-0569.fits 
On File: spec-3670-55480-0570.fits 
On File: spec-3670-55480-0571.fits 
On File: spec-3670-55480-0572.fits 
On File: spec-3670-55480-0573.fits 
On File: spec-3670-55480-0574.fits 
On File: spec-3670-55480-0575.fits 
On File: spec-3670-55480-0576.fits 
On File: spec-3670-55480-0577.fits 
On File: spec-3670-55480-0578.fits 
On File: spec-3670-55480-0579.fits 
On File: spec-3670-55480-0580.fits 
On File: spec-3670-55480-0581.fits 
On File: spec-3670-55480-0582.fits 
On File: spec-3670-55480-0583.fits 
On File: spec-3670-55480-0584.fits 
On File: spec-3670-55480-0585.fits 
On File: spec-3670-55480-0586.fits 
On File: spec-3670-55480-0587.fits 
On File: spec-3670-55480-0588.fits 
On File: spec-3670-55480-0589.fits 
On File: spec-3670-55480-0590.fits 
On File: spec-3670-55480-0591.fits 
On File: spec-3670-55480-0592.fits 
On File: spec-3670-55480-0593.fits 
On File: spec-3670-55480-0594.fits 
On File: spec-3670-55480-0595.fits 
On File: spec-3670-55480-0596.fits 
On File: spec-3670-55480-0597.fits 
On File: spec-3670-55480-0598.fits 
On File: spec-3670-55480-0599.fits 
On File: spec-3670-55480-0600.fits 
On File: spec-3670-55480-0601.fits 
On File: spec-3670-55480-0602.fits 
On File: spec-3670-55480-0603.fits 
On File: spec-3670-55480-0604.fits 
On File: spec-3670-55480-0605.fits 
On File: spec-3670-55480-0606.fits 
On File: spec-3670-55480-0607.fits 
On File: spec-3670-55480-0608.fits 
On File: spec-3670-55480-0609.fits 
On File: spec-3670-55480-0610.fits 
On File: spec-3670-55480-0611.fits 
On File: spec-3670-55480-0612.fits 
On File: spec-3670-55480-0613.fits 
On File: spec-3670-55480-0614.fits 
On File: spec-3670-55480-0615.fits 
On File: spec-3670-55480-0616.fits 
On File: spec-3670-55480-0617.fits 
On File: spec-3670-55480-0618.fits 
On File: spec-3670-55480-0619.fits 
On File: spec-3670-55480-0620.fits 
On File: spec-3670-55480-0621.fits 
On File: spec-3670-55480-0622.fits 
On File: spec-3670-55480-0623.fits 
On File: spec-3670-55480-0624.fits 
On File: spec-3670-55480-0625.fits 
On File: spec-3670-55480-0626.fits 
On File: spec-3670-55480-0627.fits 
On File: spec-3670-55480-0628.fits 
On File: spec-3670-55480-0629.fits 
On File: spec-3670-55480-0630.fits 
On File: spec-3670-55480-0631.fits 
On File: spec-3670-55480-0632.fits 
On File: spec-3670-55480-0633.fits 
On File: spec-3670-55480-0634.fits 
On File: spec-3670-55480-0635.fits 
On File: spec-3670-55480-0636.fits 
On File: spec-3670-55480-0637.fits 
On File: spec-3670-55480-0638.fits 
On File: spec-3670-55480-0639.fits 
On File: spec-3670-55480-0640.fits 
On File: spec-3670-55480-0641.fits 
On File: spec-3670-55480-0642.fits 
On File: spec-3670-55480-0643.fits 
On File: spec-3670-55480-0644.fits 
On File: spec-3670-55480-0645.fits 
On File: spec-3670-55480-0646.fits 
On File: spec-3670-55480-0647.fits 
On File: spec-3670-55480-0648.fits 
On File: spec-3670-55480-0649.fits 
On File: spec-3670-55480-0650.fits 
On File: spec-3670-55480-0651.fits 
On File: spec-3670-55480-0652.fits 
On File: spec-3670-55480-0653.fits 
On File: spec-3670-55480-0654.fits 
On File: spec-3670-55480-0655.fits 
On File: spec-3670-55480-0656.fits 
On File: spec-3670-55480-0657.fits 
On File: spec-3670-55480-0658.fits 
On File: spec-3670-55480-0659.fits 
On File: spec-3670-55480-0660.fits 
On File: spec-3670-55480-0661.fits 
On File: spec-3670-55480-0662.fits 
On File: spec-3670-55480-0663.fits 
On File: spec-3670-55480-0664.fits 
On File: spec-3670-55480-0665.fits 
On File: spec-3670-55480-0666.fits 
On File: spec-3670-55480-0667.fits 
On File: spec-3670-55480-0668.fits 
On File: spec-3670-55480-0669.fits 
On File: spec-3670-55480-0670.fits 
On File: spec-3670-55480-0671.fits 
On File: spec-3670-55480-0672.fits 
On File: spec-3670-55480-0673.fits 
On File: spec-3670-55480-0674.fits 
On File: spec-3670-55480-0675.fits 
On File: spec-3670-55480-0676.fits 
On File: spec-3670-55480-0677.fits 
On File: spec-3670-55480-0678.fits 
On File: spec-3670-55480-0679.fits 
On File: spec-3670-55480-0680.fits 
On File: spec-3670-55480-0681.fits 
On File: spec-3670-55480-0682.fits 
On File: spec-3670-55480-0683.fits 
On File: spec-3670-55480-0684.fits 
On File: spec-3670-55480-0685.fits 
On File: spec-3670-55480-0686.fits 
On File: spec-3670-55480-0687.fits 
On File: spec-3670-55480-0688.fits 
On File: spec-3670-55480-0689.fits 
On File: spec-3670-55480-0690.fits 
On File: spec-3670-55480-0691.fits 
On File: spec-3670-55480-0692.fits 
On File: spec-3670-55480-0693.fits 
On File: spec-3670-55480-0694.fits 
On File: spec-3670-55480-0695.fits 
On File: spec-3670-55480-0696.fits 
On File: spec-3670-55480-0697.fits 
On File: spec-3670-55480-0698.fits 
On File: spec-3670-55480-0699.fits 
On File: spec-3670-55480-0700.fits 
On File: spec-3670-55480-0701.fits 
On File: spec-3670-55480-0702.fits 
On File: spec-3670-55480-0703.fits 
On File: spec-3670-55480-0704.fits 
On File: spec-3670-55480-0705.fits 
On File: spec-3670-55480-0706.fits 
On File: spec-3670-55480-0707.fits 
On File: spec-3670-55480-0708.fits 
On File: spec-3670-55480-0709.fits 
On File: spec-3670-55480-0710.fits 
On File: spec-3670-55480-0711.fits 
On File: spec-3670-55480-0712.fits 
On File: spec-3670-55480-0713.fits 
On File: spec-3670-55480-0714.fits 
On File: spec-3670-55480-0715.fits 
On File: spec-3670-55480-0716.fits 
On File: spec-3670-55480-0717.fits 
On File: spec-3670-55480-0718.fits 
On File: spec-3670-55480-0719.fits 
On File: spec-3670-55480-0720.fits 
On File: spec-3670-55480-0721.fits 
On File: spec-3670-55480-0722.fits 
On File: spec-3670-55480-0723.fits 
On File: spec-3670-55480-0724.fits 
On File: spec-3670-55480-0725.fits 
On File: spec-3670-55480-0726.fits 
On File: spec-3670-55480-0727.fits 
On File: spec-3670-55480-0728.fits 
On File: spec-3670-55480-0729.fits 
On File: spec-3670-55480-0730.fits 
On File: spec-3670-55480-0731.fits 
On File: spec-3670-55480-0732.fits 
On File: spec-3670-55480-0733.fits 
On File: spec-3670-55480-0734.fits 
On File: spec-3670-55480-0735.fits 
On File: spec-3670-55480-0736.fits 
On File: spec-3670-55480-0737.fits 
On File: spec-3670-55480-0738.fits 
On File: spec-3670-55480-0739.fits 
On File: spec-3670-55480-0740.fits 
On File: spec-3670-55480-0741.fits 
On File: spec-3670-55480-0742.fits 
On File: spec-3670-55480-0743.fits 
On File: spec-3670-55480-0744.fits 
On File: spec-3670-55480-0745.fits 
On File: spec-3670-55480-0746.fits 
On File: spec-3670-55480-0747.fits 
On File: spec-3670-55480-0748.fits 
On File: spec-3670-55480-0749.fits 
On File: spec-3670-55480-0750.fits 
On File: spec-3670-55480-0751.fits 
On File: spec-3670-55480-0752.fits 
On File: spec-3670-55480-0753.fits 
On File: spec-3670-55480-0754.fits 
On File: spec-3670-55480-0755.fits 
On File: spec-3670-55480-0756.fits 
On File: spec-3670-55480-0757.fits 
On File: spec-3670-55480-0758.fits 
On File: spec-3670-55480-0759.fits 
On File: spec-3670-55480-0760.fits 
On File: spec-3670-55480-0761.fits 
On File: spec-3670-55480-0762.fits 
On File: spec-3670-55480-0763.fits 
On File: spec-3670-55480-0764.fits 
On File: spec-3670-55480-0765.fits 
On File: spec-3670-55480-0766.fits 
On File: spec-3670-55480-0767.fits 
On File: spec-3670-55480-0768.fits 
On File: spec-3670-55480-0769.fits 
On File: spec-3670-55480-0770.fits 
On File: spec-3670-55480-0771.fits 
On File: spec-3670-55480-0772.fits 
On File: spec-3670-55480-0773.fits 
On File: spec-3670-55480-0774.fits 
On File: spec-3670-55480-0775.fits 
On File: spec-3670-55480-0776.fits 
On File: spec-3670-55480-0777.fits 
On File: spec-3670-55480-0778.fits 
On File: spec-3670-55480-0779.fits 
On File: spec-3670-55480-0780.fits 
On File: spec-3670-55480-0781.fits 
On File: spec-3670-55480-0782.fits 
On File: spec-3670-55480-0783.fits 
On File: spec-3670-55480-0784.fits 
On File: spec-3670-55480-0785.fits 
On File: spec-3670-55480-0786.fits 
On File: spec-3670-55480-0787.fits 
On File: spec-3670-55480-0788.fits 
On File: spec-3670-55480-0789.fits 
On File: spec-3670-55480-0790.fits 
On File: spec-3670-55480-0791.fits 
On File: spec-3670-55480-0792.fits 
On File: spec-3670-55480-0793.fits 
On File: spec-3670-55480-0794.fits 
On File: spec-3670-55480-0795.fits 
On File: spec-3670-55480-0796.fits 
On File: spec-3670-55480-0797.fits 
On File: spec-3670-55480-0798.fits 
On File: spec-3670-55480-0799.fits 
On File: spec-3670-55480-0800.fits 
On File: spec-3670-55480-0801.fits 
On File: spec-3670-55480-0802.fits 
On File: spec-3670-55480-0803.fits 
On File: spec-3670-55480-0804.fits 
On File: spec-3670-55480-0805.fits 
On File: spec-3670-55480-0806.fits 
On File: spec-3670-55480-0807.fits 
On File: spec-3670-55480-0808.fits 
On File: spec-3670-55480-0809.fits 
On File: spec-3670-55480-0810.fits 
On File: spec-3670-55480-0811.fits 
On File: spec-3670-55480-0812.fits 
On File: spec-3670-55480-0813.fits 
On File: spec-3670-55480-0814.fits 
On File: spec-3670-55480-0815.fits 
On File: spec-3670-55480-0816.fits 
On File: spec-3670-55480-0817.fits 
On File: spec-3670-55480-0818.fits 
On File: spec-3670-55480-0819.fits 
On File: spec-3670-55480-0820.fits 
On File: spec-3670-55480-0821.fits 
On File: spec-3670-55480-0822.fits 
On File: spec-3670-55480-0823.fits 
On File: spec-3670-55480-0824.fits 
On File: spec-3670-55480-0825.fits 
On File: spec-3670-55480-0826.fits 
On File: spec-3670-55480-0827.fits 
On File: spec-3670-55480-0828.fits 
On File: spec-3670-55480-0829.fits 
On File: spec-3670-55480-0830.fits 
On File: spec-3670-55480-0831.fits 
On File: spec-3670-55480-0832.fits 
On File: spec-3670-55480-0833.fits 
On File: spec-3670-55480-0834.fits 
On File: spec-3670-55480-0835.fits 
On File: spec-3670-55480-0836.fits 
On File: spec-3670-55480-0837.fits 
On File: spec-3670-55480-0838.fits 
On File: spec-3670-55480-0839.fits 
On File: spec-3670-55480-0840.fits 
On File: spec-3670-55480-0841.fits 
On File: spec-3670-55480-0842.fits 
On File: spec-3670-55480-0843.fits 
On File: spec-3670-55480-0844.fits 
On File: spec-3670-55480-0845.fits 
On File: spec-3670-55480-0846.fits 
On File: spec-3670-55480-0847.fits 
On File: spec-3670-55480-0848.fits 
On File: spec-3670-55480-0849.fits 
On File: spec-3670-55480-0850.fits 
On File: spec-3670-55480-0851.fits 
On File: spec-3670-55480-0852.fits 
On File: spec-3670-55480-0853.fits 
On File: spec-3670-55480-0854.fits 
On File: spec-3670-55480-0855.fits 
On File: spec-3670-55480-0856.fits 
On File: spec-3670-55480-0857.fits 
On File: spec-3670-55480-0858.fits 
On File: spec-3670-55480-0859.fits 
On File: spec-3670-55480-0860.fits 
On File: spec-3670-55480-0861.fits 
On File: spec-3670-55480-0862.fits 
On File: spec-3670-55480-0863.fits 
On File: spec-3670-55480-0864.fits 
On File: spec-3670-55480-0865.fits 
On File: spec-3670-55480-0866.fits 
On File: spec-3670-55480-0867.fits 
On File: spec-3670-55480-0868.fits 
On File: spec-3670-55480-0869.fits 
On File: spec-3670-55480-0870.fits 
On File: spec-3670-55480-0871.fits 
On File: spec-3670-55480-0872.fits 
On File: spec-3670-55480-0873.fits 
On File: spec-3670-55480-0874.fits 
On File: spec-3670-55480-0875.fits 
On File: spec-3670-55480-0876.fits 
On File: spec-3670-55480-0877.fits 
On File: spec-3670-55480-0878.fits 
On File: spec-3670-55480-0879.fits 
On File: spec-3670-55480-0880.fits 
On File: spec-3670-55480-0881.fits 
On File: spec-3670-55480-0882.fits 
On File: spec-3670-55480-0883.fits 
On File: spec-3670-55480-0884.fits 
On File: spec-3670-55480-0885.fits 
On File: spec-3670-55480-0886.fits 
On File: spec-3670-55480-0887.fits 
On File: spec-3670-55480-0888.fits 
On File: spec-3670-55480-0889.fits 
On File: spec-3670-55480-0890.fits 
On File: spec-3670-55480-0891.fits 
On File: spec-3670-55480-0892.fits 
On File: spec-3670-55480-0893.fits 
On File: spec-3670-55480-0894.fits 
On File: spec-3670-55480-0895.fits 
On File: spec-3670-55480-0896.fits 
On File: spec-3670-55480-0897.fits 
On File: spec-3670-55480-0898.fits 
On File: spec-3670-55480-0899.fits 
On File: spec-3670-55480-0900.fits 
On File: spec-3670-55480-0901.fits 
On File: spec-3670-55480-0902.fits 
On File: spec-3670-55480-0903.fits 
On File: spec-3670-55480-0904.fits 
On File: spec-3670-55480-0905.fits 
On File: spec-3670-55480-0906.fits 
On File: spec-3670-55480-0907.fits 
On File: spec-3670-55480-0908.fits 
On File: spec-3670-55480-0909.fits 
On File: spec-3670-55480-0910.fits 
On File: spec-3670-55480-0911.fits 
On File: spec-3670-55480-0912.fits 
On File: spec-3670-55480-0913.fits 
On File: spec-3670-55480-0914.fits 
On File: spec-3670-55480-0915.fits 
On File: spec-3670-55480-0916.fits 
On File: spec-3670-55480-0917.fits 
On File: spec-3670-55480-0918.fits 
On File: spec-3670-55480-0919.fits 
On File: spec-3670-55480-0920.fits 
On File: spec-3670-55480-0921.fits 
On File: spec-3670-55480-0922.fits 
On File: spec-3670-55480-0923.fits 
On File: spec-3670-55480-0924.fits 
On File: spec-3670-55480-0925.fits 
On File: spec-3670-55480-0926.fits 
On File: spec-3670-55480-0927.fits 
On File: spec-3670-55480-0928.fits 
On File: spec-3670-55480-0929.fits 
On File: spec-3670-55480-0930.fits 
On File: spec-3670-55480-0931.fits 
On File: spec-3670-55480-0932.fits 
On File: spec-3670-55480-0933.fits 
On File: spec-3670-55480-0934.fits 
On File: spec-3670-55480-0935.fits 
On File: spec-3670-55480-0936.fits 
On File: spec-3670-55480-0937.fits 
On File: spec-3670-55480-0938.fits 
On File: spec-3670-55480-0939.fits 
On File: spec-3670-55480-0940.fits 
On File: spec-3670-55480-0941.fits 
On File: spec-3670-55480-0942.fits 
On File: spec-3670-55480-0943.fits 
On File: spec-3670-55480-0944.fits 
On File: spec-3670-55480-0945.fits 
On File: spec-3670-55480-0946.fits 
On File: spec-3670-55480-0947.fits 
On File: spec-3670-55480-0948.fits 
On File: spec-3670-55480-0949.fits 
On File: spec-3670-55480-0950.fits 
On File: spec-3670-55480-0951.fits 
On File: spec-3670-55480-0952.fits 
On File: spec-3670-55480-0953.fits 
On File: spec-3670-55480-0954.fits 
On File: spec-3670-55480-0955.fits 
On File: spec-3670-55480-0956.fits 
On File: spec-3670-55480-0957.fits 
On File: spec-3670-55480-0958.fits 
On File: spec-3670-55480-0959.fits 
On File: spec-3670-55480-0960.fits 
On File: spec-3670-55480-0961.fits 
On File: spec-3670-55480-0962.fits 
On File: spec-3670-55480-0963.fits 
On File: spec-3670-55480-0964.fits 
On File: spec-3670-55480-0965.fits 
On File: spec-3670-55480-0966.fits 
On File: spec-3670-55480-0967.fits 
On File: spec-3670-55480-0968.fits 
On File: spec-3670-55480-0969.fits 
On File: spec-3670-55480-0970.fits 
On File: spec-3670-55480-0971.fits 
On File: spec-3670-55480-0972.fits 
On File: spec-3670-55480-0973.fits 
On File: spec-3670-55480-0974.fits 
On File: spec-3670-55480-0975.fits 
On File: spec-3670-55480-0976.fits 
On File: spec-3670-55480-0977.fits 
On File: spec-3670-55480-0978.fits 
On File: spec-3670-55480-0979.fits 
On File: spec-3670-55480-0980.fits 
On File: spec-3670-55480-0981.fits 
On File: spec-3670-55480-0982.fits 
On File: spec-3670-55480-0983.fits 
On File: spec-3670-55480-0984.fits 
On File: spec-3670-55480-0985.fits 
On File: spec-3670-55480-0986.fits 
On File: spec-3670-55480-0987.fits 
On File: spec-3670-55480-0988.fits 
On File: spec-3670-55480-0989.fits 
On File: spec-3670-55480-0990.fits 
On File: spec-3670-55480-0991.fits 
On File: spec-3670-55480-0992.fits 
On File: spec-3670-55480-0993.fits 
On File: spec-3670-55480-0994.fits 
On File: spec-3670-55480-0995.fits 
On File: spec-3670-55480-0996.fits 
On File: spec-3670-55480-0997.fits 
On File: spec-3670-55480-0998.fits 
On File: spec-3670-55480-0999.fits 
On File: spec-3670-55480-1000.fits 
[1] "Job Complete!"
