Unpacking R413.tar.gz ...
Unpacking packages_FITSio.tar.gz ...
Unpacking current *.tgz file
[1] "Initializing Console ..."
[1] "Inputing command line prompts ..."
[1] "Loading package FITSio."
[1] "Reading cB58_Lyman_break.fit ..."
[1] "Starting main process ..."
On File: spec-3690-55182-0001.fits 
On File: spec-3690-55182-0002.fits 
On File: spec-3690-55182-0003.fits 
On File: spec-3690-55182-0004.fits 
On File: spec-3690-55182-0005.fits 
On File: spec-3690-55182-0006.fits 
On File: spec-3690-55182-0007.fits 
On File: spec-3690-55182-0008.fits 
On File: spec-3690-55182-0009.fits 
On File: spec-3690-55182-0010.fits 
On File: spec-3690-55182-0011.fits 
On File: spec-3690-55182-0012.fits 
On File: spec-3690-55182-0013.fits 
On File: spec-3690-55182-0014.fits 
On File: spec-3690-55182-0015.fits 
On File: spec-3690-55182-0016.fits 
On File: spec-3690-55182-0017.fits 
On File: spec-3690-55182-0018.fits 
On File: spec-3690-55182-0019.fits 
On File: spec-3690-55182-0020.fits 
On File: spec-3690-55182-0021.fits 
On File: spec-3690-55182-0022.fits 
On File: spec-3690-55182-0023.fits 
On File: spec-3690-55182-0024.fits 
On File: spec-3690-55182-0025.fits 
On File: spec-3690-55182-0026.fits 
On File: spec-3690-55182-0027.fits 
On File: spec-3690-55182-0028.fits 
On File: spec-3690-55182-0029.fits 
On File: spec-3690-55182-0030.fits 
On File: spec-3690-55182-0031.fits 
On File: spec-3690-55182-0032.fits 
On File: spec-3690-55182-0033.fits 
On File: spec-3690-55182-0034.fits 
On File: spec-3690-55182-0035.fits 
On File: spec-3690-55182-0036.fits 
On File: spec-3690-55182-0037.fits 
On File: spec-3690-55182-0038.fits 
On File: spec-3690-55182-0039.fits 
On File: spec-3690-55182-0040.fits 
On File: spec-3690-55182-0041.fits 
On File: spec-3690-55182-0042.fits 
On File: spec-3690-55182-0043.fits 
On File: spec-3690-55182-0044.fits 
On File: spec-3690-55182-0045.fits 
On File: spec-3690-55182-0046.fits 
On File: spec-3690-55182-0047.fits 
On File: spec-3690-55182-0048.fits 
On File: spec-3690-55182-0049.fits 
On File: spec-3690-55182-0050.fits 
On File: spec-3690-55182-0051.fits 
On File: spec-3690-55182-0052.fits 
On File: spec-3690-55182-0053.fits 
On File: spec-3690-55182-0054.fits 
On File: spec-3690-55182-0055.fits 
On File: spec-3690-55182-0056.fits 
On File: spec-3690-55182-0057.fits 
On File: spec-3690-55182-0058.fits 
On File: spec-3690-55182-0059.fits 
On File: spec-3690-55182-0060.fits 
On File: spec-3690-55182-0061.fits 
On File: spec-3690-55182-0062.fits 
On File: spec-3690-55182-0063.fits 
On File: spec-3690-55182-0064.fits 
On File: spec-3690-55182-0065.fits 
On File: spec-3690-55182-0066.fits 
On File: spec-3690-55182-0067.fits 
On File: spec-3690-55182-0068.fits 
On File: spec-3690-55182-0069.fits 
On File: spec-3690-55182-0070.fits 
On File: spec-3690-55182-0071.fits 
On File: spec-3690-55182-0072.fits 
On File: spec-3690-55182-0073.fits 
On File: spec-3690-55182-0074.fits 
On File: spec-3690-55182-0075.fits 
On File: spec-3690-55182-0076.fits 
On File: spec-3690-55182-0077.fits 
On File: spec-3690-55182-0078.fits 
On File: spec-3690-55182-0079.fits 
On File: spec-3690-55182-0080.fits 
On File: spec-3690-55182-0081.fits 
On File: spec-3690-55182-0082.fits 
On File: spec-3690-55182-0083.fits 
On File: spec-3690-55182-0084.fits 
On File: spec-3690-55182-0085.fits 
On File: spec-3690-55182-0086.fits 
On File: spec-3690-55182-0087.fits 
On File: spec-3690-55182-0088.fits 
On File: spec-3690-55182-0089.fits 
On File: spec-3690-55182-0090.fits 
On File: spec-3690-55182-0091.fits 
On File: spec-3690-55182-0092.fits 
On File: spec-3690-55182-0093.fits 
On File: spec-3690-55182-0094.fits 
On File: spec-3690-55182-0095.fits 
On File: spec-3690-55182-0096.fits 
On File: spec-3690-55182-0097.fits 
On File: spec-3690-55182-0098.fits 
On File: spec-3690-55182-0099.fits 
On File: spec-3690-55182-0100.fits 
On File: spec-3690-55182-0101.fits 
On File: spec-3690-55182-0102.fits 
On File: spec-3690-55182-0103.fits 
On File: spec-3690-55182-0104.fits 
On File: spec-3690-55182-0105.fits 
On File: spec-3690-55182-0106.fits 
On File: spec-3690-55182-0107.fits 
On File: spec-3690-55182-0108.fits 
On File: spec-3690-55182-0109.fits 
On File: spec-3690-55182-0110.fits 
On File: spec-3690-55182-0111.fits 
On File: spec-3690-55182-0112.fits 
On File: spec-3690-55182-0113.fits 
On File: spec-3690-55182-0114.fits 
On File: spec-3690-55182-0115.fits 
On File: spec-3690-55182-0116.fits 
On File: spec-3690-55182-0117.fits 
On File: spec-3690-55182-0118.fits 
On File: spec-3690-55182-0119.fits 
On File: spec-3690-55182-0120.fits 
On File: spec-3690-55182-0121.fits 
On File: spec-3690-55182-0122.fits 
On File: spec-3690-55182-0123.fits 
On File: spec-3690-55182-0124.fits 
On File: spec-3690-55182-0125.fits 
On File: spec-3690-55182-0126.fits 
On File: spec-3690-55182-0127.fits 
On File: spec-3690-55182-0128.fits 
On File: spec-3690-55182-0129.fits 
On File: spec-3690-55182-0130.fits 
On File: spec-3690-55182-0131.fits 
On File: spec-3690-55182-0132.fits 
On File: spec-3690-55182-0133.fits 
On File: spec-3690-55182-0134.fits 
On File: spec-3690-55182-0135.fits 
On File: spec-3690-55182-0136.fits 
On File: spec-3690-55182-0137.fits 
On File: spec-3690-55182-0138.fits 
On File: spec-3690-55182-0139.fits 
On File: spec-3690-55182-0140.fits 
On File: spec-3690-55182-0141.fits 
On File: spec-3690-55182-0142.fits 
On File: spec-3690-55182-0143.fits 
On File: spec-3690-55182-0144.fits 
On File: spec-3690-55182-0145.fits 
On File: spec-3690-55182-0146.fits 
On File: spec-3690-55182-0147.fits 
On File: spec-3690-55182-0148.fits 
On File: spec-3690-55182-0149.fits 
On File: spec-3690-55182-0150.fits 
On File: spec-3690-55182-0151.fits 
On File: spec-3690-55182-0152.fits 
On File: spec-3690-55182-0153.fits 
On File: spec-3690-55182-0154.fits 
On File: spec-3690-55182-0155.fits 
On File: spec-3690-55182-0156.fits 
On File: spec-3690-55182-0157.fits 
On File: spec-3690-55182-0158.fits 
On File: spec-3690-55182-0159.fits 
On File: spec-3690-55182-0160.fits 
On File: spec-3690-55182-0161.fits 
On File: spec-3690-55182-0162.fits 
On File: spec-3690-55182-0163.fits 
On File: spec-3690-55182-0164.fits 
On File: spec-3690-55182-0165.fits 
On File: spec-3690-55182-0166.fits 
On File: spec-3690-55182-0167.fits 
On File: spec-3690-55182-0168.fits 
On File: spec-3690-55182-0169.fits 
On File: spec-3690-55182-0170.fits 
On File: spec-3690-55182-0171.fits 
On File: spec-3690-55182-0172.fits 
On File: spec-3690-55182-0173.fits 
On File: spec-3690-55182-0174.fits 
On File: spec-3690-55182-0175.fits 
On File: spec-3690-55182-0176.fits 
On File: spec-3690-55182-0177.fits 
On File: spec-3690-55182-0178.fits 
On File: spec-3690-55182-0179.fits 
On File: spec-3690-55182-0180.fits 
On File: spec-3690-55182-0181.fits 
On File: spec-3690-55182-0182.fits 
On File: spec-3690-55182-0183.fits 
On File: spec-3690-55182-0184.fits 
On File: spec-3690-55182-0185.fits 
On File: spec-3690-55182-0186.fits 
On File: spec-3690-55182-0187.fits 
On File: spec-3690-55182-0188.fits 
On File: spec-3690-55182-0189.fits 
On File: spec-3690-55182-0190.fits 
On File: spec-3690-55182-0191.fits 
On File: spec-3690-55182-0192.fits 
On File: spec-3690-55182-0193.fits 
On File: spec-3690-55182-0194.fits 
On File: spec-3690-55182-0195.fits 
On File: spec-3690-55182-0196.fits 
On File: spec-3690-55182-0197.fits 
On File: spec-3690-55182-0198.fits 
On File: spec-3690-55182-0199.fits 
On File: spec-3690-55182-0200.fits 
On File: spec-3690-55182-0201.fits 
On File: spec-3690-55182-0202.fits 
On File: spec-3690-55182-0203.fits 
On File: spec-3690-55182-0204.fits 
On File: spec-3690-55182-0205.fits 
On File: spec-3690-55182-0206.fits 
On File: spec-3690-55182-0207.fits 
On File: spec-3690-55182-0208.fits 
On File: spec-3690-55182-0209.fits 
On File: spec-3690-55182-0210.fits 
On File: spec-3690-55182-0211.fits 
On File: spec-3690-55182-0212.fits 
On File: spec-3690-55182-0213.fits 
On File: spec-3690-55182-0214.fits 
On File: spec-3690-55182-0215.fits 
On File: spec-3690-55182-0216.fits 
On File: spec-3690-55182-0217.fits 
On File: spec-3690-55182-0218.fits 
On File: spec-3690-55182-0219.fits 
On File: spec-3690-55182-0220.fits 
On File: spec-3690-55182-0221.fits 
On File: spec-3690-55182-0222.fits 
On File: spec-3690-55182-0223.fits 
On File: spec-3690-55182-0224.fits 
On File: spec-3690-55182-0225.fits 
On File: spec-3690-55182-0226.fits 
On File: spec-3690-55182-0227.fits 
On File: spec-3690-55182-0228.fits 
On File: spec-3690-55182-0229.fits 
On File: spec-3690-55182-0230.fits 
On File: spec-3690-55182-0231.fits 
On File: spec-3690-55182-0232.fits 
On File: spec-3690-55182-0233.fits 
On File: spec-3690-55182-0234.fits 
On File: spec-3690-55182-0235.fits 
On File: spec-3690-55182-0236.fits 
On File: spec-3690-55182-0237.fits 
On File: spec-3690-55182-0238.fits 
On File: spec-3690-55182-0239.fits 
On File: spec-3690-55182-0240.fits 
On File: spec-3690-55182-0241.fits 
On File: spec-3690-55182-0242.fits 
On File: spec-3690-55182-0243.fits 
On File: spec-3690-55182-0244.fits 
On File: spec-3690-55182-0245.fits 
On File: spec-3690-55182-0246.fits 
On File: spec-3690-55182-0247.fits 
On File: spec-3690-55182-0248.fits 
On File: spec-3690-55182-0249.fits 
On File: spec-3690-55182-0250.fits 
On File: spec-3690-55182-0251.fits 
On File: spec-3690-55182-0252.fits 
On File: spec-3690-55182-0253.fits 
On File: spec-3690-55182-0254.fits 
On File: spec-3690-55182-0255.fits 
On File: spec-3690-55182-0256.fits 
On File: spec-3690-55182-0257.fits 
On File: spec-3690-55182-0258.fits 
On File: spec-3690-55182-0259.fits 
On File: spec-3690-55182-0260.fits 
On File: spec-3690-55182-0261.fits 
On File: spec-3690-55182-0262.fits 
On File: spec-3690-55182-0263.fits 
On File: spec-3690-55182-0264.fits 
On File: spec-3690-55182-0265.fits 
On File: spec-3690-55182-0266.fits 
On File: spec-3690-55182-0267.fits 
On File: spec-3690-55182-0268.fits 
On File: spec-3690-55182-0269.fits 
On File: spec-3690-55182-0270.fits 
On File: spec-3690-55182-0271.fits 
On File: spec-3690-55182-0272.fits 
On File: spec-3690-55182-0273.fits 
On File: spec-3690-55182-0274.fits 
On File: spec-3690-55182-0275.fits 
On File: spec-3690-55182-0276.fits 
On File: spec-3690-55182-0277.fits 
On File: spec-3690-55182-0278.fits 
On File: spec-3690-55182-0279.fits 
On File: spec-3690-55182-0280.fits 
On File: spec-3690-55182-0281.fits 
On File: spec-3690-55182-0282.fits 
On File: spec-3690-55182-0283.fits 
On File: spec-3690-55182-0284.fits 
On File: spec-3690-55182-0285.fits 
On File: spec-3690-55182-0286.fits 
On File: spec-3690-55182-0287.fits 
On File: spec-3690-55182-0288.fits 
On File: spec-3690-55182-0289.fits 
On File: spec-3690-55182-0290.fits 
On File: spec-3690-55182-0291.fits 
On File: spec-3690-55182-0292.fits 
On File: spec-3690-55182-0293.fits 
On File: spec-3690-55182-0294.fits 
On File: spec-3690-55182-0295.fits 
On File: spec-3690-55182-0296.fits 
On File: spec-3690-55182-0297.fits 
On File: spec-3690-55182-0298.fits 
On File: spec-3690-55182-0299.fits 
On File: spec-3690-55182-0300.fits 
On File: spec-3690-55182-0301.fits 
On File: spec-3690-55182-0302.fits 
On File: spec-3690-55182-0303.fits 
On File: spec-3690-55182-0304.fits 
On File: spec-3690-55182-0305.fits 
On File: spec-3690-55182-0306.fits 
On File: spec-3690-55182-0307.fits 
On File: spec-3690-55182-0308.fits 
On File: spec-3690-55182-0309.fits 
On File: spec-3690-55182-0310.fits 
On File: spec-3690-55182-0311.fits 
On File: spec-3690-55182-0312.fits 
On File: spec-3690-55182-0313.fits 
On File: spec-3690-55182-0314.fits 
On File: spec-3690-55182-0315.fits 
On File: spec-3690-55182-0316.fits 
On File: spec-3690-55182-0317.fits 
On File: spec-3690-55182-0318.fits 
On File: spec-3690-55182-0319.fits 
On File: spec-3690-55182-0320.fits 
On File: spec-3690-55182-0321.fits 
On File: spec-3690-55182-0322.fits 
On File: spec-3690-55182-0323.fits 
On File: spec-3690-55182-0324.fits 
On File: spec-3690-55182-0325.fits 
On File: spec-3690-55182-0326.fits 
On File: spec-3690-55182-0327.fits 
On File: spec-3690-55182-0328.fits 
On File: spec-3690-55182-0329.fits 
On File: spec-3690-55182-0330.fits 
On File: spec-3690-55182-0331.fits 
On File: spec-3690-55182-0332.fits 
On File: spec-3690-55182-0333.fits 
On File: spec-3690-55182-0334.fits 
On File: spec-3690-55182-0335.fits 
On File: spec-3690-55182-0336.fits 
On File: spec-3690-55182-0337.fits 
On File: spec-3690-55182-0338.fits 
On File: spec-3690-55182-0339.fits 
On File: spec-3690-55182-0340.fits 
On File: spec-3690-55182-0341.fits 
On File: spec-3690-55182-0342.fits 
On File: spec-3690-55182-0343.fits 
On File: spec-3690-55182-0344.fits 
On File: spec-3690-55182-0345.fits 
On File: spec-3690-55182-0346.fits 
On File: spec-3690-55182-0347.fits 
On File: spec-3690-55182-0348.fits 
On File: spec-3690-55182-0349.fits 
On File: spec-3690-55182-0350.fits 
On File: spec-3690-55182-0351.fits 
On File: spec-3690-55182-0352.fits 
On File: spec-3690-55182-0353.fits 
On File: spec-3690-55182-0354.fits 
On File: spec-3690-55182-0355.fits 
On File: spec-3690-55182-0356.fits 
On File: spec-3690-55182-0357.fits 
On File: spec-3690-55182-0358.fits 
On File: spec-3690-55182-0359.fits 
On File: spec-3690-55182-0360.fits 
On File: spec-3690-55182-0361.fits 
On File: spec-3690-55182-0362.fits 
On File: spec-3690-55182-0363.fits 
On File: spec-3690-55182-0364.fits 
On File: spec-3690-55182-0365.fits 
On File: spec-3690-55182-0366.fits 
On File: spec-3690-55182-0367.fits 
On File: spec-3690-55182-0368.fits 
On File: spec-3690-55182-0369.fits 
On File: spec-3690-55182-0370.fits 
On File: spec-3690-55182-0371.fits 
On File: spec-3690-55182-0372.fits 
On File: spec-3690-55182-0373.fits 
On File: spec-3690-55182-0374.fits 
On File: spec-3690-55182-0375.fits 
On File: spec-3690-55182-0376.fits 
On File: spec-3690-55182-0377.fits 
On File: spec-3690-55182-0378.fits 
On File: spec-3690-55182-0379.fits 
On File: spec-3690-55182-0380.fits 
On File: spec-3690-55182-0381.fits 
On File: spec-3690-55182-0382.fits 
On File: spec-3690-55182-0383.fits 
On File: spec-3690-55182-0384.fits 
On File: spec-3690-55182-0385.fits 
On File: spec-3690-55182-0386.fits 
On File: spec-3690-55182-0387.fits 
On File: spec-3690-55182-0388.fits 
On File: spec-3690-55182-0389.fits 
On File: spec-3690-55182-0390.fits 
On File: spec-3690-55182-0391.fits 
On File: spec-3690-55182-0392.fits 
On File: spec-3690-55182-0393.fits 
On File: spec-3690-55182-0394.fits 
On File: spec-3690-55182-0395.fits 
On File: spec-3690-55182-0396.fits 
On File: spec-3690-55182-0397.fits 
On File: spec-3690-55182-0398.fits 
On File: spec-3690-55182-0399.fits 
On File: spec-3690-55182-0400.fits 
On File: spec-3690-55182-0401.fits 
On File: spec-3690-55182-0402.fits 
On File: spec-3690-55182-0403.fits 
On File: spec-3690-55182-0404.fits 
On File: spec-3690-55182-0405.fits 
On File: spec-3690-55182-0406.fits 
On File: spec-3690-55182-0407.fits 
On File: spec-3690-55182-0408.fits 
On File: spec-3690-55182-0409.fits 
On File: spec-3690-55182-0410.fits 
On File: spec-3690-55182-0411.fits 
On File: spec-3690-55182-0412.fits 
On File: spec-3690-55182-0413.fits 
On File: spec-3690-55182-0414.fits 
On File: spec-3690-55182-0415.fits 
On File: spec-3690-55182-0416.fits 
On File: spec-3690-55182-0417.fits 
On File: spec-3690-55182-0418.fits 
On File: spec-3690-55182-0419.fits 
On File: spec-3690-55182-0420.fits 
On File: spec-3690-55182-0421.fits 
On File: spec-3690-55182-0422.fits 
On File: spec-3690-55182-0423.fits 
On File: spec-3690-55182-0424.fits 
On File: spec-3690-55182-0425.fits 
On File: spec-3690-55182-0426.fits 
On File: spec-3690-55182-0427.fits 
On File: spec-3690-55182-0428.fits 
On File: spec-3690-55182-0429.fits 
On File: spec-3690-55182-0430.fits 
On File: spec-3690-55182-0431.fits 
On File: spec-3690-55182-0432.fits 
On File: spec-3690-55182-0433.fits 
On File: spec-3690-55182-0434.fits 
On File: spec-3690-55182-0435.fits 
On File: spec-3690-55182-0436.fits 
On File: spec-3690-55182-0437.fits 
On File: spec-3690-55182-0438.fits 
On File: spec-3690-55182-0439.fits 
On File: spec-3690-55182-0440.fits 
On File: spec-3690-55182-0441.fits 
On File: spec-3690-55182-0442.fits 
On File: spec-3690-55182-0443.fits 
On File: spec-3690-55182-0444.fits 
On File: spec-3690-55182-0445.fits 
On File: spec-3690-55182-0446.fits 
On File: spec-3690-55182-0447.fits 
On File: spec-3690-55182-0448.fits 
On File: spec-3690-55182-0449.fits 
On File: spec-3690-55182-0450.fits 
On File: spec-3690-55182-0451.fits 
On File: spec-3690-55182-0452.fits 
On File: spec-3690-55182-0453.fits 
On File: spec-3690-55182-0454.fits 
On File: spec-3690-55182-0455.fits 
On File: spec-3690-55182-0456.fits 
On File: spec-3690-55182-0457.fits 
On File: spec-3690-55182-0458.fits 
On File: spec-3690-55182-0459.fits 
On File: spec-3690-55182-0460.fits 
On File: spec-3690-55182-0461.fits 
On File: spec-3690-55182-0462.fits 
On File: spec-3690-55182-0463.fits 
On File: spec-3690-55182-0464.fits 
On File: spec-3690-55182-0465.fits 
On File: spec-3690-55182-0466.fits 
On File: spec-3690-55182-0467.fits 
On File: spec-3690-55182-0468.fits 
On File: spec-3690-55182-0469.fits 
On File: spec-3690-55182-0470.fits 
On File: spec-3690-55182-0471.fits 
On File: spec-3690-55182-0472.fits 
On File: spec-3690-55182-0473.fits 
On File: spec-3690-55182-0474.fits 
On File: spec-3690-55182-0475.fits 
On File: spec-3690-55182-0476.fits 
On File: spec-3690-55182-0477.fits 
On File: spec-3690-55182-0478.fits 
On File: spec-3690-55182-0479.fits 
On File: spec-3690-55182-0480.fits 
On File: spec-3690-55182-0481.fits 
On File: spec-3690-55182-0482.fits 
On File: spec-3690-55182-0483.fits 
On File: spec-3690-55182-0484.fits 
On File: spec-3690-55182-0485.fits 
On File: spec-3690-55182-0486.fits 
On File: spec-3690-55182-0487.fits 
On File: spec-3690-55182-0488.fits 
On File: spec-3690-55182-0489.fits 
On File: spec-3690-55182-0490.fits 
On File: spec-3690-55182-0491.fits 
On File: spec-3690-55182-0492.fits 
On File: spec-3690-55182-0493.fits 
On File: spec-3690-55182-0494.fits 
On File: spec-3690-55182-0495.fits 
On File: spec-3690-55182-0496.fits 
On File: spec-3690-55182-0497.fits 
On File: spec-3690-55182-0498.fits 
On File: spec-3690-55182-0499.fits 
On File: spec-3690-55182-0500.fits 
On File: spec-3690-55182-0501.fits 
On File: spec-3690-55182-0502.fits 
On File: spec-3690-55182-0503.fits 
On File: spec-3690-55182-0504.fits 
On File: spec-3690-55182-0505.fits 
On File: spec-3690-55182-0506.fits 
On File: spec-3690-55182-0507.fits 
On File: spec-3690-55182-0508.fits 
On File: spec-3690-55182-0509.fits 
On File: spec-3690-55182-0510.fits 
On File: spec-3690-55182-0511.fits 
On File: spec-3690-55182-0512.fits 
On File: spec-3690-55182-0513.fits 
On File: spec-3690-55182-0514.fits 
On File: spec-3690-55182-0515.fits 
On File: spec-3690-55182-0516.fits 
On File: spec-3690-55182-0517.fits 
On File: spec-3690-55182-0518.fits 
On File: spec-3690-55182-0519.fits 
On File: spec-3690-55182-0520.fits 
On File: spec-3690-55182-0521.fits 
On File: spec-3690-55182-0522.fits 
On File: spec-3690-55182-0523.fits 
On File: spec-3690-55182-0524.fits 
On File: spec-3690-55182-0525.fits 
On File: spec-3690-55182-0526.fits 
On File: spec-3690-55182-0527.fits 
On File: spec-3690-55182-0528.fits 
On File: spec-3690-55182-0529.fits 
On File: spec-3690-55182-0530.fits 
On File: spec-3690-55182-0531.fits 
On File: spec-3690-55182-0532.fits 
On File: spec-3690-55182-0533.fits 
On File: spec-3690-55182-0534.fits 
On File: spec-3690-55182-0535.fits 
On File: spec-3690-55182-0536.fits 
On File: spec-3690-55182-0537.fits 
On File: spec-3690-55182-0538.fits 
On File: spec-3690-55182-0539.fits 
On File: spec-3690-55182-0540.fits 
On File: spec-3690-55182-0541.fits 
On File: spec-3690-55182-0542.fits 
On File: spec-3690-55182-0543.fits 
On File: spec-3690-55182-0544.fits 
On File: spec-3690-55182-0545.fits 
On File: spec-3690-55182-0546.fits 
On File: spec-3690-55182-0547.fits 
On File: spec-3690-55182-0548.fits 
On File: spec-3690-55182-0549.fits 
On File: spec-3690-55182-0550.fits 
On File: spec-3690-55182-0551.fits 
On File: spec-3690-55182-0552.fits 
On File: spec-3690-55182-0553.fits 
On File: spec-3690-55182-0554.fits 
On File: spec-3690-55182-0555.fits 
On File: spec-3690-55182-0556.fits 
On File: spec-3690-55182-0557.fits 
On File: spec-3690-55182-0558.fits 
On File: spec-3690-55182-0559.fits 
On File: spec-3690-55182-0560.fits 
On File: spec-3690-55182-0561.fits 
On File: spec-3690-55182-0562.fits 
On File: spec-3690-55182-0563.fits 
On File: spec-3690-55182-0564.fits 
On File: spec-3690-55182-0565.fits 
On File: spec-3690-55182-0566.fits 
On File: spec-3690-55182-0567.fits 
On File: spec-3690-55182-0568.fits 
On File: spec-3690-55182-0569.fits 
On File: spec-3690-55182-0570.fits 
On File: spec-3690-55182-0571.fits 
On File: spec-3690-55182-0572.fits 
On File: spec-3690-55182-0573.fits 
On File: spec-3690-55182-0574.fits 
On File: spec-3690-55182-0575.fits 
On File: spec-3690-55182-0576.fits 
On File: spec-3690-55182-0577.fits 
On File: spec-3690-55182-0578.fits 
On File: spec-3690-55182-0579.fits 
On File: spec-3690-55182-0580.fits 
On File: spec-3690-55182-0581.fits 
On File: spec-3690-55182-0582.fits 
On File: spec-3690-55182-0583.fits 
On File: spec-3690-55182-0584.fits 
On File: spec-3690-55182-0585.fits 
On File: spec-3690-55182-0586.fits 
On File: spec-3690-55182-0587.fits 
On File: spec-3690-55182-0588.fits 
On File: spec-3690-55182-0589.fits 
On File: spec-3690-55182-0590.fits 
On File: spec-3690-55182-0591.fits 
On File: spec-3690-55182-0592.fits 
On File: spec-3690-55182-0593.fits 
On File: spec-3690-55182-0594.fits 
On File: spec-3690-55182-0595.fits 
On File: spec-3690-55182-0596.fits 
On File: spec-3690-55182-0597.fits 
On File: spec-3690-55182-0598.fits 
On File: spec-3690-55182-0599.fits 
On File: spec-3690-55182-0600.fits 
On File: spec-3690-55182-0601.fits 
On File: spec-3690-55182-0602.fits 
On File: spec-3690-55182-0603.fits 
On File: spec-3690-55182-0604.fits 
On File: spec-3690-55182-0605.fits 
On File: spec-3690-55182-0606.fits 
On File: spec-3690-55182-0607.fits 
On File: spec-3690-55182-0608.fits 
On File: spec-3690-55182-0609.fits 
On File: spec-3690-55182-0610.fits 
On File: spec-3690-55182-0611.fits 
On File: spec-3690-55182-0612.fits 
On File: spec-3690-55182-0613.fits 
On File: spec-3690-55182-0614.fits 
On File: spec-3690-55182-0615.fits 
On File: spec-3690-55182-0616.fits 
On File: spec-3690-55182-0617.fits 
On File: spec-3690-55182-0618.fits 
On File: spec-3690-55182-0619.fits 
On File: spec-3690-55182-0620.fits 
On File: spec-3690-55182-0621.fits 
On File: spec-3690-55182-0622.fits 
On File: spec-3690-55182-0623.fits 
On File: spec-3690-55182-0624.fits 
On File: spec-3690-55182-0625.fits 
On File: spec-3690-55182-0626.fits 
On File: spec-3690-55182-0627.fits 
On File: spec-3690-55182-0628.fits 
On File: spec-3690-55182-0629.fits 
On File: spec-3690-55182-0630.fits 
On File: spec-3690-55182-0631.fits 
On File: spec-3690-55182-0632.fits 
On File: spec-3690-55182-0633.fits 
On File: spec-3690-55182-0634.fits 
On File: spec-3690-55182-0635.fits 
On File: spec-3690-55182-0636.fits 
On File: spec-3690-55182-0637.fits 
On File: spec-3690-55182-0638.fits 
On File: spec-3690-55182-0639.fits 
On File: spec-3690-55182-0640.fits 
On File: spec-3690-55182-0641.fits 
On File: spec-3690-55182-0642.fits 
On File: spec-3690-55182-0643.fits 
On File: spec-3690-55182-0644.fits 
On File: spec-3690-55182-0645.fits 
On File: spec-3690-55182-0646.fits 
On File: spec-3690-55182-0647.fits 
On File: spec-3690-55182-0648.fits 
On File: spec-3690-55182-0649.fits 
On File: spec-3690-55182-0650.fits 
On File: spec-3690-55182-0651.fits 
On File: spec-3690-55182-0652.fits 
On File: spec-3690-55182-0653.fits 
On File: spec-3690-55182-0654.fits 
On File: spec-3690-55182-0655.fits 
On File: spec-3690-55182-0656.fits 
On File: spec-3690-55182-0657.fits 
On File: spec-3690-55182-0658.fits 
On File: spec-3690-55182-0659.fits 
On File: spec-3690-55182-0660.fits 
On File: spec-3690-55182-0661.fits 
On File: spec-3690-55182-0662.fits 
On File: spec-3690-55182-0663.fits 
On File: spec-3690-55182-0664.fits 
On File: spec-3690-55182-0665.fits 
On File: spec-3690-55182-0666.fits 
On File: spec-3690-55182-0667.fits 
On File: spec-3690-55182-0668.fits 
On File: spec-3690-55182-0669.fits 
On File: spec-3690-55182-0670.fits 
On File: spec-3690-55182-0671.fits 
On File: spec-3690-55182-0672.fits 
On File: spec-3690-55182-0673.fits 
On File: spec-3690-55182-0674.fits 
On File: spec-3690-55182-0675.fits 
On File: spec-3690-55182-0676.fits 
On File: spec-3690-55182-0677.fits 
On File: spec-3690-55182-0678.fits 
On File: spec-3690-55182-0679.fits 
On File: spec-3690-55182-0680.fits 
On File: spec-3690-55182-0681.fits 
On File: spec-3690-55182-0682.fits 
On File: spec-3690-55182-0683.fits 
On File: spec-3690-55182-0684.fits 
On File: spec-3690-55182-0685.fits 
On File: spec-3690-55182-0686.fits 
On File: spec-3690-55182-0687.fits 
On File: spec-3690-55182-0688.fits 
On File: spec-3690-55182-0689.fits 
On File: spec-3690-55182-0690.fits 
On File: spec-3690-55182-0691.fits 
On File: spec-3690-55182-0692.fits 
On File: spec-3690-55182-0693.fits 
On File: spec-3690-55182-0694.fits 
On File: spec-3690-55182-0695.fits 
On File: spec-3690-55182-0696.fits 
On File: spec-3690-55182-0697.fits 
On File: spec-3690-55182-0698.fits 
On File: spec-3690-55182-0699.fits 
On File: spec-3690-55182-0700.fits 
On File: spec-3690-55182-0701.fits 
On File: spec-3690-55182-0702.fits 
On File: spec-3690-55182-0703.fits 
On File: spec-3690-55182-0704.fits 
On File: spec-3690-55182-0705.fits 
On File: spec-3690-55182-0706.fits 
On File: spec-3690-55182-0707.fits 
On File: spec-3690-55182-0708.fits 
On File: spec-3690-55182-0709.fits 
On File: spec-3690-55182-0710.fits 
On File: spec-3690-55182-0711.fits 
On File: spec-3690-55182-0712.fits 
On File: spec-3690-55182-0713.fits 
On File: spec-3690-55182-0714.fits 
On File: spec-3690-55182-0715.fits 
On File: spec-3690-55182-0716.fits 
On File: spec-3690-55182-0717.fits 
On File: spec-3690-55182-0718.fits 
On File: spec-3690-55182-0719.fits 
On File: spec-3690-55182-0720.fits 
On File: spec-3690-55182-0721.fits 
On File: spec-3690-55182-0722.fits 
On File: spec-3690-55182-0723.fits 
On File: spec-3690-55182-0724.fits 
On File: spec-3690-55182-0725.fits 
On File: spec-3690-55182-0726.fits 
On File: spec-3690-55182-0727.fits 
On File: spec-3690-55182-0728.fits 
On File: spec-3690-55182-0729.fits 
On File: spec-3690-55182-0730.fits 
On File: spec-3690-55182-0731.fits 
On File: spec-3690-55182-0732.fits 
On File: spec-3690-55182-0733.fits 
On File: spec-3690-55182-0734.fits 
On File: spec-3690-55182-0735.fits 
On File: spec-3690-55182-0736.fits 
On File: spec-3690-55182-0737.fits 
On File: spec-3690-55182-0738.fits 
On File: spec-3690-55182-0739.fits 
On File: spec-3690-55182-0740.fits 
On File: spec-3690-55182-0741.fits 
On File: spec-3690-55182-0742.fits 
On File: spec-3690-55182-0743.fits 
On File: spec-3690-55182-0744.fits 
On File: spec-3690-55182-0745.fits 
On File: spec-3690-55182-0746.fits 
On File: spec-3690-55182-0747.fits 
On File: spec-3690-55182-0748.fits 
On File: spec-3690-55182-0749.fits 
On File: spec-3690-55182-0750.fits 
On File: spec-3690-55182-0751.fits 
On File: spec-3690-55182-0752.fits 
On File: spec-3690-55182-0753.fits 
On File: spec-3690-55182-0754.fits 
On File: spec-3690-55182-0755.fits 
On File: spec-3690-55182-0756.fits 
On File: spec-3690-55182-0757.fits 
On File: spec-3690-55182-0758.fits 
On File: spec-3690-55182-0759.fits 
On File: spec-3690-55182-0760.fits 
On File: spec-3690-55182-0761.fits 
On File: spec-3690-55182-0762.fits 
On File: spec-3690-55182-0763.fits 
On File: spec-3690-55182-0764.fits 
On File: spec-3690-55182-0765.fits 
On File: spec-3690-55182-0766.fits 
On File: spec-3690-55182-0767.fits 
On File: spec-3690-55182-0768.fits 
On File: spec-3690-55182-0769.fits 
On File: spec-3690-55182-0770.fits 
On File: spec-3690-55182-0771.fits 
On File: spec-3690-55182-0772.fits 
On File: spec-3690-55182-0773.fits 
On File: spec-3690-55182-0774.fits 
On File: spec-3690-55182-0775.fits 
On File: spec-3690-55182-0776.fits 
On File: spec-3690-55182-0777.fits 
On File: spec-3690-55182-0778.fits 
On File: spec-3690-55182-0779.fits 
On File: spec-3690-55182-0780.fits 
On File: spec-3690-55182-0781.fits 
On File: spec-3690-55182-0782.fits 
On File: spec-3690-55182-0783.fits 
On File: spec-3690-55182-0784.fits 
On File: spec-3690-55182-0785.fits 
On File: spec-3690-55182-0786.fits 
On File: spec-3690-55182-0787.fits 
On File: spec-3690-55182-0788.fits 
On File: spec-3690-55182-0789.fits 
On File: spec-3690-55182-0790.fits 
On File: spec-3690-55182-0791.fits 
On File: spec-3690-55182-0792.fits 
On File: spec-3690-55182-0793.fits 
On File: spec-3690-55182-0794.fits 
On File: spec-3690-55182-0795.fits 
On File: spec-3690-55182-0796.fits 
On File: spec-3690-55182-0797.fits 
On File: spec-3690-55182-0798.fits 
On File: spec-3690-55182-0799.fits 
On File: spec-3690-55182-0800.fits 
On File: spec-3690-55182-0801.fits 
On File: spec-3690-55182-0802.fits 
On File: spec-3690-55182-0803.fits 
On File: spec-3690-55182-0804.fits 
On File: spec-3690-55182-0805.fits 
On File: spec-3690-55182-0806.fits 
On File: spec-3690-55182-0807.fits 
On File: spec-3690-55182-0808.fits 
On File: spec-3690-55182-0809.fits 
On File: spec-3690-55182-0810.fits 
On File: spec-3690-55182-0811.fits 
On File: spec-3690-55182-0812.fits 
On File: spec-3690-55182-0813.fits 
On File: spec-3690-55182-0814.fits 
On File: spec-3690-55182-0815.fits 
On File: spec-3690-55182-0816.fits 
On File: spec-3690-55182-0817.fits 
On File: spec-3690-55182-0818.fits 
On File: spec-3690-55182-0819.fits 
On File: spec-3690-55182-0820.fits 
On File: spec-3690-55182-0821.fits 
On File: spec-3690-55182-0822.fits 
On File: spec-3690-55182-0823.fits 
On File: spec-3690-55182-0824.fits 
On File: spec-3690-55182-0825.fits 
On File: spec-3690-55182-0826.fits 
On File: spec-3690-55182-0827.fits 
On File: spec-3690-55182-0828.fits 
On File: spec-3690-55182-0829.fits 
On File: spec-3690-55182-0830.fits 
On File: spec-3690-55182-0831.fits 
On File: spec-3690-55182-0832.fits 
On File: spec-3690-55182-0833.fits 
On File: spec-3690-55182-0834.fits 
On File: spec-3690-55182-0835.fits 
On File: spec-3690-55182-0836.fits 
On File: spec-3690-55182-0837.fits 
On File: spec-3690-55182-0838.fits 
On File: spec-3690-55182-0839.fits 
On File: spec-3690-55182-0840.fits 
On File: spec-3690-55182-0841.fits 
On File: spec-3690-55182-0842.fits 
On File: spec-3690-55182-0843.fits 
On File: spec-3690-55182-0844.fits 
On File: spec-3690-55182-0845.fits 
On File: spec-3690-55182-0846.fits 
On File: spec-3690-55182-0847.fits 
On File: spec-3690-55182-0848.fits 
On File: spec-3690-55182-0849.fits 
On File: spec-3690-55182-0850.fits 
On File: spec-3690-55182-0851.fits 
On File: spec-3690-55182-0852.fits 
On File: spec-3690-55182-0853.fits 
On File: spec-3690-55182-0854.fits 
On File: spec-3690-55182-0855.fits 
On File: spec-3690-55182-0856.fits 
On File: spec-3690-55182-0857.fits 
On File: spec-3690-55182-0858.fits 
On File: spec-3690-55182-0859.fits 
On File: spec-3690-55182-0860.fits 
On File: spec-3690-55182-0861.fits 
On File: spec-3690-55182-0862.fits 
On File: spec-3690-55182-0863.fits 
On File: spec-3690-55182-0864.fits 
On File: spec-3690-55182-0865.fits 
On File: spec-3690-55182-0866.fits 
On File: spec-3690-55182-0867.fits 
On File: spec-3690-55182-0868.fits 
On File: spec-3690-55182-0869.fits 
On File: spec-3690-55182-0870.fits 
On File: spec-3690-55182-0871.fits 
On File: spec-3690-55182-0872.fits 
On File: spec-3690-55182-0873.fits 
On File: spec-3690-55182-0874.fits 
On File: spec-3690-55182-0875.fits 
On File: spec-3690-55182-0876.fits 
On File: spec-3690-55182-0877.fits 
On File: spec-3690-55182-0878.fits 
On File: spec-3690-55182-0879.fits 
On File: spec-3690-55182-0880.fits 
On File: spec-3690-55182-0881.fits 
On File: spec-3690-55182-0882.fits 
On File: spec-3690-55182-0883.fits 
On File: spec-3690-55182-0884.fits 
On File: spec-3690-55182-0885.fits 
On File: spec-3690-55182-0886.fits 
On File: spec-3690-55182-0887.fits 
On File: spec-3690-55182-0888.fits 
On File: spec-3690-55182-0889.fits 
On File: spec-3690-55182-0890.fits 
On File: spec-3690-55182-0891.fits 
On File: spec-3690-55182-0892.fits 
On File: spec-3690-55182-0893.fits 
On File: spec-3690-55182-0894.fits 
On File: spec-3690-55182-0895.fits 
On File: spec-3690-55182-0896.fits 
On File: spec-3690-55182-0897.fits 
On File: spec-3690-55182-0898.fits 
On File: spec-3690-55182-0899.fits 
On File: spec-3690-55182-0900.fits 
On File: spec-3690-55182-0901.fits 
On File: spec-3690-55182-0902.fits 
On File: spec-3690-55182-0903.fits 
On File: spec-3690-55182-0904.fits 
On File: spec-3690-55182-0905.fits 
On File: spec-3690-55182-0906.fits 
On File: spec-3690-55182-0907.fits 
On File: spec-3690-55182-0908.fits 
On File: spec-3690-55182-0909.fits 
On File: spec-3690-55182-0910.fits 
On File: spec-3690-55182-0911.fits 
On File: spec-3690-55182-0912.fits 
On File: spec-3690-55182-0913.fits 
On File: spec-3690-55182-0914.fits 
On File: spec-3690-55182-0915.fits 
On File: spec-3690-55182-0916.fits 
On File: spec-3690-55182-0917.fits 
On File: spec-3690-55182-0918.fits 
On File: spec-3690-55182-0919.fits 
On File: spec-3690-55182-0920.fits 
On File: spec-3690-55182-0921.fits 
On File: spec-3690-55182-0922.fits 
On File: spec-3690-55182-0923.fits 
On File: spec-3690-55182-0924.fits 
On File: spec-3690-55182-0925.fits 
On File: spec-3690-55182-0926.fits 
On File: spec-3690-55182-0927.fits 
On File: spec-3690-55182-0928.fits 
On File: spec-3690-55182-0929.fits 
On File: spec-3690-55182-0930.fits 
On File: spec-3690-55182-0931.fits 
On File: spec-3690-55182-0932.fits 
On File: spec-3690-55182-0933.fits 
On File: spec-3690-55182-0934.fits 
On File: spec-3690-55182-0935.fits 
On File: spec-3690-55182-0936.fits 
On File: spec-3690-55182-0937.fits 
On File: spec-3690-55182-0938.fits 
On File: spec-3690-55182-0939.fits 
On File: spec-3690-55182-0940.fits 
On File: spec-3690-55182-0941.fits 
On File: spec-3690-55182-0942.fits 
On File: spec-3690-55182-0943.fits 
On File: spec-3690-55182-0944.fits 
On File: spec-3690-55182-0945.fits 
On File: spec-3690-55182-0946.fits 
On File: spec-3690-55182-0947.fits 
On File: spec-3690-55182-0948.fits 
On File: spec-3690-55182-0949.fits 
On File: spec-3690-55182-0950.fits 
On File: spec-3690-55182-0951.fits 
On File: spec-3690-55182-0952.fits 
On File: spec-3690-55182-0953.fits 
On File: spec-3690-55182-0954.fits 
On File: spec-3690-55182-0955.fits 
On File: spec-3690-55182-0956.fits 
On File: spec-3690-55182-0957.fits 
On File: spec-3690-55182-0958.fits 
On File: spec-3690-55182-0959.fits 
On File: spec-3690-55182-0960.fits 
On File: spec-3690-55182-0961.fits 
On File: spec-3690-55182-0962.fits 
On File: spec-3690-55182-0963.fits 
On File: spec-3690-55182-0964.fits 
On File: spec-3690-55182-0965.fits 
On File: spec-3690-55182-0966.fits 
On File: spec-3690-55182-0967.fits 
On File: spec-3690-55182-0968.fits 
On File: spec-3690-55182-0969.fits 
On File: spec-3690-55182-0970.fits 
On File: spec-3690-55182-0971.fits 
On File: spec-3690-55182-0972.fits 
On File: spec-3690-55182-0973.fits 
On File: spec-3690-55182-0974.fits 
On File: spec-3690-55182-0975.fits 
On File: spec-3690-55182-0976.fits 
On File: spec-3690-55182-0977.fits 
On File: spec-3690-55182-0978.fits 
On File: spec-3690-55182-0979.fits 
On File: spec-3690-55182-0980.fits 
On File: spec-3690-55182-0981.fits 
On File: spec-3690-55182-0982.fits 
On File: spec-3690-55182-0983.fits 
On File: spec-3690-55182-0984.fits 
On File: spec-3690-55182-0985.fits 
On File: spec-3690-55182-0986.fits 
On File: spec-3690-55182-0987.fits 
On File: spec-3690-55182-0988.fits 
On File: spec-3690-55182-0989.fits 
On File: spec-3690-55182-0990.fits 
On File: spec-3690-55182-0991.fits 
On File: spec-3690-55182-0992.fits 
On File: spec-3690-55182-0993.fits 
On File: spec-3690-55182-0994.fits 
On File: spec-3690-55182-0995.fits 
On File: spec-3690-55182-0996.fits 
On File: spec-3690-55182-0997.fits 
On File: spec-3690-55182-0998.fits 
On File: spec-3690-55182-0999.fits 
On File: spec-3690-55182-1000.fits 
[1] "Job Complete!"
