Unpacking R413.tar.gz ...
Unpacking packages_FITSio.tar.gz ...
Unpacking current *.tgz file
[1] "Initializing Console ..."
[1] "Inputing command line prompts ..."
[1] "Loading package FITSio."
[1] "Reading cB58_Lyman_break.fit ..."
[1] "Starting main process ..."
On File: spec-3695-55212-0001.fits 
On File: spec-3695-55212-0002.fits 
On File: spec-3695-55212-0003.fits 
On File: spec-3695-55212-0004.fits 
On File: spec-3695-55212-0005.fits 
On File: spec-3695-55212-0006.fits 
On File: spec-3695-55212-0007.fits 
On File: spec-3695-55212-0008.fits 
On File: spec-3695-55212-0009.fits 
On File: spec-3695-55212-0010.fits 
On File: spec-3695-55212-0011.fits 
On File: spec-3695-55212-0012.fits 
On File: spec-3695-55212-0013.fits 
On File: spec-3695-55212-0014.fits 
On File: spec-3695-55212-0015.fits 
On File: spec-3695-55212-0016.fits 
On File: spec-3695-55212-0017.fits 
On File: spec-3695-55212-0018.fits 
On File: spec-3695-55212-0019.fits 
On File: spec-3695-55212-0020.fits 
On File: spec-3695-55212-0021.fits 
On File: spec-3695-55212-0022.fits 
On File: spec-3695-55212-0023.fits 
On File: spec-3695-55212-0024.fits 
On File: spec-3695-55212-0025.fits 
On File: spec-3695-55212-0026.fits 
On File: spec-3695-55212-0027.fits 
On File: spec-3695-55212-0028.fits 
On File: spec-3695-55212-0029.fits 
On File: spec-3695-55212-0030.fits 
On File: spec-3695-55212-0031.fits 
On File: spec-3695-55212-0032.fits 
On File: spec-3695-55212-0033.fits 
On File: spec-3695-55212-0034.fits 
On File: spec-3695-55212-0035.fits 
On File: spec-3695-55212-0036.fits 
On File: spec-3695-55212-0037.fits 
On File: spec-3695-55212-0038.fits 
On File: spec-3695-55212-0039.fits 
On File: spec-3695-55212-0040.fits 
On File: spec-3695-55212-0041.fits 
On File: spec-3695-55212-0042.fits 
On File: spec-3695-55212-0043.fits 
On File: spec-3695-55212-0044.fits 
On File: spec-3695-55212-0045.fits 
On File: spec-3695-55212-0046.fits 
On File: spec-3695-55212-0047.fits 
On File: spec-3695-55212-0048.fits 
On File: spec-3695-55212-0049.fits 
On File: spec-3695-55212-0050.fits 
On File: spec-3695-55212-0051.fits 
On File: spec-3695-55212-0052.fits 
On File: spec-3695-55212-0053.fits 
On File: spec-3695-55212-0054.fits 
On File: spec-3695-55212-0055.fits 
On File: spec-3695-55212-0056.fits 
On File: spec-3695-55212-0057.fits 
On File: spec-3695-55212-0058.fits 
On File: spec-3695-55212-0059.fits 
On File: spec-3695-55212-0060.fits 
On File: spec-3695-55212-0061.fits 
On File: spec-3695-55212-0062.fits 
On File: spec-3695-55212-0063.fits 
On File: spec-3695-55212-0064.fits 
On File: spec-3695-55212-0065.fits 
On File: spec-3695-55212-0066.fits 
On File: spec-3695-55212-0067.fits 
On File: spec-3695-55212-0068.fits 
On File: spec-3695-55212-0069.fits 
On File: spec-3695-55212-0070.fits 
On File: spec-3695-55212-0071.fits 
On File: spec-3695-55212-0072.fits 
On File: spec-3695-55212-0073.fits 
On File: spec-3695-55212-0074.fits 
On File: spec-3695-55212-0075.fits 
On File: spec-3695-55212-0076.fits 
On File: spec-3695-55212-0077.fits 
On File: spec-3695-55212-0078.fits 
On File: spec-3695-55212-0079.fits 
On File: spec-3695-55212-0080.fits 
On File: spec-3695-55212-0081.fits 
On File: spec-3695-55212-0082.fits 
On File: spec-3695-55212-0083.fits 
On File: spec-3695-55212-0084.fits 
On File: spec-3695-55212-0085.fits 
On File: spec-3695-55212-0086.fits 
On File: spec-3695-55212-0087.fits 
On File: spec-3695-55212-0088.fits 
On File: spec-3695-55212-0089.fits 
On File: spec-3695-55212-0090.fits 
On File: spec-3695-55212-0091.fits 
On File: spec-3695-55212-0092.fits 
On File: spec-3695-55212-0093.fits 
On File: spec-3695-55212-0094.fits 
On File: spec-3695-55212-0095.fits 
On File: spec-3695-55212-0096.fits 
On File: spec-3695-55212-0097.fits 
On File: spec-3695-55212-0098.fits 
On File: spec-3695-55212-0099.fits 
On File: spec-3695-55212-0100.fits 
On File: spec-3695-55212-0101.fits 
On File: spec-3695-55212-0102.fits 
On File: spec-3695-55212-0103.fits 
On File: spec-3695-55212-0104.fits 
On File: spec-3695-55212-0105.fits 
On File: spec-3695-55212-0106.fits 
On File: spec-3695-55212-0107.fits 
On File: spec-3695-55212-0108.fits 
On File: spec-3695-55212-0109.fits 
On File: spec-3695-55212-0110.fits 
On File: spec-3695-55212-0111.fits 
On File: spec-3695-55212-0112.fits 
On File: spec-3695-55212-0113.fits 
On File: spec-3695-55212-0114.fits 
On File: spec-3695-55212-0115.fits 
On File: spec-3695-55212-0116.fits 
On File: spec-3695-55212-0117.fits 
On File: spec-3695-55212-0118.fits 
On File: spec-3695-55212-0119.fits 
On File: spec-3695-55212-0120.fits 
On File: spec-3695-55212-0121.fits 
On File: spec-3695-55212-0122.fits 
On File: spec-3695-55212-0123.fits 
On File: spec-3695-55212-0124.fits 
On File: spec-3695-55212-0125.fits 
On File: spec-3695-55212-0126.fits 
On File: spec-3695-55212-0127.fits 
On File: spec-3695-55212-0128.fits 
On File: spec-3695-55212-0129.fits 
On File: spec-3695-55212-0130.fits 
On File: spec-3695-55212-0131.fits 
On File: spec-3695-55212-0132.fits 
On File: spec-3695-55212-0133.fits 
On File: spec-3695-55212-0134.fits 
On File: spec-3695-55212-0135.fits 
On File: spec-3695-55212-0136.fits 
On File: spec-3695-55212-0137.fits 
On File: spec-3695-55212-0138.fits 
On File: spec-3695-55212-0139.fits 
On File: spec-3695-55212-0140.fits 
On File: spec-3695-55212-0141.fits 
On File: spec-3695-55212-0142.fits 
On File: spec-3695-55212-0143.fits 
On File: spec-3695-55212-0144.fits 
On File: spec-3695-55212-0145.fits 
On File: spec-3695-55212-0146.fits 
On File: spec-3695-55212-0147.fits 
On File: spec-3695-55212-0148.fits 
On File: spec-3695-55212-0149.fits 
On File: spec-3695-55212-0150.fits 
On File: spec-3695-55212-0151.fits 
On File: spec-3695-55212-0152.fits 
On File: spec-3695-55212-0153.fits 
On File: spec-3695-55212-0154.fits 
On File: spec-3695-55212-0155.fits 
On File: spec-3695-55212-0156.fits 
On File: spec-3695-55212-0157.fits 
On File: spec-3695-55212-0158.fits 
On File: spec-3695-55212-0159.fits 
On File: spec-3695-55212-0160.fits 
On File: spec-3695-55212-0161.fits 
On File: spec-3695-55212-0162.fits 
On File: spec-3695-55212-0163.fits 
On File: spec-3695-55212-0164.fits 
On File: spec-3695-55212-0165.fits 
On File: spec-3695-55212-0166.fits 
On File: spec-3695-55212-0167.fits 
On File: spec-3695-55212-0168.fits 
On File: spec-3695-55212-0169.fits 
On File: spec-3695-55212-0170.fits 
On File: spec-3695-55212-0171.fits 
On File: spec-3695-55212-0172.fits 
On File: spec-3695-55212-0173.fits 
On File: spec-3695-55212-0174.fits 
On File: spec-3695-55212-0175.fits 
On File: spec-3695-55212-0176.fits 
On File: spec-3695-55212-0177.fits 
On File: spec-3695-55212-0178.fits 
On File: spec-3695-55212-0179.fits 
On File: spec-3695-55212-0180.fits 
On File: spec-3695-55212-0181.fits 
On File: spec-3695-55212-0182.fits 
On File: spec-3695-55212-0183.fits 
On File: spec-3695-55212-0184.fits 
On File: spec-3695-55212-0185.fits 
On File: spec-3695-55212-0186.fits 
On File: spec-3695-55212-0187.fits 
On File: spec-3695-55212-0188.fits 
On File: spec-3695-55212-0189.fits 
On File: spec-3695-55212-0190.fits 
On File: spec-3695-55212-0191.fits 
On File: spec-3695-55212-0192.fits 
On File: spec-3695-55212-0193.fits 
On File: spec-3695-55212-0194.fits 
On File: spec-3695-55212-0195.fits 
On File: spec-3695-55212-0196.fits 
On File: spec-3695-55212-0197.fits 
On File: spec-3695-55212-0198.fits 
On File: spec-3695-55212-0199.fits 
On File: spec-3695-55212-0200.fits 
On File: spec-3695-55212-0201.fits 
On File: spec-3695-55212-0202.fits 
On File: spec-3695-55212-0203.fits 
On File: spec-3695-55212-0204.fits 
On File: spec-3695-55212-0205.fits 
On File: spec-3695-55212-0206.fits 
On File: spec-3695-55212-0207.fits 
On File: spec-3695-55212-0208.fits 
On File: spec-3695-55212-0209.fits 
On File: spec-3695-55212-0210.fits 
On File: spec-3695-55212-0211.fits 
On File: spec-3695-55212-0212.fits 
On File: spec-3695-55212-0213.fits 
On File: spec-3695-55212-0214.fits 
On File: spec-3695-55212-0215.fits 
On File: spec-3695-55212-0216.fits 
On File: spec-3695-55212-0217.fits 
On File: spec-3695-55212-0218.fits 
On File: spec-3695-55212-0219.fits 
On File: spec-3695-55212-0220.fits 
On File: spec-3695-55212-0221.fits 
On File: spec-3695-55212-0222.fits 
On File: spec-3695-55212-0223.fits 
On File: spec-3695-55212-0224.fits 
On File: spec-3695-55212-0225.fits 
On File: spec-3695-55212-0226.fits 
On File: spec-3695-55212-0227.fits 
On File: spec-3695-55212-0228.fits 
On File: spec-3695-55212-0229.fits 
On File: spec-3695-55212-0230.fits 
On File: spec-3695-55212-0231.fits 
On File: spec-3695-55212-0232.fits 
On File: spec-3695-55212-0233.fits 
On File: spec-3695-55212-0234.fits 
On File: spec-3695-55212-0235.fits 
On File: spec-3695-55212-0236.fits 
On File: spec-3695-55212-0237.fits 
On File: spec-3695-55212-0238.fits 
On File: spec-3695-55212-0239.fits 
On File: spec-3695-55212-0240.fits 
On File: spec-3695-55212-0241.fits 
On File: spec-3695-55212-0242.fits 
On File: spec-3695-55212-0243.fits 
On File: spec-3695-55212-0244.fits 
On File: spec-3695-55212-0245.fits 
On File: spec-3695-55212-0246.fits 
On File: spec-3695-55212-0247.fits 
On File: spec-3695-55212-0248.fits 
On File: spec-3695-55212-0249.fits 
On File: spec-3695-55212-0250.fits 
On File: spec-3695-55212-0251.fits 
On File: spec-3695-55212-0252.fits 
On File: spec-3695-55212-0253.fits 
On File: spec-3695-55212-0254.fits 
On File: spec-3695-55212-0255.fits 
On File: spec-3695-55212-0256.fits 
On File: spec-3695-55212-0257.fits 
On File: spec-3695-55212-0258.fits 
On File: spec-3695-55212-0259.fits 
On File: spec-3695-55212-0260.fits 
On File: spec-3695-55212-0261.fits 
On File: spec-3695-55212-0262.fits 
On File: spec-3695-55212-0263.fits 
On File: spec-3695-55212-0264.fits 
On File: spec-3695-55212-0265.fits 
On File: spec-3695-55212-0266.fits 
On File: spec-3695-55212-0267.fits 
On File: spec-3695-55212-0268.fits 
On File: spec-3695-55212-0269.fits 
On File: spec-3695-55212-0270.fits 
On File: spec-3695-55212-0271.fits 
On File: spec-3695-55212-0272.fits 
On File: spec-3695-55212-0273.fits 
On File: spec-3695-55212-0274.fits 
On File: spec-3695-55212-0275.fits 
On File: spec-3695-55212-0276.fits 
On File: spec-3695-55212-0277.fits 
On File: spec-3695-55212-0278.fits 
On File: spec-3695-55212-0279.fits 
On File: spec-3695-55212-0280.fits 
On File: spec-3695-55212-0281.fits 
On File: spec-3695-55212-0282.fits 
On File: spec-3695-55212-0283.fits 
On File: spec-3695-55212-0284.fits 
On File: spec-3695-55212-0285.fits 
On File: spec-3695-55212-0286.fits 
On File: spec-3695-55212-0287.fits 
On File: spec-3695-55212-0288.fits 
On File: spec-3695-55212-0289.fits 
On File: spec-3695-55212-0290.fits 
On File: spec-3695-55212-0291.fits 
On File: spec-3695-55212-0292.fits 
On File: spec-3695-55212-0293.fits 
On File: spec-3695-55212-0294.fits 
On File: spec-3695-55212-0295.fits 
On File: spec-3695-55212-0296.fits 
On File: spec-3695-55212-0297.fits 
On File: spec-3695-55212-0298.fits 
On File: spec-3695-55212-0299.fits 
On File: spec-3695-55212-0300.fits 
On File: spec-3695-55212-0301.fits 
On File: spec-3695-55212-0302.fits 
On File: spec-3695-55212-0303.fits 
On File: spec-3695-55212-0304.fits 
On File: spec-3695-55212-0305.fits 
On File: spec-3695-55212-0306.fits 
On File: spec-3695-55212-0307.fits 
On File: spec-3695-55212-0308.fits 
On File: spec-3695-55212-0309.fits 
On File: spec-3695-55212-0310.fits 
On File: spec-3695-55212-0311.fits 
On File: spec-3695-55212-0312.fits 
On File: spec-3695-55212-0313.fits 
On File: spec-3695-55212-0314.fits 
On File: spec-3695-55212-0315.fits 
On File: spec-3695-55212-0316.fits 
On File: spec-3695-55212-0317.fits 
On File: spec-3695-55212-0318.fits 
On File: spec-3695-55212-0319.fits 
On File: spec-3695-55212-0320.fits 
On File: spec-3695-55212-0321.fits 
On File: spec-3695-55212-0322.fits 
On File: spec-3695-55212-0323.fits 
On File: spec-3695-55212-0324.fits 
On File: spec-3695-55212-0325.fits 
On File: spec-3695-55212-0326.fits 
On File: spec-3695-55212-0327.fits 
On File: spec-3695-55212-0328.fits 
On File: spec-3695-55212-0329.fits 
On File: spec-3695-55212-0330.fits 
On File: spec-3695-55212-0331.fits 
On File: spec-3695-55212-0332.fits 
On File: spec-3695-55212-0333.fits 
On File: spec-3695-55212-0334.fits 
On File: spec-3695-55212-0335.fits 
On File: spec-3695-55212-0336.fits 
On File: spec-3695-55212-0337.fits 
On File: spec-3695-55212-0338.fits 
On File: spec-3695-55212-0339.fits 
On File: spec-3695-55212-0340.fits 
On File: spec-3695-55212-0341.fits 
On File: spec-3695-55212-0342.fits 
On File: spec-3695-55212-0343.fits 
On File: spec-3695-55212-0344.fits 
On File: spec-3695-55212-0345.fits 
On File: spec-3695-55212-0346.fits 
On File: spec-3695-55212-0347.fits 
On File: spec-3695-55212-0348.fits 
On File: spec-3695-55212-0349.fits 
On File: spec-3695-55212-0350.fits 
On File: spec-3695-55212-0351.fits 
On File: spec-3695-55212-0352.fits 
On File: spec-3695-55212-0353.fits 
On File: spec-3695-55212-0354.fits 
On File: spec-3695-55212-0355.fits 
On File: spec-3695-55212-0356.fits 
On File: spec-3695-55212-0357.fits 
On File: spec-3695-55212-0358.fits 
On File: spec-3695-55212-0359.fits 
On File: spec-3695-55212-0360.fits 
On File: spec-3695-55212-0361.fits 
On File: spec-3695-55212-0362.fits 
On File: spec-3695-55212-0363.fits 
On File: spec-3695-55212-0364.fits 
On File: spec-3695-55212-0365.fits 
On File: spec-3695-55212-0366.fits 
On File: spec-3695-55212-0367.fits 
On File: spec-3695-55212-0368.fits 
On File: spec-3695-55212-0369.fits 
On File: spec-3695-55212-0370.fits 
On File: spec-3695-55212-0371.fits 
On File: spec-3695-55212-0372.fits 
On File: spec-3695-55212-0373.fits 
On File: spec-3695-55212-0374.fits 
On File: spec-3695-55212-0375.fits 
On File: spec-3695-55212-0376.fits 
On File: spec-3695-55212-0377.fits 
On File: spec-3695-55212-0378.fits 
On File: spec-3695-55212-0379.fits 
On File: spec-3695-55212-0380.fits 
On File: spec-3695-55212-0381.fits 
On File: spec-3695-55212-0382.fits 
On File: spec-3695-55212-0383.fits 
On File: spec-3695-55212-0384.fits 
On File: spec-3695-55212-0385.fits 
On File: spec-3695-55212-0386.fits 
On File: spec-3695-55212-0387.fits 
On File: spec-3695-55212-0388.fits 
On File: spec-3695-55212-0389.fits 
On File: spec-3695-55212-0390.fits 
On File: spec-3695-55212-0391.fits 
On File: spec-3695-55212-0392.fits 
On File: spec-3695-55212-0393.fits 
On File: spec-3695-55212-0394.fits 
On File: spec-3695-55212-0395.fits 
On File: spec-3695-55212-0396.fits 
On File: spec-3695-55212-0397.fits 
On File: spec-3695-55212-0398.fits 
On File: spec-3695-55212-0399.fits 
On File: spec-3695-55212-0400.fits 
On File: spec-3695-55212-0401.fits 
On File: spec-3695-55212-0402.fits 
On File: spec-3695-55212-0403.fits 
On File: spec-3695-55212-0404.fits 
On File: spec-3695-55212-0405.fits 
On File: spec-3695-55212-0406.fits 
On File: spec-3695-55212-0407.fits 
On File: spec-3695-55212-0408.fits 
On File: spec-3695-55212-0409.fits 
On File: spec-3695-55212-0410.fits 
On File: spec-3695-55212-0411.fits 
On File: spec-3695-55212-0412.fits 
On File: spec-3695-55212-0413.fits 
On File: spec-3695-55212-0414.fits 
On File: spec-3695-55212-0415.fits 
On File: spec-3695-55212-0416.fits 
On File: spec-3695-55212-0417.fits 
On File: spec-3695-55212-0418.fits 
On File: spec-3695-55212-0419.fits 
On File: spec-3695-55212-0420.fits 
On File: spec-3695-55212-0421.fits 
On File: spec-3695-55212-0422.fits 
On File: spec-3695-55212-0423.fits 
On File: spec-3695-55212-0424.fits 
On File: spec-3695-55212-0425.fits 
On File: spec-3695-55212-0426.fits 
On File: spec-3695-55212-0427.fits 
On File: spec-3695-55212-0428.fits 
On File: spec-3695-55212-0429.fits 
On File: spec-3695-55212-0430.fits 
On File: spec-3695-55212-0431.fits 
On File: spec-3695-55212-0432.fits 
On File: spec-3695-55212-0433.fits 
On File: spec-3695-55212-0434.fits 
On File: spec-3695-55212-0435.fits 
On File: spec-3695-55212-0436.fits 
On File: spec-3695-55212-0437.fits 
On File: spec-3695-55212-0438.fits 
On File: spec-3695-55212-0439.fits 
On File: spec-3695-55212-0440.fits 
On File: spec-3695-55212-0441.fits 
On File: spec-3695-55212-0442.fits 
On File: spec-3695-55212-0443.fits 
On File: spec-3695-55212-0444.fits 
On File: spec-3695-55212-0445.fits 
On File: spec-3695-55212-0446.fits 
On File: spec-3695-55212-0447.fits 
On File: spec-3695-55212-0448.fits 
On File: spec-3695-55212-0449.fits 
On File: spec-3695-55212-0450.fits 
On File: spec-3695-55212-0451.fits 
On File: spec-3695-55212-0452.fits 
On File: spec-3695-55212-0453.fits 
On File: spec-3695-55212-0454.fits 
On File: spec-3695-55212-0455.fits 
On File: spec-3695-55212-0456.fits 
On File: spec-3695-55212-0457.fits 
On File: spec-3695-55212-0458.fits 
On File: spec-3695-55212-0459.fits 
On File: spec-3695-55212-0460.fits 
On File: spec-3695-55212-0461.fits 
On File: spec-3695-55212-0462.fits 
On File: spec-3695-55212-0463.fits 
On File: spec-3695-55212-0464.fits 
On File: spec-3695-55212-0465.fits 
On File: spec-3695-55212-0466.fits 
On File: spec-3695-55212-0467.fits 
On File: spec-3695-55212-0468.fits 
On File: spec-3695-55212-0469.fits 
On File: spec-3695-55212-0470.fits 
On File: spec-3695-55212-0471.fits 
On File: spec-3695-55212-0472.fits 
On File: spec-3695-55212-0473.fits 
On File: spec-3695-55212-0474.fits 
On File: spec-3695-55212-0475.fits 
On File: spec-3695-55212-0476.fits 
On File: spec-3695-55212-0477.fits 
On File: spec-3695-55212-0478.fits 
On File: spec-3695-55212-0479.fits 
On File: spec-3695-55212-0480.fits 
On File: spec-3695-55212-0481.fits 
On File: spec-3695-55212-0482.fits 
On File: spec-3695-55212-0483.fits 
On File: spec-3695-55212-0484.fits 
On File: spec-3695-55212-0485.fits 
On File: spec-3695-55212-0486.fits 
On File: spec-3695-55212-0487.fits 
On File: spec-3695-55212-0488.fits 
On File: spec-3695-55212-0489.fits 
On File: spec-3695-55212-0490.fits 
On File: spec-3695-55212-0491.fits 
On File: spec-3695-55212-0492.fits 
On File: spec-3695-55212-0493.fits 
On File: spec-3695-55212-0494.fits 
On File: spec-3695-55212-0495.fits 
On File: spec-3695-55212-0496.fits 
On File: spec-3695-55212-0497.fits 
On File: spec-3695-55212-0498.fits 
On File: spec-3695-55212-0499.fits 
On File: spec-3695-55212-0500.fits 
On File: spec-3695-55212-0501.fits 
On File: spec-3695-55212-0502.fits 
On File: spec-3695-55212-0503.fits 
On File: spec-3695-55212-0504.fits 
On File: spec-3695-55212-0505.fits 
On File: spec-3695-55212-0506.fits 
On File: spec-3695-55212-0507.fits 
On File: spec-3695-55212-0508.fits 
On File: spec-3695-55212-0509.fits 
On File: spec-3695-55212-0510.fits 
On File: spec-3695-55212-0511.fits 
On File: spec-3695-55212-0512.fits 
On File: spec-3695-55212-0513.fits 
On File: spec-3695-55212-0514.fits 
On File: spec-3695-55212-0515.fits 
On File: spec-3695-55212-0516.fits 
On File: spec-3695-55212-0517.fits 
On File: spec-3695-55212-0518.fits 
On File: spec-3695-55212-0519.fits 
On File: spec-3695-55212-0520.fits 
On File: spec-3695-55212-0521.fits 
On File: spec-3695-55212-0522.fits 
On File: spec-3695-55212-0523.fits 
On File: spec-3695-55212-0524.fits 
On File: spec-3695-55212-0525.fits 
On File: spec-3695-55212-0526.fits 
On File: spec-3695-55212-0527.fits 
On File: spec-3695-55212-0528.fits 
On File: spec-3695-55212-0529.fits 
On File: spec-3695-55212-0530.fits 
On File: spec-3695-55212-0531.fits 
On File: spec-3695-55212-0532.fits 
On File: spec-3695-55212-0533.fits 
On File: spec-3695-55212-0534.fits 
On File: spec-3695-55212-0535.fits 
On File: spec-3695-55212-0536.fits 
On File: spec-3695-55212-0537.fits 
On File: spec-3695-55212-0538.fits 
On File: spec-3695-55212-0539.fits 
On File: spec-3695-55212-0540.fits 
On File: spec-3695-55212-0541.fits 
On File: spec-3695-55212-0542.fits 
On File: spec-3695-55212-0543.fits 
On File: spec-3695-55212-0544.fits 
On File: spec-3695-55212-0545.fits 
On File: spec-3695-55212-0546.fits 
On File: spec-3695-55212-0547.fits 
On File: spec-3695-55212-0548.fits 
On File: spec-3695-55212-0549.fits 
On File: spec-3695-55212-0550.fits 
On File: spec-3695-55212-0551.fits 
On File: spec-3695-55212-0552.fits 
On File: spec-3695-55212-0553.fits 
On File: spec-3695-55212-0554.fits 
On File: spec-3695-55212-0555.fits 
On File: spec-3695-55212-0556.fits 
On File: spec-3695-55212-0557.fits 
On File: spec-3695-55212-0558.fits 
On File: spec-3695-55212-0559.fits 
On File: spec-3695-55212-0560.fits 
On File: spec-3695-55212-0561.fits 
On File: spec-3695-55212-0562.fits 
On File: spec-3695-55212-0563.fits 
On File: spec-3695-55212-0564.fits 
On File: spec-3695-55212-0565.fits 
On File: spec-3695-55212-0566.fits 
On File: spec-3695-55212-0567.fits 
On File: spec-3695-55212-0568.fits 
On File: spec-3695-55212-0569.fits 
On File: spec-3695-55212-0570.fits 
On File: spec-3695-55212-0571.fits 
On File: spec-3695-55212-0572.fits 
On File: spec-3695-55212-0573.fits 
On File: spec-3695-55212-0574.fits 
On File: spec-3695-55212-0575.fits 
On File: spec-3695-55212-0576.fits 
On File: spec-3695-55212-0577.fits 
On File: spec-3695-55212-0578.fits 
On File: spec-3695-55212-0579.fits 
On File: spec-3695-55212-0580.fits 
On File: spec-3695-55212-0581.fits 
On File: spec-3695-55212-0582.fits 
On File: spec-3695-55212-0583.fits 
On File: spec-3695-55212-0584.fits 
On File: spec-3695-55212-0585.fits 
On File: spec-3695-55212-0586.fits 
On File: spec-3695-55212-0587.fits 
On File: spec-3695-55212-0588.fits 
On File: spec-3695-55212-0589.fits 
On File: spec-3695-55212-0590.fits 
On File: spec-3695-55212-0591.fits 
On File: spec-3695-55212-0592.fits 
On File: spec-3695-55212-0593.fits 
On File: spec-3695-55212-0594.fits 
On File: spec-3695-55212-0595.fits 
On File: spec-3695-55212-0596.fits 
On File: spec-3695-55212-0597.fits 
On File: spec-3695-55212-0598.fits 
On File: spec-3695-55212-0599.fits 
On File: spec-3695-55212-0600.fits 
On File: spec-3695-55212-0601.fits 
On File: spec-3695-55212-0602.fits 
On File: spec-3695-55212-0603.fits 
On File: spec-3695-55212-0604.fits 
On File: spec-3695-55212-0605.fits 
On File: spec-3695-55212-0606.fits 
On File: spec-3695-55212-0607.fits 
On File: spec-3695-55212-0608.fits 
On File: spec-3695-55212-0609.fits 
On File: spec-3695-55212-0610.fits 
On File: spec-3695-55212-0611.fits 
On File: spec-3695-55212-0612.fits 
On File: spec-3695-55212-0613.fits 
On File: spec-3695-55212-0614.fits 
On File: spec-3695-55212-0615.fits 
On File: spec-3695-55212-0616.fits 
On File: spec-3695-55212-0617.fits 
On File: spec-3695-55212-0618.fits 
On File: spec-3695-55212-0619.fits 
On File: spec-3695-55212-0620.fits 
On File: spec-3695-55212-0621.fits 
On File: spec-3695-55212-0622.fits 
On File: spec-3695-55212-0623.fits 
On File: spec-3695-55212-0624.fits 
On File: spec-3695-55212-0625.fits 
On File: spec-3695-55212-0626.fits 
On File: spec-3695-55212-0627.fits 
On File: spec-3695-55212-0628.fits 
On File: spec-3695-55212-0629.fits 
On File: spec-3695-55212-0630.fits 
On File: spec-3695-55212-0631.fits 
On File: spec-3695-55212-0632.fits 
On File: spec-3695-55212-0633.fits 
On File: spec-3695-55212-0634.fits 
On File: spec-3695-55212-0635.fits 
On File: spec-3695-55212-0636.fits 
On File: spec-3695-55212-0637.fits 
On File: spec-3695-55212-0638.fits 
On File: spec-3695-55212-0639.fits 
On File: spec-3695-55212-0640.fits 
On File: spec-3695-55212-0641.fits 
On File: spec-3695-55212-0642.fits 
On File: spec-3695-55212-0643.fits 
On File: spec-3695-55212-0644.fits 
On File: spec-3695-55212-0645.fits 
On File: spec-3695-55212-0646.fits 
On File: spec-3695-55212-0647.fits 
On File: spec-3695-55212-0648.fits 
On File: spec-3695-55212-0649.fits 
On File: spec-3695-55212-0650.fits 
On File: spec-3695-55212-0651.fits 
On File: spec-3695-55212-0652.fits 
On File: spec-3695-55212-0653.fits 
On File: spec-3695-55212-0654.fits 
On File: spec-3695-55212-0655.fits 
On File: spec-3695-55212-0656.fits 
On File: spec-3695-55212-0657.fits 
On File: spec-3695-55212-0658.fits 
On File: spec-3695-55212-0659.fits 
On File: spec-3695-55212-0660.fits 
On File: spec-3695-55212-0661.fits 
On File: spec-3695-55212-0662.fits 
On File: spec-3695-55212-0663.fits 
On File: spec-3695-55212-0664.fits 
On File: spec-3695-55212-0665.fits 
On File: spec-3695-55212-0666.fits 
On File: spec-3695-55212-0667.fits 
On File: spec-3695-55212-0668.fits 
On File: spec-3695-55212-0669.fits 
On File: spec-3695-55212-0670.fits 
On File: spec-3695-55212-0671.fits 
On File: spec-3695-55212-0672.fits 
On File: spec-3695-55212-0673.fits 
On File: spec-3695-55212-0674.fits 
On File: spec-3695-55212-0675.fits 
On File: spec-3695-55212-0676.fits 
On File: spec-3695-55212-0677.fits 
On File: spec-3695-55212-0678.fits 
On File: spec-3695-55212-0679.fits 
On File: spec-3695-55212-0680.fits 
On File: spec-3695-55212-0681.fits 
On File: spec-3695-55212-0682.fits 
On File: spec-3695-55212-0683.fits 
On File: spec-3695-55212-0684.fits 
On File: spec-3695-55212-0685.fits 
On File: spec-3695-55212-0686.fits 
On File: spec-3695-55212-0687.fits 
On File: spec-3695-55212-0688.fits 
On File: spec-3695-55212-0689.fits 
On File: spec-3695-55212-0690.fits 
On File: spec-3695-55212-0691.fits 
On File: spec-3695-55212-0692.fits 
On File: spec-3695-55212-0693.fits 
On File: spec-3695-55212-0694.fits 
On File: spec-3695-55212-0695.fits 
On File: spec-3695-55212-0696.fits 
On File: spec-3695-55212-0697.fits 
On File: spec-3695-55212-0698.fits 
On File: spec-3695-55212-0699.fits 
On File: spec-3695-55212-0700.fits 
On File: spec-3695-55212-0701.fits 
On File: spec-3695-55212-0702.fits 
On File: spec-3695-55212-0703.fits 
On File: spec-3695-55212-0704.fits 
On File: spec-3695-55212-0705.fits 
On File: spec-3695-55212-0706.fits 
On File: spec-3695-55212-0707.fits 
On File: spec-3695-55212-0708.fits 
On File: spec-3695-55212-0709.fits 
On File: spec-3695-55212-0710.fits 
On File: spec-3695-55212-0711.fits 
On File: spec-3695-55212-0712.fits 
On File: spec-3695-55212-0713.fits 
On File: spec-3695-55212-0714.fits 
On File: spec-3695-55212-0715.fits 
On File: spec-3695-55212-0716.fits 
On File: spec-3695-55212-0717.fits 
On File: spec-3695-55212-0718.fits 
On File: spec-3695-55212-0719.fits 
On File: spec-3695-55212-0720.fits 
On File: spec-3695-55212-0721.fits 
On File: spec-3695-55212-0722.fits 
On File: spec-3695-55212-0723.fits 
On File: spec-3695-55212-0724.fits 
On File: spec-3695-55212-0725.fits 
On File: spec-3695-55212-0726.fits 
On File: spec-3695-55212-0727.fits 
On File: spec-3695-55212-0728.fits 
On File: spec-3695-55212-0729.fits 
On File: spec-3695-55212-0730.fits 
On File: spec-3695-55212-0731.fits 
On File: spec-3695-55212-0732.fits 
On File: spec-3695-55212-0733.fits 
On File: spec-3695-55212-0734.fits 
On File: spec-3695-55212-0735.fits 
On File: spec-3695-55212-0736.fits 
On File: spec-3695-55212-0737.fits 
On File: spec-3695-55212-0738.fits 
On File: spec-3695-55212-0739.fits 
On File: spec-3695-55212-0740.fits 
On File: spec-3695-55212-0741.fits 
On File: spec-3695-55212-0742.fits 
On File: spec-3695-55212-0743.fits 
On File: spec-3695-55212-0744.fits 
On File: spec-3695-55212-0745.fits 
On File: spec-3695-55212-0746.fits 
On File: spec-3695-55212-0747.fits 
On File: spec-3695-55212-0748.fits 
On File: spec-3695-55212-0749.fits 
On File: spec-3695-55212-0750.fits 
On File: spec-3695-55212-0751.fits 
On File: spec-3695-55212-0752.fits 
On File: spec-3695-55212-0753.fits 
On File: spec-3695-55212-0754.fits 
On File: spec-3695-55212-0755.fits 
On File: spec-3695-55212-0756.fits 
On File: spec-3695-55212-0757.fits 
On File: spec-3695-55212-0758.fits 
On File: spec-3695-55212-0759.fits 
On File: spec-3695-55212-0760.fits 
On File: spec-3695-55212-0761.fits 
On File: spec-3695-55212-0762.fits 
On File: spec-3695-55212-0763.fits 
On File: spec-3695-55212-0764.fits 
On File: spec-3695-55212-0765.fits 
On File: spec-3695-55212-0766.fits 
On File: spec-3695-55212-0767.fits 
On File: spec-3695-55212-0768.fits 
On File: spec-3695-55212-0769.fits 
On File: spec-3695-55212-0770.fits 
On File: spec-3695-55212-0771.fits 
On File: spec-3695-55212-0772.fits 
On File: spec-3695-55212-0773.fits 
On File: spec-3695-55212-0774.fits 
On File: spec-3695-55212-0775.fits 
On File: spec-3695-55212-0776.fits 
On File: spec-3695-55212-0777.fits 
On File: spec-3695-55212-0778.fits 
On File: spec-3695-55212-0779.fits 
On File: spec-3695-55212-0780.fits 
On File: spec-3695-55212-0781.fits 
On File: spec-3695-55212-0782.fits 
On File: spec-3695-55212-0783.fits 
On File: spec-3695-55212-0784.fits 
On File: spec-3695-55212-0785.fits 
On File: spec-3695-55212-0786.fits 
On File: spec-3695-55212-0787.fits 
On File: spec-3695-55212-0788.fits 
On File: spec-3695-55212-0789.fits 
On File: spec-3695-55212-0790.fits 
On File: spec-3695-55212-0791.fits 
On File: spec-3695-55212-0792.fits 
On File: spec-3695-55212-0793.fits 
On File: spec-3695-55212-0794.fits 
On File: spec-3695-55212-0795.fits 
On File: spec-3695-55212-0796.fits 
On File: spec-3695-55212-0797.fits 
On File: spec-3695-55212-0798.fits 
On File: spec-3695-55212-0799.fits 
On File: spec-3695-55212-0800.fits 
On File: spec-3695-55212-0801.fits 
On File: spec-3695-55212-0802.fits 
On File: spec-3695-55212-0803.fits 
On File: spec-3695-55212-0804.fits 
On File: spec-3695-55212-0805.fits 
On File: spec-3695-55212-0806.fits 
On File: spec-3695-55212-0807.fits 
On File: spec-3695-55212-0808.fits 
On File: spec-3695-55212-0809.fits 
On File: spec-3695-55212-0810.fits 
On File: spec-3695-55212-0811.fits 
On File: spec-3695-55212-0812.fits 
On File: spec-3695-55212-0813.fits 
On File: spec-3695-55212-0814.fits 
On File: spec-3695-55212-0815.fits 
On File: spec-3695-55212-0816.fits 
On File: spec-3695-55212-0817.fits 
On File: spec-3695-55212-0818.fits 
On File: spec-3695-55212-0819.fits 
On File: spec-3695-55212-0820.fits 
On File: spec-3695-55212-0821.fits 
On File: spec-3695-55212-0822.fits 
On File: spec-3695-55212-0823.fits 
On File: spec-3695-55212-0824.fits 
On File: spec-3695-55212-0825.fits 
On File: spec-3695-55212-0826.fits 
On File: spec-3695-55212-0827.fits 
On File: spec-3695-55212-0828.fits 
On File: spec-3695-55212-0829.fits 
On File: spec-3695-55212-0830.fits 
On File: spec-3695-55212-0831.fits 
On File: spec-3695-55212-0832.fits 
On File: spec-3695-55212-0833.fits 
On File: spec-3695-55212-0834.fits 
On File: spec-3695-55212-0835.fits 
On File: spec-3695-55212-0836.fits 
On File: spec-3695-55212-0837.fits 
On File: spec-3695-55212-0838.fits 
On File: spec-3695-55212-0839.fits 
On File: spec-3695-55212-0840.fits 
On File: spec-3695-55212-0841.fits 
On File: spec-3695-55212-0842.fits 
On File: spec-3695-55212-0843.fits 
On File: spec-3695-55212-0844.fits 
On File: spec-3695-55212-0845.fits 
On File: spec-3695-55212-0846.fits 
On File: spec-3695-55212-0847.fits 
On File: spec-3695-55212-0848.fits 
On File: spec-3695-55212-0849.fits 
On File: spec-3695-55212-0850.fits 
On File: spec-3695-55212-0851.fits 
On File: spec-3695-55212-0852.fits 
On File: spec-3695-55212-0853.fits 
On File: spec-3695-55212-0854.fits 
On File: spec-3695-55212-0855.fits 
On File: spec-3695-55212-0856.fits 
On File: spec-3695-55212-0857.fits 
On File: spec-3695-55212-0858.fits 
On File: spec-3695-55212-0859.fits 
On File: spec-3695-55212-0860.fits 
On File: spec-3695-55212-0861.fits 
On File: spec-3695-55212-0862.fits 
On File: spec-3695-55212-0863.fits 
On File: spec-3695-55212-0864.fits 
On File: spec-3695-55212-0865.fits 
On File: spec-3695-55212-0866.fits 
On File: spec-3695-55212-0867.fits 
On File: spec-3695-55212-0868.fits 
On File: spec-3695-55212-0869.fits 
On File: spec-3695-55212-0870.fits 
On File: spec-3695-55212-0871.fits 
On File: spec-3695-55212-0872.fits 
On File: spec-3695-55212-0873.fits 
On File: spec-3695-55212-0874.fits 
On File: spec-3695-55212-0875.fits 
On File: spec-3695-55212-0876.fits 
On File: spec-3695-55212-0877.fits 
On File: spec-3695-55212-0878.fits 
On File: spec-3695-55212-0879.fits 
On File: spec-3695-55212-0880.fits 
On File: spec-3695-55212-0881.fits 
On File: spec-3695-55212-0882.fits 
On File: spec-3695-55212-0883.fits 
On File: spec-3695-55212-0884.fits 
On File: spec-3695-55212-0885.fits 
On File: spec-3695-55212-0886.fits 
On File: spec-3695-55212-0887.fits 
On File: spec-3695-55212-0888.fits 
On File: spec-3695-55212-0889.fits 
On File: spec-3695-55212-0890.fits 
On File: spec-3695-55212-0891.fits 
On File: spec-3695-55212-0892.fits 
On File: spec-3695-55212-0893.fits 
On File: spec-3695-55212-0894.fits 
On File: spec-3695-55212-0895.fits 
On File: spec-3695-55212-0896.fits 
On File: spec-3695-55212-0897.fits 
On File: spec-3695-55212-0898.fits 
On File: spec-3695-55212-0899.fits 
On File: spec-3695-55212-0900.fits 
On File: spec-3695-55212-0901.fits 
On File: spec-3695-55212-0902.fits 
On File: spec-3695-55212-0903.fits 
On File: spec-3695-55212-0904.fits 
On File: spec-3695-55212-0905.fits 
On File: spec-3695-55212-0906.fits 
On File: spec-3695-55212-0907.fits 
On File: spec-3695-55212-0908.fits 
On File: spec-3695-55212-0909.fits 
On File: spec-3695-55212-0910.fits 
On File: spec-3695-55212-0911.fits 
On File: spec-3695-55212-0912.fits 
On File: spec-3695-55212-0913.fits 
On File: spec-3695-55212-0914.fits 
On File: spec-3695-55212-0915.fits 
On File: spec-3695-55212-0916.fits 
On File: spec-3695-55212-0917.fits 
On File: spec-3695-55212-0918.fits 
On File: spec-3695-55212-0919.fits 
On File: spec-3695-55212-0920.fits 
On File: spec-3695-55212-0921.fits 
On File: spec-3695-55212-0922.fits 
On File: spec-3695-55212-0923.fits 
On File: spec-3695-55212-0924.fits 
On File: spec-3695-55212-0925.fits 
On File: spec-3695-55212-0926.fits 
On File: spec-3695-55212-0927.fits 
On File: spec-3695-55212-0928.fits 
On File: spec-3695-55212-0929.fits 
On File: spec-3695-55212-0930.fits 
On File: spec-3695-55212-0931.fits 
On File: spec-3695-55212-0932.fits 
On File: spec-3695-55212-0933.fits 
On File: spec-3695-55212-0934.fits 
On File: spec-3695-55212-0935.fits 
On File: spec-3695-55212-0936.fits 
On File: spec-3695-55212-0937.fits 
On File: spec-3695-55212-0938.fits 
On File: spec-3695-55212-0939.fits 
On File: spec-3695-55212-0940.fits 
On File: spec-3695-55212-0941.fits 
On File: spec-3695-55212-0942.fits 
On File: spec-3695-55212-0943.fits 
On File: spec-3695-55212-0944.fits 
On File: spec-3695-55212-0945.fits 
On File: spec-3695-55212-0946.fits 
On File: spec-3695-55212-0947.fits 
On File: spec-3695-55212-0948.fits 
On File: spec-3695-55212-0949.fits 
On File: spec-3695-55212-0950.fits 
On File: spec-3695-55212-0951.fits 
On File: spec-3695-55212-0952.fits 
On File: spec-3695-55212-0953.fits 
On File: spec-3695-55212-0954.fits 
On File: spec-3695-55212-0955.fits 
On File: spec-3695-55212-0956.fits 
On File: spec-3695-55212-0957.fits 
On File: spec-3695-55212-0958.fits 
On File: spec-3695-55212-0959.fits 
On File: spec-3695-55212-0960.fits 
On File: spec-3695-55212-0961.fits 
On File: spec-3695-55212-0962.fits 
On File: spec-3695-55212-0963.fits 
On File: spec-3695-55212-0964.fits 
On File: spec-3695-55212-0965.fits 
On File: spec-3695-55212-0966.fits 
On File: spec-3695-55212-0967.fits 
On File: spec-3695-55212-0968.fits 
On File: spec-3695-55212-0969.fits 
On File: spec-3695-55212-0970.fits 
On File: spec-3695-55212-0971.fits 
On File: spec-3695-55212-0972.fits 
On File: spec-3695-55212-0973.fits 
On File: spec-3695-55212-0974.fits 
On File: spec-3695-55212-0975.fits 
On File: spec-3695-55212-0976.fits 
On File: spec-3695-55212-0977.fits 
On File: spec-3695-55212-0978.fits 
On File: spec-3695-55212-0979.fits 
On File: spec-3695-55212-0980.fits 
On File: spec-3695-55212-0981.fits 
On File: spec-3695-55212-0982.fits 
On File: spec-3695-55212-0983.fits 
On File: spec-3695-55212-0984.fits 
On File: spec-3695-55212-0985.fits 
On File: spec-3695-55212-0986.fits 
On File: spec-3695-55212-0987.fits 
On File: spec-3695-55212-0988.fits 
On File: spec-3695-55212-0989.fits 
On File: spec-3695-55212-0990.fits 
On File: spec-3695-55212-0991.fits 
On File: spec-3695-55212-0992.fits 
On File: spec-3695-55212-0993.fits 
On File: spec-3695-55212-0994.fits 
On File: spec-3695-55212-0995.fits 
On File: spec-3695-55212-0996.fits 
On File: spec-3695-55212-0997.fits 
On File: spec-3695-55212-0998.fits 
On File: spec-3695-55212-0999.fits 
On File: spec-3695-55212-1000.fits 
[1] "Job Complete!"
