Unpacking R413.tar.gz ...
Unpacking packages_FITSio.tar.gz ...
Unpacking current *.tgz file
[1] "Initializing Console ..."
[1] "Inputing command line prompts ..."
[1] "Loading package FITSio."
[1] "Reading cB58_Lyman_break.fit ..."
[1] "Starting main process ..."
On File: spec-3588-55184-0001.fits 
On File: spec-3588-55184-0002.fits 
On File: spec-3588-55184-0003.fits 
On File: spec-3588-55184-0004.fits 
On File: spec-3588-55184-0005.fits 
On File: spec-3588-55184-0006.fits 
On File: spec-3588-55184-0007.fits 
On File: spec-3588-55184-0008.fits 
On File: spec-3588-55184-0009.fits 
On File: spec-3588-55184-0010.fits 
On File: spec-3588-55184-0011.fits 
On File: spec-3588-55184-0012.fits 
On File: spec-3588-55184-0013.fits 
On File: spec-3588-55184-0014.fits 
On File: spec-3588-55184-0015.fits 
On File: spec-3588-55184-0016.fits 
On File: spec-3588-55184-0017.fits 
On File: spec-3588-55184-0018.fits 
On File: spec-3588-55184-0019.fits 
On File: spec-3588-55184-0020.fits 
On File: spec-3588-55184-0021.fits 
On File: spec-3588-55184-0022.fits 
On File: spec-3588-55184-0023.fits 
On File: spec-3588-55184-0024.fits 
On File: spec-3588-55184-0025.fits 
On File: spec-3588-55184-0026.fits 
On File: spec-3588-55184-0027.fits 
On File: spec-3588-55184-0028.fits 
On File: spec-3588-55184-0029.fits 
On File: spec-3588-55184-0030.fits 
On File: spec-3588-55184-0031.fits 
On File: spec-3588-55184-0032.fits 
On File: spec-3588-55184-0033.fits 
On File: spec-3588-55184-0034.fits 
On File: spec-3588-55184-0035.fits 
On File: spec-3588-55184-0036.fits 
On File: spec-3588-55184-0037.fits 
On File: spec-3588-55184-0038.fits 
On File: spec-3588-55184-0039.fits 
On File: spec-3588-55184-0040.fits 
On File: spec-3588-55184-0041.fits 
On File: spec-3588-55184-0042.fits 
On File: spec-3588-55184-0043.fits 
On File: spec-3588-55184-0044.fits 
On File: spec-3588-55184-0045.fits 
On File: spec-3588-55184-0046.fits 
On File: spec-3588-55184-0047.fits 
On File: spec-3588-55184-0048.fits 
On File: spec-3588-55184-0049.fits 
On File: spec-3588-55184-0050.fits 
On File: spec-3588-55184-0051.fits 
On File: spec-3588-55184-0052.fits 
On File: spec-3588-55184-0053.fits 
On File: spec-3588-55184-0054.fits 
On File: spec-3588-55184-0055.fits 
On File: spec-3588-55184-0056.fits 
On File: spec-3588-55184-0057.fits 
On File: spec-3588-55184-0058.fits 
On File: spec-3588-55184-0059.fits 
On File: spec-3588-55184-0060.fits 
On File: spec-3588-55184-0061.fits 
On File: spec-3588-55184-0062.fits 
On File: spec-3588-55184-0063.fits 
On File: spec-3588-55184-0064.fits 
On File: spec-3588-55184-0065.fits 
On File: spec-3588-55184-0066.fits 
On File: spec-3588-55184-0067.fits 
On File: spec-3588-55184-0068.fits 
On File: spec-3588-55184-0069.fits 
On File: spec-3588-55184-0070.fits 
On File: spec-3588-55184-0071.fits 
On File: spec-3588-55184-0072.fits 
On File: spec-3588-55184-0073.fits 
On File: spec-3588-55184-0074.fits 
On File: spec-3588-55184-0075.fits 
On File: spec-3588-55184-0076.fits 
On File: spec-3588-55184-0077.fits 
On File: spec-3588-55184-0078.fits 
On File: spec-3588-55184-0079.fits 
On File: spec-3588-55184-0080.fits 
On File: spec-3588-55184-0081.fits 
On File: spec-3588-55184-0082.fits 
On File: spec-3588-55184-0083.fits 
On File: spec-3588-55184-0084.fits 
On File: spec-3588-55184-0085.fits 
On File: spec-3588-55184-0086.fits 
On File: spec-3588-55184-0087.fits 
On File: spec-3588-55184-0088.fits 
On File: spec-3588-55184-0089.fits 
On File: spec-3588-55184-0090.fits 
On File: spec-3588-55184-0091.fits 
On File: spec-3588-55184-0092.fits 
On File: spec-3588-55184-0093.fits 
On File: spec-3588-55184-0094.fits 
On File: spec-3588-55184-0095.fits 
On File: spec-3588-55184-0096.fits 
On File: spec-3588-55184-0097.fits 
On File: spec-3588-55184-0098.fits 
On File: spec-3588-55184-0099.fits 
On File: spec-3588-55184-0100.fits 
On File: spec-3588-55184-0101.fits 
On File: spec-3588-55184-0102.fits 
On File: spec-3588-55184-0103.fits 
On File: spec-3588-55184-0104.fits 
On File: spec-3588-55184-0105.fits 
On File: spec-3588-55184-0106.fits 
On File: spec-3588-55184-0107.fits 
On File: spec-3588-55184-0108.fits 
On File: spec-3588-55184-0109.fits 
On File: spec-3588-55184-0110.fits 
On File: spec-3588-55184-0111.fits 
On File: spec-3588-55184-0112.fits 
On File: spec-3588-55184-0113.fits 
On File: spec-3588-55184-0114.fits 
On File: spec-3588-55184-0115.fits 
On File: spec-3588-55184-0116.fits 
On File: spec-3588-55184-0117.fits 
On File: spec-3588-55184-0118.fits 
On File: spec-3588-55184-0119.fits 
On File: spec-3588-55184-0120.fits 
On File: spec-3588-55184-0121.fits 
On File: spec-3588-55184-0122.fits 
On File: spec-3588-55184-0123.fits 
On File: spec-3588-55184-0124.fits 
On File: spec-3588-55184-0125.fits 
On File: spec-3588-55184-0126.fits 
On File: spec-3588-55184-0127.fits 
On File: spec-3588-55184-0128.fits 
On File: spec-3588-55184-0129.fits 
On File: spec-3588-55184-0130.fits 
On File: spec-3588-55184-0131.fits 
On File: spec-3588-55184-0132.fits 
On File: spec-3588-55184-0133.fits 
On File: spec-3588-55184-0134.fits 
On File: spec-3588-55184-0135.fits 
On File: spec-3588-55184-0136.fits 
On File: spec-3588-55184-0137.fits 
On File: spec-3588-55184-0138.fits 
On File: spec-3588-55184-0139.fits 
On File: spec-3588-55184-0140.fits 
On File: spec-3588-55184-0141.fits 
On File: spec-3588-55184-0142.fits 
On File: spec-3588-55184-0143.fits 
On File: spec-3588-55184-0144.fits 
On File: spec-3588-55184-0145.fits 
On File: spec-3588-55184-0146.fits 
On File: spec-3588-55184-0147.fits 
On File: spec-3588-55184-0148.fits 
On File: spec-3588-55184-0149.fits 
On File: spec-3588-55184-0150.fits 
On File: spec-3588-55184-0151.fits 
On File: spec-3588-55184-0152.fits 
On File: spec-3588-55184-0153.fits 
On File: spec-3588-55184-0154.fits 
On File: spec-3588-55184-0155.fits 
On File: spec-3588-55184-0156.fits 
On File: spec-3588-55184-0157.fits 
On File: spec-3588-55184-0158.fits 
On File: spec-3588-55184-0159.fits 
On File: spec-3588-55184-0160.fits 
On File: spec-3588-55184-0161.fits 
On File: spec-3588-55184-0162.fits 
On File: spec-3588-55184-0163.fits 
On File: spec-3588-55184-0164.fits 
On File: spec-3588-55184-0165.fits 
On File: spec-3588-55184-0166.fits 
On File: spec-3588-55184-0167.fits 
On File: spec-3588-55184-0168.fits 
On File: spec-3588-55184-0169.fits 
On File: spec-3588-55184-0170.fits 
On File: spec-3588-55184-0171.fits 
On File: spec-3588-55184-0172.fits 
On File: spec-3588-55184-0173.fits 
On File: spec-3588-55184-0174.fits 
On File: spec-3588-55184-0175.fits 
On File: spec-3588-55184-0176.fits 
On File: spec-3588-55184-0177.fits 
On File: spec-3588-55184-0178.fits 
On File: spec-3588-55184-0179.fits 
On File: spec-3588-55184-0180.fits 
On File: spec-3588-55184-0181.fits 
On File: spec-3588-55184-0182.fits 
On File: spec-3588-55184-0183.fits 
On File: spec-3588-55184-0184.fits 
On File: spec-3588-55184-0185.fits 
On File: spec-3588-55184-0186.fits 
On File: spec-3588-55184-0187.fits 
On File: spec-3588-55184-0188.fits 
On File: spec-3588-55184-0189.fits 
On File: spec-3588-55184-0190.fits 
On File: spec-3588-55184-0191.fits 
On File: spec-3588-55184-0192.fits 
On File: spec-3588-55184-0193.fits 
On File: spec-3588-55184-0194.fits 
On File: spec-3588-55184-0195.fits 
On File: spec-3588-55184-0196.fits 
On File: spec-3588-55184-0197.fits 
On File: spec-3588-55184-0198.fits 
On File: spec-3588-55184-0199.fits 
On File: spec-3588-55184-0200.fits 
On File: spec-3588-55184-0201.fits 
On File: spec-3588-55184-0202.fits 
On File: spec-3588-55184-0203.fits 
On File: spec-3588-55184-0204.fits 
On File: spec-3588-55184-0205.fits 
On File: spec-3588-55184-0206.fits 
On File: spec-3588-55184-0207.fits 
On File: spec-3588-55184-0208.fits 
On File: spec-3588-55184-0209.fits 
On File: spec-3588-55184-0210.fits 
On File: spec-3588-55184-0211.fits 
On File: spec-3588-55184-0212.fits 
On File: spec-3588-55184-0213.fits 
On File: spec-3588-55184-0214.fits 
On File: spec-3588-55184-0215.fits 
On File: spec-3588-55184-0216.fits 
On File: spec-3588-55184-0217.fits 
On File: spec-3588-55184-0218.fits 
On File: spec-3588-55184-0219.fits 
On File: spec-3588-55184-0220.fits 
On File: spec-3588-55184-0221.fits 
On File: spec-3588-55184-0222.fits 
On File: spec-3588-55184-0223.fits 
On File: spec-3588-55184-0224.fits 
On File: spec-3588-55184-0225.fits 
On File: spec-3588-55184-0226.fits 
On File: spec-3588-55184-0227.fits 
On File: spec-3588-55184-0228.fits 
On File: spec-3588-55184-0229.fits 
On File: spec-3588-55184-0230.fits 
On File: spec-3588-55184-0231.fits 
On File: spec-3588-55184-0232.fits 
On File: spec-3588-55184-0233.fits 
On File: spec-3588-55184-0234.fits 
On File: spec-3588-55184-0235.fits 
On File: spec-3588-55184-0236.fits 
On File: spec-3588-55184-0237.fits 
On File: spec-3588-55184-0238.fits 
On File: spec-3588-55184-0239.fits 
On File: spec-3588-55184-0240.fits 
On File: spec-3588-55184-0241.fits 
On File: spec-3588-55184-0242.fits 
On File: spec-3588-55184-0243.fits 
On File: spec-3588-55184-0244.fits 
On File: spec-3588-55184-0245.fits 
On File: spec-3588-55184-0246.fits 
On File: spec-3588-55184-0247.fits 
On File: spec-3588-55184-0248.fits 
On File: spec-3588-55184-0249.fits 
On File: spec-3588-55184-0250.fits 
On File: spec-3588-55184-0251.fits 
On File: spec-3588-55184-0252.fits 
On File: spec-3588-55184-0253.fits 
On File: spec-3588-55184-0254.fits 
On File: spec-3588-55184-0255.fits 
On File: spec-3588-55184-0256.fits 
On File: spec-3588-55184-0257.fits 
On File: spec-3588-55184-0258.fits 
On File: spec-3588-55184-0259.fits 
On File: spec-3588-55184-0260.fits 
On File: spec-3588-55184-0261.fits 
On File: spec-3588-55184-0262.fits 
On File: spec-3588-55184-0263.fits 
On File: spec-3588-55184-0264.fits 
On File: spec-3588-55184-0265.fits 
On File: spec-3588-55184-0266.fits 
On File: spec-3588-55184-0267.fits 
On File: spec-3588-55184-0268.fits 
On File: spec-3588-55184-0269.fits 
On File: spec-3588-55184-0270.fits 
On File: spec-3588-55184-0271.fits 
On File: spec-3588-55184-0272.fits 
On File: spec-3588-55184-0273.fits 
On File: spec-3588-55184-0274.fits 
On File: spec-3588-55184-0275.fits 
On File: spec-3588-55184-0276.fits 
On File: spec-3588-55184-0277.fits 
On File: spec-3588-55184-0278.fits 
On File: spec-3588-55184-0279.fits 
On File: spec-3588-55184-0280.fits 
On File: spec-3588-55184-0281.fits 
On File: spec-3588-55184-0282.fits 
On File: spec-3588-55184-0283.fits 
On File: spec-3588-55184-0284.fits 
On File: spec-3588-55184-0285.fits 
On File: spec-3588-55184-0286.fits 
On File: spec-3588-55184-0287.fits 
On File: spec-3588-55184-0288.fits 
On File: spec-3588-55184-0289.fits 
On File: spec-3588-55184-0290.fits 
On File: spec-3588-55184-0291.fits 
On File: spec-3588-55184-0292.fits 
On File: spec-3588-55184-0293.fits 
On File: spec-3588-55184-0294.fits 
On File: spec-3588-55184-0295.fits 
On File: spec-3588-55184-0296.fits 
On File: spec-3588-55184-0297.fits 
On File: spec-3588-55184-0298.fits 
On File: spec-3588-55184-0299.fits 
On File: spec-3588-55184-0300.fits 
On File: spec-3588-55184-0301.fits 
On File: spec-3588-55184-0302.fits 
On File: spec-3588-55184-0303.fits 
On File: spec-3588-55184-0304.fits 
On File: spec-3588-55184-0305.fits 
On File: spec-3588-55184-0306.fits 
On File: spec-3588-55184-0307.fits 
On File: spec-3588-55184-0308.fits 
On File: spec-3588-55184-0309.fits 
On File: spec-3588-55184-0310.fits 
On File: spec-3588-55184-0311.fits 
On File: spec-3588-55184-0312.fits 
On File: spec-3588-55184-0313.fits 
On File: spec-3588-55184-0314.fits 
On File: spec-3588-55184-0315.fits 
On File: spec-3588-55184-0316.fits 
On File: spec-3588-55184-0317.fits 
On File: spec-3588-55184-0318.fits 
On File: spec-3588-55184-0319.fits 
On File: spec-3588-55184-0320.fits 
On File: spec-3588-55184-0321.fits 
On File: spec-3588-55184-0322.fits 
On File: spec-3588-55184-0323.fits 
On File: spec-3588-55184-0324.fits 
On File: spec-3588-55184-0325.fits 
On File: spec-3588-55184-0326.fits 
On File: spec-3588-55184-0327.fits 
On File: spec-3588-55184-0328.fits 
On File: spec-3588-55184-0329.fits 
On File: spec-3588-55184-0330.fits 
On File: spec-3588-55184-0331.fits 
On File: spec-3588-55184-0332.fits 
On File: spec-3588-55184-0333.fits 
On File: spec-3588-55184-0334.fits 
On File: spec-3588-55184-0335.fits 
On File: spec-3588-55184-0336.fits 
On File: spec-3588-55184-0337.fits 
On File: spec-3588-55184-0338.fits 
On File: spec-3588-55184-0339.fits 
On File: spec-3588-55184-0340.fits 
On File: spec-3588-55184-0341.fits 
On File: spec-3588-55184-0342.fits 
On File: spec-3588-55184-0343.fits 
On File: spec-3588-55184-0344.fits 
On File: spec-3588-55184-0345.fits 
On File: spec-3588-55184-0346.fits 
On File: spec-3588-55184-0347.fits 
On File: spec-3588-55184-0348.fits 
On File: spec-3588-55184-0349.fits 
On File: spec-3588-55184-0350.fits 
On File: spec-3588-55184-0351.fits 
On File: spec-3588-55184-0352.fits 
On File: spec-3588-55184-0353.fits 
On File: spec-3588-55184-0354.fits 
On File: spec-3588-55184-0355.fits 
On File: spec-3588-55184-0356.fits 
On File: spec-3588-55184-0357.fits 
On File: spec-3588-55184-0358.fits 
On File: spec-3588-55184-0359.fits 
On File: spec-3588-55184-0360.fits 
On File: spec-3588-55184-0361.fits 
On File: spec-3588-55184-0362.fits 
On File: spec-3588-55184-0363.fits 
On File: spec-3588-55184-0364.fits 
On File: spec-3588-55184-0365.fits 
On File: spec-3588-55184-0366.fits 
On File: spec-3588-55184-0367.fits 
On File: spec-3588-55184-0368.fits 
On File: spec-3588-55184-0369.fits 
On File: spec-3588-55184-0370.fits 
On File: spec-3588-55184-0371.fits 
On File: spec-3588-55184-0372.fits 
On File: spec-3588-55184-0373.fits 
On File: spec-3588-55184-0374.fits 
On File: spec-3588-55184-0375.fits 
On File: spec-3588-55184-0376.fits 
On File: spec-3588-55184-0377.fits 
On File: spec-3588-55184-0378.fits 
On File: spec-3588-55184-0379.fits 
On File: spec-3588-55184-0380.fits 
On File: spec-3588-55184-0381.fits 
On File: spec-3588-55184-0382.fits 
On File: spec-3588-55184-0383.fits 
On File: spec-3588-55184-0384.fits 
On File: spec-3588-55184-0385.fits 
On File: spec-3588-55184-0386.fits 
On File: spec-3588-55184-0387.fits 
On File: spec-3588-55184-0388.fits 
On File: spec-3588-55184-0389.fits 
On File: spec-3588-55184-0390.fits 
On File: spec-3588-55184-0391.fits 
On File: spec-3588-55184-0392.fits 
On File: spec-3588-55184-0393.fits 
On File: spec-3588-55184-0394.fits 
On File: spec-3588-55184-0395.fits 
On File: spec-3588-55184-0396.fits 
On File: spec-3588-55184-0397.fits 
On File: spec-3588-55184-0398.fits 
On File: spec-3588-55184-0399.fits 
On File: spec-3588-55184-0400.fits 
On File: spec-3588-55184-0401.fits 
On File: spec-3588-55184-0402.fits 
On File: spec-3588-55184-0403.fits 
On File: spec-3588-55184-0404.fits 
On File: spec-3588-55184-0405.fits 
On File: spec-3588-55184-0406.fits 
On File: spec-3588-55184-0407.fits 
On File: spec-3588-55184-0408.fits 
On File: spec-3588-55184-0409.fits 
On File: spec-3588-55184-0410.fits 
On File: spec-3588-55184-0411.fits 
On File: spec-3588-55184-0412.fits 
On File: spec-3588-55184-0413.fits 
On File: spec-3588-55184-0414.fits 
On File: spec-3588-55184-0415.fits 
On File: spec-3588-55184-0416.fits 
On File: spec-3588-55184-0417.fits 
On File: spec-3588-55184-0418.fits 
On File: spec-3588-55184-0419.fits 
On File: spec-3588-55184-0420.fits 
On File: spec-3588-55184-0421.fits 
On File: spec-3588-55184-0422.fits 
On File: spec-3588-55184-0423.fits 
On File: spec-3588-55184-0424.fits 
On File: spec-3588-55184-0425.fits 
On File: spec-3588-55184-0426.fits 
On File: spec-3588-55184-0427.fits 
On File: spec-3588-55184-0428.fits 
On File: spec-3588-55184-0429.fits 
On File: spec-3588-55184-0430.fits 
On File: spec-3588-55184-0431.fits 
On File: spec-3588-55184-0432.fits 
On File: spec-3588-55184-0433.fits 
On File: spec-3588-55184-0434.fits 
On File: spec-3588-55184-0435.fits 
On File: spec-3588-55184-0436.fits 
On File: spec-3588-55184-0437.fits 
On File: spec-3588-55184-0438.fits 
On File: spec-3588-55184-0439.fits 
On File: spec-3588-55184-0440.fits 
On File: spec-3588-55184-0441.fits 
On File: spec-3588-55184-0442.fits 
On File: spec-3588-55184-0443.fits 
On File: spec-3588-55184-0444.fits 
On File: spec-3588-55184-0445.fits 
On File: spec-3588-55184-0446.fits 
On File: spec-3588-55184-0447.fits 
On File: spec-3588-55184-0448.fits 
On File: spec-3588-55184-0449.fits 
On File: spec-3588-55184-0450.fits 
On File: spec-3588-55184-0451.fits 
On File: spec-3588-55184-0452.fits 
On File: spec-3588-55184-0453.fits 
On File: spec-3588-55184-0454.fits 
On File: spec-3588-55184-0455.fits 
On File: spec-3588-55184-0456.fits 
On File: spec-3588-55184-0457.fits 
On File: spec-3588-55184-0458.fits 
On File: spec-3588-55184-0459.fits 
On File: spec-3588-55184-0460.fits 
On File: spec-3588-55184-0461.fits 
On File: spec-3588-55184-0462.fits 
On File: spec-3588-55184-0463.fits 
On File: spec-3588-55184-0464.fits 
On File: spec-3588-55184-0465.fits 
On File: spec-3588-55184-0466.fits 
On File: spec-3588-55184-0467.fits 
On File: spec-3588-55184-0468.fits 
On File: spec-3588-55184-0469.fits 
On File: spec-3588-55184-0470.fits 
On File: spec-3588-55184-0471.fits 
On File: spec-3588-55184-0472.fits 
On File: spec-3588-55184-0473.fits 
On File: spec-3588-55184-0474.fits 
On File: spec-3588-55184-0475.fits 
On File: spec-3588-55184-0476.fits 
On File: spec-3588-55184-0477.fits 
On File: spec-3588-55184-0478.fits 
On File: spec-3588-55184-0479.fits 
On File: spec-3588-55184-0480.fits 
On File: spec-3588-55184-0481.fits 
On File: spec-3588-55184-0482.fits 
On File: spec-3588-55184-0483.fits 
On File: spec-3588-55184-0484.fits 
On File: spec-3588-55184-0485.fits 
On File: spec-3588-55184-0486.fits 
On File: spec-3588-55184-0487.fits 
On File: spec-3588-55184-0488.fits 
On File: spec-3588-55184-0489.fits 
On File: spec-3588-55184-0490.fits 
On File: spec-3588-55184-0491.fits 
On File: spec-3588-55184-0492.fits 
On File: spec-3588-55184-0493.fits 
On File: spec-3588-55184-0494.fits 
On File: spec-3588-55184-0495.fits 
On File: spec-3588-55184-0496.fits 
On File: spec-3588-55184-0497.fits 
On File: spec-3588-55184-0498.fits 
On File: spec-3588-55184-0499.fits 
On File: spec-3588-55184-0500.fits 
On File: spec-3588-55184-0501.fits 
On File: spec-3588-55184-0502.fits 
On File: spec-3588-55184-0503.fits 
On File: spec-3588-55184-0504.fits 
On File: spec-3588-55184-0505.fits 
On File: spec-3588-55184-0506.fits 
On File: spec-3588-55184-0507.fits 
On File: spec-3588-55184-0508.fits 
On File: spec-3588-55184-0509.fits 
On File: spec-3588-55184-0510.fits 
On File: spec-3588-55184-0511.fits 
On File: spec-3588-55184-0512.fits 
On File: spec-3588-55184-0513.fits 
On File: spec-3588-55184-0514.fits 
On File: spec-3588-55184-0515.fits 
On File: spec-3588-55184-0516.fits 
On File: spec-3588-55184-0517.fits 
On File: spec-3588-55184-0518.fits 
On File: spec-3588-55184-0519.fits 
On File: spec-3588-55184-0520.fits 
On File: spec-3588-55184-0521.fits 
On File: spec-3588-55184-0522.fits 
On File: spec-3588-55184-0523.fits 
On File: spec-3588-55184-0524.fits 
On File: spec-3588-55184-0525.fits 
On File: spec-3588-55184-0526.fits 
On File: spec-3588-55184-0527.fits 
On File: spec-3588-55184-0528.fits 
On File: spec-3588-55184-0529.fits 
On File: spec-3588-55184-0530.fits 
On File: spec-3588-55184-0531.fits 
On File: spec-3588-55184-0532.fits 
On File: spec-3588-55184-0533.fits 
On File: spec-3588-55184-0534.fits 
On File: spec-3588-55184-0535.fits 
On File: spec-3588-55184-0536.fits 
On File: spec-3588-55184-0537.fits 
On File: spec-3588-55184-0538.fits 
On File: spec-3588-55184-0539.fits 
On File: spec-3588-55184-0540.fits 
On File: spec-3588-55184-0541.fits 
On File: spec-3588-55184-0542.fits 
On File: spec-3588-55184-0543.fits 
On File: spec-3588-55184-0544.fits 
On File: spec-3588-55184-0545.fits 
On File: spec-3588-55184-0546.fits 
On File: spec-3588-55184-0547.fits 
On File: spec-3588-55184-0548.fits 
On File: spec-3588-55184-0549.fits 
On File: spec-3588-55184-0550.fits 
On File: spec-3588-55184-0551.fits 
On File: spec-3588-55184-0552.fits 
On File: spec-3588-55184-0553.fits 
On File: spec-3588-55184-0554.fits 
On File: spec-3588-55184-0555.fits 
On File: spec-3588-55184-0556.fits 
On File: spec-3588-55184-0557.fits 
On File: spec-3588-55184-0558.fits 
On File: spec-3588-55184-0559.fits 
On File: spec-3588-55184-0560.fits 
On File: spec-3588-55184-0561.fits 
On File: spec-3588-55184-0562.fits 
On File: spec-3588-55184-0563.fits 
On File: spec-3588-55184-0564.fits 
On File: spec-3588-55184-0565.fits 
On File: spec-3588-55184-0566.fits 
On File: spec-3588-55184-0567.fits 
On File: spec-3588-55184-0568.fits 
On File: spec-3588-55184-0569.fits 
On File: spec-3588-55184-0570.fits 
On File: spec-3588-55184-0571.fits 
On File: spec-3588-55184-0572.fits 
On File: spec-3588-55184-0573.fits 
On File: spec-3588-55184-0574.fits 
On File: spec-3588-55184-0575.fits 
On File: spec-3588-55184-0576.fits 
On File: spec-3588-55184-0577.fits 
On File: spec-3588-55184-0578.fits 
On File: spec-3588-55184-0579.fits 
On File: spec-3588-55184-0580.fits 
On File: spec-3588-55184-0581.fits 
On File: spec-3588-55184-0582.fits 
On File: spec-3588-55184-0583.fits 
On File: spec-3588-55184-0584.fits 
On File: spec-3588-55184-0585.fits 
On File: spec-3588-55184-0586.fits 
On File: spec-3588-55184-0587.fits 
On File: spec-3588-55184-0588.fits 
On File: spec-3588-55184-0589.fits 
On File: spec-3588-55184-0590.fits 
On File: spec-3588-55184-0591.fits 
On File: spec-3588-55184-0592.fits 
On File: spec-3588-55184-0593.fits 
On File: spec-3588-55184-0594.fits 
On File: spec-3588-55184-0595.fits 
On File: spec-3588-55184-0596.fits 
On File: spec-3588-55184-0597.fits 
On File: spec-3588-55184-0598.fits 
On File: spec-3588-55184-0599.fits 
On File: spec-3588-55184-0600.fits 
On File: spec-3588-55184-0601.fits 
On File: spec-3588-55184-0602.fits 
On File: spec-3588-55184-0603.fits 
On File: spec-3588-55184-0604.fits 
On File: spec-3588-55184-0605.fits 
On File: spec-3588-55184-0606.fits 
On File: spec-3588-55184-0607.fits 
On File: spec-3588-55184-0608.fits 
On File: spec-3588-55184-0609.fits 
On File: spec-3588-55184-0610.fits 
On File: spec-3588-55184-0611.fits 
On File: spec-3588-55184-0612.fits 
On File: spec-3588-55184-0613.fits 
On File: spec-3588-55184-0614.fits 
On File: spec-3588-55184-0615.fits 
On File: spec-3588-55184-0616.fits 
On File: spec-3588-55184-0617.fits 
On File: spec-3588-55184-0618.fits 
On File: spec-3588-55184-0619.fits 
On File: spec-3588-55184-0620.fits 
On File: spec-3588-55184-0621.fits 
On File: spec-3588-55184-0622.fits 
On File: spec-3588-55184-0623.fits 
On File: spec-3588-55184-0624.fits 
On File: spec-3588-55184-0625.fits 
On File: spec-3588-55184-0626.fits 
On File: spec-3588-55184-0627.fits 
On File: spec-3588-55184-0628.fits 
On File: spec-3588-55184-0629.fits 
On File: spec-3588-55184-0630.fits 
On File: spec-3588-55184-0631.fits 
On File: spec-3588-55184-0632.fits 
On File: spec-3588-55184-0633.fits 
On File: spec-3588-55184-0634.fits 
On File: spec-3588-55184-0635.fits 
On File: spec-3588-55184-0636.fits 
On File: spec-3588-55184-0637.fits 
On File: spec-3588-55184-0638.fits 
On File: spec-3588-55184-0639.fits 
On File: spec-3588-55184-0640.fits 
On File: spec-3588-55184-0641.fits 
On File: spec-3588-55184-0642.fits 
On File: spec-3588-55184-0643.fits 
On File: spec-3588-55184-0644.fits 
On File: spec-3588-55184-0645.fits 
On File: spec-3588-55184-0646.fits 
On File: spec-3588-55184-0647.fits 
On File: spec-3588-55184-0648.fits 
On File: spec-3588-55184-0649.fits 
On File: spec-3588-55184-0650.fits 
On File: spec-3588-55184-0651.fits 
On File: spec-3588-55184-0652.fits 
On File: spec-3588-55184-0653.fits 
On File: spec-3588-55184-0654.fits 
On File: spec-3588-55184-0655.fits 
On File: spec-3588-55184-0656.fits 
On File: spec-3588-55184-0657.fits 
On File: spec-3588-55184-0658.fits 
On File: spec-3588-55184-0659.fits 
On File: spec-3588-55184-0660.fits 
On File: spec-3588-55184-0661.fits 
On File: spec-3588-55184-0662.fits 
On File: spec-3588-55184-0663.fits 
On File: spec-3588-55184-0664.fits 
On File: spec-3588-55184-0665.fits 
On File: spec-3588-55184-0666.fits 
On File: spec-3588-55184-0667.fits 
On File: spec-3588-55184-0668.fits 
On File: spec-3588-55184-0669.fits 
On File: spec-3588-55184-0670.fits 
On File: spec-3588-55184-0671.fits 
On File: spec-3588-55184-0672.fits 
On File: spec-3588-55184-0673.fits 
On File: spec-3588-55184-0674.fits 
On File: spec-3588-55184-0675.fits 
On File: spec-3588-55184-0676.fits 
On File: spec-3588-55184-0677.fits 
On File: spec-3588-55184-0678.fits 
On File: spec-3588-55184-0679.fits 
On File: spec-3588-55184-0680.fits 
On File: spec-3588-55184-0681.fits 
On File: spec-3588-55184-0682.fits 
On File: spec-3588-55184-0683.fits 
On File: spec-3588-55184-0684.fits 
On File: spec-3588-55184-0685.fits 
On File: spec-3588-55184-0686.fits 
On File: spec-3588-55184-0687.fits 
On File: spec-3588-55184-0688.fits 
On File: spec-3588-55184-0689.fits 
On File: spec-3588-55184-0690.fits 
On File: spec-3588-55184-0691.fits 
On File: spec-3588-55184-0692.fits 
On File: spec-3588-55184-0693.fits 
On File: spec-3588-55184-0694.fits 
On File: spec-3588-55184-0695.fits 
On File: spec-3588-55184-0696.fits 
On File: spec-3588-55184-0697.fits 
On File: spec-3588-55184-0698.fits 
On File: spec-3588-55184-0699.fits 
On File: spec-3588-55184-0700.fits 
On File: spec-3588-55184-0701.fits 
On File: spec-3588-55184-0702.fits 
On File: spec-3588-55184-0703.fits 
On File: spec-3588-55184-0704.fits 
On File: spec-3588-55184-0705.fits 
On File: spec-3588-55184-0706.fits 
On File: spec-3588-55184-0707.fits 
On File: spec-3588-55184-0708.fits 
On File: spec-3588-55184-0709.fits 
On File: spec-3588-55184-0710.fits 
On File: spec-3588-55184-0711.fits 
On File: spec-3588-55184-0712.fits 
On File: spec-3588-55184-0713.fits 
On File: spec-3588-55184-0714.fits 
On File: spec-3588-55184-0715.fits 
On File: spec-3588-55184-0716.fits 
On File: spec-3588-55184-0717.fits 
On File: spec-3588-55184-0718.fits 
On File: spec-3588-55184-0719.fits 
On File: spec-3588-55184-0720.fits 
On File: spec-3588-55184-0721.fits 
On File: spec-3588-55184-0722.fits 
On File: spec-3588-55184-0723.fits 
On File: spec-3588-55184-0724.fits 
On File: spec-3588-55184-0725.fits 
On File: spec-3588-55184-0726.fits 
On File: spec-3588-55184-0727.fits 
On File: spec-3588-55184-0728.fits 
On File: spec-3588-55184-0729.fits 
On File: spec-3588-55184-0730.fits 
On File: spec-3588-55184-0731.fits 
On File: spec-3588-55184-0732.fits 
On File: spec-3588-55184-0733.fits 
On File: spec-3588-55184-0734.fits 
On File: spec-3588-55184-0735.fits 
On File: spec-3588-55184-0736.fits 
On File: spec-3588-55184-0737.fits 
On File: spec-3588-55184-0738.fits 
On File: spec-3588-55184-0739.fits 
On File: spec-3588-55184-0740.fits 
On File: spec-3588-55184-0741.fits 
On File: spec-3588-55184-0742.fits 
On File: spec-3588-55184-0743.fits 
On File: spec-3588-55184-0744.fits 
On File: spec-3588-55184-0745.fits 
On File: spec-3588-55184-0746.fits 
On File: spec-3588-55184-0747.fits 
On File: spec-3588-55184-0748.fits 
On File: spec-3588-55184-0749.fits 
On File: spec-3588-55184-0750.fits 
On File: spec-3588-55184-0751.fits 
On File: spec-3588-55184-0752.fits 
On File: spec-3588-55184-0753.fits 
On File: spec-3588-55184-0754.fits 
On File: spec-3588-55184-0755.fits 
On File: spec-3588-55184-0756.fits 
On File: spec-3588-55184-0757.fits 
On File: spec-3588-55184-0758.fits 
On File: spec-3588-55184-0759.fits 
On File: spec-3588-55184-0760.fits 
On File: spec-3588-55184-0761.fits 
On File: spec-3588-55184-0762.fits 
On File: spec-3588-55184-0763.fits 
On File: spec-3588-55184-0764.fits 
On File: spec-3588-55184-0765.fits 
On File: spec-3588-55184-0766.fits 
On File: spec-3588-55184-0767.fits 
On File: spec-3588-55184-0768.fits 
On File: spec-3588-55184-0769.fits 
On File: spec-3588-55184-0770.fits 
On File: spec-3588-55184-0771.fits 
On File: spec-3588-55184-0772.fits 
On File: spec-3588-55184-0773.fits 
On File: spec-3588-55184-0774.fits 
On File: spec-3588-55184-0775.fits 
On File: spec-3588-55184-0776.fits 
On File: spec-3588-55184-0777.fits 
On File: spec-3588-55184-0778.fits 
On File: spec-3588-55184-0779.fits 
On File: spec-3588-55184-0780.fits 
On File: spec-3588-55184-0781.fits 
On File: spec-3588-55184-0782.fits 
On File: spec-3588-55184-0783.fits 
On File: spec-3588-55184-0784.fits 
On File: spec-3588-55184-0785.fits 
On File: spec-3588-55184-0786.fits 
On File: spec-3588-55184-0787.fits 
On File: spec-3588-55184-0788.fits 
On File: spec-3588-55184-0789.fits 
On File: spec-3588-55184-0790.fits 
On File: spec-3588-55184-0791.fits 
On File: spec-3588-55184-0792.fits 
On File: spec-3588-55184-0793.fits 
On File: spec-3588-55184-0794.fits 
On File: spec-3588-55184-0795.fits 
On File: spec-3588-55184-0796.fits 
On File: spec-3588-55184-0797.fits 
On File: spec-3588-55184-0798.fits 
On File: spec-3588-55184-0799.fits 
On File: spec-3588-55184-0800.fits 
On File: spec-3588-55184-0801.fits 
On File: spec-3588-55184-0802.fits 
On File: spec-3588-55184-0803.fits 
On File: spec-3588-55184-0804.fits 
On File: spec-3588-55184-0805.fits 
On File: spec-3588-55184-0806.fits 
On File: spec-3588-55184-0807.fits 
On File: spec-3588-55184-0808.fits 
On File: spec-3588-55184-0809.fits 
On File: spec-3588-55184-0810.fits 
On File: spec-3588-55184-0811.fits 
On File: spec-3588-55184-0812.fits 
On File: spec-3588-55184-0813.fits 
On File: spec-3588-55184-0814.fits 
On File: spec-3588-55184-0815.fits 
On File: spec-3588-55184-0816.fits 
On File: spec-3588-55184-0817.fits 
On File: spec-3588-55184-0818.fits 
On File: spec-3588-55184-0819.fits 
On File: spec-3588-55184-0820.fits 
On File: spec-3588-55184-0821.fits 
On File: spec-3588-55184-0822.fits 
On File: spec-3588-55184-0823.fits 
On File: spec-3588-55184-0824.fits 
On File: spec-3588-55184-0825.fits 
On File: spec-3588-55184-0826.fits 
On File: spec-3588-55184-0827.fits 
On File: spec-3588-55184-0828.fits 
On File: spec-3588-55184-0829.fits 
On File: spec-3588-55184-0830.fits 
On File: spec-3588-55184-0831.fits 
On File: spec-3588-55184-0832.fits 
On File: spec-3588-55184-0833.fits 
On File: spec-3588-55184-0834.fits 
On File: spec-3588-55184-0835.fits 
On File: spec-3588-55184-0836.fits 
On File: spec-3588-55184-0837.fits 
On File: spec-3588-55184-0838.fits 
On File: spec-3588-55184-0839.fits 
On File: spec-3588-55184-0840.fits 
On File: spec-3588-55184-0841.fits 
On File: spec-3588-55184-0842.fits 
On File: spec-3588-55184-0843.fits 
On File: spec-3588-55184-0844.fits 
On File: spec-3588-55184-0845.fits 
On File: spec-3588-55184-0846.fits 
On File: spec-3588-55184-0847.fits 
On File: spec-3588-55184-0848.fits 
On File: spec-3588-55184-0849.fits 
On File: spec-3588-55184-0850.fits 
On File: spec-3588-55184-0851.fits 
On File: spec-3588-55184-0852.fits 
On File: spec-3588-55184-0853.fits 
On File: spec-3588-55184-0854.fits 
On File: spec-3588-55184-0855.fits 
On File: spec-3588-55184-0856.fits 
On File: spec-3588-55184-0857.fits 
On File: spec-3588-55184-0858.fits 
On File: spec-3588-55184-0859.fits 
On File: spec-3588-55184-0860.fits 
On File: spec-3588-55184-0861.fits 
On File: spec-3588-55184-0862.fits 
On File: spec-3588-55184-0863.fits 
On File: spec-3588-55184-0864.fits 
On File: spec-3588-55184-0865.fits 
On File: spec-3588-55184-0866.fits 
On File: spec-3588-55184-0867.fits 
On File: spec-3588-55184-0868.fits 
On File: spec-3588-55184-0869.fits 
On File: spec-3588-55184-0870.fits 
On File: spec-3588-55184-0871.fits 
On File: spec-3588-55184-0872.fits 
On File: spec-3588-55184-0873.fits 
On File: spec-3588-55184-0874.fits 
On File: spec-3588-55184-0875.fits 
On File: spec-3588-55184-0876.fits 
On File: spec-3588-55184-0877.fits 
On File: spec-3588-55184-0878.fits 
On File: spec-3588-55184-0879.fits 
On File: spec-3588-55184-0880.fits 
On File: spec-3588-55184-0881.fits 
On File: spec-3588-55184-0882.fits 
On File: spec-3588-55184-0883.fits 
On File: spec-3588-55184-0884.fits 
On File: spec-3588-55184-0885.fits 
On File: spec-3588-55184-0886.fits 
On File: spec-3588-55184-0887.fits 
On File: spec-3588-55184-0888.fits 
On File: spec-3588-55184-0889.fits 
On File: spec-3588-55184-0890.fits 
On File: spec-3588-55184-0891.fits 
On File: spec-3588-55184-0892.fits 
On File: spec-3588-55184-0893.fits 
On File: spec-3588-55184-0894.fits 
On File: spec-3588-55184-0895.fits 
On File: spec-3588-55184-0896.fits 
On File: spec-3588-55184-0897.fits 
On File: spec-3588-55184-0898.fits 
On File: spec-3588-55184-0899.fits 
On File: spec-3588-55184-0900.fits 
On File: spec-3588-55184-0901.fits 
On File: spec-3588-55184-0902.fits 
On File: spec-3588-55184-0903.fits 
On File: spec-3588-55184-0904.fits 
On File: spec-3588-55184-0905.fits 
On File: spec-3588-55184-0906.fits 
On File: spec-3588-55184-0907.fits 
On File: spec-3588-55184-0908.fits 
On File: spec-3588-55184-0909.fits 
On File: spec-3588-55184-0910.fits 
On File: spec-3588-55184-0911.fits 
On File: spec-3588-55184-0912.fits 
On File: spec-3588-55184-0913.fits 
On File: spec-3588-55184-0914.fits 
On File: spec-3588-55184-0915.fits 
On File: spec-3588-55184-0916.fits 
On File: spec-3588-55184-0917.fits 
On File: spec-3588-55184-0918.fits 
On File: spec-3588-55184-0919.fits 
On File: spec-3588-55184-0920.fits 
On File: spec-3588-55184-0921.fits 
On File: spec-3588-55184-0922.fits 
On File: spec-3588-55184-0923.fits 
On File: spec-3588-55184-0924.fits 
On File: spec-3588-55184-0925.fits 
On File: spec-3588-55184-0926.fits 
On File: spec-3588-55184-0927.fits 
On File: spec-3588-55184-0928.fits 
On File: spec-3588-55184-0929.fits 
On File: spec-3588-55184-0930.fits 
On File: spec-3588-55184-0931.fits 
On File: spec-3588-55184-0932.fits 
On File: spec-3588-55184-0933.fits 
On File: spec-3588-55184-0934.fits 
On File: spec-3588-55184-0935.fits 
On File: spec-3588-55184-0936.fits 
On File: spec-3588-55184-0937.fits 
On File: spec-3588-55184-0938.fits 
On File: spec-3588-55184-0939.fits 
On File: spec-3588-55184-0940.fits 
On File: spec-3588-55184-0941.fits 
On File: spec-3588-55184-0942.fits 
On File: spec-3588-55184-0943.fits 
On File: spec-3588-55184-0944.fits 
On File: spec-3588-55184-0945.fits 
On File: spec-3588-55184-0946.fits 
On File: spec-3588-55184-0947.fits 
On File: spec-3588-55184-0948.fits 
On File: spec-3588-55184-0949.fits 
On File: spec-3588-55184-0950.fits 
On File: spec-3588-55184-0951.fits 
On File: spec-3588-55184-0952.fits 
On File: spec-3588-55184-0953.fits 
On File: spec-3588-55184-0954.fits 
On File: spec-3588-55184-0955.fits 
On File: spec-3588-55184-0956.fits 
On File: spec-3588-55184-0957.fits 
On File: spec-3588-55184-0958.fits 
On File: spec-3588-55184-0959.fits 
On File: spec-3588-55184-0960.fits 
On File: spec-3588-55184-0961.fits 
On File: spec-3588-55184-0962.fits 
On File: spec-3588-55184-0963.fits 
On File: spec-3588-55184-0964.fits 
On File: spec-3588-55184-0965.fits 
On File: spec-3588-55184-0966.fits 
On File: spec-3588-55184-0967.fits 
On File: spec-3588-55184-0968.fits 
On File: spec-3588-55184-0969.fits 
On File: spec-3588-55184-0970.fits 
On File: spec-3588-55184-0971.fits 
On File: spec-3588-55184-0972.fits 
On File: spec-3588-55184-0973.fits 
On File: spec-3588-55184-0974.fits 
On File: spec-3588-55184-0975.fits 
On File: spec-3588-55184-0976.fits 
On File: spec-3588-55184-0977.fits 
On File: spec-3588-55184-0978.fits 
On File: spec-3588-55184-0979.fits 
On File: spec-3588-55184-0980.fits 
On File: spec-3588-55184-0981.fits 
On File: spec-3588-55184-0982.fits 
On File: spec-3588-55184-0983.fits 
On File: spec-3588-55184-0984.fits 
On File: spec-3588-55184-0985.fits 
On File: spec-3588-55184-0986.fits 
On File: spec-3588-55184-0987.fits 
On File: spec-3588-55184-0988.fits 
On File: spec-3588-55184-0989.fits 
On File: spec-3588-55184-0990.fits 
On File: spec-3588-55184-0991.fits 
On File: spec-3588-55184-0992.fits 
On File: spec-3588-55184-0993.fits 
On File: spec-3588-55184-0994.fits 
On File: spec-3588-55184-0995.fits 
On File: spec-3588-55184-0996.fits 
On File: spec-3588-55184-0997.fits 
On File: spec-3588-55184-0998.fits 
On File: spec-3588-55184-0999.fits 
On File: spec-3588-55184-1000.fits 
[1] "Job Complete!"
