Unpacking R413.tar.gz ...
Unpacking packages_FITSio.tar.gz ...
Unpacking current *.tgz file
[1] "Initializing Console ..."
[1] "Inputing command line prompts ..."
[1] "Loading package FITSio."
[1] "Reading cB58_Lyman_break.fit ..."
[1] "Starting main process ..."
On File: spec-3682-55244-0001.fits 
On File: spec-3682-55244-0002.fits 
On File: spec-3682-55244-0003.fits 
On File: spec-3682-55244-0004.fits 
On File: spec-3682-55244-0005.fits 
On File: spec-3682-55244-0006.fits 
On File: spec-3682-55244-0007.fits 
On File: spec-3682-55244-0008.fits 
On File: spec-3682-55244-0009.fits 
On File: spec-3682-55244-0010.fits 
On File: spec-3682-55244-0011.fits 
On File: spec-3682-55244-0012.fits 
On File: spec-3682-55244-0013.fits 
On File: spec-3682-55244-0014.fits 
On File: spec-3682-55244-0015.fits 
On File: spec-3682-55244-0016.fits 
On File: spec-3682-55244-0017.fits 
On File: spec-3682-55244-0018.fits 
On File: spec-3682-55244-0019.fits 
On File: spec-3682-55244-0020.fits 
On File: spec-3682-55244-0021.fits 
On File: spec-3682-55244-0022.fits 
On File: spec-3682-55244-0023.fits 
On File: spec-3682-55244-0024.fits 
On File: spec-3682-55244-0025.fits 
On File: spec-3682-55244-0026.fits 
On File: spec-3682-55244-0027.fits 
On File: spec-3682-55244-0028.fits 
On File: spec-3682-55244-0029.fits 
On File: spec-3682-55244-0030.fits 
On File: spec-3682-55244-0031.fits 
On File: spec-3682-55244-0032.fits 
On File: spec-3682-55244-0033.fits 
On File: spec-3682-55244-0034.fits 
On File: spec-3682-55244-0035.fits 
On File: spec-3682-55244-0036.fits 
On File: spec-3682-55244-0037.fits 
On File: spec-3682-55244-0038.fits 
On File: spec-3682-55244-0039.fits 
On File: spec-3682-55244-0040.fits 
On File: spec-3682-55244-0041.fits 
On File: spec-3682-55244-0042.fits 
On File: spec-3682-55244-0043.fits 
On File: spec-3682-55244-0044.fits 
On File: spec-3682-55244-0045.fits 
On File: spec-3682-55244-0046.fits 
On File: spec-3682-55244-0047.fits 
On File: spec-3682-55244-0048.fits 
On File: spec-3682-55244-0049.fits 
On File: spec-3682-55244-0050.fits 
On File: spec-3682-55244-0051.fits 
On File: spec-3682-55244-0052.fits 
On File: spec-3682-55244-0053.fits 
On File: spec-3682-55244-0054.fits 
On File: spec-3682-55244-0055.fits 
On File: spec-3682-55244-0056.fits 
On File: spec-3682-55244-0057.fits 
On File: spec-3682-55244-0058.fits 
On File: spec-3682-55244-0059.fits 
On File: spec-3682-55244-0060.fits 
On File: spec-3682-55244-0061.fits 
On File: spec-3682-55244-0062.fits 
On File: spec-3682-55244-0063.fits 
On File: spec-3682-55244-0064.fits 
On File: spec-3682-55244-0065.fits 
On File: spec-3682-55244-0066.fits 
On File: spec-3682-55244-0067.fits 
On File: spec-3682-55244-0068.fits 
On File: spec-3682-55244-0069.fits 
On File: spec-3682-55244-0070.fits 
On File: spec-3682-55244-0071.fits 
On File: spec-3682-55244-0072.fits 
On File: spec-3682-55244-0073.fits 
On File: spec-3682-55244-0074.fits 
On File: spec-3682-55244-0075.fits 
On File: spec-3682-55244-0076.fits 
On File: spec-3682-55244-0077.fits 
On File: spec-3682-55244-0078.fits 
On File: spec-3682-55244-0079.fits 
On File: spec-3682-55244-0080.fits 
On File: spec-3682-55244-0081.fits 
On File: spec-3682-55244-0082.fits 
On File: spec-3682-55244-0083.fits 
On File: spec-3682-55244-0084.fits 
On File: spec-3682-55244-0085.fits 
On File: spec-3682-55244-0086.fits 
On File: spec-3682-55244-0087.fits 
On File: spec-3682-55244-0088.fits 
On File: spec-3682-55244-0089.fits 
On File: spec-3682-55244-0090.fits 
On File: spec-3682-55244-0091.fits 
On File: spec-3682-55244-0092.fits 
On File: spec-3682-55244-0093.fits 
On File: spec-3682-55244-0094.fits 
On File: spec-3682-55244-0095.fits 
On File: spec-3682-55244-0096.fits 
On File: spec-3682-55244-0097.fits 
On File: spec-3682-55244-0098.fits 
On File: spec-3682-55244-0099.fits 
On File: spec-3682-55244-0100.fits 
On File: spec-3682-55244-0101.fits 
On File: spec-3682-55244-0102.fits 
On File: spec-3682-55244-0103.fits 
On File: spec-3682-55244-0104.fits 
On File: spec-3682-55244-0105.fits 
On File: spec-3682-55244-0106.fits 
On File: spec-3682-55244-0107.fits 
On File: spec-3682-55244-0108.fits 
On File: spec-3682-55244-0109.fits 
On File: spec-3682-55244-0110.fits 
On File: spec-3682-55244-0111.fits 
On File: spec-3682-55244-0112.fits 
On File: spec-3682-55244-0113.fits 
On File: spec-3682-55244-0114.fits 
On File: spec-3682-55244-0115.fits 
On File: spec-3682-55244-0116.fits 
On File: spec-3682-55244-0117.fits 
On File: spec-3682-55244-0118.fits 
On File: spec-3682-55244-0119.fits 
On File: spec-3682-55244-0120.fits 
On File: spec-3682-55244-0121.fits 
On File: spec-3682-55244-0122.fits 
On File: spec-3682-55244-0123.fits 
On File: spec-3682-55244-0124.fits 
On File: spec-3682-55244-0125.fits 
On File: spec-3682-55244-0126.fits 
On File: spec-3682-55244-0127.fits 
On File: spec-3682-55244-0128.fits 
On File: spec-3682-55244-0129.fits 
On File: spec-3682-55244-0130.fits 
On File: spec-3682-55244-0131.fits 
On File: spec-3682-55244-0132.fits 
On File: spec-3682-55244-0133.fits 
On File: spec-3682-55244-0134.fits 
On File: spec-3682-55244-0135.fits 
On File: spec-3682-55244-0136.fits 
On File: spec-3682-55244-0137.fits 
On File: spec-3682-55244-0138.fits 
On File: spec-3682-55244-0139.fits 
On File: spec-3682-55244-0140.fits 
On File: spec-3682-55244-0141.fits 
On File: spec-3682-55244-0142.fits 
On File: spec-3682-55244-0143.fits 
On File: spec-3682-55244-0144.fits 
On File: spec-3682-55244-0145.fits 
On File: spec-3682-55244-0146.fits 
On File: spec-3682-55244-0147.fits 
On File: spec-3682-55244-0148.fits 
On File: spec-3682-55244-0149.fits 
On File: spec-3682-55244-0150.fits 
On File: spec-3682-55244-0151.fits 
On File: spec-3682-55244-0152.fits 
On File: spec-3682-55244-0153.fits 
On File: spec-3682-55244-0154.fits 
On File: spec-3682-55244-0155.fits 
On File: spec-3682-55244-0156.fits 
On File: spec-3682-55244-0157.fits 
On File: spec-3682-55244-0158.fits 
On File: spec-3682-55244-0159.fits 
On File: spec-3682-55244-0160.fits 
On File: spec-3682-55244-0161.fits 
On File: spec-3682-55244-0162.fits 
On File: spec-3682-55244-0163.fits 
On File: spec-3682-55244-0164.fits 
On File: spec-3682-55244-0165.fits 
On File: spec-3682-55244-0166.fits 
On File: spec-3682-55244-0167.fits 
On File: spec-3682-55244-0168.fits 
On File: spec-3682-55244-0169.fits 
On File: spec-3682-55244-0170.fits 
On File: spec-3682-55244-0171.fits 
On File: spec-3682-55244-0172.fits 
On File: spec-3682-55244-0173.fits 
On File: spec-3682-55244-0174.fits 
On File: spec-3682-55244-0175.fits 
On File: spec-3682-55244-0176.fits 
On File: spec-3682-55244-0177.fits 
On File: spec-3682-55244-0178.fits 
On File: spec-3682-55244-0179.fits 
On File: spec-3682-55244-0180.fits 
On File: spec-3682-55244-0181.fits 
On File: spec-3682-55244-0182.fits 
On File: spec-3682-55244-0183.fits 
On File: spec-3682-55244-0184.fits 
On File: spec-3682-55244-0185.fits 
On File: spec-3682-55244-0186.fits 
On File: spec-3682-55244-0187.fits 
On File: spec-3682-55244-0188.fits 
On File: spec-3682-55244-0189.fits 
On File: spec-3682-55244-0190.fits 
On File: spec-3682-55244-0191.fits 
On File: spec-3682-55244-0192.fits 
On File: spec-3682-55244-0193.fits 
On File: spec-3682-55244-0194.fits 
On File: spec-3682-55244-0195.fits 
On File: spec-3682-55244-0196.fits 
On File: spec-3682-55244-0197.fits 
On File: spec-3682-55244-0198.fits 
On File: spec-3682-55244-0199.fits 
On File: spec-3682-55244-0200.fits 
On File: spec-3682-55244-0201.fits 
On File: spec-3682-55244-0202.fits 
On File: spec-3682-55244-0203.fits 
On File: spec-3682-55244-0204.fits 
On File: spec-3682-55244-0205.fits 
On File: spec-3682-55244-0206.fits 
On File: spec-3682-55244-0207.fits 
On File: spec-3682-55244-0208.fits 
On File: spec-3682-55244-0209.fits 
On File: spec-3682-55244-0210.fits 
On File: spec-3682-55244-0211.fits 
On File: spec-3682-55244-0212.fits 
On File: spec-3682-55244-0213.fits 
On File: spec-3682-55244-0214.fits 
On File: spec-3682-55244-0215.fits 
On File: spec-3682-55244-0216.fits 
On File: spec-3682-55244-0217.fits 
On File: spec-3682-55244-0218.fits 
On File: spec-3682-55244-0219.fits 
On File: spec-3682-55244-0220.fits 
On File: spec-3682-55244-0221.fits 
On File: spec-3682-55244-0222.fits 
On File: spec-3682-55244-0223.fits 
On File: spec-3682-55244-0224.fits 
On File: spec-3682-55244-0225.fits 
On File: spec-3682-55244-0226.fits 
On File: spec-3682-55244-0227.fits 
On File: spec-3682-55244-0228.fits 
On File: spec-3682-55244-0229.fits 
On File: spec-3682-55244-0230.fits 
On File: spec-3682-55244-0231.fits 
On File: spec-3682-55244-0232.fits 
On File: spec-3682-55244-0233.fits 
On File: spec-3682-55244-0234.fits 
On File: spec-3682-55244-0235.fits 
On File: spec-3682-55244-0236.fits 
On File: spec-3682-55244-0237.fits 
On File: spec-3682-55244-0238.fits 
On File: spec-3682-55244-0239.fits 
On File: spec-3682-55244-0240.fits 
On File: spec-3682-55244-0241.fits 
On File: spec-3682-55244-0242.fits 
On File: spec-3682-55244-0243.fits 
On File: spec-3682-55244-0244.fits 
On File: spec-3682-55244-0245.fits 
On File: spec-3682-55244-0246.fits 
On File: spec-3682-55244-0247.fits 
On File: spec-3682-55244-0248.fits 
On File: spec-3682-55244-0249.fits 
On File: spec-3682-55244-0250.fits 
On File: spec-3682-55244-0251.fits 
On File: spec-3682-55244-0252.fits 
On File: spec-3682-55244-0253.fits 
On File: spec-3682-55244-0254.fits 
On File: spec-3682-55244-0255.fits 
On File: spec-3682-55244-0256.fits 
On File: spec-3682-55244-0257.fits 
On File: spec-3682-55244-0258.fits 
On File: spec-3682-55244-0259.fits 
On File: spec-3682-55244-0260.fits 
On File: spec-3682-55244-0261.fits 
On File: spec-3682-55244-0262.fits 
On File: spec-3682-55244-0263.fits 
On File: spec-3682-55244-0264.fits 
On File: spec-3682-55244-0265.fits 
On File: spec-3682-55244-0266.fits 
On File: spec-3682-55244-0267.fits 
On File: spec-3682-55244-0268.fits 
On File: spec-3682-55244-0269.fits 
On File: spec-3682-55244-0270.fits 
On File: spec-3682-55244-0271.fits 
On File: spec-3682-55244-0272.fits 
On File: spec-3682-55244-0273.fits 
On File: spec-3682-55244-0274.fits 
On File: spec-3682-55244-0275.fits 
On File: spec-3682-55244-0276.fits 
On File: spec-3682-55244-0277.fits 
On File: spec-3682-55244-0278.fits 
On File: spec-3682-55244-0279.fits 
On File: spec-3682-55244-0280.fits 
On File: spec-3682-55244-0281.fits 
On File: spec-3682-55244-0282.fits 
On File: spec-3682-55244-0283.fits 
On File: spec-3682-55244-0284.fits 
On File: spec-3682-55244-0285.fits 
On File: spec-3682-55244-0286.fits 
On File: spec-3682-55244-0287.fits 
On File: spec-3682-55244-0288.fits 
On File: spec-3682-55244-0289.fits 
On File: spec-3682-55244-0290.fits 
On File: spec-3682-55244-0291.fits 
On File: spec-3682-55244-0292.fits 
On File: spec-3682-55244-0293.fits 
On File: spec-3682-55244-0294.fits 
On File: spec-3682-55244-0295.fits 
On File: spec-3682-55244-0296.fits 
On File: spec-3682-55244-0297.fits 
On File: spec-3682-55244-0298.fits 
On File: spec-3682-55244-0299.fits 
On File: spec-3682-55244-0300.fits 
On File: spec-3682-55244-0301.fits 
On File: spec-3682-55244-0302.fits 
On File: spec-3682-55244-0303.fits 
On File: spec-3682-55244-0304.fits 
On File: spec-3682-55244-0305.fits 
On File: spec-3682-55244-0306.fits 
On File: spec-3682-55244-0307.fits 
On File: spec-3682-55244-0308.fits 
On File: spec-3682-55244-0309.fits 
On File: spec-3682-55244-0310.fits 
On File: spec-3682-55244-0311.fits 
On File: spec-3682-55244-0312.fits 
On File: spec-3682-55244-0313.fits 
On File: spec-3682-55244-0314.fits 
On File: spec-3682-55244-0315.fits 
On File: spec-3682-55244-0316.fits 
On File: spec-3682-55244-0317.fits 
On File: spec-3682-55244-0318.fits 
On File: spec-3682-55244-0319.fits 
On File: spec-3682-55244-0320.fits 
On File: spec-3682-55244-0321.fits 
On File: spec-3682-55244-0322.fits 
On File: spec-3682-55244-0323.fits 
On File: spec-3682-55244-0324.fits 
On File: spec-3682-55244-0325.fits 
On File: spec-3682-55244-0326.fits 
On File: spec-3682-55244-0327.fits 
On File: spec-3682-55244-0328.fits 
On File: spec-3682-55244-0329.fits 
On File: spec-3682-55244-0330.fits 
On File: spec-3682-55244-0331.fits 
On File: spec-3682-55244-0332.fits 
On File: spec-3682-55244-0333.fits 
On File: spec-3682-55244-0334.fits 
On File: spec-3682-55244-0335.fits 
On File: spec-3682-55244-0336.fits 
On File: spec-3682-55244-0337.fits 
On File: spec-3682-55244-0338.fits 
On File: spec-3682-55244-0339.fits 
On File: spec-3682-55244-0340.fits 
On File: spec-3682-55244-0341.fits 
On File: spec-3682-55244-0342.fits 
On File: spec-3682-55244-0343.fits 
On File: spec-3682-55244-0344.fits 
On File: spec-3682-55244-0345.fits 
On File: spec-3682-55244-0346.fits 
On File: spec-3682-55244-0347.fits 
On File: spec-3682-55244-0348.fits 
On File: spec-3682-55244-0349.fits 
On File: spec-3682-55244-0350.fits 
On File: spec-3682-55244-0351.fits 
On File: spec-3682-55244-0352.fits 
On File: spec-3682-55244-0353.fits 
On File: spec-3682-55244-0354.fits 
On File: spec-3682-55244-0355.fits 
On File: spec-3682-55244-0356.fits 
On File: spec-3682-55244-0357.fits 
On File: spec-3682-55244-0358.fits 
On File: spec-3682-55244-0359.fits 
On File: spec-3682-55244-0360.fits 
On File: spec-3682-55244-0361.fits 
On File: spec-3682-55244-0362.fits 
On File: spec-3682-55244-0363.fits 
On File: spec-3682-55244-0364.fits 
On File: spec-3682-55244-0365.fits 
On File: spec-3682-55244-0366.fits 
On File: spec-3682-55244-0367.fits 
On File: spec-3682-55244-0368.fits 
On File: spec-3682-55244-0369.fits 
On File: spec-3682-55244-0370.fits 
On File: spec-3682-55244-0371.fits 
On File: spec-3682-55244-0372.fits 
On File: spec-3682-55244-0373.fits 
On File: spec-3682-55244-0374.fits 
On File: spec-3682-55244-0375.fits 
On File: spec-3682-55244-0376.fits 
On File: spec-3682-55244-0377.fits 
On File: spec-3682-55244-0378.fits 
On File: spec-3682-55244-0379.fits 
On File: spec-3682-55244-0380.fits 
On File: spec-3682-55244-0381.fits 
On File: spec-3682-55244-0382.fits 
On File: spec-3682-55244-0383.fits 
On File: spec-3682-55244-0384.fits 
On File: spec-3682-55244-0385.fits 
On File: spec-3682-55244-0386.fits 
On File: spec-3682-55244-0387.fits 
On File: spec-3682-55244-0388.fits 
On File: spec-3682-55244-0389.fits 
On File: spec-3682-55244-0390.fits 
On File: spec-3682-55244-0391.fits 
On File: spec-3682-55244-0392.fits 
On File: spec-3682-55244-0393.fits 
On File: spec-3682-55244-0394.fits 
On File: spec-3682-55244-0395.fits 
On File: spec-3682-55244-0396.fits 
On File: spec-3682-55244-0397.fits 
On File: spec-3682-55244-0398.fits 
On File: spec-3682-55244-0399.fits 
On File: spec-3682-55244-0400.fits 
On File: spec-3682-55244-0401.fits 
On File: spec-3682-55244-0402.fits 
On File: spec-3682-55244-0403.fits 
On File: spec-3682-55244-0404.fits 
On File: spec-3682-55244-0405.fits 
On File: spec-3682-55244-0406.fits 
On File: spec-3682-55244-0407.fits 
On File: spec-3682-55244-0408.fits 
On File: spec-3682-55244-0409.fits 
On File: spec-3682-55244-0410.fits 
On File: spec-3682-55244-0411.fits 
On File: spec-3682-55244-0412.fits 
On File: spec-3682-55244-0413.fits 
On File: spec-3682-55244-0414.fits 
On File: spec-3682-55244-0415.fits 
On File: spec-3682-55244-0416.fits 
On File: spec-3682-55244-0417.fits 
On File: spec-3682-55244-0418.fits 
On File: spec-3682-55244-0419.fits 
On File: spec-3682-55244-0420.fits 
On File: spec-3682-55244-0421.fits 
On File: spec-3682-55244-0422.fits 
On File: spec-3682-55244-0423.fits 
On File: spec-3682-55244-0424.fits 
On File: spec-3682-55244-0425.fits 
On File: spec-3682-55244-0426.fits 
On File: spec-3682-55244-0427.fits 
On File: spec-3682-55244-0428.fits 
On File: spec-3682-55244-0429.fits 
On File: spec-3682-55244-0430.fits 
On File: spec-3682-55244-0431.fits 
On File: spec-3682-55244-0432.fits 
On File: spec-3682-55244-0433.fits 
On File: spec-3682-55244-0434.fits 
On File: spec-3682-55244-0435.fits 
On File: spec-3682-55244-0436.fits 
On File: spec-3682-55244-0437.fits 
On File: spec-3682-55244-0438.fits 
On File: spec-3682-55244-0439.fits 
On File: spec-3682-55244-0440.fits 
On File: spec-3682-55244-0441.fits 
On File: spec-3682-55244-0442.fits 
On File: spec-3682-55244-0443.fits 
On File: spec-3682-55244-0444.fits 
On File: spec-3682-55244-0445.fits 
On File: spec-3682-55244-0446.fits 
On File: spec-3682-55244-0447.fits 
On File: spec-3682-55244-0448.fits 
On File: spec-3682-55244-0449.fits 
On File: spec-3682-55244-0450.fits 
On File: spec-3682-55244-0451.fits 
On File: spec-3682-55244-0452.fits 
On File: spec-3682-55244-0453.fits 
On File: spec-3682-55244-0454.fits 
On File: spec-3682-55244-0455.fits 
On File: spec-3682-55244-0456.fits 
On File: spec-3682-55244-0457.fits 
On File: spec-3682-55244-0458.fits 
On File: spec-3682-55244-0459.fits 
On File: spec-3682-55244-0460.fits 
On File: spec-3682-55244-0461.fits 
On File: spec-3682-55244-0462.fits 
On File: spec-3682-55244-0463.fits 
On File: spec-3682-55244-0464.fits 
On File: spec-3682-55244-0465.fits 
On File: spec-3682-55244-0466.fits 
On File: spec-3682-55244-0467.fits 
On File: spec-3682-55244-0468.fits 
On File: spec-3682-55244-0469.fits 
On File: spec-3682-55244-0470.fits 
On File: spec-3682-55244-0471.fits 
On File: spec-3682-55244-0472.fits 
On File: spec-3682-55244-0473.fits 
On File: spec-3682-55244-0474.fits 
On File: spec-3682-55244-0475.fits 
On File: spec-3682-55244-0476.fits 
On File: spec-3682-55244-0477.fits 
On File: spec-3682-55244-0478.fits 
On File: spec-3682-55244-0479.fits 
On File: spec-3682-55244-0480.fits 
On File: spec-3682-55244-0481.fits 
On File: spec-3682-55244-0482.fits 
On File: spec-3682-55244-0483.fits 
On File: spec-3682-55244-0484.fits 
On File: spec-3682-55244-0485.fits 
On File: spec-3682-55244-0486.fits 
On File: spec-3682-55244-0487.fits 
On File: spec-3682-55244-0488.fits 
On File: spec-3682-55244-0489.fits 
On File: spec-3682-55244-0490.fits 
On File: spec-3682-55244-0491.fits 
On File: spec-3682-55244-0492.fits 
On File: spec-3682-55244-0493.fits 
On File: spec-3682-55244-0494.fits 
On File: spec-3682-55244-0495.fits 
On File: spec-3682-55244-0496.fits 
On File: spec-3682-55244-0497.fits 
On File: spec-3682-55244-0498.fits 
On File: spec-3682-55244-0499.fits 
On File: spec-3682-55244-0500.fits 
On File: spec-3682-55244-0501.fits 
On File: spec-3682-55244-0502.fits 
On File: spec-3682-55244-0503.fits 
On File: spec-3682-55244-0504.fits 
On File: spec-3682-55244-0505.fits 
On File: spec-3682-55244-0506.fits 
On File: spec-3682-55244-0507.fits 
On File: spec-3682-55244-0508.fits 
On File: spec-3682-55244-0509.fits 
On File: spec-3682-55244-0510.fits 
On File: spec-3682-55244-0511.fits 
On File: spec-3682-55244-0512.fits 
On File: spec-3682-55244-0513.fits 
On File: spec-3682-55244-0514.fits 
On File: spec-3682-55244-0515.fits 
On File: spec-3682-55244-0516.fits 
On File: spec-3682-55244-0517.fits 
On File: spec-3682-55244-0518.fits 
On File: spec-3682-55244-0519.fits 
On File: spec-3682-55244-0520.fits 
On File: spec-3682-55244-0521.fits 
On File: spec-3682-55244-0522.fits 
On File: spec-3682-55244-0523.fits 
On File: spec-3682-55244-0524.fits 
On File: spec-3682-55244-0525.fits 
On File: spec-3682-55244-0526.fits 
On File: spec-3682-55244-0527.fits 
On File: spec-3682-55244-0528.fits 
On File: spec-3682-55244-0529.fits 
On File: spec-3682-55244-0530.fits 
On File: spec-3682-55244-0531.fits 
On File: spec-3682-55244-0532.fits 
On File: spec-3682-55244-0533.fits 
On File: spec-3682-55244-0534.fits 
On File: spec-3682-55244-0535.fits 
On File: spec-3682-55244-0536.fits 
On File: spec-3682-55244-0537.fits 
On File: spec-3682-55244-0538.fits 
On File: spec-3682-55244-0539.fits 
On File: spec-3682-55244-0540.fits 
On File: spec-3682-55244-0541.fits 
On File: spec-3682-55244-0542.fits 
On File: spec-3682-55244-0543.fits 
On File: spec-3682-55244-0544.fits 
On File: spec-3682-55244-0545.fits 
On File: spec-3682-55244-0546.fits 
On File: spec-3682-55244-0547.fits 
On File: spec-3682-55244-0548.fits 
On File: spec-3682-55244-0549.fits 
On File: spec-3682-55244-0550.fits 
On File: spec-3682-55244-0551.fits 
On File: spec-3682-55244-0552.fits 
On File: spec-3682-55244-0553.fits 
On File: spec-3682-55244-0554.fits 
On File: spec-3682-55244-0555.fits 
On File: spec-3682-55244-0556.fits 
On File: spec-3682-55244-0557.fits 
On File: spec-3682-55244-0558.fits 
On File: spec-3682-55244-0559.fits 
On File: spec-3682-55244-0560.fits 
On File: spec-3682-55244-0561.fits 
On File: spec-3682-55244-0562.fits 
On File: spec-3682-55244-0563.fits 
On File: spec-3682-55244-0564.fits 
On File: spec-3682-55244-0565.fits 
On File: spec-3682-55244-0566.fits 
On File: spec-3682-55244-0567.fits 
On File: spec-3682-55244-0568.fits 
On File: spec-3682-55244-0569.fits 
On File: spec-3682-55244-0570.fits 
On File: spec-3682-55244-0571.fits 
On File: spec-3682-55244-0572.fits 
On File: spec-3682-55244-0573.fits 
On File: spec-3682-55244-0574.fits 
On File: spec-3682-55244-0575.fits 
On File: spec-3682-55244-0576.fits 
On File: spec-3682-55244-0577.fits 
On File: spec-3682-55244-0578.fits 
On File: spec-3682-55244-0579.fits 
On File: spec-3682-55244-0580.fits 
On File: spec-3682-55244-0581.fits 
On File: spec-3682-55244-0582.fits 
On File: spec-3682-55244-0583.fits 
On File: spec-3682-55244-0584.fits 
On File: spec-3682-55244-0585.fits 
On File: spec-3682-55244-0586.fits 
On File: spec-3682-55244-0587.fits 
On File: spec-3682-55244-0588.fits 
On File: spec-3682-55244-0589.fits 
On File: spec-3682-55244-0590.fits 
On File: spec-3682-55244-0591.fits 
On File: spec-3682-55244-0592.fits 
On File: spec-3682-55244-0593.fits 
On File: spec-3682-55244-0594.fits 
On File: spec-3682-55244-0595.fits 
On File: spec-3682-55244-0596.fits 
On File: spec-3682-55244-0597.fits 
On File: spec-3682-55244-0598.fits 
On File: spec-3682-55244-0599.fits 
On File: spec-3682-55244-0600.fits 
On File: spec-3682-55244-0601.fits 
On File: spec-3682-55244-0602.fits 
On File: spec-3682-55244-0603.fits 
On File: spec-3682-55244-0604.fits 
On File: spec-3682-55244-0605.fits 
On File: spec-3682-55244-0606.fits 
On File: spec-3682-55244-0607.fits 
On File: spec-3682-55244-0608.fits 
On File: spec-3682-55244-0609.fits 
On File: spec-3682-55244-0610.fits 
On File: spec-3682-55244-0611.fits 
On File: spec-3682-55244-0612.fits 
On File: spec-3682-55244-0613.fits 
On File: spec-3682-55244-0614.fits 
On File: spec-3682-55244-0615.fits 
On File: spec-3682-55244-0616.fits 
On File: spec-3682-55244-0617.fits 
On File: spec-3682-55244-0618.fits 
On File: spec-3682-55244-0619.fits 
On File: spec-3682-55244-0620.fits 
On File: spec-3682-55244-0621.fits 
On File: spec-3682-55244-0622.fits 
On File: spec-3682-55244-0623.fits 
On File: spec-3682-55244-0624.fits 
On File: spec-3682-55244-0625.fits 
On File: spec-3682-55244-0626.fits 
On File: spec-3682-55244-0627.fits 
On File: spec-3682-55244-0628.fits 
On File: spec-3682-55244-0629.fits 
On File: spec-3682-55244-0630.fits 
On File: spec-3682-55244-0631.fits 
On File: spec-3682-55244-0632.fits 
On File: spec-3682-55244-0633.fits 
On File: spec-3682-55244-0634.fits 
On File: spec-3682-55244-0635.fits 
On File: spec-3682-55244-0636.fits 
On File: spec-3682-55244-0637.fits 
On File: spec-3682-55244-0638.fits 
On File: spec-3682-55244-0639.fits 
On File: spec-3682-55244-0640.fits 
On File: spec-3682-55244-0641.fits 
On File: spec-3682-55244-0642.fits 
On File: spec-3682-55244-0643.fits 
On File: spec-3682-55244-0644.fits 
On File: spec-3682-55244-0645.fits 
On File: spec-3682-55244-0646.fits 
On File: spec-3682-55244-0647.fits 
On File: spec-3682-55244-0648.fits 
On File: spec-3682-55244-0649.fits 
On File: spec-3682-55244-0650.fits 
On File: spec-3682-55244-0651.fits 
On File: spec-3682-55244-0652.fits 
On File: spec-3682-55244-0653.fits 
On File: spec-3682-55244-0654.fits 
On File: spec-3682-55244-0655.fits 
On File: spec-3682-55244-0656.fits 
On File: spec-3682-55244-0657.fits 
On File: spec-3682-55244-0658.fits 
On File: spec-3682-55244-0659.fits 
On File: spec-3682-55244-0660.fits 
On File: spec-3682-55244-0661.fits 
On File: spec-3682-55244-0662.fits 
On File: spec-3682-55244-0663.fits 
On File: spec-3682-55244-0664.fits 
On File: spec-3682-55244-0665.fits 
On File: spec-3682-55244-0666.fits 
On File: spec-3682-55244-0667.fits 
On File: spec-3682-55244-0668.fits 
On File: spec-3682-55244-0669.fits 
On File: spec-3682-55244-0670.fits 
On File: spec-3682-55244-0671.fits 
On File: spec-3682-55244-0672.fits 
On File: spec-3682-55244-0673.fits 
On File: spec-3682-55244-0674.fits 
On File: spec-3682-55244-0675.fits 
On File: spec-3682-55244-0676.fits 
On File: spec-3682-55244-0677.fits 
On File: spec-3682-55244-0678.fits 
On File: spec-3682-55244-0679.fits 
On File: spec-3682-55244-0680.fits 
On File: spec-3682-55244-0681.fits 
On File: spec-3682-55244-0682.fits 
On File: spec-3682-55244-0683.fits 
On File: spec-3682-55244-0684.fits 
On File: spec-3682-55244-0685.fits 
On File: spec-3682-55244-0686.fits 
On File: spec-3682-55244-0687.fits 
On File: spec-3682-55244-0688.fits 
On File: spec-3682-55244-0689.fits 
On File: spec-3682-55244-0690.fits 
On File: spec-3682-55244-0691.fits 
On File: spec-3682-55244-0692.fits 
On File: spec-3682-55244-0693.fits 
On File: spec-3682-55244-0694.fits 
On File: spec-3682-55244-0695.fits 
On File: spec-3682-55244-0696.fits 
On File: spec-3682-55244-0697.fits 
On File: spec-3682-55244-0698.fits 
On File: spec-3682-55244-0699.fits 
On File: spec-3682-55244-0700.fits 
On File: spec-3682-55244-0701.fits 
On File: spec-3682-55244-0702.fits 
On File: spec-3682-55244-0703.fits 
On File: spec-3682-55244-0704.fits 
On File: spec-3682-55244-0705.fits 
On File: spec-3682-55244-0706.fits 
On File: spec-3682-55244-0707.fits 
On File: spec-3682-55244-0708.fits 
On File: spec-3682-55244-0709.fits 
On File: spec-3682-55244-0710.fits 
On File: spec-3682-55244-0711.fits 
On File: spec-3682-55244-0712.fits 
On File: spec-3682-55244-0713.fits 
On File: spec-3682-55244-0714.fits 
On File: spec-3682-55244-0715.fits 
On File: spec-3682-55244-0716.fits 
On File: spec-3682-55244-0717.fits 
On File: spec-3682-55244-0718.fits 
On File: spec-3682-55244-0719.fits 
On File: spec-3682-55244-0720.fits 
On File: spec-3682-55244-0721.fits 
On File: spec-3682-55244-0722.fits 
On File: spec-3682-55244-0723.fits 
On File: spec-3682-55244-0724.fits 
On File: spec-3682-55244-0725.fits 
On File: spec-3682-55244-0726.fits 
On File: spec-3682-55244-0727.fits 
On File: spec-3682-55244-0728.fits 
On File: spec-3682-55244-0729.fits 
On File: spec-3682-55244-0730.fits 
On File: spec-3682-55244-0731.fits 
On File: spec-3682-55244-0732.fits 
On File: spec-3682-55244-0733.fits 
On File: spec-3682-55244-0734.fits 
On File: spec-3682-55244-0735.fits 
On File: spec-3682-55244-0736.fits 
On File: spec-3682-55244-0737.fits 
On File: spec-3682-55244-0738.fits 
On File: spec-3682-55244-0739.fits 
On File: spec-3682-55244-0740.fits 
On File: spec-3682-55244-0741.fits 
On File: spec-3682-55244-0742.fits 
On File: spec-3682-55244-0743.fits 
On File: spec-3682-55244-0744.fits 
On File: spec-3682-55244-0745.fits 
On File: spec-3682-55244-0746.fits 
On File: spec-3682-55244-0747.fits 
On File: spec-3682-55244-0748.fits 
On File: spec-3682-55244-0749.fits 
On File: spec-3682-55244-0750.fits 
On File: spec-3682-55244-0751.fits 
On File: spec-3682-55244-0752.fits 
On File: spec-3682-55244-0753.fits 
On File: spec-3682-55244-0754.fits 
On File: spec-3682-55244-0755.fits 
On File: spec-3682-55244-0756.fits 
On File: spec-3682-55244-0757.fits 
On File: spec-3682-55244-0758.fits 
On File: spec-3682-55244-0759.fits 
On File: spec-3682-55244-0760.fits 
On File: spec-3682-55244-0761.fits 
On File: spec-3682-55244-0762.fits 
On File: spec-3682-55244-0763.fits 
On File: spec-3682-55244-0764.fits 
On File: spec-3682-55244-0765.fits 
On File: spec-3682-55244-0766.fits 
On File: spec-3682-55244-0767.fits 
On File: spec-3682-55244-0768.fits 
On File: spec-3682-55244-0769.fits 
On File: spec-3682-55244-0770.fits 
On File: spec-3682-55244-0771.fits 
On File: spec-3682-55244-0772.fits 
On File: spec-3682-55244-0773.fits 
On File: spec-3682-55244-0774.fits 
On File: spec-3682-55244-0775.fits 
On File: spec-3682-55244-0776.fits 
On File: spec-3682-55244-0777.fits 
On File: spec-3682-55244-0778.fits 
On File: spec-3682-55244-0779.fits 
On File: spec-3682-55244-0780.fits 
On File: spec-3682-55244-0781.fits 
On File: spec-3682-55244-0782.fits 
On File: spec-3682-55244-0783.fits 
On File: spec-3682-55244-0784.fits 
On File: spec-3682-55244-0785.fits 
On File: spec-3682-55244-0786.fits 
On File: spec-3682-55244-0787.fits 
On File: spec-3682-55244-0788.fits 
On File: spec-3682-55244-0789.fits 
On File: spec-3682-55244-0790.fits 
On File: spec-3682-55244-0791.fits 
On File: spec-3682-55244-0792.fits 
On File: spec-3682-55244-0793.fits 
On File: spec-3682-55244-0794.fits 
On File: spec-3682-55244-0795.fits 
On File: spec-3682-55244-0796.fits 
On File: spec-3682-55244-0797.fits 
On File: spec-3682-55244-0798.fits 
On File: spec-3682-55244-0799.fits 
On File: spec-3682-55244-0800.fits 
On File: spec-3682-55244-0801.fits 
On File: spec-3682-55244-0802.fits 
On File: spec-3682-55244-0803.fits 
On File: spec-3682-55244-0804.fits 
On File: spec-3682-55244-0805.fits 
On File: spec-3682-55244-0806.fits 
On File: spec-3682-55244-0807.fits 
On File: spec-3682-55244-0808.fits 
On File: spec-3682-55244-0809.fits 
On File: spec-3682-55244-0810.fits 
On File: spec-3682-55244-0811.fits 
On File: spec-3682-55244-0812.fits 
On File: spec-3682-55244-0813.fits 
On File: spec-3682-55244-0814.fits 
On File: spec-3682-55244-0815.fits 
On File: spec-3682-55244-0816.fits 
On File: spec-3682-55244-0817.fits 
On File: spec-3682-55244-0818.fits 
On File: spec-3682-55244-0819.fits 
On File: spec-3682-55244-0820.fits 
On File: spec-3682-55244-0821.fits 
On File: spec-3682-55244-0822.fits 
On File: spec-3682-55244-0823.fits 
On File: spec-3682-55244-0824.fits 
On File: spec-3682-55244-0825.fits 
On File: spec-3682-55244-0826.fits 
On File: spec-3682-55244-0827.fits 
On File: spec-3682-55244-0828.fits 
On File: spec-3682-55244-0829.fits 
On File: spec-3682-55244-0830.fits 
On File: spec-3682-55244-0831.fits 
On File: spec-3682-55244-0832.fits 
On File: spec-3682-55244-0833.fits 
On File: spec-3682-55244-0834.fits 
On File: spec-3682-55244-0835.fits 
On File: spec-3682-55244-0836.fits 
On File: spec-3682-55244-0837.fits 
On File: spec-3682-55244-0838.fits 
On File: spec-3682-55244-0839.fits 
On File: spec-3682-55244-0840.fits 
On File: spec-3682-55244-0841.fits 
On File: spec-3682-55244-0842.fits 
On File: spec-3682-55244-0843.fits 
On File: spec-3682-55244-0844.fits 
On File: spec-3682-55244-0845.fits 
On File: spec-3682-55244-0846.fits 
On File: spec-3682-55244-0847.fits 
On File: spec-3682-55244-0848.fits 
On File: spec-3682-55244-0849.fits 
On File: spec-3682-55244-0850.fits 
On File: spec-3682-55244-0851.fits 
On File: spec-3682-55244-0852.fits 
On File: spec-3682-55244-0853.fits 
On File: spec-3682-55244-0854.fits 
On File: spec-3682-55244-0855.fits 
On File: spec-3682-55244-0856.fits 
On File: spec-3682-55244-0857.fits 
On File: spec-3682-55244-0858.fits 
On File: spec-3682-55244-0859.fits 
On File: spec-3682-55244-0860.fits 
On File: spec-3682-55244-0861.fits 
On File: spec-3682-55244-0862.fits 
On File: spec-3682-55244-0863.fits 
On File: spec-3682-55244-0864.fits 
On File: spec-3682-55244-0865.fits 
On File: spec-3682-55244-0866.fits 
On File: spec-3682-55244-0867.fits 
On File: spec-3682-55244-0868.fits 
On File: spec-3682-55244-0869.fits 
On File: spec-3682-55244-0870.fits 
On File: spec-3682-55244-0871.fits 
On File: spec-3682-55244-0872.fits 
On File: spec-3682-55244-0873.fits 
On File: spec-3682-55244-0874.fits 
On File: spec-3682-55244-0875.fits 
On File: spec-3682-55244-0876.fits 
On File: spec-3682-55244-0877.fits 
On File: spec-3682-55244-0878.fits 
On File: spec-3682-55244-0879.fits 
On File: spec-3682-55244-0880.fits 
On File: spec-3682-55244-0881.fits 
On File: spec-3682-55244-0882.fits 
On File: spec-3682-55244-0883.fits 
On File: spec-3682-55244-0884.fits 
On File: spec-3682-55244-0885.fits 
On File: spec-3682-55244-0886.fits 
On File: spec-3682-55244-0887.fits 
On File: spec-3682-55244-0888.fits 
On File: spec-3682-55244-0889.fits 
On File: spec-3682-55244-0890.fits 
On File: spec-3682-55244-0891.fits 
On File: spec-3682-55244-0892.fits 
On File: spec-3682-55244-0893.fits 
On File: spec-3682-55244-0894.fits 
On File: spec-3682-55244-0895.fits 
On File: spec-3682-55244-0896.fits 
On File: spec-3682-55244-0897.fits 
On File: spec-3682-55244-0898.fits 
On File: spec-3682-55244-0899.fits 
On File: spec-3682-55244-0900.fits 
On File: spec-3682-55244-0901.fits 
On File: spec-3682-55244-0902.fits 
On File: spec-3682-55244-0903.fits 
On File: spec-3682-55244-0904.fits 
On File: spec-3682-55244-0905.fits 
On File: spec-3682-55244-0906.fits 
On File: spec-3682-55244-0907.fits 
On File: spec-3682-55244-0908.fits 
On File: spec-3682-55244-0909.fits 
On File: spec-3682-55244-0910.fits 
On File: spec-3682-55244-0911.fits 
On File: spec-3682-55244-0912.fits 
On File: spec-3682-55244-0913.fits 
On File: spec-3682-55244-0914.fits 
On File: spec-3682-55244-0915.fits 
On File: spec-3682-55244-0916.fits 
On File: spec-3682-55244-0917.fits 
On File: spec-3682-55244-0918.fits 
On File: spec-3682-55244-0919.fits 
On File: spec-3682-55244-0920.fits 
On File: spec-3682-55244-0921.fits 
On File: spec-3682-55244-0922.fits 
On File: spec-3682-55244-0923.fits 
On File: spec-3682-55244-0924.fits 
On File: spec-3682-55244-0925.fits 
On File: spec-3682-55244-0926.fits 
On File: spec-3682-55244-0927.fits 
On File: spec-3682-55244-0928.fits 
On File: spec-3682-55244-0929.fits 
On File: spec-3682-55244-0930.fits 
On File: spec-3682-55244-0931.fits 
On File: spec-3682-55244-0932.fits 
On File: spec-3682-55244-0933.fits 
On File: spec-3682-55244-0934.fits 
On File: spec-3682-55244-0935.fits 
On File: spec-3682-55244-0936.fits 
On File: spec-3682-55244-0937.fits 
On File: spec-3682-55244-0938.fits 
On File: spec-3682-55244-0939.fits 
On File: spec-3682-55244-0940.fits 
On File: spec-3682-55244-0941.fits 
On File: spec-3682-55244-0942.fits 
On File: spec-3682-55244-0943.fits 
On File: spec-3682-55244-0944.fits 
On File: spec-3682-55244-0945.fits 
On File: spec-3682-55244-0946.fits 
On File: spec-3682-55244-0947.fits 
On File: spec-3682-55244-0948.fits 
On File: spec-3682-55244-0949.fits 
On File: spec-3682-55244-0950.fits 
On File: spec-3682-55244-0951.fits 
On File: spec-3682-55244-0952.fits 
On File: spec-3682-55244-0953.fits 
On File: spec-3682-55244-0954.fits 
On File: spec-3682-55244-0955.fits 
On File: spec-3682-55244-0956.fits 
On File: spec-3682-55244-0957.fits 
On File: spec-3682-55244-0958.fits 
On File: spec-3682-55244-0959.fits 
On File: spec-3682-55244-0960.fits 
On File: spec-3682-55244-0961.fits 
On File: spec-3682-55244-0962.fits 
On File: spec-3682-55244-0963.fits 
On File: spec-3682-55244-0964.fits 
On File: spec-3682-55244-0965.fits 
On File: spec-3682-55244-0966.fits 
On File: spec-3682-55244-0967.fits 
On File: spec-3682-55244-0968.fits 
On File: spec-3682-55244-0969.fits 
On File: spec-3682-55244-0970.fits 
On File: spec-3682-55244-0971.fits 
On File: spec-3682-55244-0972.fits 
On File: spec-3682-55244-0973.fits 
On File: spec-3682-55244-0974.fits 
On File: spec-3682-55244-0975.fits 
On File: spec-3682-55244-0976.fits 
On File: spec-3682-55244-0977.fits 
On File: spec-3682-55244-0978.fits 
On File: spec-3682-55244-0979.fits 
On File: spec-3682-55244-0980.fits 
On File: spec-3682-55244-0981.fits 
On File: spec-3682-55244-0982.fits 
On File: spec-3682-55244-0983.fits 
On File: spec-3682-55244-0984.fits 
On File: spec-3682-55244-0985.fits 
On File: spec-3682-55244-0986.fits 
On File: spec-3682-55244-0987.fits 
On File: spec-3682-55244-0988.fits 
On File: spec-3682-55244-0989.fits 
On File: spec-3682-55244-0990.fits 
On File: spec-3682-55244-0991.fits 
On File: spec-3682-55244-0992.fits 
On File: spec-3682-55244-0993.fits 
On File: spec-3682-55244-0994.fits 
On File: spec-3682-55244-0995.fits 
On File: spec-3682-55244-0996.fits 
On File: spec-3682-55244-0997.fits 
On File: spec-3682-55244-0998.fits 
On File: spec-3682-55244-0999.fits 
On File: spec-3682-55244-1000.fits 
[1] "Job Complete!"
